[2018-12-17T13:12:37-08:00]
rchar: 327516843
wchar: 222338078
syscr: 20679
syscw: 4882
read_bytes: 431819264
write_bytes: 222674944
cancelled_write_bytes: 0

[2018-12-17T13:12:40-08:00]
rchar: 752645464
wchar: 484349396
syscr: 72210
syscw: 27348
read_bytes: 962513408
write_bytes: 484958208
cancelled_write_bytes: 4096

[2018-12-17T13:12:43-08:00]
rchar: 1113606854
wchar: 622151106
syscr: 115989
syscw: 63123
read_bytes: 1467066880
write_bytes: 622772224
cancelled_write_bytes: 4096

[2018-12-17T13:12:46-08:00]
rchar: 1361579294
wchar: 1007978546
syscr: 145929
syscw: 65845
read_bytes: 1506023936
write_bytes: 1009266688
cancelled_write_bytes: 12288

[2018-12-17T13:12:49-08:00]
rchar: 1765592532
wchar: 1211426685
syscr: 194843
syscw: 77296
read_bytes: 1809910272
write_bytes: 1212968960
cancelled_write_bytes: 12288

[2018-12-17T13:12:52-08:00]
rchar: 2489346301
wchar: 1629199033
syscr: 282445
syscw: 95535
read_bytes: 2263964160
write_bytes: 1631305728
cancelled_write_bytes: 12288

[2018-12-17T13:12:55-08:00]
rchar: 2902883375
wchar: 1874493719
syscr: 332557
syscw: 105725
read_bytes: 2392254976
write_bytes: 1876951040
cancelled_write_bytes: 24576

[2018-12-17T13:12:58-08:00]
rchar: 3364986870
wchar: 2124764806
syscr: 388597
syscw: 128504
read_bytes: 2680666624
write_bytes: 2127523840
cancelled_write_bytes: 24576

[2018-12-17T13:13:01-08:00]
rchar: 5025961649
wchar: 2328203257
syscr: 589917
syscw: 180402
read_bytes: 3323812352
write_bytes: 2330992640
cancelled_write_bytes: 32768

[2018-12-17T13:13:04-08:00]
rchar: 5120656900
wchar: 2489817044
syscr: 601403
syscw: 183594
read_bytes: 3360819712
write_bytes: 2492899328
cancelled_write_bytes: 32768

[2018-12-17T13:13:07-08:00]
rchar: 5655978071
wchar: 2952750746
syscr: 666112
syscw: 185518
read_bytes: 3378268672
write_bytes: 2956632064
cancelled_write_bytes: 40960

[2018-12-17T13:13:10-08:00]
rchar: 5970397523
wchar: 3223564155
syscr: 704134
syscw: 186627
read_bytes: 3388517888
write_bytes: 3227873280
cancelled_write_bytes: 40960

[2018-12-17T13:13:13-08:00]
rchar: 6246933578
wchar: 3446362765
syscr: 737565
syscw: 188760
read_bytes: 3410992640
write_bytes: 3451019264
cancelled_write_bytes: 86016

[2018-12-17T13:13:17-08:00]
rchar: 7060897731
wchar: 3778472953
syscr: 836243
syscw: 217548
read_bytes: 3883716096
write_bytes: 3783458816
cancelled_write_bytes: 94208

[2018-12-17T13:13:20-08:00]
rchar: 7395489787
wchar: 4007987321
syscr: 876805
syscw: 230454
read_bytes: 4094017024
write_bytes: 4013293568
cancelled_write_bytes: 94208

[2018-12-17T13:13:23-08:00]
rchar: 8103209990
wchar: 4206608609
syscr: 962554
syscw: 249308
read_bytes: 4400197120
write_bytes: 4212142080
cancelled_write_bytes: 106496

[2018-12-17T13:13:26-08:00]
rchar: 8902239447
wchar: 4481340782
syscr: 1059422
syscw: 268389
read_bytes: 4702383616
write_bytes: 4487192576
cancelled_write_bytes: 106496

[2018-12-17T13:13:29-08:00]
rchar: 9398135079
wchar: 4609321062
syscr: 1119548
syscw: 282281
read_bytes: 4923272704
write_bytes: 4615282688
cancelled_write_bytes: 106496

[2018-12-17T13:13:32-08:00]
rchar: 9674111347
wchar: 4906281593
syscr: 1152927
syscw: 285834
read_bytes: 4971445760
write_bytes: 4912721920
cancelled_write_bytes: 122880

[2018-12-17T13:13:35-08:00]
rchar: 11500935577
wchar: 5268364050
syscr: 1374432
syscw: 324083
read_bytes: 5570395648
write_bytes: 5275119616
cancelled_write_bytes: 122880

[2018-12-17T13:13:38-08:00]
rchar: 12053302614
wchar: 5516295934
syscr: 1441402
syscw: 336018
read_bytes: 5754985984
write_bytes: 5523410944
cancelled_write_bytes: 122880

[2018-12-17T13:13:41-08:00]
rchar: 13642618134
wchar: 5787081781
syscr: 1634024
syscw: 362685
read_bytes: 6161296896
write_bytes: 5795201024
cancelled_write_bytes: 135168

[2018-12-17T13:13:44-08:00]
rchar: 14120919411
wchar: 6156201160
syscr: 1691979
syscw: 364826
read_bytes: 6181740032
write_bytes: 6164201472
cancelled_write_bytes: 135168

[2018-12-17T13:13:47-08:00]
rchar: 14706180839
wchar: 6645870963
syscr: 1762709
syscw: 366600
read_bytes: 6195920384
write_bytes: 6654689280
cancelled_write_bytes: 135168

[2018-12-17T13:13:50-08:00]
rchar: 15129036064
wchar: 6976987249
syscr: 1813860
syscw: 369697
read_bytes: 6226611712
write_bytes: 6986334208
cancelled_write_bytes: 135168

[2018-12-17T13:13:53-08:00]
rchar: 15582028750
wchar: 7137272823
syscr: 1868787
syscw: 386954
read_bytes: 6480694784
write_bytes: 7146762240
cancelled_write_bytes: 135168

[2018-12-17T13:13:56-08:00]
rchar: 16471774642
wchar: 7490445428
syscr: 1976594
syscw: 410510
read_bytes: 6824291840
write_bytes: 7500398592
cancelled_write_bytes: 143360

[2018-12-17T13:13:59-08:00]
rchar: 17396279670
wchar: 7720204144
syscr: 2088691
syscw: 435425
read_bytes: 7185227264
write_bytes: 7730368512
cancelled_write_bytes: 143360

[2018-12-17T13:14:02-08:00]
rchar: 18181427077
wchar: 8003848032
syscr: 2183821
syscw: 451905
read_bytes: 7421488640
write_bytes: 8014401536
cancelled_write_bytes: 155648

[2018-12-17T13:14:05-08:00]
rchar: 19703396588
wchar: 8357745559
syscr: 2368343
syscw: 483699
read_bytes: 7869554176
write_bytes: 8368680960
cancelled_write_bytes: 155648

[2018-12-17T13:14:08-08:00]
rchar: 20155151364
wchar: 8721716454
syscr: 2423053
syscw: 486535
read_bytes: 7902199296
write_bytes: 8733249536
cancelled_write_bytes: 163840

[2018-12-17T13:14:11-08:00]
rchar: 20681797781
wchar: 9145106634
syscr: 2486705
syscw: 488360
read_bytes: 7917624832
write_bytes: 9157341184
cancelled_write_bytes: 163840

[2018-12-17T13:14:14-08:00]
rchar: 21037170342
wchar: 9431565018
syscr: 2529677
syscw: 489545
read_bytes: 7927401984
write_bytes: 9444298752
cancelled_write_bytes: 163840

[2018-12-17T13:14:17-08:00]
rchar: 21357121693
wchar: 9679203286
syscr: 2568345
syscw: 491373
read_bytes: 7942827520
write_bytes: 9692364800
cancelled_write_bytes: 163840

[2018-12-17T13:14:20-08:00]
rchar: 21591477194
wchar: 9886384436
syscr: 2596742
syscw: 492977
read_bytes: 7956581888
write_bytes: 9899839488
cancelled_write_bytes: 163840

[2018-12-17T13:14:23-08:00]
rchar: 22043923456
wchar: 10066326022
syscr: 2651585
syscw: 508367
read_bytes: 8162442752
write_bytes: 10079965184
cancelled_write_bytes: 163840

[2018-12-17T13:14:26-08:00]
rchar: 22692675818
wchar: 10421677997
syscr: 2730192
syscw: 532639
read_bytes: 8488295936
write_bytes: 10435760128
cancelled_write_bytes: 163840

[2018-12-17T13:14:29-08:00]
rchar: 23846847713
wchar: 10720730004
syscr: 2870127
syscw: 561528
read_bytes: 8881044992
write_bytes: 10735104000
cancelled_write_bytes: 196608

[2018-12-17T13:14:32-08:00]
rchar: 24627373671
wchar: 11024329170
syscr: 2964756
syscw: 582702
read_bytes: 9156615680
write_bytes: 11039105024
cancelled_write_bytes: 196608

[2018-12-17T13:14:35-08:00]
rchar: 25914674548
wchar: 11271063466
syscr: 3120766
syscw: 608877
read_bytes: 9494175232
write_bytes: 11286093824
cancelled_write_bytes: 208896

[2018-12-17T13:14:38-08:00]
rchar: 26936557580
wchar: 11522059218
syscr: 3244671
syscw: 630108
read_bytes: 9758428672
write_bytes: 11537657856
cancelled_write_bytes: 208896

[2018-12-17T13:14:41-08:00]
rchar: 27698601176
wchar: 11699043388
syscr: 3336999
syscw: 642561
read_bytes: 9918909952
write_bytes: 11714584576
cancelled_write_bytes: 217088

[2018-12-17T13:14:44-08:00]
rchar: 29650307976
wchar: 11979374767
syscr: 3573628
syscw: 675299
read_bytes: 10330750464
write_bytes: 11995152384
cancelled_write_bytes: 217088

[2018-12-17T13:14:47-08:00]
rchar: 30112163890
wchar: 12423790930
syscr: 3629573
syscw: 677991
read_bytes: 10369994240
write_bytes: 12440358912
cancelled_write_bytes: 225280

[2018-12-17T13:14:50-08:00]
rchar: 30681786258
wchar: 12790639537
syscr: 3698396
syscw: 683678
read_bytes: 10511683072
write_bytes: 12807786496
cancelled_write_bytes: 225280

[2018-12-17T13:14:53-08:00]
rchar: 31219003697
wchar: 13079098753
syscr: 3763500
syscw: 692849
read_bytes: 10757594624
write_bytes: 13096632320
cancelled_write_bytes: 225280

[2018-12-17T13:14:56-08:00]
rchar: 31744634656
wchar: 13354094720
syscr: 3827211
syscw: 702087
read_bytes: 10992553472
write_bytes: 13372010496
cancelled_write_bytes: 225280

[2018-12-17T13:14:59-08:00]
rchar: 32488897506
wchar: 13742216457
syscr: 3917433
syscw: 715432
read_bytes: 11338055168
write_bytes: 13760925696
cancelled_write_bytes: 225280

[2018-12-17T13:15:02-08:00]
rchar: 33047940008
wchar: 14024050639
syscr: 3985204
syscw: 726065
read_bytes: 11598695936
write_bytes: 14042841088
cancelled_write_bytes: 225280

[2018-12-17T13:15:05-08:00]
rchar: 33385252156
wchar: 14288758717
syscr: 4026062
syscw: 731658
read_bytes: 11720220160
write_bytes: 14307979264
cancelled_write_bytes: 233472

[2018-12-17T13:15:08-08:00]
rchar: 34176314689
wchar: 14577108077
syscr: 4121956
syscw: 744725
read_bytes: 12001172992
write_bytes: 14596698112
cancelled_write_bytes: 233472

[2018-12-17T13:15:11-08:00]
rchar: 35095018009
wchar: 14824523461
syscr: 4233332
syscw: 762355
read_bytes: 12278824448
write_bytes: 14844399616
cancelled_write_bytes: 233472

[2018-12-17T13:15:14-08:00]
rchar: 35896752404
wchar: 15099522267
syscr: 4330468
syscw: 779083
read_bytes: 12469317120
write_bytes: 15119781888
cancelled_write_bytes: 241664

[2018-12-17T13:15:17-08:00]
rchar: 36508329536
wchar: 15446394687
syscr: 4404648
syscw: 784326
read_bytes: 12517875200
write_bytes: 15467192320
cancelled_write_bytes: 241664

[2018-12-17T13:15:20-08:00]
rchar: 36977585629
wchar: 15817930481
syscr: 4461398
syscw: 786122
read_bytes: 12529643008
write_bytes: 15839326208
cancelled_write_bytes: 241664

[2018-12-17T13:15:23-08:00]
rchar: 37357849073
wchar: 16118318206
syscr: 4507358
syscw: 787539
read_bytes: 12538871296
write_bytes: 16140218368
cancelled_write_bytes: 241664

[2018-12-17T13:15:26-08:00]
rchar: 37741788929
wchar: 16416235516
syscr: 4553780
syscw: 789057
read_bytes: 12549598720
write_bytes: 16438657024
cancelled_write_bytes: 241664

[2018-12-17T13:15:29-08:00]
rchar: 38482700310
wchar: 16650101771
syscr: 4643553
syscw: 810537
read_bytes: 12790226432
write_bytes: 16672788480
cancelled_write_bytes: 241664

[2018-12-17T13:15:32-08:00]
rchar: 39085504854
wchar: 16933378968
syscr: 4716584
syscw: 829341
read_bytes: 13001645568
write_bytes: 16956440576
cancelled_write_bytes: 249856

[2018-12-17T13:15:35-08:00]
rchar: 40847279225
wchar: 17289498976
syscr: 4930190
syscw: 870986
read_bytes: 13462003200
write_bytes: 17312866304
cancelled_write_bytes: 249856

[2018-12-17T13:15:38-08:00]
rchar: 41087335450
wchar: 17469511578
syscr: 4959228
syscw: 876663
read_bytes: 13524590080
write_bytes: 17493180416
cancelled_write_bytes: 262144

[2018-12-17T13:15:41-08:00]
rchar: 43603153757
wchar: 17912814483
syscr: 5264245
syscw: 921382
read_bytes: 14014979584
write_bytes: 17936883712
cancelled_write_bytes: 262144

[2018-12-17T13:15:44-08:00]
rchar: 43939134279
wchar: 18121907841
syscr: 5304986
syscw: 927661
read_bytes: 14084177408
write_bytes: 18146299904
cancelled_write_bytes: 262144

[2018-12-17T13:15:47-08:00]
rchar: 46444115801
wchar: 18435501258
syscr: 5608624
syscw: 965953
read_bytes: 14498307584
write_bytes: 18460147712
cancelled_write_bytes: 274432

[2018-12-17T13:15:50-08:00]
rchar: 47540738512
wchar: 18859016044
syscr: 5741521
syscw: 980500
read_bytes: 14651780608
write_bytes: 18884272128
cancelled_write_bytes: 282624

[2018-12-17T13:15:53-08:00]
rchar: 48135596685
wchar: 19331356903
syscr: 5813632
syscw: 982353
read_bytes: 14680624640
write_bytes: 19357380608
cancelled_write_bytes: 282624

[2018-12-17T13:15:56-08:00]
rchar: 48681962695
wchar: 19773438212
syscr: 5879857
syscw: 984056
read_bytes: 14708637184
write_bytes: 19800178688
cancelled_write_bytes: 282624

[2018-12-17T13:15:59-08:00]
rchar: 49049683389
wchar: 20067944829
syscr: 5924155
syscw: 985607
read_bytes: 14733901312
write_bytes: 20095135744
cancelled_write_bytes: 282624

[2018-12-17T13:16:02-08:00]
rchar: 49335244448
wchar: 20319782228
syscr: 5958753
syscw: 986865
read_bytes: 14753091072
write_bytes: 20347363328
cancelled_write_bytes: 282624

[2018-12-17T13:16:05-08:00]
rchar: 49624933620
wchar: 20570568661
syscr: 5993867
syscw: 988094
read_bytes: 14771531264
write_bytes: 20598538240
cancelled_write_bytes: 282624

[2018-12-17T13:16:08-08:00]
rchar: 50054211709
wchar: 20923076579
syscr: 6045880
syscw: 990709
read_bytes: 14813236736
write_bytes: 20951552000
cancelled_write_bytes: 282624

[2018-12-17T13:16:11-08:00]
rchar: 50623692047
wchar: 21187426941
syscr: 6114915
syscw: 1000944
read_bytes: 14991289856
write_bytes: 21216301056
cancelled_write_bytes: 282624

[2018-12-17T13:16:14-08:00]
rchar: 51264886931
wchar: 21563959214
syscr: 6192623
syscw: 1009877
read_bytes: 15113752064
write_bytes: 21593354240
cancelled_write_bytes: 282624

[2018-12-17T13:16:17-08:00]
rchar: 52343831605
wchar: 21968969890
syscr: 6323419
syscw: 1032737
read_bytes: 15402372608
write_bytes: 21998854144
cancelled_write_bytes: 282624

[2018-12-17T13:16:20-08:00]
rchar: 52816459658
wchar: 22471012778
syscr: 6380652
syscw: 1036633
read_bytes: 15454739968
write_bytes: 22501679104
cancelled_write_bytes: 290816

[2018-12-17T13:16:23-08:00]
rchar: 53236355418
wchar: 22714949255
syscr: 6431537
syscw: 1041101
read_bytes: 15578955264
write_bytes: 22745944064
cancelled_write_bytes: 290816

[2018-12-17T13:16:26-08:00]
rchar: 54004483710
wchar: 23069696961
syscr: 6524656
syscw: 1051638
read_bytes: 15874493952
write_bytes: 23101161472
cancelled_write_bytes: 290816

[2018-12-17T13:16:29-08:00]
rchar: 54622629383
wchar: 23360371387
syscr: 6599582
syscw: 1060266
read_bytes: 16101256704
write_bytes: 23392260096
cancelled_write_bytes: 290816

[2018-12-17T13:16:32-08:00]
rchar: 55484695775
wchar: 23732364210
syscr: 6704075
syscw: 1073044
read_bytes: 16411016704
write_bytes: 23764750336
cancelled_write_bytes: 290816

[2018-12-17T13:16:35-08:00]
rchar: 56425615770
wchar: 24124844300
syscr: 6818139
syscw: 1087341
read_bytes: 16746118656
write_bytes: 24157724672
cancelled_write_bytes: 290816

[2018-12-17T13:16:38-08:00]
rchar: 56757228063
wchar: 24331117220
syscr: 6858330
syscw: 1092525
read_bytes: 16864599552
write_bytes: 24365064192
cancelled_write_bytes: 290816

[2018-12-17T13:16:41-08:00]
rchar: 57201105474
wchar: 24766452620
syscr: 6912095
syscw: 1094254
read_bytes: 16901283328
write_bytes: 24800333824
cancelled_write_bytes: 299008

[2018-12-17T13:16:44-08:00]
rchar: 57703814531
wchar: 25184723378
syscr: 6972852
syscw: 1095779
read_bytes: 16943648256
write_bytes: 25219301376
cancelled_write_bytes: 299008

[2018-12-17T13:16:47-08:00]
rchar: 58085988334
wchar: 25506341895
syscr: 7019067
syscw: 1096820
read_bytes: 16972930560
write_bytes: 25541468160
cancelled_write_bytes: 299008

[2018-12-17T13:16:50-08:00]
rchar: 58532695264
wchar: 25872050326
syscr: 7073092
syscw: 1098398
read_bytes: 17015533056
write_bytes: 25907785728
cancelled_write_bytes: 299008

[2018-12-17T13:16:53-08:00]
rchar: 58895039226
wchar: 26121197921
syscr: 7116962
syscw: 1102537
read_bytes: 17162796544
write_bytes: 26157322240
cancelled_write_bytes: 299008

[2018-12-17T13:16:56-08:00]
rchar: 59337592926
wchar: 26408739729
syscr: 7170605
syscw: 1109075
read_bytes: 17397612032
write_bytes: 26445238272
cancelled_write_bytes: 299008

[2018-12-17T13:16:59-08:00]
rchar: 59783245829
wchar: 26703681691
syscr: 7224616
syscw: 1115736
read_bytes: 17635290624
write_bytes: 26740596736
cancelled_write_bytes: 299008

[2018-12-17T13:17:02-08:00]
rchar: 60205967071
wchar: 26984972337
syscr: 7275843
syscw: 1121956
read_bytes: 17843817984
write_bytes: 27022864384
cancelled_write_bytes: 299008

[2018-12-17T13:17:05-08:00]
rchar: 60681013330
wchar: 27294861275
syscr: 7333446
syscw: 1129055
read_bytes: 18092703232
write_bytes: 27332558848
cancelled_write_bytes: 299008

[2018-12-17T13:17:08-08:00]
rchar: 61280005410
wchar: 27710514512
syscr: 7406022
syscw: 1137180
read_bytes: 18367798784
write_bytes: 27748802560
cancelled_write_bytes: 299008

[2018-12-17T13:17:11-08:00]
rchar: 61760986391
wchar: 28022719595
syscr: 7464311
syscw: 1144730
read_bytes: 18617286144
write_bytes: 28061442048
cancelled_write_bytes: 299008

[2018-12-17T13:17:14-08:00]
rchar: 62153587837
wchar: 28288616158
syscr: 7511894
syscw: 1150511
read_bytes: 18809859584
write_bytes: 28327694336
cancelled_write_bytes: 299008

[2018-12-17T13:17:17-08:00]
rchar: 62331287690
wchar: 28551804832
syscr: 7533447
syscw: 1153345
read_bytes: 18903666176
write_bytes: 28591312896
cancelled_write_bytes: 299008

[2018-12-17T13:17:20-08:00]
rchar: 62942584813
wchar: 28893292736
syscr: 7607456
syscw: 1161197
read_bytes: 19180559872
write_bytes: 28933275648
cancelled_write_bytes: 307200

[2018-12-17T13:17:23-08:00]
rchar: 63525803266
wchar: 29220257584
syscr: 7678151
syscw: 1168852
read_bytes: 19432418816
write_bytes: 29260689408
cancelled_write_bytes: 307200

[2018-12-17T13:17:26-08:00]
rchar: 64124400716
wchar: 29563059222
syscr: 7750709
syscw: 1176468
read_bytes: 19687169536
write_bytes: 29603958784
cancelled_write_bytes: 307200

[2018-12-17T13:17:29-08:00]
rchar: 64579958758
wchar: 29841264653
syscr: 7805929
syscw: 1181944
read_bytes: 19870297600
write_bytes: 29882687488
cancelled_write_bytes: 307200

[2018-12-17T13:17:32-08:00]
rchar: 65127681167
wchar: 30148479830
syscr: 7872279
syscw: 1189197
read_bytes: 20097768960
write_bytes: 30190211072
cancelled_write_bytes: 307200

[2018-12-17T13:17:35-08:00]
rchar: 65688415808
wchar: 30455483912
syscr: 7940264
syscw: 1196743
read_bytes: 20340223488
write_bytes: 30497615872
cancelled_write_bytes: 307200

[2018-12-17T13:17:38-08:00]
rchar: 66344676069
wchar: 30853433543
syscr: 8019822
syscw: 1204793
read_bytes: 20581920256
write_bytes: 30896095232
cancelled_write_bytes: 307200

[2018-12-17T13:17:41-08:00]
rchar: 66885675165
wchar: 31135179398
syscr: 8085357
syscw: 1212684
read_bytes: 20810051072
write_bytes: 31178260480
cancelled_write_bytes: 307200

[2018-12-17T13:17:44-08:00]
rchar: 66955737410
wchar: 31299298264
syscr: 8093846
syscw: 1213787
read_bytes: 20841881088
write_bytes: 31342653440
cancelled_write_bytes: 307200

[2018-12-17T13:17:47-08:00]
rchar: 67445343848
wchar: 31746734708
syscr: 8153132
syscw: 1215596
read_bytes: 20890903040
write_bytes: 31790772224
cancelled_write_bytes: 315392

[2018-12-17T13:17:50-08:00]
rchar: 67790112141
wchar: 32040288645
syscr: 8194908
syscw: 1216800
read_bytes: 20921758208
write_bytes: 32084787200
cancelled_write_bytes: 315392

[2018-12-17T13:17:53-08:00]
rchar: 68223392195
wchar: 32407619617
syscr: 8247405
syscw: 1218259
read_bytes: 20965175808
write_bytes: 32453312512
cancelled_write_bytes: 315392

[2018-12-17T13:17:56-08:00]
rchar: 68782142915
wchar: 32899184299
syscr: 8315128
syscw: 1219924
read_bytes: 21008318976
write_bytes: 32945090560
cancelled_write_bytes: 315392

[2018-12-17T13:17:59-08:00]
rchar: 69129522395
wchar: 33196810141
syscr: 8357233
syscw: 1221235
read_bytes: 21049971200
write_bytes: 33243062272
cancelled_write_bytes: 315392

[2018-12-17T13:18:02-08:00]
rchar: 69588815149
wchar: 33599545332
syscr: 8412891
syscw: 1222611
read_bytes: 21091131904
write_bytes: 33646387200
cancelled_write_bytes: 315392

[2018-12-17T13:18:05-08:00]
rchar: 70031263255
wchar: 33981157714
syscr: 8466488
syscw: 1224171
read_bytes: 21136290304
write_bytes: 34028597248
cancelled_write_bytes: 315392

[2018-12-17T13:18:08-08:00]
rchar: 70509694454
wchar: 34326334360
syscr: 8524473
syscw: 1227440
read_bytes: 21251117568
write_bytes: 34374299648
cancelled_write_bytes: 315392

[2018-12-17T13:18:11-08:00]
rchar: 71186821309
wchar: 34693367725
syscr: 8606540
syscw: 1234893
read_bytes: 21514625536
write_bytes: 34741841920
cancelled_write_bytes: 315392

[2018-12-17T13:18:14-08:00]
rchar: 71629736522
wchar: 34956457767
syscr: 8660206
syscw: 1239351
read_bytes: 21662065152
write_bytes: 35005329408
cancelled_write_bytes: 315392

[2018-12-17T13:18:17-08:00]
rchar: 72267491668
wchar: 35285084079
syscr: 8737502
syscw: 1247187
read_bytes: 21896008192
write_bytes: 35334430720
cancelled_write_bytes: 315392

[2018-12-17T13:18:20-08:00]
rchar: 73033416400
wchar: 35624305095
syscr: 8830336
syscw: 1257549
read_bytes: 22185275904
write_bytes: 35674103808
cancelled_write_bytes: 315392

[2018-12-17T13:18:23-08:00]
rchar: 73637860008
wchar: 35935387033
syscr: 8903597
syscw: 1264922
read_bytes: 22368641536
write_bytes: 35985653760
cancelled_write_bytes: 315392

[2018-12-17T13:18:26-08:00]
rchar: 73924366633
wchar: 36166531151
syscr: 8938278
syscw: 1269616
read_bytes: 22458888704
write_bytes: 36217184256
cancelled_write_bytes: 315392

[2018-12-17T13:18:29-08:00]
rchar: 74736375414
wchar: 36492937364
syscr: 9036694
syscw: 1278973
read_bytes: 22611694080
write_bytes: 36544065536
cancelled_write_bytes: 323584

[2018-12-17T13:18:32-08:00]
rchar: 76182939090
wchar: 36819441494
syscr: 9212064
syscw: 1299027
read_bytes: 22853059072
write_bytes: 36870967296
cancelled_write_bytes: 323584

[2018-12-17T13:18:35-08:00]
rchar: 77478956301
wchar: 37148128777
syscr: 9369198
syscw: 1315817
read_bytes: 22969373184
write_bytes: 37200076800
cancelled_write_bytes: 323584

[2018-12-17T13:18:38-08:00]
rchar: 77879037959
wchar: 37545018660
syscr: 9417528
syscw: 1318103
read_bytes: 22981358080
write_bytes: 37597655040
cancelled_write_bytes: 323584

[2018-12-17T13:18:41-08:00]
rchar: 78420012906
wchar: 37954792444
syscr: 9483021
syscw: 1320325
read_bytes: 23006573056
write_bytes: 38008602624
cancelled_write_bytes: 331776

[2018-12-17T13:18:44-08:00]
rchar: 78998435823
wchar: 38396100009
syscr: 9552974
syscw: 1322588
read_bytes: 23040246272
write_bytes: 38450098176
cancelled_write_bytes: 331776

[2018-12-17T13:18:47-08:00]
rchar: 79816330010
wchar: 38700963928
syscr: 9652079
syscw: 1336578
read_bytes: 23294013952
write_bytes: 38755377152
cancelled_write_bytes: 331776

[2018-12-17T13:18:50-08:00]
rchar: 80878661059
wchar: 39082691067
syscr: 9780868
syscw: 1356321
read_bytes: 23642333696
write_bytes: 39137558528
cancelled_write_bytes: 331776

[2018-12-17T13:18:53-08:00]
rchar: 81420507482
wchar: 39306789801
syscr: 9846545
syscw: 1365748
read_bytes: 23811674624
write_bytes: 39361949696
cancelled_write_bytes: 331776

[2018-12-17T13:18:56-08:00]
rchar: 82449867634
wchar: 39745202438
syscr: 9971273
syscw: 1381772
read_bytes: 24089477632
write_bytes: 39800991744
cancelled_write_bytes: 339968

[2018-12-17T13:18:59-08:00]
rchar: 83619347389
wchar: 40084280241
syscr: 10113057
syscw: 1399959
read_bytes: 24400228864
write_bytes: 40140464128
cancelled_write_bytes: 339968

[2018-12-17T13:19:02-08:00]
rchar: 84443526010
wchar: 40343017512
syscr: 10212959
syscw: 1412516
read_bytes: 24597877248
write_bytes: 40399527936
cancelled_write_bytes: 339968

[2018-12-17T13:19:05-08:00]
rchar: 85585641698
wchar: 40712784896
syscr: 10351361
syscw: 1428370
read_bytes: 24823230976
write_bytes: 40769830912
cancelled_write_bytes: 348160

[2018-12-17T13:19:08-08:00]
rchar: 87676754832
wchar: 41124597568
syscr: 10604882
syscw: 1455889
read_bytes: 25078415872
write_bytes: 41182097408
cancelled_write_bytes: 348160

[2018-12-17T13:19:11-08:00]
rchar: 88250992303
wchar: 41431249354
syscr: 10674487
syscw: 1460754
read_bytes: 25103704576
write_bytes: 41489215488
cancelled_write_bytes: 348160

[2018-12-17T13:19:14-08:00]
rchar: 88719383013
wchar: 41702830351
syscr: 10731255
syscw: 1464438
read_bytes: 25123009024
write_bytes: 41761185792
cancelled_write_bytes: 348160

[2018-12-17T13:19:17-08:00]
rchar: 89058764675
wchar: 42067943911
syscr: 10772331
syscw: 1466888
read_bytes: 25134588416
write_bytes: 42126897152
cancelled_write_bytes: 356352

[2018-12-17T13:19:20-08:00]
rchar: 89676680863
wchar: 42523295328
syscr: 10847224
syscw: 1469398
read_bytes: 25152201216
write_bytes: 42582970368
cancelled_write_bytes: 356352

[2018-12-17T13:19:23-08:00]
rchar: 90102321588
wchar: 42833751678
syscr: 10898832
syscw: 1471163
read_bytes: 25165414912
write_bytes: 42893934592
cancelled_write_bytes: 356352

[2018-12-17T13:19:26-08:00]
rchar: 90727811957
wchar: 43286816921
syscr: 10974646
syscw: 1473871
read_bytes: 25186353664
write_bytes: 43347726336
cancelled_write_bytes: 356352

[2018-12-17T13:19:29-08:00]
rchar: 91172784104
wchar: 43611011663
syscr: 11028289
syscw: 1476220
read_bytes: 25207112192
write_bytes: 43672432640
cancelled_write_bytes: 356352

[2018-12-17T13:19:32-08:00]
rchar: 92220110229
wchar: 44053653250
syscr: 11155248
syscw: 1494241
read_bytes: 25416135168
write_bytes: 44115644416
cancelled_write_bytes: 356352

[2018-12-17T13:19:35-08:00]
rchar: 93088347629
wchar: 44516434006
syscr: 11260521
syscw: 1506631
read_bytes: 25529201152
write_bytes: 44579053568
cancelled_write_bytes: 356352

[2018-12-17T13:19:38-08:00]
rchar: 93828431286
wchar: 44778864518
syscr: 11350259
syscw: 1522840
read_bytes: 25657590272
write_bytes: 44841824256
cancelled_write_bytes: 356352

[2018-12-17T13:19:41-08:00]
rchar: 95247928308
wchar: 45012218990
syscr: 11522291
syscw: 1548402
read_bytes: 25870676480
write_bytes: 45075374080
cancelled_write_bytes: 364544

[2018-12-17T13:19:44-08:00]
rchar: 96601537027
wchar: 45351752586
syscr: 11686414
syscw: 1572054
read_bytes: 26074866176
write_bytes: 45415301120
cancelled_write_bytes: 364544

[2018-12-17T13:19:47-08:00]
rchar: 99885897997
wchar: 45727439333
syscr: 12084548
syscw: 1617469
read_bytes: 26470486528
write_bytes: 45791322112
cancelled_write_bytes: 372736

[2018-12-17T13:19:50-08:00]
rchar: 100220168426
wchar: 46028570341
syscr: 12125013
syscw: 1621139
read_bytes: 26494804480
write_bytes: 46092861440
cancelled_write_bytes: 380928

[2018-12-17T13:19:53-08:00]
rchar: 101023120120
wchar: 46625199912
syscr: 12222249
syscw: 1624240
read_bytes: 26527445504
write_bytes: 46690402304
cancelled_write_bytes: 380928

[2018-12-17T13:19:56-08:00]
rchar: 101410652554
wchar: 46907052954
syscr: 12269164
syscw: 1625782
read_bytes: 26546901504
write_bytes: 46972735488
cancelled_write_bytes: 380928

[2018-12-17T13:19:59-08:00]
rchar: 102023889560
wchar: 47360834573
syscr: 12343360
syscw: 1628170
read_bytes: 26576237056
write_bytes: 47427248128
cancelled_write_bytes: 380928

[2018-12-17T13:20:02-08:00]
rchar: 102591731227
wchar: 47777328233
syscr: 12412057
syscw: 1630573
read_bytes: 26607723008
write_bytes: 47844421632
cancelled_write_bytes: 380928

[2018-12-17T13:20:05-08:00]
rchar: 103150448547
wchar: 48180464884
syscr: 12479691
syscw: 1633610
read_bytes: 26644017664
write_bytes: 48248188928
cancelled_write_bytes: 380928

[2018-12-17T13:20:08-08:00]
rchar: 103689394125
wchar: 48470473480
syscr: 12545008
syscw: 1644039
read_bytes: 26807620096
write_bytes: 48538603520
cancelled_write_bytes: 380928

[2018-12-17T13:20:11-08:00]
rchar: 104298364505
wchar: 48855691091
syscr: 12618821
syscw: 1653213
read_bytes: 26944664064
write_bytes: 48924336128
cancelled_write_bytes: 380928

[2018-12-17T13:20:14-08:00]
rchar: 104745785172
wchar: 49139607194
syscr: 12673052
syscw: 1660081
read_bytes: 27029639680
write_bytes: 49208635392
cancelled_write_bytes: 380928

[2018-12-17T13:20:17-08:00]
rchar: 105430014129
wchar: 49397009114
syscr: 12755992
syscw: 1678075
read_bytes: 27252666880
write_bytes: 49466331136
cancelled_write_bytes: 380928

[2018-12-17T13:20:20-08:00]
rchar: 105494565438
wchar: 49576884647
syscr: 12763821
syscw: 1680047
read_bytes: 27273576960
write_bytes: 49646522368
cancelled_write_bytes: 380928

[2018-12-17T13:20:23-08:00]
rchar: 106689893632
wchar: 49917580469
syscr: 12908657
syscw: 1703611
read_bytes: 27565560320
write_bytes: 49987629056
cancelled_write_bytes: 389120

[2018-12-17T13:20:26-08:00]
rchar: 108174659576
wchar: 50252288386
syscr: 13088674
syscw: 1733112
read_bytes: 27831390720
write_bytes: 50322653184
cancelled_write_bytes: 389120

[2018-12-17T13:20:29-08:00]
rchar: 108598756280
wchar: 50471640856
syscr: 13140011
syscw: 1741408
read_bytes: 27892843008
write_bytes: 50542354432
cancelled_write_bytes: 397312

[2018-12-17T13:20:32-08:00]
rchar: 111053751205
wchar: 51019987090
syscr: 13437649
syscw: 1770955
read_bytes: 28127592960
write_bytes: 51091288064
cancelled_write_bytes: 397312

[2018-12-17T13:20:35-08:00]
rchar: 111777386393
wchar: 51471686283
syscr: 13525355
syscw: 1777141
read_bytes: 28156789248
write_bytes: 51543658496
cancelled_write_bytes: 397312

[2018-12-17T13:20:38-08:00]
rchar: 112057427135
wchar: 51641047677
syscr: 13559291
syscw: 1779696
read_bytes: 28169540096
write_bytes: 51713269760
cancelled_write_bytes: 397312

[2018-12-17T13:20:41-08:00]
rchar: 112393124128
wchar: 51971951072
syscr: 13599916
syscw: 1782989
read_bytes: 28185276928
write_bytes: 52044754944
cancelled_write_bytes: 405504

[2018-12-17T13:20:44-08:00]
rchar: 113368243015
wchar: 52427020020
syscr: 13718108
syscw: 1791205
read_bytes: 28231516672
write_bytes: 52500463616
cancelled_write_bytes: 405504

[2018-12-17T13:20:47-08:00]
rchar: 114036737449
wchar: 52824776460
syscr: 13799123
syscw: 1796026
read_bytes: 28255539712
write_bytes: 52898791424
cancelled_write_bytes: 405504

[2018-12-17T13:20:50-08:00]
rchar: 114712712752
wchar: 53206612456
syscr: 13881058
syscw: 1801242
read_bytes: 28281676288
write_bytes: 53281181696
cancelled_write_bytes: 405504

[2018-12-17T13:20:53-08:00]
rchar: 115183250992
wchar: 53463366958
syscr: 13938087
syscw: 1805017
read_bytes: 28300775936
write_bytes: 53538320384
cancelled_write_bytes: 405504

[2018-12-17T13:20:56-08:00]
rchar: 117110406110
wchar: 53784745522
syscr: 14171731
syscw: 1828512
read_bytes: 28497801728
write_bytes: 53860028416
cancelled_write_bytes: 413696

[2018-12-17T13:20:59-08:00]
rchar: 117271818038
wchar: 53910364219
syscr: 14191288
syscw: 1830178
read_bytes: 28506550784
write_bytes: 53986729984
cancelled_write_bytes: 413696

[2018-12-17T13:21:02-08:00]
rchar: 117731078239
wchar: 54324875983
syscr: 14246900
syscw: 1832935
read_bytes: 28518531584
write_bytes: 54401011712
cancelled_write_bytes: 430080

[2018-12-17T13:21:05-08:00]
rchar: 118346124894
wchar: 54769215051
syscr: 14321438
syscw: 1835517
read_bytes: 28533092864
write_bytes: 54846054400
cancelled_write_bytes: 430080

[2018-12-17T13:21:08-08:00]
rchar: 118764385066
wchar: 55073176435
syscr: 14372146
syscw: 1837170
read_bytes: 28546159104
write_bytes: 55151026176
cancelled_write_bytes: 430080

[2018-12-17T13:21:11-08:00]
rchar: 119370206747
wchar: 55514501242
syscr: 14445565
syscw: 1839715
read_bytes: 28564787712
write_bytes: 55592607744
cancelled_write_bytes: 430080

[2018-12-17T13:21:14-08:00]
rchar: 119679279076
wchar: 55732049463
syscr: 14482726
syscw: 1841124
read_bytes: 28575818240
write_bytes: 55810510848
cancelled_write_bytes: 430080

[2018-12-17T13:21:17-08:00]
rchar: 121069756237
wchar: 56121554317
syscr: 14651301
syscw: 1870647
read_bytes: 28847120896
write_bytes: 56200437760
cancelled_write_bytes: 430080

[2018-12-17T13:21:20-08:00]
rchar: 121722169510
wchar: 56357054546
syscr: 14730407
syscw: 1885546
read_bytes: 28965937664
write_bytes: 56436224000
cancelled_write_bytes: 430080

[2018-12-17T13:21:23-08:00]
rchar: 123004385795
wchar: 56611162544
syscr: 14885787
syscw: 1906887
read_bytes: 29152637440
write_bytes: 56690597888
cancelled_write_bytes: 438272

[2018-12-17T13:21:26-08:00]
rchar: 123792849201
wchar: 57128618934
syscr: 14981278
syscw: 1913283
read_bytes: 29184795136
write_bytes: 57208889344
cancelled_write_bytes: 438272

[2018-12-17T13:21:29-08:00]
rchar: 124184439653
wchar: 57433326179
syscr: 15028613
syscw: 1915318
read_bytes: 29194072576
write_bytes: 57514098688
cancelled_write_bytes: 438272

[2018-12-17T13:21:32-08:00]
rchar: 124690090243
wchar: 57825884529
syscr: 15089723
syscw: 1918064
read_bytes: 29207478784
write_bytes: 57907339264
cancelled_write_bytes: 438272

[2018-12-17T13:21:35-08:00]
rchar: 125130958445
wchar: 58137471264
syscr: 15143120
syscw: 1922534
read_bytes: 29229900288
write_bytes: 58219393024
cancelled_write_bytes: 438272

[2018-12-17T13:21:38-08:00]
rchar: 125837595950
wchar: 58547200784
syscr: 15228769
syscw: 1932823
read_bytes: 29294801408
write_bytes: 58629677056
cancelled_write_bytes: 438272

[2018-12-17T13:21:41-08:00]
rchar: 126009782212
wchar: 58682390860
syscr: 15249635
syscw: 1934213
read_bytes: 29302813184
write_bytes: 58765082624
cancelled_write_bytes: 438272

[2018-12-17T13:21:44-08:00]
rchar: 126140043503
wchar: 58916727348
syscr: 15265424
syscw: 1936612
read_bytes: 29314613760
write_bytes: 58999816192
cancelled_write_bytes: 442368

[2018-12-17T13:21:47-08:00]
rchar: 126770763728
wchar: 59369022855
syscr: 15341784
syscw: 1941644
read_bytes: 29340865024
write_bytes: 59452813312
cancelled_write_bytes: 454656

[2018-12-17T13:21:50-08:00]
rchar: 128096934800
wchar: 59743953784
syscr: 15502562
syscw: 1965627
read_bytes: 29524517376
write_bytes: 59828187136
cancelled_write_bytes: 458752

[2018-12-17T13:21:53-08:00]
rchar: 128724749474
wchar: 60080638311
syscr: 15578664
syscw: 1973874
read_bytes: 29572792832
write_bytes: 60165365760
cancelled_write_bytes: 466944

[2018-12-17T13:21:56-08:00]
rchar: 129334686524
wchar: 60491382151
syscr: 15652581
syscw: 1979805
read_bytes: 29601698304
write_bytes: 60576718848
cancelled_write_bytes: 471040

[2018-12-17T13:21:59-08:00]
rchar: 129837648539
wchar: 60856187253
syscr: 15713531
syscw: 1983927
read_bytes: 29622505984
write_bytes: 60942053376
cancelled_write_bytes: 471040

[2018-12-17T13:22:02-08:00]
rchar: 130061793776
wchar: 60992767834
syscr: 15740690
syscw: 1986707
read_bytes: 29636370944
write_bytes: 61078843392
cancelled_write_bytes: 479232

[2018-12-17T13:22:05-08:00]
rchar: 130399368133
wchar: 61226174579
syscr: 15781604
syscw: 1989808
read_bytes: 29652566528
write_bytes: 61312602112
cancelled_write_bytes: 479232

[2018-12-17T13:22:08-08:00]
rchar: 131725859769
wchar: 61649936809
syscr: 15942358
syscw: 2011907
read_bytes: 29826388480
write_bytes: 61736951808
cancelled_write_bytes: 487424

[2018-12-17T13:22:11-08:00]
rchar: 133450774294
wchar: 62040557527
syscr: 16151503
syscw: 2041592
read_bytes: 30075822592
write_bytes: 62127988736
cancelled_write_bytes: 487424

[2018-12-17T13:22:14-08:00]
rchar: 136194013652
wchar: 62365241137
syscr: 16484025
syscw: 2077619
read_bytes: 30395695616
write_bytes: 62452895744
cancelled_write_bytes: 507904

[2018-12-17T13:22:17-08:00]
rchar: 136996232811
wchar: 62622070349
syscr: 16581290
syscw: 2089642
read_bytes: 30500344320
write_bytes: 62710120448
cancelled_write_bytes: 507904

[2018-12-17T13:22:20-08:00]
rchar: 137588968562
wchar: 63069917731
syscr: 16653106
syscw: 2092249
read_bytes: 30527463936
write_bytes: 63158616064
cancelled_write_bytes: 516096

[2018-12-17T13:22:23-08:00]
rchar: 137910524194
wchar: 63312363583
syscr: 16692097
syscw: 2093547
read_bytes: 30551134720
write_bytes: 63401410560
cancelled_write_bytes: 516096

[2018-12-17T13:22:26-08:00]
rchar: 138525013893
wchar: 63792314144
syscr: 16766385
syscw: 2095512
read_bytes: 30594007552
write_bytes: 63882166272
cancelled_write_bytes: 516096

[2018-12-17T13:22:29-08:00]
rchar: 138895710080
wchar: 64077159069
syscr: 16811240
syscw: 2096879
read_bytes: 30620819968
write_bytes: 64167473152
cancelled_write_bytes: 516096

[2018-12-17T13:22:32-08:00]
rchar: 139440840648
wchar: 64502989646
syscr: 16877208
syscw: 2098648
read_bytes: 30658949632
write_bytes: 64593997824
cancelled_write_bytes: 516096

[2018-12-17T13:22:35-08:00]
rchar: 139708787756
wchar: 64687735036
syscr: 16909611
syscw: 2100755
read_bytes: 30714466816
write_bytes: 64779051008
cancelled_write_bytes: 516096

[2018-12-17T13:22:38-08:00]
rchar: 140392118658
wchar: 65093528933
syscr: 16992451
syscw: 2111692
read_bytes: 31031665152
write_bytes: 65185361920
cancelled_write_bytes: 516096

[2018-12-17T13:22:41-08:00]
rchar: 140922387701
wchar: 65403862310
syscr: 17056723
syscw: 2120397
read_bytes: 31271387648
write_bytes: 65496125440
cancelled_write_bytes: 516096

[2018-12-17T13:22:44-08:00]
rchar: 141367377220
wchar: 65663844026
syscr: 17110638
syscw: 2127738
read_bytes: 31473099264
write_bytes: 65756467200
cancelled_write_bytes: 516096

[2018-12-17T13:22:47-08:00]
rchar: 141766161425
wchar: 65897282953
syscr: 17158990
syscw: 2134417
read_bytes: 31653110272
write_bytes: 65990201344
cancelled_write_bytes: 516096

[2018-12-17T13:22:50-08:00]
rchar: 142199525445
wchar: 66154518069
syscr: 17211511
syscw: 2141711
read_bytes: 31850820096
write_bytes: 66247798784
cancelled_write_bytes: 516096

[2018-12-17T13:22:53-08:00]
rchar: 142902364252
wchar: 66597617260
syscr: 17296714
syscw: 2152408
read_bytes: 32139723264
write_bytes: 66691469312
cancelled_write_bytes: 516096

[2018-12-17T13:22:56-08:00]
rchar: 143147514979
wchar: 66907063464
syscr: 17326346
syscw: 2156578
read_bytes: 32237863424
write_bytes: 67001438208
cancelled_write_bytes: 524288

[2018-12-17T13:22:59-08:00]
rchar: 143602535331
wchar: 67182676417
syscr: 17381476
syscw: 2161614
read_bytes: 32351769088
write_bytes: 67277471744
cancelled_write_bytes: 524288

[2018-12-17T13:23:02-08:00]
rchar: 143948373065
wchar: 67441675683
syscr: 17423378
syscw: 2164142
read_bytes: 32396288512
write_bytes: 67536855040
cancelled_write_bytes: 524288

[2018-12-17T13:23:05-08:00]
rchar: 144468750379
wchar: 67759035199
syscr: 17486447
syscw: 2169819
read_bytes: 32504091136
write_bytes: 67854663680
cancelled_write_bytes: 524288

[2018-12-17T13:23:08-08:00]
rchar: 145243668661
wchar: 68088568347
syscr: 17580389
syscw: 2182347
read_bytes: 32748941824
write_bytes: 68184633344
cancelled_write_bytes: 524288

[2018-12-17T13:23:11-08:00]
rchar: 146074295357
wchar: 68416047695
syscr: 17681075
syscw: 2196665
read_bytes: 32987927040
write_bytes: 68512538624
cancelled_write_bytes: 524288

[2018-12-17T13:23:14-08:00]
rchar: 147018278515
wchar: 68763100219
syscr: 17795506
syscw: 2213766
read_bytes: 33255961088
write_bytes: 68859994112
cancelled_write_bytes: 524288

[2018-12-17T13:23:17-08:00]
rchar: 147397500559
wchar: 69076572373
syscr: 17841470
syscw: 2220658
read_bytes: 33348043264
write_bytes: 69173981184
cancelled_write_bytes: 524288

[2018-12-17T13:23:20-08:00]
rchar: 148662805467
wchar: 69395620798
syscr: 17994791
syscw: 2240071
read_bytes: 33560637952
write_bytes: 69493407744
cancelled_write_bytes: 532480

[2018-12-17T13:23:23-08:00]
rchar: 150285285652
wchar: 69754385549
syscr: 18191498
syscw: 2261361
read_bytes: 33706082816
write_bytes: 69852557312
cancelled_write_bytes: 532480

[2018-12-17T13:23:26-08:00]
rchar: 150700908433
wchar: 70034593392
syscr: 18241867
syscw: 2264313
read_bytes: 33719542272
write_bytes: 70133182464
cancelled_write_bytes: 532480

[2018-12-17T13:23:29-08:00]
rchar: 151371772676
wchar: 70401583397
syscr: 18323186
syscw: 2270701
read_bytes: 33751044608
write_bytes: 70500712448
cancelled_write_bytes: 532480

[2018-12-17T13:23:32-08:00]
rchar: 151525701383
wchar: 70562846176
syscr: 18341837
syscw: 2272782
read_bytes: 33760932352
write_bytes: 70662254592
cancelled_write_bytes: 532480

[2018-12-17T13:23:35-08:00]
rchar: 152035709821
wchar: 70908584374
syscr: 18403579
syscw: 2276918
read_bytes: 33780965888
write_bytes: 71008538624
cancelled_write_bytes: 544768

[2018-12-17T13:23:38-08:00]
rchar: 152661998072
wchar: 71243762393
syscr: 18479484
syscw: 2281868
read_bytes: 33803846144
write_bytes: 71344230400
cancelled_write_bytes: 544768

[2018-12-17T13:23:41-08:00]
rchar: 153503433766
wchar: 71732127923
syscr: 18581486
syscw: 2287416
read_bytes: 33831866880
write_bytes: 71833337856
cancelled_write_bytes: 544768

[2018-12-17T13:23:44-08:00]
rchar: 154098046091
wchar: 72152647469
syscr: 18653347
syscw: 2290311
read_bytes: 33844793856
write_bytes: 72255111168
cancelled_write_bytes: 544768

[2018-12-17T13:23:47-08:00]
rchar: 154552804465
wchar: 72475802029
syscr: 18708357
syscw: 2292662
read_bytes: 33854435840
write_bytes: 72578269184
cancelled_write_bytes: 544768

[2018-12-17T13:23:50-08:00]
rchar: 154878181823
wchar: 72658444194
syscr: 18747692
syscw: 2294973
read_bytes: 33866142208
write_bytes: 72761212928
cancelled_write_bytes: 544768

[2018-12-17T13:23:53-08:00]
rchar: 155437361908
wchar: 72962054713
syscr: 18815447
syscw: 2301004
read_bytes: 33897128448
write_bytes: 73065291776
cancelled_write_bytes: 544768

[2018-12-17T13:23:56-08:00]
rchar: 156178055974
wchar: 73349846576
syscr: 18905235
syscw: 2311950
read_bytes: 33967157760
write_bytes: 73453617152
cancelled_write_bytes: 544768

[2018-12-17T13:23:59-08:00]
rchar: 156798735290
wchar: 73801061957
syscr: 18980454
syscw: 2318701
read_bytes: 33998348800
write_bytes: 73905496064
cancelled_write_bytes: 548864

[2018-12-17T13:24:02-08:00]
rchar: 157447152769
wchar: 74241653715
syscr: 19059040
syscw: 2326508
read_bytes: 34041033216
write_bytes: 74346713088
cancelled_write_bytes: 573440

[2018-12-17T13:24:05-08:00]
rchar: 157567814907
wchar: 74476830643
syscr: 19073666
syscw: 2328610
read_bytes: 34050392576
write_bytes: 74582290432
cancelled_write_bytes: 573440

[2018-12-17T13:24:08-08:00]
rchar: 157962694559
wchar: 74731634874
syscr: 19121438
syscw: 2332845
read_bytes: 34069381632
write_bytes: 74837512192
cancelled_write_bytes: 598016

[2018-12-17T13:24:11-08:00]
rchar: 158892758950
wchar: 75337620368
syscr: 19234156
syscw: 2341875
read_bytes: 34112684544
write_bytes: 75444391936
cancelled_write_bytes: 614400

[2018-12-17T13:24:14-08:00]
rchar: 159480226325
wchar: 75724205935
syscr: 19305352
syscw: 2347956
read_bytes: 34140021248
write_bytes: 75831566336
cancelled_write_bytes: 618496

[2018-12-17T13:24:17-08:00]
rchar: 159977332957
wchar: 76060546086
syscr: 19365598
syscw: 2352787
read_bytes: 34161889792
write_bytes: 76168413184
cancelled_write_bytes: 626688

[2018-12-17T13:24:20-08:00]
rchar: 160475343274
wchar: 76397894124
syscr: 19425949
syscw: 2357482
read_bytes: 34183975424
write_bytes: 76506263552
cancelled_write_bytes: 626688

[2018-12-17T13:24:23-08:00]
rchar: 161592715803
wchar: 76780055726
syscr: 19561409
syscw: 2376883
read_bytes: 34325955072
write_bytes: 76888879104
cancelled_write_bytes: 626688

[2018-12-17T13:24:26-08:00]
rchar: 162006651216
wchar: 77031087199
syscr: 19611520
syscw: 2383707
read_bytes: 34387726848
write_bytes: 77140324352
cancelled_write_bytes: 638976

[2018-12-17T13:24:29-08:00]
rchar: 164390467639
wchar: 77347145526
syscr: 19900546
syscw: 2424127
read_bytes: 34696204800
write_bytes: 77456556032
cancelled_write_bytes: 638976

[2018-12-17T13:24:32-08:00]
rchar: 165310608684
wchar: 77600382910
syscr: 20012040
syscw: 2437088
read_bytes: 34790973952
write_bytes: 77710135296
cancelled_write_bytes: 647168

[2018-12-17T13:24:35-08:00]
rchar: 166965402050
wchar: 78198965414
syscr: 20212538
syscw: 2453941
read_bytes: 34905047552
write_bytes: 78309601280
cancelled_write_bytes: 647168

[2018-12-17T13:24:38-08:00]
rchar: 167366285345
wchar: 78492460389
syscr: 20261028
syscw: 2455954
read_bytes: 34913202688
write_bytes: 78603579392
cancelled_write_bytes: 647168

[2018-12-17T13:24:41-08:00]
rchar: 167975824647
wchar: 78882297368
syscr: 20334764
syscw: 2461442
read_bytes: 34936779264
write_bytes: 78994051072
cancelled_write_bytes: 647168

[2018-12-17T13:24:44-08:00]
rchar: 168361250008
wchar: 79140943336
syscr: 20381480
syscw: 2466591
read_bytes: 34959524352
write_bytes: 79253110784
cancelled_write_bytes: 647168

[2018-12-17T13:24:47-08:00]
rchar: 168736633990
wchar: 79413569491
syscr: 20426977
syscw: 2470819
read_bytes: 34977538560
write_bytes: 79526150144
cancelled_write_bytes: 651264

[2018-12-17T13:24:50-08:00]
rchar: 169253418386
wchar: 79805807259
syscr: 20489603
syscw: 2475825
read_bytes: 34998714880
write_bytes: 79918977024
cancelled_write_bytes: 651264

[2018-12-17T13:24:53-08:00]
rchar: 169491436217
wchar: 79978827711
syscr: 20518443
syscw: 2479005
read_bytes: 35013558784
write_bytes: 80093175808
cancelled_write_bytes: 655360

[2018-12-17T13:24:56-08:00]
rchar: 169840893786
wchar: 80362672040
syscr: 20560725
syscw: 2482912
read_bytes: 35029189120
write_bytes: 80476766208
cancelled_write_bytes: 667648

[2018-12-17T13:24:59-08:00]
rchar: 170464740444
wchar: 80786170260
syscr: 20636323
syscw: 2488389
read_bytes: 35052364288
write_bytes: 80900874240
cancelled_write_bytes: 667648

[2018-12-17T13:25:02-08:00]
rchar: 171176978087
wchar: 81185663406
syscr: 20722645
syscw: 2496817
read_bytes: 35090854400
write_bytes: 81300959232
cancelled_write_bytes: 675840

[2018-12-17T13:25:05-08:00]
rchar: 172699462797
wchar: 81425614656
syscr: 20907250
syscw: 2527501
read_bytes: 35321733632
write_bytes: 81541038080
cancelled_write_bytes: 675840

[2018-12-17T13:25:08-08:00]
rchar: 174218480007
wchar: 81774686541
syscr: 21091352
syscw: 2550838
read_bytes: 35506242048
write_bytes: 81890508800
cancelled_write_bytes: 688128

[2018-12-17T13:25:11-08:00]
rchar: 175684701058
wchar: 82114636063
syscr: 21269128
syscw: 2572528
read_bytes: 35682894336
write_bytes: 82230837248
cancelled_write_bytes: 688128

[2018-12-17T13:25:14-08:00]
rchar: 177242107687
wchar: 82491682584
syscr: 21457882
syscw: 2590863
read_bytes: 35808883200
write_bytes: 82608369664
cancelled_write_bytes: 696320

[2018-12-17T13:25:17-08:00]
rchar: 177743338579
wchar: 82835233367
syscr: 21518484
syscw: 2593621
read_bytes: 35820339712
write_bytes: 82952523776
cancelled_write_bytes: 696320

[2018-12-17T13:25:20-08:00]
rchar: 178299205166
wchar: 83251319254
syscr: 21585721
syscw: 2596076
read_bytes: 35830419968
write_bytes: 83369316352
cancelled_write_bytes: 696320

[2018-12-17T13:25:23-08:00]
rchar: 178870907585
wchar: 83627972927
syscr: 21654944
syscw: 2601687
read_bytes: 35858084352
write_bytes: 83746562048
cancelled_write_bytes: 696320

[2018-12-17T13:25:26-08:00]
rchar: 179529846926
wchar: 84008795978
syscr: 21734816
syscw: 2611763
read_bytes: 35915870720
write_bytes: 84127940608
cancelled_write_bytes: 696320

[2018-12-17T13:25:29-08:00]
rchar: 179963132584
wchar: 84336552915
syscr: 21787326
syscw: 2616188
read_bytes: 35936498176
write_bytes: 84456189952
cancelled_write_bytes: 700416

[2018-12-17T13:25:32-08:00]
rchar: 180435070246
wchar: 84684933753
syscr: 21844513
syscw: 2621156
read_bytes: 35962135040
write_bytes: 84805820416
cancelled_write_bytes: 700416

[2018-12-17T13:25:35-08:00]
rchar: 180824867538
wchar: 85053304477
syscr: 21891763
syscw: 2626784
read_bytes: 35997811200
write_bytes: 85174034432
cancelled_write_bytes: 704512

[2018-12-17T13:25:38-08:00]
rchar: 181484491733
wchar: 85520839055
syscr: 21971628
syscw: 2633521
read_bytes: 36032078336
write_bytes: 85642887168
cancelled_write_bytes: 716800

[2018-12-17T13:25:41-08:00]
rchar: 181994291020
wchar: 85883148488
syscr: 22033401
syscw: 2637699
read_bytes: 36052492800
write_bytes: 86005149696
cancelled_write_bytes: 716800

[2018-12-17T13:25:44-08:00]
rchar: 182610008069
wchar: 86266773291
syscr: 22108028
syscw: 2643997
read_bytes: 36088291840
write_bytes: 86389334016
cancelled_write_bytes: 720896

[2018-12-17T13:25:47-08:00]
rchar: 184056284595
wchar: 86660540567
syscr: 22283367
syscw: 2672836
read_bytes: 36312277504
write_bytes: 86783524864
cancelled_write_bytes: 724992

[2018-12-17T13:25:50-08:00]
rchar: 185179088620
wchar: 86969635948
syscr: 22419432
syscw: 2694282
read_bytes: 36483637760
write_bytes: 87093002240
cancelled_write_bytes: 733184

[2018-12-17T13:25:53-08:00]
rchar: 187106063000
wchar: 87226359561
syscr: 22653075
syscw: 2726175
read_bytes: 36761215488
write_bytes: 87349882880
cancelled_write_bytes: 733184

[2018-12-17T13:25:56-08:00]
rchar: 188989236520
wchar: 87590784621
syscr: 22881319
syscw: 2752550
read_bytes: 36984680960
write_bytes: 87714738176
cancelled_write_bytes: 741376

[2018-12-17T13:25:59-08:00]
rchar: 190213357030
wchar: 88049186702
syscr: 23029656
syscw: 2764588
read_bytes: 37079175680
write_bytes: 88173817856
cancelled_write_bytes: 741376

[2018-12-17T13:26:02-08:00]
rchar: 190780813515
wchar: 88482435559
syscr: 23098284
syscw: 2766953
read_bytes: 37090603520
write_bytes: 88607809536
cancelled_write_bytes: 741376

[2018-12-17T13:26:05-08:00]
rchar: 191135701669
wchar: 88687380304
syscr: 23141158
syscw: 2769818
read_bytes: 37105340928
write_bytes: 88813121536
cancelled_write_bytes: 745472

[2018-12-17T13:26:08-08:00]
rchar: 191762945063
wchar: 89165180715
syscr: 23217170
syscw: 2775660
read_bytes: 37135831552
write_bytes: 89292128256
cancelled_write_bytes: 745472

[2018-12-17T13:26:11-08:00]
rchar: 191875241530
wchar: 89236839251
syscr: 23230786
syscw: 2777449
read_bytes: 37145604608
write_bytes: 89363415040
cancelled_write_bytes: 745472

[2018-12-17T13:26:14-08:00]
rchar: 192081607845
wchar: 89537285901
syscr: 23255724
syscw: 2779898
read_bytes: 37158277632
write_bytes: 89664372736
cancelled_write_bytes: 757760

[2018-12-17T13:26:17-08:00]
rchar: 192510155069
wchar: 89832917364
syscr: 23307658
syscw: 2783448
read_bytes: 37176664576
write_bytes: 89960460288
cancelled_write_bytes: 757760

[2018-12-17T13:26:20-08:00]
rchar: 193151312655
wchar: 90266029281
syscr: 23385360
syscw: 2789181
read_bytes: 37206467072
write_bytes: 90394226688
cancelled_write_bytes: 761856

[2018-12-17T13:26:23-08:00]
rchar: 193840770767
wchar: 90743617853
syscr: 23468912
syscw: 2795241
read_bytes: 37237776896
write_bytes: 90872541184
cancelled_write_bytes: 765952

[2018-12-17T13:26:26-08:00]
rchar: 194486729172
wchar: 91101356457
syscr: 23547196
syscw: 2803671
read_bytes: 37290803712
write_bytes: 91230785536
cancelled_write_bytes: 774144

[2018-12-17T13:26:29-08:00]
rchar: 195818800875
wchar: 91500401499
syscr: 23708714
syscw: 2832977
read_bytes: 37545599488
write_bytes: 91630292992
cancelled_write_bytes: 774144

[2018-12-17T13:26:33-08:00]
rchar: 198078815220
wchar: 91799445961
syscr: 23982653
syscw: 2869790
read_bytes: 37865243136
write_bytes: 91929534464
cancelled_write_bytes: 790528

[2018-12-17T13:26:36-08:00]
rchar: 199005440356
wchar: 92188238092
syscr: 24094950
syscw: 2882974
read_bytes: 37977555456
write_bytes: 92318875648
cancelled_write_bytes: 798720

[2018-12-17T13:26:39-08:00]
rchar: 199402434753
wchar: 92518308527
syscr: 24143089
syscw: 2884140
read_bytes: 37999280640
write_bytes: 92649451520
cancelled_write_bytes: 798720

[2018-12-17T13:26:42-08:00]
rchar: 199731441913
wchar: 92791675817
syscr: 24182829
syscw: 2885180
read_bytes: 38025261568
write_bytes: 92923281408
cancelled_write_bytes: 798720

[2018-12-17T13:26:45-08:00]
rchar: 200049907637
wchar: 93064327735
syscr: 24221356
syscw: 2886064
read_bytes: 38046712320
write_bytes: 93196390400
cancelled_write_bytes: 798720

[2018-12-17T13:26:48-08:00]
rchar: 200450507167
wchar: 93396559847
syscr: 24269783
syscw: 2887169
read_bytes: 38078394880
write_bytes: 93529198592
cancelled_write_bytes: 798720

[2018-12-17T13:26:51-08:00]
rchar: 200933336560
wchar: 93713923699
syscr: 24328257
syscw: 2893132
read_bytes: 38276735488
write_bytes: 93846986752
cancelled_write_bytes: 798720

[2018-12-17T13:26:54-08:00]
rchar: 201622696667
wchar: 94147782505
syscr: 24411853
syscw: 2902633
read_bytes: 38589092352
write_bytes: 94281392128
cancelled_write_bytes: 798720

[2018-12-17T13:26:57-08:00]
rchar: 202082146865
wchar: 94448633302
syscr: 24467548
syscw: 2908689
read_bytes: 38778745344
write_bytes: 94582665216
cancelled_write_bytes: 798720

[2018-12-17T13:27:00-08:00]
rchar: 202522025523
wchar: 94744625552
syscr: 24520855
syscw: 2914345
read_bytes: 38947951104
write_bytes: 94879076352
cancelled_write_bytes: 798720

[2018-12-17T13:27:03-08:00]
rchar: 203075951438
wchar: 95126820262
syscr: 24587955
syscw: 2920968
read_bytes: 39134802432
write_bytes: 95261847552
cancelled_write_bytes: 798720

[2018-12-17T13:27:06-08:00]
rchar: 203519789218
wchar: 95397771524
syscr: 24641733
syscw: 2927414
read_bytes: 39328461312
write_bytes: 95533182976
cancelled_write_bytes: 798720

[2018-12-17T13:27:09-08:00]
rchar: 203924822899
wchar: 95641614967
syscr: 24690850
syscw: 2933582
read_bytes: 39502213632
write_bytes: 95777341440
cancelled_write_bytes: 798720

[2018-12-17T13:27:12-08:00]
rchar: 204412297882
wchar: 95934810876
syscr: 24749948
syscw: 2940857
read_bytes: 39710347776
write_bytes: 96070909952
cancelled_write_bytes: 798720

[2018-12-17T13:27:15-08:00]
rchar: 204672096231
wchar: 96287256093
syscr: 24781433
syscw: 2943595
read_bytes: 39782498816
write_bytes: 96423976960
cancelled_write_bytes: 798720

[2018-12-17T13:27:18-08:00]
rchar: 205179101657
wchar: 96611404777
syscr: 24842793
syscw: 2948793
read_bytes: 39906689536
write_bytes: 96748584960
cancelled_write_bytes: 806912

[2018-12-17T13:27:21-08:00]
rchar: 205887848817
wchar: 96963577291
syscr: 24928679
syscw: 2958648
read_bytes: 40102543872
write_bytes: 97101271040
cancelled_write_bytes: 806912

[2018-12-17T13:27:24-08:00]
rchar: 206633741234
wchar: 97289830453
syscr: 25019094
syscw: 2969996
read_bytes: 40346153472
write_bytes: 97427935232
cancelled_write_bytes: 806912

[2018-12-17T13:27:27-08:00]
rchar: 207414752466
wchar: 97649206785
syscr: 25113762
syscw: 2981867
read_bytes: 40579580416
write_bytes: 97787801600
cancelled_write_bytes: 806912

[2018-12-17T13:27:30-08:00]
rchar: 208473877068
wchar: 98086905193
syscr: 25242153
syscw: 2999371
read_bytes: 40899158528
write_bytes: 98226049024
cancelled_write_bytes: 806912

[2018-12-17T13:27:33-08:00]
rchar: 208814677969
wchar: 98374502153
syscr: 25283466
syscw: 3005012
read_bytes: 40998461952
write_bytes: 98514108416
cancelled_write_bytes: 806912

[2018-12-17T13:27:36-08:00]
rchar: 209882447508
wchar: 98737184329
syscr: 25412842
syscw: 3020136
read_bytes: 41258226176
write_bytes: 98877263872
cancelled_write_bytes: 815104

[2018-12-17T13:27:39-08:00]
rchar: 211296782052
wchar: 99143681741
syscr: 25584298
syscw: 3041628
read_bytes: 41590903296
write_bytes: 99284242432
cancelled_write_bytes: 815104

[2018-12-17T13:27:42-08:00]
rchar: 212503290782
wchar: 99468057954
syscr: 25730561
syscw: 3060483
read_bytes: 41852596736
write_bytes: 99608997888
cancelled_write_bytes: 815104

[2018-12-17T13:27:45-08:00]
rchar: 212859252559
wchar: 99727215623
syscr: 25773719
syscw: 3066308
read_bytes: 41931321856
write_bytes: 99868565504
cancelled_write_bytes: 815104

[2018-12-17T13:27:48-08:00]
rchar: 214306832904
wchar: 100059716576
syscr: 25949132
syscw: 3085442
read_bytes: 42205426176
write_bytes: 100201439232
cancelled_write_bytes: 823296

[2018-12-17T13:27:51-08:00]
rchar: 215903912065
wchar: 100417772094
syscr: 26142750
syscw: 3106224
read_bytes: 42484367872
write_bytes: 100559941632
cancelled_write_bytes: 823296

[2018-12-17T13:27:54-08:00]
rchar: 217065024193
wchar: 100603801412
syscr: 26283514
syscw: 3121375
read_bytes: 42653135360
write_bytes: 100746153984
cancelled_write_bytes: 823296

[2018-12-17T13:27:57-08:00]
rchar: 217549603036
wchar: 101056347621
syscr: 26342198
syscw: 3124581
read_bytes: 42675302912
write_bytes: 101199462400
cancelled_write_bytes: 831488

[2018-12-17T13:28:00-08:00]
rchar: 218003698367
wchar: 101367648289
syscr: 26397110
syscw: 3126622
read_bytes: 42688569856
write_bytes: 101511278592
cancelled_write_bytes: 831488

[2018-12-17T13:28:03-08:00]
rchar: 218616457693
wchar: 101796334693
syscr: 26471230
syscw: 3129115
read_bytes: 42706825728
write_bytes: 101940805632
cancelled_write_bytes: 831488

[2018-12-17T13:28:06-08:00]
rchar: 219203510267
wchar: 102218095888
syscr: 26542205
syscw: 3131364
read_bytes: 42722689536
write_bytes: 102363156480
cancelled_write_bytes: 831488

[2018-12-17T13:28:09-08:00]
rchar: 220056777869
wchar: 102552430406
syscr: 26645519
syscw: 3148162
read_bytes: 42882863616
write_bytes: 102697951232
cancelled_write_bytes: 831488

[2018-12-17T13:28:12-08:00]
rchar: 221080089708
wchar: 102818903449
syscr: 26769597
syscw: 3177043
read_bytes: 43163955712
write_bytes: 102964625408
cancelled_write_bytes: 831488

[2018-12-17T13:28:15-08:00]
rchar: 222240774148
wchar: 103164038016
syscr: 26910253
syscw: 3202635
read_bytes: 43376964096
write_bytes: 103310184448
cancelled_write_bytes: 839680

[2018-12-17T13:28:18-08:00]
rchar: 223278977100
wchar: 103335061741
syscr: 27036143
syscw: 3223492
read_bytes: 43528765952
write_bytes: 103481311232
cancelled_write_bytes: 839680

[2018-12-17T13:28:21-08:00]
rchar: 224839679264
wchar: 103885715170
syscr: 27225275
syscw: 3245569
read_bytes: 43708244480
write_bytes: 104032727040
cancelled_write_bytes: 847872

[2018-12-17T13:28:24-08:00]
rchar: 225546269845
wchar: 104243093310
syscr: 27310913
syscw: 3252710
read_bytes: 43760189952
write_bytes: 104390799360
cancelled_write_bytes: 847872

[2018-12-17T13:28:27-08:00]
rchar: 226540881148
wchar: 104612903157
syscr: 27431477
syscw: 3265424
read_bytes: 43860271616
write_bytes: 104760918016
cancelled_write_bytes: 851968

[2018-12-17T13:28:30-08:00]
rchar: 227231113403
wchar: 104812826888
syscr: 27515163
syscw: 3275412
read_bytes: 43948352000
write_bytes: 104961093632
cancelled_write_bytes: 851968

[2018-12-17T13:28:33-08:00]
rchar: 229077938228
wchar: 105071108623
syscr: 27739016
syscw: 3298716
read_bytes: 44136415744
write_bytes: 105219633152
cancelled_write_bytes: 864256

[2018-12-17T13:28:36-08:00]
rchar: 230771251368
wchar: 105396812017
syscr: 27944315
syscw: 3319480
read_bytes: 44300255744
write_bytes: 105545728000
cancelled_write_bytes: 864256

[2018-12-17T13:28:39-08:00]
rchar: 231223577977
wchar: 105739810639
syscr: 27999099
syscw: 3321511
read_bytes: 44311781888
write_bytes: 105889255424
cancelled_write_bytes: 876544

[2018-12-17T13:28:42-08:00]
rchar: 231641320161
wchar: 106037873306
syscr: 28049742
syscw: 3323254
read_bytes: 44323209728
write_bytes: 106187800576
cancelled_write_bytes: 876544

[2018-12-17T13:28:45-08:00]
rchar: 232067384299
wchar: 106364341638
syscr: 28101371
syscw: 3324768
read_bytes: 44336148992
write_bytes: 106514776064
cancelled_write_bytes: 876544

[2018-12-17T13:28:48-08:00]
rchar: 232694625838
wchar: 106826105341
syscr: 28177384
syscw: 3327266
read_bytes: 44353421824
write_bytes: 106977275904
cancelled_write_bytes: 876544

[2018-12-17T13:28:51-08:00]
rchar: 233283104557
wchar: 107263115428
syscr: 28248707
syscw: 3329624
read_bytes: 44368089600
write_bytes: 107415003136
cancelled_write_bytes: 876544

[2018-12-17T13:28:54-08:00]
rchar: 233636022041
wchar: 107515391251
syscr: 28291195
syscw: 3331235
read_bytes: 44379144704
write_bytes: 107667693568
cancelled_write_bytes: 876544

[2018-12-17T13:28:57-08:00]
rchar: 234032074100
wchar: 107787857556
syscr: 28339183
syscw: 3334662
read_bytes: 44415738368
write_bytes: 107940585472
cancelled_write_bytes: 876544

[2018-12-17T13:29:00-08:00]
rchar: 235069731921
wchar: 108285932461
syscr: 28464947
syscw: 3351785
read_bytes: 44611359232
write_bytes: 108439355392
cancelled_write_bytes: 876544

[2018-12-17T13:29:03-08:00]
rchar: 235457512092
wchar: 108589766084
syscr: 28511937
syscw: 3354438
read_bytes: 44636508672
write_bytes: 108743671808
cancelled_write_bytes: 876544

[2018-12-17T13:29:06-08:00]
rchar: 236346826145
wchar: 108896732978
syscr: 28619741
syscw: 3373315
read_bytes: 44808446464
write_bytes: 109051011072
cancelled_write_bytes: 876544

[2018-12-17T13:29:09-08:00]
rchar: 236534192209
wchar: 109108981762
syscr: 28642464
syscw: 3377996
read_bytes: 44855689728
write_bytes: 109263605760
cancelled_write_bytes: 876544

[2018-12-17T13:29:12-08:00]
rchar: 238339263433
wchar: 109508906260
syscr: 28861229
syscw: 3405966
read_bytes: 45102379520
write_bytes: 109663948800
cancelled_write_bytes: 884736

[2018-12-17T13:29:15-08:00]
rchar: 239611205909
wchar: 109774979449
syscr: 29015438
syscw: 3428392
read_bytes: 45285638656
write_bytes: 109930307584
cancelled_write_bytes: 884736

[2018-12-17T13:29:18-08:00]
rchar: 240432893344
wchar: 110077857966
syscr: 29114979
syscw: 3440189
read_bytes: 45376000512
write_bytes: 110233653248
cancelled_write_bytes: 892928

[2018-12-17T13:29:21-08:00]
rchar: 241606443797
wchar: 110415910487
syscr: 29257268
syscw: 3456116
read_bytes: 45575885312
write_bytes: 110572101632
cancelled_write_bytes: 892928

[2018-12-17T13:29:24-08:00]
rchar: 243093713166
wchar: 110793491372
syscr: 29437574
syscw: 3477854
read_bytes: 45887828480
write_bytes: 110950117376
cancelled_write_bytes: 892928

[2018-12-17T13:29:27-08:00]
rchar: 243803451264
wchar: 111246629282
syscr: 29523642
syscw: 3482839
read_bytes: 45964681728
write_bytes: 111403937792
cancelled_write_bytes: 892928

[2018-12-17T13:29:30-08:00]
rchar: 244168578033
wchar: 111581932496
syscr: 29567754
syscw: 3484176
read_bytes: 45985874432
write_bytes: 111739809792
cancelled_write_bytes: 892928

[2018-12-17T13:29:33-08:00]
rchar: 244442513146
wchar: 111906763071
syscr: 29600881
syscw: 3485417
read_bytes: 46006551040
write_bytes: 112065183744
cancelled_write_bytes: 892928

[2018-12-17T13:29:36-08:00]
rchar: 244762588613
wchar: 112169039125
syscr: 29639522
syscw: 3486657
read_bytes: 46028997120
write_bytes: 112327925760
cancelled_write_bytes: 892928

[2018-12-17T13:29:39-08:00]
rchar: 245184946176
wchar: 112498045945
syscr: 29690586
syscw: 3488195
read_bytes: 46055072256
write_bytes: 112657469440
cancelled_write_bytes: 901120

[2018-12-17T13:29:42-08:00]
rchar: 245760886762
wchar: 112815453738
syscr: 29760282
syscw: 3494536
read_bytes: 46185525760
write_bytes: 112975396864
cancelled_write_bytes: 901120

[2018-12-17T13:29:45-08:00]
rchar: 246710665782
wchar: 113239987733
syscr: 29875446
syscw: 3509082
read_bytes: 46508683776
write_bytes: 113400459264
cancelled_write_bytes: 901120

[2018-12-17T13:29:48-08:00]
rchar: 247544865694
wchar: 113643504929
syscr: 29976553
syscw: 3521119
read_bytes: 46770770432
write_bytes: 113804500992
cancelled_write_bytes: 901120

[2018-12-17T13:29:51-08:00]
rchar: 248086388005
wchar: 114003617971
syscr: 30042175
syscw: 3525845
read_bytes: 46871962112
write_bytes: 114165116928
cancelled_write_bytes: 901120

[2018-12-17T13:29:54-08:00]
rchar: 248835451922
wchar: 114338135743
syscr: 30132984
syscw: 3537516
read_bytes: 47136268800
write_bytes: 114500689920
cancelled_write_bytes: 901120

[2018-12-17T13:29:57-08:00]
rchar: 249448523461
wchar: 114591194206
syscr: 30207280
syscw: 3547718
read_bytes: 47332860416
write_bytes: 114753490944
cancelled_write_bytes: 901120

[2018-12-17T13:30:00-08:00]
rchar: 249649904574
wchar: 114899080645
syscr: 30231632
syscw: 3549438
read_bytes: 47359312384
write_bytes: 115061886976
cancelled_write_bytes: 909312

[2018-12-17T13:30:03-08:00]
rchar: 250216156483
wchar: 115369266235
syscr: 30300254
syscw: 3551459
read_bytes: 47389024768
write_bytes: 115532787712
cancelled_write_bytes: 909312

[2018-12-17T13:30:06-08:00]
rchar: 250728843541
wchar: 115796777055
syscr: 30362381
syscw: 3553282
read_bytes: 47418053120
write_bytes: 115961069568
cancelled_write_bytes: 909312

[2018-12-17T13:30:09-08:00]
rchar: 251215686580
wchar: 116203124482
syscr: 30421369
syscw: 3555035
read_bytes: 47451030016
write_bytes: 116367933440
cancelled_write_bytes: 909312

[2018-12-17T13:30:12-08:00]
rchar: 251537878235
wchar: 116468758085
syscr: 30460416
syscw: 3556267
read_bytes: 47474692608
write_bytes: 116633985024
cancelled_write_bytes: 909312

[2018-12-17T13:30:15-08:00]
rchar: 251821679311
wchar: 116702217492
syscr: 30494796
syscw: 3557452
read_bytes: 47499584000
write_bytes: 116867825664
cancelled_write_bytes: 909312

[2018-12-17T13:30:18-08:00]
rchar: 252684183041
wchar: 117106378277
syscr: 30599353
syscw: 3567641
read_bytes: 47720657408
write_bytes: 117272555520
cancelled_write_bytes: 909312

[2018-12-17T13:30:21-08:00]
rchar: 253507381444
wchar: 117507139894
syscr: 30699115
syscw: 3577312
read_bytes: 47955223040
write_bytes: 117673869312
cancelled_write_bytes: 909312

[2018-12-17T13:30:24-08:00]
rchar: 254224875381
wchar: 117838084315
syscr: 30786105
syscw: 3585939
read_bytes: 48156033536
write_bytes: 118005272576
cancelled_write_bytes: 909312

[2018-12-17T13:30:27-08:00]
rchar: 254915567346
wchar: 118166335043
syscr: 30869803
syscw: 3594423
read_bytes: 48326713856
write_bytes: 118334009344
cancelled_write_bytes: 909312

[2018-12-17T13:30:30-08:00]
rchar: 255509978766
wchar: 118412799324
syscr: 30941856
syscw: 3602488
read_bytes: 48482800128
write_bytes: 118580776960
cancelled_write_bytes: 909312

[2018-12-17T13:30:33-08:00]
rchar: 256094230586
wchar: 118697612092
syscr: 31012673
syscw: 3609506
read_bytes: 48609907200
write_bytes: 118866845696
cancelled_write_bytes: 909312

[2018-12-17T13:30:36-08:00]
rchar: 256339564923
wchar: 118956410826
syscr: 31042397
syscw: 3613107
read_bytes: 48665006592
write_bytes: 119125241856
cancelled_write_bytes: 909312

[2018-12-17T13:30:39-08:00]
rchar: 257127138325
wchar: 119219148957
syscr: 31137808
syscw: 3622655
read_bytes: 48836399616
write_bytes: 119389270016
cancelled_write_bytes: 917504

[2018-12-17T13:30:42-08:00]
rchar: 257666133340
wchar: 119590406705
syscr: 31203132
syscw: 3625810
read_bytes: 48893743616
write_bytes: 119760130048
cancelled_write_bytes: 917504

[2018-12-17T13:30:45-08:00]
rchar: 258480864984
wchar: 119871624335
syscr: 31301879
syscw: 3635993
read_bytes: 49066725888
write_bytes: 120042336256
cancelled_write_bytes: 917504

[2018-12-17T13:30:48-08:00]
rchar: 259735013083
wchar: 120172342367
syscr: 31453913
syscw: 3652362
read_bytes: 49246913024
write_bytes: 120342880256
cancelled_write_bytes: 917504

[2018-12-17T13:30:51-08:00]
rchar: 261157640114
wchar: 120474815016
syscr: 31626402
syscw: 3672961
read_bytes: 49456386560
write_bytes: 120646107136
cancelled_write_bytes: 917504

[2018-12-17T13:30:54-08:00]
rchar: 261744509634
wchar: 120962709311
syscr: 31697454
syscw: 3675974
read_bytes: 49493455360
write_bytes: 121134395392
cancelled_write_bytes: 925696

[2018-12-17T13:30:57-08:00]
rchar: 262263173331
wchar: 121369521843
syscr: 31760155
syscw: 3677621
read_bytes: 49519526400
write_bytes: 121542754304
cancelled_write_bytes: 925696

[2018-12-17T13:31:00-08:00]
rchar: 262828099776
wchar: 121816131074
syscr: 31828478
syscw: 3679432
read_bytes: 49551598080
write_bytes: 121989214208
cancelled_write_bytes: 925696

[2018-12-17T13:31:03-08:00]
rchar: 263264881622
wchar: 122107167687
syscr: 31881278
syscw: 3682748
read_bytes: 49629098496
write_bytes: 122280751104
cancelled_write_bytes: 925696

[2018-12-17T13:31:06-08:00]
rchar: 264019729140
wchar: 122536042969
syscr: 31972795
syscw: 3695372
read_bytes: 49967157760
write_bytes: 122710192128
cancelled_write_bytes: 925696

[2018-12-17T13:31:09-08:00]
rchar: 264495496811
wchar: 122797139083
syscr: 32030446
syscw: 3703629
read_bytes: 50197484032
write_bytes: 122971639808
cancelled_write_bytes: 925696

[2018-12-17T13:31:12-08:00]
rchar: 265127234814
wchar: 123176567482
syscr: 32107019
syscw: 3713827
read_bytes: 50475483648
write_bytes: 123351568384
cancelled_write_bytes: 925696

[2018-12-17T13:31:15-08:00]
rchar: 265705936761
wchar: 123491310856
syscr: 32177175
syscw: 3724476
read_bytes: 50755379712
write_bytes: 123666726912
cancelled_write_bytes: 925696

[2018-12-17T13:31:18-08:00]
rchar: 266334862571
wchar: 123839134181
syscr: 32253401
syscw: 3736450
read_bytes: 51049243136
write_bytes: 124015034368
cancelled_write_bytes: 925696

[2018-12-17T13:31:21-08:00]
rchar: 266474702261
wchar: 124068057440
syscr: 32270274
syscw: 3739383
read_bytes: 51109069312
write_bytes: 124244336640
cancelled_write_bytes: 933888

[2018-12-17T13:31:24-08:00]
rchar: 267490254194
wchar: 124420876612
syscr: 32393391
syscw: 3757977
read_bytes: 51458097664
write_bytes: 124597575680
cancelled_write_bytes: 933888

[2018-12-17T13:31:27-08:00]
rchar: 268377314858
wchar: 124725105488
syscr: 32500928
syscw: 3774517
read_bytes: 51759424000
write_bytes: 124902166528
cancelled_write_bytes: 933888

[2018-12-17T13:31:30-08:00]
rchar: 269261886210
wchar: 125053274744
syscr: 32608161
syscw: 3790474
read_bytes: 52049437184
write_bytes: 125230751744
cancelled_write_bytes: 933888

[2018-12-17T13:31:33-08:00]
rchar: 269715388331
wchar: 125324018679
syscr: 32663131
syscw: 3799591
read_bytes: 52205601280
write_bytes: 125501886464
cancelled_write_bytes: 933888

[2018-12-17T13:31:36-08:00]
rchar: 270282658458
wchar: 125484604738
syscr: 32731830
syscw: 3809745
read_bytes: 52338893312
write_bytes: 125662683136
cancelled_write_bytes: 942080

[2018-12-17T13:31:39-08:00]
rchar: 272710326352
wchar: 125882474268
syscr: 33026183
syscw: 3850142
read_bytes: 52709192192
write_bytes: 126060916736
cancelled_write_bytes: 942080

[2018-12-17T13:31:42-08:00]
rchar: 274826197112
wchar: 126131461410
syscr: 33282638
syscw: 3880313
read_bytes: 52971196928
write_bytes: 126310117376
cancelled_write_bytes: 950272

[2018-12-17T13:31:45-08:00]
rchar: 276381522497
wchar: 126300811692
syscr: 33471212
syscw: 3903378
read_bytes: 53172212224
write_bytes: 126479593472
cancelled_write_bytes: 950272

[2018-12-17T13:31:48-08:00]
rchar: 276891971588
wchar: 126816407177
syscr: 33533042
syscw: 3906222
read_bytes: 53194387968
write_bytes: 126996013056
cancelled_write_bytes: 958464

[2018-12-17T13:31:51-08:00]
rchar: 277294329825
wchar: 127133947005
syscr: 33581803
syscw: 3907484
read_bytes: 53212324352
write_bytes: 127314059264
cancelled_write_bytes: 958464

[2018-12-17T13:31:54-08:00]
rchar: 277703817551
wchar: 127455842878
syscr: 33631436
syscw: 3908855
read_bytes: 53227520512
write_bytes: 127636492288
cancelled_write_bytes: 958464

[2018-12-17T13:31:57-08:00]
rchar: 278235221256
wchar: 127866146566
syscr: 33695542
syscw: 3910648
read_bytes: 53244969472
write_bytes: 128047468544
cancelled_write_bytes: 958464

[2018-12-17T13:32:00-08:00]
rchar: 278734532393
wchar: 128272963437
syscr: 33756053
syscw: 3913319
read_bytes: 53274759680
write_bytes: 128454889472
cancelled_write_bytes: 958464

[2018-12-17T13:32:03-08:00]
rchar: 279351462218
wchar: 128668475927
syscr: 33830839
syscw: 3919915
read_bytes: 53383422464
write_bytes: 128850989056
cancelled_write_bytes: 958464

[2018-12-17T13:32:06-08:00]
rchar: 280063200911
wchar: 129009002357
syscr: 33917087
syscw: 3931229
read_bytes: 53531595264
write_bytes: 129192005632
cancelled_write_bytes: 958464

[2018-12-17T13:32:09-08:00]
rchar: 280751507621
wchar: 129449609374
syscr: 34000500
syscw: 3938760
read_bytes: 53643497984
write_bytes: 129633280000
cancelled_write_bytes: 958464

[2018-12-17T13:32:12-08:00]
rchar: 281389558957
wchar: 129808082585
syscr: 34077833
syscw: 3947756
read_bytes: 53763842560
write_bytes: 129992257536
cancelled_write_bytes: 958464

[2018-12-17T13:32:15-08:00]
rchar: 282182808555
wchar: 130207492820
syscr: 34173967
syscw: 3960507
read_bytes: 53910544896
write_bytes: 130392272896
cancelled_write_bytes: 958464

[2018-12-17T13:32:18-08:00]
rchar: 282433507251
wchar: 130377822976
syscr: 34204361
syscw: 3965472
read_bytes: 53964157440
write_bytes: 130562859008
cancelled_write_bytes: 958464

[2018-12-17T13:32:21-08:00]
rchar: 283126837812
wchar: 130751690736
syscr: 34288344
syscw: 3974977
read_bytes: 54087160320
write_bytes: 130937282560
cancelled_write_bytes: 966656

[2018-12-17T13:32:24-08:00]
rchar: 284165104055
wchar: 131049201627
syscr: 34414201
syscw: 3991727
read_bytes: 54258270720
write_bytes: 131235184640
cancelled_write_bytes: 966656

[2018-12-17T13:32:27-08:00]
rchar: 285263162262
wchar: 131289111186
syscr: 34547329
syscw: 4011757
read_bytes: 54422561280
write_bytes: 131475402752
cancelled_write_bytes: 966656

[2018-12-17T13:32:30-08:00]
rchar: 286646452925
wchar: 131607437130
syscr: 34714974
syscw: 4034946
read_bytes: 54593319424
write_bytes: 131794120704
cancelled_write_bytes: 974848

[2018-12-17T13:32:33-08:00]
rchar: 289113365841
wchar: 131998187854
syscr: 35014087
syscw: 4066359
read_bytes: 54844523008
write_bytes: 132185251840
cancelled_write_bytes: 974848

[2018-12-17T13:32:36-08:00]
rchar: 289302461094
wchar: 132152827454
syscr: 35036957
syscw: 4066983
read_bytes: 54847357440
write_bytes: 132340162560
cancelled_write_bytes: 974848

[2018-12-17T13:32:39-08:00]
rchar: 289669599247
wchar: 132527591940
syscr: 35081355
syscw: 4068782
read_bytes: 54856368640
write_bytes: 132715552768
cancelled_write_bytes: 974848

[2018-12-17T13:32:42-08:00]
rchar: 290174200823
wchar: 132955176630
syscr: 35142301
syscw: 4071202
read_bytes: 54870962688
write_bytes: 133143863296
cancelled_write_bytes: 983040

[2018-12-17T13:32:45-08:00]
rchar: 290533199715
wchar: 133238693126
syscr: 35185737
syscw: 4072467
read_bytes: 54896058880
write_bytes: 133427855360
cancelled_write_bytes: 983040

[2018-12-17T13:32:48-08:00]
rchar: 291099252712
wchar: 133545498887
syscr: 35254264
syscw: 4079009
read_bytes: 55072530944
write_bytes: 133735813120
cancelled_write_bytes: 983040

[2018-12-17T13:32:51-08:00]
rchar: 291850236700
wchar: 133898193725
syscr: 35345328
syscw: 4089830
read_bytes: 55373476352
write_bytes: 134088261632
cancelled_write_bytes: 983040

[2018-12-17T13:32:54-08:00]
rchar: 292364984056
wchar: 134228848338
syscr: 35407692
syscw: 4095159
read_bytes: 55500861952
write_bytes: 134419386368
cancelled_write_bytes: 983040

[2018-12-17T13:32:57-08:00]
rchar: 293099704809
wchar: 134562000641
syscr: 35496748
syscw: 4106637
read_bytes: 55784231424
write_bytes: 134752976896
cancelled_write_bytes: 983040

[2018-12-17T13:33:00-08:00]
rchar: 293925443733
wchar: 134980553630
syscr: 35596843
syscw: 4117908
read_bytes: 56054637056
write_bytes: 135172067328
cancelled_write_bytes: 983040

[2018-12-17T13:33:03-08:00]
rchar: 294580635511
wchar: 135256733215
syscr: 35676264
syscw: 4128524
read_bytes: 56299721216
write_bytes: 135448616960
cancelled_write_bytes: 983040

[2018-12-17T13:33:06-08:00]
rchar: 294966203264
wchar: 135712730728
syscr: 35722954
syscw: 4131084
read_bytes: 56351146496
write_bytes: 135905333248
cancelled_write_bytes: 991232

[2018-12-17T13:33:09-08:00]
rchar: 295472713753
wchar: 136138088277
syscr: 35784318
syscw: 4132766
read_bytes: 56387887616
write_bytes: 136331358208
cancelled_write_bytes: 991232

[2018-12-17T13:33:12-08:00]
rchar: 295820937599
wchar: 136421315980
syscr: 35826492
syscw: 4134205
read_bytes: 56412066304
write_bytes: 136615030784
cancelled_write_bytes: 991232

[2018-12-17T13:33:15-08:00]
rchar: 296162782766
wchar: 136704801177
syscr: 35867921
syscw: 4135449
read_bytes: 56436240896
write_bytes: 136898969600
cancelled_write_bytes: 991232

[2018-12-17T13:33:18-08:00]
rchar: 296537486971
wchar: 137018229595
syscr: 35913332
syscw: 4136734
read_bytes: 56458867200
write_bytes: 137212870656
cancelled_write_bytes: 991232

[2018-12-17T13:33:21-08:00]
rchar: 296901398171
wchar: 137322251380
syscr: 35957428
syscw: 4138071
read_bytes: 56483418624
write_bytes: 137517350912
cancelled_write_bytes: 991232

[2018-12-17T13:33:24-08:00]
rchar: 297343639192
wchar: 137682869341
syscr: 36011012
syscw: 4139738
read_bytes: 56521929216
write_bytes: 137878519808
cancelled_write_bytes: 991232

[2018-12-17T13:33:27-08:00]
rchar: 297877614713
wchar: 137921014851
syscr: 36075744
syscw: 4146285
read_bytes: 56702611968
write_bytes: 138117013504
cancelled_write_bytes: 991232

[2018-12-17T13:33:30-08:00]
rchar: 298540653095
wchar: 138274459271
syscr: 36156113
syscw: 4153341
read_bytes: 56890745344
write_bytes: 138470952960
cancelled_write_bytes: 991232

[2018-12-17T13:33:33-08:00]
rchar: 298983168730
wchar: 138537542530
syscr: 36209708
syscw: 4157309
read_bytes: 56980255232
write_bytes: 138734497792
cancelled_write_bytes: 991232

[2018-12-17T13:33:36-08:00]
rchar: 299390212580
wchar: 138854210916
syscr: 36259040
syscw: 4159427
read_bytes: 57021088256
write_bytes: 139051651072
cancelled_write_bytes: 991232

[2018-12-17T13:33:39-08:00]
rchar: 299784255680
wchar: 139096422167
syscr: 36306788
syscw: 4162911
read_bytes: 57096380928
write_bytes: 139294203904
cancelled_write_bytes: 991232

[2018-12-17T13:33:42-08:00]
rchar: 300556830910
wchar: 139400012856
syscr: 36400447
syscw: 4173956
read_bytes: 57346310656
write_bytes: 139598688256
cancelled_write_bytes: 991232

[2018-12-17T13:33:45-08:00]
rchar: 301764233441
wchar: 139790969626
syscr: 36546811
syscw: 4192897
read_bytes: 57681113600
write_bytes: 139989671936
cancelled_write_bytes: 991232

[2018-12-17T13:33:48-08:00]
rchar: 301895333880
wchar: 139997307769
syscr: 36562700
syscw: 4195209
read_bytes: 57712878080
write_bytes: 140196384768
cancelled_write_bytes: 991232

[2018-12-17T13:33:51-08:00]
rchar: 303023111589
wchar: 140254336395
syscr: 36699352
syscw: 4211235
read_bytes: 57947271680
write_bytes: 140453699584
cancelled_write_bytes: 999424

[2018-12-17T13:33:54-08:00]
rchar: 304749955186
wchar: 140636577068
syscr: 36908701
syscw: 4235893
read_bytes: 58284737024
write_bytes: 140836372480
cancelled_write_bytes: 999424

[2018-12-17T13:33:57-08:00]
rchar: 305786423568
wchar: 140842247005
syscr: 37034354
syscw: 4251722
read_bytes: 58478141952
write_bytes: 141042294784
cancelled_write_bytes: 999424

[2018-12-17T13:34:00-08:00]
rchar: 306097668107
wchar: 141190043551
syscr: 37072023
syscw: 4254148
read_bytes: 58494829056
write_bytes: 141390671872
cancelled_write_bytes: 1007616

[2018-12-17T13:34:03-08:00]
rchar: 306721150665
wchar: 141660880263
syscr: 37147602
syscw: 4256433
read_bytes: 58516890112
write_bytes: 141862277120
cancelled_write_bytes: 1007616

[2018-12-17T13:34:06-08:00]
rchar: 307190786187
wchar: 142012370863
syscr: 37204528
syscw: 4258301
read_bytes: 58534593024
write_bytes: 142214352896
cancelled_write_bytes: 1007616

[2018-12-17T13:34:09-08:00]
rchar: 308202743514
wchar: 142325311891
syscr: 37326905
syscw: 4279670
read_bytes: 58777481728
write_bytes: 142527676416
cancelled_write_bytes: 1007616

[2018-12-17T13:34:12-08:00]
rchar: 309415407507
wchar: 142632559568
syscr: 37473929
syscw: 4307367
read_bytes: 59015787008
write_bytes: 142835216384
cancelled_write_bytes: 1007616

[2018-12-17T13:34:15-08:00]
rchar: 309587259236
wchar: 142828086342
syscr: 37494690
syscw: 4311430
read_bytes: 59043664384
write_bytes: 143031087104
cancelled_write_bytes: 1015808

[2018-12-17T13:34:18-08:00]
rchar: 311722771166
wchar: 143208825608
syscr: 37753601
syscw: 4349181
read_bytes: 59337097728
write_bytes: 143413088256
cancelled_write_bytes: 1015808

[2018-12-17T13:34:21-08:00]
rchar: 312561032779
wchar: 143622369557
syscr: 37855236
syscw: 4359283
read_bytes: 59398283776
write_bytes: 143826305024
cancelled_write_bytes: 1015808

[2018-12-17T13:34:24-08:00]
rchar: 312802185521
wchar: 143828967112
syscr: 37884359
syscw: 4360079
read_bytes: 59401757184
write_bytes: 144033255424
cancelled_write_bytes: 1015808

[2018-12-17T13:34:27-08:00]
rchar: 312924774760
wchar: 144029553958
syscr: 37899118
syscw: 4361486
read_bytes: 59409195520
write_bytes: 144234209280
cancelled_write_bytes: 1015808

[2018-12-17T13:34:30-08:00]
rchar: 313311165666
wchar: 144366242038
syscr: 37945803
syscw: 4363341
read_bytes: 59418477056
write_bytes: 144571486208
cancelled_write_bytes: 1019904

[2018-12-17T13:34:33-08:00]
rchar: 313754564496
wchar: 144693491620
syscr: 37999416
syscw: 4365482
read_bytes: 59429769728
write_bytes: 144899289088
cancelled_write_bytes: 1024000

[2018-12-17T13:34:36-08:00]
rchar: 314288712523
wchar: 145063761705
syscr: 38064104
syscw: 4369602
read_bytes: 59451769344
write_bytes: 145270120448
cancelled_write_bytes: 1024000

[2018-12-17T13:34:39-08:00]
rchar: 316461894903
wchar: 145586562488
syscr: 38327577
syscw: 4408834
read_bytes: 59733983744
write_bytes: 145793466368
cancelled_write_bytes: 1024000

[2018-12-17T13:34:42-08:00]
rchar: 316687289204
wchar: 145742735832
syscr: 38354896
syscw: 4410781
read_bytes: 59744625152
write_bytes: 145949884416
cancelled_write_bytes: 1024000

[2018-12-17T13:34:45-08:00]
rchar: 316948276352
wchar: 146054292614
syscr: 38386450
syscw: 4413718
read_bytes: 59762504192
write_bytes: 146261962752
cancelled_write_bytes: 1040384

[2018-12-17T13:34:48-08:00]
rchar: 318842909412
wchar: 146388401480
syscr: 38616160
syscw: 4441108
read_bytes: 59983147520
write_bytes: 146596405248
cancelled_write_bytes: 1044480

[2018-12-17T13:34:51-08:00]
rchar: 319612261522
wchar: 146872860536
syscr: 38709397
syscw: 4447342
read_bytes: 60017201664
write_bytes: 147081588736
cancelled_write_bytes: 1048576

[2018-12-17T13:34:54-08:00]
rchar: 320034751827
wchar: 147141302090
syscr: 38760592
syscw: 4450740
read_bytes: 60034368000
write_bytes: 147350441984
cancelled_write_bytes: 1048576

[2018-12-17T13:34:57-08:00]
rchar: 320739754553
wchar: 147593601700
syscr: 38846039
syscw: 4456371
read_bytes: 60063683072
write_bytes: 147803398144
cancelled_write_bytes: 1052672

[2018-12-17T13:35:00-08:00]
rchar: 321622005715
wchar: 147915550148
syscr: 38952926
syscw: 4468801
read_bytes: 60156944896
write_bytes: 148125810688
cancelled_write_bytes: 1077248

[2018-12-17T13:35:03-08:00]
rchar: 324770602852
wchar: 148248136860
syscr: 39334672
syscw: 4508909
read_bytes: 60485005824
write_bytes: 148458614784
cancelled_write_bytes: 1077248

[2018-12-17T13:35:06-08:00]
rchar: 325147668369
wchar: 148557132737
syscr: 39380317
syscw: 4512990
read_bytes: 60509557248
write_bytes: 148768116736
cancelled_write_bytes: 1085440

[2018-12-17T13:35:09-08:00]
rchar: 325692604709
wchar: 148954579903
syscr: 39446364
syscw: 4515134
read_bytes: 60520002048
write_bytes: 149166768128
cancelled_write_bytes: 1085440

[2018-12-17T13:35:12-08:00]
rchar: 326254733376
wchar: 149362602525
syscr: 39514497
syscw: 4517330
read_bytes: 60531266048
write_bytes: 149575462912
cancelled_write_bytes: 1085440

[2018-12-17T13:35:15-08:00]
rchar: 326731901344
wchar: 149730878559
syscr: 39572341
syscw: 4519054
read_bytes: 60539519488
write_bytes: 149943799808
cancelled_write_bytes: 1085440

[2018-12-17T13:35:18-08:00]
rchar: 327242589626
wchar: 150053356133
syscr: 39633928
syscw: 4523829
read_bytes: 60589773312
write_bytes: 150267162624
cancelled_write_bytes: 1085440

[2018-12-17T13:35:21-08:00]
rchar: 328043144908
wchar: 150413896356
syscr: 39730975
syscw: 4537610
read_bytes: 60769763840
write_bytes: 150627766272
cancelled_write_bytes: 1085440

[2018-12-17T13:35:24-08:00]
rchar: 329339127997
wchar: 150809687651
syscr: 39888092
syscw: 4565790
read_bytes: 61120475648
write_bytes: 151024009216
cancelled_write_bytes: 1085440

[2018-12-17T13:35:27-08:00]
rchar: 329703192776
wchar: 151180541195
syscr: 39932183
syscw: 4570703
read_bytes: 61177590272
write_bytes: 151395442688
cancelled_write_bytes: 1093632

[2018-12-17T13:35:30-08:00]
rchar: 330194953918
wchar: 151602883138
syscr: 39991748
syscw: 4572048
read_bytes: 61213770240
write_bytes: 151819083776
cancelled_write_bytes: 1093632

[2018-12-17T13:35:33-08:00]
rchar: 330706345870
wchar: 152044899851
syscr: 40053624
syscw: 4573541
read_bytes: 61254529536
write_bytes: 152261189632
cancelled_write_bytes: 1093632

[2018-12-17T13:35:36-08:00]
rchar: 331191483854
wchar: 152461452442
syscr: 40112266
syscw: 4574957
read_bytes: 61293433344
write_bytes: 152678440960
cancelled_write_bytes: 1093632

[2018-12-17T13:35:39-08:00]
rchar: 331580422872
wchar: 152759631326
syscr: 40159283
syscw: 4577485
read_bytes: 61377430016
write_bytes: 152977113088
cancelled_write_bytes: 1093632

[2018-12-17T13:35:42-08:00]
rchar: 332056800058
wchar: 153061084434
syscr: 40217035
syscw: 4583698
read_bytes: 61625881088
write_bytes: 153278939136
cancelled_write_bytes: 1093632

[2018-12-17T13:35:45-08:00]
rchar: 332546504443
wchar: 153369850154
syscr: 40276421
syscw: 4590037
read_bytes: 61881217536
write_bytes: 153588142080
cancelled_write_bytes: 1093632

[2018-12-17T13:35:48-08:00]
rchar: 333011073964
wchar: 153660819882
syscr: 40332704
syscw: 4596146
read_bytes: 62127665664
write_bytes: 153879515136
cancelled_write_bytes: 1093632

[2018-12-17T13:35:51-08:00]
rchar: 333576163335
wchar: 154008321245
syscr: 40401181
syscw: 4603853
read_bytes: 62418354688
write_bytes: 154227978240
cancelled_write_bytes: 1093632

[2018-12-17T13:35:54-08:00]
rchar: 334083764323
wchar: 154320334424
syscr: 40462728
syscw: 4610983
read_bytes: 62682546688
write_bytes: 154539909120
cancelled_write_bytes: 1093632

[2018-12-17T13:35:57-08:00]
rchar: 334684747000
wchar: 154701590965
syscr: 40535557
syscw: 4619124
read_bytes: 62982603264
write_bytes: 154921750528
cancelled_write_bytes: 1093632

[2018-12-17T13:36:00-08:00]
rchar: 335009893855
wchar: 154912333427
syscr: 40574957
syscw: 4623340
read_bytes: 63140704768
write_bytes: 155132776448
cancelled_write_bytes: 1093632

[2018-12-17T13:36:03-08:00]
rchar: 335402422702
wchar: 155161805665
syscr: 40622537
syscw: 4628429
read_bytes: 63343870464
write_bytes: 155382829056
cancelled_write_bytes: 1093632

[2018-12-17T13:36:06-08:00]
rchar: 335887703022
wchar: 155595393926
syscr: 40681384
syscw: 4635426
read_bytes: 63600837120
write_bytes: 155816824832
cancelled_write_bytes: 1093632

[2018-12-17T13:36:09-08:00]
rchar: 336152210011
wchar: 155770719375
syscr: 40713357
syscw: 4638496
read_bytes: 63726883328
write_bytes: 155992432640
cancelled_write_bytes: 1101824

[2018-12-17T13:36:12-08:00]
rchar: 336630972375
wchar: 156022733639
syscr: 40771369
syscw: 4644146
read_bytes: 63946453504
write_bytes: 156244791296
cancelled_write_bytes: 1101824

[2018-12-17T13:36:15-08:00]
rchar: 337146196871
wchar: 156302599478
syscr: 40833819
syscw: 4650131
read_bytes: 64188092928
write_bytes: 156525051904
cancelled_write_bytes: 1101824

[2018-12-17T13:36:18-08:00]
rchar: 337769906040
wchar: 156635516531
syscr: 40909452
syscw: 4657765
read_bytes: 64482021888
write_bytes: 156858834944
cancelled_write_bytes: 1101824

[2018-12-17T13:36:21-08:00]
rchar: 338266104180
wchar: 156901804760
syscr: 40969563
syscw: 4664092
read_bytes: 64713298432
write_bytes: 157125079040
cancelled_write_bytes: 1101824

[2018-12-17T13:36:24-08:00]
rchar: 338851854523
wchar: 157219334344
syscr: 41040564
syscw: 4671092
read_bytes: 64990945792
write_bytes: 157443825664
cancelled_write_bytes: 1101824

[2018-12-17T13:36:27-08:00]
rchar: 339464663087
wchar: 157557099385
syscr: 41114861
syscw: 4678658
read_bytes: 65283305984
write_bytes: 157781250048
cancelled_write_bytes: 1101824

[2018-12-17T13:36:30-08:00]
rchar: 340163210103
wchar: 157934402957
syscr: 41199515
syscw: 4687553
read_bytes: 65601462784
write_bytes: 158159077376
cancelled_write_bytes: 1101824

[2018-12-17T13:36:33-08:00]
rchar: 340662572629
wchar: 158202137773
syscr: 41260040
syscw: 4694012
read_bytes: 65831797248
write_bytes: 158427168768
cancelled_write_bytes: 1101824

[2018-12-17T13:36:36-08:00]
rchar: 341124236586
wchar: 158451241027
syscr: 41316002
syscw: 4699970
read_bytes: 66045600256
write_bytes: 158676619264
cancelled_write_bytes: 1101824

[2018-12-17T13:36:39-08:00]
rchar: 341260682279
wchar: 158568065757
syscr: 41332543
syscw: 4701813
read_bytes: 66105844224
write_bytes: 158793629696
cancelled_write_bytes: 1101824

[2018-12-17T13:36:42-08:00]
rchar: 341626281446
wchar: 158990862985
syscr: 41376799
syscw: 4703438
read_bytes: 66145440256
write_bytes: 159217102848
cancelled_write_bytes: 1110016

[2018-12-17T13:36:45-08:00]
rchar: 341966665013
wchar: 159278151020
syscr: 41418033
syscw: 4704567
read_bytes: 66170962432
write_bytes: 159504859136
cancelled_write_bytes: 1110016

[2018-12-17T13:36:48-08:00]
rchar: 342328775257
wchar: 159468192292
syscr: 41461933
syscw: 4708126
read_bytes: 66300576256
write_bytes: 159695171584
cancelled_write_bytes: 1110016

[2018-12-17T13:36:51-08:00]
rchar: 342833121167
wchar: 159743506038
syscr: 41523034
syscw: 4712918
read_bytes: 66458731008
write_bytes: 159970902016
cancelled_write_bytes: 1110016

[2018-12-17T13:36:54-08:00]
rchar: 343442720022
wchar: 160080485721
syscr: 41596933
syscw: 4718627
read_bytes: 66645344768
write_bytes: 160308330496
cancelled_write_bytes: 1110016

[2018-12-17T13:36:57-08:00]
rchar: 343955076362
wchar: 160356455046
syscr: 41659040
syscw: 4723766
read_bytes: 66833068544
write_bytes: 160584724480
cancelled_write_bytes: 1110016

[2018-12-17T13:37:00-08:00]
rchar: 344463793065
wchar: 160622555118
syscr: 41720702
syscw: 4729209
read_bytes: 67016516096
write_bytes: 160851210240
cancelled_write_bytes: 1110016

[2018-12-17T13:37:03-08:00]
rchar: 345008499835
wchar: 160893656985
syscr: 41786719
syscw: 4735233
read_bytes: 67202978304
write_bytes: 161122689024
cancelled_write_bytes: 1110016

[2018-12-17T13:37:06-08:00]
rchar: 345592992046
wchar: 161287254176
syscr: 41857530
syscw: 4739531
read_bytes: 67335823872
write_bytes: 161516900352
cancelled_write_bytes: 1110016

[2018-12-17T13:37:09-08:00]
rchar: 346172190435
wchar: 161578201673
syscr: 41927738
syscw: 4746360
read_bytes: 67497288192
write_bytes: 161808265216
cancelled_write_bytes: 1110016

[2018-12-17T13:37:12-08:00]
rchar: 346896113733
wchar: 161845652326
syscr: 42015493
syscw: 4756948
read_bytes: 67680133632
write_bytes: 162076082176
cancelled_write_bytes: 1110016

[2018-12-17T13:37:15-08:00]
rchar: 347594925422
wchar: 162077015189
syscr: 42100182
syscw: 4767752
read_bytes: 67860283904
write_bytes: 162307768320
cancelled_write_bytes: 1110016

[2018-12-17T13:37:18-08:00]
rchar: 348077371365
wchar: 162375686324
syscr: 42158601
syscw: 4774435
read_bytes: 67969307136
write_bytes: 162606911488
cancelled_write_bytes: 1118208

[2018-12-17T13:37:21-08:00]
rchar: 349416054901
wchar: 162724655782
syscr: 42320875
syscw: 4792174
read_bytes: 68235870720
write_bytes: 162956570624
cancelled_write_bytes: 1118208

[2018-12-17T13:37:24-08:00]
rchar: 350786626532
wchar: 163039006988
syscr: 42487025
syscw: 4811421
read_bytes: 68476240384
write_bytes: 163271036928
cancelled_write_bytes: 1118208

[2018-12-17T13:37:27-08:00]
rchar: 351828332752
wchar: 163246526172
syscr: 42613322
syscw: 4826322
read_bytes: 68639498752
write_bytes: 163478827008
cancelled_write_bytes: 1118208

[2018-12-17T13:37:30-08:00]
rchar: 352315851075
wchar: 163739877146
syscr: 42672355
syscw: 4829089
read_bytes: 68666139136
write_bytes: 163973009408
cancelled_write_bytes: 1126400

[2018-12-17T13:37:33-08:00]
rchar: 352904298027
wchar: 164194404592
syscr: 42743693
syscw: 4831162
read_bytes: 68685820416
write_bytes: 164428279808
cancelled_write_bytes: 1126400

[2018-12-17T13:37:36-08:00]
rchar: 353189812397
wchar: 164376972457
syscr: 42777994
syscw: 4833251
read_bytes: 68704047616
write_bytes: 164611158016
cancelled_write_bytes: 1126400

[2018-12-17T13:37:39-08:00]
rchar: 354664146041
wchar: 164788587305
syscr: 42956729
syscw: 4866360
read_bytes: 69038408192
write_bytes: 165023219712
cancelled_write_bytes: 1126400

[2018-12-17T13:37:42-08:00]
rchar: 355600212079
wchar: 165238478519
syscr: 43070190
syscw: 4882368
read_bytes: 69200597504
write_bytes: 165473726464
cancelled_write_bytes: 1126400

[2018-12-17T13:37:45-08:00]
rchar: 355816451781
wchar: 165440749664
syscr: 43096333
syscw: 4887239
read_bytes: 69236773376
write_bytes: 165676347392
cancelled_write_bytes: 1134592

[2018-12-17T13:37:48-08:00]
rchar: 358410983583
wchar: 165822013598
syscr: 43410918
syscw: 4934855
read_bytes: 69650760192
write_bytes: 166057881600
cancelled_write_bytes: 1134592

[2018-12-17T13:37:51-08:00]
rchar: 358793344540
wchar: 166032197529
syscr: 43457203
syscw: 4941282
read_bytes: 69708431872
write_bytes: 166268407808
cancelled_write_bytes: 1142784

[2018-12-17T13:37:54-08:00]
rchar: 361810729223
wchar: 166373511461
syscr: 43823048
syscw: 4987104
read_bytes: 70091317760
write_bytes: 166609944576
cancelled_write_bytes: 1142784

[2018-12-17T13:37:57-08:00]
rchar: 362107205098
wchar: 166565468788
syscr: 43858920
syscw: 4991674
read_bytes: 70126834176
write_bytes: 166802239488
cancelled_write_bytes: 1150976

[2018-12-17T13:38:00-08:00]
rchar: 364482717963
wchar: 167120020349
syscr: 44146943
syscw: 5016189
read_bytes: 70332269056
write_bytes: 167357472768
cancelled_write_bytes: 1150976

[2018-12-17T13:38:03-08:00]
rchar: 364857153213
wchar: 167407029675
syscr: 44192190
syscw: 5017564
read_bytes: 70356984320
write_bytes: 167644946432
cancelled_write_bytes: 1150976

[2018-12-17T13:38:06-08:00]
rchar: 365252703158
wchar: 167717582550
syscr: 44240065
syscw: 5018926
read_bytes: 70382924288
write_bytes: 167956000768
cancelled_write_bytes: 1150976

[2018-12-17T13:38:09-08:00]
rchar: 365649082520
wchar: 168034887171
syscr: 44288031
syscw: 5020198
read_bytes: 70405644800
write_bytes: 168273793024
cancelled_write_bytes: 1150976

[2018-12-17T13:38:12-08:00]
rchar: 366200842020
wchar: 168466746176
syscr: 44354779
syscw: 5022006
read_bytes: 70437028352
write_bytes: 168706338816
cancelled_write_bytes: 1150976

[2018-12-17T13:38:15-08:00]
rchar: 366636768352
wchar: 168796244562
syscr: 44407485
syscw: 5023899
read_bytes: 70473445888
write_bytes: 169036386304
cancelled_write_bytes: 1150976

[2018-12-17T13:38:18-08:00]
rchar: 367205545952
wchar: 169118068768
syscr: 44476443
syscw: 5033159
read_bytes: 70712787456
write_bytes: 169358626816
cancelled_write_bytes: 1150976

[2018-12-17T13:38:21-08:00]
rchar: 367747326282
wchar: 169416199034
syscr: 44542093
syscw: 5042452
read_bytes: 70960878080
write_bytes: 169657167872
cancelled_write_bytes: 1150976

[2018-12-17T13:38:24-08:00]
rchar: 367989068984
wchar: 169686368493
syscr: 44571334
syscw: 5046417
read_bytes: 71061225984
write_bytes: 169927786496
cancelled_write_bytes: 1159168

[2018-12-17T13:38:27-08:00]
rchar: 368866350435
wchar: 170083932130
syscr: 44677663
syscw: 5059349
read_bytes: 71393182208
write_bytes: 170325868544
cancelled_write_bytes: 1159168

[2018-12-17T13:38:30-08:00]
rchar: 369555665958
wchar: 170400392816
syscr: 44761243
syscw: 5069645
read_bytes: 71661584896
write_bytes: 170642714624
cancelled_write_bytes: 1159168

[2018-12-17T13:38:33-08:00]
rchar: 370267058597
wchar: 170725915685
syscr: 44847458
syscw: 5080022
read_bytes: 71946101248
write_bytes: 170968686592
cancelled_write_bytes: 1159168

[2018-12-17T13:38:36-08:00]
rchar: 371043461619
wchar: 171071872856
syscr: 44941591
syscw: 5092001
read_bytes: 72246333952
write_bytes: 171315089408
cancelled_write_bytes: 1159168

[2018-12-17T13:38:39-08:00]
rchar: 371772395290
wchar: 171375790624
syscr: 45029940
syscw: 5104476
read_bytes: 72493695488
write_bytes: 171619401728
cancelled_write_bytes: 1159168

[2018-12-17T13:38:42-08:00]
rchar: 371837204210
wchar: 171555649605
syscr: 45037800
syscw: 5105860
read_bytes: 72514077184
write_bytes: 171799580672
cancelled_write_bytes: 1159168

[2018-12-17T13:38:45-08:00]
rchar: 372307721991
wchar: 171954060963
syscr: 45094792
syscw: 5107663
read_bytes: 72536482304
write_bytes: 172198563840
cancelled_write_bytes: 1167360

[2018-12-17T13:38:48-08:00]
rchar: 372838949594
wchar: 172387914198
syscr: 45159157
syscw: 5109617
read_bytes: 72562782720
write_bytes: 172633096192
cancelled_write_bytes: 1167360

[2018-12-17T13:38:51-08:00]
rchar: 373191631995
wchar: 172675390971
syscr: 45201872
syscw: 5110905
read_bytes: 72582582784
write_bytes: 172921032704
cancelled_write_bytes: 1167360

[2018-12-17T13:38:54-08:00]
rchar: 373678381159
wchar: 173062561896
syscr: 45260852
syscw: 5113031
read_bytes: 72624714240
write_bytes: 173308784640
cancelled_write_bytes: 1167360

[2018-12-17T13:38:57-08:00]
rchar: 374252682484
wchar: 173345715435
syscr: 45330465
syscw: 5119698
read_bytes: 72773849600
write_bytes: 173592371200
cancelled_write_bytes: 1167360

[2018-12-17T13:39:00-08:00]
rchar: 375017496081
wchar: 173688337077
syscr: 45423180
syscw: 5129168
read_bytes: 72972362240
write_bytes: 173935456256
cancelled_write_bytes: 1167360

[2018-12-17T13:39:03-08:00]
rchar: 375795917551
wchar: 174023110009
syscr: 45517512
syscw: 5139308
read_bytes: 73147388416
write_bytes: 174270705664
cancelled_write_bytes: 1167360

[2018-12-17T13:39:06-08:00]
rchar: 376510434668
wchar: 174340661283
syscr: 45604130
syscw: 5148567
read_bytes: 73325105664
write_bytes: 174588686336
cancelled_write_bytes: 1167360

[2018-12-17T13:39:09-08:00]
rchar: 377187819247
wchar: 174627645978
syscr: 45686226
syscw: 5157414
read_bytes: 73517752832
write_bytes: 174876065792
cancelled_write_bytes: 1167360

[2018-12-17T13:39:12-08:00]
rchar: 377686633639
wchar: 174830290452
syscr: 45746679
syscw: 5164178
read_bytes: 73640358400
write_bytes: 175078989824
cancelled_write_bytes: 1167360

[2018-12-17T13:39:15-08:00]
rchar: 378223955958
wchar: 175220244042
syscr: 45811822
syscw: 5171730
read_bytes: 73775305216
write_bytes: 175469547520
cancelled_write_bytes: 1167360

[2018-12-17T13:39:18-08:00]
rchar: 378618550668
wchar: 175441591743
syscr: 45859560
syscw: 5174939
read_bytes: 73818317312
write_bytes: 175691714560
cancelled_write_bytes: 1175552

[2018-12-17T13:39:21-08:00]
rchar: 379352707663
wchar: 175719168963
syscr: 45948563
syscw: 5183351
read_bytes: 73933611520
write_bytes: 175969202176
cancelled_write_bytes: 1175552

[2018-12-17T13:39:24-08:00]
rchar: 380911743523
wchar: 176113955807
syscr: 46137551
syscw: 5203996
read_bytes: 74200101376
write_bytes: 176364515328
cancelled_write_bytes: 1175552

[2018-12-17T13:39:27-08:00]
rchar: 382554132242
wchar: 176462263512
syscr: 46336664
syscw: 5226708
read_bytes: 74424541696
write_bytes: 176713220096
cancelled_write_bytes: 1175552

[2018-12-17T13:39:30-08:00]
rchar: 382883328931
wchar: 176745360486
syscr: 46376567
syscw: 5230668
read_bytes: 74459275776
write_bytes: 176996782080
cancelled_write_bytes: 1175552

[2018-12-17T13:39:33-08:00]
rchar: 383404109217
wchar: 177124785684
syscr: 46439634
syscw: 5233102
read_bytes: 74479014400
write_bytes: 177376817152
cancelled_write_bytes: 1183744

[2018-12-17T13:39:36-08:00]
rchar: 384008740656
wchar: 177582107764
syscr: 46512902
syscw: 5235388
read_bytes: 74496365056
write_bytes: 177834889216
cancelled_write_bytes: 1183744

[2018-12-17T13:39:39-08:00]
rchar: 384599759736
wchar: 178036924635
syscr: 46584529
syscw: 5237510
read_bytes: 74514031104
write_bytes: 178290429952
cancelled_write_bytes: 1183744

[2018-12-17T13:39:42-08:00]
rchar: 384985726256
wchar: 178338566371
syscr: 46631011
syscw: 5238964
read_bytes: 74527642112
write_bytes: 178592555008
cancelled_write_bytes: 1183744

[2018-12-17T13:39:45-08:00]
rchar: 385400142426
wchar: 178639507246
syscr: 46681219
syscw: 5242536
read_bytes: 74565599744
write_bytes: 178893979648
cancelled_write_bytes: 1183744

[2018-12-17T13:39:48-08:00]
rchar: 385978845033
wchar: 178880743969
syscr: 46751369
syscw: 5253856
read_bytes: 74722796032
write_bytes: 179135565824
cancelled_write_bytes: 1187840

