Extracting RWBS and sectors to /tmp/ycsb-rocksdb/data/output_myworkloada/sectors.dat
Parsing results...

SECTOR_SIZE   RW   COUNT         RATIO (in R/W)   RATIO (Overall)
----------------------------------------------------------------------
1024          W    334622               74.291%           42.056%
256           R    248184               71.889%           31.192%
8             W    54578                12.117%            6.860%
1016          W    46708                10.370%            5.870%
512           R    21520                 6.233%            2.705%
32            R    3026                  0.877%            0.380%
16            R    2845                  0.824%            0.358%
240           R    2535                  0.734%            0.319%
24            R    2511                  0.727%            0.316%
64            R    2500                  0.724%            0.314%
8             R    2488                  0.721%            0.313%
264           W    2481                  0.551%            0.312%
128           R    2442                  0.707%            0.307%
192           R    2392                  0.693%            0.301%
152           R    2273                  0.658%            0.286%
176           R    2262                  0.655%            0.284%
208           R    2259                  0.654%            0.284%
232           R    2255                  0.653%            0.283%
160           R    2250                  0.652%            0.283%
40            R    2248                  0.651%            0.283%
168           R    2219                  0.643%            0.279%
224           R    2213                  0.641%            0.278%
104           R    2204                  0.638%            0.277%
136           R    2203                  0.638%            0.277%
200           R    2201                  0.638%            0.277%
96            R    2187                  0.633%            0.275%
48            R    2186                  0.633%            0.275%
216           R    2175                  0.630%            0.273%
144           R    2175                  0.630%            0.273%
112           R    2166                  0.627%            0.272%
184           R    2147                  0.622%            0.270%
80            R    2136                  0.619%            0.268%
56            R    2128                  0.616%            0.267%
88            R    2125                  0.616%            0.267%
120           R    2122                  0.615%            0.267%
72            R    2119                  0.614%            0.266%
248           R    1810                  0.524%            0.227%
56            W    1013                  0.225%            0.127%
24            W    501                   0.111%            0.063%
32            W    457                   0.101%            0.057%
16            W    422                   0.094%            0.053%
328           W    404                   0.090%            0.051%
488           R    396                   0.115%            0.050%
480           R    366                   0.106%            0.046%
48            W    356                   0.079%            0.045%
120           W    344                   0.076%            0.043%
496           R    317                   0.092%            0.040%
64            W    308                   0.068%            0.039%
472           R    264                   0.076%            0.033%
416           W    256                   0.057%            0.032%
88            W    243                   0.054%            0.031%
784           W    234                   0.052%            0.029%
112           W    232                   0.052%            0.029%
40            W    220                   0.049%            0.028%
296           R    215                   0.062%            0.027%
304           R    214                   0.062%            0.027%
768           W    213                   0.047%            0.027%
528           W    208                   0.046%            0.026%
464           R    202                   0.059%            0.025%
896           W    199                   0.044%            0.025%
448           R    194                   0.056%            0.024%
344           R    191                   0.055%            0.024%
408           W    190                   0.042%            0.024%
968           W    189                   0.042%            0.024%
312           R    187                   0.054%            0.024%
320           R    181                   0.052%            0.023%
384           R    176                   0.051%            0.022%
456           R    175                   0.051%            0.022%
984           W    174                   0.039%            0.022%
928           W    174                   0.039%            0.022%
904           W    167                   0.037%            0.021%
272           R    167                   0.048%            0.021%
336           R    158                   0.046%            0.020%
280           R    156                   0.045%            0.020%
328           R    153                   0.044%            0.019%
392           W    146                   0.032%            0.018%
200           W    141                   0.031%            0.018%
288           R    129                   0.037%            0.016%
192           W    124                   0.028%            0.016%
816           W    115                   0.026%            0.014%
264           R    115                   0.033%            0.014%
352           R    111                   0.032%            0.014%
296           W    104                   0.023%            0.013%
824           W    101                   0.022%            0.013%
72            W    97                    0.022%            0.012%
592           W    95                    0.021%            0.012%
128           W    95                    0.021%            0.012%
26            W    94                    0.021%            0.012%
3             W    89                    0.020%            0.011%
280           W    86                    0.019%            0.011%
80            W    85                    0.019%            0.011%
184           W    81                    0.018%            0.010%
96            W    78                    0.017%            0.010%
360           R    76                    0.022%            0.010%
104           W    76                    0.017%            0.010%
424           R    74                    0.021%            0.009%
304           W    74                    0.016%            0.009%
25            W    74                    0.016%            0.009%
23            W    74                    0.016%            0.009%
368           R    69                    0.020%            0.009%
288           W    69                    0.015%            0.009%
18            W    69                    0.015%            0.009%
792           W    63                    0.014%            0.008%
376           R    63                    0.018%            0.008%
432           R    59                    0.017%            0.007%
5             W    57                    0.013%            0.007%
424           W    57                    0.013%            0.007%
416           R    55                    0.016%            0.007%
504           R    54                    0.016%            0.007%
400           R    54                    0.016%            0.007%
17            W    54                    0.012%            0.007%
152           W    54                    0.012%            0.007%
720           W    52                    0.012%            0.007%
392           R    52                    0.015%            0.007%
15            W    52                    0.012%            0.007%
136           W    52                    0.012%            0.007%
360           W    51                    0.011%            0.006%
312           W    51                    0.011%            0.006%
440           R    50                    0.014%            0.006%
456           W    49                    0.011%            0.006%
400           W    49                    0.011%            0.006%
144           W    49                    0.011%            0.006%
6             W    47                    0.010%            0.006%
13            W    47                    0.010%            0.006%
336           W    46                    0.010%            0.006%
22            W    46                    0.010%            0.006%
19            W    46                    0.010%            0.006%
408           R    45                    0.013%            0.006%
21            W    45                    0.010%            0.006%
20            W    45                    0.010%            0.006%
168           W    45                    0.010%            0.006%
656           W    42                    0.009%            0.005%
848           W    41                    0.009%            0.005%
224           W    41                    0.009%            0.005%
1             W    41                    0.009%            0.005%
160           W    41                    0.009%            0.005%
832           W    40                    0.009%            0.005%
352           W    40                    0.009%            0.005%
12            W    40                    0.009%            0.005%
368           W    39                    0.009%            0.005%
176           W    39                    0.009%            0.005%
11            W    39                    0.009%            0.005%
888           W    38                    0.008%            0.005%
872           W    38                    0.008%            0.005%
800           W    38                    0.008%            0.005%
4             W    38                    0.008%            0.005%
440           W    38                    0.008%            0.005%
320           W    38                    0.008%            0.005%
2             W    38                    0.008%            0.005%
27            W    38                    0.008%            0.005%
28            W    37                    0.008%            0.005%
14            W    37                    0.008%            0.005%
10            W    37                    0.008%            0.005%
448           W    36                    0.008%            0.005%
384           W    36                    0.008%            0.005%
376           W    36                    0.008%            0.005%
9             W    35                    0.008%            0.004%
256           W    35                    0.008%            0.004%
248           W    35                    0.008%            0.004%
936           W    34                    0.008%            0.004%
840           W    34                    0.008%            0.004%
272           W    34                    0.008%            0.004%
432           W    33                    0.007%            0.004%
232           W    33                    0.007%            0.004%
30            W    32                    0.007%            0.004%
208           W    32                    0.007%            0.004%
240           W    31                    0.007%            0.004%
808           W    30                    0.007%            0.004%
216           W    29                    0.006%            0.004%
7             W    28                    0.006%            0.004%
864           W    27                    0.006%            0.003%
776           W    27                    0.006%            0.003%
760           W    27                    0.006%            0.003%
488           W    27                    0.006%            0.003%
464           W    27                    0.006%            0.003%
1000          W    27                    0.006%            0.003%
744           W    25                    0.006%            0.003%
640           W    25                    0.006%            0.003%
520           W    25                    0.006%            0.003%
33            W    25                    0.006%            0.003%
952           W    24                    0.005%            0.003%
616           W    24                    0.005%            0.003%
560           W    24                    0.005%            0.003%
344           W    24                    0.005%            0.003%
976           W    23                    0.005%            0.003%
856           W    22                    0.005%            0.003%
736           W    22                    0.005%            0.003%
29            W    22                    0.005%            0.003%
912           W    21                    0.005%            0.003%
504           W    21                    0.005%            0.003%
480           W    21                    0.005%            0.003%
568           W    20                    0.004%            0.003%
512           W    20                    0.004%            0.003%
880           W    19                    0.004%            0.002%
632           W    19                    0.004%            0.002%
576           W    19                    0.004%            0.002%
688           W    18                    0.004%            0.002%
672           W    18                    0.004%            0.002%
664           W    18                    0.004%            0.002%
624           W    18                    0.004%            0.002%
704           W    17                    0.004%            0.002%
552           W    17                    0.004%            0.002%
992           W    16                    0.004%            0.002%
600           W    16                    0.004%            0.002%
36            W    16                    0.004%            0.002%
696           W    15                    0.003%            0.002%
608           W    15                    0.003%            0.002%
584           W    15                    0.003%            0.002%
34            W    15                    0.003%            0.002%
31            W    15                    0.003%            0.002%
920           W    14                    0.003%            0.002%
536           W    14                    0.003%            0.002%
960           W    13                    0.003%            0.002%
728           W    13                    0.003%            0.002%
712           W    13                    0.003%            0.002%
648           W    12                    0.003%            0.002%
496           W    12                    0.003%            0.002%
35            W    12                    0.003%            0.002%
1008          W    12                    0.003%            0.002%
544           W    11                    0.002%            0.001%
42            W    11                    0.002%            0.001%
38            W    11                    0.002%            0.001%
944           W    10                    0.002%            0.001%
752           W    10                    0.002%            0.001%
472           W    10                    0.002%            0.001%
37            W    10                    0.002%            0.001%
680           W    9                     0.002%            0.001%
41            W    9                     0.002%            0.001%
1             R    8                     0.002%            0.001%
44            W    7                     0.002%            0.001%
46            W    6                     0.001%            0.001%
39            W    5                     0.001%            0.001%
51            W    4                     0.001%            0.001%
43            W    3                     0.001%            0.000%
62            W    2                     0.000%            0.000%
61            W    2                     0.000%            0.000%
58            W    2                     0.000%            0.000%
57            W    2                     0.000%            0.000%
50            W    2                     0.000%            0.000%
45            W    2                     0.000%            0.000%
63            W    1                     0.000%            0.000%
59            W    1                     0.000%            0.000%
55            W    1                     0.000%            0.000%
54            W    1                     0.000%            0.000%
49            W    1                     0.000%            0.000%


SUMMARY (512-byte sectors)
----------------------------------------------------------------------
Total read I/Os : 345232         [ 43.390%]
Total write I/Os: 450422         [ 56.610%]
Total read sectors : 85263016    [ 17.758%,   41632.332MB]
Total write sectors: 394885518   [ 82.242%,  192815.194MB]
