procs -----------------------memory---------------------- ---swap-- -----io---- -system-- --------cpu-------- -----timestamp-----
 r  b         swpd         free         buff        cache   si   so    bi    bo   in   cs  us  sy  id  wa  st                 PDT
 1  0        14488     20328012        50388     44871820    0    0   309   733    0    1   0   0  91   8   0 2018-10-25 14:18:08
 1  0        14488     20321300        50396     44872512    0    0   104     0 1945 2953   4   1  95   0   0 2018-10-25 14:18:11
 1  1        14488     20836128          600     44409444    0    0    15  5064 1725 2772   1   1  96   2   0 2018-10-25 14:18:14
 0  1        14488     33385776         1856     31874516    0    0   900     5 1717 2797   0   3  96   1   0 2018-10-25 14:18:17
 1  0        14488     33331608         5040     31901580    0    0  9416    53 2437 3194   2   1  94   4   0 2018-10-25 14:18:20
 0  1        14488     33095924         6928     31918120    0    0  6077     1 3518 15376   8   1  89   2   0 2018-10-25 14:18:23
 3  1        14488     32916528        10524     31931132    0    0  5511    75 14550 10401   6   1  90   3   0 2018-10-25 14:18:26
 3  0        14488     32767344        11660     31945952    0    0  5249    71 15202 9116  13   1  84   2   0 2018-10-25 14:18:29
 4  0        14488     32715944        12516     31952096    0    0  1951    76 18680 16583  15   1  83   1   0 2018-10-25 14:18:32
 0  2        14488     32669628        14120     31954880    0    0  1476   663 6283 6124   5   0  90   5   0 2018-10-25 14:18:35
 1  0        14488     32800708        15352     32290248    0    0 76847 31844 4997 8304   2   1  92   5   0 2018-10-25 14:18:38
 0  8        14488     32356056        15524     32600872    0    0 105353 63366 7854 8712   2   1  78  20   0 2018-10-25 14:18:41
 2 12        14488     31764212        15544     33138472    0    0 84748 93469 5544 5493   2   1  62  36   0 2018-10-25 14:18:44
 0 10        14488     31257300        16920     33603560    0    0 66659 85859 10742 5217   4   1  57  38   0 2018-10-25 14:18:47
 0  9        14488     30750260        16932     33962436    0    0 95093 79778 20254 9416   2   1  63  34   0 2018-10-25 14:18:50
 1  8        14488     30129924        16940     34553044    0    0 107624 76371 19355 9701   2   1  63  34   0 2018-10-25 14:18:53
 3  6        14488     29908692        16964     34711480    0    0 149339 102781 13591 13998   3   2  63  32   0 2018-10-25 14:18:56
 0  9        14488     29295704        16988     35284928    0    0 104363 74770 13211 10443   2   1  63  33   0 2018-10-25 14:18:59
 0  9        14488     29163424        16996     35376012    0    0 103343 65477 12324 10797   2   1  65  32   0 2018-10-25 14:19:02
 0  9        14488     29315756        17004     35178068    0    0 109779 71347 11804 14317   2   2  67  29   0 2018-10-25 14:19:05
 1  7        14488     29153468        17012     35305236    0    0 99777 91440 21651 26730   3   2  68  26   0 2018-10-25 14:19:08
 0  9        14488     28545284        17036     35814580    0    0 122908 42905 19261 25199   5   2  71  22   0 2018-10-25 14:19:11
 1 11        14488     28644236        17036     35861712    0    0  2669 120745 2976 8792   1   1  68  31   0 2018-10-25 14:19:14
 0 10        14488     28173200        17048     36322200    0    0  1358 148850 2333 3081   1   1  62  36   0 2018-10-25 14:19:17
 3  6        14488     27939456        17060     36552440    0    0  4273 70352 2204 3377   1   1  68  31   0 2018-10-25 14:19:20
 0  9        14488     27385504        17064     37113316    0    0 99271 68875 12028 12021   2   2  66  30   0 2018-10-25 14:19:23
 3  6        14488     26397988        17080     37922820    0    0 140340 95931 15652 17535   4   3  65  29   0 2018-10-25 14:19:26
 0 10        14488     26742340        17080     37541548    0    0 76608 86637 8865 10743   2   2  65  31   0 2018-10-25 14:19:29
 0  9        14488     27317920        17088     37044040    0    0 29093 99864 5101 10123   2   1  67  30   0 2018-10-25 14:19:32
 2  7        14488     26739960        17100     37597584    0    0 92209 65812 13348 14134   4   2  65  29   0 2018-10-25 14:19:35
 0 10        14488     25872272        17100     38378648    0    0 128671 117881 14316 17661   4   3  65  28   0 2018-10-25 14:19:38
 1  8        14488     26615868        17112     37763256    0    0  7423 93211 2865 8124   1   1  65  34   0 2018-10-25 14:19:41
 0  9        14488     25918288        17112     38414940    0    0 104963 78160 13147 14969   4   3  65  28   0 2018-10-25 14:19:44
 0 10        14488     25188496        17128     39058832    0    0 100185 113200 12751 15364   5   3  64  28   0 2018-10-25 14:19:47
 0  9        14488     25243412        17136     39155152    0    0 24619 100208 5064 10157   1   1  68  29   0 2018-10-25 14:19:50
 2 11        14488     24599748        17136     39738912    0    0 57768 110245 9760 10732   4   2  65  29   0 2018-10-25 14:19:53
 1  8        14488     24238468        17144     40098584    0    0  1304 115841 2124 2903   1   1  65  34   0 2018-10-25 14:19:56
 6  3        14488     24033668        17144     40296692    0    0  2817 117990 2294 3294   1   1  70  29   0 2018-10-25 14:19:59
 0  8        14488     24046088        17152     40212376    0    0 82512 65869 11656 13638   4   2  69  25   0 2018-10-25 14:20:02
 0  9        14488     25017664        17152     39341148    0    0 25744 150014 6057 11359   2   1  69  28   0 2018-10-25 14:20:05
 1  8        14488     24676768        17160     39687676    0    0 12143 96230 3814 4304   1   1  70  27   0 2018-10-25 14:20:08
 0  9        14488     24182680        17168     40177564    0    0  4059 152715 2947 3588   2   1  71  27   0 2018-10-25 14:20:11
 0  9        14488     23889736        17168     40454268    0    0 57984 114751 10060 10862   4   2  70  24   0 2018-10-25 14:20:14
 0  9        14488     23600456        17176     40736296    0    0  3129 87218 2253 3219   1   1  72  27   0 2018-10-25 14:20:17
 8  3        14488     23909000        17176     40351800    0    0 67543 97976 12588 12834   5   3  68  25   0 2018-10-25 14:20:20
 0 10        14488     23724600        17184     40532524    0    0  2844 130090 2544 8434   1   0  73  26   0 2018-10-25 14:20:23
 0  9        14488     24358780        17192     40030096    0    0 51591 50065 8865 9898   3   2  69  25   0 2018-10-25 14:20:26
 0  9        14488     23771704        17192     40572840    0    0 71393 73575 10456 11968   4   2  70  24   0 2018-10-25 14:20:29
 0 10        14488     23372220        17200     40915664    0    0 43240 110425 11715 11528   4   2  69  26   0 2018-10-25 14:20:32
 0 10        14488     23172972        17200     41107964    0    0  2457 75819 2266 6035   0   0  71  29   0 2018-10-25 14:20:35
 0 12        14488     23415132        17208     40892528    0    0  1757 117233 2164 3323   1   1  70  29   0 2018-10-25 14:20:38
 0 10        14488     23062020        17216     41245308    0    0   977 113628 2225 3025   1   1  69  30   0 2018-10-25 14:20:41
 0  9        14488     22824316        17216     41481280    0    0   777 76483 1785 2793   1   0  73  26   0 2018-10-25 14:20:44
 0  8        14488     22727184        17224     41574580    0    0  5260 136743 3083 3828   2   1  69  28   0 2018-10-25 14:20:47
 0  9        14488     22405952        17224     41886868    0    0  3309 95573 2265 3226   1   1  70  28   0 2018-10-25 14:20:50
 2  7        14488     22884336        17232     41353568    0    0 70501 59483 11138 13175   5   2  67  25   0 2018-10-25 14:20:53
 0  9        14488     23192064        17240     41031200    0    0 17249 106859 4265 5365   2   1  69  28   0 2018-10-25 14:20:56
 0 10        14488     23121392        17240     41094392    0    0  8365 78149 2689 6116   1   0  71  27   0 2018-10-25 14:20:59
 0  8        14488     23606652        17248     40750212    0    0 15751 65020 5009 9032   2   1  74  23   0 2018-10-25 14:21:02
 0  9        14488     23003508        17248     41264056    0    0 68431 135136 13103 13625   6   3  68  23   0 2018-10-25 14:21:05
 1  9        14488     22680848        17256     41554180    0    0 21156 128424 5584 11219   2   1  71  25   0 2018-10-25 14:21:08
 1  8        14488     23033108        17256     41265436    0    0 36316 49406 8262 9040   4   2  67  27   0 2018-10-25 14:21:11
 2  7        14488     22328788        17264     41894316    0    0 53452 111054 14575 11949   6   3  69  23   0 2018-10-25 14:21:14
 5  7        14488     22156340        17276     42060236    0    0  3031 119542 2700 6450   1   1  72  27   0 2018-10-25 14:21:17
 5  4        14488     22518196        17276     41873664    0    0 35757 88201 7985 10772   4   2  68  25   0 2018-10-25 14:21:20
 1  8        14488     21962296        17284     42388912    0    0 22783 124637 5923 6644   3   2  66  29   0 2018-10-25 14:21:23
 1 10        14488     21502312        17284     42849664    0    0   984 147526 2089 2969   1   1  68  30   0 2018-10-25 14:21:26
 1  8        14488     21788644        17292     42561248    0    0  3739 74977 2546 3513   1   1  75  23   0 2018-10-25 14:21:29
 0  9        14488     21442196        17300     42901936    0    0  2905 104857 2208 3057   1   1  70  28   0 2018-10-25 14:21:32
 1  9        14488     22127336        17300     42201376    0    0  4741 85020 2570 3542   1   1  70  28   0 2018-10-25 14:21:35
 0  9        14488     21754236        17308     42561240    0    0  3513 109665 2408 3324   1   1  71  27   0 2018-10-25 14:21:38
 1  8        14488     21281588        17308     43019220    0    0  3647 139686 2832 3578   2   1  71  27   0 2018-10-25 14:21:41
 0 10        14488     21515156        17316     42767464    0    0  4531 114021 2812 4233   1   1  73  25   0 2018-10-25 14:21:44
 0 11        14488     21185140        17324     43091128    0    0   832 139784 2549 8253   1   1  74  25   0 2018-10-25 14:21:47
 5  4        14488     22132608        17324     42139660    0    0  3761 97529 2477 3478   1   1  72  25   0 2018-10-25 14:21:50
 0  9        14488     22234400        17336     42015824    0    0 46255 98286 8885 10416   5   3  68  24   0 2018-10-25 14:21:53
 0 10        14488     21855336        17364     42331944    0    0 29509 114256 10354 10385   4   2  69  26   0 2018-10-25 14:21:56
 0  9        14488     22250728        17372     42077840    0    0  9409 67472 3332 6765   1   1  75  22   0 2018-10-25 14:21:59
 0  9        14488     21701116        17372     42560812    0    0 51141 71026 8436 9427   5   2  68  24   0 2018-10-25 14:22:02
 0  9        14488     21585500        17380     42591852    0    0 67528 131280 8684 17281   5   2  67  25   0 2018-10-25 14:22:05
 0 12        14488     21736776        17388     42593076    0    0 10488 125015 3038 3754   1   1  70  27   0 2018-10-25 14:22:08
 1 11        14488     21475216        17388     42855704    0    0   733 84691 2331 2745   1   1  69  30   0 2018-10-25 14:22:11
 0 12        14488     21134876        17396     43195480    0    0   881 107898 2281 3094   1   1  70  29   0 2018-10-25 14:22:14
 0  9        14488     21063328        17396     43269316    0    0  1896 78950 2352 3124   1   1  71  28   0 2018-10-25 14:22:17
 0  9        14488     21773412        17404     42554728    0    0  5464 97245 2878 4148   2   1  73  25   0 2018-10-25 14:22:20
 0  9        14488     21479044        17412     42839020    0    0  2200 87839 2126 2979   1   1  69  29   0 2018-10-25 14:22:23
 7  2        14488     21451888        17412     42842384    0    0  5107 97667 2679 3637   2   1  70  27   0 2018-10-25 14:22:26
 1  8        14488     21370144        17420     42899540    0    0  5132 137187 2902 3855   2   1  69  28   0 2018-10-25 14:22:29
 0  9        14488     21316140        17424     42941176    0    0  4659 132850 3531 3674   2   1  72  25   0 2018-10-25 14:22:32
 0  9        14488     21534168        17432     42713576    0    0  4944 147167 3179 3789   2   1  73  24   0 2018-10-25 14:22:35
 1  8        14488     21243768        17440     42995728    0    0  1781 128572 2264 3004   1   1  73  25   0 2018-10-25 14:22:38
 0  9        14488     20874220        17440     43351320    0    0  3188 108697 2537 3236   1   1  73  25   0 2018-10-25 14:22:41
 0 10        14488     20980496        17448     43220548    0    0 17172 97698 4069 6968   2   1  68  29   0 2018-10-25 14:22:44
 0  9        14488     21473500        17448     42771120    0    0 78244 63158 11048 9936   5   3  67  25   0 2018-10-25 14:22:47
 2  7        14488     21199292        17456     42976336    0    0 45905 77077 6505 7599   3   2  68  27   0 2018-10-25 14:22:50
 0 10        14488     21114636        17456     43026472    0    0 22387 129404 4319 10278   2   1  71  26   0 2018-10-25 14:22:53
 0  9        14488     21461196        17464     42827184    0    0 31885 55858 8102 5431   2   1  69  28   0 2018-10-25 14:22:56
 7  2        14488     20789436        17472     43416572    0    0 79816 66656 9922 10037   6   3  67  24   0 2018-10-25 14:22:59
 0 10        14488     20723864        17472     43463000    0    0 11464 139940 3517 10110   2   1  71  26   0 2018-10-25 14:23:02
 1 12        14488     20865240        17480     43452432    0    0 35784 79763 6505 6341   3   2  66  29   0 2018-10-25 14:23:05
 0 12        14488     20528452        17480     43788468    0    0   845 106136 1915 2700   1   1  67  32   0 2018-10-25 14:23:08
 0 11        14488     20205520        17488     44108768    0    0   757 102988 1917 2784   1   1  68  31   0 2018-10-25 14:23:11
 1  8        14488     20223872        17496     44081020    0    0  1969 67819 2209 3152   1   1  68  31   0 2018-10-25 14:23:14
 0  9        14488     20663696        17496     43556248    0    0 22980 111899 6309 7514   4   2  68  25   0 2018-10-25 14:23:17
 1  8        14488     20271768        17504     43928044    0    0  3120 111509 2448 3413   2   1  67  31   0 2018-10-25 14:23:20
 1  8        14488     20078988        17504     44098800    0    0  3937 147136 2680 4061   2   1  71  26   0 2018-10-25 14:23:23
 9  1        14488     19864744        17512     44306892    0    0  1581 141405 2451 9213   1   1  70  29   0 2018-10-25 14:23:26
 0  9        14488     20301236        17520     43890888    0    0  1091 104783 2021 2870   1   1  68  30   0 2018-10-25 14:23:29
 1  9        14488     20095060        17520     44203228    0    0  2944 93843 2340 3304   1   1  71  26   0 2018-10-25 14:23:32
 1  8        14488     20411840        17528     43873600    0    0  4320 141477 3899 3779   2   1  69  27   0 2018-10-25 14:23:35
 0  9        14488     20417916        17528     43865644    0    0  3199 97916 2981 3399   1   1  68  29   0 2018-10-25 14:23:38
 0 10        14488     20517704        17536     43676408    0    0 74904 113309 12874 10580   7   3  66  24   0 2018-10-25 14:23:41
 0 10        14488     20309084        17544     43873732    0    0  3709 105973 2351 9144   1   1  74  25   0 2018-10-25 14:23:44
 1  9        14488     20070216        17544     44009148    0    0 93744 107618 16660 12467   9   4  65  22   0 2018-10-25 14:23:47
 0 10        14488     19959360        17552     44102056    0    0  8431 87455 3011 6564   1   1  74  25   0 2018-10-25 14:23:50
 0 12        14488     20200100        17552     44058344    0    0 16788 102749 4534 7517   2   2  69  27   0 2018-10-25 14:23:53
 0  9        14488     19888764        17560     44363916    0    0  1340 96418 2185 2889   1   1  70  29   0 2018-10-25 14:23:56
 0 10        14488     19510632        17560     44736992    0    0   763 117889 2428 2870   1   1  71  27   0 2018-10-25 14:23:59
 0  9        14488     19496500        17568     44740444    0    0  1991 70252 2234 3091   1   1  69  29   0 2018-10-25 14:24:02
 1  8        14488     19136180        17576     45083664    0    0  2911 102861 2761 3355   1   1  71  27   0 2018-10-25 14:24:05
 0  8        14488     19775696        17576     44390920    0    0  7495 81349 4741 4395   3   1  69  27   0 2018-10-25 14:24:08
 0  9        14488     19406720        17584     44748908    0    0  2033 109682 2262 2972   1   1  71  26   0 2018-10-25 14:24:11
 0  9        14488     19639336        17584     44469736    0    0  3377 95985 2575 3321   1   1  71  26   0 2018-10-25 14:24:14
 0  8        14488     19846368        17592     44222748    0    0  3932 125607 2881 3870   2   1  71  25   0 2018-10-25 14:24:17
 5  4        14488     19897268        17600     44150108    0    0  3432 144794 2695 3401   2   1  72  26   0 2018-10-25 14:24:20
 0 10        14488     19841636        17604     44178988    0    0  4496 154456 3026 3654   2   1  71  26   0 2018-10-25 14:24:23
 1  8        14488     20077192        17612     43971916    0    0  1975 136371 2648 6732   1   1  72  26   0 2018-10-25 14:24:26
 3  6        14488     19713968        17612     44325900    0    0 25508 70827 4361 4988   2   1  69  27   0 2018-10-25 14:24:29
 0 10        14488     19589268        17620     44348468    0    0 59120 136745 11404 12373   6   3  68  23   0 2018-10-25 14:24:32
 0  9        14488     19864276        17628     44224896    0    0 25663 77290 4855 6941   2   2  71  26   0 2018-10-25 14:24:35
 0 12        14488     19323436        17632     44668024    0    0 54377 101794 10612 9137   6   4  65  26   0 2018-10-25 14:24:38
 0 12        14488     18840000        17640     45148060    0    0  1185 177880 2299 2909   1   1  69  29   0 2018-10-25 14:24:41
 0  9        14488     18708900        17640     45280312    0    0   196 59615 1790 6007   0   0  71  28   0 2018-10-25 14:24:44
 1  9        14488     18662740        17648     45312864    0    0  1396 107933 2201 5188   1   1  75  23   0 2018-10-25 14:24:47
 0  8        14488     19664076        17648     44554252    0    0  2440 101680 3615 3495   1   1  70  28   0 2018-10-25 14:24:50
 1  5        14488     19266924        17656     44998680    0    0  2271 136054 2671 3204   2   1  79  19   0 2018-10-25 14:24:53
 2  3        14488     18898688        17664     45361820    0    0  1320 113947 2201 3326   1   1  83  15   0 2018-10-25 14:24:56
 2  0        14488     21072048        19052     44171920    0    0  2041 40273 3187 4651   2   1  94   3   0 2018-10-25 14:24:59
 1  0        14488     21054520        19836     44177056    0    0  1632   304 2767 3872   4   2  94   1   0 2018-10-25 14:25:02
 2  0        14488     21052548        19864     44177024    0    0     1    89 2962 4214   4   2  94   0   0 2018-10-25 14:25:05
 0  0        14488     21035052        20388     44184456    0    0  2793    80 2400 3557   3   1  95   1   0 2018-10-25 14:25:08
 1  0        14488     22020688          812     43203948    0    0    73   398 1846 2853   1   2  96   1   0 2018-10-25 14:25:11
 2  0        14488     33394780         3132     31871892    0    0  2373     5 1817 2603   0   2  94   3   0 2018-10-25 14:25:14
 0  1        14488     33318496         5844     31900684    0    0  9843    59 2357 4204   2   1  95   3   0 2018-10-25 14:25:17
 0  2        14488     33146832         6788     31912588    0    0  4155   307 3389 14596   6   0  90   4   0 2018-10-25 14:25:20
 1  1        14488     33000484        10996     31923244    0    0  4851   351 10228 9081   7   0  89   3   0 2018-10-25 14:25:23
 0  1        14488     32828184        12164     31934268    0    0  4103    85 10896 8807  12   1  86   2   0 2018-10-25 14:25:26
 1  0        14488     32757336        12528     31944672    0    0  3544    67 23625 17873  16   1  82   1   0 2018-10-25 14:25:29
 0  1        14488     33248456        15756     31960556    0    0  4003  2198 11165 9568   8   1  90   2   0 2018-10-25 14:25:32
 0  9        14488     32621936        15908     32433976    0    0 112083 60991 8793 10956   2   1  76  21   0 2018-10-25 14:25:35
 1  9        14488     31953700        15932     33014340    0    0 113536 74550 10863 9762   4   1  63  32   0 2018-10-25 14:25:38
 3  9        14488     31239212        15960     33589440    0    0 113467 74018 19297 9951  11   1  54  34   0 2018-10-25 14:25:41
 0  9        14488     30562740        15960     34178388    0    0 114125 74742 13764 10556   8   1  57  34   0 2018-10-25 14:25:44
 1  8        14488     30673336        15976     34052880    0    0 56923 60415 7859 6896   1   1  64  34   0 2018-10-25 14:25:47
 0  9        14488     30445004        15984     34259280    0    0 160665 80861 10704 11908   2   1  64  33   0 2018-10-25 14:25:50
 0 12        14488     30117400        16004     34562840    0    0 74991 85952 7831 7025   1   1  54  44   0 2018-10-25 14:25:53
 0 13        14488     29671044        16016     34995840    0    0 59156 80786 5860 6217   1   1  58  40   0 2018-10-25 14:25:56
 0  9        14488     29409740        16016     35235972    0    0 63979 80493 6730 8038   1   1  59  38   0 2018-10-25 14:25:59
 3  6        14488     28545388        16164     36037848    0    0 146185 98157 13634 14953   3   2  64  31   0 2018-10-25 14:26:02
 4  6        14488     28645292        16164     35892688    0    0 103821 70018 11088 10936   2   2  63  33   0 2018-10-25 14:26:05
 0  9        14488     28191380        16172     36319420    0    0 76175 95352 7474 8517   2   1  63  34   0 2018-10-25 14:26:08
 0 10        14488     27936000        16180     36567480    0    0 14217 103784 2735 6203   1   0  64  35   0 2018-10-25 14:26:11
 0  9        14488     28347448        16312     36234096    0    0 56243 59307 5721 7098   1   1  65  33   0 2018-10-25 14:26:14
19  0        14488     28241364        16324     36298996    0    0 142877 67929 13480 15727   4   2  65  29   0 2018-10-25 14:26:17
 0  8        14488     27686588        16324     36745044    0    0 104921 74017 20516 26646   5   3  66  26   0 2018-10-25 14:26:20
 0 12        14488     27751332        16332     36738252    0    0  1657 132688 3435 3110   1   1  59  39   0 2018-10-25 14:26:23
 0 11        14488     27361328        16344     37173128    0    0  1349 140412 2121 2922   1   1  61  37   0 2018-10-25 14:26:26
 1  8        14488     27108596        16348     37424700    0    0 29695 47931 4231 5377   1   1  73  26   0 2018-10-25 14:26:29
 2  7        14488     26461368        16360     37979820    0    0 94296 69625 9421 11613   3   2  71  24   0 2018-10-25 14:26:32
 1  8        14488     26679532        16368     37716364    0    0 91147 69718 9969 12555   3   2  71  24   0 2018-10-25 14:26:35
 0  9        14488     26605240        16376     37785456    0    0 40836 122370 6085 7484   3   1  71  26   0 2018-10-25 14:26:38
 3  7        14488     26319464        16860     38071208    0    0  3453 87842 2829 3401   1   1  71  28   0 2018-10-25 14:26:41
 0 10        14488     25794692        17216     38570480    0    0 23809 158274 5061 5808   2   1  70  27   0 2018-10-25 14:26:44
 0  8        14488     26160256        17360     38312736    0    0 12004 96433 3064 9475   1   1  73  25   0 2018-10-25 14:26:47
 5  4        14488     25567248        17360     38865416    0    0 89391 69553 13305 12196   3   2  65  30   0 2018-10-25 14:26:50
 0  8        14488     24674232        17368     39660008    0    0 128745 94873 14390 17692   5   3  64  28   0 2018-10-25 14:26:53
 0 10        14488     25099704        17676     39178040    0    0 80435 93311 8702 10244   3   2  66  29   0 2018-10-25 14:26:56
 0 10        14488     25423452        18732     38846460    0    0  4053 100658 2437 9064   0   1  72  27   0 2018-10-25 14:26:59
 2 11        14488     25526108        18740     38924932    0    0 61859 109244 7847 7550   2   2  63  33   0 2018-10-25 14:27:02
 2  8        14488     25053168        18740     39397328    0    0  1776 150001 2657 3246   1   1  61  37   0 2018-10-25 14:27:05
 0  9        14488     24750520        18748     39660696    0    0 59677 72395 9482 9698   3   1  65  30   0 2018-10-25 14:27:08
 1  8        14488     24116636        18748     40212820    0    0 84460 64765 11700 13527   4   2  66  28   0 2018-10-25 14:27:11
 0  8        14488     24942472        18756     39509496    0    0 22184 139596 5829 10363   1   1  65  32   0 2018-10-25 14:27:14
 2  9        14488     24399936        18764     40051108    0    0 24699 140350 5061 6100   2   1  65  31   0 2018-10-25 14:27:17
 0  9        14488     24131104        18764     40220808    0    0 87840 81143 16958 14614   6   3  64  27   0 2018-10-25 14:27:20
 1  9        14488     23816300        18772     40499672    0    0 37296 113137 6643 11602   2   1  62  34   0 2018-10-25 14:27:23
 0  9        14488     24447324        18772     40006784    0    0 32215 73220 6417 6931   2   1  62  34   0 2018-10-25 14:27:26
 0  9        14488     23921560        18780     40471236    0    0 50331 77717 8681 9750   4   2  65  29   0 2018-10-25 14:27:29
 0 10        14488     23329804        18788     40976252    0    0 68429 94887 14853 11951   5   3  64  28   0 2018-10-25 14:27:32
 2  9        14488     23038488        18788     41263032    0    0  1091 132475 2027 7652   1   1  67  32   0 2018-10-25 14:27:35
 0 12        14488     23370316        18796     41008164    0    0  1719 109626 2276 3032   1   1  65  33   0 2018-10-25 14:27:38
 0 11        14488     23082888        18796     41296360    0    0   643 92135 1839 3202   1   1  67  32   0 2018-10-25 14:27:41
 0  8        14488     22845860        18804     41555000    0    0  1083 82968 1880 2978   1   0  69  30   0 2018-10-25 14:27:44
 5  4        14488     22890596        18812     41454876    0    0 57520 70251 9914 10545   4   2  72  23   0 2018-10-25 14:27:47
 0 10        14488     22252088        18812     41981576    0    0 67604 94812 13537 12308   4   2  70  23   0 2018-10-25 14:27:50
 9  1        14488     22717644        18820     41657332    0    0  6336 106002 3017 7565   1   1  76  22   0 2018-10-25 14:27:53
 0  9        14488     22808404        18820     41561956    0    0 67181 69883 11543 12822   5   3  68  24   0 2018-10-25 14:27:56
 0  9        14488     22742400        18836     41593972    0    0 33253 103012 10702 7646   3   2  70  24   0 2018-10-25 14:27:59
 0 10        14488     22504788        18836     41816824    0    0  7968 134254 3245 8891   1   1  77  21   0 2018-10-25 14:28:02
 3  6        14488     22890904        18844     41514692    0    0 21273 60110 5505 6283   2   1  69  27   0 2018-10-25 14:28:05
 1  8        14488     22551896        18852     41853048    0    0  3404 102265 2291 3232   1   1  72  26   0 2018-10-25 14:28:08
 0  9        14488     22613556        18852     41788304    0    0  3171 99621 2261 3213   1   1  72  26   0 2018-10-25 14:28:11
 0  9        14488     22724376        18860     41662968    0    0  7703 130683 4484 4421   2   1  72  25   0 2018-10-25 14:28:14
 8  1        14488     22609144        18860     41714896    0    0 81753 64429 14521 10153   5   3  67  25   0 2018-10-25 14:28:17
 0 10        14488     22310128        18868     41992148    0    0 20483 136757 4205 10365   2   1  75  22   0 2018-10-25 14:28:20
 1 12        14488     22442808        18876     41964368    0    0 34280 85714 8316 5653   2   2  69  27   0 2018-10-25 14:28:23
 0 11        14488     22121468        18876     42288544    0    0   929 102900 3153 2998   1   1  71  28   0 2018-10-25 14:28:26
 0 11        14488     21855000        18884     42556324    0    0   675 86357 2203 2723   1   0  69  30   0 2018-10-25 14:28:29
 0  9        14488     21796092        18884     42606532    0    0  3033 95864 6852 3442   1   1  71  27   0 2018-10-25 14:28:32
 0  8        14488     22371272        18892     42014648    0    0  6000 117373 3995 4027   2   1  72  25   0 2018-10-25 14:28:35
 0  9        14488     21998388        18900     42382604    0    0  4455 109820 3276 3489   1   1  71  27   0 2018-10-25 14:28:38
 0 10        14488     21913048        18900     42391836    0    0 37823 117548 11945 9320   5   2  67  25   0 2018-10-25 14:28:41
 0  9        14488     21729896        18908     42566952    0    0  3657 86525 2574 7979   1   0  73  26   0 2018-10-25 14:28:44
 2  8        14488     21949568        18908     42430056    0    0 22559 136257 5991 6914   4   2  71  24   0 2018-10-25 14:28:47
 1  8        14488     21971360        18916     42402144    0    0  3231 92045 2487 3643   1   1  73  26   0 2018-10-25 14:28:50
 0  9        14488     21620532        18916     42752856    0    0  2612 108565 2421 3104   1   1  71  27   0 2018-10-25 14:28:53
 0  9        14488     21866592        18924     42505180    0    0  4720 105901 2824 4152   2   1  71  26   0 2018-10-25 14:28:56
 0  9        14488     21569156        18932     42794452    0    0  2576 87723 2195 3088   1   1  74  24   0 2018-10-25 14:28:59
 0  9        14488     21618996        18932     42665612    0    0 53469 65313 6913 7237   3   2  70  25   0 2018-10-25 14:29:02
 0 10        14488     21777792        18940     42448492    0    0 26829 157636 5690 11262   2   1  72  25   0 2018-10-25 14:29:05
 6  4        14488     21757880        18940     42551344    0    0 82908 66844 10093 10850   6   3  67  24   0 2018-10-25 14:29:08
 0 10        14488     21491544        18948     42781228    0    0 58671 123414 10823 11305   5   2  71  22   0 2018-10-25 14:29:11
 0  8        14488     21819636        18956     42602724    0    0 12467 71638 3712 7070   2   1  71  26   0 2018-10-25 14:29:14
 0 10        14488     21267836        18956     43125420    0    0  4355 161099 3320 3472   1   1  69  29   0 2018-10-25 14:29:17
 0 10        14488     21013244        18964     43363812    0    0   527 75598 1645 3156   0   1  71  29   0 2018-10-25 14:29:20
 1  8        14488     21010440        18964     43336380    0    0  1359 56376 1855 3037   1   0  73  26   0 2018-10-25 14:29:23
 0  9        14488     20648164        18972     43686332    0    0  2805 106855 2301 3333   1   1  72  26   0 2018-10-25 14:29:26
 0  9        14488     21327872        18980     42999032    0    0  6899 74174 3074 3995   2   1  74  23   0 2018-10-25 14:29:29
 0  9        14488     20955408        18980     43363592    0    0  3372 109639 2407 3464   2   1  70  28   0 2018-10-25 14:29:32
 0  9        14488     21094016        18988     43208368    0    0  4284 95085 2609 3572   1   1  73  25   0 2018-10-25 14:29:35
 0  9        14488     20715420        18988     43570964    0    0  3432 109652 2296 3244   1   1  74  24   0 2018-10-25 14:29:38
 0  9        14488     20418476        18996     43858768    0    0  2071 87754 2032 3006   1   1  72  27   0 2018-10-25 14:29:41
 1  8        14488     20575004        18996     43603300    0    0  6604 154868 4856 4142   2   1  68  28   0 2018-10-25 14:29:44
 1  8        14488     20333840        19004     43825032    0    0  2268 65847 2234 3085   1   1  72  26   0 2018-10-25 14:29:47
 0 10        14488     20853200        19012     43286800    0    0  2889 140198 2673 5808   1   1  71  27   0 2018-10-25 14:29:50
 6  3        14488     21330100        19012     42945012    0    0 23979 98150 4710 4969   2   1  69  27   0 2018-10-25 14:29:53
 0  9        14488     21079640        19020     43104360    0    0 61745 92448 7845 9152   5   2  65  27   0 2018-10-25 14:29:56
 5  4        14488     20933924        19020     43225940    0    0  4937 112450 2849 3891   2   1  68  30   0 2018-10-25 14:29:59
 1  9        14488     20587904        19028     43545784    0    0 22579 142720 3921 9734   2   1  74  23   0 2018-10-25 14:30:02
 0 11        14488     21081516        19040     43196468    0    0 14264 107887 3875 4299   2   1  67  30   0 2018-10-25 14:30:05
 0 10        14488     20675872        19040     43598296    0    0  1085 128209 2233 2926   1   1  70  29   0 2018-10-25 14:30:08
 0  9        14488     20546352        19048     43722308    0    0  2149 107946 3935 3559   2   1  70  27   0 2018-10-25 14:30:11
 0  9        14488     20212356        19048     44023424    0    0  7264 80285 3367 4146   2   1  72  25   0 2018-10-25 14:30:14
 0  9        14488     20470236        19056     43699176    0    0 19451 104264 5959 6477   4   2  68  26   0 2018-10-25 14:30:17
 1  8        14488     20145320        19064     44010516    0    0  2525 93680 2254 3363   2   1  73  25   0 2018-10-25 14:30:20
 0  9        14488     20332504        19064     43790008    0    0  5108 90905 2776 3767   2   1  71  26   0 2018-10-25 14:30:23
 1  9        14488     19985900        19072     44120232    0    0  2251 170934 2755 8442   1   1  74  24   0 2018-10-25 14:30:26
 0  9        14488     20696140        19072     43555192    0    0  1916 80734 2260 3224   1   1  71  27   0 2018-10-25 14:30:29
 1  9        14488     20348208        19080     43873232    0    0 19504 70387 4642 4545   2   1  71  25   0 2018-10-25 14:30:32
 0 10        14488     20512004        19080     43566640    0    0 72949 91212 17522 10353   7   3  67  23   0 2018-10-25 14:30:35
 0  9        14488     20475160        19088     43591588    0    0  2712 96985 4325 7389   1   0  75  24   0 2018-10-25 14:30:38
 0 11        14488     20675576        19096     43529448    0    0  1263 117324 2566 2969   1   1  69  29   0 2018-10-25 14:30:41
 0 11        14488     20524616        19096     43727952    0    0   568 63235 1557 2580   1   0  76  23   0 2018-10-25 14:30:44
 1  8        14488     20215904        19104     44067036    0    0  1799 105876 2251 3149   1   1  72  26   0 2018-10-25 14:30:47
 0  9        14488     19740176        19104     44542352    0    0  3004 145591 2495 3268   2   1  72  26   0 2018-10-25 14:30:50
 0  9        14488     19443416        19112     44829664    0    0  2000 87739 2020 2992   1   1  75  24   0 2018-10-25 14:30:53
 5  4        14488     19859572        19120     44354480    0    0 10768 89812 4730 5178   3   1  70  26   0 2018-10-25 14:30:56
 0 10        14488     19432644        19120     44676336    0    0 27756 115521 7507 10700   4   2  72  22   0 2018-10-25 14:30:59
 2  9        14488     20630228        19128     43627836    0    0  7540 63438 3845 7088   2   1  70  27   0 2018-10-25 14:31:02
 0  9        14488     20167044        19128     44046292    0    0 12076 104877 4233 5146   3   1  71  25   0 2018-10-25 14:31:05
 0  8        14488     19795128        19136     44413316    0    0  3319 109754 2625 3436   2   1  71  26   0 2018-10-25 14:31:08
 1  8        14488     19646224        19144     44550808    0    0  4252 127940 2701 3587   2   1  71  26   0 2018-10-25 14:31:11
 1  9        14488     19919256        19144     44209456    0    0 31607 124036 5716 10936   3   2  71  25   0 2018-10-25 14:31:14
 0 12        14488     20128412        19152     44081280    0    0 19021 138326 5896 5015   3   2  66  29   0 2018-10-25 14:31:17
 0  9        14488     19742840        19152     44465764    0    0  1104 121092 2953 3073   1   1  71  28   0 2018-10-25 14:31:20
 1  8        14488     19506084        19160     44686192    0    0  2388 128915 2767 3287   1   1  73  25   0 2018-10-25 14:31:23
 0  8        14488     19158828        19160     45017240    0    0  2471 100016 2254 3103   1   1  72  26   0 2018-10-25 14:31:26
 0  9        14488     19586924        19168     44561576    0    0  3904 109718 3371 3624   2   1  71  26   0 2018-10-25 14:31:29
 1  9        14488     19853832        19176     44265396    0    0  4497 85715 3110 3913   2   1  71  26   0 2018-10-25 14:31:32
 2  8        14488     19380656        19176     44733832    0    0  3185 142425 3103 3940   2   1  72  26   0 2018-10-25 14:31:35
 0  8        14488     19521124        19184     44584504    0    0  2509 87112 2311 3136   1   1  71  27   0 2018-10-25 14:31:38
 0  9        14488     19878240        19184     44182980    0    0 13475 124143 3806 4496   2   1  71  25   0 2018-10-25 14:31:41
 0  9        14488     20149384        19192     43977940    0    0 42828 180322 8674 13645   4   2  70  24   0 2018-10-25 14:31:44
 1  8        14488     19847856        19200     44202612    0    0 53211 80468 8409 10455   5   3  70  23   0 2018-10-25 14:31:47
 0 12        14488     20125644        19200     44043212    0    0  2063 113274 3372 5571   1   1  74  24   0 2018-10-25 14:31:50
 0 12        14488     19845660        19208     44351704    0    0   795 97843 1947 2806   1   1  63  35   0 2018-10-25 14:31:53
 1  9        14488     19540296        19492     44685760    0    0   715 108328 1945 2793   1   1  76  23   0 2018-10-25 14:31:56
 1  8        14488     19394776        19500     44823916    0    0  1244 41079 1705 2844   1   0  72  27   0 2018-10-25 14:31:59
 2  8        14488     19029844        19508     45184436    0    0  2144 109591 2276 3433   1   1  72  26   0 2018-10-25 14:32:02
 0  8        14488     18758092        19508     45441372    0    0  2732 75163 2318 3731   1   1  73  25   0 2018-10-25 14:32:05
 0  9        14488     19181800        19516     44990304    0    0  3611 109632 2894 3463   2   1  71  27   0 2018-10-25 14:32:08
 0  9        14488     19352360        19516     44784072    0    0  5644 132379 4106 4230   3   1  70  26   0 2018-10-25 14:32:11
 0  9        14488     19407276        19524     44698152    0    0  5328 142016 3326 3985   3   1  70  26   0 2018-10-25 14:32:14
 0 10        14488     19542856        19524     44496624    0    0 21535 86674 4244 5009   3   1  70  25   0 2018-10-25 14:32:17
 0 10        14488     19334628        19532     44702912    0    0  3913 102158 2640 8654   1   0  74  25   0 2018-10-25 14:32:20
 0  8        14488     19575860        19540     44508488    0    0 59988 70872 12421 10774   9   4  68  20   0 2018-10-25 14:32:23
 0  9        14488     19372252        19540     44692128    0    0  2336 122410 2583 7342   1   1  75  23   0 2018-10-25 14:32:26
 1 10        14488     19488448        19548     44685184    0    0  1041 130976 2204 2881   1   1  67  31   0 2018-10-25 14:32:29
 0  8        14488     19139524        19548     45058580    0    0   979 118675 2205 3220   1   1  69  30   0 2018-10-25 14:32:32
 3  1        14488     18871040        19556     45358028    0    0  1927 90546 2246 3198   1   1  78  20   0 2018-10-25 14:32:35
 1  0        14488     20991304        19596     44254476    0    0   201 49895 2129 4245   1   1  95   3   0 2018-10-25 14:32:38
 2  0        14488     20981988        21044     44261588    0    0  2697   257 2602 3796   3   1  95   1   0 2018-10-25 14:32:41
 1  0        14488     20980072        21072     44261744    0    0    23    93 2921 4227   4   2  94   0   0 2018-10-25 14:32:44
 1  0        14488     20974212        21568     44268924    0    0  2659     1 2510 3468   3   2  94   1   0 2018-10-25 14:32:47
 1  1        14488     20951504        21632     44269952    0    0   165   559 2237 3403   2   1  96   1   0 2018-10-25 14:32:50
 0  1        14488     33388508         1540     31868640    0    0   589    70 1839 2917   0   3  95   2   0 2018-10-25 14:32:54
 1  1        14488     33347336         5960     31886176    0    0  6936    55 2423 3026   2   1  93   4   0 2018-10-25 14:32:57
 1  1        14488     33147844         7288     31910460    0    0  8753     1 3346 15401   7   1  91   2   0 2018-10-25 14:33:00
 2  1        14488     33038856        13080     31915920    0    0  3825    64 4473 7868   5   0  91   4   0 2018-10-25 14:33:03
 2  1        14488     32894512        13688     31925568    0    0  3248   186 8969 6000   4   0  91   4   0 2018-10-25 14:33:06
 2  1        14488     32755944        14708     31938284    0    0  4540    17 11349 8874  12   0  85   2   0 2018-10-25 14:33:09
 2  0        14488     32723720        15228     31944348    0    0  2041   589 43064 16435  14   1  82   3   0 2018-10-25 14:33:12
 0  1        14488     33235540        18384     31959344    0    0  4049  1983 8073 10472  10   1  88   1   0 2018-10-25 14:33:15
 0  9        14488     32725040        18524     32329148    0    0 89053 46086 7455 8937   1   1  79  19   0 2018-10-25 14:33:18
 3  8        14488     32033008        18536     32911848    0    0 113205 74483 11475 9842   3   1  64  32   0 2018-10-25 14:33:21
 0  9        14488     31022356        18556     33715952    0    0 157327 100131 35703 14521  10   2  57  31   0 2018-10-25 14:33:24
 4  6        14488     30437252        18580     34279268    0    0 108675 72885 18313 10663   2   1  62  34   0 2018-10-25 14:33:27
 1  8        14488     29836304        18600     34848624    0    0 111011 68180 11375 10499   2   1  63  34   0 2018-10-25 14:33:30
 1  8        14488     29831348        18612     34811744    0    0 142363 87377 13842 14410   2   2  64  31   0 2018-10-25 14:33:33
 0  9        14488     29229084        18612     35378980    0    0 107044 69253 9738 11999   2   1  63  33   0 2018-10-25 14:33:36
 1  9        14488     28474140        18620     36090672    0    0 132413 88206 12022 13903   2   2  64  32   0 2018-10-25 14:33:39
 3  7        14488     28220160        18636     36298112    0    0 121472 79109 11911 13705   3   2  63  32   0 2018-10-25 14:33:42
 0 10        14488     27866520        18636     36626924    0    0 43233 141275 9037 13663   1   1  64  34   0 2018-10-25 14:33:45
 0  9        14488     28312532        18644     36223932    0    0 82886 84748 12412 9996   2   2  65  32   0 2018-10-25 14:33:48
 0  9        14488     27679568        18648     36809644    0    0 105179 72283 10735 12195   3   2  63  33   0 2018-10-25 14:33:51
 0  9        14488     27027384        18660     37405744    0    0 105289 71353 13489 13220   3   2  63  32   0 2018-10-25 14:33:54
 2 15        14488     26383728        20472     38009856    0    0 106085 74354 11879 12824   3   2  62  33   0 2018-10-25 14:33:57
 0 10        14488     25981144        26852     38388348    0    0 40892 146844 5446 10630   2   1  63  35   0 2018-10-25 14:34:00
 4  9        14488     27159364        28836     37431132    0    0 60819 84718 7822 7963   2   2  61  36   0 2018-10-25 14:34:03
 0 12        14488     26647332        30552     37940980    0    0 43709 113234 6806 8226   2   2  58  39   0 2018-10-25 14:34:06
 5  5        14488     26236104        30580     38338756    0    0 33199 90184 6055 7898   2   1  59  37   0 2018-10-25 14:34:09
 1  8        14488     26077628        30588     38483084    0    0  9173 102967 3137 4362   1   1  63  35   0 2018-10-25 14:34:12
 0  9        14488     25741368        30592     38810084    0    0  3080 101690 2299 3823   1   1  65  33   0 2018-10-25 14:34:15
 1  8        14488     25413252        30604     39133624    0    0  3901 99336 2221 3255   1   1  67  31   0 2018-10-25 14:34:18
 0  9        14488     25946768        30608     38589584    0    0 14635 82433 3258 4566   1   1  63  35   0 2018-10-25 14:34:21
 0  9        14488     25404104        30636     39104124    0    0 51893 103390 6540 7865   2   1  63  34   0 2018-10-25 14:34:24
 1  9        14488     25078676        30644     39422572    0    0  3557 98126 3185 3301   1   1  64  34   0 2018-10-25 14:34:27
 0  9        14488     25754676        30644     38716072    0    0 36540 108918 12448 7043   2   2  64  32   0 2018-10-25 14:34:30
 0  9        14488     25373496        30652     39069640    0    0 28980 151327 5233 7984   2   1  66  31   0 2018-10-25 14:34:33
 5  4        14488     25963812        30652     38536128    0    0 78211 58890 9434 11287   4   2  64  30   0 2018-10-25 14:34:36
 5  4        14488     25287252        30664     39131096    0    0 92859 71273 11260 13680   4   2  63  30   0 2018-10-25 14:34:39
 1 10        14488     24969160        30672     39379844    0    0 98405 71136 10541 11881   4   2  64  30   0 2018-10-25 14:34:42
 4  6        14488     25545196        30672     38845072    0    0  4916 144811 2884 9989   1   1  70  29   0 2018-10-25 14:34:45
 0 11        14488     25417680        30680     39127436    0    0 48396 103103 6171 6612   2   1  63  34   0 2018-10-25 14:34:48
 0 10        14488     25140920        30680     39402792    0    0   916 87853 1757 2710   1   1  68  31   0 2018-10-25 14:34:51
 0  9        14488     24805648        30688     39734948    0    0  1200 106921 1967 3012   1   1  70  28   0 2018-10-25 14:34:54
 2  8        14488     24609152        30688     39925792    0    0  4716 111308 3971 3649   1   1  73  25   0 2018-10-25 14:34:57
 0  9        14488     24189672        30696     40344496    0    0  3257 130551 2830 3264   1   1  72  26   0 2018-10-25 14:35:00
 0  9        14488     23875784        30724     40657724    0    0  3800 95244 2922 3325   1   1  70  29   0 2018-10-25 14:35:03
 0  9        14488     24452868        30724     40075496    0    0 14292 71827 3998 4579   1   1  73  25   0 2018-10-25 14:35:06
 3  7        14488     23584476        30732     40831064    0    0 110924 128386 14775 15779   5   2  70  22   0 2018-10-25 14:35:09
 0 10        14488     23401684        30732     41007932    0    0  1661 91052 2359 8324   1   0  70  29   0 2018-10-25 14:35:12
 0  9        14488     24519288        30740     39942148    0    0 58864 57101 12615 10178   3   2  70  24   0 2018-10-25 14:35:15
 1  8        14488     24230900        30748     40178140    0    0 50891 144672 10186 9652   4   2  70  24   0 2018-10-25 14:35:18
 0  9        14488     23969084        30748     40439136    0    0  2301 81250 2118 2942   1   1  73  25   0 2018-10-25 14:35:21
 0  8        14488     23658116        30756     40683772    0    0 81653 62327 10370 9949   4   2  71  23   0 2018-10-25 14:35:24
 0 10        14488     24167052        30756     40163360    0    0 12809 112772 2915 6669   1   1  77  21   0 2018-10-25 14:35:27
 0 12        14488     24439836        30764     40118944    0    0 17835 108192 9897 8474   1   1  74  24   0 2018-10-25 14:35:30
 1 11        14488     24194172        30772     40365288    0    0   675 79185 2220 2645   1   0  72  27   0 2018-10-25 14:35:33
 0 10        14488     23867048        30772     40693016    0    0  1081 105851 2602 2918   1   1  76  22   0 2018-10-25 14:35:36
 0  9        14488     23830128        30780     40727872    0    0  3371 70288 3786 3358   1   1  73  25   0 2018-10-25 14:35:39
 5  4        14484     23530168        30780     40981688    0    0 30836 86275 9360 6641   2   1  67  29   0 2018-10-25 14:35:42
 5  4        14484     24125012        30788     40317732    0    0 33133 93665 11902 7578   3   2  65  30   0 2018-10-25 14:35:45
 0 10        14484     23645184        30796     40725596    0    0 53176 91654 11434 9796   4   2  67  27   0 2018-10-25 14:35:48
 4  6        14484     23693500        30796     40711632    0    0  5199 90608 2611 9446   1   1  70  28   0 2018-10-25 14:35:51
 0  9        14480     23481936        30804     40901392    0    0 44452 83469 7248 8728   3   2  66  29   0 2018-10-25 14:35:54
 0  9        14480     23008600        30804     41329728    0    0 53524 54645 8731 9960   4   2  67  27   0 2018-10-25 14:35:57
 0 10        14480     22678936        30812     41647672    0    0 21311 141784 5646 11242   2   1  68  29   0 2018-10-25 14:36:00
 0  9        14480     22963296        30940     41468984    0    0 78092 71096 17174 12074   6   3  66  25   0 2018-10-25 14:36:03
 0 11        14480     22865404        30948     41486332    0    0 28729 99477 4460 5150   2   1  64  32   0 2018-10-25 14:36:06
 1 10        14480     22558520        30956     41793708    0    0  1075 97624 1807 2782   1   1  68  30   0 2018-10-25 14:36:09
 0  8        14480     22459692        30956     41891608    0    0  2517 90965 2206 3361   1   1  73  26   0 2018-10-25 14:36:12
 0  9        14480     22086688        30964     42252260    0    0  3412 109603 2266 3294   1   1  71  27   0 2018-10-25 14:36:15
 8  1        14480     21810892        30964     42509812    0    0  4427 123507 2635 3534   2   1  73  25   0 2018-10-25 14:36:18
 0  9        14480     22089100        30972     42214556    0    0  3813 109571 2404 3755   2   1  71  26   0 2018-10-25 14:36:21
 1  9        14480     22469956        30980     41800876    0    0  8448 195650 4148 10916   2   1  72  26   0 2018-10-25 14:36:24
 1  8        14480     22934868        30980     41400804    0    0 43092 68771 13122 9293   4   2  68  26   0 2018-10-25 14:36:27
 2  9        14480     22515396        30988     41805712    0    0  3417 124088 2553 3430   1   1  70  28   0 2018-10-25 14:36:30
 0  9        14480     22490612        30988     41809964    0    0  7961 95888 3213 3750   1   1  71  27   0 2018-10-25 14:36:33
 0 10        14480     22446948        30996     41784796    0    0 85189 106996 9686 9938   4   2  70  23   0 2018-10-25 14:36:36
 0  9        14480     22761756        31004     41547444    0    0  8084 106253 3246 9571   1   1  66  32   0 2018-10-25 14:36:39
 1 12        14480     22248552        31004     42060816    0    0 36203 114881 6054 5929   2   2  70  26   0 2018-10-25 14:36:42
 0 11        14480     21790872        31012     42514708    0    0  1041 145461 2120 2999   1   1  71  27   0 2018-10-25 14:36:45
 7  2        14480     21466512        31016     42727952    0    0 42829 64134 8982 9822   4   2  68  25   0 2018-10-25 14:36:48
 4  6        14480     21098476        31024     43049240    0    0 20160 142606 5072 11557   3   1  71  25   0 2018-10-25 14:36:51
 0  9        14480     22142460        31032     42269612    0    0  4613 83757 2670 3491   1   1  72  26   0 2018-10-25 14:36:54
 0  9        14480     22115072        31316     42278824    0    0  4027 101680 2486 3528   1   1  73  25   0 2018-10-25 14:36:57
 0  9        14476     21814172        31324     42569408    0    0  2767 87833 2300 3636   1   1  73  25   0 2018-10-25 14:37:00
 0  9        14476     21736792        31324     42630876    0    0  6043 140840 3601 4022   2   1  70  26   0 2018-10-25 14:37:03
 0  9        14476     21873076        31332     42465220    0    0 29533 77839 5213 5212   2   2  72  25   0 2018-10-25 14:37:06
 0 10        14476     21656800        31332     42566788    0    0 82496 96949 10102 9994   5   3  69  23   0 2018-10-25 14:37:09
 1  8        14472     21658052        31340     42554832    0    0  3029 108886 2487 9719   1   1  76  23   0 2018-10-25 14:37:12
 0 12        14472     21920980        31348     42387380    0    0  1164 91005 2520 3146   1   1  69  29   0 2018-10-25 14:37:15
 1  9        14472     21634984        31348     42719304    0    0   925 105372 1997 2837   1   1  69  30   0 2018-10-25 14:37:18
 1  8        14472     21284808        31356     43069488    0    0  3531 105944 3760 3464   1   1  69  29   0 2018-10-25 14:37:21
 0  8        14472     20911860        31356     43442156    0    0  2952 114178 2365 3227   1   1  71  27   0 2018-10-25 14:37:24
 1  8        14472     21434288        31364     42903452    0    0  3163 87756 2338 3308   1   1  71  27   0 2018-10-25 14:37:27
 0  9        14472     21632080        31372     42682940    0    0  4675 92863 2618 3648   1   1  70  28   0 2018-10-25 14:37:30
 0  9        14472     21327080        31372     42974208    0    0  2732 87734 2109 3483   1   1  70  28   0 2018-10-25 14:37:33
 0  9        14472     21435068        31380     42843412    0    0  4499 119307 3124 3681   2   1  71  26   0 2018-10-25 14:37:36
 1  8        14472     20946956        31380     43313620    0    0  3556 143939 2864 3405   2   1  72  26   0 2018-10-25 14:37:39
 0  9        14472     21070996        31388     43172316    0    0 27955 83607 4172 4849   2   1  72  25   0 2018-10-25 14:37:42
 0  9        14472     21514492        31396     42657808    0    0 29444 110801 5284 11178   3   1  71  25   0 2018-10-25 14:37:45
 0  9        14472     21581700        31396     42612512    0    0 47495 43165 12665 13469   7   3  70  20   0 2018-10-25 14:37:48
 1  8        14472     21385804        31404     42795028    0    0  2308 95788 2549 9692   1   1  73  26   0 2018-10-25 14:37:51
 2 10        14472     21309408        31404     42934240    0    0  1340 120508 2045 3002   1   1  68  31   0 2018-10-25 14:37:54
 1  9        14472     20950068        31412     43349212    0    0  1500 131258 2112 3081   1   1  69  29   0 2018-10-25 14:37:57
 0  9        14472     20579232        31420     43714484    0    0  2903 111228 2377 3330   1   1  71  27   0 2018-10-25 14:38:00
 0  9        14472     20977032        31420     43313152    0    0  4803 128880 2810 3832   2   1  70  27   0 2018-10-25 14:38:03
 0  9        14472     21066516        31428     43221720    0    0  5513 119556 3166 3926   2   1  73  24   0 2018-10-25 14:38:06
 0  9        14472     21057840        31428     43202600    0    0  5259 111109 2910 4198   1   1  72  26   0 2018-10-25 14:38:09
 0  9        14472     20750592        31436     43495220    0    0  2791 87765 2637 3188   1   1  72  26   0 2018-10-25 14:38:12
 0 10        14472     20499664        31436     43629700    0    0 55795 112310 8374 8246   4   2  70  24   0 2018-10-25 14:38:15
 0 10        14472     20968964        31444     43154932    0    0  2712 100256 2117 9107   1   1  75  24   0 2018-10-25 14:38:18
 0  9        14472     20875160        31452     43258460    0    0 71312 70441 13690 13123   8   4  68  20   0 2018-10-25 14:38:21
 0 12        14472     20963480        31452     43176476    0    0  3539 141270 2897 10464   1   1  70  27   0 2018-10-25 14:38:24
 1 10        14472     20667936        31460     43554604    0    0   951 122676 2067 2879   1   1  69  30   0 2018-10-25 14:38:27
 1  8        14472     20384196        31460     43887844    0    0  1579 104673 2245 3009   1   1  71  27   0 2018-10-25 14:38:30
 0  9        14472     19899288        31468     44332788    0    0  2776 136741 3213 3375   2   1  74  24   0 2018-10-25 14:38:33
 0  9        14472     20258560        31476     43945024    0    0  5808 130539 3498 4066   2   1  71  25   0 2018-10-25 14:38:36
 0  9        14472     20639884        31476     43551012    0    0  3851 93184 2436 3815   2   1  71  27   0 2018-10-25 14:38:39
 0  9        14472     20485076        31484     43657452    0    0  4513 131603 2837 3635   2   1  71  26   0 2018-10-25 14:38:42
 5  4        14472     20262116        31484     43838652    0    0 20195 91291 6930 5160   3   1  69  27   0 2018-10-25 14:38:45
 1  9        14472     19911704        31492     44071408    0    0 27867 108248 5231 11191   2   1  72  25   0 2018-10-25 14:38:48
 4  6        14472     20410324        31500     43699280    0    0 38848 107509 8759 7352   4   3  71  23   0 2018-10-25 14:38:51
 0  9        14472     20225328        31500     43784752    0    0 39347 102675 8392 11709   5   2  71  22   0 2018-10-25 14:38:54
 0 12        14472     20474788        31512     43609428    0    0  2057 95562 2505 5887   1   1  70  28   0 2018-10-25 14:38:57
 0 12        14472     20184320        31516     43894424    0    0   693 91299 1853 2727   1   1  71  28   0 2018-10-25 14:39:00
 0 10        14472     19915204        31524     44159516    0    0   695 86090 1798 2767   1   1  69  29   0 2018-10-25 14:39:03
 0  9        14472     19624660        31532     44469444    0    0  1707 95746 2039 3067   1   1  73  26   0 2018-10-25 14:39:06
 0  9        14472     19239872        31532     44835044    0    0  2937 109714 2258 3268   1   1  72  25   0 2018-10-25 14:39:09
 0  9        14472     18920524        31540     45133584    0    0  2996 87841 2641 3639   1   1  74  24   0 2018-10-25 14:39:12
 0  9        14472     19309068        31540     44707636    0    0  5280 116237 4628 4077   2   1  70  26   0 2018-10-25 14:39:15
 3  5        14472     18897972        31548     45096696    0    0  3389 116618 2614 3658   2   1  71  27   0 2018-10-25 14:39:18
 1  8        14472     19379464        31548     44610712    0    0  4403 133408 2831 3700   2   1  70  27   0 2018-10-25 14:39:21
 0  9        14472     19670560        31556     44314032    0    0  3475 109542 3345 3483   2   1  70  28   0 2018-10-25 14:39:24
 0 10        14472     19844648        31564     44077888    0    0 22293 89904 4773 5264   2   1  72  25   0 2018-10-25 14:39:27
 0 10        14472     19635004        31564     44283196    0    0  3873 102368 2835 10957   1   1  74  25   0 2018-10-25 14:39:30
 4  4        14472     19985604        31572     44079040    0    0 52848 35327 12387 10007   7   4  67  23   0 2018-10-25 14:39:33
 0 12        14472     20009864        31572     44010608    0    0  9781 181190 4749 10605   3   2  69  27   0 2018-10-25 14:39:36
 0 10        14472     19818220        31580     44294964    0    0   721 91745 2017 2923   1   1  69  30   0 2018-10-25 14:39:39
 0  9        14472     19376004        31588     44724808    0    0  1419 135474 2424 3649   1   1  71  27   0 2018-10-25 14:39:42
 4  5        14472     19358964        31588     44728136    0    0  3563 82056 2436 3475   1   1  72  25   0 2018-10-25 14:39:45
 0  9        14472     19486656        31596     44568832    0    0  5364 109583 3211 4056   2   1  71  26   0 2018-10-25 14:39:48
 0  9        14472     19492372        31596     44537092    0    0  3657 94395 2638 3645   2   1  70  28   0 2018-10-25 14:39:51
 0  9        14472     19039864        31604     44968980    0    0  2785 131711 2600 3377   2   1  68  30   0 2018-10-25 14:39:54
 0  9        14472     18665976        31612     45325972    0    0  1868 109687 2151 3112   1   1  72  26   0 2018-10-25 14:39:57
 6  3        14472     18928040        31612     45032176    0    0  3823 73166 2536 3679   2   1  71  26   0 2018-10-25 14:40:00
 0  8        14472     18623268        31620     45318096    0    0  2635 97645 2287 3201   1   1  68  29   0 2018-10-25 14:40:03
 0 10        14472     19339912        31620     44567092    0    0 15749 154697 4858 11012   2   1  71  26   0 2018-10-25 14:40:06
 5  3        14472     19422692        31628     44548084    0    0 66844 63667 9828 10020   6   3  66  24   0 2018-10-25 14:40:09
 1  9        14472     19015896        31628     44910304    0    0 30739 146031 5881 12900   3   2  72  23   0 2018-10-25 14:40:12
 1 10        14472     19373604        31636     44746260    0    0  3543 113006 2390 3092   1   1  71  27   0 2018-10-25 14:40:15
 0  9        14472     18946568        31644     45168180    0    0   744 134625 2090 3035   1   1  74  24   0 2018-10-25 14:40:18
 0  4        14472     18905532        31644     45238852    0    0  1108 80435 1958 2920   1   1  80  19   0 2018-10-25 14:40:21
 1  0        14472     20984728        31652     44247160    0    0   357 72937 2099 3568   1   1  93   5   0 2018-10-25 14:40:24
 2  0        14472     20955960        33928     44254184    0    0  3053   535 2537 3437   2   1  95   2   0 2018-10-25 14:40:27
 1  0        14472     20955924        34120     44256316    0    0   200   329 2859 4281   4   2  94   0   0 2018-10-25 14:40:30
 1  0        14472     20962248        34136     44256740    0    0    56     3 2654 3774   4   2  94   0   0 2018-10-25 14:40:33
 1  0        14472     20939452        34712     44264784    0    0  2753   336 2241 3392   2   1  95   2   0 2018-10-25 14:40:36
 1  0        14472     25484412          672     39754544    0    0    41   307 1874 2941   1   3  95   1   0 2018-10-25 14:40:39
 0  2        14472     33379340         3216     31877752    0    0  3951    11 1833 2498   0   2  94   4   0 2018-10-25 14:40:42
 0  1        14472     33306480         6508     31904860    0    0  9843    61 2602 5225   2   1  95   2   0 2018-10-25 14:40:45
 3  1        14472     33089484         9644     31914876    0    0  4160    71 3747 16527   9   1  89   2   0 2018-10-25 14:40:48
 2  2        14472     33010492        11812     31920008    0    0  2432     0 9480 6146   6   0  89   5   0 2018-10-25 14:40:51
 5  1        14472     32806988        12316     31928428    0    0  2937   781 9711 6105   7   1  88   4   0 2018-10-25 14:40:54
 6  1        14472     32724964        13144     31942948    0    0  5007    13 24596 14574  13   1  85   2   0 2018-10-25 14:40:57
 1  1        14472     32702536        14344     31948272    0    0  1987   149 19210 10967  13   1  85   2   0 2018-10-25 14:41:00
 0  9        14472     32852080        16748     32216432    0    0 69501 30736 10407 11744   7   1  85   7   0 2018-10-25 14:41:03
 1  8        14472     32206852        16752     32767376    0    0 108573 69307 10393 9263   2   1  64  33   0 2018-10-25 14:41:06
 4  8        14472     31341660        16776     33459112    0    0 134987 89643 21469 11628  12   1  55  32   0 2018-10-25 14:41:09
 0  9        14472     30660188        18456     34057964    0    0 118604 72274 22845 11272   4   2  61  33   0 2018-10-25 14:41:12
 0  9        14472     30442508        18468     34252264    0    0 115820 71097 16281 11194   2   1  64  33   0 2018-10-25 14:41:15
 0  9        14472     30283576        18480     34367528    0    0 113640 71089 11087 11544   2   1  64  32   0 2018-10-25 14:41:18
 2  8        14472     29662844        18492     34956660    0    0 113000 70652 15283 12084   2   1  64  33   0 2018-10-25 14:41:21
 0  9        14472     29042696        18504     35546196    0    0 111240 73988 10574 11601   2   1  62  34   0 2018-10-25 14:41:24
 2  7        14472     29395760        18504     35160024    0    0 104128 65534 9062 10708   2   1  64  33   0 2018-10-25 14:41:27
 2  6        14472     29210000        18516     35326096    0    0 77348 33680 6767 8004   1   1  65  33   0 2018-10-25 14:41:30
 6  8        14472     29348596        18520     35260904    0    0 39217 144000 10510 14614   2   1  62  35   0 2018-10-25 14:41:33
 0 11        14472     29060160        18528     35610028    0    0 36788 73672 9661 6811   1   1  57  41   0 2018-10-25 14:41:36
 3 11        14472     28624732        18536     36028100    0    0 40472 89473 8680 8227   2   1  56  41   0 2018-10-25 14:41:39
 0  9        14472     28087724        18544     36533240    0    0 77389 76525 9596 10430   2   1  62  35   0 2018-10-25 14:41:42
 3  6        14472     27464676        18552     37102764    0    0 99293 71275 9979 11868   3   1  63  33   0 2018-10-25 14:41:45
 0  9        14472     26851124        18552     37664856    0    0 97683 68609 9522 11700   2   2  63  32   0 2018-10-25 14:41:48
 0 10        14472     27065872        18560     37415300    0    0 78774 95507 8153 10689   3   1  63  34   0 2018-10-25 14:41:51
 0 10        14472     26778004        18568     37698560    0    0  1216 124399 2453 8255   1   0  68  31   0 2018-10-25 14:41:54
 0  9        14472     27571696        18856     37024908    0    0  2415 71865 2511 3012   1   1  66  33   0 2018-10-25 14:41:57
 0  9        14472     26966908        18864     37607256    0    0 79828 94548 10108 10889   3   2  66  29   0 2018-10-25 14:42:00
 0  9        14472     26348952        18864     38177348    0    0 96276 69885 10257 12051   3   2  65  29   0 2018-10-25 14:42:03
 6  4        14472     25725364        18872     38731272    0    0 92193 65875 10090 12149   3   2  65  30   0 2018-10-25 14:42:06
 1 10        14472     25411736        18872     39008288    0    0 45563 108623 6375 10113   2   1  68  29   0 2018-10-25 14:42:09
19  1        14472     25913364        18880     38554148    0    0 41668 83353 6906 10234   3   1  66  30   0 2018-10-25 14:42:12
 0 12        14472     26045880        18888     38402940    0    0 58028 112735 6608 7256   2   2  66  31   0 2018-10-25 14:42:15
 0 11        14472     25742376        18888     38706332    0    0  1021 98295 1882 2827   1   1  66  33   0 2018-10-25 14:42:18
 0  9        14472     25458816        18896     38966928    0    0 39771 98570 6208 7472   2   1  69  27   0 2018-10-25 14:42:21
 1  8        14472     25642204        18896     38722852    0    0 69657 86366 9767 11719   3   2  66  29   0 2018-10-25 14:42:24
 5  6        14472     25112536        18904     39215664    0    0 34719 114213 5662 7240   3   1  67  29   0 2018-10-25 14:42:27
 1 10        14472     24884452        18912     39424264    0    0 12435 129050 3676 10640   1   1  66  32   0 2018-10-25 14:42:30
 1  9        14472     25194344        19164     39311432    0    0 44005 77744 7305 8254   2   2  66  30   0 2018-10-25 14:42:33
 5  5        14472     24773144        19172     39726068    0    0 15957 112543 4028 5025   2   1  65  32   0 2018-10-25 14:42:36
 1  9        14472     24611100        19172     39824184    0    0 119987 82005 13982 14667   5   3  65  27   0 2018-10-25 14:42:39
 2  8        14472     24870860        19180     39492292    0    0 20968 123866 5265 12582   2   1  68  29   0 2018-10-25 14:42:42
 1 11        14472     24939652        19188     39507516    0    0  1709 139440 2255 2987   1   1  68  31   0 2018-10-25 14:42:45
 2 10        14472     24671408        19188     39811152    0    0   893 96989 1828 2829   1   1  68  31   0 2018-10-25 14:42:48
 1  9        14472     24123372        19196     40369880    0    0 46643 115198 7023 9171   3   2  67  28   0 2018-10-25 14:42:51
 1  9        14472     23831524        19196     40654752    0    0  2833 87780 2051 3556   1   1  68  31   0 2018-10-25 14:42:54
 1  9        14472     23485796        19204     40990544    0    0  3849 102209 2568 3713   1   1  70  28   0 2018-10-25 14:42:57
 3  7        14472     23815952        19212     40589876    0    0 51227 74862 8318 9341   3   2  67  29   0 2018-10-25 14:43:00
 1 10        14472     23346372        19212     40996632    0    0 37263 149440 6557 13618   3   2  66  30   0 2018-10-25 14:43:03
 2  8        14472     24311868        19220     40186796    0    0 28972 64923 5446 6518   2   1  66  31   0 2018-10-25 14:43:06
 1  9        14472     23853268        19220     40641832    0    0  4229 141149 2485 3411   1   1  67  30   0 2018-10-25 14:43:09
 1  9        14472     23929460        19228     40559012    0    0  4964 95953 2989 3627   1   1  68  30   0 2018-10-25 14:43:12
 4  6        14472     23373144        19236     41055612    0    0 53325 82969 8007 9930   4   2  70  24   0 2018-10-25 14:43:15
 3  7        14472     23942348        19236     40406688    0    0 84808 78678 8940 9649   4   2  71  24   0 2018-10-25 14:43:18
 1 10        14472     23594172        19244     40729144    0    0 23253 157916 4457 10999   2   1  74  24   0 2018-10-25 14:43:21
 2  9        14472     23726344        19244     40675388    0    0 15956 109261 4703 4234   1   1  68  29   0 2018-10-25 14:43:24
 1 10        14472     23324592        19252     41074596    0    0  1021 128857 2227 3694   1   1  72  26   0 2018-10-25 14:43:27
 1  9        14472     23195028        19252     41197460    0    0  2684 99939 2207 3134   1   1  73  25   0 2018-10-25 14:43:30
 1  9        14472     22868664        19260     41514476    0    0  3693 96435 2297 3256   1   1  75  23   0 2018-10-25 14:43:33
 1  9        14472     23416444        19268     40931400    0    0 28864 44070 5321 6698   2   1  72  24   0 2018-10-25 14:43:36
 1  9        14472     22985076        19268     41354444    0    0  3304 131579 2337 3290   1   1  72  26   0 2018-10-25 14:43:39
 2  8        14472     22710112        19276     41615440    0    0  4017 105915 2488 3502   1   1  73  25   0 2018-10-25 14:43:42
 1 10        14472     22659516        19276     41595636    0    0 52957 118910 10803 12593   4   2  70  25   0 2018-10-25 14:43:45
 2  8        14472     23518448        19284     40889060    0    0 32825 85457 6443 10389   3   2  68  27   0 2018-10-25 14:43:48
 1  9        14472     22895756        19292     41423992    0    0 61952 74133 9979 11607   5   2  67  25   0 2018-10-25 14:43:51
 1 10        14472     22576620        19292     41678624    0    0 29292 115126 8409 9349   3   1  72  24   0 2018-10-25 14:43:54
 1  8        14472     22826228        19300     41559960    0    0 36117 93915 7312 11849   4   2  67  27   0 2018-10-25 14:43:57
 1 10        14472     22428476        19300     41872480    0    0 53375 167334 6462 7201   4   2  68  27   0 2018-10-25 14:44:00
 2 10        14472     22155220        19308     42145320    0    0   677 88039 1652 2683   1   0  67  32   0 2018-10-25 14:44:03
 1  9        14472     22065488        19316     42234388    0    0  1643 87866 1989 3031   1   1  73  26   0 2018-10-25 14:44:06
 1  9        14472     21629568        19316     42661828    0    0  3223 131598 2367 3282   1   1  73  25   0 2018-10-25 14:44:09
 1  9        14472     21215288        19324     43059912    0    0  3076 122883 2362 3248   1   1  73  25   0 2018-10-25 14:44:12
 1 10        14472     21709948        19324     42494968    0    0 13807 134515 5103 10208   2   1  73  24   0 2018-10-25 14:44:15
 9  1        14472     22553872        19332     41719516    0    0 51055 54362 16627 10156   4   3  68  25   0 2018-10-25 14:44:18
 1  9        14472     21910936        19332     42281788    0    0 31744 122669 7966 8088   4   2  70  24   0 2018-10-25 14:44:21
 1  9        14472     21611068        19340     42569332    0    0  2629 87747 2111 3114   1   1  74  25   0 2018-10-25 14:44:24
 1  9        14472     21582128        19348     42579656    0    0  4281 101099 2496 3553   2   1  71  27   0 2018-10-25 14:44:27
 1 10        14472     21433272        19348     42723992    0    0  1237 123477 2136 5717   1   0  80  19   0 2018-10-25 14:44:30
 2  9        14472     21152380        19356     42994672    0    0   623 85978 1870 6066   1   0  72  27   0 2018-10-25 14:44:33
 5  5        14472     21865748        19356     42374192    0    0 56493 63717 11351 8058   4   3  67  26   0 2018-10-25 14:44:36
 1 10        14472     21671056        19368     42483260    0    0 74159 90070 11716 9174   5   3  68  24   0 2018-10-25 14:44:39
 1  9        14472     22033088        19376     42284776    0    0  8843 87668 3552 8547   1   1  75  23   0 2018-10-25 14:44:42
 1 11        14472     21705352        19376     42651952    0    0  2292 113126 2699 3029   1   1  68  30   0 2018-10-25 14:44:45
 1 10        14472     21421616        19384     42930932    0    0   844 90956 1942 2756   1   1  69  30   0 2018-10-25 14:44:48
 2  8        14472     21352856        19384     42990076    0    0  2565 95781 2261 3199   1   1  72  26   0 2018-10-25 14:44:51
 1  9        14472     21010028        19392     43318476    0    0  3080 99367 2180 3177   1   1  71  27   0 2018-10-25 14:44:54
 1  9        14472     21646460        19400     42660916    0    0  4673 92420 2730 3644   1   1  69  29   0 2018-10-25 14:44:57
 7  5        14472     21198932        19400     43043768    0    0 25823 73557 8297 7144   3   2  71  24   0 2018-10-25 14:45:00
 1 10        14472     21313904        19428     42836348    0    0 29041 108348 6844 7895   4   2  69  25   0 2018-10-25 14:45:03
 1 10        14472     21114180        19428     43026356    0    0  2175 99419 2438 8876   1   1  76  23   0 2018-10-25 14:45:06
 4  6        14472     21637076        19436     42699660    0    0 19416 68789 6120 6831   3   2  69  26   0 2018-10-25 14:45:09
 1  9        14472     21616516        19444     42719192    0    0  3413 97531 2540 3498   2   1  72  26   0 2018-10-25 14:45:12
 1  9        14472     21182208        19444     43148232    0    0  3121 131578 2460 3331   1   1  69  28   0 2018-10-25 14:45:15
 2  9        14472     21275184        19452     43040048    0    0  3984 63204 2461 3495   1   1  72  26   0 2018-10-25 14:45:18
 5  5        14472     21409844        19452     42885700    0    0  3725 90433 2390 3398   1   1  73  25   0 2018-10-25 14:45:21
 1 10        14472     21065112        19460     43147164    0    0 50569 79234 6576 7407   4   2  73  21   0 2018-10-25 14:45:24
 1 10        14472     20903584        19460     43301640    0    0  2679 82032 2033 7667   0   0  77  22   0 2018-10-25 14:45:27
 8  2        14472     21329596        19468     42934540    0    0 56352 52356 7931 8076   5   3  67  26   0 2018-10-25 14:45:30
 5  5        14472     20861096        19476     43328576    0    0 54479 134243 8662 8202   5   3  67  25   0 2018-10-25 14:45:33
 1 11        14472     20483908        19476     43704920    0    0   787 119985 2056 2900   1   1  67  32   0 2018-10-25 14:45:36
 1  9        14472     20267528        19484     43910000    0    0  3084 123740 6662 3902   2   1  69  28   0 2018-10-25 14:45:39
 2  9        14472     20784252        19484     43377088    0    0  3225 112369 3573 3259   1   1  71  26   0 2018-10-25 14:45:42
 1 10        14472     20655648        19492     43505724    0    0  1135 87875 3169 6230   1   0  78  21   0 2018-10-25 14:45:45
 2  8        14472     21133112        19500     43138256    0    0  2913 131723 4487 5506   2   1  67  30   0 2018-10-25 14:45:48
 1  9        14472     20785916        19500     43485228    0    0  2373 105459 2148 3123   1   1  70  28   0 2018-10-25 14:45:51
 2  8        14472     20819300        19508     43451496    0    0  4212 88333 2587 3682   1   1  71  26   0 2018-10-25 14:45:54
 2  7        14472     20712804        19508     43487800    0    0 59133 57375 7889 8363   5   3  68  24   0 2018-10-25 14:45:57
 1  9        14472     20771788        19516     43372764    0    0  9823 120366 5244 10344   2   1  75  21   0 2018-10-25 14:46:00
 1 11        14472     20900428        19516     43337388    0    0  1315 120014 3361 3184   1   1  66  32   0 2018-10-25 14:46:03
 1 10        14472     20633612        19524     43602260    0    0   776 85367 1825 2817   1   0  68  31   0 2018-10-25 14:46:06
 1  8        14472     20366296        19532     43864660    0    0  2289 79819 2111 3197   1   1  71  27   0 2018-10-25 14:46:09
 1  9        14472     20007224        19532     44222016    0    0  2109 109559 2288 3822   2   1  70  27   0 2018-10-25 14:46:12
 1  9        14472     19717676        19544     44511396    0    0  2175 87767 2035 3015   1   1  72  26   0 2018-10-25 14:46:15
 2  8        14472     20148464        19544     44049160    0    0  5113 94219 2769 3730   2   1  73  25   0 2018-10-25 14:46:18
 1  9        14472     19773448        19552     44408668    0    0  2889 108554 2291 3210   1   1  70  28   0 2018-10-25 14:46:21
 1  9        14472     20181060        19560     43960768    0    0  6937 139086 3858 4439   2   1  69  27   0 2018-10-25 14:46:24
 1 10        14472     20227908        19560     43817008    0    0 48323 85318 7654 7849   4   2  69  24   0 2018-10-25 14:46:27
 2  8        14472     20897176        19568     43227208    0    0 16693 115120 6055 10916   2   1  69  28   0 2018-10-25 14:46:30
 1  9        14472     20186952        19568     43825912    0    0 73661 129051 17778 14765   8   3  71  18   0 2018-10-25 14:46:33
 1 12        14472     20395008        19576     43733716    0    0  1643 95778 2772 5738   1   1  75  23   0 2018-10-25 14:46:36
 1 11        14472     20111648        19588     44106728    0    0  1328 155339 2520 3051   1   1  68  30   0 2018-10-25 14:46:39
 1  8        14472     19913676        19588     44302536    0    0   856 63566 2109 3285   1   0  73  26   0 2018-10-25 14:46:42
 2  8        14472     19571568        19596     44672932    0    0  3233 110854 3155 3386   2   1  69  28   0 2018-10-25 14:46:45
 2  8        14472     20231192        19596     43943188    0    0  7481 138410 4153 4370   2   2  69  27   0 2018-10-25 14:46:48
 1  9        14472     19767156        19604     44387160    0    0  3113 134344 2456 3329   2   1  69  28   0 2018-10-25 14:46:51
 4  6        14472     19465312        19604     44677604    0    0  2231 87748 2111 3109   1   1  72  26   0 2018-10-25 14:46:54
 1  9        14472     19285524        19612     44836008    0    0  4979 146066 3461 3888   2   1  68  29   0 2018-10-25 14:46:57
 1 10        14472     19890784        19620     44158988    0    0 28169 114169 4827 8023   3   1  71  25   0 2018-10-25 14:47:00
 1  9        14472     20154880        19620     43955228    0    0 37428 91652 7668 9402   4   2  70  25   0 2018-10-25 14:47:03
 2  8        14472     19679608        19628     44400436    0    0 13248 113556 4839 5205   3   1  71  24   0 2018-10-25 14:47:06
 1  9        14472     19344476        19628     44720564    0    0  2132 97856 2108 3073   1   1  73  25   0 2018-10-25 14:47:09
 1 10        14472     19290920        19636     44726876    0    0 15543 93429 3523 4669   2   1  75  22   0 2018-10-25 14:47:12
 1  9        14472     19861364        19644     44151296    0    0  1395 83799 1922 8293   1   1  78  21   0 2018-10-25 14:47:15
 2 10        14472     19976540        19644     44198312    0    0  1152 135415 2121 2925   1   1  67  31   0 2018-10-25 14:47:18
 9  1        14472     19637872        19652     44528268    0    0  1627 102957 2161 3118   1   1  71  28   0 2018-10-25 14:47:21
 1  9        14472     19198412        19652     44961028    0    0  2620 131492 2401 3234   2   1  71  26   0 2018-10-25 14:47:24
 1  9        14472     18966884        19660     45180140    0    0  1684 65813 1882 3042   1   1  71  27   0 2018-10-25 14:47:27
 6  4        14472     18827508        19668     45302512    0    0  4096 129101 3216 3621   2   1  71  26   0 2018-10-25 14:47:30
 1  9        14472     18929584        19668     45197384    0    0  2631 109550 2534 3328   2   1  68  29   0 2018-10-25 14:47:33
 1  9        14472     19520672        19676     44587656    0    0  6309 120104 3919 4364   2   1  69  27   0 2018-10-25 14:47:36
 1  9        14472     19001648        19676     45089528    0    0  3173 154074 4074 3469   2   1  72  25   0 2018-10-25 14:47:39
 1 10        14472     18974480        19684     45055516    0    0 15792 134970 5414 5363   3   2  67  28   0 2018-10-25 14:47:42
 1 10        14472     18781580        19692     45236800    0    0  3568 100374 2538 9216   1   0  76  23   0 2018-10-25 14:47:45
 8  2        14472     19617636        19692     44439288    0    0 54673 39692 11601 10556   7   4  68  21   0 2018-10-25 14:47:48
 1 12        14472     19775704        19700     44288548    0    0  2511 160619 2960 9055   1   1  72  25   0 2018-10-25 14:47:51
 2 10        14472     19396848        19700     44743396    0    0  1021 145665 2154 2973   1   1  70  28   0 2018-10-25 14:47:54
 2  8        14472     19098632        19708     45040012    0    0  1297 93083 2066 3098   1   1  72  27   0 2018-10-25 14:47:57
 5  4        14472     18697476        19708     45429688    0    0  2749 116930 2379 3284   1   1  73  25   0 2018-10-25 14:48:00
 1  9        14472     19146444        19716     44940624    0    0  4349 101997 3381 3668   2   1  70  27   0 2018-10-25 14:48:03
 1  9        14472     19157044        19724     44902552    0    0  3475 136325 3027 3716   2   1  68  29   0 2018-10-25 14:48:06
 2  8        14472     18683820        19724     45363492    0    0  2832 140521 5781 3489   2   1  71  27   0 2018-10-25 14:48:09
 1  9        14472     18368892        19732     45667216    0    0  2587 89848 3752 3149   1   1  68  30   0 2018-10-25 14:48:12
 1  9        14472     18237364        19732     45764080    0    0  3557 143340 3882 4109   2   1  72  25   0 2018-10-25 14:48:15
 1  1        14472     19656688        19740     44312300    0    0 21004 98398 4249 6311   2   1  88   9   0 2018-10-25 14:48:18
 3  0        14472     20915300        22052     44309980    0    0  3063   564 2829 5316   2   1  95   2   0 2018-10-25 14:48:21
 3  0        14472     20934912        22224     44311156    0    0   205   265 2758 3852   4   2  94   0   0 2018-10-25 14:48:24
 2  0        14472     20927192        22256     44311208    0    0     1    85 2860 4144   4   2  94   0   0 2018-10-25 14:48:27
 1  0        14472     20898552        22876     44318856    0    0  2820   240 2486 3557   3   2  94   1   0 2018-10-25 14:48:30
 2  0        14472     21667940          668     43571940    0    0    27   320 1903 2942   1   2  96   1   0 2018-10-25 14:48:33
 2  1        14472     33380884         2248     31872528    0    0  2233    70 2361 3233   1   2  93   4   0 2018-10-25 14:48:36
 1  1        14472     33324084         5532     31896748    0    0  9205    76 2464 3575   2   1  95   2   0 2018-10-25 14:48:39
 0  2        14472     33145284         6368     31911572    0    0  4864   584 3282 14706   7   0  90   3   0 2018-10-25 14:48:42
 0  2        14472     33026056        11144     31917692    0    0  3784     0 6945 8477   5   0  91   4   0 2018-10-25 14:48:45
 5  0        14472     32839808        11912     31929104    0    0  3888    89 20786 9425  10   1  88   2   0 2018-10-25 14:48:48
 3  1        14472     32737176        12488     31942932    0    0  4655     9 21477 14693  18   1  80   2   0 2018-10-25 14:48:51
 2  0        14472     32664568        15696     31949888    0    0  2936   148 12621 11124  11   1  87   2   0 2018-10-25 14:48:54
 1  0        14472     32646356        15832     32358108    0    0 101106 31781 4439 7843   2   1  94   3   0 2018-10-25 14:48:57
 2  9        14472     32206084        15840     32684536    0    0 102329 76786 8967 9501   2   1  71  25   0 2018-10-25 14:49:00
 1 12        14472     31640284        15892     33109356    0    0 117965 79946 25724 9144   6   1  59  33   0 2018-10-25 14:49:03
 3 10        14472     31152860        15904     33565820    0    0 66689 81045 7820 5819   1   1  60  38   0 2018-10-25 14:49:06
 1  9        14472     30686848        15924     33965572    0    0 102568 113181 14547 8736   1   1  64  34   0 2018-10-25 14:49:09
 1  9        14472     30053128        16088     34563752    0    0 111348 75372 15456 10435   2   1  64  33   0 2018-10-25 14:49:12
 1  9        14472     29413504        16092     35156184    0    0 109800 74325 12972 10705   2   1  64  33   0 2018-10-25 14:49:15
 1  9        14472     28792356        17200     35741120    0    0 107773 74438 12536 10880   2   1  63  34   0 2018-10-25 14:49:18
 2  7        14472     28879388        17208     35621256    0    0 103027 69110 13468 11035   2   1  63  34   0 2018-10-25 14:49:21
 1  7        14472     29096052        17216     35365640    0    0 105204 57124 15966 13581   2   2  63  33   0 2018-10-25 14:49:24
 0  9        14472     28877896        17216     35571352    0    0 11465 126493 4560 10172   1   1  77  22   0 2018-10-25 14:49:27
 2  6        14472     28983236        17228     35434152    0    0 113369   651 26040 23092   4   2  66  28   0 2018-10-25 14:49:30
 0  9        14472     28480864        17240     35883372    0    0 108903 73884 25827 24980   4   3  71  22   0 2018-10-25 14:49:33
 1  8        14472     28287888        17240     36145592    0    0  3994 153709 3154 7330   1   1  61  37   0 2018-10-25 14:49:36
 0 10        14472     27962184        17248     36473504    0    0   807 105157 1972 3071   1   1  57  42   0 2018-10-25 14:49:39
 5  5        14472     27758760        17248     36715656    0    0 17941 58280 4752 4944   1   1  60  39   0 2018-10-25 14:49:42
 0  8        14472     26921096        17256     37504304    0    0 136948 97397 21185 16794   3   2  63  32   0 2018-10-25 14:49:45
 6  4        14472     26314652        17268     38080180    0    0 97823 72285 16330 13442   3   2  63  32   0 2018-10-25 14:49:48
 2  7        14472     25755284        17268     38626368    0    0 89999 69548 14546 12948   3   2  65  30   0 2018-10-25 14:49:51
 0 10        14472     26340432        17280     38022472    0    0 17340 128896 3945 11031   1   1  63  35   0 2018-10-25 14:49:54
 1  9        14472     27192332        17280     37351232    0    0 56465 54520 8548 8904   2   1  65  31   0 2018-10-25 14:49:57
 0  9        14472     26556116        17288     37924364    0    0 90931 74355 13039 13822   4   2  65  30   0 2018-10-25 14:50:00
 0  9        14472     25957840        17300     38475576    0    0 87073 72415 12615 12355   3   2  65  31   0 2018-10-25 14:50:03
 0 10        14472     25545448        17300     38869544    0    0 62312 124692 9969 12802   2   1  62  34   0 2018-10-25 14:50:06
 0  9        14472     25789888        17308     38710712    0    0 61605 100901 12201 12633   3   2  62  34   0 2018-10-25 14:50:09
 1  9        14472     25143508        17308     39287200    0    0 88237 73648 15914 13560   4   3  63  30   0 2018-10-25 14:50:12
 0 10        14472     24493284        17316     39895348    0    0 90460 118413 15489 13906   5   3  64  29   0 2018-10-25 14:50:15
 0 12        14472     24298300        17324     40085920    0    0  3703 93611 2273 10165   0   0  62  37   0 2018-10-25 14:50:18
 1 11        14472     24656040        17324     39837872    0    0 40441 94885 10065 7424   2   2  63  33   0 2018-10-25 14:50:21
 1 10        14472     24177304        17332     40318072    0    0  1675 153931 2327 3055   1   1  62  36   0 2018-10-25 14:50:24
 0  8        14472     23917816        17332     40576156    0    0  1847 81986 2217 3116   1   1  69  30   0 2018-10-25 14:50:27
 1  8        14472     23936576        17340     40522632    0    0 57905 108551 8332 10210   3   2  71  24   0 2018-10-25 14:50:30
 0  9        14472     24522480        17340     39917084    0    0  8292 112548 4852 4254   2   1  71  26   0 2018-10-25 14:50:33
 0 10        14472     24000336        17348     40367156    0    0 64460 88980 15235 11023   3   2  71  24   0 2018-10-25 14:50:36
 0  9        14472     24707192        17356     39766012    0    0 19013 112502 4482 10694   1   1  71  26   0 2018-10-25 14:50:39
 0  9        14472     23897472        17356     40496668    0    0 100559 93522 13019 16098   5   3  70  21   0 2018-10-25 14:50:42
 0 10        14472     23592848        17364     40776344    0    0 36299 109852 6886 10705   3   1  75  21   0 2018-10-25 14:50:45
 0  9        14472     24135348        17364     40375632    0    0 17667 67413 4180 7507   1   1  71  27   0 2018-10-25 14:50:48
 1  8        14472     23480236        17372     40986596    0    0 33707 147127 9429 7900   3   2  69  27   0 2018-10-25 14:50:51
 6  3        14472     23411420        17380     40995332    0    0 52136 80795 11594 10406   4   3  71  23   0 2018-10-25 14:50:54
 1 10        14472     23067124        17380     41310856    0    0 26600 133588 7300 12706   2   1  72  24   0 2018-10-25 14:50:57
 0  9        14472     23629204        17388     40832624    0    0 33681 56163 12596 7684   3   2  71  24   0 2018-10-25 14:51:00
 0  8        14472     23052880        17388     41355672    0    0 65708 66525 12980 12524   5   3  68  23   0 2018-10-25 14:51:03
 1 10        14472     22648528        17396     41756988    0    0  1308 126620 2215 2884   1   1  70  28   0 2018-10-25 14:51:06
 0 10        14472     22451452        17404     41952868    0    0   487 61434 1485 2472   1   0  73  26   0 2018-10-25 14:51:09
 1 10        14472     22146360        17404     42257132    0    0   708 97788 2036 3054   1   0  69  29   0 2018-10-25 14:51:12
 0 10        14472     22360424        17412     42017592    0    0  8867 84004 6167 4290   1   1  68  30   0 2018-10-25 14:51:15
 0  9        14472     23372892        17412     41106864    0    0 23364 112151 6333 11549   2   2  69  28   0 2018-10-25 14:51:18
 1  8        14472     22788104        17420     41634696    0    0 45644 93806 9330 10125   4   2  67  26   0 2018-10-25 14:51:21
 0  9        14472     22442720        17420     41971880    0    0  2568 103849 2154 3055   1   1  72  26   0 2018-10-25 14:51:24
 0 10        14472     22196924        17428     42129824    0    0 35873 123734 7883 8621   4   2  70  24   0 2018-10-25 14:51:27
 4  5        14472     22910676        17436     41566940    0    0 13597 125189 8800 10732   2   1  73  23   0 2018-10-25 14:51:30
 0  9        14472     22550280        17436     41905032    0    0 13297 84649 4297 4905   2   1  69  27   0 2018-10-25 14:51:33
 0  9        14472     22366208        17444     42033120    0    0 20015 102779 6034 6163   3   2  70  26   0 2018-10-25 14:51:36
 0  9        14472     22217184        17444     42076192    0    0 41312 79768 17391 11983   5   3  69  23   0 2018-10-25 14:51:39
 0 10        14472     22032400        17452     42251684    0    0  2337 94390 7171 5939   1   1  75  24   0 2018-10-25 14:51:42
 7  3        14472     22288688        17460     42080916    0    0 53781 66098 36757 12260   7   4  66  23   0 2018-10-25 14:51:45
 0 12        14472     21906248        17596     42455436    0    0  3857 113694 2578 3277   1   1  68  30   0 2018-10-25 14:51:48
 1  9        14472     21564508        17604     42795628    0    0   911 108938 1968 3294   1   1  68  31   0 2018-10-25 14:51:51
 0  9        14472     21489084        17604     42855060    0    0  2023 123031 2374 3229   1   1  71  27   0 2018-10-25 14:51:54
 0  9        14472     21172616        18416     43145040    0    0  3253 87731 2705 3671   1   1  74  24   0 2018-10-25 14:51:57
 1  9        14472     21818840        18424     42482204    0    0  5057 126561 2776 3656   2   1  71  26   0 2018-10-25 14:52:00
 2  9        14472     21697128        18464     42600444    0    0  1156 77924 2136 5083   1   0  77  22   0 2018-10-25 14:52:03
 0  9        14472     21515340        18480     42773444    0    0  1069 54081 2051 5327   1   0  73  26   0 2018-10-25 14:52:06
 1  8        14472     22368756        18480     42046572    0    0  4115 99041 3002 3498   1   1  71  26   0 2018-10-25 14:52:09
 1  9        14472     21929624        19212     42492416    0    0  5263 134192 2888 3747   2   1  70  28   0 2018-10-25 14:52:12
 1  8        14468     21853228        26184     42543756    0    0  6849 136140 3532 4314   2   1  66  31   0 2018-10-25 14:52:15
 2  7        14468     21497932        26488     42865156    0    0 11385 83634 3547 4435   2   1  70  27   0 2018-10-25 14:52:18
 0  9        14468     21969256        26508     42302844    0    0 79501 62513 10381 10284   5   3  67  25   0 2018-10-25 14:52:21
 0 10        14468     21717988        26508     42537936    0    0  9785 138242 3116 9109   1   1  73  25   0 2018-10-25 14:52:24
 2  7        14468     21795216        27144     42543792    0    0 65651 52508 12614 8255   4   2  67  27   0 2018-10-25 14:52:27
 0  9        14468     21348772        27152     42936824    0    0 41016 140101 5596 6562   4   2  68  26   0 2018-10-25 14:52:30
 3  6        14468     21105040        27152     43179716    0    0  2309 72719 2139 3132   1   1  72  26   0 2018-10-25 14:52:33
 0 10        14468     20960404        27160     43279920    0    0 34492 86508 8952 6401   3   2  73  22   0 2018-10-25 14:52:36
 0  9        14468     21691548        27160     42634164    0    0 13473 110614 3706 9801   2   1  73  24   0 2018-10-25 14:52:39
 0  9        14468     21328660        27168     42987624    0    0  5387 104386 2746 3263   1   1  67  31   0 2018-10-25 14:52:42
 1 10        14468     20971868        27168     43344436    0    0   805 114317 2089 3068   1   1  69  30   0 2018-10-25 14:52:45
 3  6        14468     20875664        27700     43438592    0    0  2532 89603 2278 3368   1   1  71  27   0 2018-10-25 14:52:48
 1  8        14468     21315000        27728     42985348    0    0  4355 85603 4111 3722   2   1  68  30   0 2018-10-25 14:52:51
 0  9        14468     21159836        28168     43113992    0    0  5421 109565 2747 4185   2   1  72  26   0 2018-10-25 14:52:54
 0  9        14468     20770956        29016     43478208    0    0  4409 109690 2651 3490   1   1  71  26   0 2018-10-25 14:52:57
 1  8        14468     20785296        29016     43455900    0    0  3403 93241 2769 3551   2   1  71  26   0 2018-10-25 14:53:00
 0  9        14468     20273828        29052     44007716    0    0  4331 167983 3515 3634   2   1  69  28   0 2018-10-25 14:53:03
 0  9        14468     20756932        29060     43504960    0    0  4941 124254 3073 3843   2   1  70  27   0 2018-10-25 14:53:06
 0  9        14468     21086784        29060     43154572    0    0  4611 118995 5257 3780   2   1  69  28   0 2018-10-25 14:53:09
 0 10        14468     21144924        29068     43060628    0    0 18768 127887 4982 4866   2   1  70  26   0 2018-10-25 14:53:12
 0  9        14468     21544396        29068     42791376    0    0 38900 85490 5994 8845   3   2  70  25   0 2018-10-25 14:53:15
 0  9        14468     21046816        29076     43199692    0    0 69205 81465 12064 10382   6   3  67  24   0 2018-10-25 14:53:18
 0  9        14468     21345028        29084     42970736    0    0 12860 130783 3225 8800   1   1  69  29   0 2018-10-25 14:53:21
 6  3        14468     20629600        29084     43559784    0    0 77172 66659 13058 10469   6   3  66  25   0 2018-10-25 14:53:24
 0 10        14468     20478992        29092     43680048    0    0 40560 142009 7557 10505   4   2  71  23   0 2018-10-25 14:53:27
 0 10        14468     20221192        29092     43930252    0    0   957 78605 1926 5469   1   0  72  27   0 2018-10-25 14:53:30
 3  9        14468     20593708        29100     43671936    0    0  2637 78649 2245 3264   1   1  73  25   0 2018-10-25 14:53:33
 0 12        14468     20188908        29100     44073428    0    0   964 126640 2196 2829   1   1  68  31   0 2018-10-25 14:53:36
 1  9        14468     19916428        29108     44344848    0    0   644 87418 1769 2668   1   1  68  31   0 2018-10-25 14:53:39
 0 10        14468     19857676        29384     44390816    0    0  3740 115164 2888 3609   2   1  73  25   0 2018-10-25 14:53:42
 8  2        14468     19684692        31988     44553300    0    0  3735 92571 2756 3692   1   1  69  29   0 2018-10-25 14:53:45
 0  8        14468     20021228        31996     44204912    0    0  4803 141164 4257 3906   2   1  70  27   0 2018-10-25 14:53:48
 0  9        14468     20228840        31996     43977216    0    0  3331 88024 2544 3301   1   1  71  27   0 2018-10-25 14:53:51
 1  8        14468     19835600        32004     44351208    0    0  3131 112518 2458 3408   2   1  72  26   0 2018-10-25 14:53:54
 1  8        14468     19842172        32012     44310092    0    0  5388 124886 3227 4090   2   1  71  26   0 2018-10-25 14:53:57
 1  9        14468     20159332        32012     43969348    0    0  3609 109243 2651 3617   2   1  71  26   0 2018-10-25 14:54:00
 3  6        14468     19771364        32852     44336140    0    0  3195 145344 2594 3809   2   1  70  28   0 2018-10-25 14:54:03
 0 10        14468     20091016        32852     43996992    0    0  9667 132309 4438 6643   1   1  71  26   0 2018-10-25 14:54:06
 8  1        14468     20414268        32860     43778716    0    0 64429 60020 10705 9494   6   3  68  23   0 2018-10-25 14:54:09
 0 10        14468     19915564        32868     44219992    0    0 38825 150193 8123 10778   3   2  71  24   0 2018-10-25 14:54:12
 1  8        14468     19960396        32868     44176564    0    0 51213 48689 8190 8028   4   3  68  25   0 2018-10-25 14:54:15
 0 10        14468     19783536        32876     44249848    0    0 50253 128957 7620 8061   5   3  69  23   0 2018-10-25 14:54:18
 0 10        14468     19550636        32880     44480504    0    0  1256 109344 2420 8360   1   1  74  24   0 2018-10-25 14:54:21
 1  8        14468     19767480        32888     44420424    0    0  2231 118312 2387 3257   1   1  72  26   0 2018-10-25 14:54:24
 0  9        14468     19421472        32888     44762956    0    0  1671 105868 2504 3020   1   1  69  29   0 2018-10-25 14:54:27
 1 10        14468     19171236        32896     45011828    0    0  2143 72622 3204 3144   1   1  71  27   0 2018-10-25 14:54:30
 0 11        14468     18730896        32904     45450328    0    0  1136 139431 2299 2996   1   1  68  31   0 2018-10-25 14:54:33
 0 10        14468     18425004        32904     45755080    0    0  1053 96217 2032 3015   1   1  69  30   0 2018-10-25 14:54:36
 1  8        14468     18932696        32916     45228336    0    0  4643 127104 3084 4280   2   1  70  26   0 2018-10-25 14:54:39
 1  8        14468     19404412        32916     44724908    0    0  6516 122656 3434 4410   3   1  70  26   0 2018-10-25 14:54:42
 0  9        14468     18998644        32924     45111556    0    0  2515 118208 3672 3288   1   1  69  29   0 2018-10-25 14:54:45
 0  9        14468     18692976        32932     45406604    0    0  2472 87864 2613 3575   2   1  70  28   0 2018-10-25 14:54:48
 0  9        14468     18331924        32932     45761680    0    0  2235 108579 2207 3179   1   1  73  26   0 2018-10-25 14:54:51
 0  9        14468     18706980        32940     45363496    0    0  4781 136570 3177 3865   2   1  69  28   0 2018-10-25 14:54:54
 0 10        14468     18445324        32940     45612952    0    0  1069 113386 3481 5038   1   1  75  24   0 2018-10-25 14:54:57
 0  9        14468     20100908        32948     44127228    0    0  1699 70170 2067 3076   1   1  72  26   0 2018-10-25 14:55:00
 0  9        14468     19718476        32972     44494900    0    0  3824 106821 2680 3662   2   1  69  28   0 2018-10-25 14:55:03
 0  9        14468     19741712        32972     44435324    0    0 22188 78555 4414 5334   3   1  69  27   0 2018-10-25 14:55:06
 0 10        14468     19588888        32980     44489768    0    0 47297 110405 7449 10210   5   3  69  23   0 2018-10-25 14:55:09
 5  4        14468     19862788        32980     44231980    0    0  6820 72374 2983 6167   1   1  69  30   0 2018-10-25 14:55:12
 0  9        14468     19203380        32988     44817312    0    0 70427 65790 11357 9850   6   4  67  24   0 2018-10-25 14:55:15
 0 10        14468     18737964        32988     45272328    0    0 10863 187004 4824 4609   2   1  71  25   0 2018-10-25 14:55:18
 0  7        14468     18480000        32996     45527884    0    0   408 82291 1788 2807   1   0  78  20   0 2018-10-25 14:55:21
 0  5        14468     18532364        33004     45471772    0    0   405 124970 2133 5414   1   0  88  11   0 2018-10-25 14:55:24
 0  3        14468     19449240        33004     44750660    0    0   495 120257 2058 5297   1   1  87  11   0 2018-10-25 14:55:27
 1  0        14468     20869056        33044     44362792    0    0   271 32663 2096 3050   1   1  94   4   0 2018-10-25 14:55:30
 2  0        14468     20863224        34364     44369972    0    0  2621   235 2696 3810   3   1  94   1   0 2018-10-25 14:55:33
 1  0        14468     20830900        34416     44370660    0    0    23    87 2963 4119   4   2  94   0   0 2018-10-25 14:55:36
 1  0        14468     20846144        34992     44379188    0    0  3023    70 2541 4056   3   2  94   1   0 2018-10-25 14:55:39
 1  0        14468     20847180        35004     44380184    0    0     0    84 1669 2333   4   1  95   0   0 2018-10-25 14:55:42
 1  0        14468     20843716        35012     44380524    0    0     0   145 1688 2341   3   1  95   0   0 2018-10-25 14:55:45
 1  0        14468     20855948        35012     44380548    0    0     0     0 1718 2290   3   1  95   0   0 2018-10-25 14:55:48
 1  0        14468     20850072        35024     44380472    0    0     1   703 1788 2337   3   1  94   1   0 2018-10-25 14:55:51
 1  0        14468     20859308        35024     44380424    0    0     0     0 1667 2326   3   1  95   0   0 2018-10-25 14:55:54
 1  0        14468     20858336        35032     44380372    0    0     0    20 1698 2433   3   1  95   0   0 2018-10-25 14:55:57
 1  0        14468     20854900        35040     44380216    0    0     0    19 1660 2384   4   1  95   0   0 2018-10-25 14:56:00
 2  0        14468     20853972        35040     44380368    0    0     0     0 1667 2324   3   1  95   0   0 2018-10-25 14:56:03
 1  0        14468     20854968        35048     44380308    0    0     0    33 1686 2357   4   1  95   0   0 2018-10-25 14:56:06
 2  0        14468     20838796        35060     44383524    0    0   516   636 2546 3863   4   2  94   0   0 2018-10-25 14:56:09
