[2019-01-08T10:18:12-08:00]
rchar: 215333511
wchar: 132320364
syscr: 10934
syscw: 1455
read_bytes: 299278848
write_bytes: 132521984
cancelled_write_bytes: 0

[2019-01-08T10:18:15-08:00]
rchar: 475789789
wchar: 340974462
syscr: 32762
syscw: 9218
read_bytes: 597373952
write_bytes: 341446656
cancelled_write_bytes: 0

[2019-01-08T10:18:18-08:00]
rchar: 983447063
wchar: 612642229
syscr: 94306
syscw: 45535
read_bytes: 1257272320
write_bytes: 613335040
cancelled_write_bytes: 0

[2019-01-08T10:18:21-08:00]
rchar: 1172960184
wchar: 845155783
syscr: 117294
syscw: 64753
read_bytes: 1520677888
write_bytes: 846168064
cancelled_write_bytes: 0

[2019-01-08T10:18:24-08:00]
rchar: 1478437544
wchar: 1123161977
syscr: 154167
syscw: 66541
read_bytes: 1559147520
write_bytes: 1124614144
cancelled_write_bytes: 8192

[2019-01-08T10:18:27-08:00]
rchar: 2154152139
wchar: 1470543210
syscr: 235982
syscw: 85136
read_bytes: 2073719808
write_bytes: 1472851968
cancelled_write_bytes: 8192

[2019-01-08T10:18:30-08:00]
rchar: 2661575816
wchar: 1832056553
syscr: 297393
syscw: 94305
read_bytes: 2277696512
write_bytes: 1834881024
cancelled_write_bytes: 8192

[2019-01-08T10:18:33-08:00]
rchar: 3250229736
wchar: 2083691709
syscr: 368753
syscw: 114105
read_bytes: 2534745088
write_bytes: 2086408192
cancelled_write_bytes: 24576

[2019-01-08T10:18:36-08:00]
rchar: 3346822743
wchar: 2229900788
syscr: 380403
syscw: 117729
read_bytes: 2577761280
write_bytes: 2232881152
cancelled_write_bytes: 32768

[2019-01-08T10:18:39-08:00]
rchar: 4908484087
wchar: 2419279003
syscr: 569753
syscw: 166457
read_bytes: 3185665024
write_bytes: 2422267904
cancelled_write_bytes: 32768

[2019-01-08T10:18:42-08:00]
rchar: 5195784730
wchar: 2787834586
syscr: 604531
syscw: 168381
read_bytes: 3204420608
write_bytes: 2791460864
cancelled_write_bytes: 40960

[2019-01-08T10:18:45-08:00]
rchar: 5577607084
wchar: 3120473849
syscr: 650676
syscw: 169668
read_bytes: 3216409600
write_bytes: 3124645888
cancelled_write_bytes: 40960

[2019-01-08T10:18:48-08:00]
rchar: 5909626521
wchar: 3392313609
syscr: 690772
syscw: 171267
read_bytes: 3232855040
write_bytes: 3396939776
cancelled_write_bytes: 40960

[2019-01-08T10:18:51-08:00]
rchar: 6396514518
wchar: 3644929406
syscr: 749788
syscw: 184757
read_bytes: 3462296576
write_bytes: 3649867776
cancelled_write_bytes: 90112

[2019-01-08T10:18:54-08:00]
rchar: 7197572510
wchar: 3973187572
syscr: 846901
syscw: 213246
read_bytes: 3946923008
write_bytes: 3978461184
cancelled_write_bytes: 94208

[2019-01-08T10:18:57-08:00]
rchar: 7305562193
wchar: 4141429585
syscr: 859938
syscw: 217208
read_bytes: 4014085120
write_bytes: 4146991104
cancelled_write_bytes: 106496

[2019-01-08T10:19:00-08:00]
rchar: 8065391028
wchar: 4376515109
syscr: 952049
syscw: 235882
read_bytes: 4319413248
write_bytes: 4382806016
cancelled_write_bytes: 106496

[2019-01-08T10:19:03-08:00]
rchar: 8958378807
wchar: 4734859161
syscr: 1060309
syscw: 255440
read_bytes: 4626121728
write_bytes: 4741095424
cancelled_write_bytes: 114688

[2019-01-08T10:19:06-08:00]
rchar: 9182505854
wchar: 4871658939
syscr: 1087480
syscw: 261654
read_bytes: 4724454400
write_bytes: 4878106624
cancelled_write_bytes: 114688

[2019-01-08T10:19:09-08:00]
rchar: 10293500835
wchar: 5130076304
syscr: 1222115
syscw: 284542
read_bytes: 5098255360
write_bytes: 5136801792
cancelled_write_bytes: 126976

[2019-01-08T10:19:12-08:00]
rchar: 11492179056
wchar: 5544959147
syscr: 1367424
syscw: 305525
read_bytes: 5416936448
write_bytes: 5552201728
cancelled_write_bytes: 126976

[2019-01-08T10:19:15-08:00]
rchar: 12420802366
wchar: 5822600409
syscr: 1479955
syscw: 321930
read_bytes: 5676405760
write_bytes: 5830217728
cancelled_write_bytes: 139264

[2019-01-08T10:19:18-08:00]
rchar: 14030443921
wchar: 6102391006
syscr: 1675098
syscw: 348919
read_bytes: 6099518464
write_bytes: 6110277632
cancelled_write_bytes: 139264

[2019-01-08T10:19:21-08:00]
rchar: 14702808875
wchar: 6505071173
syscr: 1756592
syscw: 356954
read_bytes: 6217167872
write_bytes: 6513594368
cancelled_write_bytes: 147456

[2019-01-08T10:19:24-08:00]
rchar: 15249280102
wchar: 6935823564
syscr: 1822634
syscw: 358615
read_bytes: 6238041088
write_bytes: 6945079296
cancelled_write_bytes: 147456

[2019-01-08T10:19:27-08:00]
rchar: 15571129245
wchar: 7172741485
syscr: 1861555
syscw: 359867
read_bytes: 6255420416
write_bytes: 7182409728
cancelled_write_bytes: 147456

[2019-01-08T10:19:30-08:00]
rchar: 16204781677
wchar: 7423284158
syscr: 1938308
syscw: 380387
read_bytes: 6560736256
write_bytes: 7433232384
cancelled_write_bytes: 147456

[2019-01-08T10:19:33-08:00]
rchar: 16950149000
wchar: 7683004888
syscr: 2028677
syscw: 409504
read_bytes: 6987535360
write_bytes: 7693180928
cancelled_write_bytes: 147456

[2019-01-08T10:19:36-08:00]
rchar: 17165336896
wchar: 7949935284
syscr: 2054765
syscw: 415774
read_bytes: 7070364672
write_bytes: 7960518656
cancelled_write_bytes: 147456

[2019-01-08T10:19:39-08:00]
rchar: 18116872616
wchar: 8182493798
syscr: 2170056
syscw: 440817
read_bytes: 7430444032
write_bytes: 8193298432
cancelled_write_bytes: 159744

[2019-01-08T10:19:42-08:00]
rchar: 19057132246
wchar: 8596428421
syscr: 2284055
syscw: 463965
read_bytes: 7748150272
write_bytes: 8607797248
cancelled_write_bytes: 159744

[2019-01-08T10:19:45-08:00]
rchar: 20052860307
wchar: 8820288881
syscr: 2404716
syscw: 484152
read_bytes: 8026448896
write_bytes: 8831901696
cancelled_write_bytes: 172032

[2019-01-08T10:19:48-08:00]
rchar: 21404747137
wchar: 9074564120
syscr: 2568623
syscw: 512135
read_bytes: 8422241280
write_bytes: 9086402560
cancelled_write_bytes: 172032

[2019-01-08T10:19:51-08:00]
rchar: 22417566677
wchar: 9457395739
syscr: 2691358
syscw: 527235
read_bytes: 8624592896
write_bytes: 9470124032
cancelled_write_bytes: 180224

[2019-01-08T10:19:54-08:00]
rchar: 22931031152
wchar: 9877095721
syscr: 2753468
syscw: 528976
read_bytes: 8637917184
write_bytes: 9890217984
cancelled_write_bytes: 180224

[2019-01-08T10:19:57-08:00]
rchar: 23439892890
wchar: 10290695116
syscr: 2814976
syscw: 530710
read_bytes: 8651433984
write_bytes: 10304524288
cancelled_write_bytes: 180224

[2019-01-08T10:20:00-08:00]
rchar: 24194169088
wchar: 10586222717
syscr: 2906338
syscw: 553180
read_bytes: 8947062784
write_bytes: 10601205760
cancelled_write_bytes: 180224

[2019-01-08T10:20:03-08:00]
rchar: 25008218581
wchar: 10912631019
syscr: 3004977
syscw: 575758
read_bytes: 9239562240
write_bytes: 10927243264
cancelled_write_bytes: 188416

[2019-01-08T10:20:06-08:00]
rchar: 26354050654
wchar: 11239321227
syscr: 3168154
syscw: 610405
read_bytes: 9686276096
write_bytes: 11254231040
cancelled_write_bytes: 188416

[2019-01-08T10:20:09-08:00]
rchar: 27522003813
wchar: 11591402428
syscr: 3309689
syscw: 634082
read_bytes: 9993250816
write_bytes: 11606761472
cancelled_write_bytes: 200704

[2019-01-08T10:20:12-08:00]
rchar: 28645711683
wchar: 11801625207
syscr: 3445935
syscw: 656530
read_bytes: 10278258688
write_bytes: 11817189376
cancelled_write_bytes: 200704

[2019-01-08T10:20:15-08:00]
rchar: 30282086291
wchar: 12152692125
syscr: 3644273
syscw: 683431
read_bytes: 10611136512
write_bytes: 12168687616
cancelled_write_bytes: 208896

[2019-01-08T10:20:18-08:00]
rchar: 31695471273
wchar: 12348241436
syscr: 3815627
syscw: 706964
read_bytes: 10895960064
write_bytes: 12364394496
cancelled_write_bytes: 208896

[2019-01-08T10:20:21-08:00]
rchar: 32215909095
wchar: 12875991258
syscr: 3878669
syscw: 709308
read_bytes: 10932361216
write_bytes: 12893065216
cancelled_write_bytes: 221184

[2019-01-08T10:20:24-08:00]
rchar: 32542148283
wchar: 13104341176
syscr: 3917977
syscw: 711472
read_bytes: 10992261120
write_bytes: 13121789952
cancelled_write_bytes: 221184

[2019-01-08T10:20:27-08:00]
rchar: 33192551401
wchar: 13540695718
syscr: 3996817
syscw: 719011
read_bytes: 11192453120
write_bytes: 13558747136
cancelled_write_bytes: 221184

[2019-01-08T10:20:30-08:00]
rchar: 33666709733
wchar: 13809281902
syscr: 4054276
syscw: 726586
read_bytes: 11397552128
write_bytes: 13827715072
cancelled_write_bytes: 221184

[2019-01-08T10:20:33-08:00]
rchar: 34238971658
wchar: 14107579331
syscr: 4123636
syscw: 736631
read_bytes: 11655202816
write_bytes: 14126428160
cancelled_write_bytes: 221184

[2019-01-08T10:20:36-08:00]
rchar: 35028603947
wchar: 14504498796
syscr: 4219362
syscw: 751035
read_bytes: 11993769984
write_bytes: 14523867136
cancelled_write_bytes: 221184

[2019-01-08T10:20:39-08:00]
rchar: 35398455366
wchar: 14795522577
syscr: 4264197
syscw: 758768
read_bytes: 12153419776
write_bytes: 14815326208
cancelled_write_bytes: 221184

[2019-01-08T10:20:42-08:00]
rchar: 36069069436
wchar: 15010060725
syscr: 4345483
syscw: 770437
read_bytes: 12376356864
write_bytes: 15030173696
cancelled_write_bytes: 229376

[2019-01-08T10:20:45-08:00]
rchar: 37049217203
wchar: 15308554182
syscr: 4464306
syscw: 787808
read_bytes: 12677933056
write_bytes: 15329021952
cancelled_write_bytes: 229376

[2019-01-08T10:20:48-08:00]
rchar: 38004170241
wchar: 15543758176
syscr: 4580089
syscw: 806308
read_bytes: 12944713728
write_bytes: 15564464128
cancelled_write_bytes: 229376

[2019-01-08T10:20:51-08:00]
rchar: 38359606939
wchar: 15738770249
syscr: 4623129
syscw: 812383
read_bytes: 13027842048
write_bytes: 15759798272
cancelled_write_bytes: 237568

[2019-01-08T10:20:54-08:00]
rchar: 40027719642
wchar: 16030598763
syscr: 4825360
syscw: 838950
read_bytes: 13376215040
write_bytes: 16051924992
cancelled_write_bytes: 237568

[2019-01-08T10:20:57-08:00]
rchar: 40845465706
wchar: 16472988490
syscr: 4924394
syscw: 846394
read_bytes: 13435303936
write_bytes: 16495005696
cancelled_write_bytes: 237568

[2019-01-08T10:21:00-08:00]
rchar: 41271910784
wchar: 16813164902
syscr: 4975954
syscw: 848017
read_bytes: 13445748736
write_bytes: 16835751936
cancelled_write_bytes: 237568

[2019-01-08T10:21:03-08:00]
rchar: 41596337355
wchar: 17064964528
syscr: 5015173
syscw: 849381
read_bytes: 13455034368
write_bytes: 17087979520
cancelled_write_bytes: 237568

[2019-01-08T10:21:06-08:00]
rchar: 42046689625
wchar: 17289336532
syscr: 5069689
syscw: 857295
read_bytes: 13533108224
write_bytes: 17312694272
cancelled_write_bytes: 237568

[2019-01-08T10:21:09-08:00]
rchar: 43083664333
wchar: 17691590322
syscr: 5195339
syscw: 879603
read_bytes: 13770082304
write_bytes: 17715732480
cancelled_write_bytes: 245760

[2019-01-08T10:21:12-08:00]
rchar: 43627036968
wchar: 18003853697
syscr: 5261208
syscw: 886554
read_bytes: 13836994560
write_bytes: 18028216320
cancelled_write_bytes: 245760

[2019-01-08T10:21:15-08:00]
rchar: 44538447593
wchar: 18472359814
syscr: 5371682
syscw: 900085
read_bytes: 13967759360
write_bytes: 18497363968
cancelled_write_bytes: 249856

[2019-01-08T10:21:18-08:00]
rchar: 45143543248
wchar: 18735451839
syscr: 5444986
syscw: 914212
read_bytes: 14119503872
write_bytes: 18760818688
cancelled_write_bytes: 262144

[2019-01-08T10:21:21-08:00]
rchar: 47250068570
wchar: 19059022422
syscr: 5700384
syscw: 953457
read_bytes: 14544472064
write_bytes: 19084640256
cancelled_write_bytes: 262144

[2019-01-08T10:21:24-08:00]
rchar: 48243718678
wchar: 19342012028
syscr: 5820791
syscw: 969483
read_bytes: 14711281664
write_bytes: 19368034304
cancelled_write_bytes: 270336

[2019-01-08T10:21:27-08:00]
rchar: 48838210534
wchar: 19757792824
syscr: 5892842
syscw: 972946
read_bytes: 14734354432
write_bytes: 19784417280
cancelled_write_bytes: 270336

[2019-01-08T10:21:30-08:00]
rchar: 49780751099
wchar: 20047925787
syscr: 6007100
syscw: 984404
read_bytes: 14848833536
write_bytes: 20074921984
cancelled_write_bytes: 270336

[2019-01-08T10:21:33-08:00]
rchar: 51376849688
wchar: 20542879823
syscr: 6200587
syscw: 1004393
read_bytes: 15049869312
write_bytes: 20570513408
cancelled_write_bytes: 270336

[2019-01-08T10:21:36-08:00]
rchar: 51833813253
wchar: 20717253798
syscr: 6255976
syscw: 1009515
read_bytes: 15101032448
write_bytes: 20745117696
cancelled_write_bytes: 270336

[2019-01-08T10:21:39-08:00]
rchar: 52184075946
wchar: 21097486415
syscr: 6298384
syscw: 1011770
read_bytes: 15121291264
write_bytes: 21126975488
cancelled_write_bytes: 278528

[2019-01-08T10:21:42-08:00]
rchar: 52967704633
wchar: 21711470397
syscr: 6393362
syscw: 1014413
read_bytes: 15152068608
write_bytes: 21740998656
cancelled_write_bytes: 278528

[2019-01-08T10:21:45-08:00]
rchar: 53426617265
wchar: 22069287886
syscr: 6448733
syscw: 1016185
read_bytes: 15176210432
write_bytes: 22099365888
cancelled_write_bytes: 278528

[2019-01-08T10:21:48-08:00]
rchar: 54084825326
wchar: 22415979465
syscr: 6528506
syscw: 1026698
read_bytes: 15377254400
write_bytes: 22446530560
cancelled_write_bytes: 278528

[2019-01-08T10:21:51-08:00]
rchar: 54794815314
wchar: 22749170928
syscr: 6614565
syscw: 1039469
read_bytes: 15622535168
write_bytes: 22780166144
cancelled_write_bytes: 278528

[2019-01-08T10:21:54-08:00]
rchar: 55531727874
wchar: 23066453774
syscr: 6703898
syscw: 1054143
read_bytes: 15876753408
write_bytes: 23097860096
cancelled_write_bytes: 278528

[2019-01-08T10:21:57-08:00]
rchar: 55871582029
wchar: 23287887059
syscr: 6745094
syscw: 1058206
read_bytes: 15937873920
write_bytes: 23319617536
cancelled_write_bytes: 278528

[2019-01-08T10:22:00-08:00]
rchar: 56470237963
wchar: 23505860104
syscr: 6817660
syscw: 1071606
read_bytes: 16082348032
write_bytes: 23537872896
cancelled_write_bytes: 278528

[2019-01-08T10:22:03-08:00]
rchar: 56641205081
wchar: 23803417266
syscr: 6838387
syscw: 1072978
read_bytes: 16090171392
write_bytes: 23835910144
cancelled_write_bytes: 278528

[2019-01-08T10:22:06-08:00]
rchar: 57257715531
wchar: 24279816966
syscr: 6912936
syscw: 1076363
read_bytes: 16112068608
write_bytes: 24313094144
cancelled_write_bytes: 286720

[2019-01-08T10:22:09-08:00]
rchar: 57813264083
wchar: 24735485422
syscr: 6980121
syscw: 1078553
read_bytes: 16125065216
write_bytes: 24769519616
cancelled_write_bytes: 286720

[2019-01-08T10:22:12-08:00]
rchar: 58145847820
wchar: 24987917524
syscr: 7020298
syscw: 1080440
read_bytes: 16136857600
write_bytes: 25022394368
cancelled_write_bytes: 286720

[2019-01-08T10:22:15-08:00]
rchar: 58674314186
wchar: 25406333986
syscr: 7084331
syscw: 1084538
read_bytes: 16163846144
write_bytes: 25441431552
cancelled_write_bytes: 286720

[2019-01-08T10:22:18-08:00]
rchar: 59082659208
wchar: 25739558328
syscr: 7133804
syscw: 1087606
read_bytes: 16183883776
write_bytes: 25775157248
cancelled_write_bytes: 286720

[2019-01-08T10:22:21-08:00]
rchar: 60262456036
wchar: 26103909207
syscr: 7276848
syscw: 1121715
read_bytes: 16500996096
write_bytes: 26139856896
cancelled_write_bytes: 286720

[2019-01-08T10:22:24-08:00]
rchar: 60749263131
wchar: 26394562714
syscr: 7335794
syscw: 1135666
read_bytes: 16635856896
write_bytes: 26430926848
cancelled_write_bytes: 303104

[2019-01-08T10:22:27-08:00]
rchar: 61708798662
wchar: 26902664947
syscr: 7452105
syscw: 1148155
read_bytes: 16738109440
write_bytes: 26939731968
cancelled_write_bytes: 311296

[2019-01-08T10:22:30-08:00]
rchar: 63478464155
wchar: 27229508572
syscr: 7666675
syscw: 1188157
read_bytes: 17133271040
write_bytes: 27266813952
cancelled_write_bytes: 311296

[2019-01-08T10:22:33-08:00]
rchar: 63816504923
wchar: 27636068681
syscr: 7707594
syscw: 1190955
read_bytes: 17156945920
write_bytes: 27674021888
cancelled_write_bytes: 323584

[2019-01-08T10:22:36-08:00]
rchar: 64216154764
wchar: 27967808816
syscr: 7756018
syscw: 1192591
read_bytes: 17175463936
write_bytes: 28006252544
cancelled_write_bytes: 323584

[2019-01-08T10:22:39-08:00]
rchar: 64624525844
wchar: 28301132563
syscr: 7805499
syscw: 1194310
read_bytes: 17194780672
write_bytes: 28340076544
cancelled_write_bytes: 323584

[2019-01-08T10:22:42-08:00]
rchar: 65134575476
wchar: 28727611352
syscr: 7867309
syscw: 1196284
read_bytes: 17218095104
write_bytes: 28767203328
cancelled_write_bytes: 323584

[2019-01-08T10:22:45-08:00]
rchar: 65584221657
wchar: 29095487710
syscr: 7921788
syscw: 1198252
read_bytes: 17239656448
write_bytes: 29135626240
cancelled_write_bytes: 323584

[2019-01-08T10:22:48-08:00]
rchar: 65989282641
wchar: 29434625609
syscr: 7970877
syscw: 1199838
read_bytes: 17256130560
write_bytes: 29475262464
cancelled_write_bytes: 323584

[2019-01-08T10:22:51-08:00]
rchar: 66322537777
wchar: 29701156505
syscr: 8011260
syscw: 1201501
read_bytes: 17274361856
write_bytes: 29742215168
cancelled_write_bytes: 323584

[2019-01-08T10:22:54-08:00]
rchar: 66941997997
wchar: 30125341987
syscr: 8086317
syscw: 1206294
read_bytes: 17323776000
write_bytes: 30167064576
cancelled_write_bytes: 323584

[2019-01-08T10:22:57-08:00]
rchar: 69150200561
wchar: 30510052855
syscr: 8354044
syscw: 1246697
read_bytes: 17704511488
write_bytes: 30552100864
cancelled_write_bytes: 323584

[2019-01-08T10:23:00-08:00]
rchar: 69657247309
wchar: 30980861159
syscr: 8415473
syscw: 1251285
read_bytes: 17768978432
write_bytes: 31023616000
cancelled_write_bytes: 331776

[2019-01-08T10:23:03-08:00]
rchar: 70397954259
wchar: 31364539668
syscr: 8505282
syscw: 1258382
read_bytes: 18059851776
write_bytes: 31407788032
cancelled_write_bytes: 335872

[2019-01-08T10:23:07-08:00]
rchar: 71173763449
wchar: 31794833858
syscr: 8599324
syscw: 1265393
read_bytes: 18335750144
write_bytes: 31838670848
cancelled_write_bytes: 339968

[2019-01-08T10:23:10-08:00]
rchar: 71958420856
wchar: 32185672279
syscr: 8694425
syscw: 1273330
read_bytes: 18638501888
write_bytes: 32230068224
cancelled_write_bytes: 339968

[2019-01-08T10:23:13-08:00]
rchar: 72894731017
wchar: 32671738691
syscr: 8807909
syscw: 1282547
read_bytes: 18970970112
write_bytes: 32716779520
cancelled_write_bytes: 339968

[2019-01-08T10:23:16-08:00]
rchar: 73580977046
wchar: 33002623286
syscr: 8891092
syscw: 1289555
read_bytes: 19227645952
write_bytes: 33048121344
cancelled_write_bytes: 339968

[2019-01-08T10:23:19-08:00]
rchar: 74577123409
wchar: 33496164942
syscr: 9011844
syscw: 1299728
read_bytes: 19602388992
write_bytes: 33542324224
cancelled_write_bytes: 339968

[2019-01-08T10:23:22-08:00]
rchar: 75238922517
wchar: 33842370062
syscr: 9092044
syscw: 1306278
read_bytes: 19830790144
write_bytes: 33889046528
cancelled_write_bytes: 339968

[2019-01-08T10:23:25-08:00]
rchar: 75985606796
wchar: 34312421105
syscr: 9182534
syscw: 1312127
read_bytes: 20030306304
write_bytes: 34359762944
cancelled_write_bytes: 339968

[2019-01-08T10:23:28-08:00]
rchar: 76229796752
wchar: 34503401061
syscr: 9212125
syscw: 1313246
read_bytes: 20067223552
write_bytes: 34551033856
cancelled_write_bytes: 339968

[2019-01-08T10:23:31-08:00]
rchar: 76662845125
wchar: 35026222747
syscr: 9264538
syscw: 1314825
read_bytes: 20107724800
write_bytes: 35074674688
cancelled_write_bytes: 348160

[2019-01-08T10:23:34-08:00]
rchar: 77197691550
wchar: 35465521281
syscr: 9329265
syscw: 1316297
read_bytes: 20148365312
write_bytes: 35514687488
cancelled_write_bytes: 348160

[2019-01-08T10:23:37-08:00]
rchar: 77749834795
wchar: 35921475146
syscr: 9396091
syscw: 1317819
read_bytes: 20190193664
write_bytes: 35971383296
cancelled_write_bytes: 348160

[2019-01-08T10:23:40-08:00]
rchar: 78247296792
wchar: 36332645443
syscr: 9456278
syscw: 1319296
read_bytes: 20230506496
write_bytes: 36383199232
cancelled_write_bytes: 348160

[2019-01-08T10:23:43-08:00]
rchar: 78804280626
wchar: 36745964154
syscr: 9523700
syscw: 1323611
read_bytes: 20394571776
write_bytes: 36797190144
cancelled_write_bytes: 348160

[2019-01-08T10:23:46-08:00]
rchar: 79327860387
wchar: 37097457425
syscr: 9587169
syscw: 1330593
read_bytes: 20656183296
write_bytes: 37149351936
cancelled_write_bytes: 348160

[2019-01-08T10:23:49-08:00]
rchar: 79907555191
wchar: 37543851866
syscr: 9657420
syscw: 1336278
read_bytes: 20856932352
write_bytes: 37596160000
cancelled_write_bytes: 348160

[2019-01-08T10:23:52-08:00]
rchar: 80364339319
wchar: 37874508916
syscr: 9712716
syscw: 1341938
read_bytes: 21015231488
write_bytes: 37927350272
cancelled_write_bytes: 348160

[2019-01-08T10:23:55-08:00]
rchar: 81016645861
wchar: 38288992738
syscr: 9791793
syscw: 1351718
read_bytes: 21309774848
write_bytes: 38342377472
cancelled_write_bytes: 348160

[2019-01-08T10:23:58-08:00]
rchar: 81613967693
wchar: 38683788124
syscr: 9864203
syscw: 1360544
read_bytes: 21549190144
write_bytes: 38737698816
cancelled_write_bytes: 348160

[2019-01-08T10:24:01-08:00]
rchar: 82172573496
wchar: 39016229160
syscr: 9931909
syscw: 1370502
read_bytes: 21799087104
write_bytes: 39070593024
cancelled_write_bytes: 348160

[2019-01-08T10:24:04-08:00]
rchar: 82709043767
wchar: 39512497728
syscr: 9996904
syscw: 1379333
read_bytes: 22011149312
write_bytes: 39567622144
cancelled_write_bytes: 348160

[2019-01-08T10:24:07-08:00]
rchar: 83565259349
wchar: 39959601914
syscr: 10100629
syscw: 1390872
read_bytes: 22293228544
write_bytes: 40015331328
cancelled_write_bytes: 356352

[2019-01-08T10:24:10-08:00]
rchar: 84343768155
wchar: 40316351372
syscr: 10194977
syscw: 1403050
read_bytes: 22566759424
write_bytes: 40372539392
cancelled_write_bytes: 356352

[2019-01-08T10:24:13-08:00]
rchar: 85302222576
wchar: 40823223570
syscr: 10311153
syscw: 1416516
read_bytes: 22844791808
write_bytes: 40880111616
cancelled_write_bytes: 356352

[2019-01-08T10:24:16-08:00]
rchar: 86107064253
wchar: 41133470434
syscr: 10408701
syscw: 1431308
read_bytes: 23074843648
write_bytes: 41190756352
cancelled_write_bytes: 356352

[2019-01-08T10:24:19-08:00]
rchar: 86707724103
wchar: 41459409822
syscr: 10481526
syscw: 1443810
read_bytes: 23206329344
write_bytes: 41517174784
cancelled_write_bytes: 356352

[2019-01-08T10:24:22-08:00]
rchar: 89543863081
wchar: 41798383743
syscr: 10825319
syscw: 1490478
read_bytes: 23551937536
write_bytes: 41856376832
cancelled_write_bytes: 364544

[2019-01-08T10:24:25-08:00]
rchar: 90030759547
wchar: 42218097215
syscr: 10884261
syscw: 1494884
read_bytes: 23574948864
write_bytes: 42276757504
cancelled_write_bytes: 372736

[2019-01-08T10:24:28-08:00]
rchar: 91006611203
wchar: 42756685016
syscr: 11002537
syscw: 1502259
read_bytes: 23611247616
write_bytes: 42816126976
cancelled_write_bytes: 372736

[2019-01-08T10:24:31-08:00]
rchar: 91733675453
wchar: 43125571599
syscr: 11090661
syscw: 1508433
read_bytes: 23641205760
write_bytes: 43186401280
cancelled_write_bytes: 372736

[2019-01-08T10:24:34-08:00]
rchar: 94456685465
wchar: 43567444936
syscr: 11420802
syscw: 1542148
read_bytes: 23902915584
write_bytes: 43627859968
cancelled_write_bytes: 372736

[2019-01-08T10:24:37-08:00]
rchar: 94981909906
wchar: 44058822330
syscr: 11484418
syscw: 1545520
read_bytes: 23922404352
write_bytes: 44120014848
cancelled_write_bytes: 380928

[2019-01-08T10:24:40-08:00]
rchar: 95559060511
wchar: 44485748303
syscr: 11554368
syscw: 1547908
read_bytes: 23934643200
write_bytes: 44547616768
cancelled_write_bytes: 380928

[2019-01-08T10:24:43-08:00]
rchar: 96198016118
wchar: 44946456889
syscr: 11631813
syscw: 1550593
read_bytes: 23948938240
write_bytes: 45009059840
cancelled_write_bytes: 380928

[2019-01-08T10:24:46-08:00]
rchar: 96969184009
wchar: 45512607836
syscr: 11724966
syscw: 1553824
read_bytes: 23966039040
write_bytes: 45576101888
cancelled_write_bytes: 380928

[2019-01-08T10:24:49-08:00]
rchar: 97583404788
wchar: 46002610087
syscr: 11799408
syscw: 1557179
read_bytes: 23984413696
write_bytes: 46066864128
cancelled_write_bytes: 380928

[2019-01-08T10:24:52-08:00]
rchar: 98136045117
wchar: 46292187756
syscr: 11866389
syscw: 1564896
read_bytes: 24039652352
write_bytes: 46356881408
cancelled_write_bytes: 380928

[2019-01-08T10:24:55-08:00]
rchar: 99649209980
wchar: 46873795063
syscr: 12049825
syscw: 1590646
read_bytes: 24214432768
write_bytes: 46939176960
cancelled_write_bytes: 389120

[2019-01-08T10:24:58-08:00]
rchar: 100927258309
wchar: 47205472237
syscr: 12204713
syscw: 1613812
read_bytes: 24391437312
write_bytes: 47271239680
cancelled_write_bytes: 397312

[2019-01-08T10:25:01-08:00]
rchar: 102476576649
wchar: 47550113590
syscr: 12392591
syscw: 1640277
read_bytes: 24595143680
write_bytes: 47616249856
cancelled_write_bytes: 397312

[2019-01-08T10:25:04-08:00]
rchar: 105637698010
wchar: 47950239960
syscr: 12775787
syscw: 1679511
read_bytes: 24931740672
write_bytes: 48016670720
cancelled_write_bytes: 405504

[2019-01-08T10:25:07-08:00]
rchar: 106032009989
wchar: 48300542298
syscr: 12823535
syscw: 1683164
read_bytes: 24955747328
write_bytes: 48367521792
cancelled_write_bytes: 413696

[2019-01-08T10:25:10-08:00]
rchar: 106708432019
wchar: 48790987591
syscr: 12905429
syscw: 1686002
read_bytes: 24978168832
write_bytes: 48859561984
cancelled_write_bytes: 413696

[2019-01-08T10:25:13-08:00]
rchar: 107475650651
wchar: 49357579062
syscr: 12998288
syscw: 1689099
read_bytes: 25009318912
write_bytes: 49426219008
cancelled_write_bytes: 413696

[2019-01-08T10:25:16-08:00]
rchar: 108062770798
wchar: 49782860513
syscr: 13069353
syscw: 1691692
read_bytes: 25036037120
write_bytes: 49852178432
cancelled_write_bytes: 413696

[2019-01-08T10:25:19-08:00]
rchar: 108467355237
wchar: 50069084152
syscr: 13118264
syscw: 1693472
read_bytes: 25056885760
write_bytes: 50138873856
cancelled_write_bytes: 413696

[2019-01-08T10:25:22-08:00]
rchar: 109166193732
wchar: 50408880691
syscr: 13202908
syscw: 1706155
read_bytes: 25255627776
write_bytes: 50479157248
cancelled_write_bytes: 413696

[2019-01-08T10:25:25-08:00]
rchar: 109939013258
wchar: 50777471814
syscr: 13296598
syscw: 1722755
read_bytes: 25516026880
write_bytes: 50848202752
cancelled_write_bytes: 413696

[2019-01-08T10:25:28-08:00]
rchar: 110646664046
wchar: 51114719089
syscr: 13382379
syscw: 1737962
read_bytes: 25743453184
write_bytes: 51185856512
cancelled_write_bytes: 413696

[2019-01-08T10:25:31-08:00]
rchar: 111004477786
wchar: 51404324074
syscr: 13425687
syscw: 1744890
read_bytes: 25837517824
write_bytes: 51475922944
cancelled_write_bytes: 421888

[2019-01-08T10:25:34-08:00]
rchar: 112218342543
wchar: 51854511909
syscr: 13572833
syscw: 1765716
read_bytes: 26130340864
write_bytes: 51926650880
cancelled_write_bytes: 421888

[2019-01-08T10:25:37-08:00]
rchar: 113005408367
wchar: 52168835413
syscr: 13668240
syscw: 1779234
read_bytes: 26286582784
write_bytes: 52241375232
cancelled_write_bytes: 421888

[2019-01-08T10:25:40-08:00]
rchar: 114005964792
wchar: 52493663605
syscr: 13789534
syscw: 1797561
read_bytes: 26476456960
write_bytes: 52566573056
cancelled_write_bytes: 421888

[2019-01-08T10:25:43-08:00]
rchar: 114265805001
wchar: 52711207708
syscr: 13820964
syscw: 1802584
read_bytes: 26518932480
write_bytes: 52784472064
cancelled_write_bytes: 430080

[2019-01-08T10:25:46-08:00]
rchar: 115875070087
wchar: 53012398315
syscr: 14016065
syscw: 1828499
read_bytes: 26747657216
write_bytes: 53085962240
cancelled_write_bytes: 430080

[2019-01-08T10:25:49-08:00]
rchar: 117336897790
wchar: 53296427801
syscr: 14193304
syscw: 1850696
read_bytes: 26916494336
write_bytes: 53370286080
cancelled_write_bytes: 430080

[2019-01-08T10:25:52-08:00]
rchar: 117939086457
wchar: 53748189083
syscr: 14266216
syscw: 1856409
read_bytes: 26939943936
write_bytes: 53822787584
cancelled_write_bytes: 438272

[2019-01-08T10:25:55-08:00]
rchar: 118749816999
wchar: 54197437342
syscr: 14364475
syscw: 1862535
read_bytes: 26964442112
write_bytes: 54272671744
cancelled_write_bytes: 438272

[2019-01-08T10:25:58-08:00]
rchar: 119723055606
wchar: 54624782412
syscr: 14482445
syscw: 1870603
read_bytes: 27003587584
write_bytes: 54700609536
cancelled_write_bytes: 438272

[2019-01-08T10:26:01-08:00]
rchar: 120382557543
wchar: 54976047451
syscr: 14562382
syscw: 1876015
read_bytes: 27024776192
write_bytes: 55052394496
cancelled_write_bytes: 438272

[2019-01-08T10:26:04-08:00]
rchar: 121027183927
wchar: 55294305049
syscr: 14640511
syscw: 1881779
read_bytes: 27047832576
write_bytes: 55371894784
cancelled_write_bytes: 438272

[2019-01-08T10:26:07-08:00]
rchar: 121969723718
wchar: 55759370342
syscr: 14754756
syscw: 1890141
read_bytes: 27081731072
write_bytes: 55836856320
cancelled_write_bytes: 442368

[2019-01-08T10:26:10-08:00]
rchar: 122776859214
wchar: 56194759655
syscr: 14852582
syscw: 1896887
read_bytes: 27109325824
write_bytes: 56273141760
cancelled_write_bytes: 442368

[2019-01-08T10:26:13-08:00]
rchar: 123709203577
wchar: 56671158451
syscr: 14965592
syscw: 1904833
read_bytes: 27142089728
write_bytes: 56749973504
cancelled_write_bytes: 446464

[2019-01-08T10:26:16-08:00]
rchar: 124020553954
wchar: 56950538905
syscr: 15003330
syscw: 1907890
read_bytes: 27153964032
write_bytes: 57029791744
cancelled_write_bytes: 446464

[2019-01-08T10:26:19-08:00]
rchar: 124704447747
wchar: 57458722055
syscr: 15086169
syscw: 1911497
read_bytes: 27167013888
write_bytes: 57538772992
cancelled_write_bytes: 454656

[2019-01-08T10:26:22-08:00]
rchar: 125320529094
wchar: 57891845999
syscr: 15160831
syscw: 1914252
read_bytes: 27176827904
write_bytes: 57972580352
cancelled_write_bytes: 454656

[2019-01-08T10:26:25-08:00]
rchar: 126168082661
wchar: 58478055943
syscr: 15263554
syscw: 1918298
read_bytes: 27191335936
write_bytes: 58559750144
cancelled_write_bytes: 454656

[2019-01-08T10:26:28-08:00]
rchar: 126765035019
wchar: 58897142432
syscr: 15335607
syscw: 1921272
read_bytes: 27201842176
write_bytes: 58979504128
cancelled_write_bytes: 454656

[2019-01-08T10:26:31-08:00]
rchar: 127995752578
wchar: 59152942493
syscr: 15484828
syscw: 1947486
read_bytes: 27366185984
write_bytes: 59235528704
cancelled_write_bytes: 462848

[2019-01-08T10:26:34-08:00]
rchar: 129386649935
wchar: 59503379361
syscr: 15653399
syscw: 1973512
read_bytes: 27529763840
write_bytes: 59586342912
cancelled_write_bytes: 471040

[2019-01-08T10:26:37-08:00]
rchar: 131113134339
wchar: 59897867694
syscr: 15862735
syscw: 1999735
read_bytes: 27719814144
write_bytes: 59981254656
cancelled_write_bytes: 471040

[2019-01-08T10:26:40-08:00]
rchar: 134147841463
wchar: 60230111164
syscr: 16230601
syscw: 2037553
read_bytes: 27982498816
write_bytes: 60313690112
cancelled_write_bytes: 479232

[2019-01-08T10:26:43-08:00]
rchar: 134437372882
wchar: 60507872608
syscr: 16265650
syscw: 2040947
read_bytes: 27998256128
write_bytes: 60591898624
cancelled_write_bytes: 487424

[2019-01-08T10:26:46-08:00]
rchar: 135110350724
wchar: 60989969202
syscr: 16347158
syscw: 2043963
read_bytes: 28020608000
write_bytes: 61074726912
cancelled_write_bytes: 487424

[2019-01-08T10:26:49-08:00]
rchar: 135544037955
wchar: 61299593635
syscr: 16399648
syscw: 2045967
read_bytes: 28037127168
write_bytes: 61384851456
cancelled_write_bytes: 487424

[2019-01-08T10:26:52-08:00]
rchar: 136011040961
wchar: 61636463638
syscr: 16456187
syscw: 2047997
read_bytes: 28054731776
write_bytes: 61722234880
cancelled_write_bytes: 487424

[2019-01-08T10:26:55-08:00]
rchar: 136428163289
wchar: 61940619543
syscr: 16506669
syscw: 2049836
read_bytes: 28071873536
write_bytes: 62026874880
cancelled_write_bytes: 487424

[2019-01-08T10:26:58-08:00]
rchar: 136864438062
wchar: 62260176535
syscr: 16559458
syscw: 2051716
read_bytes: 28089752576
write_bytes: 62346936320
cancelled_write_bytes: 487424

[2019-01-08T10:27:01-08:00]
rchar: 137476415169
wchar: 62604795512
syscr: 16633484
syscw: 2058174
read_bytes: 28165069824
write_bytes: 62692118528
cancelled_write_bytes: 487424

[2019-01-08T10:27:04-08:00]
rchar: 138322711355
wchar: 62979066139
syscr: 16736087
syscw: 2076428
read_bytes: 28403121152
write_bytes: 63066836992
cancelled_write_bytes: 487424

[2019-01-08T10:27:07-08:00]
rchar: 139160329830
wchar: 63347190852
syscr: 16837624
syscw: 2095012
read_bytes: 28633242624
write_bytes: 63435407360
cancelled_write_bytes: 487424

[2019-01-08T10:27:10-08:00]
rchar: 139339529721
wchar: 63589125369
syscr: 16859358
syscw: 2099329
read_bytes: 28682185728
write_bytes: 63677726720
cancelled_write_bytes: 487424

[2019-01-08T10:27:13-08:00]
rchar: 140123816040
wchar: 63873461610
syscr: 16954345
syscw: 2112927
read_bytes: 28843416576
write_bytes: 63962439680
cancelled_write_bytes: 495616

[2019-01-08T10:27:16-08:00]
rchar: 141073922480
wchar: 64198225687
syscr: 17069525
syscw: 2129887
read_bytes: 29043850240
write_bytes: 64287571968
cancelled_write_bytes: 495616

[2019-01-08T10:27:19-08:00]
rchar: 142168403218
wchar: 64571340830
syscr: 17202224
syscw: 2149865
read_bytes: 29273070592
write_bytes: 64661110784
cancelled_write_bytes: 495616

[2019-01-08T10:27:22-08:00]
rchar: 142563654020
wchar: 64858706368
syscr: 17250128
syscw: 2157522
read_bytes: 29350489088
write_bytes: 64948920320
cancelled_write_bytes: 495616

[2019-01-08T10:27:25-08:00]
rchar: 143056893466
wchar: 65263822162
syscr: 17309870
syscw: 2159790
read_bytes: 29367778304
write_bytes: 65354616832
cancelled_write_bytes: 503808

[2019-01-08T10:27:28-08:00]
rchar: 143640762806
wchar: 65715364786
syscr: 17380646
syscw: 2162620
read_bytes: 29388585984
write_bytes: 65806856192
cancelled_write_bytes: 503808

[2019-01-08T10:27:31-08:00]
rchar: 144224427314
wchar: 66166890817
syscr: 17451343
syscw: 2165454
read_bytes: 29407820800
write_bytes: 66259054592
cancelled_write_bytes: 503808

[2019-01-08T10:27:34-08:00]
rchar: 144627812933
wchar: 66475795697
syscr: 17500242
syscw: 2167469
read_bytes: 29422173184
write_bytes: 66568429568
cancelled_write_bytes: 503808

[2019-01-08T10:27:37-08:00]
rchar: 145201382118
wchar: 66915544303
syscr: 17569745
syscw: 2170301
read_bytes: 29441645568
write_bytes: 67008843776
cancelled_write_bytes: 503808

[2019-01-08T10:27:40-08:00]
rchar: 145757363546
wchar: 67331994532
syscr: 17637105
syscw: 2173474
read_bytes: 29459057664
write_bytes: 67425943552
cancelled_write_bytes: 503808

[2019-01-08T10:27:43-08:00]
rchar: 146348895875
wchar: 67772510619
syscr: 17708781
syscw: 2176713
read_bytes: 29476633600
write_bytes: 67867111424
cancelled_write_bytes: 503808

[2019-01-08T10:27:46-08:00]
rchar: 146733036383
wchar: 68059573607
syscr: 17755330
syscw: 2178886
read_bytes: 29490072576
write_bytes: 68154609664
cancelled_write_bytes: 503808

[2019-01-08T10:27:49-08:00]
rchar: 147301997300
wchar: 68472472923
syscr: 17824286
syscw: 2182383
read_bytes: 29509667840
write_bytes: 68568129536
cancelled_write_bytes: 503808

[2019-01-08T10:27:52-08:00]
rchar: 147854329154
wchar: 68891667037
syscr: 17891221
syscw: 2185324
read_bytes: 29527604224
write_bytes: 68987994112
cancelled_write_bytes: 503808

[2019-01-08T10:27:55-08:00]
rchar: 148323207751
wchar: 69211825570
syscr: 17948028
syscw: 2188595
read_bytes: 29546503168
write_bytes: 69308661760
cancelled_write_bytes: 503808

[2019-01-08T10:27:58-08:00]
rchar: 148840173978
wchar: 69549045110
syscr: 18010657
syscw: 2192851
read_bytes: 29571431424
write_bytes: 69646413824
cancelled_write_bytes: 503808

[2019-01-08T10:28:01-08:00]
rchar: 150204658473
wchar: 69884398370
syscr: 18176087
syscw: 2214072
read_bytes: 29760306176
write_bytes: 69982126080
cancelled_write_bytes: 503808

[2019-01-08T10:28:04-08:00]
rchar: 151180373770
wchar: 70220425387
syscr: 18294297
syscw: 2227389
read_bytes: 29869636608
write_bytes: 70318645248
cancelled_write_bytes: 512000

[2019-01-08T10:28:07-08:00]
rchar: 153730349308
wchar: 70573433326
syscr: 18603457
syscw: 2259486
read_bytes: 30109498368
write_bytes: 70671945728
cancelled_write_bytes: 512000

[2019-01-08T10:28:10-08:00]
rchar: 154249777868
wchar: 71013313215
syscr: 18666378
syscw: 2263946
read_bytes: 30133730304
write_bytes: 71112486912
cancelled_write_bytes: 520192

[2019-01-08T10:28:13-08:00]
rchar: 154712713235
wchar: 71328891668
syscr: 18722448
syscw: 2266182
read_bytes: 30155127808
write_bytes: 71428579328
cancelled_write_bytes: 520192

[2019-01-08T10:28:16-08:00]
rchar: 155370041106
wchar: 71801270056
syscr: 18801998
syscw: 2268955
read_bytes: 30181440512
write_bytes: 71901712384
cancelled_write_bytes: 520192

[2019-01-08T10:28:19-08:00]
rchar: 155910089710
wchar: 72173588853
syscr: 18867321
syscw: 2271554
read_bytes: 30208396288
write_bytes: 72274620416
cancelled_write_bytes: 520192

[2019-01-08T10:28:22-08:00]
rchar: 156416087296
wchar: 72493621405
syscr: 18928566
syscw: 2274604
read_bytes: 30242135040
write_bytes: 72595165184
cancelled_write_bytes: 520192

[2019-01-08T10:28:25-08:00]
rchar: 157215855849
wchar: 72876633563
syscr: 19025445
syscw: 2288057
read_bytes: 30425963520
write_bytes: 72978706432
cancelled_write_bytes: 520192

[2019-01-08T10:28:28-08:00]
rchar: 158088440836
wchar: 73254725434
syscr: 19131231
syscw: 2306541
read_bytes: 30681254912
write_bytes: 73357254656
cancelled_write_bytes: 520192

[2019-01-08T10:28:31-08:00]
rchar: 158684195196
wchar: 73521864748
syscr: 19203445
syscw: 2319097
read_bytes: 30860053504
write_bytes: 73624727552
cancelled_write_bytes: 520192

[2019-01-08T10:28:34-08:00]
rchar: 159236291857
wchar: 73885376761
syscr: 19270290
syscw: 2329253
read_bytes: 30991780864
write_bytes: 73988792320
cancelled_write_bytes: 528384

[2019-01-08T10:28:37-08:00]
rchar: 160633061472
wchar: 74357736490
syscr: 19439632
syscw: 2353046
read_bytes: 31303171072
write_bytes: 74461683712
cancelled_write_bytes: 528384

[2019-01-08T10:28:40-08:00]
rchar: 161541252217
wchar: 74714237207
syscr: 19549711
syscw: 2367964
read_bytes: 31488711680
write_bytes: 74818654208
cancelled_write_bytes: 528384

[2019-01-08T10:28:43-08:00]
rchar: 162110124199
wchar: 75020887604
syscr: 19618675
syscw: 2379052
read_bytes: 31555382272
write_bytes: 75125780480
cancelled_write_bytes: 528384

[2019-01-08T10:28:46-08:00]
rchar: 165024610669
wchar: 75449829451
syscr: 19971971
syscw: 2412161
read_bytes: 31773182976
write_bytes: 75555061760
cancelled_write_bytes: 536576

[2019-01-08T10:28:49-08:00]
rchar: 165276885137
wchar: 75740780125
syscr: 20002546
syscw: 2414883
read_bytes: 31782915072
write_bytes: 75846496256
cancelled_write_bytes: 536576

[2019-01-08T10:28:52-08:00]
rchar: 166395981340
wchar: 76125558310
syscr: 20138126
syscw: 2425823
read_bytes: 31828667392
write_bytes: 76231823360
cancelled_write_bytes: 544768

[2019-01-08T10:28:55-08:00]
rchar: 167840225975
wchar: 76588550421
syscr: 20313213
syscw: 2439660
read_bytes: 31892569088
write_bytes: 76695445504
cancelled_write_bytes: 544768

[2019-01-08T10:28:58-08:00]
rchar: 169281286240
wchar: 76998649968
syscr: 20487905
syscw: 2454797
read_bytes: 31960857600
write_bytes: 77106085888
cancelled_write_bytes: 544768

[2019-01-08T10:29:01-08:00]
rchar: 169999953921
wchar: 77298662450
syscr: 20575019
syscw: 2461298
read_bytes: 31987268608
write_bytes: 77406523392
cancelled_write_bytes: 544768

[2019-01-08T10:29:04-08:00]
rchar: 170474294706
wchar: 77697537198
syscr: 20632469
syscw: 2465360
read_bytes: 32002362368
write_bytes: 77806055424
cancelled_write_bytes: 552960

[2019-01-08T10:29:07-08:00]
rchar: 171102560560
wchar: 78113409597
syscr: 20708605
syscw: 2468569
read_bytes: 32013392896
write_bytes: 78222589952
cancelled_write_bytes: 552960

[2019-01-08T10:29:10-08:00]
rchar: 171713240380
wchar: 78514154354
syscr: 20782635
syscw: 2471628
read_bytes: 32023583744
write_bytes: 78623969280
cancelled_write_bytes: 552960

[2019-01-08T10:29:13-08:00]
rchar: 172562326348
wchar: 79093450406
syscr: 20885548
syscw: 2475683
read_bytes: 32038501376
write_bytes: 79204171776
cancelled_write_bytes: 552960

[2019-01-08T10:29:16-08:00]
rchar: 173385029537
wchar: 79654577428
syscr: 20984964
syscw: 2479739
read_bytes: 32055217152
write_bytes: 79766736896
cancelled_write_bytes: 552960

[2019-01-08T10:29:19-08:00]
rchar: 173965961961
wchar: 80067900087
syscr: 21055359
syscw: 2483388
read_bytes: 32067083264
write_bytes: 80180174848
cancelled_write_bytes: 552960

[2019-01-08T10:29:22-08:00]
rchar: 174684188757
wchar: 80545582776
syscr: 21142397
syscw: 2490817
read_bytes: 32098659328
write_bytes: 80658542592
cancelled_write_bytes: 552960

[2019-01-08T10:29:25-08:00]
rchar: 176043200517
wchar: 81021765644
syscr: 21307180
syscw: 2508635
read_bytes: 32205368320
write_bytes: 81135316992
cancelled_write_bytes: 569344

[2019-01-08T10:29:28-08:00]
rchar: 176454787752
wchar: 81437324293
syscr: 21356912
syscw: 2511908
read_bytes: 32215079936
write_bytes: 81551564800
cancelled_write_bytes: 569344

[2019-01-08T10:29:31-08:00]
rchar: 176930279269
wchar: 81860363667
syscr: 21414349
syscw: 2515628
read_bytes: 32226319360
write_bytes: 81975332864
cancelled_write_bytes: 577536

[2019-01-08T10:29:34-08:00]
rchar: 177438649820
wchar: 82121722505
syscr: 21475848
syscw: 2521352
read_bytes: 32249633792
write_bytes: 82237124608
cancelled_write_bytes: 577536

[2019-01-08T10:29:37-08:00]
rchar: 178864080782
wchar: 82642745584
syscr: 21648652
syscw: 2538435
read_bytes: 32336681984
write_bytes: 82758807552
cancelled_write_bytes: 577536

[2019-01-08T10:29:40-08:00]
rchar: 179774866042
wchar: 83079619755
syscr: 21759047
syscw: 2549391
read_bytes: 32380623872
write_bytes: 83196297216
cancelled_write_bytes: 581632

[2019-01-08T10:29:43-08:00]
rchar: 180175926883
wchar: 83280752964
syscr: 21807666
syscw: 2554432
read_bytes: 32401214464
write_bytes: 83397713920
cancelled_write_bytes: 581632

[2019-01-08T10:29:46-08:00]
rchar: 180852540894
wchar: 83693443733
syscr: 21889611
syscw: 2562005
read_bytes: 32434719744
write_bytes: 83811041280
cancelled_write_bytes: 606208

[2019-01-08T10:29:49-08:00]
rchar: 181394543026
wchar: 84009145696
syscr: 21955300
syscw: 2566715
read_bytes: 32451120128
write_bytes: 84127195136
cancelled_write_bytes: 606208

[2019-01-08T10:29:52-08:00]
rchar: 182259165171
wchar: 84449133977
syscr: 22060096
syscw: 2575201
read_bytes: 32481463296
write_bytes: 84567810048
cancelled_write_bytes: 606208

[2019-01-08T10:29:55-08:00]
rchar: 182923084327
wchar: 84791848441
syscr: 22140571
syscw: 2582050
read_bytes: 32503520256
write_bytes: 84911026176
cancelled_write_bytes: 622592

[2019-01-08T10:29:58-08:00]
rchar: 183713813254
wchar: 85119924400
syscr: 22236418
syscw: 2590635
read_bytes: 32536235008
write_bytes: 85239578624
cancelled_write_bytes: 634880

[2019-01-08T10:30:01-08:00]
rchar: 184297574686
wchar: 85446795459
syscr: 22307173
syscw: 2596292
read_bytes: 32554707968
write_bytes: 85566910464
cancelled_write_bytes: 634880

[2019-01-08T10:30:04-08:00]
rchar: 185001535005
wchar: 85716833316
syscr: 22392513
syscw: 2604447
read_bytes: 32593456128
write_bytes: 85837373440
cancelled_write_bytes: 638976

[2019-01-08T10:30:07-08:00]
rchar: 188270737740
wchar: 86178404456
syscr: 22788814
syscw: 2637216
read_bytes: 32831663104
write_bytes: 86299312128
cancelled_write_bytes: 651264

[2019-01-08T10:30:10-08:00]
rchar: 188742061809
wchar: 86488530252
syscr: 22845905
syscw: 2642362
read_bytes: 32855845888
write_bytes: 86609915904
cancelled_write_bytes: 659456

[2019-01-08T10:30:13-08:00]
rchar: 189352382946
wchar: 86924686689
syscr: 22919912
syscw: 2645071
read_bytes: 32874830848
write_bytes: 87046709248
cancelled_write_bytes: 659456

[2019-01-08T10:30:16-08:00]
rchar: 189981866854
wchar: 87365589551
syscr: 22996040
syscw: 2647863
read_bytes: 32904293376
write_bytes: 87488348160
cancelled_write_bytes: 659456

[2019-01-08T10:30:19-08:00]
rchar: 190425637657
wchar: 87693265776
syscr: 23049706
syscw: 2649638
read_bytes: 32921840640
write_bytes: 87816572928
cancelled_write_bytes: 659456

[2019-01-08T10:30:22-08:00]
rchar: 191042301259
wchar: 88027405885
syscr: 23124332
syscw: 2657454
read_bytes: 33014094848
write_bytes: 88151220224
cancelled_write_bytes: 659456

[2019-01-08T10:30:25-08:00]
rchar: 191813742904
wchar: 88372059545
syscr: 23217841
syscw: 2673969
read_bytes: 33214835712
write_bytes: 88496287744
cancelled_write_bytes: 659456

[2019-01-08T10:30:28-08:00]
rchar: 192554614809
wchar: 88704856971
syscr: 23307652
syscw: 2690309
read_bytes: 33406897152
write_bytes: 88829493248
cancelled_write_bytes: 659456

[2019-01-08T10:30:31-08:00]
rchar: 192989193004
wchar: 89059991307
syscr: 23360344
syscw: 2700242
read_bytes: 33518287872
write_bytes: 89185144832
cancelled_write_bytes: 659456

[2019-01-08T10:30:34-08:00]
rchar: 193713831679
wchar: 89314694925
syscr: 23448127
syscw: 2712771
read_bytes: 33665596416
write_bytes: 89440165888
cancelled_write_bytes: 667648

[2019-01-08T10:30:37-08:00]
rchar: 194711146401
wchar: 89659314366
syscr: 23569017
syscw: 2730128
read_bytes: 33861417984
write_bytes: 89785204736
cancelled_write_bytes: 667648

[2019-01-08T10:30:40-08:00]
rchar: 195772385868
wchar: 90036204120
syscr: 23697667
syscw: 2748619
read_bytes: 34076466176
write_bytes: 90162528256
cancelled_write_bytes: 667648

[2019-01-08T10:30:43-08:00]
rchar: 196342209647
wchar: 90261720867
syscr: 23766746
syscw: 2758123
read_bytes: 34170207232
write_bytes: 90388332544
cancelled_write_bytes: 667648

[2019-01-08T10:30:46-08:00]
rchar: 196644515647
wchar: 90631912485
syscr: 23803334
syscw: 2760848
read_bytes: 34191498240
write_bytes: 90759106560
cancelled_write_bytes: 675840

[2019-01-08T10:30:49-08:00]
rchar: 197079370910
wchar: 90978264827
syscr: 23856067
syscw: 2762870
read_bytes: 34206186496
write_bytes: 91105951744
cancelled_write_bytes: 675840

[2019-01-08T10:30:52-08:00]
rchar: 197663577142
wchar: 91413709977
syscr: 23926826
syscw: 2766027
read_bytes: 34229627904
write_bytes: 91542102016
cancelled_write_bytes: 675840

[2019-01-08T10:30:55-08:00]
rchar: 198081398833
wchar: 91716815515
syscr: 23977458
syscw: 2768443
read_bytes: 34246753280
write_bytes: 91845664768
cancelled_write_bytes: 675840

[2019-01-08T10:30:58-08:00]
rchar: 198549679073
wchar: 92079402186
syscr: 24034212
syscw: 2770829
read_bytes: 34263268352
write_bytes: 92208795648
cancelled_write_bytes: 675840

[2019-01-08T10:31:01-08:00]
rchar: 199048785529
wchar: 92448959470
syscr: 24094658
syscw: 2773675
read_bytes: 34286193664
write_bytes: 92578955264
cancelled_write_bytes: 675840

[2019-01-08T10:31:04-08:00]
rchar: 199562075932
wchar: 92832298274
syscr: 24156871
syscw: 2776416
read_bytes: 34309925888
write_bytes: 92962893824
cancelled_write_bytes: 675840

[2019-01-08T10:31:07-08:00]
rchar: 200011215194
wchar: 93131453581
syscr: 24211299
syscw: 2779741
read_bytes: 34344287232
write_bytes: 93262487552
cancelled_write_bytes: 675840

[2019-01-08T10:31:10-08:00]
rchar: 200665704497
wchar: 93381716673
syscr: 24290634
syscw: 2788614
read_bytes: 34443373568
write_bytes: 93513134080
cancelled_write_bytes: 675840

[2019-01-08T10:31:13-08:00]
rchar: 201914226108
wchar: 93802122723
syscr: 24441970
syscw: 2806520
read_bytes: 34623466496
write_bytes: 93934075904
cancelled_write_bytes: 675840

[2019-01-08T10:31:16-08:00]
rchar: 202445104094
wchar: 93919219460
syscr: 24506331
syscw: 2815271
read_bytes: 34697538560
write_bytes: 94051295232
cancelled_write_bytes: 675840

[2019-01-08T10:31:19-08:00]
rchar: 204008912487
wchar: 94377332663
syscr: 24695844
syscw: 2835923
read_bytes: 34863594496
write_bytes: 94510034944
cancelled_write_bytes: 684032

[2019-01-08T10:31:22-08:00]
rchar: 206107593394
wchar: 94666330138
syscr: 24950289
syscw: 2860987
read_bytes: 35027418112
write_bytes: 94799290368
cancelled_write_bytes: 684032

[2019-01-08T10:31:25-08:00]
rchar: 206421928137
wchar: 94950076492
syscr: 24988406
syscw: 2864060
read_bytes: 35038534656
write_bytes: 95083491328
cancelled_write_bytes: 684032

[2019-01-08T10:31:28-08:00]
rchar: 207052990447
wchar: 95389928123
syscr: 25064737
syscw: 2867627
read_bytes: 35056466944
write_bytes: 95524093952
cancelled_write_bytes: 692224

[2019-01-08T10:31:31-08:00]
rchar: 207661984374
wchar: 95792960474
syscr: 25138425
syscw: 2870793
read_bytes: 35080121344
write_bytes: 95927783424
cancelled_write_bytes: 692224

[2019-01-08T10:31:34-08:00]
rchar: 208338651202
wchar: 96200746421
syscr: 25220297
syscw: 2875482
read_bytes: 35115801600
write_bytes: 96336220160
cancelled_write_bytes: 692224

[2019-01-08T10:31:37-08:00]
rchar: 210038591901
wchar: 96676894210
syscr: 25426380
syscw: 2906561
read_bytes: 35419917312
write_bytes: 96812867584
cancelled_write_bytes: 692224

[2019-01-08T10:31:40-08:00]
rchar: 210639029242
wchar: 96865981253
syscr: 25499184
syscw: 2917566
read_bytes: 35514440704
write_bytes: 97002168320
cancelled_write_bytes: 692224

[2019-01-08T10:31:43-08:00]
rchar: 211942831071
wchar: 97289090017
syscr: 25657179
syscw: 2937205
read_bytes: 35691265024
write_bytes: 97425842176
cancelled_write_bytes: 700416

[2019-01-08T10:31:46-08:00]
rchar: 213044712915
wchar: 97584849599
syscr: 25790755
syscw: 2952990
read_bytes: 35807661056
write_bytes: 97721954304
cancelled_write_bytes: 700416

[2019-01-08T10:31:49-08:00]
rchar: 214245724063
wchar: 97933825141
syscr: 25936308
syscw: 2971825
read_bytes: 35935624192
write_bytes: 98071367680
cancelled_write_bytes: 700416

[2019-01-08T10:31:52-08:00]
rchar: 216746879419
wchar: 98266776053
syscr: 26239541
syscw: 2999637
read_bytes: 36118932480
write_bytes: 98404642816
cancelled_write_bytes: 708608

[2019-01-08T10:31:55-08:00]
rchar: 218099770279
wchar: 98769170818
syscr: 26403538
syscw: 3011506
read_bytes: 36166704128
write_bytes: 98907738112
cancelled_write_bytes: 708608

[2019-01-08T10:31:58-08:00]
rchar: 218375515320
wchar: 98944201750
syscr: 26436967
syscw: 3013775
read_bytes: 36173659136
write_bytes: 99083046912
cancelled_write_bytes: 708608

[2019-01-08T10:32:01-08:00]
rchar: 218805022391
wchar: 99288441466
syscr: 26488970
syscw: 3017373
read_bytes: 36186164224
write_bytes: 99427840000
cancelled_write_bytes: 716800

[2019-01-08T10:32:04-08:00]
rchar: 219530430167
wchar: 99764321104
syscr: 26576900
syscw: 3021088
read_bytes: 36198210560
write_bytes: 99904458752
cancelled_write_bytes: 716800

[2019-01-08T10:32:07-08:00]
rchar: 220268248243
wchar: 100234752812
syscr: 26666320
syscw: 3024991
read_bytes: 36211145728
write_bytes: 100375617536
cancelled_write_bytes: 716800

[2019-01-08T10:32:10-08:00]
rchar: 220996584485
wchar: 100702981912
syscr: 26754591
syscw: 3028738
read_bytes: 36223495168
write_bytes: 100844589056
cancelled_write_bytes: 716800

[2019-01-08T10:32:13-08:00]
rchar: 221548145057
wchar: 101046658679
syscr: 26821450
syscw: 3031808
read_bytes: 36232141824
write_bytes: 101188825088
cancelled_write_bytes: 716800

[2019-01-08T10:32:16-08:00]
rchar: 222184867549
wchar: 101450995111
syscr: 26898304
syscw: 3035308
read_bytes: 36243864576
write_bytes: 101593821184
cancelled_write_bytes: 716800

[2019-01-08T10:32:19-08:00]
rchar: 222714241151
wchar: 101799021888
syscr: 26962471
syscw: 3039842
read_bytes: 36261747712
write_bytes: 101942382592
cancelled_write_bytes: 716800

[2019-01-08T10:32:22-08:00]
rchar: 223174938841
wchar: 102142421881
syscr: 27018312
syscw: 3043236
read_bytes: 36273048576
write_bytes: 102286315520
cancelled_write_bytes: 716800

[2019-01-08T10:32:25-08:00]
rchar: 223647687065
wchar: 102396289458
syscr: 27075615
syscw: 3049496
read_bytes: 36295736320
write_bytes: 102540554240
cancelled_write_bytes: 716800

[2019-01-08T10:32:28-08:00]
rchar: 224895343273
wchar: 102981161484
syscr: 27226763
syscw: 3063643
read_bytes: 36361346048
write_bytes: 103126278144
cancelled_write_bytes: 724992

[2019-01-08T10:32:31-08:00]
rchar: 225162322197
wchar: 103208003542
syscr: 27259048
syscw: 3064912
read_bytes: 36364602368
write_bytes: 103353495552
cancelled_write_bytes: 724992

[2019-01-08T10:32:34-08:00]
rchar: 225525834606
wchar: 103622120036
syscr: 27302916
syscw: 3068561
read_bytes: 36375211008
write_bytes: 103768326144
cancelled_write_bytes: 724992

[2019-01-08T10:32:37-08:00]
rchar: 226201142751
wchar: 103936070021
syscr: 27384704
syscw: 3076467
read_bytes: 36403432448
write_bytes: 104082739200
cancelled_write_bytes: 733184

[2019-01-08T10:32:40-08:00]
rchar: 227742138651
wchar: 104424184535
syscr: 27571511
syscw: 3095383
read_bytes: 36493745152
write_bytes: 104571437056
cancelled_write_bytes: 733184

[2019-01-08T10:32:43-08:00]
rchar: 228707353825
wchar: 104827075703
syscr: 27688527
syscw: 3107324
read_bytes: 36543425536
write_bytes: 104974868480
cancelled_write_bytes: 745472

[2019-01-08T10:32:46-08:00]
rchar: 228893114886
wchar: 105072167516
syscr: 27711044
syscw: 3110259
read_bytes: 36551642112
write_bytes: 105220374528
cancelled_write_bytes: 745472

[2019-01-08T10:32:49-08:00]
rchar: 229871246802
wchar: 105496024020
syscr: 27829536
syscw: 3120281
read_bytes: 36586810368
write_bytes: 105644867584
cancelled_write_bytes: 757760

[2019-01-08T10:32:52-08:00]
rchar: 230504358567
wchar: 105821379084
syscr: 27906271
syscw: 3126624
read_bytes: 36606123008
write_bytes: 105970700288
cancelled_write_bytes: 761856

[2019-01-08T10:32:55-08:00]
rchar: 231869465215
wchar: 106306208051
syscr: 28071756
syscw: 3140845
read_bytes: 36666915840
write_bytes: 106456162304
cancelled_write_bytes: 770048

[2019-01-08T10:32:58-08:00]
rchar: 232786674273
wchar: 106646821179
syscr: 28182932
syscw: 3151449
read_bytes: 36706614272
write_bytes: 106797228032
cancelled_write_bytes: 778240

[2019-01-08T10:33:01-08:00]
rchar: 233062083454
wchar: 106828583207
syscr: 28216331
syscw: 3155505
read_bytes: 36720364544
write_bytes: 106979266560
cancelled_write_bytes: 778240

[2019-01-08T10:33:04-08:00]
rchar: 233985161964
wchar: 107087010850
syscr: 28328165
syscw: 3165832
read_bytes: 36761742336
write_bytes: 107238051840
cancelled_write_bytes: 790528

[2019-01-08T10:33:07-08:00]
rchar: 234803535394
wchar: 107625908562
syscr: 28427226
syscw: 3170598
read_bytes: 36774988800
write_bytes: 107777855488
cancelled_write_bytes: 790528

[2019-01-08T10:33:10-08:00]
rchar: 235341467387
wchar: 107977010760
syscr: 28492313
syscw: 3173796
read_bytes: 36783840256
write_bytes: 108129542144
cancelled_write_bytes: 790528

[2019-01-08T10:33:13-08:00]
rchar: 235847527934
wchar: 108202930476
syscr: 28553561
syscw: 3180183
read_bytes: 36806556672
write_bytes: 108356268032
cancelled_write_bytes: 794624

[2019-01-08T10:33:16-08:00]
rchar: 236548557516
wchar: 108683430385
syscr: 28638519
syscw: 3187851
read_bytes: 36830280704
write_bytes: 108836978688
cancelled_write_bytes: 794624

[2019-01-08T10:33:19-08:00]
rchar: 237139022844
wchar: 108992777746
syscr: 28710088
syscw: 3197030
read_bytes: 36862688256
write_bytes: 109146750976
cancelled_write_bytes: 794624

[2019-01-08T10:33:22-08:00]
rchar: 237543135868
wchar: 109222200301
syscr: 28759081
syscw: 3202649
read_bytes: 36882803712
write_bytes: 109376495616
cancelled_write_bytes: 827392

[2019-01-08T10:33:25-08:00]
rchar: 237702945719
wchar: 109461540140
syscr: 28778452
syscw: 3205914
read_bytes: 36891954176
write_bytes: 109616234496
cancelled_write_bytes: 827392

[2019-01-08T10:33:28-08:00]
rchar: 238225052095
wchar: 109789203642
syscr: 28841652
syscw: 3211275
read_bytes: 36907633664
write_bytes: 109944381440
cancelled_write_bytes: 851968

[2019-01-08T10:33:31-08:00]
rchar: 238890491141
wchar: 110129042832
syscr: 28922313
syscw: 3219080
read_bytes: 36934429696
write_bytes: 110284697600
cancelled_write_bytes: 851968

[2019-01-08T10:33:34-08:00]
rchar: 239785891085
wchar: 110572450930
syscr: 29030846
syscw: 3229055
read_bytes: 36970941440
write_bytes: 110728728576
cancelled_write_bytes: 856064

[2019-01-08T10:33:37-08:00]
rchar: 240937597620
wchar: 110920990555
syscr: 29170475
syscw: 3245424
read_bytes: 37053246464
write_bytes: 111077658624
cancelled_write_bytes: 860160

[2019-01-08T10:33:40-08:00]
rchar: 242361552372
wchar: 111250460462
syscr: 29343051
syscw: 3263446
read_bytes: 37165485056
write_bytes: 111407509504
cancelled_write_bytes: 872448

[2019-01-08T10:33:43-08:00]
rchar: 243872025341
wchar: 111534966110
syscr: 29526192
syscw: 3281539
read_bytes: 37283269632
write_bytes: 111692505088
cancelled_write_bytes: 876544

[2019-01-08T10:33:46-08:00]
rchar: 245902982575
wchar: 111997804660
syscr: 29772368
syscw: 3301749
read_bytes: 37386914816
write_bytes: 112155717632
cancelled_write_bytes: 884736

[2019-01-08T10:33:49-08:00]
rchar: 246512210253
wchar: 112386705269
syscr: 29846060
syscw: 3305538
read_bytes: 37396515840
write_bytes: 112545280000
cancelled_write_bytes: 884736

[2019-01-08T10:33:52-08:00]
rchar: 247025040046
wchar: 112707101574
syscr: 29908100
syscw: 3308941
read_bytes: 37404875776
write_bytes: 112866209792
cancelled_write_bytes: 884736

[2019-01-08T10:33:55-08:00]
rchar: 247618593335
wchar: 112993812255
syscr: 29979948
syscw: 3314961
read_bytes: 37423254528
write_bytes: 113153363968
cancelled_write_bytes: 888832

[2019-01-08T10:33:58-08:00]
rchar: 248262133642
wchar: 113354461723
syscr: 30057945
syscw: 3323726
read_bytes: 37452852224
write_bytes: 113514528768
cancelled_write_bytes: 888832

[2019-01-08T10:34:01-08:00]
rchar: 248471602438
wchar: 113591317714
syscr: 30083340
syscw: 3326269
read_bytes: 37459704832
write_bytes: 113752596480
cancelled_write_bytes: 888832

[2019-01-08T10:34:04-08:00]
rchar: 249128499627
wchar: 114011296965
syscr: 30162879
syscw: 3334048
read_bytes: 37482933248
write_bytes: 114172383232
cancelled_write_bytes: 901120

[2019-01-08T10:34:07-08:00]
rchar: 249938496204
wchar: 114402404393
syscr: 30261050
syscw: 3342655
read_bytes: 37512907776
write_bytes: 114564042752
cancelled_write_bytes: 913408

[2019-01-08T10:34:10-08:00]
rchar: 250613168868
wchar: 114823516917
syscr: 30342822
syscw: 3349030
read_bytes: 37530737664
write_bytes: 114985754624
cancelled_write_bytes: 913408

[2019-01-08T10:34:13-08:00]
rchar: 251457108008
wchar: 115276572229
syscr: 30445114
syscw: 3359118
read_bytes: 37560523776
write_bytes: 115439464448
cancelled_write_bytes: 921600

[2019-01-08T10:34:16-08:00]
rchar: 252345335894
wchar: 115598317613
syscr: 30552795
syscw: 3372429
read_bytes: 37605452800
write_bytes: 115761627136
cancelled_write_bytes: 925696

[2019-01-08T10:34:19-08:00]
rchar: 253247539382
wchar: 115904398198
syscr: 30662099
syscw: 3384571
read_bytes: 37667564544
write_bytes: 116068143104
cancelled_write_bytes: 942080

[2019-01-08T10:34:22-08:00]
rchar: 255262045241
wchar: 116174939245
syscr: 30906347
syscw: 3407484
read_bytes: 37812435968
write_bytes: 116338851840
cancelled_write_bytes: 942080

[2019-01-08T10:34:25-08:00]
rchar: 258595711327
wchar: 116658431279
syscr: 31310473
syscw: 3442037
read_bytes: 38006598656
write_bytes: 116822794240
cancelled_write_bytes: 950272

[2019-01-08T10:34:28-08:00]
rchar: 259028610436
wchar: 116965447858
syscr: 31362910
syscw: 3447186
read_bytes: 38023404544
write_bytes: 117130317824
cancelled_write_bytes: 958464

[2019-01-08T10:34:31-08:00]
rchar: 259590404176
wchar: 117383700186
syscr: 31430912
syscw: 3449408
read_bytes: 38044339200
write_bytes: 117549203456
cancelled_write_bytes: 958464

[2019-01-08T10:34:34-08:00]
rchar: 260110794276
wchar: 117746599065
syscr: 31493883
syscw: 3451694
read_bytes: 38065634304
write_bytes: 117912715264
cancelled_write_bytes: 958464

[2019-01-08T10:34:37-08:00]
rchar: 260758397190
wchar: 118210379206
syscr: 31572284
syscw: 3454585
read_bytes: 38092995584
write_bytes: 118377242624
cancelled_write_bytes: 958464

[2019-01-08T10:34:40-08:00]
rchar: 261175995753
wchar: 118489304053
syscr: 31622782
syscw: 3456709
read_bytes: 38111792128
write_bytes: 118656602112
cancelled_write_bytes: 958464

[2019-01-08T10:34:43-08:00]
rchar: 261730794793
wchar: 118775215957
syscr: 31690029
syscw: 3467312
read_bytes: 38229486592
write_bytes: 118942859264
cancelled_write_bytes: 958464

[2019-01-08T10:34:46-08:00]
rchar: 262576229480
wchar: 119250405806
syscr: 31792530
syscw: 3481206
read_bytes: 38387932160
write_bytes: 119418658816
cancelled_write_bytes: 958464

[2019-01-08T10:34:49-08:00]
rchar: 263392525702
wchar: 119627872958
syscr: 31891510
syscw: 3498323
read_bytes: 38579301376
write_bytes: 119796576256
cancelled_write_bytes: 958464

[2019-01-08T10:34:52-08:00]
rchar: 263682203921
wchar: 119922939218
syscr: 31926633
syscw: 3504234
read_bytes: 38651259904
write_bytes: 120092131328
cancelled_write_bytes: 958464

[2019-01-08T10:34:55-08:00]
rchar: 264363440101
wchar: 120214627422
syscr: 32009143
syscw: 3514768
read_bytes: 38775618560
write_bytes: 120384167936
cancelled_write_bytes: 966656

[2019-01-08T10:34:58-08:00]
rchar: 265174967343
wchar: 120625840768
syscr: 32107468
syscw: 3525391
read_bytes: 38906911744
write_bytes: 120795971584
cancelled_write_bytes: 966656

[2019-01-08T10:35:01-08:00]
rchar: 266157072354
wchar: 121054211731
syscr: 32226513
syscw: 3540094
read_bytes: 39113432064
write_bytes: 121224896512
cancelled_write_bytes: 966656

[2019-01-08T10:35:04-08:00]
rchar: 267268719750
wchar: 121517965504
syscr: 32361298
syscw: 3557801
read_bytes: 39377972224
write_bytes: 121689214976
cancelled_write_bytes: 966656

[2019-01-08T10:35:07-08:00]
rchar: 267614493380
wchar: 121827374612
syscr: 32403230
syscw: 3563549
read_bytes: 39464979456
write_bytes: 121999106048
cancelled_write_bytes: 966656

[2019-01-08T10:35:10-08:00]
rchar: 268103040657
wchar: 122180156955
syscr: 32462368
syscw: 3566571
read_bytes: 39511804928
write_bytes: 122352582656
cancelled_write_bytes: 974848

[2019-01-08T10:35:13-08:00]
rchar: 268625611424
wchar: 122538846850
syscr: 32525675
syscw: 3569963
read_bytes: 39563459584
write_bytes: 122711638016
cancelled_write_bytes: 974848

[2019-01-08T10:35:16-08:00]
rchar: 269150787126
wchar: 122933201489
syscr: 32589303
syscw: 3572871
read_bytes: 39601527808
write_bytes: 123106594816
cancelled_write_bytes: 974848

[2019-01-08T10:35:19-08:00]
rchar: 269747783233
wchar: 123380263212
syscr: 32661628
syscw: 3576055
read_bytes: 39645248512
write_bytes: 123554349056
cancelled_write_bytes: 974848

[2019-01-08T10:35:22-08:00]
rchar: 270276146895
wchar: 123762031075
syscr: 32725643
syscw: 3579300
read_bytes: 39687810048
write_bytes: 123936690176
cancelled_write_bytes: 974848

[2019-01-08T10:35:25-08:00]
rchar: 270892469382
wchar: 124204664909
syscr: 32800341
syscw: 3583159
read_bytes: 39737535488
write_bytes: 124379983872
cancelled_write_bytes: 974848

[2019-01-08T10:35:28-08:00]
rchar: 271532010473
wchar: 124610954261
syscr: 32877841
syscw: 3588356
read_bytes: 39806307328
write_bytes: 124786888704
cancelled_write_bytes: 974848

[2019-01-08T10:35:31-08:00]
rchar: 272530987808
wchar: 125023118717
syscr: 32998939
syscw: 3601036
read_bytes: 40006822912
write_bytes: 125199613952
cancelled_write_bytes: 974848

[2019-01-08T10:35:34-08:00]
rchar: 273395811604
wchar: 125361195080
syscr: 33103763
syscw: 3612931
read_bytes: 40182676480
write_bytes: 125538144256
cancelled_write_bytes: 974848

[2019-01-08T10:35:37-08:00]
rchar: 274275837423
wchar: 125661237703
syscr: 33210451
syscw: 3625943
read_bytes: 40374127616
write_bytes: 125838536704
cancelled_write_bytes: 974848

[2019-01-08T10:35:40-08:00]
rchar: 274534321523
wchar: 125899081488
syscr: 33241709
syscw: 3629701
read_bytes: 40426089472
write_bytes: 126076780544
cancelled_write_bytes: 983040

[2019-01-08T10:35:43-08:00]
rchar: 275813591305
wchar: 126267396798
syscr: 33396780
syscw: 3645995
read_bytes: 40670485504
write_bytes: 126445555712
cancelled_write_bytes: 983040

[2019-01-08T10:35:46-08:00]
rchar: 277034936482
wchar: 126607948945
syscr: 33544854
syscw: 3661613
read_bytes: 40900799488
write_bytes: 126786527232
cancelled_write_bytes: 983040

[2019-01-08T10:35:49-08:00]
rchar: 278383245381
wchar: 126986453087
syscr: 33708298
syscw: 3679148
read_bytes: 41167756288
write_bytes: 127165509632
cancelled_write_bytes: 983040

[2019-01-08T10:35:52-08:00]
rchar: 278903382342
wchar: 127149896006
syscr: 33771367
syscw: 3686046
read_bytes: 41265269760
write_bytes: 127329927168
cancelled_write_bytes: 983040

[2019-01-08T10:35:55-08:00]
rchar: 279576648170
wchar: 127599959496
syscr: 33852896
syscw: 3691819
read_bytes: 41359682560
write_bytes: 127779921920
cancelled_write_bytes: 991232

[2019-01-08T10:35:58-08:00]
rchar: 280545672744
wchar: 128040219870
syscr: 33970312
syscw: 3699713
read_bytes: 41494723584
write_bytes: 128220831744
cancelled_write_bytes: 991232

[2019-01-08T10:36:01-08:00]
rchar: 281602587447
wchar: 128495567433
syscr: 34098325
syscw: 3708943
read_bytes: 41652005888
write_bytes: 128676859904
cancelled_write_bytes: 991232

[2019-01-08T10:36:04-08:00]
rchar: 282284722129
wchar: 128802236463
syscr: 34181006
syscw: 3714793
read_bytes: 41759890432
write_bytes: 128983961600
cancelled_write_bytes: 991232

[2019-01-08T10:36:07-08:00]
rchar: 283234424340
wchar: 129228699082
syscr: 34296015
syscw: 3722727
read_bytes: 41907788800
write_bytes: 129411063808
cancelled_write_bytes: 991232

[2019-01-08T10:36:10-08:00]
rchar: 284061880316
wchar: 129689196524
syscr: 34396246
syscw: 3728435
read_bytes: 42002062336
write_bytes: 129872269312
cancelled_write_bytes: 991232

[2019-01-08T10:36:13-08:00]
rchar: 285255929254
wchar: 130028077895
syscr: 34540956
syscw: 3741451
read_bytes: 42213284864
write_bytes: 130212102144
cancelled_write_bytes: 991232

[2019-01-08T10:36:16-08:00]
rchar: 285765993542
wchar: 130209015616
syscr: 34602799
syscw: 3747214
read_bytes: 42306690048
write_bytes: 130393468928
cancelled_write_bytes: 991232

[2019-01-08T10:36:19-08:00]
rchar: 286855562105
wchar: 130550593213
syscr: 34734791
syscw: 3758329
read_bytes: 42461096960
write_bytes: 130734882816
cancelled_write_bytes: 999424

[2019-01-08T10:36:22-08:00]
rchar: 289403412408
wchar: 130968242381
syscr: 35043647
syscw: 3784088
read_bytes: 42714143744
write_bytes: 131153035264
cancelled_write_bytes: 999424

[2019-01-08T10:36:25-08:00]
rchar: 291108990315
wchar: 131290190407
syscr: 35250374
syscw: 3800826
read_bytes: 42832456704
write_bytes: 131475406848
cancelled_write_bytes: 999424

[2019-01-08T10:36:28-08:00]
rchar: 292096105805
wchar: 131652329196
syscr: 35369954
syscw: 3813089
read_bytes: 42922335232
write_bytes: 131838038016
cancelled_write_bytes: 1007616

[2019-01-08T10:36:31-08:00]
rchar: 293968805632
wchar: 132038130069
syscr: 35597002
syscw: 3841274
read_bytes: 43142437888
write_bytes: 132224233472
cancelled_write_bytes: 1007616

[2019-01-08T10:36:34-08:00]
rchar: 294604761238
wchar: 132273946985
syscr: 35674031
syscw: 3852072
read_bytes: 43222019072
write_bytes: 132460404736
cancelled_write_bytes: 1015808

[2019-01-08T10:36:37-08:00]
rchar: 297537093085
wchar: 132780769994
syscr: 36029538
syscw: 3885033
read_bytes: 43464317952
write_bytes: 132967751680
cancelled_write_bytes: 1015808

[2019-01-08T10:36:40-08:00]
rchar: 298241900891
wchar: 132989571221
syscr: 36114999
syscw: 3895347
read_bytes: 43535694848
write_bytes: 133176840192
cancelled_write_bytes: 1015808

[2019-01-08T10:36:43-08:00]
rchar: 298888015806
wchar: 133470349434
syscr: 36193276
syscw: 3898401
read_bytes: 43555564544
write_bytes: 133658370048
cancelled_write_bytes: 1024000

[2019-01-08T10:36:46-08:00]
rchar: 299501230028
wchar: 133925927566
syscr: 36267587
syscw: 3900729
read_bytes: 43574578176
write_bytes: 134114689024
cancelled_write_bytes: 1024000

[2019-01-08T10:36:49-08:00]
rchar: 300132253384
wchar: 134389919622
syscr: 36344074
syscw: 3903127
read_bytes: 43589966848
write_bytes: 134579445760
cancelled_write_bytes: 1024000

[2019-01-08T10:36:52-08:00]
rchar: 300703272991
wchar: 134749261611
syscr: 36412976
syscw: 3908291
read_bytes: 43647101952
write_bytes: 134939336704
cancelled_write_bytes: 1024000

[2019-01-08T10:36:55-08:00]
rchar: 301355012830
wchar: 135137498559
syscr: 36491967
syscw: 3916022
read_bytes: 43727703040
write_bytes: 135328145408
cancelled_write_bytes: 1024000

[2019-01-08T10:36:58-08:00]
rchar: 301835327705
wchar: 135478145129
syscr: 36550174
syscw: 3920233
read_bytes: 43763338240
write_bytes: 135669301248
cancelled_write_bytes: 1024000

[2019-01-08T10:37:01-08:00]
rchar: 302440657155
wchar: 135786484923
syscr: 36623545
syscw: 3929075
read_bytes: 43841620992
write_bytes: 135978094592
cancelled_write_bytes: 1024000

[2019-01-08T10:37:04-08:00]
rchar: 303107414897
wchar: 136254420329
syscr: 36704338
syscw: 3935113
read_bytes: 43899472896
write_bytes: 136446734336
cancelled_write_bytes: 1024000

[2019-01-08T10:37:07-08:00]
rchar: 304075162526
wchar: 136618587995
syscr: 36821651
syscw: 3953195
read_bytes: 44056787968
write_bytes: 136811347968
cancelled_write_bytes: 1024000

[2019-01-08T10:37:10-08:00]
rchar: 304420811056
wchar: 136903455200
syscr: 36863482
syscw: 3959093
read_bytes: 44094368768
write_bytes: 137096691712
cancelled_write_bytes: 1032192

[2019-01-08T10:37:13-08:00]
rchar: 305256169191
wchar: 137321543240
syscr: 36964723
syscw: 3968362
read_bytes: 44153920512
write_bytes: 137515380736
cancelled_write_bytes: 1032192

[2019-01-08T10:37:16-08:00]
rchar: 307404776126
wchar: 137867072469
syscr: 37225195
syscw: 3998442
read_bytes: 44354481152
write_bytes: 138061504512
cancelled_write_bytes: 1032192

[2019-01-08T10:37:19-08:00]
rchar: 307746722170
wchar: 138122715750
syscr: 37266664
syscw: 4001501
read_bytes: 44372847616
write_bytes: 138318553088
cancelled_write_bytes: 1032192

[2019-01-08T10:37:22-08:00]
rchar: 308370905671
wchar: 138624799628
syscr: 37342073
syscw: 4005615
read_bytes: 44392451072
write_bytes: 138820505600
cancelled_write_bytes: 1040384

[2019-01-08T10:37:25-08:00]
rchar: 308934954774
wchar: 139011150149
syscr: 37410355
syscw: 4008900
read_bytes: 44408392704
write_bytes: 139207495680
cancelled_write_bytes: 1040384

[2019-01-08T10:37:28-08:00]
rchar: 309677011308
wchar: 139432329428
syscr: 37500121
syscw: 4014967
read_bytes: 44436958208
write_bytes: 139629342720
cancelled_write_bytes: 1040384

[2019-01-08T10:37:31-08:00]
rchar: 311562395668
wchar: 139795519759
syscr: 37728720
syscw: 4044774
read_bytes: 44630334464
write_bytes: 139992846336
cancelled_write_bytes: 1040384

[2019-01-08T10:37:34-08:00]
rchar: 311858017631
wchar: 140129124797
syscr: 37764466
syscw: 4048067
read_bytes: 44643826688
write_bytes: 140326998016
cancelled_write_bytes: 1040384

[2019-01-08T10:37:37-08:00]
rchar: 314234724056
wchar: 140508735622
syscr: 38052625
syscw: 4079368
read_bytes: 44847139840
write_bytes: 140706955264
cancelled_write_bytes: 1052672

[2019-01-08T10:37:40-08:00]
rchar: 315333103044
wchar: 141048034162
syscr: 38185761
syscw: 4089549
read_bytes: 44897299456
write_bytes: 141247021056
cancelled_write_bytes: 1056768

[2019-01-08T10:37:43-08:00]
rchar: 315518728365
wchar: 141257099047
syscr: 38208261
syscw: 4092667
read_bytes: 44910136320
write_bytes: 141456433152
cancelled_write_bytes: 1056768

[2019-01-08T10:37:46-08:00]
rchar: 316291193665
wchar: 141768497457
syscr: 38301800
syscw: 4097281
read_bytes: 44927269888
write_bytes: 141968613376
cancelled_write_bytes: 1069056

[2019-01-08T10:37:49-08:00]
rchar: 316834571594
wchar: 142037220933
syscr: 38367664
syscw: 4101989
read_bytes: 44956445696
write_bytes: 142237745152
cancelled_write_bytes: 1069056

[2019-01-08T10:37:52-08:00]
rchar: 318544438284
wchar: 142567197531
syscr: 38574953
syscw: 4120619
read_bytes: 45113773056
write_bytes: 142768398336
cancelled_write_bytes: 1069056

[2019-01-08T10:37:55-08:00]
rchar: 319212741738
wchar: 142895905621
syscr: 38655967
syscw: 4127003
read_bytes: 45186219008
write_bytes: 143097544704
cancelled_write_bytes: 1069056

[2019-01-08T10:37:58-08:00]
rchar: 320503200592
wchar: 143301258498
syscr: 38812400
syscw: 4142625
read_bytes: 45378124800
write_bytes: 143503413248
cancelled_write_bytes: 1077248

[2019-01-08T10:38:01-08:00]
rchar: 320809059075
wchar: 143500639998
syscr: 38849490
syscw: 4147072
read_bytes: 45427088384
write_bytes: 143703101440
cancelled_write_bytes: 1077248

[2019-01-08T10:38:04-08:00]
rchar: 321228435820
wchar: 143827807611
syscr: 38900274
syscw: 4149110
read_bytes: 45448313856
write_bytes: 144030801920
cancelled_write_bytes: 1085440

[2019-01-08T10:38:07-08:00]
rchar: 321824918841
wchar: 144281261510
syscr: 38972416
syscw: 4151338
read_bytes: 45478165504
write_bytes: 144484978688
cancelled_write_bytes: 1085440

[2019-01-08T10:38:10-08:00]
rchar: 322391816001
wchar: 144706204641
syscr: 39040962
syscw: 4153336
read_bytes: 45506182144
write_bytes: 144910639104
cancelled_write_bytes: 1085440

[2019-01-08T10:38:13-08:00]
rchar: 322816638917
wchar: 145028208486
syscr: 39092326
syscw: 4154786
read_bytes: 45526989824
write_bytes: 145233174528
cancelled_write_bytes: 1085440

[2019-01-08T10:38:16-08:00]
rchar: 323214317215
wchar: 145233121378
syscr: 39140471
syscw: 4160683
read_bytes: 45626457088
write_bytes: 145438392320
cancelled_write_bytes: 1085440

[2019-01-08T10:38:19-08:00]
rchar: 323822155178
wchar: 145550131524
syscr: 39214159
syscw: 4171679
read_bytes: 45818096640
write_bytes: 145755820032
cancelled_write_bytes: 1085440

[2019-01-08T10:38:22-08:00]
rchar: 324741263972
wchar: 146038511005
syscr: 39325596
syscw: 4188040
read_bytes: 46085884928
write_bytes: 146244804608
cancelled_write_bytes: 1085440

[2019-01-08T10:38:25-08:00]
rchar: 325339200704
wchar: 146458113579
syscr: 39398054
syscw: 4194625
read_bytes: 46185577472
write_bytes: 146665586688
cancelled_write_bytes: 1085440

[2019-01-08T10:38:28-08:00]
rchar: 325903007360
wchar: 146835719379
syscr: 39466382
syscw: 4201402
read_bytes: 46289947648
write_bytes: 147043106816
cancelled_write_bytes: 1085440

[2019-01-08T10:38:31-08:00]
rchar: 326361575865
wchar: 147171322762
syscr: 39521958
syscw: 4210004
read_bytes: 46411873280
write_bytes: 147379212288
cancelled_write_bytes: 1085440

[2019-01-08T10:38:34-08:00]
rchar: 326710890024
wchar: 147389995069
syscr: 39564230
syscw: 4215703
read_bytes: 46496504832
write_bytes: 147598217216
cancelled_write_bytes: 1093632

[2019-01-08T10:38:37-08:00]
rchar: 327769688443
wchar: 147851953032
syscr: 39692586
syscw: 4231353
read_bytes: 46733274112
write_bytes: 148060766208
cancelled_write_bytes: 1093632

[2019-01-08T10:38:40-08:00]
rchar: 328623414450
wchar: 148296142618
syscr: 39796064
syscw: 4242221
read_bytes: 46876990464
write_bytes: 148505563136
cancelled_write_bytes: 1093632

[2019-01-08T10:38:44-08:00]
rchar: 329206753105
wchar: 148568682879
syscr: 39866773
syscw: 4250721
read_bytes: 46973627392
write_bytes: 148778471424
cancelled_write_bytes: 1093632

[2019-01-08T10:38:47-08:00]
rchar: 330218468517
wchar: 148904476449
syscr: 39989425
syscw: 4268819
read_bytes: 47177993216
write_bytes: 149114654720
cancelled_write_bytes: 1093632

[2019-01-08T10:38:50-08:00]
rchar: 330612511940
wchar: 149350548238
syscr: 40037140
syscw: 4271802
read_bytes: 47204011008
write_bytes: 149562429440
cancelled_write_bytes: 1101824

[2019-01-08T10:38:53-08:00]
rchar: 331021680930
wchar: 149676970831
syscr: 40086740
syscw: 4273498
read_bytes: 47217155072
write_bytes: 149888368640
cancelled_write_bytes: 1101824

[2019-01-08T10:38:56-08:00]
rchar: 331597712078
wchar: 150134514776
syscr: 40156529
syscw: 4275885
read_bytes: 47238413312
write_bytes: 150346592256
cancelled_write_bytes: 1101824

[2019-01-08T10:38:59-08:00]
rchar: 332136092315
wchar: 150551217248
syscr: 40221728
syscw: 4278496
read_bytes: 47261309952
write_bytes: 150763950080
cancelled_write_bytes: 1101824

[2019-01-08T10:39:02-08:00]
rchar: 332696589051
wchar: 150935660615
syscr: 40289666
syscw: 4282324
read_bytes: 47310478336
write_bytes: 151148982272
cancelled_write_bytes: 1101824

[2019-01-08T10:39:05-08:00]
rchar: 333170255959
wchar: 151278833225
syscr: 40347053
syscw: 4285093
read_bytes: 47342869504
write_bytes: 151492694016
cancelled_write_bytes: 1101824

[2019-01-08T10:39:08-08:00]
rchar: 333734425526
wchar: 151684484158
syscr: 40415426
syscw: 4288544
read_bytes: 47386082304
write_bytes: 151898968064
cancelled_write_bytes: 1101824

[2019-01-08T10:39:11-08:00]
rchar: 334225049796
wchar: 151957780995
syscr: 40474881
syscw: 4293321
read_bytes: 47448259584
write_bytes: 152172670976
cancelled_write_bytes: 1101824

[2019-01-08T10:39:14-08:00]
rchar: 335205174733
wchar: 152374533651
syscr: 40593692
syscw: 4305683
read_bytes: 47623388160
write_bytes: 152589991936
cancelled_write_bytes: 1101824

[2019-01-08T10:39:17-08:00]
rchar: 336153055975
wchar: 152707306604
syscr: 40708582
syscw: 4319494
read_bytes: 47794101248
write_bytes: 152923205632
cancelled_write_bytes: 1101824

[2019-01-08T10:39:20-08:00]
rchar: 336900081431
wchar: 152927736503
syscr: 40799158
syscw: 4331037
read_bytes: 47922248704
write_bytes: 153143910400
cancelled_write_bytes: 1101824

[2019-01-08T10:39:23-08:00]
rchar: 337234848273
wchar: 153168694201
syscr: 40839667
syscw: 4336013
read_bytes: 47971171328
write_bytes: 153385271296
cancelled_write_bytes: 1110016

[2019-01-08T10:39:26-08:00]
rchar: 339299962269
wchar: 153639087905
syscr: 41090017
syscw: 4362828
read_bytes: 48251505664
write_bytes: 153856204800
cancelled_write_bytes: 1110016

[2019-01-08T10:39:29-08:00]
rchar: 340909394834
wchar: 153954759854
syscr: 41285128
syscw: 4385051
read_bytes: 48457178112
write_bytes: 154172235776
cancelled_write_bytes: 1110016

[2019-01-08T10:39:32-08:00]
rchar: 341103623063
wchar: 154151303790
syscr: 41308677
syscw: 4388167
read_bytes: 48482364416
write_bytes: 154369122304
cancelled_write_bytes: 1110016

[2019-01-08T10:39:35-08:00]
rchar: 341497061438
wchar: 154395599101
syscr: 41356278
syscw: 4390520
read_bytes: 48506899456
write_bytes: 154613809152
cancelled_write_bytes: 1118208

[2019-01-08T10:39:38-08:00]
rchar: 341991603748
wchar: 154743775342
syscr: 41416117
syscw: 4392790
read_bytes: 48532782080
write_bytes: 154962554880
cancelled_write_bytes: 1118208

[2019-01-08T10:39:41-08:00]
rchar: 342444763151
wchar: 155074045321
syscr: 41470976
syscw: 4394703
read_bytes: 48560204800
write_bytes: 155293360128
cancelled_write_bytes: 1118208

[2019-01-08T10:39:44-08:00]
rchar: 343121706470
wchar: 155478968355
syscr: 41552871
syscw: 4398876
read_bytes: 48637045760
write_bytes: 155698913280
cancelled_write_bytes: 1118208

[2019-01-08T10:39:47-08:00]
rchar: 343868919136
wchar: 155874814943
syscr: 41643356
syscw: 4406309
read_bytes: 48769870848
write_bytes: 156095361024
cancelled_write_bytes: 1122304

[2019-01-08T10:39:50-08:00]
rchar: 344648982170
wchar: 156285271139
syscr: 41737917
syscw: 4420895
read_bytes: 49028455424
write_bytes: 156506845184
cancelled_write_bytes: 1122304

[2019-01-08T10:39:53-08:00]
rchar: 345298780973
wchar: 156642188668
syscr: 41816678
syscw: 4432477
read_bytes: 49246800896
write_bytes: 156864679936
cancelled_write_bytes: 1122304

[2019-01-08T10:39:56-08:00]
rchar: 345989301774
wchar: 157003653011
syscr: 41900383
syscw: 4445366
read_bytes: 49492655104
write_bytes: 157225652224
cancelled_write_bytes: 1122304

[2019-01-08T10:39:59-08:00]
rchar: 346253293615
wchar: 157228624677
syscr: 41932392
syscw: 4450502
read_bytes: 49583729664
write_bytes: 157450952704
cancelled_write_bytes: 1122304

[2019-01-08T10:40:02-08:00]
rchar: 346823314572
wchar: 157543220023
syscr: 42001405
syscw: 4459729
read_bytes: 49759067136
write_bytes: 157766008832
cancelled_write_bytes: 1130496

[2019-01-08T10:40:05-08:00]
rchar: 347793578153
wchar: 157959955857
syscr: 42119024
syscw: 4474641
read_bytes: 50077625344
write_bytes: 158183288832
cancelled_write_bytes: 1134592

[2019-01-08T10:40:08-08:00]
rchar: 348494965761
wchar: 158248116565
syscr: 42204030
syscw: 4485822
read_bytes: 50297277440
write_bytes: 158471811072
cancelled_write_bytes: 1134592

[2019-01-08T10:40:11-08:00]
rchar: 349552766382
wchar: 158667721783
syscr: 42332276
syscw: 4503000
read_bytes: 50631121920
write_bytes: 158891929600
cancelled_write_bytes: 1134592

[2019-01-08T10:40:14-08:00]
rchar: 350132730186
wchar: 158900316798
syscr: 42402573
syscw: 4512447
read_bytes: 50811808768
write_bytes: 159124803584
cancelled_write_bytes: 1134592

[2019-01-08T10:40:17-08:00]
rchar: 350209136258
wchar: 159090429180
syscr: 42411760
syscw: 4513997
read_bytes: 50834131968
write_bytes: 159315259392
cancelled_write_bytes: 1134592

[2019-01-08T10:40:20-08:00]
rchar: 350999872085
wchar: 159352360289
syscr: 42507618
syscw: 4524877
read_bytes: 51007740928
write_bytes: 159577567232
cancelled_write_bytes: 1142784

[2019-01-08T10:40:23-08:00]
rchar: 352386771888
wchar: 159686430236
syscr: 42675760
syscw: 4546866
read_bytes: 51284270080
write_bytes: 159911997440
cancelled_write_bytes: 1142784

[2019-01-08T10:40:26-08:00]
rchar: 353946664737
wchar: 160018574488
syscr: 42864871
syscw: 4571870
read_bytes: 51528313856
write_bytes: 160244498432
cancelled_write_bytes: 1142784

[2019-01-08T10:40:29-08:00]
rchar: 355694117906
wchar: 160354991390
syscr: 43076663
syscw: 4594739
read_bytes: 51706735616
write_bytes: 160582066176
cancelled_write_bytes: 1150976

[2019-01-08T10:40:32-08:00]
rchar: 357481640915
wchar: 160595308374
syscr: 43293394
syscw: 4617694
read_bytes: 51887528960
write_bytes: 160821837824
cancelled_write_bytes: 1150976

[2019-01-08T10:40:35-08:00]
rchar: 357994515000
wchar: 161058994726
syscr: 43355519
syscw: 4620140
read_bytes: 51905952768
write_bytes: 161286287360
cancelled_write_bytes: 1159168

[2019-01-08T10:40:38-08:00]
rchar: 358494248762
wchar: 161447139914
syscr: 43416109
syscw: 4621757
read_bytes: 51924012032
write_bytes: 161675087872
cancelled_write_bytes: 1159168

[2019-01-08T10:40:41-08:00]
rchar: 359039034891
wchar: 161811598672
syscr: 43481836
syscw: 4625488
read_bytes: 51967253504
write_bytes: 162040209408
cancelled_write_bytes: 1159168

[2019-01-08T10:40:44-08:00]
rchar: 359671713589
wchar: 162186721670
syscr: 43558507
syscw: 4633086
read_bytes: 52067539968
write_bytes: 162415783936
cancelled_write_bytes: 1159168

[2019-01-08T10:40:47-08:00]
rchar: 360265580699
wchar: 162545784233
syscr: 43630497
syscw: 4640048
read_bytes: 52148141056
write_bytes: 162775363584
cancelled_write_bytes: 1159168

[2019-01-08T10:40:50-08:00]
rchar: 360753076692
wchar: 162905838004
syscr: 43689566
syscw: 4643829
read_bytes: 52183202816
write_bytes: 163135979520
cancelled_write_bytes: 1159168

[2019-01-08T10:40:53-08:00]
rchar: 361284895690
wchar: 163308154601
syscr: 43753995
syscw: 4647887
read_bytes: 52231142400
write_bytes: 163538927616
cancelled_write_bytes: 1159168

[2019-01-08T10:40:56-08:00]
rchar: 361755245241
wchar: 163666302296
syscr: 43810990
syscw: 4651447
read_bytes: 52278266880
write_bytes: 163897614336
cancelled_write_bytes: 1159168

[2019-01-08T10:40:59-08:00]
rchar: 362342940921
wchar: 164036345031
syscr: 43882201
syscw: 4658308
read_bytes: 52342594560
write_bytes: 164268191744
cancelled_write_bytes: 1159168

[2019-01-08T10:41:02-08:00]
rchar: 362922824430
wchar: 164379437929
syscr: 43952489
syscw: 4665464
read_bytes: 52400110592
write_bytes: 164611784704
cancelled_write_bytes: 1159168

[2019-01-08T10:41:05-08:00]
rchar: 363686418114
wchar: 164716942628
syscr: 44045051
syscw: 4678109
read_bytes: 52500831232
write_bytes: 164949753856
cancelled_write_bytes: 1159168

[2019-01-08T10:41:08-08:00]
rchar: 364434977556
wchar: 165149373294
syscr: 44135712
syscw: 4688999
read_bytes: 52585151488
write_bytes: 165382828032
cancelled_write_bytes: 1167360

[2019-01-08T10:41:11-08:00]
rchar: 365329578268
wchar: 165612212867
syscr: 44244134
syscw: 4698491
read_bytes: 52664404992
write_bytes: 165846331392
cancelled_write_bytes: 1167360

[2019-01-08T10:41:14-08:00]
rchar: 367195543009
wchar: 166028833643
syscr: 44470355
syscw: 4725901
read_bytes: 52856105984
write_bytes: 166263410688
cancelled_write_bytes: 1167360

[2019-01-08T10:41:17-08:00]
rchar: 367479840420
wchar: 166265792064
syscr: 44504801
syscw: 4727450
read_bytes: 52862131200
write_bytes: 166500753408
cancelled_write_bytes: 1167360

[2019-01-08T10:41:20-08:00]
rchar: 367895839127
wchar: 166684586290
syscr: 44555049
syscw: 4730563
read_bytes: 52874230784
write_bytes: 166920278016
cancelled_write_bytes: 1175552

[2019-01-08T10:41:23-08:00]
rchar: 368610947505
wchar: 167091921221
syscr: 44641549
syscw: 4735947
read_bytes: 52897971200
write_bytes: 167328284672
cancelled_write_bytes: 1175552

[2019-01-08T10:41:26-08:00]
rchar: 369253492690
wchar: 167436959021
syscr: 44719332
syscw: 4741154
read_bytes: 52921134080
write_bytes: 167673884672
cancelled_write_bytes: 1175552

[2019-01-08T10:41:29-08:00]
rchar: 370185183444
wchar: 167904774511
syscr: 44832228
syscw: 4752006
read_bytes: 52981656576
write_bytes: 168142344192
cancelled_write_bytes: 1175552

[2019-01-08T10:41:32-08:00]
rchar: 371533732078
wchar: 168249736308
syscr: 44995720
syscw: 4773474
read_bytes: 53121547264
write_bytes: 168487677952
cancelled_write_bytes: 1175552

[2019-01-08T10:41:35-08:00]
rchar: 372220089815
wchar: 168546642943
syscr: 45078861
syscw: 4783934
read_bytes: 53180324864
write_bytes: 168785022976
cancelled_write_bytes: 1187840

[2019-01-08T10:41:38-08:00]
rchar: 373232521522
wchar: 169044458559
syscr: 45201577
syscw: 4793505
read_bytes: 53226331136
write_bytes: 169283543040
cancelled_write_bytes: 1196032

[2019-01-08T10:41:41-08:00]
rchar: 374040243307
wchar: 169404917171
syscr: 45299485
syscw: 4801409
read_bytes: 53267905536
write_bytes: 169644523520
cancelled_write_bytes: 1200128

[2019-01-08T10:41:44-08:00]
rchar: 375583150690
wchar: 169743363992
syscr: 45486545
syscw: 4822729
read_bytes: 53388250112
write_bytes: 169983340544
cancelled_write_bytes: 1204224

[2019-01-08T10:41:47-08:00]
rchar: 376082010570
wchar: 170059470140
syscr: 45546938
syscw: 4828663
read_bytes: 53415517184
write_bytes: 170299957248
cancelled_write_bytes: 1212416

[2019-01-08T10:41:50-08:00]
rchar: 376715469851
wchar: 170425185130
syscr: 45623708
syscw: 4833362
read_bytes: 53434330112
write_bytes: 170666209280
cancelled_write_bytes: 1212416

[2019-01-08T10:41:53-08:00]
rchar: 377457836344
wchar: 170954756133
syscr: 45713577
syscw: 4837058
read_bytes: 53447040000
write_bytes: 171197231104
cancelled_write_bytes: 1212416

[2019-01-08T10:41:56-08:00]
rchar: 377912377647
wchar: 171270343864
syscr: 45768568
syscw: 4839474
read_bytes: 53455756288
write_bytes: 171512778752
cancelled_write_bytes: 1212416

[2019-01-08T10:41:59-08:00]
rchar: 378321931594
wchar: 171541812569
syscr: 45818079
syscw: 4841760
read_bytes: 53464910848
write_bytes: 171784695808
cancelled_write_bytes: 1212416

[2019-01-08T10:42:02-08:00]
rchar: 379613650634
wchar: 171881103632
syscr: 45974624
syscw: 4866618
read_bytes: 53633788928
write_bytes: 172124311552
cancelled_write_bytes: 1212416

[2019-01-08T10:42:05-08:00]
rchar: 379819524821
wchar: 172100580643
syscr: 45999514
syscw: 4871596
read_bytes: 53654572032
write_bytes: 172344152064
cancelled_write_bytes: 1220608

[2019-01-08T10:42:08-08:00]
rchar: 380405512046
wchar: 172494762594
syscr: 46070525
syscw: 4876374
read_bytes: 53673274368
write_bytes: 172738895872
cancelled_write_bytes: 1220608

[2019-01-08T10:42:11-08:00]
rchar: 382085871446
wchar: 172908677345
syscr: 46274244
syscw: 4901266
read_bytes: 53834492928
write_bytes: 173153239040
cancelled_write_bytes: 1220608

[2019-01-08T10:42:14-08:00]
rchar: 382790645555
wchar: 173332095525
syscr: 46359660
syscw: 4908766
read_bytes: 53864127488
write_bytes: 173577261056
cancelled_write_bytes: 1224704

[2019-01-08T10:42:17-08:00]
rchar: 383242273406
wchar: 173730753778
syscr: 46414404
syscw: 4914358
read_bytes: 53887683584
write_bytes: 173976547328
cancelled_write_bytes: 1228800

[2019-01-08T10:42:20-08:00]
rchar: 383904730878
wchar: 174228801886
syscr: 46494646
syscw: 4918256
read_bytes: 53901683712
write_bytes: 174475350016
cancelled_write_bytes: 1241088

[2019-01-08T10:42:23-08:00]
rchar: 384510110336
wchar: 174669852461
syscr: 46567997
syscw: 4921572
read_bytes: 53913709568
write_bytes: 174917087232
cancelled_write_bytes: 1241088

[2019-01-08T10:42:26-08:00]
rchar: 384945768075
wchar: 174996747696
syscr: 46620780
syscw: 4923805
read_bytes: 53921840128
write_bytes: 175244480512
cancelled_write_bytes: 1241088

[2019-01-08T10:42:29-08:00]
rchar: 385342120567
wchar: 175285551767
syscr: 46668799
syscw: 4926162
read_bytes: 53930949632
write_bytes: 175533748224
cancelled_write_bytes: 1241088

[2019-01-08T10:42:32-08:00]
rchar: 385764276917
wchar: 175605000144
syscr: 46719963
syscw: 4928398
read_bytes: 53939293184
write_bytes: 175853682688
cancelled_write_bytes: 1241088

[2019-01-08T10:42:35-08:00]
rchar: 386166998719
wchar: 175908984995
syscr: 46768758
syscw: 4930582
read_bytes: 53948390400
write_bytes: 176158138368
cancelled_write_bytes: 1241088

[2019-01-08T10:42:38-08:00]
rchar: 386706721302
wchar: 176299933299
syscr: 46834159
syscw: 4933888
read_bytes: 53960817664
write_bytes: 176549687296
cancelled_write_bytes: 1241088

[2019-01-08T10:42:41-08:00]
rchar: 388508871523
wchar: 176562033511
syscr: 47052647
syscw: 4958170
read_bytes: 54110448640
write_bytes: 176812007424
cancelled_write_bytes: 1245184

[2019-01-08T10:42:44-08:00]
rchar: 388635739971
wchar: 176753529471
syscr: 47068032
syscw: 4960659
read_bytes: 54122310656
write_bytes: 177003823104
cancelled_write_bytes: 1245184

