[2019-03-10T12:48:57-07:00]
rchar: 148072
wchar: 8
syscr: 98
syscw: 8
read_bytes: 10203136
write_bytes: 32768
cancelled_write_bytes: 0

[2019-03-10T12:49:00-07:00]
rchar: 4366824
wchar: 127
syscr: 2343
syscw: 9
read_bytes: 23461888
write_bytes: 36864
cancelled_write_bytes: 0

[2019-03-10T12:49:03-07:00]
rchar: 4366824
wchar: 127
syscr: 2343
syscw: 9
read_bytes: 23461888
write_bytes: 36864
cancelled_write_bytes: 0

[2019-03-10T12:49:06-07:00]
rchar: 207099219
wchar: 8790425
syscr: 10880
syscw: 1325
read_bytes: 325931520
write_bytes: 8830976
cancelled_write_bytes: 0

[2019-03-10T12:49:09-07:00]
rchar: 445084080
wchar: 285061738
syscr: 39685
syscw: 12009
read_bytes: 617104384
write_bytes: 285442048
cancelled_write_bytes: 0

[2019-03-10T12:49:12-07:00]
rchar: 945553592
wchar: 536166566
syscr: 100367
syscw: 47914
read_bytes: 1278780416
write_bytes: 536727552
cancelled_write_bytes: 0

[2019-03-10T12:49:15-07:00]
rchar: 1124527249
wchar: 748714301
syscr: 122075
syscw: 64079
read_bytes: 1528169472
write_bytes: 749531136
cancelled_write_bytes: 0

[2019-03-10T12:49:18-07:00]
rchar: 1513215654
wchar: 1064273558
syscr: 169078
syscw: 69914
read_bytes: 1745212416
write_bytes: 1065525248
cancelled_write_bytes: 8192

[2019-03-10T12:49:21-07:00]
rchar: 2064447667
wchar: 1466818602
syscr: 235756
syscw: 78803
read_bytes: 2053788672
write_bytes: 1468723200
cancelled_write_bytes: 8192

[2019-03-10T12:49:24-07:00]
rchar: 2576131109
wchar: 1795102157
syscr: 297682
syscw: 89663
read_bytes: 2336986112
write_bytes: 1797455872
cancelled_write_bytes: 8192

[2019-03-10T12:49:27-07:00]
rchar: 3147729735
wchar: 2106522735
syscr: 366971
syscw: 104786
read_bytes: 2648695808
write_bytes: 2109267968
cancelled_write_bytes: 20480

[2019-03-10T12:49:30-07:00]
rchar: 3788024091
wchar: 2391431087
syscr: 444584
syscw: 126170
read_bytes: 3049198592
write_bytes: 2394492928
cancelled_write_bytes: 28672

[2019-03-10T12:49:33-07:00]
rchar: 3880542547
wchar: 2569409072
syscr: 455724
syscw: 129687
read_bytes: 3091796992
write_bytes: 2572783616
cancelled_write_bytes: 36864

[2019-03-10T12:49:36-07:00]
rchar: 5745779005
wchar: 2797063234
syscr: 681888
syscw: 183715
read_bytes: 3807810560
write_bytes: 2800439296
cancelled_write_bytes: 36864

[2019-03-10T12:49:39-07:00]
rchar: 5944918412
wchar: 3094017217
syscr: 705959
syscw: 186157
read_bytes: 3834225664
write_bytes: 3097894912
cancelled_write_bytes: 45056

[2019-03-10T12:49:42-07:00]
rchar: 6368197202
wchar: 3467474709
syscr: 757138
syscw: 187605
read_bytes: 3846996992
write_bytes: 3471925248
cancelled_write_bytes: 45056

[2019-03-10T12:49:45-07:00]
rchar: 6854102960
wchar: 3862107239
syscr: 815870
syscw: 189994
read_bytes: 3870315520
write_bytes: 3867250688
cancelled_write_bytes: 45056

[2019-03-10T12:49:48-07:00]
rchar: 7345521596
wchar: 4268522907
syscr: 875421
syscw: 194903
read_bytes: 3926287360
write_bytes: 4274249728
cancelled_write_bytes: 106496

[2019-03-10T12:49:51-07:00]
rchar: 7816316828
wchar: 4681243382
syscr: 932469
syscw: 198406
read_bytes: 3964318720
write_bytes: 4687572992
cancelled_write_bytes: 131072

[2019-03-10T12:49:54-07:00]
rchar: 8527119735
wchar: 5059982095
syscr: 1018628
syscw: 216812
read_bytes: 4307989504
write_bytes: 5066772480
cancelled_write_bytes: 139264

[2019-03-10T12:49:57-07:00]
rchar: 9368568532
wchar: 5403836037
syscr: 1120641
syscw: 245268
read_bytes: 4853089280
write_bytes: 5410955264
cancelled_write_bytes: 139264

[2019-03-10T12:50:00-07:00]
rchar: 9542679664
wchar: 5625133184
syscr: 1141673
syscw: 249882
read_bytes: 4937196544
write_bytes: 5633257472
cancelled_write_bytes: 151552

[2019-03-10T12:50:03-07:00]
rchar: 10477930942
wchar: 5899237168
syscr: 1255056
syscw: 271855
read_bytes: 5355803648
write_bytes: 5907005440
cancelled_write_bytes: 151552

[2019-03-10T12:50:06-07:00]
rchar: 11704864004
wchar: 6293767916
syscr: 1403800
syscw: 300096
read_bytes: 5905466368
write_bytes: 6301949952
cancelled_write_bytes: 151552

[2019-03-10T12:50:09-07:00]
rchar: 11950805993
wchar: 6545475529
syscr: 1433619
syscw: 306127
read_bytes: 6006633472
write_bytes: 6554054656
cancelled_write_bytes: 155648

[2019-03-10T12:50:12-07:00]
rchar: 13329298355
wchar: 6892878418
syscr: 1600659
syscw: 331093
read_bytes: 6477181952
write_bytes: 6901821440
cancelled_write_bytes: 167936

[2019-03-10T12:50:15-07:00]
rchar: 14584761105
wchar: 7174231045
syscr: 1752865
syscw: 355177
read_bytes: 6910342144
write_bytes: 7183441920
cancelled_write_bytes: 167936

[2019-03-10T12:50:18-07:00]
rchar: 15405167885
wchar: 7870501791
syscr: 1852141
syscw: 358045
read_bytes: 6939278336
write_bytes: 7880916992
cancelled_write_bytes: 167936

[2019-03-10T12:50:21-07:00]
rchar: 15729607748
wchar: 8045130518
syscr: 1891364
syscw: 365146
read_bytes: 7052676096
write_bytes: 8055812096
cancelled_write_bytes: 172032

[2019-03-10T12:50:24-07:00]
rchar: 16354909139
wchar: 8388701713
syscr: 1967091
syscw: 380145
read_bytes: 7303556096
write_bytes: 8399880192
cancelled_write_bytes: 180224

[2019-03-10T12:50:27-07:00]
rchar: 17685431234
wchar: 8775539919
syscr: 2128398
syscw: 410742
read_bytes: 7840574464
write_bytes: 8787095552
cancelled_write_bytes: 180224

[2019-03-10T12:50:30-07:00]
rchar: 18209047530
wchar: 8975705544
syscr: 2191891
syscw: 423211
read_bytes: 8045304832
write_bytes: 8987508736
cancelled_write_bytes: 180224

[2019-03-10T12:50:33-07:00]
rchar: 19201660631
wchar: 9313987831
syscr: 2312151
syscw: 441626
read_bytes: 8346029056
write_bytes: 9326235648
cancelled_write_bytes: 192512

[2019-03-10T12:50:36-07:00]
rchar: 20918836734
wchar: 9715237608
syscr: 2520342
syscw: 472950
read_bytes: 8887569408
write_bytes: 9727885312
cancelled_write_bytes: 192512

[2019-03-10T12:50:39-07:00]
rchar: 21329741523
wchar: 9870809111
syscr: 2570160
syscw: 480555
read_bytes: 9016499200
write_bytes: 9884295168
cancelled_write_bytes: 192512

[2019-03-10T12:50:42-07:00]
rchar: 22537225010
wchar: 10196975457
syscr: 2716468
syscw: 498914
read_bytes: 9313717248
write_bytes: 10210250752
cancelled_write_bytes: 200704

[2019-03-10T12:50:45-07:00]
rchar: 23251344606
wchar: 10787930942
syscr: 2802878
syscw: 501210
read_bytes: 9329806336
write_bytes: 10802180096
cancelled_write_bytes: 200704

[2019-03-10T12:50:48-07:00]
rchar: 23598618627
wchar: 11060652796
syscr: 2844867
syscw: 502588
read_bytes: 9340554240
write_bytes: 11075366912
cancelled_write_bytes: 200704

[2019-03-10T12:50:51-07:00]
rchar: 24623793220
wchar: 11543440100
syscr: 2969023
syscw: 526780
read_bytes: 9724816384
write_bytes: 11558801408
cancelled_write_bytes: 204800

[2019-03-10T12:50:54-07:00]
rchar: 25039108141
wchar: 11798031370
syscr: 3019373
syscw: 540159
read_bytes: 9930128384
write_bytes: 11814363136
cancelled_write_bytes: 204800

[2019-03-10T12:50:57-07:00]
rchar: 25843425432
wchar: 12096837310
syscr: 3116818
syscw: 558051
read_bytes: 10210946048
write_bytes: 12112920576
cancelled_write_bytes: 212992

[2019-03-10T12:51:00-07:00]
rchar: 27266363323
wchar: 12504969120
syscr: 3289327
syscw: 589258
read_bytes: 10708352000
write_bytes: 12521467904
cancelled_write_bytes: 212992

[2019-03-10T12:51:03-07:00]
rchar: 27623584823
wchar: 12760051138
syscr: 3332563
syscw: 598389
read_bytes: 10832407552
write_bytes: 12776947712
cancelled_write_bytes: 217088

[2019-03-10T12:51:06-07:00]
rchar: 29096089178
wchar: 13083911596
syscr: 3511084
syscw: 624108
read_bytes: 11226455040
write_bytes: 13101142016
cancelled_write_bytes: 229376

[2019-03-10T12:51:09-07:00]
rchar: 30734403163
wchar: 13453479334
syscr: 3709720
syscw: 652982
read_bytes: 11668675584
write_bytes: 13471092736
cancelled_write_bytes: 229376

[2019-03-10T12:51:12-07:00]
rchar: 31030076190
wchar: 13673927540
syscr: 3745484
syscw: 657763
read_bytes: 11736243200
write_bytes: 13691904000
cancelled_write_bytes: 241664

[2019-03-10T12:51:15-07:00]
rchar: 32782193924
wchar: 14125196205
syscr: 3957913
syscw: 680778
read_bytes: 12068695040
write_bytes: 14143737856
cancelled_write_bytes: 241664

[2019-03-10T12:51:18-07:00]
rchar: 33305403285
wchar: 14551722712
syscr: 4021210
syscw: 682595
read_bytes: 12080856064
write_bytes: 14570979328
cancelled_write_bytes: 241664

[2019-03-10T12:51:21-07:00]
rchar: 33834994962
wchar: 14973066316
syscr: 4085191
syscw: 684556
read_bytes: 12093934592
write_bytes: 14993055744
cancelled_write_bytes: 241664

[2019-03-10T12:51:24-07:00]
rchar: 34475960915
wchar: 15332993895
syscr: 4162783
syscw: 695353
read_bytes: 12224117760
write_bytes: 15353511936
cancelled_write_bytes: 241664

[2019-03-10T12:51:27-07:00]
rchar: 35088660671
wchar: 15559050554
syscr: 4237062
syscw: 712134
read_bytes: 12450061312
write_bytes: 15579795456
cancelled_write_bytes: 241664

[2019-03-10T12:51:30-07:00]
rchar: 35428125505
wchar: 15810004173
syscr: 4278136
syscw: 720217
read_bytes: 12552772608
write_bytes: 15831150592
cancelled_write_bytes: 253952

[2019-03-10T12:51:33-07:00]
rchar: 36728438347
wchar: 16143455813
syscr: 4435788
syscw: 747576
read_bytes: 12939553792
write_bytes: 16164929536
cancelled_write_bytes: 253952

[2019-03-10T12:51:36-07:00]
rchar: 37776874085
wchar: 16480289334
syscr: 4562898
syscw: 768124
read_bytes: 13238045696
write_bytes: 16502136832
cancelled_write_bytes: 253952

[2019-03-10T12:51:39-07:00]
rchar: 37936265602
wchar: 16770517449
syscr: 4582215
syscw: 769500
read_bytes: 13246761984
write_bytes: 16792850432
cancelled_write_bytes: 253952

[2019-03-10T12:51:42-07:00]
rchar: 39287212028
wchar: 17135167054
syscr: 4745910
syscw: 790148
read_bytes: 13540051968
write_bytes: 17157931008
cancelled_write_bytes: 266240

[2019-03-10T12:51:45-07:00]
rchar: 39748761512
wchar: 17464885135
syscr: 4801839
syscw: 793391
read_bytes: 13565975552
write_bytes: 17488121856
cancelled_write_bytes: 266240

[2019-03-10T12:51:48-07:00]
rchar: 41397786466
wchar: 17810548669
syscr: 5001766
syscw: 821687
read_bytes: 13954501632
write_bytes: 17834962944
cancelled_write_bytes: 270336

[2019-03-10T12:51:51-07:00]
rchar: 41602813594
wchar: 18027713996
syscr: 5026629
syscw: 825407
read_bytes: 14000532480
write_bytes: 18051657728
cancelled_write_bytes: 270336

[2019-03-10T12:51:54-07:00]
rchar: 42807154504
wchar: 18407167602
syscr: 5172551
syscw: 839844
read_bytes: 14175112192
write_bytes: 18431967232
cancelled_write_bytes: 278528

[2019-03-10T12:51:57-07:00]
rchar: 44345965633
wchar: 18884415879
syscr: 5359121
syscw: 858359
read_bytes: 14402022400
write_bytes: 18909519872
cancelled_write_bytes: 278528

[2019-03-10T12:52:00-07:00]
rchar: 44874992227
wchar: 19307389374
syscr: 5423091
syscw: 860372
read_bytes: 14413827072
write_bytes: 19333197824
cancelled_write_bytes: 278528

[2019-03-10T12:52:03-07:00]
rchar: 45270734353
wchar: 19616583220
syscr: 5470933
syscw: 862029
read_bytes: 14424366080
write_bytes: 19642908672
cancelled_write_bytes: 278528

[2019-03-10T12:52:06-07:00]
rchar: 45838607712
wchar: 20033101215
syscr: 5539589
syscw: 865881
read_bytes: 14453505024
write_bytes: 20060114944
cancelled_write_bytes: 278528

[2019-03-10T12:52:09-07:00]
rchar: 46315028351
wchar: 20377072678
syscr: 5597323
syscw: 871470
read_bytes: 14497487872
write_bytes: 20404580352
cancelled_write_bytes: 278528

[2019-03-10T12:52:12-07:00]
rchar: 46884371574
wchar: 20691279066
syscr: 5666343
syscw: 882787
read_bytes: 14630628352
write_bytes: 20719177728
cancelled_write_bytes: 278528

[2019-03-10T12:52:15-07:00]
rchar: 47121489369
wchar: 21058079629
syscr: 5695075
syscw: 884512
read_bytes: 14641363968
write_bytes: 21086568448
cancelled_write_bytes: 278528

[2019-03-10T12:52:18-07:00]
rchar: 47965968942
wchar: 21308110162
syscr: 5797372
syscw: 900886
read_bytes: 14861753344
write_bytes: 21336887296
cancelled_write_bytes: 290816

[2019-03-10T12:52:21-07:00]
rchar: 48519109311
wchar: 21721472871
syscr: 5864411
syscw: 905114
read_bytes: 14896176128
write_bytes: 21750857728
cancelled_write_bytes: 290816

[2019-03-10T12:52:24-07:00]
rchar: 49367266850
wchar: 22120323809
syscr: 5967223
syscw: 918427
read_bytes: 15036541952
write_bytes: 22150258688
cancelled_write_bytes: 294912

[2019-03-10T12:52:27-07:00]
rchar: 50503791119
wchar: 22579263450
syscr: 6104998
syscw: 938198
read_bytes: 15277317120
write_bytes: 22609780736
cancelled_write_bytes: 311296

[2019-03-10T12:52:30-07:00]
rchar: 50850628639
wchar: 22823522509
syscr: 6146977
syscw: 944917
read_bytes: 15357156352
write_bytes: 22854430720
cancelled_write_bytes: 323584

[2019-03-10T12:52:33-07:00]
rchar: 51816979851
wchar: 23294855733
syscr: 6264104
syscw: 955815
read_bytes: 15467547648
write_bytes: 23326412800
cancelled_write_bytes: 323584

[2019-03-10T12:52:36-07:00]
rchar: 53367077687
wchar: 23619828057
syscr: 6452036
syscw: 982616
read_bytes: 15803431936
write_bytes: 23651700736
cancelled_write_bytes: 323584

[2019-03-10T12:52:39-07:00]
rchar: 54131457666
wchar: 23953219722
syscr: 6544705
syscw: 996368
read_bytes: 15970634752
write_bytes: 23985557504
cancelled_write_bytes: 323584

[2019-03-10T12:52:42-07:00]
rchar: 55079076132
wchar: 24336815383
syscr: 6659518
syscw: 1006561
read_bytes: 16075701248
write_bytes: 24369709056
cancelled_write_bytes: 335872

[2019-03-10T12:52:45-07:00]
rchar: 55466486959
wchar: 24642483225
syscr: 6706338
syscw: 1007992
read_bytes: 16084175872
write_bytes: 24675901440
cancelled_write_bytes: 335872

[2019-03-10T12:52:48-07:00]
rchar: 55878713324
wchar: 24964850600
syscr: 6756194
syscw: 1009615
read_bytes: 16093625344
write_bytes: 24998821888
cancelled_write_bytes: 335872

[2019-03-10T12:52:51-07:00]
rchar: 56172200126
wchar: 25185147004
syscr: 6791692
syscw: 1010948
read_bytes: 16101821440
write_bytes: 25219502080
cancelled_write_bytes: 335872

[2019-03-10T12:52:54-07:00]
rchar: 56553411074
wchar: 25459152598
syscr: 6837803
syscw: 1013960
read_bytes: 16124058624
write_bytes: 25493925888
cancelled_write_bytes: 335872

[2019-03-10T12:52:57-07:00]
rchar: 57061254568
wchar: 25832635383
syscr: 6899353
syscw: 1019476
read_bytes: 16161917952
write_bytes: 25867960320
cancelled_write_bytes: 335872

[2019-03-10T12:53:00-07:00]
rchar: 57796773889
wchar: 26320173418
syscr: 6988493
syscw: 1029657
read_bytes: 16258804736
write_bytes: 26356908032
cancelled_write_bytes: 335872

[2019-03-10T12:53:03-07:00]
rchar: 58536478229
wchar: 26631413604
syscr: 7078172
syscw: 1047668
read_bytes: 16464980992
write_bytes: 26667753472
cancelled_write_bytes: 339968

[2019-03-10T12:53:06-07:00]
rchar: 58931588246
wchar: 26904172463
syscr: 7125998
syscw: 1058500
read_bytes: 16583908352
write_bytes: 26940911616
cancelled_write_bytes: 352256

[2019-03-10T12:53:09-07:00]
rchar: 59825952975
wchar: 27298656327
syscr: 7234411
syscw: 1071400
read_bytes: 16734034944
write_bytes: 27335925760
cancelled_write_bytes: 352256

[2019-03-10T12:53:12-07:00]
rchar: 61191434015
wchar: 27647427666
syscr: 7399966
syscw: 1098949
read_bytes: 17067727872
write_bytes: 27685036032
cancelled_write_bytes: 356352

[2019-03-10T12:53:15-07:00]
rchar: 61941253834
wchar: 28040569141
syscr: 7490853
syscw: 1108693
read_bytes: 17166998528
write_bytes: 28078714880
cancelled_write_bytes: 360448

[2019-03-10T12:53:18-07:00]
rchar: 62057363247
wchar: 28286349968
syscr: 7504925
syscw: 1110071
read_bytes: 17174334464
write_bytes: 28324913152
cancelled_write_bytes: 360448

[2019-03-10T12:53:21-07:00]
rchar: 62405772667
wchar: 28502668413
syscr: 7547082
syscw: 1113293
read_bytes: 17196051456
write_bytes: 28541562880
cancelled_write_bytes: 368640

[2019-03-10T12:53:24-07:00]
rchar: 63252571197
wchar: 28778221648
syscr: 7649730
syscw: 1125566
read_bytes: 17319119872
write_bytes: 28817469440
cancelled_write_bytes: 368640

[2019-03-10T12:53:27-07:00]
rchar: 65360759909
wchar: 29226461458
syscr: 7905321
syscw: 1159366
read_bytes: 17748855808
write_bytes: 29266145280
cancelled_write_bytes: 368640

[2019-03-10T12:53:30-07:00]
rchar: 65715120048
wchar: 29458027338
syscr: 7948291
syscw: 1165536
read_bytes: 17820535808
write_bytes: 29498068992
cancelled_write_bytes: 368640

[2019-03-10T12:53:33-07:00]
rchar: 66283458871
wchar: 29927997663
syscr: 8017149
syscw: 1167369
read_bytes: 17860590592
write_bytes: 29968756736
cancelled_write_bytes: 380928

[2019-03-10T12:53:36-07:00]
rchar: 66809099458
wchar: 30377433913
syscr: 8080678
syscw: 1168734
read_bytes: 17907883008
write_bytes: 30418935808
cancelled_write_bytes: 380928

[2019-03-10T12:53:39-07:00]
rchar: 67285564839
wchar: 30788222605
syscr: 8138270
syscw: 1169899
read_bytes: 17953004544
write_bytes: 30830411776
cancelled_write_bytes: 380928

[2019-03-10T12:53:42-07:00]
rchar: 67589610807
wchar: 31004192496
syscr: 8175091
syscw: 1172978
read_bytes: 18099272704
write_bytes: 31046676480
cancelled_write_bytes: 380928

[2019-03-10T12:53:45-07:00]
rchar: 68144732304
wchar: 31408136530
syscr: 8242400
syscw: 1179383
read_bytes: 18402470912
write_bytes: 31451144192
cancelled_write_bytes: 380928

[2019-03-10T12:53:48-07:00]
rchar: 68578048170
wchar: 31722228128
syscr: 8294931
syscw: 1184308
read_bytes: 18637995008
write_bytes: 31765692416
cancelled_write_bytes: 380928

[2019-03-10T12:53:51-07:00]
rchar: 68963084798
wchar: 32002586132
syscr: 8341554
syscw: 1188692
read_bytes: 18845039616
write_bytes: 32046485504
cancelled_write_bytes: 380928

[2019-03-10T12:53:54-07:00]
rchar: 69343032018
wchar: 32282220602
syscr: 8387588
syscw: 1192835
read_bytes: 19036806144
write_bytes: 32326512640
cancelled_write_bytes: 380928

[2019-03-10T12:53:57-07:00]
rchar: 69886861412
wchar: 32669373413
syscr: 8453516
syscw: 1199439
read_bytes: 19325631488
write_bytes: 32714166272
cancelled_write_bytes: 380928

[2019-03-10T12:54:00-07:00]
rchar: 70353378548
wchar: 33003752858
syscr: 8510065
syscw: 1204975
read_bytes: 19575753728
write_bytes: 33049010176
cancelled_write_bytes: 380928

[2019-03-10T12:54:03-07:00]
rchar: 70648235964
wchar: 33216388937
syscr: 8545813
syscw: 1208491
read_bytes: 19733220352
write_bytes: 33261940736
cancelled_write_bytes: 380928

[2019-03-10T12:54:06-07:00]
rchar: 71161254133
wchar: 33587058799
syscr: 8607942
syscw: 1214652
read_bytes: 19988675584
write_bytes: 33633165312
cancelled_write_bytes: 380928

[2019-03-10T12:54:09-07:00]
rchar: 71562151293
wchar: 33876794652
syscr: 8656530
syscw: 1219134
read_bytes: 20179524608
write_bytes: 33923293184
cancelled_write_bytes: 380928

[2019-03-10T12:54:12-07:00]
rchar: 72019361621
wchar: 34206755634
syscr: 8711960
syscw: 1224882
read_bytes: 20421401600
write_bytes: 34253705216
cancelled_write_bytes: 380928

[2019-03-10T12:54:15-07:00]
rchar: 72420466293
wchar: 34488392125
syscr: 8760578
syscw: 1230002
read_bytes: 20631165952
write_bytes: 34535727104
cancelled_write_bytes: 380928

[2019-03-10T12:54:18-07:00]
rchar: 72687284841
wchar: 34791320727
syscr: 8792922
syscw: 1233652
read_bytes: 20767820800
write_bytes: 34839126016
cancelled_write_bytes: 380928

[2019-03-10T12:54:21-07:00]
rchar: 72881657896
wchar: 34961593532
syscr: 8816381
syscw: 1235982
read_bytes: 20857768960
write_bytes: 35009691648
cancelled_write_bytes: 389120

[2019-03-10T12:54:24-07:00]
rchar: 73288783719
wchar: 35256316797
syscr: 8865707
syscw: 1239412
read_bytes: 20984462336
write_bytes: 35304845312
cancelled_write_bytes: 389120

[2019-03-10T12:54:27-07:00]
rchar: 73704582196
wchar: 35579437025
syscr: 8916126
syscw: 1242220
read_bytes: 21097724928
write_bytes: 35628408832
cancelled_write_bytes: 389120

[2019-03-10T12:54:30-07:00]
rchar: 74178030151
wchar: 35892822705
syscr: 8973516
syscw: 1246854
read_bytes: 21279554560
write_bytes: 35942215680
cancelled_write_bytes: 389120

[2019-03-10T12:54:33-07:00]
rchar: 74576589775
wchar: 36158480483
syscr: 9021793
syscw: 1250894
read_bytes: 21430475776
write_bytes: 36208267264
cancelled_write_bytes: 389120

[2019-03-10T12:54:36-07:00]
rchar: 75034068119
wchar: 36452585600
syscr: 9077230
syscw: 1255893
read_bytes: 21605972992
write_bytes: 36503195648
cancelled_write_bytes: 389120

[2019-03-10T12:54:39-07:00]
rchar: 75525979391
wchar: 36771578491
syscr: 9136842
syscw: 1260855
read_bytes: 21795253248
write_bytes: 36822274048
cancelled_write_bytes: 389120

[2019-03-10T12:54:42-07:00]
rchar: 76154086041
wchar: 37157792013
syscr: 9212978
syscw: 1268265
read_bytes: 22074182656
write_bytes: 37208981504
cancelled_write_bytes: 393216

[2019-03-10T12:54:45-07:00]
rchar: 76826716812
wchar: 37554264389
syscr: 9294490
syscw: 1276487
read_bytes: 22367464448
write_bytes: 37605986304
cancelled_write_bytes: 393216

[2019-03-10T12:54:48-07:00]
rchar: 77350496343
wchar: 37871757734
syscr: 9357982
syscw: 1282794
read_bytes: 22597540864
write_bytes: 37923897344
cancelled_write_bytes: 393216

[2019-03-10T12:54:51-07:00]
rchar: 77822571361
wchar: 38155462730
syscr: 9415207
syscw: 1288487
read_bytes: 22790310912
write_bytes: 38208012288
cancelled_write_bytes: 393216

[2019-03-10T12:54:54-07:00]
rchar: 78302098350
wchar: 38433627134
syscr: 9473314
syscw: 1294758
read_bytes: 22992362496
write_bytes: 38486564864
cancelled_write_bytes: 393216

[2019-03-10T12:54:57-07:00]
rchar: 78820613627
wchar: 38734324569
syscr: 9536156
syscw: 1301493
read_bytes: 23212461056
write_bytes: 38787686400
cancelled_write_bytes: 393216

[2019-03-10T12:55:00-07:00]
rchar: 79141644482
wchar: 39163815605
syscr: 9575014
syscw: 1303283
read_bytes: 23260945408
write_bytes: 39217852416
cancelled_write_bytes: 401408

[2019-03-10T12:55:03-07:00]
rchar: 79631531209
wchar: 39590320293
syscr: 9634356
syscw: 1304766
read_bytes: 23302544384
write_bytes: 39645057024
cancelled_write_bytes: 401408

[2019-03-10T12:55:06-07:00]
rchar: 79956589599
wchar: 39871599386
syscr: 9673743
syscw: 1305845
read_bytes: 23332289536
write_bytes: 39926714368
cancelled_write_bytes: 401408

[2019-03-10T12:55:09-07:00]
rchar: 80512769085
wchar: 40231028976
syscr: 9741143
syscw: 1310315
read_bytes: 23497190400
write_bytes: 40286662656
cancelled_write_bytes: 401408

[2019-03-10T12:55:12-07:00]
rchar: 81143692764
wchar: 40593602295
syscr: 9817614
syscw: 1316601
read_bytes: 23719345152
write_bytes: 40649736192
cancelled_write_bytes: 401408

[2019-03-10T12:55:15-07:00]
rchar: 81660187137
wchar: 40880051812
syscr: 9880209
syscw: 1322086
read_bytes: 23875980288
write_bytes: 40936644608
cancelled_write_bytes: 401408

[2019-03-10T12:55:18-07:00]
rchar: 82338685281
wchar: 41219253776
syscr: 9962425
syscw: 1330357
read_bytes: 24060611584
write_bytes: 41276334080
cancelled_write_bytes: 401408

[2019-03-10T12:55:21-07:00]
rchar: 83011528140
wchar: 41631418459
syscr: 10043965
syscw: 1336719
read_bytes: 24169319424
write_bytes: 41689124864
cancelled_write_bytes: 401408

[2019-03-10T12:55:24-07:00]
rchar: 83492177011
wchar: 41910673740
syscr: 10102221
syscw: 1341604
read_bytes: 24233487360
write_bytes: 41968771072
cancelled_write_bytes: 401408

[2019-03-10T12:55:27-07:00]
rchar: 84853101809
wchar: 42311690335
syscr: 10267201
syscw: 1362768
read_bytes: 24427129856
write_bytes: 42370273280
cancelled_write_bytes: 401408

[2019-03-10T12:55:30-07:00]
rchar: 85063544756
wchar: 42506881861
syscr: 10292712
syscw: 1366819
read_bytes: 24458066944
write_bytes: 42565787648
cancelled_write_bytes: 401408

[2019-03-10T12:55:34-07:00]
rchar: 87851336262
wchar: 42978144138
syscr: 10630652
syscw: 1401230
read_bytes: 24683064320
write_bytes: 43037560832
cancelled_write_bytes: 409600

[2019-03-10T12:55:37-07:00]
rchar: 88492662595
wchar: 43438424453
syscr: 10708190
syscw: 1404563
read_bytes: 24696671232
write_bytes: 43498618880
cancelled_write_bytes: 409600

[2019-03-10T12:55:40-07:00]
rchar: 88938450517
wchar: 43766210634
syscr: 10762073
syscw: 1406761
read_bytes: 24705174528
write_bytes: 43826966528
cancelled_write_bytes: 409600

[2019-03-10T12:55:43-07:00]
rchar: 89536791538
wchar: 44148839948
syscr: 10834536
syscw: 1413956
read_bytes: 24740912128
write_bytes: 44210159616
cancelled_write_bytes: 409600

[2019-03-10T12:55:46-07:00]
rchar: 89973169450
wchar: 44481634758
syscr: 10887417
syscw: 1418270
read_bytes: 24760658944
write_bytes: 44544057344
cancelled_write_bytes: 409600

[2019-03-10T12:55:49-07:00]
rchar: 90222933338
wchar: 44832843366
syscr: 10917610
syscw: 1421215
read_bytes: 24773069824
write_bytes: 44895219712
cancelled_write_bytes: 409600

[2019-03-10T12:55:52-07:00]
rchar: 91388559523
wchar: 45344298332
syscr: 11058916
syscw: 1437639
read_bytes: 24897375232
write_bytes: 45407371264
cancelled_write_bytes: 438272

[2019-03-10T12:55:55-07:00]
rchar: 92130223995
wchar: 45819428764
syscr: 11148802
syscw: 1445069
read_bytes: 24932805632
write_bytes: 45883191296
cancelled_write_bytes: 446464

[2019-03-10T12:55:58-07:00]
rchar: 92793525551
wchar: 46265311762
syscr: 11229196
syscw: 1451420
read_bytes: 24962214912
write_bytes: 46329724928
cancelled_write_bytes: 450560

[2019-03-10T12:56:01-07:00]
rchar: 93660686236
wchar: 46818231318
syscr: 11334295
syscw: 1460441
read_bytes: 25006783488
write_bytes: 46883442688
cancelled_write_bytes: 458752

[2019-03-10T12:56:04-07:00]
rchar: 94451078048
wchar: 47112701604
syscr: 11430108
syscw: 1474135
read_bytes: 25117281280
write_bytes: 47178272768
cancelled_write_bytes: 462848

[2019-03-10T12:56:07-07:00]
rchar: 95082794619
wchar: 47388996189
syscr: 11506618
syscw: 1484869
read_bytes: 25214557184
write_bytes: 47454969856
cancelled_write_bytes: 475136

[2019-03-10T12:56:10-07:00]
rchar: 97252487355
wchar: 47782674071
syscr: 11769675
syscw: 1520658
read_bytes: 25534823424
write_bytes: 47848976384
cancelled_write_bytes: 475136

[2019-03-10T12:56:13-07:00]
rchar: 98047989688
wchar: 48065543704
syscr: 11866045
syscw: 1533474
read_bytes: 25637985280
write_bytes: 48132247552
cancelled_write_bytes: 483328

[2019-03-10T12:56:16-07:00]
rchar: 99300306746
wchar: 48792019374
syscr: 12017682
syscw: 1542330
read_bytes: 25690573824
write_bytes: 48859897856
cancelled_write_bytes: 483328

[2019-03-10T12:56:19-07:00]
rchar: 99833745166
wchar: 49166427369
syscr: 12082164
syscw: 1545311
read_bytes: 25701792768
write_bytes: 49234931712
cancelled_write_bytes: 483328

[2019-03-10T12:56:22-07:00]
rchar: 100437589752
wchar: 49582639689
syscr: 12155319
syscw: 1551372
read_bytes: 25729354752
write_bytes: 49651765248
cancelled_write_bytes: 491520

[2019-03-10T12:56:25-07:00]
rchar: 101029012436
wchar: 49924661867
syscr: 12227003
syscw: 1560288
read_bytes: 25775012864
write_bytes: 49994256384
cancelled_write_bytes: 491520

[2019-03-10T12:56:28-07:00]
rchar: 101634733194
wchar: 50366104172
syscr: 12300412
syscw: 1566676
read_bytes: 25803738112
write_bytes: 50436329472
cancelled_write_bytes: 495616

[2019-03-10T12:56:31-07:00]
rchar: 102224214516
wchar: 50832709250
syscr: 12371848
syscw: 1571849
read_bytes: 25826507776
write_bytes: 50903613440
cancelled_write_bytes: 495616

[2019-03-10T12:56:34-07:00]
rchar: 102879016235
wchar: 51229293997
syscr: 12451219
syscw: 1582068
read_bytes: 25875880960
write_bytes: 51300741120
cancelled_write_bytes: 503808

[2019-03-10T12:56:37-07:00]
rchar: 103190273301
wchar: 51622565159
syscr: 12488940
syscw: 1585983
read_bytes: 25891449856
write_bytes: 51694645248
cancelled_write_bytes: 503808

[2019-03-10T12:56:40-07:00]
rchar: 103837749437
wchar: 52064915183
syscr: 12567342
syscw: 1592027
read_bytes: 25917193216
write_bytes: 52137631744
cancelled_write_bytes: 524288

[2019-03-10T12:56:43-07:00]
rchar: 104717640296
wchar: 52404953424
syscr: 12674010
syscw: 1606048
read_bytes: 26017233920
write_bytes: 52478107648
cancelled_write_bytes: 532480

[2019-03-10T12:56:46-07:00]
rchar: 106128521291
wchar: 52742676420
syscr: 12845068
syscw: 1634115
read_bytes: 26263157760
write_bytes: 52816134144
cancelled_write_bytes: 532480

[2019-03-10T12:56:49-07:00]
rchar: 106356603521
wchar: 52942499747
syscr: 12872647
syscw: 1639091
read_bytes: 26296376320
write_bytes: 53016285184
cancelled_write_bytes: 548864

[2019-03-10T12:56:52-07:00]
rchar: 108494992357
wchar: 53311064269
syscr: 13131909
syscw: 1673657
read_bytes: 26589215744
write_bytes: 53385179136
cancelled_write_bytes: 548864

[2019-03-10T12:56:55-07:00]
rchar: 109430643307
wchar: 53604967346
syscr: 13245353
syscw: 1688723
read_bytes: 26724965376
write_bytes: 53679448064
cancelled_write_bytes: 548864

[2019-03-10T12:56:58-07:00]
rchar: 110763883326
wchar: 53858389409
syscr: 13406913
syscw: 1707035
read_bytes: 26862271488
write_bytes: 53933158400
cancelled_write_bytes: 561152

[2019-03-10T12:57:01-07:00]
rchar: 113178977342
wchar: 54431613016
syscr: 13699723
syscw: 1735465
read_bytes: 27110259712
write_bytes: 54507073536
cancelled_write_bytes: 561152

[2019-03-10T12:57:04-07:00]
rchar: 113611915138
wchar: 54744152940
syscr: 13752073
syscw: 1737806
read_bytes: 27118197760
write_bytes: 54820126720
cancelled_write_bytes: 561152

[2019-03-10T12:57:07-07:00]
rchar: 113858265233
wchar: 54922479523
syscr: 13781856
syscw: 1739031
read_bytes: 27122441216
write_bytes: 54998749184
cancelled_write_bytes: 561152

[2019-03-10T12:57:10-07:00]
rchar: 114198706306
wchar: 55218999977
syscr: 13823024
syscw: 1740487
read_bytes: 27126774784
write_bytes: 55295778816
cancelled_write_bytes: 561152

[2019-03-10T12:57:13-07:00]
rchar: 114579787329
wchar: 55544206222
syscr: 13869055
syscw: 1744643
read_bytes: 27142880256
write_bytes: 55621537792
cancelled_write_bytes: 569344

[2019-03-10T12:57:16-07:00]
rchar: 115183933751
wchar: 55947248873
syscr: 13942270
syscw: 1749738
read_bytes: 27163155456
write_bytes: 56025174016
cancelled_write_bytes: 569344

[2019-03-10T12:57:19-07:00]
rchar: 115962192348
wchar: 56414677504
syscr: 14036591
syscw: 1757553
read_bytes: 27196267520
write_bytes: 56493281280
cancelled_write_bytes: 569344

[2019-03-10T12:57:22-07:00]
rchar: 116633101955
wchar: 56824079945
syscr: 14117903
syscw: 1764714
read_bytes: 27225472000
write_bytes: 56903282688
cancelled_write_bytes: 573440

[2019-03-10T12:57:25-07:00]
rchar: 117521258133
wchar: 57266833410
syscr: 14225565
syscw: 1776523
read_bytes: 27289656320
write_bytes: 57346650112
cancelled_write_bytes: 577536

[2019-03-10T12:57:28-07:00]
rchar: 118568384470
wchar: 57607907428
syscr: 14352517
syscw: 1794988
read_bytes: 27408468992
write_bytes: 57688129536
cancelled_write_bytes: 581632

[2019-03-10T12:57:31-07:00]
rchar: 119349777371
wchar: 58081303838
syscr: 14447158
syscw: 1805127
read_bytes: 27473882112
write_bytes: 58162257920
cancelled_write_bytes: 593920

[2019-03-10T12:57:34-07:00]
rchar: 121082109604
wchar: 58479695940
syscr: 14657180
syscw: 1830063
read_bytes: 27672402944
write_bytes: 58561069056
cancelled_write_bytes: 593920

[2019-03-10T12:57:37-07:00]
rchar: 122141147287
wchar: 58661285156
syscr: 14785584
syscw: 1848103
read_bytes: 27794574336
write_bytes: 58742804480
cancelled_write_bytes: 593920

[2019-03-10T12:57:40-07:00]
rchar: 123123538379
wchar: 58941149505
syscr: 14904613
syscw: 1862575
read_bytes: 27885960192
write_bytes: 59023060992
cancelled_write_bytes: 606208

[2019-03-10T12:57:43-07:00]
rchar: 124611226816
wchar: 59561256319
syscr: 15084871
syscw: 1876040
read_bytes: 27981282304
write_bytes: 59644096512
cancelled_write_bytes: 606208

[2019-03-10T12:57:46-07:00]
rchar: 125233963404
wchar: 59992392127
syscr: 15160176
syscw: 1879581
read_bytes: 27992230912
write_bytes: 60075962368
cancelled_write_bytes: 606208

[2019-03-10T12:57:49-07:00]
rchar: 125693425220
wchar: 60210888314
syscr: 15215770
syscw: 1884851
read_bytes: 28012076032
write_bytes: 60294803456
cancelled_write_bytes: 606208

[2019-03-10T12:57:52-07:00]
rchar: 126452472304
wchar: 60717161736
syscr: 15307760
syscw: 1894353
read_bytes: 28048436224
write_bytes: 60801794048
cancelled_write_bytes: 606208

[2019-03-10T12:57:55-07:00]
rchar: 126848104572
wchar: 61000727421
syscr: 15355704
syscw: 1898648
read_bytes: 28064910336
write_bytes: 61085777920
cancelled_write_bytes: 606208

[2019-03-10T12:57:58-07:00]
rchar: 127195248642
wchar: 61220194657
syscr: 15397778
syscw: 1903734
read_bytes: 28084763648
write_bytes: 61305565184
cancelled_write_bytes: 610304

[2019-03-10T12:58:01-07:00]
rchar: 127538731580
wchar: 61619224269
syscr: 15439322
syscw: 1908015
read_bytes: 28098866176
write_bytes: 61705285632
cancelled_write_bytes: 622592

[2019-03-10T12:58:04-07:00]
rchar: 128201626524
wchar: 62055708607
syscr: 15519662
syscw: 1913928
read_bytes: 28120378368
write_bytes: 62142390272
cancelled_write_bytes: 622592

[2019-03-10T12:58:07-07:00]
rchar: 128931723115
wchar: 62488638219
syscr: 15608152
syscw: 1921826
read_bytes: 28151458816
write_bytes: 62575943680
cancelled_write_bytes: 626688

[2019-03-10T12:58:10-07:00]
rchar: 129697231766
wchar: 62953043701
syscr: 15700930
syscw: 1930168
read_bytes: 28183104512
write_bytes: 63041019904
cancelled_write_bytes: 630784

[2019-03-10T12:58:13-07:00]
rchar: 130259493995
wchar: 63258972238
syscr: 15769082
syscw: 1937257
read_bytes: 28213812224
write_bytes: 63347392512
cancelled_write_bytes: 630784

[2019-03-10T12:58:16-07:00]
rchar: 131388829326
wchar: 63527728267
syscr: 15906006
syscw: 1959199
read_bytes: 28387781632
write_bytes: 63616385024
cancelled_write_bytes: 630784

[2019-03-10T12:58:19-07:00]
rchar: 132050573112
wchar: 63792819512
syscr: 15986156
syscw: 1971327
read_bytes: 28462726144
write_bytes: 63881863168
cancelled_write_bytes: 638976

[2019-03-10T12:58:22-07:00]
rchar: 134469126258
wchar: 64254805807
syscr: 16279392
syscw: 2008178
read_bytes: 28752399360
write_bytes: 64344276992
cancelled_write_bytes: 638976

[2019-03-10T12:58:25-07:00]
rchar: 134888990153
wchar: 64643349490
syscr: 16330248
syscw: 2012576
read_bytes: 28775934976
write_bytes: 64733425664
cancelled_write_bytes: 651264

[2019-03-10T12:58:28-07:00]
rchar: 135420081413
wchar: 65055237590
syscr: 16394587
syscw: 2014862
read_bytes: 28804090880
write_bytes: 65145942016
cancelled_write_bytes: 651264

[2019-03-10T12:58:31-07:00]
rchar: 135834795741
wchar: 65388780334
syscr: 16444755
syscw: 2016302
read_bytes: 28824189952
write_bytes: 65480036352
cancelled_write_bytes: 651264

[2019-03-10T12:58:34-07:00]
rchar: 136217134717
wchar: 65686213721
syscr: 16490973
syscw: 2017845
read_bytes: 28848770048
write_bytes: 65777971200
cancelled_write_bytes: 651264

[2019-03-10T12:58:37-07:00]
rchar: 136751076547
wchar: 66047521325
syscr: 16555583
syscw: 2023062
read_bytes: 28953058304
write_bytes: 66139832320
cancelled_write_bytes: 651264

[2019-03-10T12:58:40-07:00]
rchar: 137360508106
wchar: 66400668503
syscr: 16629486
syscw: 2033348
read_bytes: 29161839616
write_bytes: 66493431808
cancelled_write_bytes: 651264

[2019-03-10T12:58:43-07:00]
rchar: 138077410173
wchar: 66817306212
syscr: 16716360
syscw: 2045516
read_bytes: 29404482560
write_bytes: 66910621696
cancelled_write_bytes: 651264

[2019-03-10T12:58:46-07:00]
rchar: 138643385967
wchar: 67156233741
syscr: 16784965
syscw: 2054786
read_bytes: 29587270656
write_bytes: 67249991680
cancelled_write_bytes: 651264

[2019-03-10T12:58:49-07:00]
rchar: 139147409655
wchar: 67509036119
syscr: 16846037
syscw: 2061102
read_bytes: 29702736896
write_bytes: 67604131840
cancelled_write_bytes: 651264

[2019-03-10T12:58:52-07:00]
rchar: 139854021441
wchar: 67914159288
syscr: 16931725
syscw: 2073067
read_bytes: 29939145728
write_bytes: 68008927232
cancelled_write_bytes: 651264

[2019-03-10T12:58:55-07:00]
rchar: 139960583406
wchar: 68137226269
syscr: 16944650
syscw: 2075219
read_bytes: 29972376576
write_bytes: 68232384512
cancelled_write_bytes: 651264

[2019-03-10T12:58:58-07:00]
rchar: 140664792849
wchar: 68471162481
syscr: 17029901
syscw: 2085479
read_bytes: 30166666240
write_bytes: 68566790144
cancelled_write_bytes: 659456

[2019-03-10T12:59:01-07:00]
rchar: 141391551190
wchar: 68819659526
syscr: 17117973
syscw: 2095977
read_bytes: 30368033792
write_bytes: 68915736576
cancelled_write_bytes: 659456

[2019-03-10T12:59:04-07:00]
rchar: 142191465004
wchar: 69206212973
syscr: 17214949
syscw: 2107290
read_bytes: 30577335296
write_bytes: 69302788096
cancelled_write_bytes: 659456

[2019-03-10T12:59:07-07:00]
rchar: 143166643311
wchar: 69675001417
syscr: 17333193
syscw: 2121766
read_bytes: 30845660160
write_bytes: 69772156928
cancelled_write_bytes: 659456

[2019-03-10T12:59:10-07:00]
rchar: 143800368908
wchar: 69968658738
syscr: 17409992
syscw: 2131706
read_bytes: 31011994624
write_bytes: 70066221056
cancelled_write_bytes: 659456

[2019-03-10T12:59:13-07:00]
rchar: 144231960981
wchar: 70172614952
syscr: 17462267
syscw: 2138585
read_bytes: 31125351424
write_bytes: 70270459904
cancelled_write_bytes: 659456

[2019-03-10T12:59:16-07:00]
rchar: 144568732236
wchar: 70584116119
syscr: 17503014
syscw: 2141079
read_bytes: 31157447680
write_bytes: 70682636288
cancelled_write_bytes: 667648

[2019-03-10T12:59:19-07:00]
rchar: 145082734658
wchar: 70997284772
syscr: 17565285
syscw: 2143265
read_bytes: 31185378304
write_bytes: 71096430592
cancelled_write_bytes: 667648

[2019-03-10T12:59:22-07:00]
rchar: 145451983819
wchar: 71282315068
syscr: 17610026
syscw: 2145035
read_bytes: 31208156160
write_bytes: 71381905408
cancelled_write_bytes: 667648

[2019-03-10T12:59:25-07:00]
rchar: 145883295914
wchar: 71636923187
syscr: 17662308
syscw: 2146825
read_bytes: 31228386304
write_bytes: 71737061376
cancelled_write_bytes: 667648

[2019-03-10T12:59:28-07:00]
rchar: 146427111035
wchar: 72066872935
syscr: 17728216
syscw: 2149458
read_bytes: 31259905024
write_bytes: 72167653376
cancelled_write_bytes: 667648

[2019-03-10T12:59:31-07:00]
rchar: 146940604559
wchar: 72470639208
syscr: 17790438
syscw: 2151981
read_bytes: 31288921088
write_bytes: 72572010496
cancelled_write_bytes: 667648

[2019-03-10T12:59:34-07:00]
rchar: 147546555221
wchar: 72855242292
syscr: 17863862
syscw: 2156919
read_bytes: 31354543104
write_bytes: 72957186048
cancelled_write_bytes: 667648

[2019-03-10T12:59:37-07:00]
rchar: 148317942006
wchar: 73196314980
syscr: 17957365
syscw: 2166647
read_bytes: 31489162240
write_bytes: 73298706432
cancelled_write_bytes: 667648

[2019-03-10T12:59:40-07:00]
rchar: 149289084854
wchar: 73550555671
syscr: 18075088
syscw: 2181074
read_bytes: 31672921088
write_bytes: 73653411840
cancelled_write_bytes: 667648

[2019-03-10T12:59:43-07:00]
rchar: 150159190972
wchar: 73868634808
syscr: 18180540
syscw: 2193964
read_bytes: 31828331520
write_bytes: 73971916800
cancelled_write_bytes: 667648

[2019-03-10T12:59:46-07:00]
rchar: 150730143803
wchar: 74141163350
syscr: 18249769
syscw: 2203479
read_bytes: 31904156672
write_bytes: 74244841472
cancelled_write_bytes: 667648

[2019-03-10T12:59:49-07:00]
rchar: 152111398212
wchar: 74463262580
syscr: 18417133
syscw: 2222398
read_bytes: 32030931968
write_bytes: 74567794688
cancelled_write_bytes: 675840

[2019-03-10T12:59:52-07:00]
rchar: 154443456971
wchar: 75013674754
syscr: 18699804
syscw: 2250528
read_bytes: 32123546624
write_bytes: 75118477312
cancelled_write_bytes: 684032

[2019-03-10T12:59:55-07:00]
rchar: 155073072113
wchar: 75426704286
syscr: 18775969
syscw: 2254646
read_bytes: 32132652032
write_bytes: 75532185600
cancelled_write_bytes: 684032

[2019-03-10T12:59:58-07:00]
rchar: 155566258839
wchar: 75749653765
syscr: 18835610
syscw: 2257861
read_bytes: 32139848704
write_bytes: 75855671296
cancelled_write_bytes: 684032

[2019-03-10T13:00:01-07:00]
rchar: 155822614262
wchar: 76027076112
syscr: 18866641
syscw: 2261032
read_bytes: 32147393536
write_bytes: 76133580800
cancelled_write_bytes: 684032

[2019-03-10T13:00:04-07:00]
rchar: 156453549108
wchar: 76385717164
syscr: 18943026
syscw: 2268422
read_bytes: 32167132160
write_bytes: 76492742656
cancelled_write_bytes: 692224

[2019-03-10T13:00:07-07:00]
rchar: 157164643771
wchar: 76796961034
syscr: 19029206
syscw: 2276275
read_bytes: 32188705792
write_bytes: 76905242624
cancelled_write_bytes: 696320

[2019-03-10T13:00:10-07:00]
rchar: 157984461635
wchar: 77264026297
syscr: 19128579
syscw: 2285890
read_bytes: 32215043072
write_bytes: 77372301312
cancelled_write_bytes: 700416

[2019-03-10T13:00:13-07:00]
rchar: 158991459257
wchar: 77830315080
syscr: 19250628
syscw: 2297689
read_bytes: 32248724480
write_bytes: 77939400704
cancelled_write_bytes: 704512

[2019-03-10T13:00:16-07:00]
rchar: 159621372400
wchar: 78167927514
syscr: 19326982
syscw: 2306139
read_bytes: 32272116736
write_bytes: 78277480448
cancelled_write_bytes: 708608

[2019-03-10T13:00:19-07:00]
rchar: 160352751630
wchar: 78633767590
syscr: 19415621
syscw: 2313975
read_bytes: 32292801536
write_bytes: 78743977984
cancelled_write_bytes: 708608

[2019-03-10T13:00:22-07:00]
rchar: 160747793906
wchar: 78922889017
syscr: 19463508
syscw: 2319706
read_bytes: 32308018176
write_bytes: 79033536512
cancelled_write_bytes: 712704

[2019-03-10T13:00:25-07:00]
rchar: 161366321521
wchar: 79337821197
syscr: 19538402
syscw: 2326790
read_bytes: 32326507520
write_bytes: 79449108480
cancelled_write_bytes: 724992

[2019-03-10T13:00:28-07:00]
rchar: 162166419513
wchar: 79769142804
syscr: 19635365
syscw: 2334891
read_bytes: 32348306432
write_bytes: 79881043968
cancelled_write_bytes: 724992

[2019-03-10T13:00:31-07:00]
rchar: 163585561730
wchar: 80092207129
syscr: 19807426
syscw: 2357739
read_bytes: 32446577664
write_bytes: 80204443648
cancelled_write_bytes: 737280

[2019-03-10T13:00:34-07:00]
rchar: 164468554236
wchar: 80391872624
syscr: 19914486
syscw: 2373070
read_bytes: 32529751040
write_bytes: 80505311232
cancelled_write_bytes: 737280

[2019-03-10T13:00:37-07:00]
rchar: 166329773392
wchar: 80675657704
syscr: 20140057
syscw: 2398837
read_bytes: 32666840064
write_bytes: 80788549632
cancelled_write_bytes: 745472

[2019-03-10T13:00:40-07:00]
rchar: 167991695181
wchar: 81228614591
syscr: 20341442
syscw: 2416533
read_bytes: 32760204288
write_bytes: 81342283776
cancelled_write_bytes: 745472

[2019-03-10T13:00:43-07:00]
rchar: 168637104365
wchar: 81647701400
syscr: 20419561
syscw: 2420944
read_bytes: 32769727488
write_bytes: 81762082816
cancelled_write_bytes: 745472

[2019-03-10T13:00:46-07:00]
rchar: 169032345431
wchar: 81883596176
syscr: 20467308
syscw: 2424085
read_bytes: 32776702976
write_bytes: 81998368768
cancelled_write_bytes: 745472

[2019-03-10T13:00:49-07:00]
rchar: 169469364980
wchar: 82310558162
syscr: 20520200
syscw: 2429836
read_bytes: 32789715968
write_bytes: 82426019840
cancelled_write_bytes: 757760

[2019-03-10T13:00:52-07:00]
rchar: 170235420481
wchar: 82749546908
syscr: 20613043
syscw: 2438331
read_bytes: 32810966016
write_bytes: 82865668096
cancelled_write_bytes: 757760

[2019-03-10T13:00:55-07:00]
rchar: 171107863292
wchar: 83231862718
syscr: 20718794
syscw: 2448510
read_bytes: 32837360640
write_bytes: 83348848640
cancelled_write_bytes: 761856

[2019-03-10T13:00:58-07:00]
rchar: 171937768651
wchar: 83661790180
syscr: 20819393
syscw: 2459070
read_bytes: 32865152000
write_bytes: 83779260416
cancelled_write_bytes: 774144

[2019-03-10T13:01:01-07:00]
rchar: 172666835475
wchar: 84097723322
syscr: 20907751
syscw: 2467559
read_bytes: 32886094848
write_bytes: 84215795712
cancelled_write_bytes: 774144

[2019-03-10T13:01:04-07:00]
rchar: 173527848799
wchar: 84614707570
syscr: 21012104
syscw: 2477305
read_bytes: 32910961664
write_bytes: 84733521920
cancelled_write_bytes: 790528

[2019-03-10T13:01:07-07:00]
rchar: 173948919520
wchar: 84840254783
syscr: 21063146
syscw: 2484677
read_bytes: 32932039680
write_bytes: 84960047104
cancelled_write_bytes: 794624

[2019-03-10T13:01:10-07:00]
rchar: 175293471440
wchar: 85136089475
syscr: 21226087
syscw: 2507698
read_bytes: 33037954048
write_bytes: 85255565312
cancelled_write_bytes: 806912

[2019-03-10T13:01:13-07:00]
rchar: 176855122082
wchar: 85398465338
syscr: 21415428
syscw: 2533554
read_bytes: 33162783744
write_bytes: 85518143488
cancelled_write_bytes: 806912

[2019-03-10T13:01:16-07:00]
rchar: 179177535244
wchar: 85851484333
syscr: 21696929
syscw: 2565743
read_bytes: 33319361536
write_bytes: 85971677184
cancelled_write_bytes: 815104

[2019-03-10T13:01:19-07:00]
rchar: 179972491800
wchar: 86332814227
syscr: 21793206
syscw: 2571271
read_bytes: 33331846144
write_bytes: 86453792768
cancelled_write_bytes: 815104

[2019-03-10T13:01:22-07:00]
rchar: 180483386278
wchar: 86638619574
syscr: 21855005
syscw: 2575125
read_bytes: 33339722752
write_bytes: 86760112128
cancelled_write_bytes: 815104

[2019-03-10T13:01:25-07:00]
rchar: 181231010393
wchar: 87062380025
syscr: 21945488
syscw: 2582312
read_bytes: 33356450816
write_bytes: 87184556032
cancelled_write_bytes: 819200

[2019-03-10T13:01:28-07:00]
rchar: 181636803976
wchar: 87326402963
syscr: 21994674
syscw: 2587744
read_bytes: 33369091072
write_bytes: 87449006080
cancelled_write_bytes: 819200

[2019-03-10T13:01:31-07:00]
rchar: 181925918418
wchar: 87646336404
syscr: 22029717
syscw: 2593040
read_bytes: 33381440512
write_bytes: 87769440256
cancelled_write_bytes: 819200

[2019-03-10T13:01:34-07:00]
rchar: 182863306169
wchar: 88147020240
syscr: 22143247
syscw: 2604591
read_bytes: 33409489920
write_bytes: 88270864384
cancelled_write_bytes: 839680

[2019-03-10T13:01:37-07:00]
rchar: 183523212043
wchar: 88550669081
syscr: 22223231
syscw: 2611430
read_bytes: 33425398784
write_bytes: 88675094528
cancelled_write_bytes: 839680

[2019-03-10T13:01:40-07:00]
rchar: 184392507816
wchar: 89018545698
syscr: 22328594
syscw: 2622707
read_bytes: 33451768832
write_bytes: 89143623680
cancelled_write_bytes: 847872

[2019-03-10T13:01:43-07:00]
rchar: 185563736707
wchar: 89433391319
syscr: 22470579
syscw: 2642171
read_bytes: 33528945664
write_bytes: 89558982656
cancelled_write_bytes: 860160

[2019-03-10T13:01:46-07:00]
rchar: 185708617468
wchar: 89614625248
syscr: 22488147
syscw: 2646170
read_bytes: 33540078592
write_bytes: 89740517376
cancelled_write_bytes: 860160

[2019-03-10T13:01:49-07:00]
rchar: 187917486817
wchar: 90050245910
syscr: 22755872
syscw: 2679234
read_bytes: 33695276032
write_bytes: 90176557056
cancelled_write_bytes: 876544

[2019-03-10T13:01:52-07:00]
rchar: 188879477022
wchar: 90344032445
syscr: 22872510
syscw: 2694967
read_bytes: 33760476160
write_bytes: 90470727680
cancelled_write_bytes: 876544

[2019-03-10T13:01:55-07:00]
rchar: 191743015788
wchar: 90745970723
syscr: 23219618
syscw: 2733270
read_bytes: 33932868608
write_bytes: 90873012224
cancelled_write_bytes: 888832

[2019-03-10T13:01:58-07:00]
rchar: 192685848008
wchar: 90989884716
syscr: 23333932
syscw: 2746101
read_bytes: 33991928832
write_bytes: 91117236224
cancelled_write_bytes: 888832

[2019-03-10T13:02:01-07:00]
rchar: 193205619481
wchar: 91342594435
syscr: 23396898
syscw: 2749510
read_bytes: 34007563264
write_bytes: 91470467072
cancelled_write_bytes: 897024

[2019-03-10T13:02:04-07:00]
rchar: 193879391019
wchar: 91800432664
syscr: 23478468
syscw: 2752760
read_bytes: 34029231104
write_bytes: 91929042944
cancelled_write_bytes: 897024

[2019-03-10T13:02:07-07:00]
rchar: 194333822304
wchar: 92106870466
syscr: 23533451
syscw: 2755037
read_bytes: 34043546624
write_bytes: 92235968512
cancelled_write_bytes: 897024

[2019-03-10T13:02:10-07:00]
rchar: 194852351600
wchar: 92445410721
syscr: 23596172
syscw: 2757755
read_bytes: 34059770880
write_bytes: 92575084544
cancelled_write_bytes: 901120

[2019-03-10T13:02:13-07:00]
rchar: 195583160681
wchar: 92807046285
syscr: 23684679
syscw: 2767704
read_bytes: 34154023936
write_bytes: 92937220096
cancelled_write_bytes: 901120

[2019-03-10T13:02:16-07:00]
rchar: 196599733222
wchar: 93298693527
syscr: 23807938
syscw: 2788184
read_bytes: 34384550912
write_bytes: 93429444608
cancelled_write_bytes: 901120

[2019-03-10T13:02:19-07:00]
rchar: 197419659777
wchar: 93703185353
syscr: 23907304
syscw: 2804388
read_bytes: 34558548992
write_bytes: 93834465280
cancelled_write_bytes: 901120

[2019-03-10T13:02:22-07:00]
rchar: 197560432437
wchar: 93940622092
syscr: 23924369
syscw: 2807518
read_bytes: 34581236736
write_bytes: 94072311808
cancelled_write_bytes: 901120

[2019-03-10T13:02:25-07:00]
rchar: 198584206618
wchar: 94329486595
syscr: 24048397
syscw: 2824667
read_bytes: 34747927552
write_bytes: 94461677568
cancelled_write_bytes: 909312

[2019-03-10T13:02:28-07:00]
rchar: 199704245678
wchar: 94735843306
syscr: 24184174
syscw: 2844024
read_bytes: 34936609792
write_bytes: 94868529152
cancelled_write_bytes: 909312

[2019-03-10T13:02:31-07:00]
rchar: 200756441685
wchar: 95110326766
syscr: 24311734
syscw: 2862790
read_bytes: 35107191808
write_bytes: 95243448320
cancelled_write_bytes: 909312

[2019-03-10T13:02:34-07:00]
rchar: 200985306236
wchar: 95252649846
syscr: 24339467
syscw: 2866884
read_bytes: 35137903616
write_bytes: 95385989120
cancelled_write_bytes: 909312

[2019-03-10T13:02:37-07:00]
rchar: 201528279188
wchar: 95767272566
syscr: 24405239
syscw: 2870669
read_bytes: 35162467328
write_bytes: 95901507584
cancelled_write_bytes: 917504

[2019-03-10T13:02:40-07:00]
rchar: 202165978971
wchar: 96232796644
syscr: 24482509
syscw: 2874374
read_bytes: 35181116416
write_bytes: 96367599616
cancelled_write_bytes: 917504

[2019-03-10T13:02:43-07:00]
rchar: 202597596337
wchar: 96539097481
syscr: 24534805
syscw: 2877225
read_bytes: 35196103680
write_bytes: 96674353152
cancelled_write_bytes: 917504

[2019-03-10T13:02:46-07:00]
rchar: 203223365515
wchar: 96981420835
syscr: 24610622
syscw: 2881420
read_bytes: 35217206272
write_bytes: 97117335552
cancelled_write_bytes: 917504

[2019-03-10T13:02:49-07:00]
rchar: 203621133043
wchar: 97259716156
syscr: 24658835
syscw: 2884065
read_bytes: 35231722496
write_bytes: 97396084736
cancelled_write_bytes: 917504

[2019-03-10T13:02:52-07:00]
rchar: 204138021682
wchar: 97615641493
syscr: 24721461
syscw: 2887820
read_bytes: 35252726784
write_bytes: 97752571904
cancelled_write_bytes: 917504

[2019-03-10T13:02:55-07:00]
rchar: 204807842699
wchar: 98121191689
syscr: 24802646
syscw: 2891760
read_bytes: 35275127808
write_bytes: 98258882560
cancelled_write_bytes: 917504

[2019-03-10T13:02:58-07:00]
rchar: 205402591749
wchar: 98549415651
syscr: 24874717
syscw: 2895827
read_bytes: 35296459776
write_bytes: 98687729664
cancelled_write_bytes: 917504

[2019-03-10T13:03:01-07:00]
rchar: 205836285494
wchar: 98842657555
syscr: 24927273
syscw: 2899275
read_bytes: 35314764800
write_bytes: 98981429248
cancelled_write_bytes: 917504

[2019-03-10T13:03:04-07:00]
rchar: 206338877972
wchar: 99101532539
syscr: 24988194
syscw: 2904774
read_bytes: 35361516544
write_bytes: 99240710144
cancelled_write_bytes: 917504

[2019-03-10T13:03:07-07:00]
rchar: 207577042912
wchar: 99503137134
syscr: 25138274
syscw: 2923380
read_bytes: 35538709504
write_bytes: 99642789888
cancelled_write_bytes: 917504

[2019-03-10T13:03:10-07:00]
rchar: 208131339361
wchar: 99846991683
syscr: 25205464
syscw: 2931885
read_bytes: 35619548160
write_bytes: 99987177472
cancelled_write_bytes: 917504

[2019-03-10T13:03:13-07:00]
rchar: 208875346980
wchar: 100383663797
syscr: 25295530
syscw: 2936018
read_bytes: 35643841536
write_bytes: 100524666880
cancelled_write_bytes: 925696

[2019-03-10T13:03:16-07:00]
rchar: 209351929247
wchar: 100713125055
syscr: 25353242
syscw: 2938898
read_bytes: 35659947008
write_bytes: 100854632448
cancelled_write_bytes: 925696

[2019-03-10T13:03:19-07:00]
rchar: 209793905311
wchar: 101024147418
syscr: 25406706
syscw: 2941417
read_bytes: 35675749376
write_bytes: 101166166016
cancelled_write_bytes: 925696

[2019-03-10T13:03:22-07:00]
rchar: 210404602573
wchar: 101435333599
syscr: 25480627
syscw: 2945161
read_bytes: 35697552384
write_bytes: 101578010624
cancelled_write_bytes: 925696

[2019-03-10T13:03:25-07:00]
rchar: 210795820015
wchar: 101693407860
syscr: 25527975
syscw: 2947942
read_bytes: 35714640896
write_bytes: 101836476416
cancelled_write_bytes: 925696

[2019-03-10T13:03:28-07:00]
rchar: 211276921737
wchar: 101985421105
syscr: 25586293
syscw: 2955077
read_bytes: 35767790592
write_bytes: 102128889856
cancelled_write_bytes: 925696

[2019-03-10T13:03:31-07:00]
rchar: 212188085401
wchar: 102421581151
syscr: 25696761
syscw: 2973121
read_bytes: 35931724800
write_bytes: 102565580800
cancelled_write_bytes: 925696

[2019-03-10T13:03:34-07:00]
rchar: 213060387858
wchar: 102823020375
syscr: 25802478
syscw: 2991853
read_bytes: 36095904768
write_bytes: 102967521280
cancelled_write_bytes: 925696

[2019-03-10T13:03:37-07:00]
rchar: 213171747330
wchar: 103023329403
syscr: 25815975
syscw: 2994995
read_bytes: 36113091584
write_bytes: 103168176128
cancelled_write_bytes: 925696

[2019-03-10T13:03:40-07:00]
rchar: 214094184763
wchar: 103344841564
syscr: 25927728
syscw: 3011467
read_bytes: 36237810688
write_bytes: 103490084864
cancelled_write_bytes: 933888

[2019-03-10T13:03:43-07:00]
rchar: 214886531894
wchar: 103658089455
syscr: 26023789
syscw: 3024752
read_bytes: 36318731264
write_bytes: 103803723776
cancelled_write_bytes: 933888

[2019-03-10T13:03:46-07:00]
rchar: 216268621541
wchar: 104096658969
syscr: 26191311
syscw: 3049738
read_bytes: 36491361280
write_bytes: 104242843648
cancelled_write_bytes: 933888

[2019-03-10T13:03:49-07:00]
rchar: 216670766501
wchar: 104350566821
syscr: 26239996
syscw: 3057840
read_bytes: 36528897024
write_bytes: 104497127424
cancelled_write_bytes: 942080

[2019-03-10T13:03:52-07:00]
rchar: 218480841200
wchar: 104761855662
syscr: 26459464
syscw: 3085211
read_bytes: 36696878080
write_bytes: 104908865536
cancelled_write_bytes: 942080

[2019-03-10T13:03:55-07:00]
rchar: 219821472240
wchar: 105124609246
syscr: 26621971
syscw: 3104692
read_bytes: 36798962688
write_bytes: 105272061952
cancelled_write_bytes: 942080

[2019-03-10T13:03:58-07:00]
rchar: 220826886096
wchar: 105421430297
syscr: 26743797
syscw: 3119512
read_bytes: 36847561728
write_bytes: 105569296384
cancelled_write_bytes: 950272

[2019-03-10T13:04:01-07:00]
rchar: 223775007413
wchar: 105787417497
syscr: 27101229
syscw: 3156397
read_bytes: 36946451456
write_bytes: 105935581184
cancelled_write_bytes: 950272

[2019-03-10T13:04:04-07:00]
rchar: 224373155534
wchar: 106174649918
syscr: 27173662
syscw: 3163427
read_bytes: 36955683840
write_bytes: 106323419136
cancelled_write_bytes: 950272

[2019-03-10T13:04:07-07:00]
rchar: 225399413093
wchar: 106752733032
syscr: 27298099
syscw: 3170536
read_bytes: 36964662272
write_bytes: 106902335488
cancelled_write_bytes: 958464

[2019-03-10T13:04:10-07:00]
rchar: 226207067308
wchar: 107181565161
syscr: 27395963
syscw: 3176343
read_bytes: 36972243968
write_bytes: 107332370432
cancelled_write_bytes: 958464

[2019-03-10T13:04:13-07:00]
rchar: 227050267783
wchar: 107611137514
syscr: 27498176
syscw: 3182941
read_bytes: 36980292608
write_bytes: 107762077696
cancelled_write_bytes: 958464

[2019-03-10T13:04:16-07:00]
rchar: 227843050625
wchar: 108045330908
syscr: 27594273
syscw: 3188633
read_bytes: 36987612160
write_bytes: 108196913152
cancelled_write_bytes: 958464

[2019-03-10T13:04:19-07:00]
rchar: 228742728803
wchar: 108503550988
syscr: 27703305
syscw: 3195622
read_bytes: 36997090304
write_bytes: 108655845376
cancelled_write_bytes: 958464

[2019-03-10T13:04:22-07:00]
rchar: 229399766336
wchar: 108881558444
syscr: 27782944
syscw: 3200178
read_bytes: 37002607616
write_bytes: 109034455040
cancelled_write_bytes: 958464

[2019-03-10T13:04:25-07:00]
rchar: 230040309428
wchar: 109235652244
syscr: 27860278
syscw: 3206409
read_bytes: 37010336768
write_bytes: 109389103104
cancelled_write_bytes: 958464

[2019-03-10T13:04:28-07:00]
rchar: 230760719870
wchar: 109602956491
syscr: 27947613
syscw: 3216845
read_bytes: 37025737728
write_bytes: 109756960768
cancelled_write_bytes: 958464

[2019-03-10T13:04:31-07:00]
rchar: 231135919607
wchar: 109902542426
syscr: 27992991
syscw: 3220577
read_bytes: 37030493184
write_bytes: 110057037824
cancelled_write_bytes: 958464

[2019-03-10T13:04:34-07:00]
rchar: 231518031368
wchar: 110255645135
syscr: 28039212
syscw: 3225997
read_bytes: 37037177856
write_bytes: 110410723328
cancelled_write_bytes: 958464

[2019-03-10T13:04:37-07:00]
rchar: 231985307767
wchar: 110548442284
syscr: 28095678
syscw: 3231416
read_bytes: 37044591616
write_bytes: 110704001024
cancelled_write_bytes: 966656

[2019-03-10T13:04:40-07:00]
rchar: 232877733189
wchar: 110997056882
syscr: 28203762
syscw: 3242708
read_bytes: 37060549632
write_bytes: 111153291264
cancelled_write_bytes: 966656

[2019-03-10T13:04:43-07:00]
rchar: 233842263138
wchar: 111359599517
syscr: 28320685
syscw: 3258046
read_bytes: 37083839488
write_bytes: 111516291072
cancelled_write_bytes: 966656

[2019-03-10T13:04:46-07:00]
rchar: 234764728084
wchar: 111836515731
syscr: 28432486
syscw: 3270259
read_bytes: 37100952576
write_bytes: 111993913344
cancelled_write_bytes: 966656

[2019-03-10T13:04:49-07:00]
rchar: 235154088789
wchar: 111996871049
syscr: 28479691
syscw: 3276463
read_bytes: 37109734400
write_bytes: 112154484736
cancelled_write_bytes: 978944

[2019-03-10T13:04:52-07:00]
rchar: 235499632051
wchar: 112283263892
syscr: 28521574
syscw: 3283024
read_bytes: 37117938688
write_bytes: 112441323520
cancelled_write_bytes: 978944

[2019-03-10T13:04:55-07:00]
rchar: 236253475125
wchar: 112603264089
syscr: 28612877
syscw: 3292445
read_bytes: 37131078656
write_bytes: 112761794560
cancelled_write_bytes: 987136

[2019-03-10T13:04:58-07:00]
rchar: 237140056979
wchar: 112937488056
syscr: 28720351
syscw: 3303978
read_bytes: 37147929600
write_bytes: 113096466432
cancelled_write_bytes: 991232

[2019-03-10T13:05:01-07:00]
rchar: 238342038066
wchar: 113443268110
syscr: 28866046
syscw: 3318897
read_bytes: 37169454080
write_bytes: 113602936832
cancelled_write_bytes: 999424

[2019-03-10T13:05:04-07:00]
rchar: 239101074666
wchar: 113694608388
syscr: 28958064
syscw: 3329533
read_bytes: 37185596416
write_bytes: 113854607360
cancelled_write_bytes: 1007616

[2019-03-10T13:05:07-07:00]
rchar: 239436776256
wchar: 113953763569
syscr: 28998755
syscw: 3334199
read_bytes: 37191236608
write_bytes: 114114162688
cancelled_write_bytes: 1007616

[2019-03-10T13:05:10-07:00]
rchar: 240338170311
wchar: 114425377942
syscr: 29107939
syscw: 3343452
read_bytes: 37203311616
write_bytes: 114586542080
cancelled_write_bytes: 1015808

[2019-03-10T13:05:13-07:00]
rchar: 241162607690
wchar: 114889244607
syscr: 29207754
syscw: 3350083
read_bytes: 37211315200
write_bytes: 115051167744
cancelled_write_bytes: 1015808

[2019-03-10T13:05:16-07:00]
rchar: 242024648015
wchar: 115349961574
syscr: 29312077
syscw: 3357773
read_bytes: 37220404224
write_bytes: 115512623104
cancelled_write_bytes: 1015808

[2019-03-10T13:05:19-07:00]
rchar: 242866076951
wchar: 115747797962
syscr: 29413992
syscw: 3370766
read_bytes: 37239524352
write_bytes: 115911008256
cancelled_write_bytes: 1015808

[2019-03-10T13:05:22-07:00]
rchar: 243773214404
wchar: 116191344612
syscr: 29523953
syscw: 3387865
read_bytes: 37265267712
write_bytes: 116355149824
cancelled_write_bytes: 1015808

[2019-03-10T13:05:25-07:00]
rchar: 244103479180
wchar: 116517596694
syscr: 29563989
syscw: 3395162
read_bytes: 37274741760
write_bytes: 116681924608
cancelled_write_bytes: 1015808

[2019-03-10T13:05:28-07:00]
rchar: 244773254140
wchar: 116779821634
syscr: 29645094
syscw: 3406881
read_bytes: 37292063744
write_bytes: 116944498688
cancelled_write_bytes: 1028096

[2019-03-10T13:05:31-07:00]
rchar: 245900635262
wchar: 117269955958
syscr: 29781755
syscw: 3423294
read_bytes: 37315828736
write_bytes: 117435289600
cancelled_write_bytes: 1032192

[2019-03-10T13:05:34-07:00]
rchar: 246846908298
wchar: 117763343288
syscr: 29896452
syscw: 3435797
read_bytes: 37332933632
write_bytes: 117929349120
cancelled_write_bytes: 1036288

[2019-03-10T13:05:37-07:00]
rchar: 247390128290
wchar: 117973599343
syscr: 29962311
syscw: 3445208
read_bytes: 37346094080
write_bytes: 118139883520
cancelled_write_bytes: 1052672

[2019-03-10T13:05:40-07:00]
rchar: 247880396361
wchar: 118345983377
syscr: 30021734
syscw: 3453889
read_bytes: 37357341696
write_bytes: 118513655808
cancelled_write_bytes: 1052672

[2019-03-10T13:05:43-07:00]
rchar: 249144404471
wchar: 118690123903
syscr: 30174892
syscw: 3472605
read_bytes: 37393656832
write_bytes: 118857396224
cancelled_write_bytes: 1069056

[2019-03-10T13:05:46-07:00]
rchar: 250712763766
wchar: 118926104888
syscr: 30365045
syscw: 3497793
read_bytes: 37477493760
write_bytes: 119093555200
cancelled_write_bytes: 1069056

[2019-03-10T13:05:49-07:00]
rchar: 251961703695
wchar: 119264540648
syscr: 30516394
syscw: 3515120
read_bytes: 37527362560
write_bytes: 119432429568
cancelled_write_bytes: 1077248

[2019-03-10T13:05:52-07:00]
rchar: 254257488691
wchar: 119734326508
syscr: 30794751
syscw: 3543938
read_bytes: 37595491328
write_bytes: 119902781440
cancelled_write_bytes: 1077248

[2019-03-10T13:05:55-07:00]
rchar: 254778538902
wchar: 119971288734
syscr: 30857812
syscw: 3549410
read_bytes: 37601737728
write_bytes: 120140132352
cancelled_write_bytes: 1077248

[2019-03-10T13:05:58-07:00]
rchar: 255113955616
wchar: 120185031308
syscr: 30898394
syscw: 3552292
read_bytes: 37605010432
write_bytes: 120354217984
cancelled_write_bytes: 1077248

[2019-03-10T13:06:01-07:00]
rchar: 255815178417
wchar: 120616115436
syscr: 30983210
syscw: 3559904
read_bytes: 37613935616
write_bytes: 120786022400
cancelled_write_bytes: 1077248

[2019-03-10T13:06:04-07:00]
rchar: 256569034426
wchar: 121024645056
syscr: 31074565
syscw: 3565620
read_bytes: 37624212480
write_bytes: 121195126784
cancelled_write_bytes: 1085440

[2019-03-10T13:06:07-07:00]
rchar: 257152117714
wchar: 121344106947
syscr: 31145255
syscw: 3570146
read_bytes: 37634534400
write_bytes: 121515040768
cancelled_write_bytes: 1085440

[2019-03-10T13:06:10-07:00]
rchar: 257761953260
wchar: 121731056637
syscr: 31219135
syscw: 3575828
read_bytes: 37647178752
write_bytes: 121902518272
cancelled_write_bytes: 1085440

[2019-03-10T13:06:13-07:00]
rchar: 258449712826
wchar: 122166761545
syscr: 31302494
syscw: 3582443
read_bytes: 37662555136
write_bytes: 122338844672
cancelled_write_bytes: 1085440

[2019-03-10T13:06:16-07:00]
rchar: 258994761875
wchar: 122521505672
syscr: 31368566
syscw: 3587229
read_bytes: 37673524224
write_bytes: 122694078464
cancelled_write_bytes: 1085440

[2019-03-10T13:06:19-07:00]
rchar: 259488161146
wchar: 122825517863
syscr: 31428344
syscw: 3592270
read_bytes: 37685423104
write_bytes: 122998587392
cancelled_write_bytes: 1085440

[2019-03-10T13:06:22-07:00]
rchar: 260203511246
wchar: 123295370146
syscr: 31515065
syscw: 3598573
read_bytes: 37701925888
write_bytes: 123469000704
cancelled_write_bytes: 1085440

[2019-03-10T13:06:25-07:00]
rchar: 260837467967
wchar: 123697938459
syscr: 31591893
syscw: 3605019
read_bytes: 37716442112
write_bytes: 123872145408
cancelled_write_bytes: 1085440

[2019-03-10T13:06:28-07:00]
rchar: 261468417901
wchar: 124093087826
syscr: 31668371
syscw: 3611417
read_bytes: 37731740672
write_bytes: 124267855872
cancelled_write_bytes: 1085440

[2019-03-10T13:06:31-07:00]
rchar: 262090868762
wchar: 124576103007
syscr: 31743792
syscw: 3616564
read_bytes: 37743635456
write_bytes: 124751556608
cancelled_write_bytes: 1085440

[2019-03-10T13:06:34-07:00]
rchar: 262597627301
wchar: 124995074718
syscr: 31805230
syscw: 3622489
read_bytes: 37757529088
write_bytes: 125171187712
cancelled_write_bytes: 1085440

[2019-03-10T13:06:37-07:00]
rchar: 263394912299
wchar: 125495504630
syscr: 31901777
syscw: 3629854
read_bytes: 37777058816
write_bytes: 125672333312
cancelled_write_bytes: 1093632

[2019-03-10T13:06:40-07:00]
rchar: 263954688458
wchar: 125807146515
syscr: 31969624
syscw: 3635266
read_bytes: 37791439872
write_bytes: 125984415744
cancelled_write_bytes: 1093632

[2019-03-10T13:06:43-07:00]
rchar: 264879718879
wchar: 126227359563
syscr: 32081753
syscw: 3645961
read_bytes: 37830986752
write_bytes: 126405197824
cancelled_write_bytes: 1093632

[2019-03-10T13:06:46-07:00]
rchar: 266537258088
wchar: 126641296231
syscr: 32282701
syscw: 3671499
read_bytes: 37952187392
write_bytes: 126819598336
cancelled_write_bytes: 1093632

[2019-03-10T13:06:49-07:00]
rchar: 266938955589
wchar: 126973355219
syscr: 32331389
syscw: 3676662
read_bytes: 37965368320
write_bytes: 127152181248
cancelled_write_bytes: 1093632

[2019-03-10T13:06:52-07:00]
rchar: 267678940854
wchar: 127384090550
syscr: 32421034
syscw: 3682744
read_bytes: 37979593728
write_bytes: 127563493376
cancelled_write_bytes: 1101824

[2019-03-10T13:06:55-07:00]
rchar: 268536484930
wchar: 127880216969
syscr: 32524936
syscw: 3689165
read_bytes: 37996784640
write_bytes: 128060366848
cancelled_write_bytes: 1101824

[2019-03-10T13:06:58-07:00]
rchar: 269113464883
wchar: 128178826851
syscr: 32594876
syscw: 3694191
read_bytes: 38008396800
write_bytes: 128359407616
cancelled_write_bytes: 1101824

[2019-03-10T13:07:01-07:00]
rchar: 270259153086
wchar: 128605741633
syscr: 32733737
syscw: 3706429
read_bytes: 38064778240
write_bytes: 128786935808
cancelled_write_bytes: 1101824

[2019-03-10T13:07:04-07:00]
rchar: 272047265357
wchar: 128971690279
syscr: 32950541
syscw: 3729538
read_bytes: 38191934464
write_bytes: 129153261568
cancelled_write_bytes: 1101824

[2019-03-10T13:07:07-07:00]
rchar: 273014445605
wchar: 129535621793
syscr: 33067733
syscw: 3739290
read_bytes: 38217124864
write_bytes: 129718083584
cancelled_write_bytes: 1110016

[2019-03-10T13:07:10-07:00]
rchar: 273901343606
wchar: 129994712748
syscr: 33175086
syscw: 3745702
read_bytes: 38235286528
write_bytes: 130177884160
cancelled_write_bytes: 1110016

[2019-03-10T13:07:13-07:00]
rchar: 274467983887
wchar: 130273953500
syscr: 33243666
syscw: 3750179
read_bytes: 38246489088
write_bytes: 130457591808
cancelled_write_bytes: 1110016

[2019-03-10T13:07:16-07:00]
rchar: 275446737204
wchar: 130776809508
syscr: 33362179
syscw: 3757359
read_bytes: 38263880704
write_bytes: 130961207296
cancelled_write_bytes: 1110016

[2019-03-10T13:07:19-07:00]
rchar: 276026324358
wchar: 131039986854
syscr: 33432334
syscw: 3762242
read_bytes: 38279117824
write_bytes: 131224793088
cancelled_write_bytes: 1110016

[2019-03-10T13:07:22-07:00]
rchar: 276862317243
wchar: 131480171663
syscr: 33533667
syscw: 3777801
read_bytes: 38339931136
write_bytes: 131665969152
cancelled_write_bytes: 1110016

[2019-03-10T13:07:25-07:00]
rchar: 277498261400
wchar: 131776586259
syscr: 33610761
syscw: 3791461
read_bytes: 38393502720
write_bytes: 131962339328
cancelled_write_bytes: 1110016

[2019-03-10T13:07:28-07:00]
rchar: 278004405729
wchar: 132123546094
syscr: 33672053
syscw: 3802396
read_bytes: 38433070080
write_bytes: 132309790720
cancelled_write_bytes: 1118208

[2019-03-10T13:07:31-07:00]
rchar: 278849191859
wchar: 132447655051
syscr: 33774454
syscw: 3816398
read_bytes: 38483262464
write_bytes: 132634312704
cancelled_write_bytes: 1118208

[2019-03-10T13:07:34-07:00]
rchar: 280502445353
wchar: 132916612116
syscr: 33974888
syscw: 3847140
read_bytes: 38629665792
write_bytes: 133103796224
cancelled_write_bytes: 1118208

[2019-03-10T13:07:37-07:00]
rchar: 281071066569
wchar: 133350611638
syscr: 34043772
syscw: 3855515
read_bytes: 38648880128
write_bytes: 133538410496
cancelled_write_bytes: 1126400

[2019-03-10T13:07:40-07:00]
rchar: 281889953953
wchar: 133828370285
syscr: 34143053
syscw: 3863249
read_bytes: 38662138880
write_bytes: 134016843776
cancelled_write_bytes: 1126400

[2019-03-10T13:07:43-07:00]
rchar: 282595893995
wchar: 134253480175
syscr: 34228567
syscw: 3869566
read_bytes: 38674496512
write_bytes: 134442602496
cancelled_write_bytes: 1126400

[2019-03-10T13:07:46-07:00]
rchar: 283355370297
wchar: 134662226278
syscr: 34320632
syscw: 3877561
read_bytes: 38688586752
write_bytes: 134851936256
cancelled_write_bytes: 1126400

[2019-03-10T13:07:49-07:00]
rchar: 284051377261
wchar: 135051520763
syscr: 34404952
syscw: 3884538
read_bytes: 38700604416
write_bytes: 135241809920
cancelled_write_bytes: 1126400

[2019-03-10T13:07:52-07:00]
rchar: 284821292635
wchar: 135472294699
syscr: 34498260
syscw: 3892523
read_bytes: 38714526720
write_bytes: 135663222784
cancelled_write_bytes: 1126400

[2019-03-10T13:07:55-07:00]
rchar: 285571999082
wchar: 135891923595
syscr: 34589253
syscw: 3900201
read_bytes: 38727764992
write_bytes: 136083496960
cancelled_write_bytes: 1126400

[2019-03-10T13:07:58-07:00]
rchar: 286164138926
wchar: 136210296492
syscr: 34661012
syscw: 3906830
read_bytes: 38738385920
write_bytes: 136402329600
cancelled_write_bytes: 1126400

[2019-03-10T13:08:01-07:00]
rchar: 286553829074
wchar: 136420497292
syscr: 34708266
syscw: 3915011
read_bytes: 38753594368
write_bytes: 136612868096
cancelled_write_bytes: 1126400

[2019-03-10T13:08:04-07:00]
rchar: 288936980453
wchar: 136960982183
syscr: 34997098
syscw: 3946019
read_bytes: 38843743232
write_bytes: 137154007040
cancelled_write_bytes: 1134592

[2019-03-10T13:08:07-07:00]
rchar: 290806740839
wchar: 137467576601
syscr: 35223738
syscw: 3970767
read_bytes: 38891727872
write_bytes: 137661243392
cancelled_write_bytes: 1142784

[2019-03-10T13:08:10-07:00]
rchar: 291725575423
wchar: 137888694460
syscr: 35335020
syscw: 3978730
read_bytes: 38903483392
write_bytes: 138083000320
cancelled_write_bytes: 1142784

[2019-03-10T13:08:13-07:00]
rchar: 292690605058
wchar: 138327634264
syscr: 35451885
syscw: 3986979
read_bytes: 38914911232
write_bytes: 138522611712
cancelled_write_bytes: 1142784

[2019-03-10T13:08:16-07:00]
rchar: 293656827534
wchar: 138774356602
syscr: 35568886
syscw: 3995336
read_bytes: 38927195136
write_bytes: 138970042368
cancelled_write_bytes: 1142784

[2019-03-10T13:08:19-07:00]
rchar: 294837857346
wchar: 139159928459
syscr: 35711924
syscw: 4011849
read_bytes: 38960917504
write_bytes: 139356172288
cancelled_write_bytes: 1142784

[2019-03-10T13:08:22-07:00]
rchar: 295410929489
wchar: 139488044003
syscr: 35781412
syscw: 4027550
read_bytes: 39012695040
write_bytes: 139684716544
cancelled_write_bytes: 1142784

[2019-03-10T13:08:25-07:00]
rchar: 297008418253
wchar: 139905782930
syscr: 35975018
syscw: 4058243
read_bytes: 39110908928
write_bytes: 140102909952
cancelled_write_bytes: 1150976

[2019-03-10T13:08:28-07:00]
rchar: 298063994492
wchar: 140256621320
syscr: 36102996
syscw: 4080470
read_bytes: 39168551936
write_bytes: 140454187008
cancelled_write_bytes: 1150976

[2019-03-10T13:08:31-07:00]
rchar: 300267757831
wchar: 140702604906
syscr: 36370118
syscw: 4114497
read_bytes: 39282027520
write_bytes: 140900597760
cancelled_write_bytes: 1159168

[2019-03-10T13:08:34-07:00]
rchar: 301307386117
wchar: 140961159478
syscr: 36496149
syscw: 4129762
read_bytes: 39341001728
write_bytes: 141159452672
cancelled_write_bytes: 1159168

[2019-03-10T13:08:37-07:00]
rchar: 302387730055
wchar: 141611790661
syscr: 36627068
syscw: 4141903
read_bytes: 39355337728
write_bytes: 141811036160
cancelled_write_bytes: 1167360

[2019-03-10T13:08:40-07:00]
rchar: 303318674117
wchar: 142092935978
syscr: 36739881
syscw: 4150262
read_bytes: 39363759104
write_bytes: 142292901888
cancelled_write_bytes: 1167360

[2019-03-10T13:08:43-07:00]
rchar: 304333571074
wchar: 142568379104
syscr: 36862891
syscw: 4160010
read_bytes: 39373310976
write_bytes: 142769422336
cancelled_write_bytes: 1167360

[2019-03-10T13:08:46-07:00]
rchar: 305077742379
wchar: 142914191048
syscr: 36953081
syscw: 4167447
read_bytes: 39380806656
write_bytes: 143115317248
cancelled_write_bytes: 1167360

[2019-03-10T13:08:49-07:00]
rchar: 306079069502
wchar: 143373181182
syscr: 37074444
syscw: 4177722
read_bytes: 39390448640
write_bytes: 143574986752
cancelled_write_bytes: 1167360

[2019-03-10T13:08:52-07:00]
rchar: 306897531137
wchar: 143737636059
syscr: 37173657
syscw: 4186262
read_bytes: 39399390208
write_bytes: 143940005888
cancelled_write_bytes: 1167360

[2019-03-10T13:08:55-07:00]
rchar: 307453919143
wchar: 144015124355
syscr: 37241089
syscw: 4193419
read_bytes: 39406005248
write_bytes: 144217952256
cancelled_write_bytes: 1167360

[2019-03-10T13:08:58-07:00]
rchar: 308482197956
wchar: 144494868175
syscr: 37365701
syscw: 4204065
read_bytes: 39420038144
write_bytes: 144698417152
cancelled_write_bytes: 1175552

[2019-03-10T13:09:01-07:00]
rchar: 309576408824
wchar: 144996287234
syscr: 37498159
syscw: 4213556
read_bytes: 39434787840
write_bytes: 145200607232
cancelled_write_bytes: 1175552

[2019-03-10T13:09:04-07:00]
rchar: 310562210009
wchar: 145444612071
syscr: 37617497
syscw: 4222104
read_bytes: 39448443904
write_bytes: 145649659904
cancelled_write_bytes: 1175552

[2019-03-10T13:09:07-07:00]
rchar: 311661175306
wchar: 145817573948
syscr: 37750568
syscw: 4239199
read_bytes: 39486188544
write_bytes: 146023149568
cancelled_write_bytes: 1175552

[2019-03-10T13:09:10-07:00]
rchar: 312214062562
wchar: 146158607143
syscr: 37817614
syscw: 4253880
read_bytes: 39537495040
write_bytes: 146364624896
cancelled_write_bytes: 1175552

[2019-03-10T13:09:13-07:00]
rchar: 313833380260
wchar: 146536857341
syscr: 38013860
syscw: 4286460
read_bytes: 39639075840
write_bytes: 146743246848
cancelled_write_bytes: 1183744

[2019-03-10T13:09:16-07:00]
rchar: 314895202370
wchar: 146909894888
syscr: 38142583
syscw: 4304768
read_bytes: 39678512128
write_bytes: 147116740608
cancelled_write_bytes: 1183744

[2019-03-10T13:09:19-07:00]
rchar: 315522713479
wchar: 147350637532
syscr: 38218603
syscw: 4314553
read_bytes: 39692254208
write_bytes: 147558129664
cancelled_write_bytes: 1191936

[2019-03-10T13:09:22-07:00]
rchar: 316262574523
wchar: 147710727358
syscr: 38308308
syscw: 4322941
read_bytes: 39701707776
write_bytes: 147918737408
cancelled_write_bytes: 1191936

[2019-03-10T13:09:25-07:00]
rchar: 317303025499
wchar: 148251605219
syscr: 38434385
syscw: 4333893
read_bytes: 39715011584
write_bytes: 148460396544
cancelled_write_bytes: 1191936

[2019-03-10T13:09:28-07:00]
rchar: 318186268227
wchar: 148688368402
syscr: 38541426
syscw: 4343986
read_bytes: 39727279104
write_bytes: 148897787904
cancelled_write_bytes: 1191936

[2019-03-10T13:09:31-07:00]
rchar: 319041294637
wchar: 149109499107
syscr: 38645053
syscw: 4353822
read_bytes: 39738919936
write_bytes: 149319528448
cancelled_write_bytes: 1191936

[2019-03-10T13:09:34-07:00]
rchar: 319883885608
wchar: 149531445769
syscr: 38747176
syscw: 4363573
read_bytes: 39751179264
write_bytes: 149742088192
cancelled_write_bytes: 1191936

[2019-03-10T13:09:37-07:00]
rchar: 320338348684
wchar: 149821163153
syscr: 38802272
syscw: 4367681
read_bytes: 39755885568
write_bytes: 150032248832
cancelled_write_bytes: 1191936

[2019-03-10T13:09:40-07:00]
rchar: 320839670711
wchar: 150151572304
syscr: 38863027
syscw: 4374810
read_bytes: 39765384192
write_bytes: 150363189248
cancelled_write_bytes: 1191936

[2019-03-10T13:09:43-07:00]
rchar: 322054760057
wchar: 150486703881
syscr: 39010263
syscw: 4392204
read_bytes: 39808572416
write_bytes: 150698745856
cancelled_write_bytes: 1200128

[2019-03-10T13:09:46-07:00]
rchar: 324109627827
wchar: 150832363085
syscr: 39259382
syscw: 4420385
read_bytes: 39882189824
write_bytes: 151044743168
cancelled_write_bytes: 1200128

[2019-03-10T13:09:49-07:00]
rchar: 324741235208
wchar: 151136706297
syscr: 39335892
syscw: 4429597
read_bytes: 39893306368
write_bytes: 151349547008
cancelled_write_bytes: 1208320

[2019-03-10T13:09:52-07:00]
rchar: 325877297121
wchar: 151645568813
syscr: 39473492
syscw: 4439477
read_bytes: 39907978240
write_bytes: 151859175424
cancelled_write_bytes: 1208320

[2019-03-10T13:09:55-07:00]
rchar: 326695655417
wchar: 151977390372
syscr: 39572599
syscw: 4447246
read_bytes: 39919156224
write_bytes: 152191516672
cancelled_write_bytes: 1208320

[2019-03-10T13:09:58-07:00]
rchar: 327854783555
wchar: 152439944733
syscr: 39712929
syscw: 4458465
read_bytes: 39934290944
write_bytes: 152654790656
cancelled_write_bytes: 1208320

[2019-03-10T13:10:01-07:00]
rchar: 328728728619
wchar: 152722051589
syscr: 39818799
syscw: 4472004
read_bytes: 39971167232
write_bytes: 152937308160
cancelled_write_bytes: 1208320

[2019-03-10T13:10:04-07:00]
rchar: 329175179665
wchar: 153015849024
syscr: 39872939
syscw: 4484619
read_bytes: 40007429120
write_bytes: 153231499264
cancelled_write_bytes: 1208320

[2019-03-10T13:10:07-07:00]
rchar: 331107557997
wchar: 153537571656
syscr: 40107147
syscw: 4520696
read_bytes: 40138640384
write_bytes: 153753792512
cancelled_write_bytes: 1216512

[2019-03-10T13:10:10-07:00]
rchar: 331902228901
wchar: 153744252780
syscr: 40203472
syscw: 4536556
read_bytes: 40169327616
write_bytes: 153960701952
cancelled_write_bytes: 1216512

[2019-03-10T13:10:13-07:00]
rchar: 332313968756
wchar: 154022732212
syscr: 40253315
syscw: 4545335
read_bytes: 40179497984
write_bytes: 154239590400
cancelled_write_bytes: 1216512

[2019-03-10T13:10:16-07:00]
rchar: 333500863883
wchar: 154655489289
syscr: 40397235
syscw: 4557781
read_bytes: 40192527360
write_bytes: 154873212928
cancelled_write_bytes: 1224704

[2019-03-10T13:10:19-07:00]
rchar: 334121894497
wchar: 154972800803
syscr: 40472451
syscw: 4564551
read_bytes: 40199887872
write_bytes: 155191021568
cancelled_write_bytes: 1224704

[2019-03-10T13:10:22-07:00]
rchar: 334904999850
wchar: 155362472066
syscr: 40567400
syscw: 4573571
read_bytes: 40208923648
write_bytes: 155581206528
cancelled_write_bytes: 1224704

[2019-03-10T13:10:25-07:00]
rchar: 335514120428
wchar: 155646581871
syscr: 40641260
syscw: 4581011
read_bytes: 40216398848
write_bytes: 155865735168
cancelled_write_bytes: 1224704

[2019-03-10T13:10:28-07:00]
rchar: 336310382837
wchar: 156041223062
syscr: 40737734
syscw: 4590347
read_bytes: 40225766400
write_bytes: 156260925440
cancelled_write_bytes: 1224704

[2019-03-10T13:10:31-07:00]
rchar: 336787866538
wchar: 156351035705
syscr: 40795620
syscw: 4594065
read_bytes: 40230165504
write_bytes: 156571217920
cancelled_write_bytes: 1224704

[2019-03-10T13:10:34-07:00]
rchar: 337294347603
wchar: 156732067109
syscr: 40856970
syscw: 4596914
read_bytes: 40233380864
write_bytes: 156953608192
cancelled_write_bytes: 1224704

[2019-03-10T13:10:37-07:00]
rchar: 338026050121
wchar: 157088367457
syscr: 40945643
syscw: 4606929
read_bytes: 40244096000
write_bytes: 157309640704
cancelled_write_bytes: 1224704

[2019-03-10T13:10:40-07:00]
rchar: 338575495188
wchar: 157419493708
syscr: 41012267
syscw: 4614345
read_bytes: 40252623872
write_bytes: 157642285056
cancelled_write_bytes: 1224704

[2019-03-10T13:10:43-07:00]
rchar: 339227475390
wchar: 157729894425
syscr: 41091205
syscw: 4622695
read_bytes: 40261590016
write_bytes: 157952122880
cancelled_write_bytes: 1228800

[2019-03-10T13:10:46-07:00]
rchar: 339966949669
wchar: 158063619755
syscr: 41180838
syscw: 4630285
read_bytes: 40271531008
write_bytes: 158286499840
cancelled_write_bytes: 1228800

[2019-03-10T13:10:49-07:00]
rchar: 340978790184
wchar: 158379226371
syscr: 41303494
syscw: 4643433
read_bytes: 40288394240
write_bytes: 158602391552
cancelled_write_bytes: 1228800

[2019-03-10T13:10:52-07:00]
rchar: 342072469256
wchar: 158612942338
syscr: 41436099
syscw: 4658134
read_bytes: 40334576640
write_bytes: 158836334592
cancelled_write_bytes: 1228800

[2019-03-10T13:10:55-07:00]
rchar: 343251569434
wchar: 159169227619
syscr: 41578993
syscw: 4672758
read_bytes: 40351243264
write_bytes: 159393460224
cancelled_write_bytes: 1236992

[2019-03-10T13:10:58-07:00]
rchar: 344087166071
wchar: 159503308379
syscr: 41680214
syscw: 4681030
read_bytes: 40361036800
write_bytes: 159728037888
cancelled_write_bytes: 1236992

[2019-03-10T13:11:01-07:00]
rchar: 345025396001
wchar: 159890105776
syscr: 41793903
syscw: 4689990
read_bytes: 40372091904
write_bytes: 160115384320
cancelled_write_bytes: 1236992

[2019-03-10T13:11:04-07:00]
rchar: 346111178000
wchar: 160348993649
syscr: 41925394
syscw: 4700463
read_bytes: 40385543168
write_bytes: 160574967808
cancelled_write_bytes: 1236992

[2019-03-10T13:11:07-07:00]
rchar: 346875575464
wchar: 160675725450
syscr: 42018011
syscw: 4707617
read_bytes: 40394378240
write_bytes: 160902172672
cancelled_write_bytes: 1236992

[2019-03-10T13:11:10-07:00]
rchar: 347678255104
wchar: 161028052462
syscr: 42115212
syscw: 4715127
read_bytes: 40404106240
write_bytes: 161255047168
cancelled_write_bytes: 1236992

[2019-03-10T13:11:13-07:00]
rchar: 348385171699
wchar: 161383798564
syscr: 42200829
syscw: 4723642
read_bytes: 40416496640
write_bytes: 161611366400
cancelled_write_bytes: 1236992

[2019-03-10T13:11:16-07:00]
rchar: 349414016007
wchar: 161921664603
syscr: 42325447
syscw: 4738507
read_bytes: 40435670016
write_bytes: 162149953536
cancelled_write_bytes: 1245184

[2019-03-10T13:11:19-07:00]
rchar: 350496782220
wchar: 162394975905
syscr: 42456694
syscw: 4755781
read_bytes: 40461298688
write_bytes: 162623893504
cancelled_write_bytes: 1245184

[2019-03-10T13:11:22-07:00]
rchar: 351752261975
wchar: 162887756216
syscr: 42608925
syscw: 4779624
read_bytes: 40536038400
write_bytes: 163117273088
cancelled_write_bytes: 1245184

[2019-03-10T13:11:25-07:00]
rchar: 352995394034
wchar: 163554409799
syscr: 42759601
syscw: 4793382
read_bytes: 40555256832
write_bytes: 163785306112
cancelled_write_bytes: 1253376

[2019-03-10T13:11:28-07:00]
rchar: 353679853405
wchar: 163927449210
syscr: 42842512
syscw: 4800254
read_bytes: 40566430720
write_bytes: 164158562304
cancelled_write_bytes: 1253376

[2019-03-10T13:11:31-07:00]
rchar: 354904837496
wchar: 164645567405
syscr: 42990983
syscw: 4811755
read_bytes: 40591174656
write_bytes: 164877639680
cancelled_write_bytes: 1253376

[2019-03-10T13:11:34-07:00]
rchar: 355607963109
wchar: 165087719023
syscr: 43076190
syscw: 4817883
read_bytes: 40607161344
write_bytes: 165320429568
cancelled_write_bytes: 1253376

[2019-03-10T13:11:37-07:00]
rchar: 356337987902
wchar: 165542267324
syscr: 43164662
syscw: 4824359
read_bytes: 40624323584
write_bytes: 165775650816
cancelled_write_bytes: 1253376

[2019-03-10T13:11:40-07:00]
rchar: 357128327443
wchar: 166025530183
syscr: 43260430
syscw: 4831854
read_bytes: 40645909504
write_bytes: 166259671040
cancelled_write_bytes: 1253376

[2019-03-10T13:11:43-07:00]
rchar: 357629426202
wchar: 166329193801
syscr: 43321174
syscw: 4839896
read_bytes: 40680508416
write_bytes: 166563807232
cancelled_write_bytes: 1253376

[2019-03-10T13:11:46-07:00]
rchar: 358479922211
wchar: 166884995210
syscr: 43424109
syscw: 4846187
read_bytes: 40707169280
write_bytes: 167120474112
cancelled_write_bytes: 1261568

[2019-03-10T13:11:49-07:00]
rchar: 359069619448
wchar: 167269157162
syscr: 43495485
syscw: 4850120
read_bytes: 40723696640
write_bytes: 167505281024
cancelled_write_bytes: 1261568

[2019-03-10T13:11:52-07:00]
rchar: 359785901124
wchar: 167743336808
syscr: 43582096
syscw: 4854789
read_bytes: 40749353984
write_bytes: 167980244992
cancelled_write_bytes: 1261568

[2019-03-10T13:11:55-07:00]
rchar: 360654389510
wchar: 168283659214
syscr: 43687333
syscw: 4866476
read_bytes: 40841972736
write_bytes: 168521334784
cancelled_write_bytes: 1261568

[2019-03-10T13:11:58-07:00]
rchar: 361413056892
wchar: 168660429056
syscr: 43779292
syscw: 4881267
read_bytes: 40968178688
write_bytes: 168898584576
cancelled_write_bytes: 1261568

[2019-03-10T13:12:02-07:00]
rchar: 362300870657
wchar: 169067300313
syscr: 43886946
syscw: 4899208
read_bytes: 41155460096
write_bytes: 169305919488
cancelled_write_bytes: 1261568

[2019-03-10T13:12:05-07:00]
rchar: 362876336715
wchar: 169455488069
syscr: 43956637
syscw: 4908833
read_bytes: 41250917376
write_bytes: 169694699520
cancelled_write_bytes: 1269760

[2019-03-10T13:12:08-07:00]
rchar: 363973624852
wchar: 169862869835
syscr: 44089626
syscw: 4927012
read_bytes: 41436089344
write_bytes: 170102587392
cancelled_write_bytes: 1269760

[2019-03-10T13:12:11-07:00]
rchar: 365343944476
wchar: 170425411078
syscr: 44255761
syscw: 4948063
read_bytes: 41669250048
write_bytes: 170665840640
cancelled_write_bytes: 1269760

[2019-03-10T13:12:14-07:00]
rchar: 365978873366
wchar: 170653738636
syscr: 44332733
syscw: 4959196
read_bytes: 41778166784
write_bytes: 170894434304
cancelled_write_bytes: 1269760

[2019-03-10T13:12:17-07:00]
rchar: 366708900689
wchar: 171329338038
syscr: 44421154
syscw: 4964544
read_bytes: 41809677312
write_bytes: 171571073024
cancelled_write_bytes: 1277952

[2019-03-10T13:12:20-07:00]
rchar: 367325756495
wchar: 171809023232
syscr: 44495897
syscw: 4967710
read_bytes: 41828047872
write_bytes: 172051488768
cancelled_write_bytes: 1277952

[2019-03-10T13:12:23-07:00]
rchar: 367866132828
wchar: 172200545484
syscr: 44561357
syscw: 4970909
read_bytes: 41847311360
write_bytes: 172443602944
cancelled_write_bytes: 1277952

[2019-03-10T13:12:26-07:00]
rchar: 368446672406
wchar: 172654644244
syscr: 44631721
syscw: 4973932
read_bytes: 41867357184
write_bytes: 172898422784
cancelled_write_bytes: 1277952

[2019-03-10T13:12:29-07:00]
rchar: 369028255305
wchar: 173103990954
syscr: 44702193
syscw: 4976743
read_bytes: 41887759360
write_bytes: 173348446208
cancelled_write_bytes: 1277952

[2019-03-10T13:12:32-07:00]
rchar: 369472039923
wchar: 173430154932
syscr: 44755955
syscw: 4979477
read_bytes: 41906023424
write_bytes: 173675110400
cancelled_write_bytes: 1277952

[2019-03-10T13:12:35-07:00]
rchar: 370501462119
wchar: 173875584602
syscr: 44880715
syscw: 4992095
read_bytes: 42047114240
write_bytes: 174121185280
cancelled_write_bytes: 1277952

[2019-03-10T13:12:38-07:00]
rchar: 371786200317
wchar: 174291548175
syscr: 45036473
syscw: 5011243
read_bytes: 42262486016
write_bytes: 174537625600
cancelled_write_bytes: 1277952

[2019-03-10T13:12:41-07:00]
rchar: 372666098827
wchar: 174691274141
syscr: 45143143
syscw: 5024464
read_bytes: 42404625408
write_bytes: 174937927680
cancelled_write_bytes: 1277952

[2019-03-10T13:12:44-07:00]
rchar: 373583583556
wchar: 174982743934
syscr: 45254277
syscw: 5036561
read_bytes: 42527656960
write_bytes: 175229820928
cancelled_write_bytes: 1286144

[2019-03-10T13:12:47-07:00]
rchar: 375618441772
wchar: 175443723900
syscr: 45500969
syscw: 5062576
read_bytes: 42757229568
write_bytes: 175691325440
cancelled_write_bytes: 1286144

[2019-03-10T13:12:50-07:00]
rchar: 377014297732
wchar: 175943142792
syscr: 45670179
syscw: 5077727
read_bytes: 42861652992
write_bytes: 176191373312
cancelled_write_bytes: 1286144

[2019-03-10T13:12:53-07:00]
rchar: 377343190884
wchar: 176161284711
syscr: 45710048
syscw: 5082916
read_bytes: 42884045824
write_bytes: 176409886720
cancelled_write_bytes: 1286144

[2019-03-10T13:12:56-07:00]
rchar: 378106185933
wchar: 176678765911
syscr: 45802365
syscw: 5086663
read_bytes: 42903055360
write_bytes: 176928194560
cancelled_write_bytes: 1294336

[2019-03-10T13:12:59-07:00]
rchar: 378744620448
wchar: 177095136702
syscr: 45879625
syscw: 5089903
read_bytes: 42920680448
write_bytes: 177345253376
cancelled_write_bytes: 1294336

[2019-03-10T13:13:02-07:00]
rchar: 379347816251
wchar: 177500844973
syscr: 45952603
syscw: 5092931
read_bytes: 42937256960
write_bytes: 177751625728
cancelled_write_bytes: 1294336

[2019-03-10T13:13:05-07:00]
rchar: 380076524400
wchar: 177835602491
syscr: 46040842
syscw: 5105149
read_bytes: 43047500800
write_bytes: 178086830080
cancelled_write_bytes: 1294336

[2019-03-10T13:13:08-07:00]
rchar: 381143678012
wchar: 178268342511
syscr: 46170209
syscw: 5128551
read_bytes: 43264982016
write_bytes: 178520072192
cancelled_write_bytes: 1294336

[2019-03-10T13:13:11-07:00]
rchar: 381651978980
wchar: 178616711218
syscr: 46231828
syscw: 5139974
read_bytes: 43364527104
write_bytes: 178868932608
cancelled_write_bytes: 1294336

[2019-03-10T13:13:14-07:00]
rchar: 382717232693
wchar: 178969147821
syscr: 46360891
syscw: 5158281
read_bytes: 43542035456
write_bytes: 179221798912
cancelled_write_bytes: 1302528

[2019-03-10T13:13:17-07:00]
rchar: 384075232313
wchar: 179381171344
syscr: 46525526
syscw: 5181548
read_bytes: 43724987392
write_bytes: 179634290688
cancelled_write_bytes: 1302528

[2019-03-10T13:13:20-07:00]
rchar: 384678373685
wchar: 179572419791
syscr: 46598657
syscw: 5192777
read_bytes: 43801779200
write_bytes: 179825745920
cancelled_write_bytes: 1302528

[2019-03-10T13:13:23-07:00]
rchar: 385984558194
wchar: 180001351890
syscr: 46756933
syscw: 5212773
read_bytes: 43933649920
write_bytes: 180255264768
cancelled_write_bytes: 1310720

[2019-03-10T13:13:26-07:00]
rchar: 387038937192
wchar: 180240096654
syscr: 46884764
syscw: 5230712
read_bytes: 44098407424
write_bytes: 180494278656
cancelled_write_bytes: 1310720

[2019-03-10T13:13:29-07:00]
rchar: 387038937192
wchar: 180240096732
syscr: 46884764
syscw: 5230713
read_bytes: 44098411520
write_bytes: 180494295040
cancelled_write_bytes: 1310720

[2019-03-10T13:13:32-07:00]
rchar: 387038937192
wchar: 180240096732
syscr: 46884764
syscw: 5230713
read_bytes: 44098411520
write_bytes: 180494295040
cancelled_write_bytes: 1310720

[2019-03-10T13:13:35-07:00]
rchar: 387038937192
wchar: 180240096732
syscr: 46884764
syscw: 5230713
read_bytes: 44098411520
write_bytes: 180494295040
cancelled_write_bytes: 1310720

[2019-03-10T13:13:38-07:00]
rchar: 387038937192
wchar: 180240096732
syscr: 46884764
syscw: 5230713
read_bytes: 44098411520
write_bytes: 180494295040
cancelled_write_bytes: 1310720

[2019-03-10T13:13:41-07:00]
rchar: 387038937192
wchar: 180240096732
syscr: 46884764
syscw: 5230713
read_bytes: 44098411520
write_bytes: 180494295040
cancelled_write_bytes: 1310720

[2019-03-10T13:13:44-07:00]
rchar: 387038937192
wchar: 180240096732
syscr: 46884764
syscw: 5230713
read_bytes: 44098411520
write_bytes: 180494295040
cancelled_write_bytes: 1310720

[2019-03-10T13:13:47-07:00]
rchar: 387038937192
wchar: 180240096732
syscr: 46884764
syscw: 5230713
read_bytes: 44098411520
write_bytes: 180494295040
cancelled_write_bytes: 1310720

[2019-03-10T13:13:50-07:00]
rchar: 387038944102
wchar: 180240096732
syscr: 46884772
syscw: 5230713
read_bytes: 44098432000
write_bytes: 180494295040
cancelled_write_bytes: 1310720

