Extracting RWBS and sectors to /tmp/ycsb-rocksdb/data/output_myworkloada/sectors.dat
Parsing results...

SECTOR_SIZE   RW   COUNT         RATIO (in R/W)   RATIO (Overall)
----------------------------------------------------------------------
24            R    386172               44.233%           39.830%
16            R    193943               22.215%           20.003%
8             R    139821               16.015%           14.421%
1024          W    72382                74.988%            7.465%
40            R    31864                 3.650%            3.286%
256           R    25973                 2.975%            2.679%
32            R    16602                 1.902%            1.712%
56            R    14701                 1.684%            1.516%
8             W    12796                13.257%            1.320%
1016          W    9762                 10.113%            1.007%
72            R    8551                  0.979%            0.882%
48            R    6648                  0.761%            0.686%
88            R    6199                  0.710%            0.639%
64            R    4864                  0.557%            0.502%
104           R    4414                  0.506%            0.455%
120           R    3221                  0.369%            0.332%
80            R    3125                  0.358%            0.322%
96            R    2558                  0.293%            0.264%
136           R    2344                  0.268%            0.242%
512           R    2007                  0.230%            0.207%
112           R    1952                  0.224%            0.201%
152           R    1884                  0.216%            0.194%
128           R    1750                  0.200%            0.180%
168           R    1516                  0.174%            0.156%
144           R    1354                  0.155%            0.140%
184           R    1183                  0.136%            0.122%
160           R    996                   0.114%            0.103%
192           R    970                   0.111%            0.100%
200           R    937                   0.107%            0.097%
176           R    910                   0.104%            0.094%
216           R    820                   0.094%            0.085%
232           R    647                   0.074%            0.067%
240           R    632                   0.072%            0.065%
208           R    631                   0.072%            0.065%
248           R    599                   0.069%            0.062%
224           R    576                   0.066%            0.059%
264           R    158                   0.018%            0.016%
296           R    153                   0.018%            0.016%
280           R    147                   0.017%            0.015%
272           R    142                   0.016%            0.015%
288           R    135                   0.015%            0.014%
312           R    133                   0.015%            0.014%
328           R    114                   0.013%            0.012%
336           R    104                   0.012%            0.011%
408           R    96                    0.011%            0.010%
320           R    96                    0.011%            0.010%
304           R    95                    0.011%            0.010%
360           R    92                    0.011%            0.009%
344           R    92                    0.011%            0.009%
424           R    89                    0.010%            0.009%
368           R    86                    0.010%            0.009%
768           W    84                    0.087%            0.009%
392           R    84                    0.010%            0.009%
400           R    83                    0.010%            0.009%
784           W    80                    0.083%            0.008%
352           R    78                    0.009%            0.008%
896           W    77                    0.080%            0.008%
376           R    76                    0.009%            0.008%
432           R    70                    0.008%            0.007%
384           R    68                    0.008%            0.007%
440           R    64                    0.007%            0.007%
120           W    64                    0.066%            0.007%
416           R    61                    0.007%            0.006%
464           R    60                    0.007%            0.006%
112           W    60                    0.062%            0.006%
456           R    57                    0.007%            0.006%
448           R    56                    0.006%            0.006%
32            W    53                    0.055%            0.005%
21            W    50                    0.052%            0.005%
22            W    48                    0.050%            0.005%
472           R    47                    0.005%            0.005%
96            W    44                    0.046%            0.005%
480           R    43                    0.005%            0.004%
56            W    42                    0.044%            0.004%
920           W    39                    0.040%            0.004%
19            W    38                    0.039%            0.004%
144           W    37                    0.038%            0.004%
904           W    36                    0.037%            0.004%
4             W    36                    0.037%            0.004%
960           W    35                    0.036%            0.004%
872           W    35                    0.036%            0.004%
1008          W    35                    0.036%            0.004%
20            W    34                    0.035%            0.004%
488           R    32                    0.004%            0.003%
504           R    29                    0.003%            0.003%
18            W    29                    0.030%            0.003%
16            W    29                    0.030%            0.003%
496           R    27                    0.003%            0.003%
3             W    26                    0.027%            0.003%
64            W    25                    0.026%            0.003%
48            W    24                    0.025%            0.002%
984           W    23                    0.024%            0.002%
928           W    23                    0.024%            0.002%
968           W    21                    0.022%            0.002%
15            W    20                    0.021%            0.002%
88            W    19                    0.020%            0.002%
408           W    19                    0.020%            0.002%
17            W    19                    0.020%            0.002%
416           W    15                    0.016%            0.002%
24            W    14                    0.015%            0.001%
2             W    13                    0.013%            0.001%
12            W    12                    0.012%            0.001%
11            W    12                    0.012%            0.001%
6             W    11                    0.011%            0.001%
1             W    11                    0.011%            0.001%
7             W    9                     0.009%            0.001%
23            W    9                     0.009%            0.001%
10            W    9                     0.009%            0.001%
104           W    9                     0.009%            0.001%
9             W    8                     0.008%            0.001%
936           W    8                     0.008%            0.001%
40            W    8                     0.008%            0.001%
14            W    8                     0.008%            0.001%
752           W    7                     0.007%            0.001%
824           W    6                     0.006%            0.001%
80            W    6                     0.006%            0.001%
736           W    6                     0.006%            0.001%
5             W    6                     0.006%            0.001%
1             R    6                     0.001%            0.001%
13            W    6                     0.006%            0.001%
128           W    6                     0.006%            0.001%
1000          W    6                     0.006%            0.001%
376           W    5                     0.005%            0.001%
336           W    5                     0.005%            0.001%
248           W    5                     0.005%            0.001%
816           W    4                     0.004%            0.000%
544           W    4                     0.004%            0.000%
30            W    4                     0.004%            0.000%
280           W    4                     0.004%            0.000%
200           W    4                     0.004%            0.000%
160           W    4                     0.004%            0.000%
944           W    3                     0.003%            0.000%
864           W    3                     0.003%            0.000%
856           W    3                     0.003%            0.000%
760           W    3                     0.003%            0.000%
72            W    3                     0.003%            0.000%
696           W    3                     0.003%            0.000%
680           W    3                     0.003%            0.000%
592           W    3                     0.003%            0.000%
424           W    3                     0.003%            0.000%
360           W    3                     0.003%            0.000%
304           W    3                     0.003%            0.000%
232           W    3                     0.003%            0.000%
152           W    3                     0.003%            0.000%
992           W    2                     0.002%            0.000%
888           W    2                     0.002%            0.000%
880           W    2                     0.002%            0.000%
848           W    2                     0.002%            0.000%
840           W    2                     0.002%            0.000%
832           W    2                     0.002%            0.000%
800           W    2                     0.002%            0.000%
744           W    2                     0.002%            0.000%
728           W    2                     0.002%            0.000%
704           W    2                     0.002%            0.000%
672           W    2                     0.002%            0.000%
656           W    2                     0.002%            0.000%
648           W    2                     0.002%            0.000%
640           W    2                     0.002%            0.000%
624           W    2                     0.002%            0.000%
600           W    2                     0.002%            0.000%
584           W    2                     0.002%            0.000%
576           W    2                     0.002%            0.000%
568           W    2                     0.002%            0.000%
560           W    2                     0.002%            0.000%
512           W    2                     0.002%            0.000%
496           W    2                     0.002%            0.000%
480           W    2                     0.002%            0.000%
464           W    2                     0.002%            0.000%
368           W    2                     0.002%            0.000%
352           W    2                     0.002%            0.000%
328           W    2                     0.002%            0.000%
312           W    2                     0.002%            0.000%
296           W    2                     0.002%            0.000%
27            W    2                     0.002%            0.000%
272           W    2                     0.002%            0.000%
264           W    2                     0.002%            0.000%
25            W    2                     0.002%            0.000%
176           W    2                     0.002%            0.000%
976           W    1                     0.001%            0.000%
952           W    1                     0.001%            0.000%
912           W    1                     0.001%            0.000%
776           W    1                     0.001%            0.000%
712           W    1                     0.001%            0.000%
664           W    1                     0.001%            0.000%
55            W    1                     0.001%            0.000%
552           W    1                     0.001%            0.000%
528           W    1                     0.001%            0.000%
520           W    1                     0.001%            0.000%
488           W    1                     0.001%            0.000%
472           W    1                     0.001%            0.000%
456           W    1                     0.001%            0.000%
448           W    1                     0.001%            0.000%
440           W    1                     0.001%            0.000%
43            W    1                     0.001%            0.000%
432           W    1                     0.001%            0.000%
41            W    1                     0.001%            0.000%
400           W    1                     0.001%            0.000%
392           W    1                     0.001%            0.000%
35            W    1                     0.001%            0.000%
288           W    1                     0.001%            0.000%
256           W    1                     0.001%            0.000%
240           W    1                     0.001%            0.000%
224           W    1                     0.001%            0.000%
216           W    1                     0.001%            0.000%
208           W    1                     0.001%            0.000%
192           W    1                     0.001%            0.000%
168           W    1                     0.001%            0.000%
136           W    1                     0.001%            0.000%


SUMMARY (512-byte sectors)
----------------------------------------------------------------------
Total read I/Os : 873037         [ 90.044%]
Total write I/Os: 96525          [  9.956%]
Total read sectors : 31174102    [ 26.895%,   15221.729MB]
Total write sectors: 84735280    [ 73.105%,   41374.648MB]
