Extracting RWBS and sectors to /tmp/ycsb-rocksdb/data/output_myworkloada/sectors.dat
Parsing results...

SECTOR_SIZE   RW   COUNT         RATIO (in R/W)   RATIO (Overall)
----------------------------------------------------------------------
1024          W    354471               74.651%           55.421%
256           R    78971                47.930%           12.347%
8             W    58834                12.390%            9.199%
1016          W    49695                10.466%            7.770%
512           R    40103                24.340%            6.270%
32            R    2073                  1.258%            0.324%
16            R    1845                  1.120%            0.288%
248           R    1609                  0.977%            0.252%
24            R    1566                  0.950%            0.245%
8             R    1455                  0.883%            0.227%
192           R    1412                  0.857%            0.221%
64            R    1350                  0.819%            0.211%
240           R    1318                  0.800%            0.206%
40            R    1289                  0.782%            0.202%
48            R    1266                  0.768%            0.198%
56            R    1252                  0.760%            0.196%
176           R    1239                  0.752%            0.194%
200           R    1232                  0.748%            0.193%
264           W    1154                  0.243%            0.180%
168           R    1151                  0.699%            0.180%
232           R    1141                  0.693%            0.178%
184           R    1131                  0.686%            0.177%
208           R    1103                  0.669%            0.172%
160           R    1100                  0.668%            0.172%
224           R    1044                  0.634%            0.163%
152           R    1027                  0.623%            0.161%
216           R    969                   0.588%            0.152%
128           R    949                   0.576%            0.148%
480           R    809                   0.491%            0.126%
488           R    785                   0.476%            0.123%
80            R    783                   0.475%            0.122%
88            R    753                   0.457%            0.118%
72            R    728                   0.442%            0.114%
496           R    723                   0.439%            0.113%
472           R    704                   0.427%            0.110%
96            R    688                   0.418%            0.108%
456           R    643                   0.390%            0.101%
304           R    635                   0.385%            0.099%
464           R    631                   0.383%            0.099%
136           R    610                   0.370%            0.095%
448           R    604                   0.367%            0.094%
104           R    604                   0.367%            0.094%
144           R    588                   0.357%            0.092%
120           R    586                   0.356%            0.092%
112           R    585                   0.355%            0.091%
312           R    512                   0.311%            0.080%
328           R    504                   0.306%            0.079%
320           R    491                   0.298%            0.077%
336           R    483                   0.293%            0.076%
32            W    474                   0.100%            0.074%
344           R    468                   0.284%            0.073%
296           R    459                   0.279%            0.072%
272           R    370                   0.225%            0.058%
264           R    367                   0.223%            0.057%
88            W    363                   0.076%            0.057%
288           R    363                   0.220%            0.057%
16            W    363                   0.076%            0.057%
48            W    356                   0.075%            0.056%
280           R    353                   0.214%            0.055%
120           W    349                   0.073%            0.055%
24            W    329                   0.069%            0.051%
768           W    276                   0.058%            0.043%
112           W    272                   0.057%            0.043%
416           W    267                   0.056%            0.042%
352           R    265                   0.161%            0.041%
784           W    260                   0.055%            0.041%
968           W    256                   0.054%            0.040%
384           R    246                   0.149%            0.038%
896           W    239                   0.050%            0.037%
984           W    226                   0.048%            0.035%
928           W    222                   0.047%            0.035%
904           W    213                   0.045%            0.033%
408           W    182                   0.038%            0.028%
40            W    179                   0.038%            0.028%
80            W    176                   0.037%            0.028%
456           W    176                   0.037%            0.028%
64            W    140                   0.029%            0.022%
200           W    140                   0.029%            0.022%
816           W    130                   0.027%            0.020%
192           W    126                   0.027%            0.020%
824           W    120                   0.025%            0.019%
96            W    119                   0.025%            0.019%
3             W    116                   0.024%            0.018%
128           W    116                   0.024%            0.018%
72            W    108                   0.023%            0.017%
440           R    105                   0.064%            0.016%
424           R    104                   0.063%            0.016%
104           W    103                   0.022%            0.016%
416           R    100                   0.061%            0.016%
22            W    100                   0.021%            0.016%
432           R    99                    0.060%            0.015%
25            W    89                    0.019%            0.014%
360           W    88                    0.019%            0.014%
26            W    88                    0.019%            0.014%
2             W    87                    0.018%            0.014%
12            W    85                    0.018%            0.013%
23            W    79                    0.017%            0.012%
21            W    79                    0.017%            0.012%
408           R    78                    0.047%            0.012%
504           R    72                    0.044%            0.011%
1             W    72                    0.015%            0.011%
15            W    69                    0.015%            0.011%
56            W    68                    0.014%            0.011%
13            W    66                    0.014%            0.010%
4             W    64                    0.013%            0.010%
11            W    63                    0.013%            0.010%
19            W    62                    0.013%            0.010%
14            W    59                    0.012%            0.009%
18            W    58                    0.012%            0.009%
5             W    57                    0.012%            0.009%
376           R    57                    0.035%            0.009%
736           W    56                    0.012%            0.009%
360           R    56                    0.034%            0.009%
20            W    56                    0.012%            0.009%
368           R    54                    0.033%            0.008%
9             W    53                    0.011%            0.008%
10            W    52                    0.011%            0.008%
6             W    51                    0.011%            0.008%
400           R    51                    0.031%            0.008%
368           W    51                    0.011%            0.008%
352           W    51                    0.011%            0.008%
17            W    50                    0.011%            0.008%
344           W    48                    0.010%            0.008%
464           W    47                    0.010%            0.007%
888           W    45                    0.009%            0.007%
27            W    45                    0.009%            0.007%
936           W    44                    0.009%            0.007%
392           R    44                    0.027%            0.007%
224           W    44                    0.009%            0.007%
144           W    44                    0.009%            0.007%
7             W    41                    0.009%            0.006%
528           W    40                    0.008%            0.006%
216           W    39                    0.008%            0.006%
136           W    39                    0.008%            0.006%
864           W    36                    0.008%            0.006%
376           W    36                    0.008%            0.006%
320           W    36                    0.008%            0.006%
152           W    36                    0.008%            0.006%
728           W    33                    0.007%            0.005%
384           W    33                    0.007%            0.005%
248           W    33                    0.007%            0.005%
992           W    32                    0.007%            0.005%
1000          W    32                    0.007%            0.005%
912           W    31                    0.007%            0.005%
744           W    31                    0.007%            0.005%
792           W    30                    0.006%            0.005%
448           W    30                    0.006%            0.005%
336           W    30                    0.006%            0.005%
328           W    30                    0.006%            0.005%
312           W    30                    0.006%            0.005%
280           W    30                    0.006%            0.005%
184           W    30                    0.006%            0.005%
952           W    29                    0.006%            0.005%
848           W    29                    0.006%            0.005%
720           W    29                    0.006%            0.005%
656           W    29                    0.006%            0.005%
272           W    29                    0.006%            0.005%
520           W    28                    0.006%            0.004%
28            W    28                    0.006%            0.004%
976           W    27                    0.006%            0.004%
648           W    27                    0.006%            0.004%
176           W    27                    0.006%            0.004%
872           W    26                    0.005%            0.004%
424           W    26                    0.005%            0.004%
832           W    25                    0.005%            0.004%
752           W    25                    0.005%            0.004%
672           W    25                    0.005%            0.004%
512           W    25                    0.005%            0.004%
472           W    25                    0.005%            0.004%
168           W    25                    0.005%            0.004%
160           W    24                    0.005%            0.004%
920           W    23                    0.005%            0.004%
800           W    23                    0.005%            0.004%
29            W    23                    0.005%            0.004%
232           W    23                    0.005%            0.004%
208           W    23                    0.005%            0.004%
840           W    22                    0.005%            0.003%
34            W    22                    0.005%            0.003%
776           W    21                    0.004%            0.003%
600           W    21                    0.004%            0.003%
576           W    21                    0.004%            0.003%
544           W    21                    0.004%            0.003%
30            W    21                    0.004%            0.003%
592           W    20                    0.004%            0.003%
296           W    20                    0.004%            0.003%
568           W    19                    0.004%            0.003%
560           W    19                    0.004%            0.003%
504           W    19                    0.004%            0.003%
440           W    19                    0.004%            0.003%
400           W    19                    0.004%            0.003%
37            W    19                    0.004%            0.003%
35            W    19                    0.004%            0.003%
856           W    18                    0.004%            0.003%
624           W    18                    0.004%            0.003%
488           W    18                    0.004%            0.003%
304           W    18                    0.004%            0.003%
960           W    17                    0.004%            0.003%
880           W    16                    0.003%            0.003%
760           W    16                    0.003%            0.003%
696           W    16                    0.003%            0.003%
688           W    16                    0.003%            0.003%
632           W    16                    0.003%            0.003%
536           W    16                    0.003%            0.003%
432           W    16                    0.003%            0.003%
392           W    16                    0.003%            0.003%
704           W    15                    0.003%            0.002%
680           W    15                    0.003%            0.002%
640           W    15                    0.003%            0.002%
552           W    15                    0.003%            0.002%
256           W    15                    0.003%            0.002%
712           W    14                    0.003%            0.002%
608           W    14                    0.003%            0.002%
240           W    14                    0.003%            0.002%
808           W    13                    0.003%            0.002%
33            W    13                    0.003%            0.002%
616           W    12                    0.003%            0.002%
36            W    12                    0.003%            0.002%
288           W    12                    0.003%            0.002%
38            W    11                    0.002%            0.002%
31            W    11                    0.002%            0.002%
1008          W    11                    0.002%            0.002%
584           W    10                    0.002%            0.002%
496           W    10                    0.002%            0.002%
480           W    10                    0.002%            0.002%
39            W    10                    0.002%            0.002%
944           W    9                     0.002%            0.001%
664           W    8                     0.002%            0.001%
42            W    8                     0.002%            0.001%
41            W    8                     0.002%            0.001%
1             R    8                     0.005%            0.001%
49            W    7                     0.001%            0.001%
45            W    5                     0.001%            0.001%
43            W    4                     0.001%            0.001%
50            W    3                     0.001%            0.000%
46            W    3                     0.001%            0.000%
51            W    2                     0.000%            0.000%
44            W    2                     0.000%            0.000%
62            W    1                     0.000%            0.000%
61            W    1                     0.000%            0.000%
60            W    1                     0.000%            0.000%
58            W    1                     0.000%            0.000%
53            W    1                     0.000%            0.000%
52            W    1                     0.000%            0.000%
47            W    1                     0.000%            0.000%


SUMMARY (512-byte sectors)
----------------------------------------------------------------------
Total read I/Os : 164763         [ 25.760%]
Total write I/Os: 474838         [ 74.240%]
Total read sectors : 49403944    [ 10.573%,   24123.020MB]
Total write sectors: 417842395   [ 89.427%,  204024.607MB]
