Extracting RWBS and sectors to /tmp/ycsb-rocksdb/data/output_myworkloada/sectors.dat
Parsing results...

SECTOR_SIZE   RW   COUNT         RATIO (in R/W)   RATIO (Overall)
----------------------------------------------------------------------
24            R    1998244              45.025%           39.945%
16            R    950051               21.407%           18.992%
8             R    541929               12.211%           10.833%
1024          W    407127               72.129%            8.139%
40            R    123249                2.777%            2.464%
256           R    116005                2.614%            2.319%
56            R    84840                 1.912%            1.696%
8             W    83090                14.721%            1.661%
32            R    82015                 1.848%            1.639%
512           R    64812                 1.460%            1.296%
1016          W    63431                11.238%            1.268%
72            R    60283                 1.358%            1.205%
88            R    44808                 1.010%            0.896%
104           R    34192                 0.770%            0.684%
48            R    30315                 0.683%            0.606%
120           R    26774                 0.603%            0.535%
64            R    26267                 0.592%            0.525%
136           R    20263                 0.457%            0.405%
80            R    19082                 0.430%            0.381%
152           R    16155                 0.364%            0.323%
96            R    15612                 0.352%            0.312%
112           R    13532                 0.305%            0.271%
168           R    12856                 0.290%            0.257%
128           R    12595                 0.284%            0.252%
184           R    10663                 0.240%            0.213%
144           R    9720                  0.219%            0.194%
200           R    8866                  0.200%            0.177%
160           R    8503                  0.192%            0.170%
192           R    8448                  0.190%            0.169%
216           R    8135                  0.183%            0.163%
176           R    7539                  0.170%            0.151%
232           R    7337                  0.165%            0.147%
240           R    6530                  0.147%            0.131%
248           R    6172                  0.139%            0.123%
208           R    6162                  0.139%            0.123%
224           R    5468                  0.123%            0.109%
264           R    2908                  0.066%            0.058%
280           R    2536                  0.057%            0.051%
296           R    2319                  0.052%            0.046%
272           R    2189                  0.049%            0.044%
312           R    2169                  0.049%            0.043%
288           R    2077                  0.047%            0.042%
328           R    1979                  0.045%            0.040%
304           R    1895                  0.043%            0.038%
344           R    1874                  0.042%            0.037%
360           R    1807                  0.041%            0.036%
320           R    1797                  0.040%            0.036%
384           R    1789                  0.040%            0.036%
336           R    1705                  0.038%            0.034%
352           R    1625                  0.037%            0.032%
368           R    1620                  0.037%            0.032%
376           R    1616                  0.036%            0.032%
392           R    1542                  0.035%            0.031%
408           R    1504                  0.034%            0.030%
400           R    1458                  0.033%            0.029%
424           R    1424                  0.032%            0.028%
416           R    1414                  0.032%            0.028%
456           R    1383                  0.031%            0.028%
472           R    1355                  0.031%            0.027%
432           R    1350                  0.030%            0.027%
440           R    1347                  0.030%            0.027%
448           R    1311                  0.030%            0.026%
464           R    1293                  0.029%            0.026%
480           R    1262                  0.028%            0.025%
408           W    858                   0.152%            0.017%
488           R    775                   0.017%            0.015%
416           W    766                   0.136%            0.015%
496           R    716                   0.016%            0.014%
504           R    567                   0.013%            0.011%
64            W    348                   0.062%            0.007%
32            W    300                   0.053%            0.006%
16            W    280                   0.050%            0.006%
3             W    241                   0.043%            0.005%
29            W    235                   0.042%            0.005%
30            W    210                   0.037%            0.004%
128           W    201                   0.036%            0.004%
13            W    192                   0.034%            0.004%
25            W    181                   0.032%            0.004%
26            W    180                   0.032%            0.004%
24            W    179                   0.032%            0.004%
28            W    174                   0.031%            0.003%
14            W    174                   0.031%            0.003%
96            W    164                   0.029%            0.003%
27            W    161                   0.029%            0.003%
896           W    153                   0.027%            0.003%
31            W    150                   0.027%            0.003%
768           W    147                   0.026%            0.003%
112           W    147                   0.026%            0.003%
784           W    145                   0.026%            0.003%
23            W    143                   0.025%            0.003%
120           W    142                   0.025%            0.003%
744           W    137                   0.024%            0.003%
400           W    131                   0.023%            0.003%
920           W    127                   0.023%            0.003%
22            W    118                   0.021%            0.002%
952           W    115                   0.020%            0.002%
888           W    115                   0.020%            0.002%
904           W    114                   0.020%            0.002%
34            W    109                   0.019%            0.002%
264           W    107                   0.019%            0.002%
38            W    100                   0.018%            0.002%
33            W    100                   0.018%            0.002%
1             W    100                   0.018%            0.002%
424           W    94                    0.017%            0.002%
35            W    94                    0.017%            0.002%
12            W    92                    0.016%            0.002%
736           W    89                    0.016%            0.002%
21            W    89                    0.016%            0.002%
4             W    86                    0.015%            0.002%
40            W    85                    0.015%            0.002%
39            W    85                    0.015%            0.002%
37            W    81                    0.014%            0.002%
48            W    69                    0.012%            0.001%
20            W    69                    0.012%            0.001%
6             W    68                    0.012%            0.001%
10            W    67                    0.012%            0.001%
728           W    63                    0.011%            0.001%
19            W    63                    0.011%            0.001%
5             W    61                    0.011%            0.001%
36            W    61                    0.011%            0.001%
15            W    60                    0.011%            0.001%
17            W    59                    0.010%            0.001%
9             W    58                    0.010%            0.001%
7             W    56                    0.010%            0.001%
2             W    51                    0.009%            0.001%
18            W    51                    0.009%            0.001%
11            W    47                    0.008%            0.001%
41            W    46                    0.008%            0.001%
43            W    44                    0.008%            0.001%
712           W    43                    0.008%            0.001%
42            W    41                    0.007%            0.001%
984           W    36                    0.006%            0.001%
752           W    36                    0.006%            0.001%
392           W    36                    0.006%            0.001%
88            W    34                    0.006%            0.001%
720           W    34                    0.006%            0.001%
968           W    32                    0.006%            0.001%
928           W    31                    0.005%            0.001%
47            W    29                    0.005%            0.001%
160           W    29                    0.005%            0.001%
46            W    28                    0.005%            0.001%
44            W    26                    0.005%            0.001%
432           W    25                    0.004%            0.000%
960           W    24                    0.004%            0.000%
45            W    24                    0.004%            0.000%
232           W    24                    0.004%            0.000%
320           W    22                    0.004%            0.000%
152           W    22                    0.004%            0.000%
992           W    21                    0.004%            0.000%
49            W    21                    0.004%            0.000%
56            W    19                    0.003%            0.000%
168           W    19                    0.003%            0.000%
51            W    18                    0.003%            0.000%
440           W    18                    0.003%            0.000%
344           W    18                    0.003%            0.000%
304           W    18                    0.003%            0.000%
256           W    18                    0.003%            0.000%
976           W    17                    0.003%            0.000%
72            W    17                    0.003%            0.000%
568           W    17                    0.003%            0.000%
288           W    17                    0.003%            0.000%
216           W    17                    0.003%            0.000%
136           W    17                    0.003%            0.000%
872           W    16                    0.003%            0.000%
560           W    16                    0.003%            0.000%
496           W    16                    0.003%            0.000%
272           W    16                    0.003%            0.000%
224           W    16                    0.003%            0.000%
200           W    16                    0.003%            0.000%
144           W    16                    0.003%            0.000%
880           W    15                    0.003%            0.000%
80            W    15                    0.003%            0.000%
376           W    15                    0.003%            0.000%
312           W    15                    0.003%            0.000%
1008          W    15                    0.003%            0.000%
1000          W    15                    0.003%            0.000%
912           W    14                    0.002%            0.000%
848           W    14                    0.002%            0.000%
528           W    14                    0.002%            0.000%
328           W    14                    0.002%            0.000%
192           W    14                    0.002%            0.000%
936           W    13                    0.002%            0.000%
864           W    13                    0.002%            0.000%
800           W    13                    0.002%            0.000%
616           W    13                    0.002%            0.000%
600           W    13                    0.002%            0.000%
592           W    13                    0.002%            0.000%
58            W    13                    0.002%            0.000%
53            W    13                    0.002%            0.000%
52            W    13                    0.002%            0.000%
480           W    13                    0.002%            0.000%
248           W    13                    0.002%            0.000%
808           W    12                    0.002%            0.000%
792           W    12                    0.002%            0.000%
776           W    12                    0.002%            0.000%
656           W    12                    0.002%            0.000%
544           W    12                    0.002%            0.000%
520           W    12                    0.002%            0.000%
504           W    12                    0.002%            0.000%
296           W    12                    0.002%            0.000%
240           W    12                    0.002%            0.000%
176           W    12                    0.002%            0.000%
104           W    12                    0.002%            0.000%
856           W    11                    0.002%            0.000%
840           W    11                    0.002%            0.000%
824           W    11                    0.002%            0.000%
816           W    11                    0.002%            0.000%
512           W    11                    0.002%            0.000%
50            W    11                    0.002%            0.000%
472           W    11                    0.002%            0.000%
456           W    11                    0.002%            0.000%
368           W    11                    0.002%            0.000%
360           W    11                    0.002%            0.000%
352           W    11                    0.002%            0.000%
944           W    10                    0.002%            0.000%
832           W    10                    0.002%            0.000%
632           W    10                    0.002%            0.000%
624           W    10                    0.002%            0.000%
448           W    10                    0.002%            0.000%
280           W    10                    0.002%            0.000%
184           W    10                    0.002%            0.000%
760           W    9                     0.002%            0.000%
664           W    9                     0.002%            0.000%
640           W    9                     0.002%            0.000%
63            W    9                     0.002%            0.000%
584           W    9                     0.002%            0.000%
552           W    9                     0.002%            0.000%
1             R    9                     0.000%            0.000%
704           W    8                     0.001%            0.000%
688           W    8                     0.001%            0.000%
62            W    8                     0.001%            0.000%
488           W    8                     0.001%            0.000%
384           W    8                     0.001%            0.000%
336           W    8                     0.001%            0.000%
672           W    7                     0.001%            0.000%
61            W    6                     0.001%            0.000%
608           W    6                     0.001%            0.000%
576           W    6                     0.001%            0.000%
55            W    6                     0.001%            0.000%
54            W    6                     0.001%            0.000%
536           W    6                     0.001%            0.000%
208           W    6                     0.001%            0.000%
57            W    5                     0.001%            0.000%
464           W    5                     0.001%            0.000%
696           W    4                     0.001%            0.000%
680           W    4                     0.001%            0.000%
648           W    4                     0.001%            0.000%
60            W    3                     0.001%            0.000%
59            W    1                     0.000%            0.000%


SUMMARY (512-byte sectors)
----------------------------------------------------------------------
Total read I/Os : 4438037        [ 88.717%]
Total write I/Os: 564443         [ 11.283%]
Total read sectors : 211318401   [ 30.356%,  103182.813MB]
Total write sectors: 484815190   [ 69.644%,  236726.167MB]
