Extracting RWBS and sectors to /tmp/ycsb-rocksdb/data/output_myworkloada/sectors.dat
Parsing results...

SECTOR_SIZE   RW   COUNT         RATIO (in R/W)   RATIO (Overall)
----------------------------------------------------------------------
24            R    1234821              55.665%           50.629%
16            R    424862               19.152%           17.420%
8             R    174597                7.871%            7.159%
1024          W    160060               72.543%            6.563%
40            R    55719                 2.512%            2.285%
32            R    42015                 1.894%            1.723%
56            R    41390                 1.866%            1.697%
8             W    32207                14.597%            1.321%
72            R    31063                 1.400%            1.274%
256           R    25193                 1.136%            1.033%
1016          W    23800                10.787%            0.976%
88            R    23710                 1.069%            0.972%
104           R    19054                 0.859%            0.781%
48            R    14900                 0.672%            0.611%
120           R    14833                 0.669%            0.608%
64            R    14347                 0.647%            0.588%
136           R    11109                 0.501%            0.455%
80            R    9771                  0.440%            0.401%
152           R    8459                  0.381%            0.347%
96            R    8122                  0.366%            0.333%
112           R    7050                  0.318%            0.289%
128           R    6819                  0.307%            0.280%
168           R    6535                  0.295%            0.268%
184           R    5057                  0.228%            0.207%
144           R    4635                  0.209%            0.190%
160           R    4059                  0.183%            0.166%
200           R    3879                  0.175%            0.159%
216           R    3662                  0.165%            0.150%
192           R    3315                  0.149%            0.136%
176           R    3300                  0.149%            0.135%
232           R    2445                  0.110%            0.100%
208           R    2442                  0.110%            0.100%
240           R    2292                  0.103%            0.094%
224           R    2002                  0.090%            0.082%
248           R    1871                  0.084%            0.077%
512           R    533                   0.024%            0.022%
264           R    517                   0.023%            0.021%
280           R    460                   0.021%            0.019%
296           R    328                   0.015%            0.013%
272           R    308                   0.014%            0.013%
408           W    281                   0.127%            0.012%
312           R    273                   0.012%            0.011%
416           W    263                   0.119%            0.011%
288           R    259                   0.012%            0.011%
32            W    240                   0.109%            0.010%
304           R    226                   0.010%            0.009%
64            W    215                   0.097%            0.009%
328           R    193                   0.009%            0.008%
344           R    175                   0.008%            0.007%
320           R    174                   0.008%            0.007%
16            W    163                   0.074%            0.007%
3             W    155                   0.070%            0.006%
360           R    153                   0.007%            0.006%
336           R    152                   0.007%            0.006%
352           R    127                   0.006%            0.005%
384           R    122                   0.005%            0.005%
21            W    122                   0.055%            0.005%
400           W    115                   0.052%            0.005%
376           R    114                   0.005%            0.005%
368           R    112                   0.005%            0.005%
22            W    110                   0.050%            0.005%
24            W    103                   0.047%            0.004%
408           R    90                    0.004%            0.004%
23            W    87                    0.039%            0.004%
392           R    86                    0.004%            0.004%
1             W    81                    0.037%            0.003%
13            W    80                    0.036%            0.003%
96            W    76                    0.034%            0.003%
424           W    76                    0.034%            0.003%
392           W    75                    0.034%            0.003%
400           R    70                    0.003%            0.003%
20            W    70                    0.032%            0.003%
424           R    69                    0.003%            0.003%
896           W    62                    0.028%            0.003%
416           R    62                    0.003%            0.003%
27            W    61                    0.028%            0.003%
25            W    61                    0.028%            0.003%
120           W    61                    0.028%            0.003%
112           W    60                    0.027%            0.002%
456           R    59                    0.003%            0.002%
440           R    59                    0.003%            0.002%
744           W    58                    0.026%            0.002%
18            W    58                    0.026%            0.002%
26            W    57                    0.026%            0.002%
12            W    56                    0.025%            0.002%
128           W    56                    0.025%            0.002%
952           W    53                    0.024%            0.002%
920           W    53                    0.024%            0.002%
904           W    52                    0.024%            0.002%
888           W    52                    0.024%            0.002%
464           R    48                    0.002%            0.002%
34            W    48                    0.022%            0.002%
19            W    48                    0.022%            0.002%
2             W    46                    0.021%            0.002%
28            W    43                    0.019%            0.002%
448           R    41                    0.002%            0.002%
17            W    41                    0.019%            0.002%
472           R    40                    0.002%            0.002%
432           R    40                    0.002%            0.002%
29            W    39                    0.018%            0.002%
480           R    38                    0.002%            0.002%
728           W    34                    0.015%            0.001%
31            W    34                    0.015%            0.001%
11            W    33                    0.015%            0.001%
6             W    28                    0.013%            0.001%
33            W    28                    0.013%            0.001%
30            W    28                    0.013%            0.001%
14            W    28                    0.013%            0.001%
72            W    27                    0.012%            0.001%
720           W    27                    0.012%            0.001%
4             W    26                    0.012%            0.001%
40            W    26                    0.012%            0.001%
10            W    26                    0.012%            0.001%
48            W    24                    0.011%            0.001%
488           R    24                    0.001%            0.001%
736           W    23                    0.010%            0.001%
9             W    22                    0.010%            0.001%
15            W    22                    0.010%            0.001%
752           W    21                    0.010%            0.001%
712           W    21                    0.010%            0.001%
56            W    21                    0.010%            0.001%
136           W    21                    0.010%            0.001%
7             W    20                    0.009%            0.001%
504           R    19                    0.001%            0.001%
35            W    18                    0.008%            0.001%
80            W    17                    0.008%            0.001%
37            W    16                    0.007%            0.001%
496           R    15                    0.001%            0.001%
88            W    14                    0.006%            0.001%
5             W    13                    0.006%            0.001%
984           W    12                    0.005%            0.000%
784           W    12                    0.005%            0.000%
36            W    12                    0.005%            0.000%
968           W    10                    0.005%            0.000%
768           W    10                    0.005%            0.000%
50            W    10                    0.005%            0.000%
192           W    10                    0.005%            0.000%
144           W    10                    0.005%            0.000%
928           W    9                     0.004%            0.000%
912           W    9                     0.004%            0.000%
45            W    9                     0.004%            0.000%
42            W    9                     0.004%            0.000%
39            W    9                     0.004%            0.000%
264           W    9                     0.004%            0.000%
160           W    9                     0.004%            0.000%
552           W    8                     0.004%            0.000%
49            W    8                     0.004%            0.000%
46            W    8                     0.004%            0.000%
376           W    8                     0.004%            0.000%
272           W    8                     0.004%            0.000%
184           W    8                     0.004%            0.000%
880           W    7                     0.003%            0.000%
840           W    7                     0.003%            0.000%
816           W    7                     0.003%            0.000%
776           W    7                     0.003%            0.000%
696           W    7                     0.003%            0.000%
544           W    7                     0.003%            0.000%
528           W    7                     0.003%            0.000%
41            W    7                     0.003%            0.000%
352           W    7                     0.003%            0.000%
296           W    7                     0.003%            0.000%
256           W    7                     0.003%            0.000%
1008          W    7                     0.003%            0.000%
992           W    6                     0.003%            0.000%
824           W    6                     0.003%            0.000%
800           W    6                     0.003%            0.000%
656           W    6                     0.003%            0.000%
624           W    6                     0.003%            0.000%
592           W    6                     0.003%            0.000%
53            W    6                     0.003%            0.000%
536           W    6                     0.003%            0.000%
44            W    6                     0.003%            0.000%
448           W    6                     0.003%            0.000%
43            W    6                     0.003%            0.000%
38            W    6                     0.003%            0.000%
208           W    6                     0.003%            0.000%
1             R    6                     0.000%            0.000%
1000          W    6                     0.003%            0.000%
976           W    5                     0.002%            0.000%
960           W    5                     0.002%            0.000%
872           W    5                     0.002%            0.000%
808           W    5                     0.002%            0.000%
704           W    5                     0.002%            0.000%
632           W    5                     0.002%            0.000%
480           W    5                     0.002%            0.000%
344           W    5                     0.002%            0.000%
336           W    5                     0.002%            0.000%
232           W    5                     0.002%            0.000%
168           W    5                     0.002%            0.000%
944           W    4                     0.002%            0.000%
864           W    4                     0.002%            0.000%
760           W    4                     0.002%            0.000%
680           W    4                     0.002%            0.000%
672           W    4                     0.002%            0.000%
640           W    4                     0.002%            0.000%
616           W    4                     0.002%            0.000%
520           W    4                     0.002%            0.000%
496           W    4                     0.002%            0.000%
488           W    4                     0.002%            0.000%
47            W    4                     0.002%            0.000%
464           W    4                     0.002%            0.000%
456           W    4                     0.002%            0.000%
440           W    4                     0.002%            0.000%
432           W    4                     0.002%            0.000%
368           W    4                     0.002%            0.000%
328           W    4                     0.002%            0.000%
216           W    4                     0.002%            0.000%
200           W    4                     0.002%            0.000%
152           W    4                     0.002%            0.000%
104           W    4                     0.002%            0.000%
936           W    3                     0.001%            0.000%
792           W    3                     0.001%            0.000%
688           W    3                     0.001%            0.000%
664           W    3                     0.001%            0.000%
600           W    3                     0.001%            0.000%
57            W    3                     0.001%            0.000%
55            W    3                     0.001%            0.000%
504           W    3                     0.001%            0.000%
304           W    3                     0.001%            0.000%
280           W    3                     0.001%            0.000%
240           W    3                     0.001%            0.000%
856           W    2                     0.001%            0.000%
648           W    2                     0.001%            0.000%
61            W    2                     0.001%            0.000%
60            W    2                     0.001%            0.000%
58            W    2                     0.001%            0.000%
54            W    2                     0.001%            0.000%
51            W    2                     0.001%            0.000%
512           W    2                     0.001%            0.000%
472           W    2                     0.001%            0.000%
384           W    2                     0.001%            0.000%
360           W    2                     0.001%            0.000%
320           W    2                     0.001%            0.000%
312           W    2                     0.001%            0.000%
288           W    2                     0.001%            0.000%
248           W    2                     0.001%            0.000%
224           W    2                     0.001%            0.000%
176           W    2                     0.001%            0.000%
848           W    1                     0.000%            0.000%
832           W    1                     0.000%            0.000%
62            W    1                     0.000%            0.000%
608           W    1                     0.000%            0.000%
59            W    1                     0.000%            0.000%
584           W    1                     0.000%            0.000%
576           W    1                     0.000%            0.000%
568           W    1                     0.000%            0.000%
560           W    1                     0.000%            0.000%
52            W    1                     0.000%            0.000%


SUMMARY (512-byte sectors)
----------------------------------------------------------------------
Total read I/Os : 2218320        [ 90.953%]
Total write I/Os: 220643         [  9.047%]
Total read sectors : 76314814    [ 28.719%,   37263.093MB]
Total write sectors: 189417369   [ 71.281%,   92488.950MB]
