procs -----------------------memory---------------------- ---swap-- -----io---- -system-- --------cpu-------- -----timestamp-----
 r  b         swpd         free         buff        cache   si   so    bi    bo   in   cs  us  sy  id  wa  st                 PDT
 3  0        14432     19646156        39840     45568424    0    0   322   775    1    0   0   1  91   8   0 2018-10-25 20:51:39
 1  0        14432     19613792        39868     45569044    0    0   104   112 2064 3009   4   1  95   0   0 2018-10-25 20:51:42
 1  1        14432     19900932          720     45323516    0    0    71   514 1852 2951   1   2  96   1   0 2018-10-25 20:51:45
 0  2        14432     33359208         2916     31876632    0    0  1508     5 1898 2853   0   3  94   3   0 2018-10-25 20:51:48
 0  1        14432     33311544         5640     31906480    0    0 10165    60 2712 3674   2   1  93   4   0 2018-10-25 20:51:51
 2  1        14432     33093344         8288     31921416    0    0  5787    75 3794 16657   8   1  89   2   0 2018-10-25 20:51:54
 1  0        14432     32858884        11312     31933988    0    0  5101     7 19284 8996   8   1  89   3   0 2018-10-25 20:51:57
 1  2        14432     32800760        12352     31945692    0    0  4345    71 8484 8553  10   0  86   3   0 2018-10-25 20:52:00
 1  0        14432     32732088        12852     31952916    0    0  2452    67 19942 15909  14   1  83   3   0 2018-10-25 20:52:03
 0  0        14432     33256288        16052     31968232    0    0  3989  2957 11313 8531   8   1  88   3   0 2018-10-25 20:52:06
 0 26        14432     32551828        16200     32461264    0    0 122259 46172 13191 16495   2   1  67  30   0 2018-10-25 20:52:09
 9 19        14432     31625752        16224     33174752    0    0 159940 68519 39157 21055  11   2  34  53   0 2018-10-25 20:52:12
 4 20        14432     31183852        16252     33570928    0    0 85645 39330 33958 12377  10   1  22  66   0 2018-10-25 20:52:15
 1 23        14432     30220584        16260     34427384    0    0 186756 78020 24511 25293   3   3  30  64   0 2018-10-25 20:52:18
 1 23        14432     29544676        16284     35050800    0    0 135956 59210 17913 18702   2   2  30  66   0 2018-10-25 20:52:21
 5 20        14432     29461644        16292     35074960    0    0 144944 57249 19684 20787   3   3  28  66   0 2018-10-25 20:52:24
 2 24        14432     28994788        16304     35501372    0    0 91535 111134 11431 17601   2   2  39  57   0 2018-10-25 20:52:27
 1 31        14432     29393484        16316     35161780    0    0 27707 74054 3569 7002   1   1  38  61   0 2018-10-25 20:52:30
 1 31        14432     28825092        16324     35749084    0    0 92264 97639 6399 6866   1   1  42  56   0 2018-10-25 20:52:33
 2 30        14432     28296728        18020     36261252    0    0 80897 85780 6586 6622   1   1  35  62   0 2018-10-25 20:52:36
 1 31        14432     27749108        18028     36799648    0    0 83677 89631 7078 6173   1   1  40  58   0 2018-10-25 20:52:39
 1 31        14432     27129644        18048     37406324    0    0 94556 99847 6609 6531   2   1  42  55   0 2018-10-25 20:52:42
 5 27        14432     26706664        18056     37818172    0    0 52155 81843 4766 5299   1   1  45  53   0 2018-10-25 20:52:45
 1 30        14432     26136936        18064     38377320    0    0 78573 99094 6519 7020   2   1  49  48   0 2018-10-25 20:52:48
 1 30        14432     25777044        18076     38727716    0    0 48611 62566 4591 5195   1   1  45  53   0 2018-10-25 20:52:51
 6 25        14432     25328296        18080     39167320    0    0 61779 77589 4858 5680   1   1  48  50   0 2018-10-25 20:52:54
 2 29        14432     24860344        18088     39624160    0    0 62288 119712 5014 5609   1   1  46  52   0 2018-10-25 20:52:57
 2 27        14432     24443300        18104     40028932    0    0 67001 62463 6351 5998   1   1  48  50   0 2018-10-25 20:53:00
 1 26        14432     23997148        18104     40463696    0    0 60215 76642 5708 6504   1   1  47  51   0 2018-10-25 20:53:03
 2 25        14432     23445436        18120     40988792    0    0 88444 74553 7593 8614   2   1  49  48   0 2018-10-25 20:53:06
 1 25        14432     22986764        18120     41419476    0    0 72220 59491 5897 7735   1   1  50  48   0 2018-10-25 20:53:09
 1 25        14432     22576452        18128     41796740    0    0 41327 111327 5626 10994   2   1  47  50   0 2018-10-25 20:53:12
 1 26        14432     25592452        18136     38820632    0    0 91625 56360 15316 17639   4   3  29  63   0 2018-10-25 20:53:15
 8 19        14432     25005632        18136     39352808    0    0 54489 99556 13632 12108   3   2  29  66   0 2018-10-25 20:53:18
 1 24        14432     24441404        18144     39863448    0    0 41764 106984 7585 10255   3   2  35  61   0 2018-10-25 20:53:21
 1 25        14432     24287044        18144     40007744    0    0  4428 116656 2916 9107   1   1  41  57   0 2018-10-25 20:53:24
 1 24        14432     24912764        18152     39478484    0    0 21991 57347 14158 7846   2   2  38  58   0 2018-10-25 20:53:27
 1 23        14432     24356924        18152     39996356    0    0 42183 103017 8664 12959   4   3  36  58   0 2018-10-25 20:53:30
 2 21        14432     23814832        18160     40500788    0    0 50807 87845 8723 12315   4   2  49  45   0 2018-10-25 20:53:33
 1 24        14432     23617260        18168     40681232    0    0 10847 112691 3902 10328   1   1  48  50   0 2018-10-25 20:53:36
11 13        14432     25102956        18168     39231328    0    0 25525 62165 8208 6865   2   2  39  57   0 2018-10-25 20:53:39
 1 24        14432     24338580        18176     39921140    0    0 91711 147519 23298 25922   7   5  42  47   0 2018-10-25 20:53:42
 1 23        14432     24585708        18176     39738920    0    0 50172 22991 9724 11767   4   3  39  54   0 2018-10-25 20:53:46
 2 23        14432     24096288        18184     40192344    0    0 59572 118433 9657 19139   5   3  46  46   0 2018-10-25 20:53:49
 1 28        14432     23911132        18192     40476956    0    0  6823 145432 3094 4170   1   1  42  56   0 2018-10-25 20:53:52
 1 28        14432     23402520        18192     40976620    0    0  6761 153604 3212 3320   1   1  44  54   0 2018-10-25 20:53:55
 1 27        14432     23148792        18200     41224884    0    0  6859 72104 3040 3408   1   1  53  46   0 2018-10-25 20:53:58
 1 27        14432     22667068        18200     41685144    0    0 36573 102500 6452 6718   2   1  40  56   0 2018-10-25 20:54:01
 1 27        14432     22342088        18208     42006276    0    0  6233 94918 2524 3511   1   1  43  55   0 2018-10-25 20:54:04
 1 25        14432     21710788        18220     42580476    0    0 63417 100993 9753 11258   4   2  40  54   0 2018-10-25 20:54:07
 1 26        14432     21324992        18220     42920028    0    0 35264 120999 6657 11312   2   1  33  64   0 2018-10-25 20:54:10
 2 24        14432     21341348        18228     43034432    0    0  8809 91346 3187 3988   1   1  41  57   0 2018-10-25 20:54:13
 1 24        14432     20976368        18228     43373980    0    0 15036 85367 5756 7541   2   1  43  54   0 2018-10-25 20:54:16
10 15        14432     20411272        18236     43870432    0    0 63928 83497 11989 18664   6   4  34  56   0 2018-10-25 20:54:19
 2 22        14432     20311592        18236     44021780    0    0 17609 112007 4760 11180   3   2  47  48   0 2018-10-25 20:54:22
 1 25        14432     22613472        18244     41695348    0    0 14496 143862 13477 10282   3   2  41  54   0 2018-10-25 20:54:25
 1 25        14432     22312372        18512     41987620    0    0  2656 90591 2711 3359   1   1  42  56   0 2018-10-25 20:54:28
 3 24        14432     21973812        18512     42318332    0    0  2483 102689 2330 3363   1   1  52  46   0 2018-10-25 20:54:31
 1 23        14432     21691716        18520     42589896    0    0  3532 82243 2535 4110   1   1  55  43   0 2018-10-25 20:54:34
 1 25        14432     21782280        18524     42458416    0    0 27352 139272 8373 17116   4   2  45  49   0 2018-10-25 20:54:37
 1 24        14432     22621272        18532     41607440    0    0 75464 118061 21077 22875   9   6  38  47   0 2018-10-25 20:54:40
 1 24        14432     22385928        18540     41833344    0    0  3275 99675 3061 9081   1   1  50  49   0 2018-10-25 20:54:43
18  7        14432     22812076        18540     41548924    0    0  5172 87825 2860 6947   1   1  46  52   0 2018-10-25 20:54:46
 1 23        14432     22322148        18548     42025316    0    0  6760 139928 3907 7452   2   1  39  58   0 2018-10-25 20:54:49
 1 23        14432     21944584        18548     42392544    0    0  4641 109721 3686 5977   2   1  47  50   0 2018-10-25 20:54:52
 1 23        14432     22107448        18556     42213692    0    0  7724 78599 7799 7419   2   1  45  52   0 2018-10-25 20:54:55
 1 24        14432     21703096        18564     42560616    0    0 31631 80512 7191 12756   5   3  43  49   0 2018-10-25 20:54:58
 3  1        14432     22466124        18564     41841856    0    0 14535 82568 4576 13074   2   2  36  61   0 2018-10-25 20:55:01
 4 21        14432     21968852        18592     42231936    0    0 50188 89420 10796 22107   8   5  47  40   0 2018-10-25 20:55:04
 1 23        14432     21794108        18592     42391524    0    0  3547 44882 2210 6906   1   1  41  58   0 2018-10-25 20:55:07
 1 29        14432     22114368        18600     42181264    0    0  3000 124063 3970 3805   1   1  37  61   0 2018-10-25 20:55:10
 2 29        14432     21709436        18608     42577028    0    0  3352 121493 2572 3145   1   1  38  60   0 2018-10-25 20:55:13
 1 29        14432     21374000        18608     42904296    0    0  2193 103152 2234 2900   1   1  37  62   0 2018-10-25 20:55:16
 1 28        14432     21131648        18624     43141992    0    0  3233 73584 2579 3249   1   1  42  56   0 2018-10-25 20:55:19
 1 26        14432     20636792        18624     43615624    0    0 47487 77298 8604 10710   4   2  28  66   0 2018-10-25 20:55:22
 1 26        14432     20223064        18632     44027644    0    0  8172 119147 3207 4921   2   1  32  65   0 2018-10-25 20:55:25
 1 26        14432     19889492        18640     44347816    0    0 13416 141857 4272 12831   2   1  38  59   0 2018-10-25 20:55:28
 3 23        14432     19917768        18640     44312100    0    0  2912 46478 2022 3297   1   1  44  55   0 2018-10-25 20:55:31
16 10        14432     19561796        18648     44691204    0    0 33331 62835 8298 11944   5   3  42  51   0 2018-10-25 20:55:34
 1 24        14432     19020636        18648     45161596    0    0 29261 154045 9328 21417   5   3  37  55   0 2018-10-25 20:55:37
13 14        14432     21416472        18656     42812176    0    0 37399 76620 27797 17009   8   5  30  57   0 2018-10-25 20:55:40
 2 24        14432     20997288        18656     43222800    0    0  3053 126265 2762 3630   2   1  43  54   0 2018-10-25 20:55:43
 1 26        14432     20648112        18664     43564848    0    0  2165 132824 2400 3262   1   1  46  52   0 2018-10-25 20:55:46
 1 23        14432     20331412        18672     43873936    0    0  1624 135613 2837 7616   1   1  60  38   0 2018-10-25 20:55:49
 3 37        14432     20492652        18672     43807756    0    0 45068 72939 5469 5248   2   1  44  53   0 2018-10-25 20:55:52
 1 38        14432     19836188        18680     44441004    0    0 91335 104829 7877 6228   3   1  36  60   0 2018-10-25 20:55:55
 1 38        14432     19210668        18680     45049676    0    0 88771 101389 6477 6206   2   1  34  62   0 2018-10-25 20:55:58
 5 34        14432     18654840        18688     45581280    0    0 79268 87009 6152 5299   2   1  33  64   0 2018-10-25 20:56:01
 1 38        14432     18074720        18696     46136760    0    0 82291 85161 7457 5527   2   1  33  64   0 2018-10-25 20:56:04
 1 39        14432     17507548        18696     46671684    0    0 78253 108362 6050 5388   2   1  36  60   0 2018-10-25 20:56:07
 1 39        14432     17288560        18704     46888428    0    0 13328 100600 3135 7859   1   1  43  56   0 2018-10-25 20:56:10
 1 38        14432     17267268        18704     47028156    0    0 47605 58354 4865 4589   1   1  37  61   0 2018-10-25 20:56:13
 2 30        14432     16637544        18712     47638200    0    0 86192 101351 7531 6842   3   2  30  65   0 2018-10-25 20:56:16
 1 28        14432     16138444        18720     48115468    0    0 65197 69687 7068 7196   4   1  27  68   0 2018-10-25 20:56:19
 1 26        14432     15729912        18720     48467948    0    0 47681 113099 6784 9318   3   2  29  66   0 2018-10-25 20:56:22
 1 23        14432     15692688        18728     48529756    0    0 15316 60594 4363 8745   2   1  45  52   0 2018-10-25 20:56:25
 2 23        14432     19750356        18728     44366672    0    0 38888 109498 11109 21353   8   6  39  47   0 2018-10-25 20:56:28
 5 20        14432     19451696        18736     44649572    0    0  1979 87378 2381 5234   1   1  50  48   0 2018-10-25 20:56:31
 7 27        14432     19611216        18744     44624720    0    0  4099 123342 4619 7517   2   2  34  63   0 2018-10-25 20:56:34
 1 33        14432     19330704        18744     44896140    0    0  2273 83184 2097 3080   1   1  41  57   0 2018-10-25 20:56:37
 1 32        14432     18933232        18752     45285064    0    0  1755 120776 2383 3354   1   1  44  54   0 2018-10-25 20:56:40
 1 32        14432     18614368        18752     45597252    0    0  1835 97547 2517 3105   1   1  44  54   0 2018-10-25 20:56:43
 1 32        14432     18322884        18760     45882292    0    0  2208 86959 2421 3119   1   1  43  55   0 2018-10-25 20:56:46
 1 31        14432     17939800        18760     46250536    0    0  2380 114123 2355 3366   1   1  38  59   0 2018-10-25 20:56:49
 1 30        14432     17604964        18768     46573884    0    0  1637 100419 2502 3123   1   1  47  51   0 2018-10-25 20:56:52
 1 29        14432     17341220        18776     46832468    0    0  2140 82834 2729 3567   1   1  51  48   0 2018-10-25 20:56:55
 1 28        14432     17115028        18776     47049540    0    0  1656 64716 1972 3006   1   1  53  46   0 2018-10-25 20:56:58
 3 24        14432     16957196        18784     47200936    0    0  2340 77336 2173 3214   1   1  53  45   0 2018-10-25 20:57:01
17  7        14432     16757008        18784     47479372    0    0 27413 120452 8198 18881   6   4  32  59   0 2018-10-25 20:57:04
 3 23        14432     16208560        18792     47984764    0    0 24000 157899 8411 23656   8   4  32  57   0 2018-10-25 20:57:07
 2 22        14432     17594356        18800     46618148    0    0 15033 60608 8607 14274   5   3  35  57   0 2018-10-25 20:57:10
 1 26        14432     19074284        18800     45099216    0    0  7925 136040 16486 7545   4   3  37  57   0 2018-10-25 20:57:13
 2 24        14432     18758692        18808     45404908    0    0  2053 93813 2267 3852   1   1  49  49   0 2018-10-25 20:57:16
 2 25        14432     18535576        18808     45621676    0    0  1215 98821 2241 3039   1   1  56  42   0 2018-10-25 20:57:19
 3 21        14432     18339184        18816     45809408    0    0  1015 91407 2509 7598   1   1  58  41   0 2018-10-25 20:57:22
 1 26        14432     18619876        18824     45581292    0    0  6116 84422 3172 4816   2   1  44  53   0 2018-10-25 20:57:25
 2 26        14432     17840820        18824     46286948    0    0 84535 122537 12038 14525   7   4  24  65   0 2018-10-25 20:57:28
 1 26        14432     17625428        18832     46488940    0    0  5975 91655 2505 8774   1   1  44  54   0 2018-10-25 20:57:31
 2 22        14432     17459536        18832     46731748    0    0 49309 50750 8592 13886   7   4  27  62   0 2018-10-25 20:57:34
 1 23        14432     19258784        18840     44970240    0    0 10023 204328 6006 12659   4   3  45  48   0 2018-10-25 20:57:37
 1 23        14432     18817412        18848     45385332    0    0  4980 117022 4850 10184   3   2  34  62   0 2018-10-25 20:57:40
 2 22        14432     18821536        18848     45348992    0    0  6257 118042 4434 10326   3   2  31  64   0 2018-10-25 20:57:43
10 14        14432     18697748        18856     45436100    0    0  5897 130712 3779 11296   3   2  40  55   0 2018-10-25 20:57:46
 1 24        14432     18858816        18856     45250216    0    0  4741 107355 5264 6873   3   2  41  54   0 2018-10-25 20:57:49
 1 23        14432     18456868        18864     45630756    0    0  3131 146972 5652 11760   2   1  47  50   0 2018-10-25 20:57:52
 1 29        14432     18807336        18872     45414908    0    0  2123 116918 4954 3994   2   1  39  58   0 2018-10-25 20:57:55
 2 28        14432     18480236        18872     45728768    0    0  2057 94412 2319 3827   2   1  44  53   0 2018-10-25 20:57:58
 1 29        14432     18079104        18884     46115316    0    0  2151 117716 2288 3650   2   1  46  52   0 2018-10-25 20:58:01
 1 28        14432     17588764        18884     46594060    0    0  2764 146392 2635 3718   2   1  37  60   0 2018-10-25 20:58:04
 1 27        14432     17296748        18892     46878204    0    0  1748 86047 2138 3548   2   1  42  55   0 2018-10-25 20:58:07
 1 28        14432     17032052        18892     47143712    0    0   140 88292 1943 2774   1   1  45  54   0 2018-10-25 20:58:10
 2 26        14432     16673760        18900     47491440    0    0  2008 105045 2849 4573   2   1  40  58   0 2018-10-25 20:58:13
 1 25        14432     16386576        18908     47777632    0    0  1760 87150 2510 3498   1   1  48  50   0 2018-10-25 20:58:16
 2 23        14432     18786504        19820     45334816    0    0 10617 99765 12140 17289   3   2  46  48   0 2018-10-25 20:58:19
 0 24        14432     19059104        19828     45101396    0    0 44961 112829 22824 24359   9   5  40  45   0 2018-10-25 20:58:22
 0 10        14432     18855044        19828     45358688    0    0 11841 113304 4782 11873   3   2  46  48   0 2018-10-25 20:58:25
 0  4        14432     18558308        19836     45653460    0    0   469 94734 1998 2873   1   1  76  23   0 2018-10-25 20:58:28
 0  3        14432     18225616        19844     45987136    0    0   123 107481 1752 2667   1   1  88  11   0 2018-10-25 20:58:31
 1  0        14432     20289028        19860     44958680    0    0    12 29323 2131 4378   1   1  94   4   0 2018-10-25 20:58:34
 2  0        14432     20246056        20768     44966492    0    0  2589   303 2594 3732   3   1  94   1   0 2018-10-25 20:58:37
 3  0        14432     20264148        20812     44967012    0    0   135    91 2973 4239   4   2  93   0   0 2018-10-25 20:58:40
 3  0        14432     20257636        21444     44974088    0    0  2707     1 2420 3536   4   1  94   1   0 2018-10-25 20:58:43
 2  2        14432     20371944          712     44862304    0    0   140  1026 2325 3963   2   1  95   2   0 2018-10-25 20:58:46
 0  1        14432     33373272         1764     31875492    0    0   665    11 1789 2813   0   3  95   1   0 2018-10-25 20:58:49
 0  1        14432     33334968         5088     31891228    0    0  5727    63 2418 3113   2   1  93   4   0 2018-10-25 20:58:52
 7  0        14432     33134596         6444     31919412    0    0  9761     1 3283 14960   7   1  91   2   0 2018-10-25 20:58:55
 3  0        14432     32946352        11100     31930236    0    0  5135    73 12923 10355   7   1  90   3   0 2018-10-25 20:58:58
 0  1        14432     32807352        12280     31944340    0    0  5092    83 7883 8448  11   1  86   2   0 2018-10-25 20:59:01
 1  1        14432     32756328        12884     31952656    0    0  2689    69 34116 16584  15   1  82   1   0 2018-10-25 20:59:04
 1  0        14432     33236864        16184     31967316    0    0  3912  2546 8584 8417   7   0  90   3   0 2018-10-25 20:59:07
 0 28        14432     32500508        16204     32553660    0    0 136084 80777 7580 9813   2   1  70  27   0 2018-10-25 20:59:10
 0 28        14432     31883072        16216     33154372    0    0 118313 78339 6750 5905   1   1  50  48   0 2018-10-25 20:59:13
 0 29        14432     31283932        16364     33726844    0    0 113064 76035 6608 7006   1   1  46  52   0 2018-10-25 20:59:16
 1 28        14432     30664944        16384     34302292    0    0 105583 84317 6298 6322   2   1  42  55   0 2018-10-25 20:59:19
 2 24        14432     30033460        16400     34868016    0    0 102107 83516 12535 7729   5   1  41  53   0 2018-10-25 20:59:22
 2 22        14432     29160796        16416     35610948    0    0 135233 97935 18213 13541   9   2  34  55   0 2018-10-25 20:59:25
 1 22        14432     28997392        16436     35641672    0    0 114752 67920 18699 17682   3   2  33  61   0 2018-10-25 20:59:28
 4 20        14432     29581924        16444     34968160    0    0 130003 53864 59613 18445   3   3  38  56   0 2018-10-25 20:59:31
 0 24        14432     29136988        16444     35368692    0    0 81447 112163 22343 14421   2   2  39  57   0 2018-10-25 20:59:34
 3 20        14432     29267796        16452     35260860    0    0 48156 74288 7943 11271   1   1  52  45   0 2018-10-25 20:59:37
 5 18        14432     28587676        16452     35913384    0    0 129499 56256 13663 18813   4   2  38  56   0 2018-10-25 20:59:40
 1 22        14432     27872280        18276     36567188    0    0 127659 57472 14495 19058   4   3  34  59   0 2018-10-25 20:59:43
 1 23        14432     27510400        18280     36904912    0    0 42557 150910 7070 14241   2   1  41  56   0 2018-10-25 20:59:46
 2 21        14432     27497936        18300     36913984    0    0 140423 56230 17892 23250   5   4  36  55   0 2018-10-25 20:59:49
 1 24        14432     26932400        18312     37442904    0    0 99669 106617 12169 19954   4   3  38  55   0 2018-10-25 20:59:52
 5 18        14432     27097036        18320     37334948    0    0 68312 82943 10676 16528   4   3  33  61   0 2018-10-25 20:59:55
 0 24        14432     26402048        18332     37956772    0    0 116351 79037 16048 20740   6   4  23  68   0 2018-10-25 20:59:58
 1 29        14432     26352280        18340     38111700    0    0  8120 138100 3234 9097   1   1  29  69   0 2018-10-25 21:00:01
 0 30        14432     26032176        18348     38466988    0    0  6500 106755 2625 3104   1   1  35  63   0 2018-10-25 21:00:04
 0 29        14432     25774884        18356     38716916    0    0 20192 60633 3575 4033   1   1  46  52   0 2018-10-25 21:00:07
 0 29        14432     25017116        18364     39435200    0    0 98611 123319 12227 10358   3   2  40  56   0 2018-10-25 21:00:10
 0 29        14432     24504404        18380     39937312    0    0 67092 86914 7791 8085   2   1  44  53   0 2018-10-25 21:00:13
 0 28        14432     23989088        18380     40434148    0    0 69843 83105 6853 7941   2   1  45  52   0 2018-10-25 21:00:16
 0 28        14432     23348792        18388     41045900    0    0 84997 100429 9253 10711   3   1  46  50   0 2018-10-25 21:00:19
 0 28        14432     23067028        18388     41316424    0    0 38017 107721 5601 8476   1   1  37  61   0 2018-10-25 21:00:22
 0 26        14432     22924888        18396     41573464    0    0 44771 95001 7445 9115   2   1  44  53   0 2018-10-25 21:00:25
 4 21        14432     22383104        18404     42094444    0    0 62611 90306 8821 9046   3   2  40  56   0 2018-10-25 21:00:28
 0 25        14432     21719080        18404     42684084    0    0 89308 101386 13878 16386   5   3  34  58   0 2018-10-25 21:00:31
 3 22        14432     21634268        18412     42855612    0    0 35553 100533 7240 12650   3   2  39  57   0 2018-10-25 21:00:34
 1 15        14432     20930588        18412     43479044    0    0 92968 66766 14393 18638   7   4  27  62   0 2018-10-25 21:00:37
15  5        14432     20997592        18420     43484632    0    0 10645 112658 3768 11993   1   1  45  53   0 2018-10-25 21:00:40
 0 27        14432     23494552        18428     40948964    0    0 26237 95390 5591 7270   2   2  37  58   0 2018-10-25 21:00:43
 0 28        14432     23208860        18428     41231892    0    0  6391 84692 2257 2971   1   1  56  43   0 2018-10-25 21:00:46
 0 28        14432     22876680        18436     41560196    0    0  8096 95725 2449 3386   1   1  60  38   0 2018-10-25 21:00:49
 0 30        14432     22429936        18436     41999988    0    0 12712 130229 2904 3849   1   1  45  53   0 2018-10-25 21:00:52
 2 25        14432     22730144        18444     41687464    0    0 18407 70835 2897 3867   1   1  50  49   0 2018-10-25 21:00:55
 0 26        14432     22119628        18452     42267376    0    0 93316 78508 8324 8790   3   2  41  54   0 2018-10-25 21:00:58
 0 24        14432     21656052        18452     42699128    0    0 68752 85496 7688 10126   3   2  33  63   0 2018-10-25 21:01:01
 0 23        14432     21703620        18460     42748740    0    0 18513 86945 4266 9009   2   1  35  62   0 2018-10-25 21:01:04
 0 24        14432     23158520        18460     41207156    0    0 71660 84385 21703 17697   7   4  23  66   0 2018-10-25 21:01:07
 0 23        14432     23385524        18468     41067024    0    0 15549 110304 4698 10170   2   1  38  58   0 2018-10-25 21:01:10
 0 23        14432     22734128        18468     41630824    0    0 54956 87652 11377 16461   6   4  29  61   0 2018-10-25 21:01:13
 1 24        14432     22822052        18476     41517460    0    0 13259 90011 4663 8196   2   1  45  52   0 2018-10-25 21:01:16
15  8        14432     22976856        18484     41370636    0    0 40405 64271 9144 15075   5   3  39  53   0 2018-10-25 21:01:19
 1 33        14432     22634632        18484     41764840    0    0 43631 174288 11240 20570   6   4  33  58   0 2018-10-25 21:01:22
 0 33        14432     22392736        18492     42063020    0    0  3323 91160 2206 3089   1   1  40  59   0 2018-10-25 21:01:25
10 24        14432     22191332        18492     42260024    0    0  3404 60488 2042 2934   1   0  42  57   0 2018-10-25 21:01:28
 0 33        14432     21888688        18500     42556164    0    0  3332 91535 2211 2955   1   1  43  55   0 2018-10-25 21:01:31
 0 33        14432     21519076        18508     42920620    0    0  4653 112259 2710 3243   1   1  39  59   0 2018-10-25 21:01:34
 0 33        14432     21202344        18508     43226872    0    0  4137 94452 2596 3283   1   1  43  55   0 2018-10-25 21:01:37
 0 33        14432     20906048        18516     43517328    0    0  2995 90526 2334 3108   1   1  44  55   0 2018-10-25 21:01:40
 0 32        14432     20613540        18516     43807164    0    0  3087 91814 2131 2927   1   1  43  56   0 2018-10-25 21:01:43
 1 32        14432     20210880        18524     44203240    0    0  4683 120187 2713 3424   1   1  42  56   0 2018-10-25 21:01:46
 3 24        14432     19859444        18532     44536644    0    0 20104 80535 4806 6291   2   1  47  50   0 2018-10-25 21:01:49
 4 23        14432     19235640        18532     45099592    0    0 61013 92241 10736 14729   5   3  28  65   0 2018-10-25 21:01:52
 0 28        14432     18992320        18540     45324696    0    0  9475 121047 3671 8915   1   1  50  48   0 2018-10-25 21:01:55
 2 26        14432     18930748        19108     45468504    0    0 36097 54038 7831 10866   4   2  33  61   0 2018-10-25 21:01:58
 2 25        14432     18396120        19116     45931384    0    0 52947 93207 10469 14955   5   3  31  60   0 2018-10-25 21:02:01
 2 26        14432     18209752        19116     46108268    0    0  4328 80107 2836 9349   1   1  53  46   0 2018-10-25 21:02:04
 3 24        14432     17968244        19124     46397020    0    0 26461 109726 7488 12795   4   2  38  56   0 2018-10-25 21:02:07
 2 24        14432     17480724        19132     46783160    0    0 40725 81029 9229 14058   6   3  31  60   0 2018-10-25 21:02:10
 2 22        14432     17274008        19132     47061096    0    0 40612 101372 9428 24332   8   5  42  45   0 2018-10-25 21:02:13
 3 30        14432     20904772        19140     43413528    0    0  8728 141653 3621 3753   1   2  36  61   0 2018-10-25 21:02:16
 2 29        14432     20449392        19140     43858768    0    0  9483 132494 4467 3702   1   1  44  53   0 2018-10-25 21:02:19
 2 30        14432     20096776        19148     44203116    0    0  6423 102968 2591 3598   1   1  41  57   0 2018-10-25 21:02:22
 2 27        14432     20235056        19156     44047272    0    0 12827 61082 3232 4587   1   1  48  50   0 2018-10-25 21:02:25
 3 28        14432     20010192        19160     44264348    0    0  9969 120720 3168 8442   1   1  52  46   0 2018-10-25 21:02:28
 5 23        14432     19770044        19168     44591412    0    0 75625 73544 8207 8721   4   2  34  60   0 2018-10-25 21:02:31
 2 26        14432     19094856        19168     45230224    0    0 91365 87500 8749 9331   5   2  30  63   0 2018-10-25 21:02:34
 1 24        14432     18854884        19176     45441468    0    0 17347 107259 3917 10915   2   1  43  55   0 2018-10-25 21:02:37
 0 24        14432     20673900        19176     43569192    0    0 53219 92547 13509 23760   9   6  39  47   0 2018-10-25 21:02:40
 0 24        14432     20376976        19184     43859276    0    0  2564 118086 2673 8871   1   1  48  50   0 2018-10-25 21:02:43
 0 23        14432     20564608        19192     43720444    0    0  6125 87766 5049 9310   2   1  36  61   0 2018-10-25 21:02:46
 7 17        14432     20094004        19192     44133216    0    0 32907 85555 10058 16342   8   5  32  56   0 2018-10-25 21:02:49
 1 31        14432     20470436        19200     43811756    0    0  6124 176528 4096 13958   2   2  38  58   0 2018-10-25 21:02:52
 1 31        14432     20171176        19200     44109772    0    0  2037 97323 2280 3205   1   1  42  56   0 2018-10-25 21:02:55
 0 32        14432     19814996        19208     44461448    0    0  2403 102869 2378 3714   1   1  38  59   0 2018-10-25 21:02:58
 1 31        14432     19596824        19216     44676700    0    0  1596 68107 1895 3071   1   1  40  58   0 2018-10-25 21:03:01
 9 23        14432     19142268        19216     45123600    0    0  3907 137734 3045 3690   2   1  41  57   0 2018-10-25 21:03:04
 0 31        14432     18829000        19224     45433452    0    0  2441 96093 2467 3196   1   1  45  53   0 2018-10-25 21:03:07
 1 32        14432     18498688        19224     45756932    0    0  1781 101158 2375 3115   1   1  47  52   0 2018-10-25 21:03:10
 1 30        14432     18207472        19232     46042124    0    0  2768 87516 2684 3583   1   1  38  60   0 2018-10-25 21:03:13
 0 30        14432     17997628        19240     46247488    0    0  2640 62939 2295 3188   1   1  36  63   0 2018-10-25 21:03:16
 0 26        14432     17535020        19240     46678536    0    0 26983 86864 8315 14138   4   3  37  56   0 2018-10-25 21:03:19
 0 27        14432     17328288        19248     46871504    0    0  4461 114379 2889 8862   1   1  44  55   0 2018-10-25 21:03:22
 0 25        14432     17302464        19248     46923080    0    0 13972 52899 4715 10552   3   2  33  62   0 2018-10-25 21:03:25
 0 24        14432     16910872        19256     47268948    0    0 29920 101729 8068 21046   6   4  36  53   0 2018-10-25 21:03:28
 0 23        14432     16742676        19256     47432120    0    0  2855 47010 2303 6335   1   1  46  52   0 2018-10-25 21:03:31
 0 26        14432     19881132        19264     44348000    0    0 33415 111484 10608 23031   9   6  33  52   0 2018-10-25 21:03:34
 0 27        14432     19536108        19272     44686396    0    0  1544 138802 2721 5172   1   1  45  54   0 2018-10-25 21:03:37
 0 27        14432     19181188        19272     45034036    0    0  2132 106666 2286 3212   1   1  46  52   0 2018-10-25 21:03:40
 3 27        14432     19417376        19280     44822564    0    0  2461 96767 2370 3499   1   1  44  54   0 2018-10-25 21:03:43
 0 26        14432     19102336        19280     45169624    0    0  9619 96412 3266 4243   1   1  41  56   0 2018-10-25 21:03:46
 0 27        14432     18392208        19288     45795040    0    0 81241 113024 9943 13090   6   4  30  61   0 2018-10-25 21:03:49
 0 26        14432     18376524        19296     45803152    0    0  8839 85574 2838 8368   1   1  46  53   0 2018-10-25 21:03:52
15  5        14432     17942128        19296     46355428    0    0 69779 60658 10689 17807   8   5  24  63   0 2018-10-25 21:03:55
 0 24        14432     17687320        19304     46570504    0    0  8592 113771 3218 10620   2   1  51  46   0 2018-10-25 21:03:58
 1 23        14432     19614348        19304     44672848    0    0 11841 88567 6466 19689   5   3  36  56   0 2018-10-25 21:04:01
 2  3        14432     19310356        19312     44926120    0    0  6280 85395 20164 9746   3   2  32  63   0 2018-10-25 21:04:04
 0 23        14432     19276552        19312     44953512    0    0  3925 87712 2790 5169   2   1  37  60   0 2018-10-25 21:04:07
 9  0        14432     19261272        19320     44947456    0    0  4168 90305 3016 10222   2   1  44  53   0 2018-10-25 21:04:10
 0 22        14432     18931980        19328     45250908    0    0  3116 120090 3102 7812   2   1  41  56   0 2018-10-25 21:04:13
 1 30        14432     19227492        19328     45066272    0    0  2649 127300 3526 4334   2   1  38  59   0 2018-10-25 21:04:16
 1 25        14432     18876552        19336     45406392    0    0  2028 107780 5793 3504   2   1  40  58   0 2018-10-25 21:04:19
 1 29        14432     18512972        19336     45758744    0    0  1841 104420 2183 3192   1   1  42  56   0 2018-10-25 21:04:22
 1 28        14432     18209576        19344     46053640    0    0  1416 94445 2216 3370   1   1  43  55   0 2018-10-25 21:04:25
 1 28        14432     17962024        19352     46290720    0    0  1365 69944 1892 3200   1   1  51  47   0 2018-10-25 21:04:28
 1 27        14432     17484144        19352     46752196    0    0  2204 142472 2577 4196   2   1  42  55   0 2018-10-25 21:04:31
 1 27        14432     17261292        19360     46967420    0    0  1369 67180 1854 2926   1   1  44  55   0 2018-10-25 21:04:34
 0 28        14432     16841356        19364     47376408    0    0  2121 125157 2519 3478   2   1  50  47   0 2018-10-25 21:04:37
 0 26        14432     16635428        19372     47579320    0    0   480 98369 2190 2842   1   1  47  52   0 2018-10-25 21:04:40
 7 17        14432     16324868        19380     47849460    0    0 10191 92621 4711 12799   3   2  39  55   0 2018-10-25 21:04:43
 0 27        14432     19083136        19380     45118804    0    0 26063 85860 13057 18595   9   6  37  48   0 2018-10-25 21:04:46
 1 27        14432     18892776        19388     45308384    0    0   687 92303 2061 4788   1   0  55  44   0 2018-10-25 21:04:49
 0 27        14432     18620712        19388     45572528    0    0  1605 78432 2129 5590   1   1  46  52   0 2018-10-25 21:04:52
 1 26        14432     18218236        19396     45965736    0    0  2232 122019 2401 3428   1   1  41  57   0 2018-10-25 21:04:55
 0 22        14432     18650156        19396     45639396    0    0  2835 102476 2619 4104   1   1  40  58   0 2018-10-25 21:04:58
 0 22        14432     18251432        19404     46027612    0    0  4295 109839 2946 7918   2   1  34  62   0 2018-10-25 21:05:01
 0  3        14432     19024468        19428     45216928    0    0  5545 92428 4342 7241   2   2  73  23   0 2018-10-25 21:05:04
 1  1        14432     20667520        19432     44555524    0    0    91 69560 2455 5475   1   1  95   4   0 2018-10-25 21:05:07
 1  0        14432     20653216        20872     44562432    0    0  2767   285 2372 3241   3   1  95   1   0 2018-10-25 21:05:10
 1  0        14432     20667792        20924     44563212    0    0   159   288 3035 4375   4   2  94   0   0 2018-10-25 21:05:13
 2  0        14432     20650016        21204     44566172    0    0  1112     3 2807 3866   4   2  94   0   0 2018-10-25 21:05:16
 1  0        14432     20642328        21532     44571508    0    0  1708   277 2155 3234   2   1  94   2   0 2018-10-25 21:05:19
 1  0        14432     27733972          716     37500320    0    0    96   364 1891 2920   1   3  95   1   0 2018-10-25 21:05:22
 1  2        14432     33344984         2556     31885396    0    0  4044   108 1905 2736   1   1  94   4   0 2018-10-25 21:05:25
 0  2        14432     33313444         5000     31897636    0    0  4259   101 2288 3358   1   1  93   5   0 2018-10-25 21:05:28
 2  1        14432     33171920         5916     31919700    0    0  7623   708 2312 9378   4   0  92   4   0 2018-10-25 21:05:31
 3  1        14432     32989556        10904     31927676    0    0  4305     0 12251 14339  11   1  86   3   0 2018-10-25 21:05:34
 9  0        14432     32803472        11704     31938992    0    0  3917   218 17192 8781  10   1  86   3   0 2018-10-25 21:05:37
 1  1        14432     32714272        12412     31952080    0    0  4464     9 36240 15165  19   1  79   1   0 2018-10-25 21:05:40
19  0        14432     32652204        13280     31957464    0    0  1985   295 7886 9076  10   1  88   2   0 2018-10-25 21:05:43
 0  0        14432     32768728        15740     32294272    0    0 74127 35493 4803 9451   3   1  93   3   0 2018-10-25 21:05:46
 3 22        14432     32081984        17388     32788956    0    0 142317 61621 16071 18249   4   2  47  48   0 2018-10-25 21:05:49
 1 22        14432     31287988        17408     33435780    0    0 143105 62115 74413 18768  14   2  25  59   0 2018-10-25 21:05:52
 0 23        14432     30754604        17420     33885920    0    0 95833 43857 12969 13686   2   2  28  68   0 2018-10-25 21:05:55
 0 23        14432     30104728        17440     34489028    0    0 130737 54897 15545 18079   3   2  31  64   0 2018-10-25 21:05:58
 6 17        14432     29241852        17480     35276784    0    0 169891 67550 20287 24130   4   3  31  63   0 2018-10-25 21:06:01
 0 24        14432     29182248        17500     35270248    0    0 118816 118699 19103 22407   3   2  32  63   0 2018-10-25 21:06:04
 1 22        14432     29477956        17512     35039288    0    0 77344 87756 15858 17045   2   2  38  57   0 2018-10-25 21:06:07
 0 23        14432     28738324        17520     35716772    0    0 140480 55468 19937 22603   4   3  28  65   0 2018-10-25 21:06:10
 0 24        14432     27994000        17528     36385732    0    0 136276 75714 17134 22369   5   3  28  65   0 2018-10-25 21:06:13
 0 28        14432     28031040        17540     36373912    0    0  9097 105782 3305 9833   1   1  37  62   0 2018-10-25 21:06:16
 0 27        14432     27579852        17548     36865552    0    0 49679 105386 6193 6173   2   1  32  65   0 2018-10-25 21:06:19
 0 27        14432     27038804        17556     37394636    0    0 47957 119579 5991 6832   2   1  42  55   0 2018-10-25 21:06:22
 3  9        14432     26488316        17564     37926028    0    0 84524 81021 7678 9161   2   1  43  53   0 2018-10-25 21:06:25
 2 23        14432     25790580        17580     38591564    0    0 99015 106897 9443 10871   2   1  39  57   0 2018-10-25 21:06:28
 0 25        14432     25189796        17584     39144008    0    0 92403 71940 9831 11817   3   2  39  57   0 2018-10-25 21:06:31
 0 26        14432     24513612        17592     39793816    0    0 109120 117921 10952 12957   3   2  41  53   0 2018-10-25 21:06:34
 0 25        14432     24517856        17600     39783716    0    0  9623 94316 3421 8484   1   1  41  58   0 2018-10-25 21:06:37
 1 22        14432     24057476        17612     40313448    0    0 83560 66366 11469 15151   4   3  39  55   0 2018-10-25 21:06:40
 0 27        14432     25605056        17624     38699820    0    0 76217 95076 27416 17572   5   3  30  62   0 2018-10-25 21:06:43
10 16        14432     26041048        17632     38316472    0    0 20387 115319 10169 12493   2   1  41  55   0 2018-10-25 21:06:46
 0 26        14432     25586936        17640     38759092    0    0 32075 96586 7524 9438   3   2  32  63   0 2018-10-25 21:06:49
 0 26        14432     25362304        17648     38982656    0    0  9273 59651 3436 4640   1   1  36  62   0 2018-10-25 21:06:52
 0 23        14432     24705408        17648     39573356    0    0 61839 104112 11796 15518   5   3  26  66   0 2018-10-25 21:06:55
 0 24        14432     24402460        17940     39853404    0    0 21879 124438 4985 10895   2   1  46  51   0 2018-10-25 21:06:58
 0 23        14432     25026456        17940     39302544    0    0 140537 60393 27228 26633   8   6  31  55   0 2018-10-25 21:07:01
 0 24        14432     24815184        17956     39504784    0    0  9107 120452 3663 9851   1   1  54  45   0 2018-10-25 21:07:04
 0 24        14432     24284748        17956     39969324    0    0 112227 79829 17856 24311   9   6  28  58   0 2018-10-25 21:07:07
 2 29        14432     24519896        17964     39839588    0    0  7999 136742 3467 10403   1   1  47  51   0 2018-10-25 21:07:10
 0 30        14432     24188276        17972     40165744    0    0  4444 101815 2498 3582   1   1  39  60   0 2018-10-25 21:07:13
 0 31        14432     23705472        17972     40641816    0    0  6065 144229 2867 3413   1   1  42  56   0 2018-10-25 21:07:16
 0 31        14432     23507956        17980     40835468    0    0  2991 62516 1929 2752   1   0  43  56   0 2018-10-25 21:07:19
 2 28        14432     23297720        17980     41036836    0    0 22983 37953 4489 5074   1   1  45  53   0 2018-10-25 21:07:22
 0 29        14432     22653728        17988     41656084    0    0 74357 110586 11169 9995   3   2  23  72   0 2018-10-25 21:07:25
 2 26        14432     22119976        17996     42152724    0    0 63368 82702 8178 8406   3   2  33  63   0 2018-10-25 21:07:28
 0 30        14432     21653584        17996     42591344    0    0 51197 104367 7478 8137   3   1  31  65   0 2018-10-25 21:07:31
 0 30        14432     21457064        18004     42782064    0    0  6825 88946 2958 8706   0   0  43  56   0 2018-10-25 21:07:34
 7 21        14432     21314172        18004     43023628    0    0 54399 75013 7751 8411   3   1  33  63   0 2018-10-25 21:07:37
 3 23        14432     20781296        18012     43533568    0    0 62072 75888 9970 12573   4   3  25  68   0 2018-10-25 21:07:40
 0 27        14432     20458324        18020     43816308    0    0 35228 105216 6599 10142   2   1  25  71   0 2018-10-25 21:07:43
 0 26        14432     20280616        18020     43984080    0    0  4011 47800 2413 5766   1   0  37  62   0 2018-10-25 21:07:46
 0 24        14432     19978148        18028     44378264    0    0 55457 109810 11721 13813   5   3  30  62   0 2018-10-25 21:07:49
 0 24        14432     19561484        18028     44742992    0    0 48440 71100 9237 15905   5   3  44  48   0 2018-10-25 21:07:52
 0 24        14432     19456528        18036     44870412    0    0 25411 96543 6769 12054   3   2  42  53   0 2018-10-25 21:07:55
 0 26        14432     18750736        18036     45504568    0    0 91779 81318 10471 12926   6   3  33  58   0 2018-10-25 21:07:58
 0 26        14432     18450796        18044     45776088    0    0 39373 100602 5165 10476   2   1  47  50   0 2018-10-25 21:08:01
 0 27        14432     18295456        18052     46007040    0    0  9861 125765 2695 3614   1   1  45  53   0 2018-10-25 21:08:04
 0 29        14432     18013240        18052     46302700    0    0  4849 91100 2124 2956   1   1  42  57   0 2018-10-25 21:08:07
 0 24        14432     20489332        18060     43762040    0    0 95327 84454 13518 13092   5   4  32  59   0 2018-10-25 21:08:10
 0 24        14432     21522676        18060     42680284    0    0 24315 183656 25245 11847   4   2  42  52   0 2018-10-25 21:08:13
 0 27        14432     21238664        18068     42950932    0    0  2169 82384 2312 6043   1   1  42  57   0 2018-10-25 21:08:16
 0 27        14432     20942564        18076     43239712    0    0  2317 88204 2085 3165   1   1  47  52   0 2018-10-25 21:08:19
 1 24        14432     21177296        18076     43148424    0    0  2617 117443 2403 3699   1   1  47  50   0 2018-10-25 21:08:22
 0 24        14432     20881196        18084     43435432    0    0  2279 88110 2248 3621   1   1  50  48   0 2018-10-25 21:08:25
 0 23        14432     20565836        18084     43744988    0    0  6032 87673 2921 4878   2   1  39  58   0 2018-10-25 21:08:28
 0 23        14432     21658052        18092     42637996    0    0 14725 99912 4907 10489   3   2  34  60   0 2018-10-25 21:08:31
 0 24        14432     21622472        18100     42620484    0    0 19147 120332 9698 14716   4   2  34  60   0 2018-10-25 21:08:34
 0 23        14432     21741544        18100     42500400    0    0 48745 111364 23459 26248   8   5  32  55   0 2018-10-25 21:08:37
 1 22        14432     21556808        18108     42734560    0    0 26067 153518 8659 22510   4   3  42  51   0 2018-10-25 21:08:40
 0 23        14432     21246280        18108     43042692    0    0  4300 89925 3209 4791   2   1  36  61   0 2018-10-25 21:08:43
 0 23        14432     21148908        18116     43134004    0    0  4907 87672 3457 6347   2   1  38  59   0 2018-10-25 21:08:46
 0 23        14432     21112592        18124     43136516    0    0  9399 110040 3788 8034   3   2  37  58   0 2018-10-25 21:08:49
 1 23        14432     20622768        18124     43583168    0    0 14508 144597 4902 12424   4   2  41  53   0 2018-10-25 21:08:52
 0 31        14432     21195164        18132     43077920    0    0  5435 105495 4128 9664   2   1  47  50   0 2018-10-25 21:08:55
 0 31        14432     20857408        18132     43450572    0    0  2251 116593 2345 3239   1   1  38  60   0 2018-10-25 21:08:58
 0 31        14432     20561020        18140     43739124    0    0  2455 88892 2317 3317   1   1  45  53   0 2018-10-25 21:09:01
 0 30        14432     20212640        18140     44084476    0    0  2611 108009 2426 3305   1   1  44  54   0 2018-10-25 21:09:04
 0 31        14432     19920732        18148     44374584    0    0  2363 87774 2369 3360   1   1  41  57   0 2018-10-25 21:09:07
 0 31        14432     19630048        18160     44662560    0    0  2055 93194 2204 3037   1   1  46  53   0 2018-10-25 21:09:10
 0 31        14432     19330040        18160     44959604    0    0  2136 91484 2178 3078   1   1  47  52   0 2018-10-25 21:09:13
 0 29        14432     18955564        18168     45328440    0    0  2057 119494 2507 3336   1   1  46  52   0 2018-10-25 21:09:16
 1 26        14432     18695428        18168     45583532    0    0  2748 76130 2431 3779   1   1  42  56   0 2018-10-25 21:09:19
 0 25        14432     18223248        18176     45966164    0    0 35952 87867 8699 13275   5   3  34  59   0 2018-10-25 21:09:22
 0 23        14432     18208196        18184     45998488    0    0  8035 88368 3757 10177   2   1  43  54   0 2018-10-25 21:09:25
10 13        14432     17797928        18184     46359932    0    0 17009 79016 6003 10454   4   2  32  62   0 2018-10-25 21:09:28
 1 27        14432     20899436        18192     43201976    0    0 23752 113546 7977 18339   6   4  33  58   0 2018-10-25 21:09:31
 3 23        14432     20625184        18192     43464328    0    0  2543 117736 2733 3315   1   1  45  53   0 2018-10-25 21:09:34
 0 25        14432     20743288        18200     43496192    0    0  2593 117187 2761 3829   1   1  47  51   0 2018-10-25 21:09:37
 3 19        14432     20403556        18208     43824744    0    0  3039 99605 3021 4400   1   1  47  51   0 2018-10-25 21:09:40
 0 23        14432     20037756        18208     44171064    0    0  6201 96469 3773 7356   2   1  42  54   0 2018-10-25 21:09:43
 0 23        14432     19631488        18216     44558396    0    0  6213 109684 3125 8439   2   1  39  58   0 2018-10-25 21:09:46
 0 24        14432     20375924        18216     43745404    0    0 17361 115650 8221 20307   4   3  44  50   0 2018-10-25 21:09:49
 0 23        14432     20701688        18224     43419836    0    0 31845 95724 16119 20658   7   5  36  52   0 2018-10-25 21:09:52
 1 23        14432     20411148        18232     43679200    0    0 12601 118812 4703 17584   3   2  52  43   0 2018-10-25 21:09:55
 8 15        14432     20750124        18232     43355604    0    0 18973 29128 12942 11569   4   3  42  52   0 2018-10-25 21:09:58
 0 24        14432     20472824        18240     43577564    0    0 21621 79865 6375 15491   5   3  44  47   0 2018-10-25 21:10:01
 0 29        14432     20336232        18240     43857356    0    0  3875 140295 3129 8742   2   1  40  57   0 2018-10-25 21:10:04
 0 27        14432     20035012        18248     44153016    0    0  1923 92018 2240 3203   1   1  38  60   0 2018-10-25 21:10:07
 1 29        14432     19722984        18248     44458876    0    0  1872 94445 2189 3109   1   1  41  58   0 2018-10-25 21:10:10
 0 28        14432     19496824        18256     44682832    0    0  1555 68732 1882 2898   1   1  41  58   0 2018-10-25 21:10:13
 0 28        14432     19141744        18264     45032792    0    0  2157 109899 2305 3210   1   1  38  59   0 2018-10-25 21:10:16
 5 24        14432     18678584        18264     45489684    0    0  2016 144107 2535 3296   1   1  38  60   0 2018-10-25 21:10:19
 0 26        14432     18374024        18272     45789764    0    0  2373 92719 2402 3779   1   1  38  60   0 2018-10-25 21:10:22
 2 23        14432     18049456        18272     46107244    0    0  2420 96599 2455 3391   1   1  44  54   0 2018-10-25 21:10:25
 0 25        14432     17774684        18280     46373812    0    0  2157 80944 2097 3271   1   1  40  58   0 2018-10-25 21:10:28
 0 23        14432     17507656        18288     46629620    0    0  2709 109246 2281 3438   1   1  51  47   0 2018-10-25 21:10:31
 1 23        14432     17056600        18288     47036648    0    0 16901 120579 7637 12551   4   3  37  56   0 2018-10-25 21:10:34
 9 16        14432     20173888        18296     43925092    0    0 35235 82552 15678 25092   8   6  38  48   0 2018-10-25 21:10:37
19  4        14432     20270228        18296     43875956    0    0 42124 69496 11194 19071   7   4  33  55   0 2018-10-25 21:10:40
 0 24        14432     19936428        18304     44166788    0    0 19969 117641 4532 12833   3   2  40  55   0 2018-10-25 21:10:43
 0 39        14432     19885480        18304     44328668    0    0 12289 92855 3177 4190   1   1  35  63   0 2018-10-25 21:10:46
 0 39        14432     19532184        18312     44677416    0    0 11139 101265 2618 3179   1   1  47  51   0 2018-10-25 21:10:49
 1 39        14432     19151660        18320     45053120    0    0 10496 108298 2708 3429   1   1  46  52   0 2018-10-25 21:10:52
 0 38        14432     18748468        18320     45451064    0    0 13183 114266 3095 3756   1   1  41  57   0 2018-10-25 21:10:55
 0 36        14432     18317328        18328     45869976    0    0 45916 83400 5014 5327   2   1  36  61   0 2018-10-25 21:10:58
 0 36        14432     17731800        18328     46433020    0    0 76712 89449 6495 6091   3   1  26  70   0 2018-10-25 21:11:01
 4 35        14432     17182876        18336     46957220    0    0 73393 87106 6051 5860   3   1  27  69   0 2018-10-25 21:11:04
 0 37        14432     16929492        18344     47199160    0    0 33640 105061 3815 6386   1   1  32  67   0 2018-10-25 21:11:07
 0 36        14432     16698004        18344     47491720    0    0 49917 104177 5676 7243   2   1  31  66   0 2018-10-25 21:11:10
 0 36        14432     16073572        18352     48077360    0    0 78532 93603 6660 6498   3   2  37  58   0 2018-10-25 21:11:13
 1 36        14432     15587924        18352     48544472    0    0 61399 79340 6365 6072   3   1  31  65   0 2018-10-25 21:11:16
 0 32        14432     15145092        18360     48966932    0    0 53996 68318 6861 6068   3   1  40  56   0 2018-10-25 21:11:19
 0 32        14432     14976816        18360     49122284    0    0 19804 89811 3262 6424   1   1  50  48   0 2018-10-25 21:11:22
 0 30        14432     14765436        18368     49325704    0    0  8015 53634 2433 5708   1   1  55  44   0 2018-10-25 21:11:25
 0 28        14432     14377020        18376     49730456    0    0 72173 91905 9349 11977   5   3  26  65   0 2018-10-25 21:11:28
 1 26        14432     14083808        18376     49986436    0    0 27901 96976 5447 9662   3   2  37  58   0 2018-10-25 21:11:31
 2 12        14432     15148104        18384     48986496    0    0 20536 61369 13779 15316   6   4  31  59   0 2018-10-25 21:11:34
 2  0        14432     19925400        19516     45295120    0    0  2213 50113 3880 5895   2   2  94   3   0 2018-10-25 21:11:37
 2  0        14432     19915868        20452     45301688    0    0  2233   197 2844 3962   4   2  94   1   0 2018-10-25 21:11:40
 1  0        14432     19907020        20492     45302372    0    0    21   588 2930 4212   4   2  94   0   0 2018-10-25 21:11:43
 1  2        14432     19911124        21136     45309592    0    0  2723    85 2639 3617   4   2  94   1   0 2018-10-25 21:11:46
 1  1        14432     19902796        21160     45310316    0    0   140   368 1982 3148   2   1  96   2   0 2018-10-25 21:11:49
 0  1        14432     33371440         1208     31874872    0    0   264   189 1768 2804   0   4  95   1   0 2018-10-25 21:11:52
 0  2        14432     33358384         4552     31887072    0    0  4681   164 1896 2569   1   0  91   8   0 2018-10-25 21:11:55
 0  3        14432     33291256         7612     31906104    0    0  7317   113 2552 4287   1   1  93   5   0 2018-10-25 21:11:58
 0  2        14432     33286020         7932     31910256    0    0  1555   109 1507 3461   0   0  90  10   0 2018-10-25 21:12:01
 4  0        14432     33117996         8924     31921816    0    0  3820   419 3446 14899   7   0  90   2   0 2018-10-25 21:12:04
 7  0        14432     32967572        12840     31932144    0    0  4673   207 6531 8814   9   0  88   3   0 2018-10-25 21:12:07
 0  3        14432     32774364        13852     31945048    0    0  4660   303 14623 9266  13   1  84   2   0 2018-10-25 21:12:10
10  0        14432     32721144        14076     31953300    0    0  2427   107 15682 13990  13   1  84   3   0 2018-10-25 21:12:13
19  0        14432     32650168        15204     31958636    0    0  2224   707 8631 9189   8   0  90   2   0 2018-10-25 21:12:16
 1  0        14432     32793916        17660     32276940    0    0 71488 32016 6157 9738   5   1  91   3   0 2018-10-25 21:12:19
 1 25        14432     32428056        17668     32599768    0    0 85083 66229 6046 6888   1   1  66  32   0 2018-10-25 21:12:22
 0 26        14432     31862072        17684     33137380    0    0 97300 78045 7127 6613   1   1  43  56   0 2018-10-25 21:12:25
 0 27        14432     31313604        17712     33646656    0    0 90741 78947 6974 6770   1   1  43  55   0 2018-10-25 21:12:28
 2 25        14432     30686552        17732     34205080    0    0 99205 82592 10209 7778   5   1  38  56   0 2018-10-25 21:12:31
 1 25        14432     29802672        17740     34976932    0    0 131171 115931 23245 10236   9   2  47  43   0 2018-10-25 21:12:34
 0 24        14432     29174800        17740     35508188    0    0 88231 77745 12246 9212   3   2  49  46   0 2018-10-25 21:12:37
 0 23        14432     28423620        17756     36169072    0    0 131649 61582 13381 17552   3   2  47  48   0 2018-10-25 21:12:40
 0 23        14432     27999980        17764     36558440    0    0 75975 37374 8155 10956   2   1  48  49   0 2018-10-25 21:12:43
 1 22        14432     27336700        17784     37150840    0    0 107992 143138 11770 23263   3   2  33  62   0 2018-10-25 21:12:46
 0 23        14432     29290852        17792     35198512    0    0 62838 58673 8303 10592   2   2  28  68   0 2018-10-25 21:12:49
 0 23        14432     28781276        17792     35675588    0    0 91487 44883 11346 13842   3   2  30  66   0 2018-10-25 21:12:52
 0 24        14432     27929168        17812     36453372    0    0 137565 119847 21109 21034   5   3  32  60   0 2018-10-25 21:12:55
 6 18        14432     27728832        17816     36647144    0    0  8072 86612 3165 9686   1   1  42  57   0 2018-10-25 21:12:58
 1 22        14432     27775148        17832     36683900    0    0 119215 54896 14480 19712   4   3  34  58   0 2018-10-25 21:13:01
 1 23        14432     27091764        17840     37287200    0    0 102127 130883 17809 22261   4   3  31  61   0 2018-10-25 21:13:04
 2 21        14432     27150920        17844     37256636    0    0 95820 61504 14167 17681   5   3  26  66   0 2018-10-25 21:13:07
 0 24        14432     26611108        17860     37727868    0    0 88847 99516 13145 19216   5   3  25  67   0 2018-10-25 21:13:10
 0 36        14432     26544944        17864     37894140    0    0  7195 105437 2633 6064   1   1  28  71   0 2018-10-25 21:13:13
 0 35        14432     26313584        17880     38121656    0    0  5736 68016 2278 3042   1   0  34  65   0 2018-10-25 21:13:16
 0 36        14432     25907740        17888     38543408    0    0 10452 126063 3723 3333   1   1  40  58   0 2018-10-25 21:13:19
 0 34        14432     25571000        17888     38872252    0    0 46717 61043 5480 4922   1   1  36  62   0 2018-10-25 21:13:22
 0 34        14432     25168472        17896     39263760    0    0 53473 71724 5818 5373   1   1  32  66   0 2018-10-25 21:13:25
 0 33        14432     24635160        17896     39779240    0    0 70163 93623 7072 6127   1   1  33  65   0 2018-10-25 21:13:28
 0 34        14432     24123204        17904     40286876    0    0 67977 91663 6766 5908   1   1  33  64   0 2018-10-25 21:13:31
 0 34        14432     23524720        17912     40883804    0    0 80459 109368 7400 7184   2   1  40  57   0 2018-10-25 21:13:34
 0 34        14432     23086088        17912     41316868    0    0 59117 79725 6174 5599   1   1  39  59   0 2018-10-25 21:13:37
 0 34        14432     22599288        17920     41790300    0    0 59781 88290 6032 5740   2   1  45  53   0 2018-10-25 21:13:40
 0 34        14432     22141220        17920     42234668    0    0 58109 113542 6201 5869   2   1  44  53   0 2018-10-25 21:13:43
 0 35        14432     21861956        17928     42501804    0    0 34639 51632 4955 4995   1   1  47  51   0 2018-10-25 21:13:46
 0 33        14432     21251504        17936     43089980    0    0 69589 113587 7806 6712   2   1  41  56   0 2018-10-25 21:13:49
 0 32        14432     20847416        17936     43473040    0    0 51344 69012 5265 5578   1   1  43  55   0 2018-10-25 21:13:52
 0 33        14432     20574332        17944     43737400    0    0 17391 99726 3042 5620   1   0  39  60   0 2018-10-25 21:13:55
 0 28        14432     20394736        17944     43964640    0    0 56273 74784 6718 6710   2   1  31  66   0 2018-10-25 21:13:58
 1 25        14432     20037236        17952     44307640    0    0 39599 59445 5770 7136   2   1  38  59   0 2018-10-25 21:14:01
 0 23        14432     19559908        17952     44730124    0    0 62607 41426 11309 16812   5   3  42  51   0 2018-10-25 21:14:04
 0 25        14432     23814132        17960     40461812    0    0 10069 129206 3578 8879   2   2  42  54   0 2018-10-25 21:14:07
 0 26        14432     23466048        17968     40806468    0    0  2329 107282 2096 3154   1   1  51  48   0 2018-10-25 21:14:10
 0 25        14432     23949132        17968     40459176    0    0  2612 81081 2661 3258   1   1  49  50   0 2018-10-25 21:14:13
 0 23        14432     23700684        17976     40743664    0    0  2480 87485 2211 3452   1   1  55  44   0 2018-10-25 21:14:16
 0 22        14432     23350468        17976     41082360    0    0  7149 98633 5180 6684   2   1  48  50   0 2018-10-25 21:14:19
 1 22        14432     22843140        17984     41569592    0    0  7000 145032 4211 4981   2   1  43  54   0 2018-10-25 21:14:22
 0 23        14432     23568944        17992     40809556    0    0 16651 100272 6646 21024   3   2  36  60   0 2018-10-25 21:14:25
 0 23        14432     23263376        17992     41106984    0    0  4600 87778 2673 3944   1   1  36  62   0 2018-10-25 21:14:28
 0 24        14432     23688340        18000     40629960    0    0 32311 106027 8266 13096   3   2  40  55   0 2018-10-25 21:14:31
 0 23        14432     24152304        18000     40232900    0    0 24831 85263 21511 12257   3   2  40  55   0 2018-10-25 21:14:34
 0 23        14432     23849212        18012     40529136    0    0  9305 80237 7713 6025   2   1  43  54   0 2018-10-25 21:14:37
 2 22        14432     23308276        18020     40988932    0    0 48573 96550 11775 13324   5   3  36  55   0 2018-10-25 21:14:40
 0 24        14432     23093480        18020     41198628    0    0  1919 95840 2232 8124   1   1  53  46   0 2018-10-25 21:14:43
 2 24        14432     23279224        18028     41113816    0    0 47388 106318 29760 15384   6   4  35  56   0 2018-10-25 21:14:46
 1 26        14432     22960428        18028     41421160    0    0  2432 94921 2485 3569   1   1  48  50   0 2018-10-25 21:14:49
 0 25        14432     22660772        18036     41714600    0    0  2196 90922 2123 3117   1   1  51  48   0 2018-10-25 21:14:52
 0 27        14432     22321360        18040     42045976    0    0  2847 103906 2339 3577   1   1  52  47   0 2018-10-25 21:14:55
 3 24        14432     22476232        18044     41855300    0    0 21573 69631 5245 7670   2   1  50  47   0 2018-10-25 21:14:58
 2 25        14432     22302496        18056     42020540    0    0  3964 78307 2590 8598   1   0  58  41   0 2018-10-25 21:15:01
 5  9        14432     23053176        18060     41221848    0    0 65765 76729 36298 28220   8   5  30  57   0 2018-10-25 21:15:04
 9 17        14432     23141872        18068     41158196    0    0 27044 122185 8655 17167   3   2  50  45   0 2018-10-25 21:15:07
 1 23        14432     22629412        18068     41633032    0    0 27801 101288 8292 13446   4   3  34  59   0 2018-10-25 21:15:10
 2 24        14432     22242256        18076     41984444    0    0 16519 105146 5080 8790   3   2  39  57   0 2018-10-25 21:15:13
 2 22        14432     22497176        18084     41792940    0    0  5528 89370 2876 8674   1   1  57  41   0 2018-10-25 21:15:16
 2 23        14432     22256524        18084     42055000    0    0  6081 109573 7252 5723   2   1  36  61   0 2018-10-25 21:15:19
 1 24        14432     22092484        18100     42112232    0    0 51356 113311 28764 19101   8   5  33  53   0 2018-10-25 21:15:22
 3 22        14432     21961260        18100     42240348    0    0  2815 69312 3938 10786   1   1  53  45   0 2018-10-25 21:15:25
 2 27        14432     22419472        18108     41922440    0    0  3083 114517 2736 4924   1   1  42  55   0 2018-10-25 21:15:28
 1 28        14432     22065320        18116     42272916    0    0  2505 109149 2597 3098   1   1  39  59   0 2018-10-25 21:15:31
 4 25        14432     21619340        18116     42718088    0    0  3341 139345 2610 3440   1   1  35  63   0 2018-10-25 21:15:34
 1 28        14432     21357948        18124     42975956    0    0  1935 79057 1934 3331   1   1  37  61   0 2018-10-25 21:15:37
 2 25        14432     21026628        18124     43298364    0    0  3977 100616 2472 3308   1   1  51  47   0 2018-10-25 21:15:40
 8 18        14432     20479692        18132     43752284    0    0 47687 66959 8830 15181   4   3  36  58   0 2018-10-25 21:15:43
 1 25        14432     20145176        18140     44050184    0    0 19148 127184 5842 11826   2   2  39  57   0 2018-10-25 21:15:46
 1 24        14432     19929008        18140     44352768    0    0 44061 82284 10042 13483   6   4  31  59   0 2018-10-25 21:15:49
22  2        14432     19751308        18148     44580904    0    0 34204 131175 8747 18362   6   4  35  56   0 2018-10-25 21:15:52
 1 26        14432     21599668        18148     42704840    0    0 20413 114884 10638 11044   4   3  35  58   0 2018-10-25 21:15:55
 1 26        14432     21236156        18156     43062772    0    0  2560 110249 2250 3327   1   1  49  50   0 2018-10-25 21:15:58
 1 25        14432     20963896        18164     43333792    0    0  2348 83098 2085 3210   1   1  47  52   0 2018-10-25 21:16:01
 1 23        14432     20659480        18164     43635528    0    0  3111 91460 2288 4629   1   1  51  47   0 2018-10-25 21:16:04
 1 23        14432     20646012        18172     43629892    0    0  7447 87675 5722 8228   2   1  45  52   0 2018-10-25 21:16:07
 3 22        14432     20482440        18172     43786708    0    0  3101 108515 2695 7854   1   1  58  40   0 2018-10-25 21:16:10
16  8        14432     22078068        18180     42276632    0    0 24400 84776 17513 19174   5   3  42  50   0 2018-10-25 21:16:13
 1 24        14432     21550760        18180     42751100    0    0 29153 153577 7852 18082   5   3  39  53   0 2018-10-25 21:16:16
 9  7        14432     21542680        18188     42843664    0    0  4947 83358 3503 6651   2   1  42  56   0 2018-10-25 21:16:19
 2 23        14432     21050676        18196     43318352    0    0  6751 138110 4303 8147   2   2  39  57   0 2018-10-25 21:16:22
 1 23        14432     20988248        18196     43365008    0    0  6195 105814 3351 5854   2   1  36  61   0 2018-10-25 21:16:25
 2 22        14432     21340004        18204     43000348    0    0  6588 84462 10125 6636   2   1  40  57   0 2018-10-25 21:16:28
 2 22        14432     21312420        18204     42998260    0    0  8265 96277 3656 7573   2   2  37  59   0 2018-10-25 21:16:31
 1 24        14432     21437000        18212     42847488    0    0  5749 108505 2996 6723   2   1  41  56   0 2018-10-25 21:16:34
 1 23        14432     21355416        18220     42923476    0    0  1160 53692 2274 7325   1   0  56  43   0 2018-10-25 21:16:37
 1 23        14432     21520960        18220     42784124    0    0  4084 131704 2701 6389   2   1  50  48   0 2018-10-25 21:16:40
 1 26        14432     21180984        18228     43107652    0    0  3049 97517 3135 5044   1   1  41  57   0 2018-10-25 21:16:43
 1 26        14432     20801720        18228     43484696    0    0  2181 116837 2298 3385   1   1  40  58   0 2018-10-25 21:16:46
 1 25        14432     20513712        18236     43770144    0    0  2052 87573 2268 3698   1   1  42  56   0 2018-10-25 21:16:49
 1 24        14432     20553280        18244     43719028    0    0  8351 116574 3969 14611   2   2  44  52   0 2018-10-25 21:16:52
 1 23        14432     21276480        18244     42979076    0    0  8971 83952 4973 8661   2   1  39  57   0 2018-10-25 21:16:55
 2 22        14432     20885636        18252     43357584    0    0  5693 109862 3201 8170   2   1  45  52   0 2018-10-25 21:16:58
 2 22        14432     20609688        18252     43629016    0    0  4791 107606 2800 8082   1   1  40  58   0 2018-10-25 21:17:01
 1 24        14432     20729792        18264     43500856    0    0  1453 104503 2000 4394   1   1  57  42   0 2018-10-25 21:17:04
 1 23        14432     21432100        18272     42846732    0    0  5497 131426 4811 6714   2   1  49  47   0 2018-10-25 21:17:07
 1 23        14432     21070500        18272     43188616    0    0  5148 98132 2941 6443   2   1  46  51   0 2018-10-25 21:17:10
 1 23        14432     20598788        18280     43641588    0    0  5895 131694 3199 8018   2   1  46  51   0 2018-10-25 21:17:13
 1 23        14432     20661876        18280     43553512    0    0  8788 105526 5830 9805   3   2  43  53   0 2018-10-25 21:17:16
 1 23        14432     20335240        18288     43864296    0    0  4929 87754 3166 6154   2   1  42  56   0 2018-10-25 21:17:19
 1 25        14432     19999928        18292     44174736    0    0  4961 87925 3051 5871   2   1  42  55   0 2018-10-25 21:17:22
 4 23        14432     19826836        18300     44339508    0    0  3847 108166 2762 8225   1   1  50  48   0 2018-10-25 21:17:25
 2 22        14432     20660208        18308     43600448    0    0  4875 108010 4872 6846   2   1  49  48   0 2018-10-25 21:17:28
 2 23        14432     21154828        18308     43047020    0    0 26315 64844 15285 13392   5   3  33  60   0 2018-10-25 21:17:31
 1 24        14432     20794464        18316     43383176    0    0 26552 121283 6852 17502   4   2  44  50   0 2018-10-25 21:17:34
 1 26        14432     20835568        18316     43402836    0    0 37609 106720 13371 12488   6   4  35  55   0 2018-10-25 21:17:37
 1 23        14432     20437944        18324     43800640    0    0  2748 123292 2516 4015   1   1  49  48   0 2018-10-25 21:17:40
 1 23        14432     20286828        18332     43948204    0    0  3517 103330 3547 13329   2   1  50  47   0 2018-10-25 21:17:43
 1 24        14432     20123288        18332     44099924    0    0  7224 91920 3307 9988   2   1  48  49   0 2018-10-25 21:17:46
 1 23        14432     20915360        18340     43312796    0    0 25775 61428 13060 16873   5   3  38  53   0 2018-10-25 21:17:49
 1 24        14432     20553540        18340     43625800    0    0 17804 120264 6164 16572   4   2  46  48   0 2018-10-25 21:17:52
 1 23        14432     20275644        18348     43932564    0    0 31508 84047 9260 17999   8   5  30  58   0 2018-10-25 21:17:55
 1 24        14432     20004396        18356     44177156    0    0  5277 120152 3068 10982   2   1  41  55   0 2018-10-25 21:17:58
 1 24        14432     20075624        18356     44092672    0    0  1421 85582 2021 5008   1   1  44  54   0 2018-10-25 21:18:01
14  6        14432     20431432        18364     43763692    0    0 17420 56646 12393 14286   5   3  33  59   0 2018-10-25 21:18:04
 1 27        14432     19769832        18364     44350152    0    0 17368 166390 6786 11226   5   3  32  59   0 2018-10-25 21:18:07
 1 26        14432     19628740        18372     44489820    0    0   724 53860 1868 2745   1   0  44  55   0 2018-10-25 21:18:10
 1 26        14432     19440772        18380     44676820    0    0   592 90789 1822 4945   1   0  62  37   0 2018-10-25 21:18:13
 1 26        14432     19065380        18380     45043684    0    0  1809 112671 2193 6734   1   1  38  60   0 2018-10-25 21:18:16
 1 39        14432     19400780        18388     44891372    0    0 41108 77848 5835 6004   2   2  31  65   0 2018-10-25 21:18:19
16 32        14432     18685392        18388     45585284    0    0 93049 115376 7841 6988   3   2  28  67   0 2018-10-25 21:18:22
 1 39        14432     18095992        18396     46135212    0    0 74496 94255 6600 6349   3   1  25  70   0 2018-10-25 21:18:25
 1 38        14432     17568192        18404     46628188    0    0 66571 82582 6150 6174   3   1  20  76   0 2018-10-25 21:18:28
 1 39        14432     17313292        18404     46879316    0    0 14776 128565 3341 8610   1   1  49  50   0 2018-10-25 21:18:31
 1 38        14432     17068236        18412     47206308    0    0 70501 86595 7158 6284   3   2  31  65   0 2018-10-25 21:18:34
 1 38        14432     16633688        18412     47600608    0    0 52141 63912 5409 5287   2   1  31  66   0 2018-10-25 21:18:37
 2 38        14432     16120176        18420     48081068    0    0 65296 80050 5969 5803   3   1  31  65   0 2018-10-25 21:18:40
 1 33        14432     15641432        18428     48542772    0    0 60947 74898 6111 5955   3   1  32  64   0 2018-10-25 21:18:43
 1 33        14432     15351472        18428     48824184    0    0 24044 127580 3822 8840   1   1  46  51   0 2018-10-25 21:18:46
 1 31        14432     15357456        18436     48940728    0    0 35944 58161 5343 5478   3   1  37  59   0 2018-10-25 21:18:49
 1 28        14432     14783848        18436     49468636    0    0 64288 80790 8492 8731   4   3  25  67   0 2018-10-25 21:18:52
 1  5        14432     14370136        18444     49845400    0    0 43512 63134 6463 7777   3   2  54  41   0 2018-10-25 21:18:55
 1  1        14432     20172220        18444     45028324    0    0  3528 69799 2268 6287   0   1  94   4   0 2018-10-25 21:18:58
 2  0        14432     20212888        20616     45025156    0    0  3016   536 2422 3417   2   1  95   2   0 2018-10-25 21:19:01
 2  2        14432     20178656        20680     45026416    0    0   159   516 2778 4007   4   2  94   1   0 2018-10-25 21:19:04
 3  0        14432     20197828        20688     45026712    0    0     1     3 2856 4532   4   2  94   0   0 2018-10-25 21:19:07
 2  0        14432     20173412        21328     45034928    0    0  2829   206 2528 3514   3   2  94   1   0 2018-10-25 21:19:10
 1  1        14432     20309404          660     44920376    0    0    32   481 1936 2923   1   2  96   1   0 2018-10-25 21:19:13
 1  2        14432     33367520         1664     31882092    0    0  2379    11 1871 2755   0   2  95   3   0 2018-10-25 21:19:16
 2  0        14432     33297480         4232     31911576    0    0 10544    63 2666 4546   2   1  94   4   0 2018-10-25 21:19:19
 8  1        14432     33054124         7120     31922084    0    0  4335    75 3622 16093  10   1  87   2   0 2018-10-25 21:19:22
 4  0        14432     32867596        10124     31934376    0    0  5107     7 9883 8947   6   0  91   3   0 2018-10-25 21:19:25
 3  0        14432     32797824        10896     31937028    0    0  1316   683 7869 4770   5   0  91   4   0 2018-10-25 21:19:28
 4  1        14432     32720136        11556     31950592    0    0  4429    16 17047 16040  17   1  81   1   0 2018-10-25 21:19:31
 2  1        14432     32651508        12832     31957032    0    0  2364   173 13761 9943  11   1  87   2   0 2018-10-25 21:19:34
 1  0        14432     32656288        15140     32375628    0    0 89507 46857 5169 9094   3   1  93   3   0 2018-10-25 21:19:37
 4 24        14432     32272844        15156     32719968    0    0 100405 74554 6010 7250   1   1  58  39   0 2018-10-25 21:19:40
 0 27        14432     31705344        15180     33266012    0    0 100972 80680 6211 6011   1   1  46  52   0 2018-10-25 21:19:43
 0 25        14432     31184044        15192     33755240    0    0 87612 73507 6215 6183   1   1  41  57   0 2018-10-25 21:19:46
 1 25        14432     30440596        15208     34416588    0    0 113120 100884 10133 8093   4   1  43  52   0 2018-10-25 21:19:49
 6 19        14432     29765820        15208     34994084    0    0 97595 86824 16648 9054   6   1  37  56   0 2018-10-25 21:19:52
 4 19        14432     29254080        15216     35391988    0    0 98317 74691 19480 11245   2   2  43  53   0 2018-10-25 21:19:55
 0 25        14432     28528560        15232     36054156    0    0 130813 61598 17713 17444   3   2  45  50   0 2018-10-25 21:19:58
 0 25        14432     29201288        15276     35282548    0    0 152904 132637 19604 24364   4   3  50  43   0 2018-10-25 21:20:01
 0 23        14432     29639592        15944     34914884    0    0 20105 63634 4271 8198   1   1  55  43   0 2018-10-25 21:20:04
 5 18        14432     28792184        15944     35702332    0    0 158357 64451 20462 23034   5   3  43  49   0 2018-10-25 21:20:07
 1 24        14432     28015856        15956     36402092    0    0 140497 119047 27434 23349   5   3  43  49   0 2018-10-25 21:20:10
 0 22        14432     28081552        15968     36387924    0    0 12184 69872 3767 7559   1   1  55  44   0 2018-10-25 21:20:13
 0 23        14432     27429012        15972     37020628    0    0 122667 50704 14358 20135   5   3  35  57   0 2018-10-25 21:20:16
 0 24        14432     26763384        15984     37617908    0    0 116113 110035 14551 22927   5   3  27  65   0 2018-10-25 21:20:19
 0 23        14432     27325644        15992     37183892    0    0 19359 67989 5122 8365   1   1  43  55   0 2018-10-25 21:20:22
 0 23        14432     26612012        16000     37831240    0    0 120820 49035 17075 21924   7   4  37  53   0 2018-10-25 21:20:25
 0  1        14432     26145376        16012     38218168    0    0 72100 103503 11749 21275   4   2  33  60   0 2018-10-25 21:20:28
 0 33        14432     26226816        16020     38169680    0    0  8796 165147 3311 3654   1   1  34  63   0 2018-10-25 21:20:31
 1 32        14432     26050008        16032     38393840    0    0  5357 69371 2238 2821   0   0  41  58   0 2018-10-25 21:20:34
 0 32        14432     25615292        16032     38818240    0    0 33275 102443 5528 4896   1   1  41  57   0 2018-10-25 21:20:37
 3 29        14432     24991332        16040     39349236    0    0 72924 94479 7667 6860   2   1  40  57   0 2018-10-25 21:20:40
 0 31        14432     24536240        16056     39776688    0    0 56117 78779 5581 5827   1   1  49  49   0 2018-10-25 21:20:43
 0 31        14432     24187568        16056     40112044    0    0 45752 61905 4664 5805   1   1  52  46   0 2018-10-25 21:20:46
 1 30        14432     23707144        16064     40572924    0    0 63173 79310 6100 6469   2   1  50  47   0 2018-10-25 21:20:49
 0 30        14432     23115716        16064     41149372    0    0 80101 99750 7623 7506   2   1  52  45   0 2018-10-25 21:20:52
 0 29        14432     22630072        16072     41602764    0    0 61449 77594 6240 7102   2   1  47  50   0 2018-10-25 21:20:55
 0 28        14432     22078708        16072     42109672    0    0 66733 87864 7716 8523   2   2  32  64   0 2018-10-25 21:20:58
 0 27        14432     21735456        16080     42436408    0    0 34328 100941 5562 6235   2   1  38  59   0 2018-10-25 21:21:01
 1 27        14432     21489928        16088     42673404    0    0 11247 99551 3299 6101   1   1  46  52   0 2018-10-25 21:21:04
 0 26        14432     21401416        16088     42894416    0    0 58583 73558 6815 8426   2   1  41  56   0 2018-10-25 21:21:07
 4 23        14432     20910852        16096     43334316    0    0 61005 64717 8552 9773   3   2  35  60   0 2018-10-25 21:21:10
 0 24        14432     20443120        16096     43741256    0    0 60151 107855 10914 16407   4   3  35  58   0 2018-10-25 21:21:13
 0 22        14432     20311236        16104     43967536    0    0 47201 68324 10059 14072   4   3  37  56   0 2018-10-25 21:21:16
 0 26        14432     23253936        16112     40947152    0    0 37167 125183 14754 14657   5   4  46  44   0 2018-10-25 21:21:19
 0 26        14432     22940116        16112     41257316    0    0  2080 96954 5310 3137   1   1  51  47   0 2018-10-25 21:21:22
 0 24        14432     22756140        16120     41438516    0    0  1433 89782 3014 2916   1   0  55  44   0 2018-10-25 21:21:25
 0 26        14432     22545804        16120     41646784    0    0  1139 96229 2449 5096   1   0  55  44   0 2018-10-25 21:21:28
 2 25        14432     22314468        16128     41873072    0    0  1656 71269 2768 5760   1   0  54  45   0 2018-10-25 21:21:31
 0 28        14432     22749372        16136     41542028    0    0 39600 60858 3991 5035   1   1  53  45   0 2018-10-25 21:21:34
 0 27        14432     22112932        16136     42159240    0    0 98593 89590 6488 7270   2   1  45  51   0 2018-10-25 21:21:37
 1 27        14432     21534648        16144     42719352    0    0 89899 81164 6139 6697   2   1  43  54   0 2018-10-25 21:21:40
10 16        14432     20820972        16144     43359404    0    0 101028 83979 8980 10763   4   2  34  60   0 2018-10-25 21:21:43
 0 23        14432     20881736        16152     43345164    0    0  7520 114104 3043 8076   1   1  27  72   0 2018-10-25 21:21:46
 0 24        14432     22549192        16152     41614904    0    0 73463 138927 13706 26684   9   6  34  51   0 2018-10-25 21:21:49
 0 23        14432     22393512        16160     41725132    0    0 61192 80120 20327 21788   8   5  34  53   0 2018-10-25 21:21:52
 1 23        14432     22057284        16168     42030160    0    0 17199 129364 4807 11853   2   1  45  51   0 2018-10-25 21:21:55
 1 32        14432     22257020        16456     41952384    0    0  5875 153256 3236 3677   2   1  42  56   0 2018-10-25 21:21:58
 0 33        14432     21946776        16464     42261360    0    0  4108 94517 2572 3305   1   1  49  50   0 2018-10-25 21:22:01
 0 32        14432     21642392        16464     42562304    0    0  3627 92805 2366 3070   1   1  49  50   0 2018-10-25 21:22:04
 1 31        14432     21316360        16472     42877804    0    0  4831 99191 2488 3482   1   1  41  57   0 2018-10-25 21:22:07
 1 29        14432     21011548        16480     43177724    0    0 20135 71347 4332 5414   2   1  36  62   0 2018-10-25 21:22:10
 0 29        14432     20495452        16480     43676508    0    0 54836 86922 8093 9216   3   2  32  63   0 2018-10-25 21:22:13
 0 28        14432     20071220        16488     44090476    0    0 24147 99710 5464 7437   2   1  29  67   0 2018-10-25 21:22:16
 0 28        14432     19772584        16488     44380568    0    0  6176 83646 2663 3742   1   1  33  65   0 2018-10-25 21:22:19
 6 21        14432     19391412        16496     44740660    0    0 16451 115493 3997 5974   2   1  42  55   0 2018-10-25 21:22:22
 1 26        14432     19205656        16504     44918800    0    0  4064 93162 2553 8226   1   0  55  44   0 2018-10-25 21:22:25
 4 22        14432     19029480        16504     45125368    0    0 45972 57892 8504 12126   4   3  30  63   0 2018-10-25 21:22:28
14 10        14432     18648516        16512     45489532    0    0 17219 88041 4438 8487   3   2  35  61   0 2018-10-25 21:22:31
 0 25        14432     18240264        16512     45861092    0    0 17807 117933 5027 7822   3   2  39  56   0 2018-10-25 21:22:34
 0 24        14432     18013084        16520     46080648    0    0  2424 97893 2154 7672   1   1  58  41   0 2018-10-25 21:22:37
 0 26        14432     21131316        16528     42921876    0    0 47960 79437 24367 25706  10   7  33  51   0 2018-10-25 21:22:40
 0 26        14432     20942736        16528     43105108    0    0  1380 88198 2086 5063   1   0  52  47   0 2018-10-25 21:22:43
 0 25        14432     20678452        16888     43368784    0    0   937 117927 1967 5749   1   1  51  48   0 2018-10-25 21:22:46
 0 26        14432     20273148        16888     43764756    0    0  2531 122568 2243 3112   1   1  44  54   0 2018-10-25 21:22:49
 1 25        14432     20078488        16896     43956744    0    0  1215 60318 1733 2850   1   0  45  53   0 2018-10-25 21:22:52
 0 26        14432     20498952        16904     43675396    0    0 23792 64933 4719 5764   2   1  35  62   0 2018-10-25 21:22:55
 0 26        14432     19756848        16904     44324708    0    0 90972 83957 9738 10751   5   3  22  70   0 2018-10-25 21:22:58
 0 27        14432     19432380        16912     44671160    0    0 31604 135602 4614 9477   2   1  24  73   0 2018-10-25 21:23:01
 3 21        14432     19384520        16912     44837872    0    0 50512 48912 8411 9333   3   2  36  58   0 2018-10-25 21:23:04
 0 24        14432     20822572        16920     43292912    0    0 46380 115516 8767 16162   6   4  35  55   0 2018-10-25 21:23:07
 0 24        14432     20613204        16920     43489248    0    0  1835 62957 2113 6599   1   1  45  54   0 2018-10-25 21:23:10
 0 24        14432     20672844        16928     43460796    0    0 48175 91793 52437 24910  10   7  38  45   0 2018-10-25 21:23:13
 0 24        14432     20513096        16936     43614792    0    0  1864 50347 2155 5490   1   1  49  49   0 2018-10-25 21:23:16
 0 31        14432     20388444        16936     43784280    0    0  3001 107261 4422 3742   1   1  36  62   0 2018-10-25 21:23:19
 1 29        14432     20168648        16944     43995292    0    0  2003 65944 3700 3100   1   1  36  63   0 2018-10-25 21:23:22
 1 28        14432     19667412        16944     44489984    0    0  3795 153652 3422 3662   2   1  40  57   0 2018-10-25 21:23:25
 2 27        14432     19393500        16952     44760468    0    0  2193 84452 2024 3391   1   1  47  52   0 2018-10-25 21:23:28
 1 27        14432     19046724        16960     45097004    0    0  2261 105845 2425 3362   1   1  40  58   0 2018-10-25 21:23:31
 0 28        14432     18750368        16960     45387592    0    0  2936 87146 2462 3409   1   1  37  61   0 2018-10-25 21:23:34
 1 25        14432     18207696        16968     45893520    0    0 17740 130221 6139 12195   4   2  31  63   0 2018-10-25 21:23:37
 0 24        14432     17845236        16968     46209116    0    0 14416 70946 4511 10669   3   2  39  56   0 2018-10-25 21:23:40
 0 24        14432     17891200        16976     46226864    0    0  8167 115969 3934 10479   2   1  46  51   0 2018-10-25 21:23:43
 0 24        14432     17449792        16984     46637968    0    0  8157 113848 3894 8696   2   2  40  56   0 2018-10-25 21:23:46
 0 24        14432     16981256        16988     47037984    0    0 29105 119155 8954 18471   7   4  40  49   0 2018-10-25 21:23:49
 0 27        14432     19915800        16996     44131556    0    0 39463 153665 11924 24536  10   7  36  47   0 2018-10-25 21:23:52
 1 25        14432     19729816        16996     44311004    0    0  1388 88791 2430 7491   1   0  49  50   0 2018-10-25 21:23:55
 1 26        14432     19347648        17004     44677920    0    0  2243 112554 2517 3842   1   1  46  52   0 2018-10-25 21:23:58
 1 27        14432     19482036        17012     44591460    0    0  6035 134443 3278 3604   1   1  41  56   0 2018-10-25 21:24:01
 1 29        14432     19135448        17012     44928952    0    0  5932 99389 2535 3287   1   1  41  57   0 2018-10-25 21:24:04
 0 25        14432     18908836        17020     45153496    0    0  7947 62610 2768 3980   1   1  45  53   0 2018-10-25 21:24:07
 0 26        14432     18300832        17020     45687104    0    0 71095 92497 8626 12217   6   3  33  58   0 2018-10-25 21:24:10
 0 26        14432     18095464        17028     45877704    0    0  6975 83048 2618 7621   1   1  53  46   0 2018-10-25 21:24:13
 1 24        14432     17652112        17036     46291808    0    0 75868 99208 12655 20228   9   6  31  54   0 2018-10-25 21:24:16
 2 19        14432     17666664        17036     46286356    0    0  6693 80503 2878 10118   1   1  48  51   0 2018-10-25 21:24:19
 0 23        14432     19307904        17044     44719896    0    0 15784 137049 9505 16496   6   4  29  61   0 2018-10-25 21:24:22
 0 23        14432     18986808        17044     45026888    0    0  3576 87725 2844 5181   2   1  38  59   0 2018-10-25 21:24:25
 0 24        14432     18980284        17052     45008380    0    0  6564 127916 5755 11535   3   2  29  66   0 2018-10-25 21:24:28
 0 24        14432     18881732        17052     45096748    0    0  1985 57694 2715 5956   1   1  54  45   0 2018-10-25 21:24:31
 0 33        14432     19221396        17060     44851040    0    0  3459 143412 3863 8145   2   2  35  61   0 2018-10-25 21:24:34
 0 34        14432     18859192        17072     45205572    0    0  1548 109620 3507 3327   1   1  38  60   0 2018-10-25 21:24:37
 0 31        14432     18575320        17072     45487968    0    0   727 96091 2065 2805   1   1  36  63   0 2018-10-25 21:24:40
 0 32        14432     18223240        17080     45836740    0    0  1829 102914 2232 3401   2   1  44  53   0 2018-10-25 21:24:43
 0 32        14432     18006236        17080     46048552    0    0  1197 64433 1893 2968   1   1  47  52   0 2018-10-25 21:24:46
 1 29        14432     17714804        17088     46333508    0    0  1641 91633 2224 3456   1   1  39  59   0 2018-10-25 21:24:49
 1 31        14432     17359220        17096     46686152    0    0  2073 105284 2367 3271   1   1  41  57   0 2018-10-25 21:24:52
 1 30        14432     17069828        17096     46969856    0    0  1521 88020 2033 3518   1   1  48  50   0 2018-10-25 21:24:55
 0 31        14432     16697744        17104     47336820    0    0  2153 111620 2292 3500   1   1  40  57   0 2018-10-25 21:24:58
 3 25        14432     16257032        17104     47769724    0    0  1595 140046 2403 3532   1   1  38  60   0 2018-10-25 21:25:01
 0 27        14432     16027048        17248     47996360    0    0  2075 100021 2211 3201   1   1  38  60   0 2018-10-25 21:25:04
 0 26        14432     15834248        17256     48180828    0    0  1499 56956 1902 3267   1   1  38  60   0 2018-10-25 21:25:07
 0 26        14432     15553408        17256     48453072    0    0  1765 83032 1976 2982   1   1  38  61   0 2018-10-25 21:25:10
 0 24        14432     15391832        17264     48591120    0    0  6481 56615 3648 10350   2   1  38  59   0 2018-10-25 21:25:13
 1 23        14432     18766208        17264     45216296    0    0 30377 97377 14728 20708   9   6  29  56   0 2018-10-25 21:25:16
 1 25        14432     18997284        17272     44971652    0    0  2489 127450 3695 8414   1   1  44  54   0 2018-10-25 21:25:19
 0 26        14432     18723560        17280     45238132    0    0  1757 81259 2176 3386   1   1  48  51   0 2018-10-25 21:25:22
 0 23        14432     18938612        17280     45073024    0    0  2043 102063 2325 3772   1   1  47  51   0 2018-10-25 21:25:25
 0 23        14432     18595908        17288     45400968    0    0  3265 95762 2515 4951   2   1  39  59   0 2018-10-25 21:25:28
 0 24        14432     18123572        17288     45812928    0    0 19689 134289 7746 19602   6   3  33  58   0 2018-10-25 21:25:31
 0 23        14432     19058296        17296     44931572    0    0 18588 89468 7157 21050   7   4  26  62   0 2018-10-25 21:25:34
 0 22        14432     18849960        17304     45102216    0    0  6232 98301 4194 7947   3   2  30  65   0 2018-10-25 21:25:37
 0 21        14432     18670116        17304     45268056    0    0  3624 104238 2859 7274   2   1  44  53   0 2018-10-25 21:25:40
 1 14        14432     19409148        17312     44714196    0    0  2285 79767 2969 7850   1   1  55  43   0 2018-10-25 21:25:43
 1  3        14432     19084464        17312     45026980    0    0  1456 97433 2433 3222   1   1  72  25   0 2018-10-25 21:25:46
 0  1        14432     20616384        17488     44618296    0    0   156 42504 2157 3870   1   1  94   4   0 2018-10-25 21:25:49
 2  0        14432     20612304        19676     44625884    0    0  3136   211 2801 3823   3   1  94   1   0 2018-10-25 21:25:52
 1  0        14432     20603300        19716     44626360    0    0    23    91 3056 4313   4   2  93   0   0 2018-10-25 21:25:55
 2  0        14432     20605880        20164     44634900    0    0  2984     1 2549 3492   4   2  94   0   0 2018-10-25 21:25:58
 1  0        14432     20608568        20180     44635172    0    0     3   259 1740 2307   3   1  95   1   0 2018-10-25 21:26:01
 1  0        14432     20594016        20188     44635940    0    0     0   357 1697 2700   3   1  95   1   0 2018-10-25 21:26:04
 1  0        14432     20609932        20188     44635740    0    0     0     0 1731 2360   4   1  95   0   0 2018-10-25 21:26:07
 1  0        14432     20610356        20196     44636132    0    0     0   662 1997 2471   3   1  95   1   0 2018-10-25 21:26:10
 1  0        14432     20614956        20196     44635976    0    0     0     0 1734 2397   3   1  95   0   0 2018-10-25 21:26:13
 1  0        14432     20609492        20204     44635936    0    0     0   151 1739 2380   3   1  95   0   0 2018-10-25 21:26:16
 1  4        14432     20611568        20212     44635772    0    0     0   168 1711 2367   3   1  95   1   0 2018-10-25 21:26:19
 1  0        14432     20604624        20212     44635664    0    0     0     0 1692 2337   3   1  95   0   0 2018-10-25 21:26:22
 1  0        14432     20607240        20220     44635692    0    0     0   168 1753 2380   3   1  95   0   0 2018-10-25 21:26:25
 3  0        14432     20574524        20360     44635420    0    0    63     0 2362 3267   4   2  94   0   0 2018-10-25 21:26:28
