procs -----------------------memory---------------------- ---swap-- -----io---- -system-- --------cpu-------- -----timestamp-----
 r  b         swpd         free         buff        cache   si   so    bi    bo   in   cs  us  sy  id  wa  st                 PDT
 1  0        15832     51807032        40068     13531256    0    0   382   740    2    1   0   1  89  10   0 2018-10-20 15:10:02
 0  0        15832     51787144        40088     13531832    0    0   105   254 2119 3101   4   1  95   0   0 2018-10-20 15:10:05
 1  0        15832     63751120          580      1598300    0    0    12   617 1713 2955   1   2  96   1   0 2018-10-20 15:10:08
 0  1        15832     65073184         3156       299740    0    0  3632     5 2025 3261   1   1  94   5   0 2018-10-20 15:10:11
 0  0        15832     65070960         4452       301940    0    0   876   212 1859 2863   1   0  98   1   0 2018-10-20 15:10:14
 0  0        15832     65068600         4464       301980    0    0     0    20 1265 2250   0   0 100   0   0 2018-10-20 15:10:17
 0  0        15832     65034720         5196       312096    0    0  3837     0 1696 2749   1   0  98   1   0 2018-10-20 15:10:20
 7  0        15832     64814312         6256       333308    0    0  7047   193 3700 15319   7   1  90   2   0 2018-10-20 15:10:23
 3  1        15832     64648740        10596       343272    0    0  4877     0 12586 9516   6   0  90   3   0 2018-10-20 15:10:26
 1  0        15832     64467020        11856       356688    0    0  4859   121 14391 8570  12   0  85   2   0 2018-10-20 15:10:29
 1  1        15832     64432668        12096       365648    0    0  2716   141 42422 16424  16   1  82   1   0 2018-10-20 15:10:32
 0  2        15832     64918544        14916       388936    0    0  4304  1974 8609 9907   8   1  89   2   0 2018-10-20 15:10:35
 2 29        15832     64001804        14924      1060024    0    0 166709 57423 18143 22145   3   5  57  35   0 2018-10-20 15:10:38
 3 28        15832     62939456        14924      1920636    0    0 196705 72272 88315 28945  11   7  24  57   0 2018-10-20 15:10:41
 2 28        15832     62226196        14936      2566180    0    0 139593 62615 21254 21098   3   6  32  59   0 2018-10-20 15:10:44
 4 27        15832     61326244        14940      3376648    0    0 179209 63104 28267 27919   4   7  29  60   0 2018-10-20 15:10:47
 1 30        15832     60551728        14944      4074460    0    0 150868 132832 31658 26968   3   7  27  62   0 2018-10-20 15:10:50
 4 32        15832     60746464        14952      4001016    0    0 96025 144616 14608 12433   2   6  25  67   0 2018-10-20 15:10:53
 1 35        15832     59892628        14956      4826120    0    0 131956 130562 18370 10770   2   6  27  65   0 2018-10-20 15:10:56
 2 34        15832     59281696        14968      5417852    0    0 91804 101791 11375 8449   2   5  22  71   0 2018-10-20 15:10:59
 1 36        15832     58469100        15108      6196408    0    0 119947 125998 13319 10001   2   6  27  65   0 2018-10-20 15:11:02
 1 35        15832     57633660        15108      6998284    0    0 116189 138082 16135 10413   3   6  25  66   0 2018-10-20 15:11:05
 1 31        15832     57058440        15116      7548252    0    0 83044 89972 9768 9068   2   5  28  64   0 2018-10-20 15:11:08
 1 30        15832     56229380        15116      8302432    0    0 136456 112952 16294 17559   4   6  29  61   0 2018-10-20 15:11:11
 3 27        15832     58302348        15124      6239960    0    0 92976 127912 17288 24424   4   7  23  65   0 2018-10-20 15:11:14
 1 33        15832     58007380        15132      6439508    0    0 129128 60145 15288 20721   5   7  40  49   0 2018-10-20 15:11:17
 2 32        15832     57572492        15132      6844784    0    0 29584 190826 7451 14830   2   6  33  59   0 2018-10-20 15:11:20
 3 30        15832     57300960        15140      7232884    0    0 67723 154113 16143 19497   5   8  27  60   0 2018-10-20 15:11:23
 5 26        15832     56710804        15140      7737840    0    0 62627 71518 13281 19284   5   7  32  56   0 2018-10-20 15:11:26
 1 29        15832     57422904        15148      7069044    0    0 76679 156726 16520 30601   5   8  37  50   0 2018-10-20 15:11:29
 1 30        15832     56576612        15148      7833960    0    0 106516 166886 20310 35907   7   9  34  50   0 2018-10-20 15:11:32
 1 29        15832     56256372        15160      8140776    0    0 89040 40934 18403 29357   7   9  31  52   0 2018-10-20 15:11:35
 1 35        15832     56183284        15168      8194624    0    0 49548 201965 11031 26938   5   8  34  53   0 2018-10-20 15:11:38
 2 34        15832     55605480        15168      8791472    0    0  7835 185035 3488 3774   1   5  31  62   0 2018-10-20 15:11:41
 5 30        15832     55010540        15176      9348332    0    0 71707 90385 10918 12516   3   6  37  54   0 2018-10-20 15:11:44
 1 34        15832     54103824        15176     10183960    0    0 87545 153848 13890 15951   5   7  25  64   0 2018-10-20 15:11:47
 1 34        15832     53692496        15184     10586228    0    0  9228 119549 4163 4008   1   5  22  72   0 2018-10-20 15:11:50
 1 33        15832     53474836        15192     10875604    0    0 45336 182175 14277 15672   3   6  44  47   0 2018-10-20 15:11:53
 1 32        15832     52976468        15192     11353464    0    0 61636 71500 11043 13084   4   6  40  50   0 2018-10-20 15:11:56
 1 31        15832     52241116        15484     12067628    0    0 47317 164849 11204 12748   4   6  35  54   0 2018-10-20 15:11:59
 1 29        15832     52014384        15484     12399088    0    0 52311 175827 15049 23422   5   7  33  55   0 2018-10-20 15:12:02
 1 28        15832     51305756        15492     13035764    0    0 78275 77079 40926 45815   9  10  22  59   0 2018-10-20 15:12:05
 1 32        15832     53710684        15512     10573492    0    0 15214 223721 8019 22861   3   7  37  53   0 2018-10-20 15:12:08
 1 41        15832     53777904        15512     10609452    0    0 19967 208972 6323 4868   2   6  39  53   0 2018-10-20 15:12:11
 1 39        15832     53353588        15520     11029524    0    0 16589 118732 4014 3905   1   5  37  57   0 2018-10-20 15:12:14
 2 38        15832     52575616        15520     11793060    0    0 116825 117478 10117 8899   3   6  39  52   0 2018-10-20 15:12:17
 1 37        15832     51702464        15532     12645416    0    0 137263 121169 9514 9758   4   6  45  44   0 2018-10-20 15:12:20
 1 35        15832     51060216        15540     13226712    0    0 90240 117091 7874 9590   4   6  44  47   0 2018-10-20 15:12:23
 7 26        15832     50997056        15540     13369620    0    0 34763 112981 6896 11590   2   6  42  50   0 2018-10-20 15:12:26
 3 29        15832     53161164        15548     11092132    0    0 115404 136531 37802 48617  10  10  31  48   0 2018-10-20 15:12:29
 1 30        15832     52845368        15548     11398556    0    0  2719 132654 3940 9223   1   5  46  48   0 2018-10-20 15:12:32
 1 30        15832     52731820        15556     11583712    0    0 64764 111640 26047 76806  11  11  32  46   0 2018-10-20 15:12:35
 2 39        15832     52710772        15564     11625312    0    0  8591 241976 6649 12544   3   6  32  60   0 2018-10-20 15:12:38
 2 38        15832     52297908        15564     12028112    0    0  3435 125249 3682 4317   1   5  46  47   0 2018-10-20 15:12:41
 1 39        15832     51625116        15572     12686604    0    0  5291 202219 4311 4280   2   6  38  55   0 2018-10-20 15:12:44
 2 37        15832     51135300        15572     13164896    0    0  4351 147710 3383 4006   2   5  37  56   0 2018-10-20 15:12:47
 2 33        15832     50544088        15580     13743324    0    0  6181 180479 4286 4974   2   5  39  53   0 2018-10-20 15:12:50
 1 33        15832     49934056        15588     14270024    0    0 54071 106336 21641 33092   6   8  25  61   0 2018-10-20 15:12:53
 2 31        15832     49653964        15588     14610112    0    0 11069 204319 6183 11665   2   6  39  53   0 2018-10-20 15:12:56
 1 31        15832     49222612        15596     15016176    0    0 11400 111926 12123 8765   2   6  44  48   0 2018-10-20 15:12:59
 1 30        15832     48490864        15596     15664280    0    0 49559 180023 65370 57097   8   9  33  49   0 2018-10-20 15:13:02
 8  2        15832     50318748        15604     13872980    0    0 34015 93008 26352 51475   8   9  34  49   0 2018-10-20 15:13:05
 1 33        15832     51489928        15612     12668032    0    0 11013 242545 13305 22668   4   7  43  47   0 2018-10-20 15:13:08
 2 31        15832     51078024        15612     13067992    0    0  2628 123225 4124 9396   1   5  44  50   0 2018-10-20 15:13:11
 1 32        15832     51133152        15632     13148272    0    0  8935 190692 5734 5341   2   6  39  53   0 2018-10-20 15:13:14
15 18        15832     50417492        15632     13787772    0    0 85613 68532 21547 23967   8   8  19  65   0 2018-10-20 15:13:17
11 20        15832     50034964        15640     14215792    0    0 66585 179447 23115 32461   6   8  29  57   0 2018-10-20 15:13:20
 2 29        15832     51403668        15648     12772972    0    0 23197 136055 27760 40170   6   8  37  50   0 2018-10-20 15:13:23
 1 28        15832     51492756        15648     12834624    0    0  5652 163524 8168 11803   2   6  38  54   0 2018-10-20 15:13:26
16 12        15832     51569228        15656     12719408    0    0 19281 159099 17503 31079   7   8  27  58   0 2018-10-20 15:13:29
 3 37        15832     51560040        15656     12732880    0    0 20480 191940 13270 33044   6   8  31  55   0 2018-10-20 15:13:32
 1 38        15832     51148920        15668     13131060    0    0  2359 126390 4265 3716   2   5  33  60   0 2018-10-20 15:13:35
 3 35        15832     50405348        15668     13859652    0    0  5007 221345 7111 5082   3   6  38  53   0 2018-10-20 15:13:38
 2 37        15832     49913352        15676     14350004    0    0  3456 149961 5740 4129   2   5  28  65   0 2018-10-20 15:13:41
 2 37        15832     49276312        15684     14978796    0    0  4052 195503 7032 4574   2   6  42  50   0 2018-10-20 15:13:44
 1 35        15832     48731844        15684     15514076    0    0  3932 163833 4990 4327   2   5  31  62   0 2018-10-20 15:13:47
 7 25        15832     48229968        15692     15973148    0    0 11815 123272 7013 11443   3   6  33  58   0 2018-10-20 15:13:50
 2 31        15832     47824420        15692     16335632    0    0 14319 156166 8859 24664   3   6  33  58   0 2018-10-20 15:13:53
 3 30        15832     50951308        15700     13246816    0    0 31757 138856 93605 68386  10  11  30  49   0 2018-10-20 15:13:56
 1 32        15832     50463232        15708     13712388    0    0  2944 219404 4255 9887   2   5  52  41   0 2018-10-20 15:13:59
 4 29        15832     50307604        15708     13845312    0    0  3305 133334 3465 4367   2   5  41  52   0 2018-10-20 15:14:02
 1 29        15832     50114024        15720     14098120    0    0  7201 152028 6987 12772   3   6  34  57   0 2018-10-20 15:14:05
 2 28        15832     50751096        15720     13416156    0    0 13564 123595 7684 33829   5   7  30  58   0 2018-10-20 15:14:08
 1 30        15832     50100188        15728     14021760    0    0  7923 243636 6507 16309   3   6  34  57   0 2018-10-20 15:14:11
 2 28        15832     51273844        15736     12963420    0    0  6421 122223 7820 14562   3   6  34  58   0 2018-10-20 15:14:14
 2 28        15832     50900536        15736     13259888    0    0 12141 184398 13871 24927   5   7  31  57   0 2018-10-20 15:14:17
 1 29        15832     50670112        15744     13463268    0    0  9496 165626 9706 19276   4   6  31  59   0 2018-10-20 15:14:20
 1 29        15832     50288484        15744     13827000    0    0  2927 182646 3930 10809   2   5  47  46   0 2018-10-20 15:14:23
 1 30        15832     50763208        15752     13456620    0    0  7997 208053 14935 14810   4   7  40  49   0 2018-10-20 15:14:26
 1 31        15832     50321220        15764     13894760    0    0  2679 132635 3293 4374   1   5  45  48   0 2018-10-20 15:14:29
 6 25        15832     50709700        15764     13421176    0    0 17471 173905 15510 44689   6   8  34  52   0 2018-10-20 15:14:32
 3 28        15832     50461144        15772     13654304    0    0  2595 130367 3727 12032   1   5  41  52   0 2018-10-20 15:14:35
 2 22        15832     50496552        15772     13727608    0    0  7659 204058 14550 14853   3   7  35  56   0 2018-10-20 15:14:38
 1  5        15832     50558608        15780     13648020    0    0  4195 135480 5139 7485   2   5  61  31   0 2018-10-20 15:14:41
 2  1        15832     52411744        16672     12934260    0    0  1049 71743 3735 5623   1   5  89   4   0 2018-10-20 15:14:44
 2  0        15832     52375240        18260     12940624    0    0  2481   205 4175 3698   3   6  91   1   0 2018-10-20 15:14:47
 2  0        15832     52407136        18308     12941280    0    0     1   367 4526 4202   4   6  90   0   0 2018-10-20 15:14:50
 0  1        15832     52406096        18308     12947204    0    0    13    51 2511 3174   1   2  97   0   0 2018-10-20 15:14:53
 0  0        15832     52408740        18332     12947220    0    0     4  6931 1214 2317   0   0  99   1   0 2018-10-20 15:14:56
 0  0        15832     52411980        18344     12947220    0    0     1 32399 1636 2761   0   0  99   1   0 2018-10-20 15:14:59
 0  0        15832     52414916        18352     12947032    0    0    11     0 1129 2282   0   0 100   0   0 2018-10-20 15:15:02
 0  0        15832     52416892        18360     12947056    0    0     0   101 1114 2237   0   0 100   0   0 2018-10-20 15:15:05
 0  0        15832     52418356        18360     12947020    0    0     0     0 1057 2191   0   0 100   0   0 2018-10-20 15:15:08
 0  0        15832     52419692        18368     12947016    0    0     0     8 1075 2223   0   0 100   0   0 2018-10-20 15:15:11
 0  0        15832     52420484        18368     12947032    0    0     0     0 1156 2381   0   0 100   0   0 2018-10-20 15:15:14
 1  0        15832     52421528        18376     12947036    0    0     0    37 1103 2261   0   0 100   0   0 2018-10-20 15:15:17
 0  0        15832     52421900        18376     12947036    0    0     0   153 1082 2141   0   0  99   0   0 2018-10-20 15:15:20
 1  0        15832     52389076        18520     12949352    0    0   161    36 1459 2472   3   0  96   0   0 2018-10-20 15:15:23
 1  0        15832     52387504        18520     12951996    0    0     0  1709 1402 2231   4   0  96   0   0 2018-10-20 15:15:26
 1  0        15832     52386440        18528     12955036    0    0     0    56 1384 2722   4   0  96   0   0 2018-10-20 15:15:29
 1  0        15832     52385356        18536     12957436    0    0     0  1529 1332 2155   4   0  96   0   0 2018-10-20 15:15:32
 2  0        15832     52383320        18536     12960108    0    0     0  1708 1366 2220   4   0  96   0   0 2018-10-20 15:15:35
 1  0        15832     52381568        18544     12963620    0    0     0    17 1298 2129   4   0  96   0   0 2018-10-20 15:15:38
 1  0        15832     52378932        18544     12966344    0    0     0  1472 1347 2195   4   0  96   0   0 2018-10-20 15:15:41
 1  0        15832     52376368        18552     12969348    0    0     0    27 1328 2200   4   0  96   0   0 2018-10-20 15:15:44
 1  0        15832     52400360        18560     12972768    0    0     0  2165 1590 2435   4   0  96   0   0 2018-10-20 15:15:47
 2  0        15832     52312620        18704     13004660    0    0   260  8687 2094 6699   4   1  95   0   0 2018-10-20 15:15:50
 1  0        15832     52242840        18716     13077284    0    0     0    59 1358 2198   4   1  95   0   0 2018-10-20 15:15:53
 1  0        15832     52248680        18716     13085148    0    0   109     0 1295 2127   4   0  96   0   0 2018-10-20 15:15:56
 1  0        15832     52249400        18724     13086068    0    0     0    13 1325 2178   4   0  96   0   0 2018-10-20 15:15:59
 1  0        15832     52250140        18732     13086864    0    0     0    17 1318 2579   4   0  96   0   0 2018-10-20 15:16:02
 2  0        15832     52250416        18732     13087696    0    0     0  1485 1369 2220   4   0  95   0   0 2018-10-20 15:16:05
 1  0        15832     52250756        18740     13088572    0    0     0    43 1284 2104   4   0  96   0   0 2018-10-20 15:16:08
 1  0        15832     52251212        18764     13089068    0    0     7 29663 1571 2160   4   0  94   1   0 2018-10-20 15:16:11
 1  0        15832     52251772        18772     13089084    0    0     0    23 1312 2154   4   0  96   0   0 2018-10-20 15:16:14
 1  0        15832     52252192        18780     13089064    0    0     0    36 1492 2460   4   0  96   0   0 2018-10-20 15:16:17
 2  0        15832     52252324        18780     13089076    0    0     0     0 1298 2152   4   0  96   0   0 2018-10-20 15:16:20
 1  0        15832     52252348        18788     13089052    0    0     0     8 1288 2118   4   0  96   0   0 2018-10-20 15:16:23
 1  0        15832     52252392        18788     13089140    0    0     0     0 1291 2110   4   0  96   0   0 2018-10-20 15:16:26
 1  0        15832     52252596        18796     13089060    0    0     0     9 1325 2166   4   0  96   0   0 2018-10-20 15:16:29
 1  0        15832     52253076        18796     13089080    0    0     0    89 1333 2177   4   0  95   0   0 2018-10-20 15:16:32
 1  0        15832     52252692        18804     13089084    0    0     0    43 1366 2268   4   0  96   0   0 2018-10-20 15:16:35
 1  0        15832     52253468        18804     13089152    0    0     0   343 1309 2555   4   0  96   0   0 2018-10-20 15:16:38
 1  0        15832     52253856        18812     13089148    0    0     0    21 1296 2172   4   0  96   0   0 2018-10-20 15:16:41
 1  0        15832     52254172        18812     13089132    0    0     0     0 1293 2124   4   0  96   0   0 2018-10-20 15:16:44
 2  0        15832     52230512        18952     13089684    0    0   180    16 3725 5900   3   2  95   0   0 2018-10-20 15:16:47
 0  0        15832     52236932        19452     13097860    0    0  2661     0 2144 3283   2   1  96   1   0 2018-10-20 15:16:50
 0  2        15832     65066508          696       290996    0    0    16   833 1746 2863   1   3  96   1   0 2018-10-20 15:16:53
 0  2        15832     65050200         4288       298912    0    0  4308     0 2267 3087   1   1  94   4   0 2018-10-20 15:16:56
 2  0        15832     64880456         5792       328544    0    0 10348    63 2993 11518   4   1  93   2   0 2018-10-20 15:16:59
 2  1        15832     64733028        10244       334312    0    0  3725     0 5723 11763   7   0  89   3   0 2018-10-20 15:17:02
 4  0        15832     64544132        12100       346896    0    0  4411    40 22610 9024  10   1  88   2   0 2018-10-20 15:17:05
 1  1        15832     64459804        12812       360716    0    0  4687    56 31406 15929  18   1  80   2   0 2018-10-20 15:17:08
 0  2        15832     64382704        16016       370144    0    0  3268   175 8303 9958   8   0  89   2   0 2018-10-20 15:17:11
 2 27        15832     64479148        16028       685628    0    0 97588 42534 7270 12838   2   1  86  11   0 2018-10-20 15:17:14
 5 27        15832     63640900        16028      1292156    0    0 138376 56409 51817 17970  11   2  27  61   0 2018-10-20 15:17:17
 0 29        15832     62693208        16048      2115148    0    0 184397 71051 51183 25252   5   3  33  59   0 2018-10-20 15:17:20
 4 25        15832     62041712        16056      2673716    0    0 193819 69940 26104 26797   4   2  19  75   0 2018-10-20 15:17:23
 3 26        15832     61399512        16056      3231232    0    0 175325 82632 27217 25637   4   3  29  64   0 2018-10-20 15:17:26
 0 30        15832     61138628        16064      3478900    0    0 18269 137229 10389 11200   1   1  21  77   0 2018-10-20 15:17:29
 0 29        15832     60908208        16064      3695144    0    0 166472 62750 35192 25809   5   3  27  66   0 2018-10-20 15:17:32
 5 24        15832     59902280        16072      4596660    0    0 187595 67921 30472 29179   6   4  30  60   0 2018-10-20 15:17:35
 0 29        15832     59609640        16080      4875876    0    0 23645 137112 7687 11505   1   1  44  54   0 2018-10-20 15:17:38
 1 30        15832     59161252        16080      5330044    0    0 70009 143040 12802 10811   3   2  45  50   0 2018-10-20 15:17:41
 0 30        15832     58304720        16088      6146252    0    0 116971 127493 19668 17835   4   2  44  50   0 2018-10-20 15:17:44
 0 29        15832     57589360        16088      6807960    0    0 108872 81856 21183 16793   4   2  47  46   0 2018-10-20 15:17:47
 0 28        15832     57512560        16096      6983352    0    0 47928 138439 15447 16575   2   1  53  43   0 2018-10-20 15:17:50
 1 31        15832     57456008        16096      6927580    0    0 125921 103489 34577 25745   7   4  39  50   0 2018-10-20 15:17:53
 0 33        15832     56802372        16104      7541232    0    0 60776 155043 18154 14186   4   2  36  59   0 2018-10-20 15:17:56
 1 30        15832     57751484        16112      6674076    0    0  6475 124766 3251 9551   1   1  48  51   0 2018-10-20 15:17:59
 3 26        15832     56917540        16112      7460980    0    0 89003 131167 93465 24497   7   5  27  61   0 2018-10-20 15:18:02
 0 29        15832     57710344        16120      6702048    0    0 87800 147450 21094 26679   5   3  42  49   0 2018-10-20 15:18:05
 0 30        15832     57002984        16124      7315720    0    0 110715 73630 32317 26045   7   4  37  52   0 2018-10-20 15:18:08
12 15        15832     56418764        16132      7860100    0    0 106623 111862 25934 33068   8   5  35  52   0 2018-10-20 15:18:11
 2 36        15832     56089632        16132      8301184    0    0 31020 226408 15447 15685   3   2  43  52   0 2018-10-20 15:18:14
 0 38        15832     55599596        16140      8787672    0    0  7191 150511 4407 3601   1   1  43  55   0 2018-10-20 15:18:17
 9 28        15832     55001432        16148      9369664    0    0 55660 123477 17323 8992   3   2  41  55   0 2018-10-20 15:18:20
 0 36        15832     54277676        16148     10049652    0    0 84972 116067 17358 11943   3   2  36  59   0 2018-10-20 15:18:23
 5 30        15832     53574260        16156     10694348    0    0 83444 106785 18892 11175   3   2  32  63   0 2018-10-20 15:18:26
 0 35        15832     53004520        16156     11220220    0    0 45933 186680 11994 13644   2   2  31  65   0 2018-10-20 15:18:29
 0 34        15832     52586984        16164     11628124    0    0 81993 98893 14117 13047   5   3  23  70   0 2018-10-20 15:18:32
 1 33        15832     51876116        16164     12320908    0    0 65527 132013 21412 12652   5   3  23  69   0 2018-10-20 15:18:35
 0 33        15832     51368408        16172     12814140    0    0 31903 186557 15741 16815   3   2  35  60   0 2018-10-20 15:18:38
 0 32        15832     51246232        16172     12977488    0    0 29341 84742 7351 9344   2   2  35  61   0 2018-10-20 15:18:41
 0 32        15832     50405600        16180     13728812    0    0 94579 132988 46069 32579   9   5  26  60   0 2018-10-20 15:18:44
12 19        15832     50076804        16188     14181348    0    0 68237 142937 21845 37003   9   5  32  54   0 2018-10-20 15:18:47
 1 31        15832     49680000        16188     14580664    0    0 36315 208998 10848 25473   6   4  32  58   0 2018-10-20 15:18:50
 0 31        15832     49308548        16196     15002148    0    0  2791 133336 3408 3479   1   1  37  62   0 2018-10-20 15:18:53
 4 28        15832     51983404        16196     12215296    0    0 69568 124462 25915 54069   9   6  31  53   0 2018-10-20 15:18:56
 4 27        15832     51412636        16204     12721868    0    0 73841 165024 89826 73209  12   7  32  49   0 2018-10-20 15:18:59
 3 36        15832     50982944        16208     13149336    0    0 73076 119888 10559 12489   4   2  34  61   0 2018-10-20 15:19:02
 0 35        15832     50244796        16212     13865472    0    0 105011 106034 11452 10426   5   3  37  55   0 2018-10-20 15:19:05
 0 37        15832     49590388        16220     14500916    0    0 93591 163116 11076 12266   4   2  40  53   0 2018-10-20 15:19:08
 3 28        15832     49139976        16220     15011096    0    0 83007 131231 32845 18576   6   4  35  55   0 2018-10-20 15:19:11
 1 30        15832     48625580        16228     15487372    0    0 61420 121910 21129 29011   7   4  28  61   0 2018-10-20 15:19:14
 0 37        15832     49856300        16228     14291712    0    0 12212 230250 6949 7560   2   2  37  59   0 2018-10-20 15:19:17
 0 36        15832     49272916        16236     14842760    0    0 63372 99491 8753 7953   3   2  34  61   0 2018-10-20 15:19:20
 0 35        15832     50192908        16236     13856564    0    0 108772 115467 14099 13189   6   3  24  66   0 2018-10-20 15:19:23
 0 38        15832     49985804        16244     14131388    0    0 31996 190468 7408 11769   2   2  30  66   0 2018-10-20 15:19:26
 1 36        15832     49462564        16244     14640548    0    0 12936 149080 4449 3842   2   1  34  63   0 2018-10-20 15:19:29
 0 37        15832     48890000        16252     15202192    0    0 12193 166511 4044 3966   2   1  40  57   0 2018-10-20 15:19:32
 0 36        15832     48342272        16252     15741004    0    0 11135 158323 4596 3855   2   1  41  56   0 2018-10-20 15:19:35
 0 35        15832     47785776        16260     16297244    0    0 14028 162568 5562 4301   2   1  41  56   0 2018-10-20 15:19:38
 0 31        15832     47791856        16260     16181724    0    0 59300 78276 11031 21151   5   3  38  54   0 2018-10-20 15:19:41
 1 29        15832     48796792        16268     15223816    0    0 64240 168085 64952 74427  11   7  33  49   0 2018-10-20 15:19:44
 0 30        15832     51019808        16272     12997464    0    0 46589 149087 27627 74904  11   7  33  50   0 2018-10-20 15:19:47
 1 29        15832     50789860        16276     13216816    0    0  5373 129922 4453 13337   2   1  44  53   0 2018-10-20 15:19:50
23  2        15832     51011660        16284     13108940    0    0 13353 182659 32826 23103   6   4  30  60   0 2018-10-20 15:19:53
 0 43        15832     50747628        16284     13329404    0    0 29397 215902 32481 57796   9   5  32  54   0 2018-10-20 15:19:56
 0 43        15832     50296692        16292     13768960    0    0  2757 135796 4047 3373   2   1  35  62   0 2018-10-20 15:19:59
 0 43        15832     49604588        16292     14444548    0    0  4511 207910 6377 4361   3   1  35  61   0 2018-10-20 15:20:02
 0 42        15832     48851812        16300     15185436    0    0  5105 227285 8101 4605   3   2  36  60   0 2018-10-20 15:20:05
 0 43        15832     48484424        16308     15550636    0    0  2575 112319 3750 3261   2   1  34  64   0 2018-10-20 15:20:08
 1 41        15832     47746812        16308     16261364    0    0  5289 217306 4667 4451   3   2  37  58   0 2018-10-20 15:20:11
 0 39        15832     47085960        16316     16902192    0    0  4563 201376 3925 4686   2   1  36  60   0 2018-10-20 15:20:14
 0 35        15832     46719496        16316     17262072    0    0  3205 108765 2765 3584   2   1  37  61   0 2018-10-20 15:20:17
 7 26        15832     46294912        16324     17689384    0    0 11304 185662 6999 16913   4   2  38  57   0 2018-10-20 15:20:20
 0 31        15832     45956264        16328     18136792    0    0 25221 157174 23675 29330   5   3  27  64   0 2018-10-20 15:20:23
 0 31        15832     45445228        16336     18585924    0    0 23461 157005 13769 36262   5   3  34  58   0 2018-10-20 15:20:26
 0 32        15832     50439976        16344     13636868    0    0 37108 175907 18726 80199  12   7  31  50   0 2018-10-20 15:20:29
 0 39        15832     50340320        16344     13837400    0    0  9923 208766 5240 4589   2   2  40  56   0 2018-10-20 15:20:32
 2 36        15832     49891288        16352     14268616    0    0  9327 123623 3449 3763   1   1  40  57   0 2018-10-20 15:20:35
 4 32        15832     49243012        16352     14871980    0    0 27620 155080 5964 6577   3   2  35  60   0 2018-10-20 15:20:38
 2  7        15832     48501696        16360     15554596    0    0 86765 105915 10694 9067   5   2  36  57   0 2018-10-20 15:20:41
 1  0        15832     51736280        17072     13613700    0    0 15113 93915 3804 7913   1   1  91   7   0 2018-10-20 15:20:44
 1  0        15832     51739132        18420     13620164    0    0  2707   169 2541 3700   3   1  95   1   0 2018-10-20 15:20:47
 1  0        15832     51737396        18472     13620920    0    0    24    73 2994 4309   4   2  94   0   0 2018-10-20 15:20:50
 1  0        15832     51724132        19048     13627392    0    0  2685     1 2327 3917   3   1  95   0   0 2018-10-20 15:20:53
 1  0        15832     52726244          720     12631308    0    0   227   820 2082 3433   2   1  97   0   0 2018-10-20 15:20:56
 0  2        15832     65095024         2096       293156    0    0  2076    70 1678 2776   0   2  95   2   0 2018-10-20 15:20:59
 0  1        15832     65010172         5228       319644    0    0  9964    53 2463 4277   2   1  95   2   0 2018-10-20 15:21:02
 2  1        15832     64763176         8640       332164    0    0  4651     0 3393 16737  10   0  88   1   0 2018-10-20 15:21:05
 3  1        15832     64577588        10752       343840    0    0  4683    37 21669 9019   7   1  91   2   0 2018-10-20 15:21:08
 5  1        15832     64456064        11980       357508    0    0  5117    13 7946 9035  11   0  86   3   0 2018-10-20 15:21:11
 3  0        15832     64411836        12708       363052    0    0  1773   117 24198 15848  15   1  84   1   0 2018-10-20 15:21:14
 0  2        15832     64537632        15384       567312    0    0 64796  2136 6554 11168   6   1  90   3   0 2018-10-20 15:21:17
 1 28        15832     63856860        15388      1112104    0    0 148712 92674 14438 16635   3   2  59  37   0 2018-10-20 15:21:20
 6 26        15832     63033140        15404      1754776    0    0 146576 55432 95779 20231  17   2  21  60   0 2018-10-20 15:21:23
 0 29        15832     62050568        15416      2611852    0    0 192004 73056 33508 27658   8   3  25  65   0 2018-10-20 15:21:26
 3 26        15832     61334728        15428      3255704    0    0 188921 67628 26562 27406   4   3  22  71   0 2018-10-20 15:21:29
 0 30        15832     60611608        15428      3920972    0    0 115367 161969 16751 24367   3   2  22  73   0 2018-10-20 15:21:32
 4 27        15832     60953792        15436      3645156    0    0 92163 58276 13376 11824   2   2  30  66   0 2018-10-20 15:21:35
 1 32        15832     60092840        15444      4479232    0    0 158533 99831 33460 16728   4   3  16  78   0 2018-10-20 15:21:38
 0 33        15832     59212188        15444      5339888    0    0 172407 101764 12473 10861   3   2  20  76   0 2018-10-20 15:21:41
 0 31        15832     58338380        15452      6183488    0    0 164903 101137 13089 11826   3   2  31  65   0 2018-10-20 15:21:44
 0 38        15832     58670880        15452      5795368    0    0 150900 93463 17383 17605   4   2  28  66   0 2018-10-20 15:21:47
 3 38        15832     58147104        15460      6317012    0    0 85156 121803 6933 6459   1   1  31  67   0 2018-10-20 15:21:50
 0 38        15832     58358340        15460      6172820    0    0 68051 153614 7090 11698   1   1  34  63   0 2018-10-20 15:21:53
 0 37        15832     57606312        15752      6902624    0    0 119995 114996 9550 8820   2   1  30  67   0 2018-10-20 15:21:56
 0 35        15832     57007016        15752      7473172    0    0 93316 85365 10144 8876   2   1  34  62   0 2018-10-20 15:21:59
 3 29        15832     56203308        15760      8231804    0    0 118088 116144 14987 13595   3   2  28  67   0 2018-10-20 15:22:02
 2 29        15832     55311228        15760      9036604    0    0 98013 130289 21368 21245   6   4  21  69   0 2018-10-20 15:22:05
 1 31        15832     55043092        15768      9286460    0    0 16209 134597 5208 12264   1   1  49  49   0 2018-10-20 15:22:08
 4 25        15832     55880340        15768      8517148    0    0 89948 93824 20607 24004   7   5  32  57   0 2018-10-20 15:22:11
 0 30        15832     55290512        15776      9033528    0    0 88168 160924 15718 22851   5   3  38  54   0 2018-10-20 15:22:14
13 17        15832     56430608        15784      8030148    0    0 125195 47220 25686 26724   8   5  35  53   0 2018-10-20 15:22:17
 0 41        15832     56047420        15784      8449656    0    0 43568 220928 10978 17319   3   2  40  54   0 2018-10-20 15:22:20
 0 40        15832     55634860        15792      8888776    0    0  8189 132852 2872 3223   1   1  43  55   0 2018-10-20 15:22:23
 0 39        15832     54887440        15792      9604640    0    0 90199 131970 11987 9241   3   2  33  63   0 2018-10-20 15:22:26
 0 38        15832     54105120        15800     10344148    0    0 87452 142564 12060 9419   3   2  29  67   0 2018-10-20 15:22:29
 0 38        15832     53557884        15800     10873048    0    0 34671 131927 7780 5420   2   1  30  67   0 2018-10-20 15:22:32
 1 36        15832     52782552        15808     11598752    0    0 95580 124029 16626 10109   3   2  28  67   0 2018-10-20 15:22:35
 4 32        15832     52146468        15816     12202492    0    0 75032 164611 13071 12949   4   1  30  65   0 2018-10-20 15:22:38
 1 34        15832     51797672        15816     12638992    0    0 55568 161882 13043 11055   3   2  26  69   0 2018-10-20 15:22:41
 0 35        15832     51386224        15824     13046564    0    0  8857 119916 3273 3719   1   1  34  65   0 2018-10-20 15:22:44
 6 22        15832     50530164        15824     13813064    0    0 81104 132802 23368 19126   6   3  30  61   0 2018-10-20 15:22:47
 4  8        15832     50287236        15832     14102668    0    0 39828 183305 9658 15216   3   2  38  57   0 2018-10-20 15:22:50
 9 23        15832     53801868        15832     10588084    0    0 87028 103355 49673 43196  11   7  30  52   0 2018-10-20 15:22:53
 1 32        15832     53265020        15840     11118892    0    0  2888 205570 4650 6245   1   1  46  52   0 2018-10-20 15:22:56
 0 35        15832     53305972        15840     11145392    0    0 10692 206077 5234 5092   2   1  43  54   0 2018-10-20 15:22:59
 6 29        15832     52958328        15848     11504588    0    0 11881 101220 2897 3455   1   1  39  59   0 2018-10-20 15:23:02
 5 29        15832     52004948        15848     12379140    0    0 127193 128332 12558 12224   5   2  31  61   0 2018-10-20 15:23:05
 0 34        15832     51358820        15856     12992492    0    0 96705 150901 10436 12983   4   2  29  65   0 2018-10-20 15:23:08
 8 18        15832     51312320        15856     13132668    0    0 22271 90596 4647 9377   2   1  39  58   0 2018-10-20 15:23:11
 0 30        15832     52922684        15864     11433480    0    0 84225 163669 39785 63161  11   7  35  48   0 2018-10-20 15:23:14
 3 26        15832     52669448        15872     11662720    0    0 29903 173299 20633 29354   7   4  31  58   0 2018-10-20 15:23:17
 0 29        15832     52783860        15872     11516808    0    0 12269 99815 6301 12815   3   2  32  63   0 2018-10-20 15:23:20
 1 40        15832     52754988        15880     11635572    0    0 26716 236592 15201 27234   5   4  36  56   0 2018-10-20 15:23:23
 0 41        15832     52318260        15880     12061544    0    0  4729 131023 3014 3331   1   1  36  62   0 2018-10-20 15:23:26
 1 40        15832     51580148        15888     12782300    0    0  8955 220504 4243 4074   2   1  34  63   0 2018-10-20 15:23:29
 8 31        15832     51218344        15888     13120736    0    0 19267 83292 4819 6117   2   1  37  60   0 2018-10-20 15:23:32
 0 39        15832     50322800        15896     13939208    0    0 80985 148158 13118 14161   6   3  12  79   0 2018-10-20 15:23:35
 0 39        15832     49944916        15904     14311124    0    0 10336 140848 3556 3755   2   1  21  77   0 2018-10-20 15:23:38
 0 37        15832     49783396        15904     14534628    0    0 23352 151500 8677 12894   2   2  36  60   0 2018-10-20 15:23:41
 0 35        15832     49345264        15912     14954332    0    0 18751 105096 5752 6634   2   1  33  63   0 2018-10-20 15:23:44
 0 33        15832     48519572        15912     15698476    0    0 61356 172135 18363 31483   8   5  26  62   0 2018-10-20 15:23:47
 2 31        15832     48530508        15920     15806804    0    0  9285 128833 4720 11431   2   1  39  58   0 2018-10-20 15:23:50
 8 23        15832     47789144        15920     16450420    0    0 59432 144799 17647 60482  11   6  27  56   0 2018-10-20 15:23:53
 0 36        15832     51449560        15928     12858132    0    0 19068 210420 6048 14410   3   3  29  65   0 2018-10-20 15:23:56
 0 35        15832     51000020        15928     13289400    0    0 10121 126038 3054 4120   1   1  30  67   0 2018-10-20 15:23:59
 0 35        15832     50317036        15936     13944276    0    0 15237 191447 4118 5240   2   2  35  62   0 2018-10-20 15:24:02
 0 34        15832     49600480        15936     14604376    0    0 83540 127511 9455 13894   5   3  34  58   0 2018-10-20 15:24:05
 6 27        15832     49551080        15944     14766940    0    0 32221 117118 5525 12537   2   1  48  48   0 2018-10-20 15:24:08
 0 33        15832     48709884        15952     15555612    0    0 105327 166247 15351 22831   8   4  30  58   0 2018-10-20 15:24:11
 0 31        15832     48908372        15952     15401824    0    0 26175 77256 5367 10233   3   1  38  58   0 2018-10-20 15:24:14
 0 30        15832     50589592        15960     13558220    0    0 43181 170514 51042 68622  10   7  32  51   0 2018-10-20 15:24:17
 0 29        15832     50788092        15960     13458208    0    0  5267 110938 9439 9347   2   2  40  56   0 2018-10-20 15:24:20
 0 28        15832     50327732        15968     13882912    0    0 12455 196578 12005 22973   6   3  27  64   0 2018-10-20 15:24:23
 7 24        15832     50288372        15968     13902948    0    0  6740 109568 5464 14260   3   2  36  59   0 2018-10-20 15:24:26
 0 29        15832     50144740        15976     14029500    0    0  6465 233185 6878 15758   3   2  38  57   0 2018-10-20 15:24:29
 1 35        15832     50359908        15984     13900972    0    0  4173 204165 6680 5317   3   2  30  65   0 2018-10-20 15:24:32
 1 36        15832     49800156        15984     14439384    0    0  3505 167112 5126 4003   2   1  32  64   0 2018-10-20 15:24:35
 2 34        15832     49050704        15996     15164008    0    0  5361 216272 5121 4724   3   2  31  65   0 2018-10-20 15:24:38
 0 37        15832     48626524        15996     15567120    0    0  2556 124655 2635 3318   2   1  26  71   0 2018-10-20 15:24:41
 0 31        15832     47958100        16004     16161776    0    0 17491 148311 6887 23624   5   3  31  61   0 2018-10-20 15:24:44
 0 32        15832     47546772        16004     16559316    0    0  3493 189019 3814 11300   2   1  44  53   0 2018-10-20 15:24:47
21  6        15832     47953608        16012     16232088    0    0 24573 108771 13420 56350   8   5  35  52   0 2018-10-20 15:24:50
 0 33        15832     50055196        16012     14103420    0    0  6581 231817 7963 24379   3   3  43  51   0 2018-10-20 15:24:53
 0 32        15832     49599644        16020     14545648    0    0  2651 134922 3552 3265   2   1  42  55   0 2018-10-20 15:24:56
 0 28        15832     49731924        16020     14497800    0    0  4633 149797 4372 5926   2   2  38  58   0 2018-10-20 15:24:59
 1 28        15832     50349380        16044     13837596    0    0 13145 133907 6984 37120   6   4  30  61   0 2018-10-20 15:25:02
 1 29        15832     49918432        16044     14257544    0    0  4908 192067 3689 12203   2   1  44  52   0 2018-10-20 15:25:05
 1 28        15832     50622144        16052     13617132    0    0  7797 134630 5844 23003   4   3  30  63   0 2018-10-20 15:25:08
 5 24        15832     49859456        16052     14370456    0    0  9465 209799 8397 19257   5   3  31  61   0 2018-10-20 15:25:11
 0 30        15832     49862560        16060     14335976    0    0  7343 150592 4469 14311   4   2  38  57   0 2018-10-20 15:25:14
 5 23        15832     50273456        16072     13941564    0    0  6113 196536 5861 15880   3   2  39  56   0 2018-10-20 15:25:17
 1 31        15832     49664824        16072     14518604    0    0  5060 169396 3768 8476   3   2  36  60   0 2018-10-20 15:25:20
 0 30        15832     49072248        16080     15090568    0    0  3657 171706 3402 4895   2   1  41  56   0 2018-10-20 15:25:23
 2 28        15832     49212332        16080     14907568    0    0  7795 103564 4452 22161   4   2  28  67   0 2018-10-20 15:25:26
 1 26        15832     49697368        16088     14391336    0    0  7031 198548 4650 19487   3   2  34  60   0 2018-10-20 15:25:29
 2 14        15832     50255320        16088     13939204    0    0  5433 125741 5026 12594   3   2  39  56   0 2018-10-20 15:25:32
 1  1        15832     51816020        17356     13532724    0    0  1991 109672 4053 5730   2   1  85  12   0 2018-10-20 15:25:35
 1  0        15832     51800404        18804     13539844    0    0  2573   296 2660 3743   3   1  95   1   0 2018-10-20 15:25:38
 1  0        15832     51818936        18828     13539840    0    0    21    84 2913 4605   4   2  94   0   0 2018-10-20 15:25:41
 1  0        15832     51805628        19140     13546708    0    0  2597     1 2414 3347   3   1  95   0   0 2018-10-20 15:25:44
 1  2        15832     53031460          568     12322780    0    0   565   443 2123 3261   2   1  96   1   0 2018-10-20 15:25:47
 0  1        15832     65074612         2884       295756    0    0  2676    11 1873 2705   1   2  95   2   0 2018-10-20 15:25:50
 0  1        15832     64989200         5504       324084    0    0 10239    55 2649 5828   2   1  95   2   0 2018-10-20 15:25:53
 0  1        15832     64785332         8872       333624    0    0  3996     0 3402 15745   9   1  89   2   0 2018-10-20 15:25:56
 2  1        15832     64541544        11120       344384    0    0  4404    29 18106 9344   8   1  89   2   0 2018-10-20 15:25:59
10  0        15832     64480936        11856       358204    0    0  4983    13 29409 15455  14   1  84   1   0 2018-10-20 15:26:02
 1  0        15832     64427368        12852       364388    0    0  1960   123 8130 9082  11   1  87   2   0 2018-10-20 15:26:05
 1  0        15832     64733856        15532       472424    0    0 32619  2791 7723 11079   8   1  87   5   0 2018-10-20 15:26:08
 3 29        15832     63802592        15536      1170176    0    0 176700 82372 23372 21585   6   2  53  39   0 2018-10-20 15:26:11
 1 28        15832     62768136        15548      2033916    0    0 192683 75446 99240 25950  13   3  16  68   0 2018-10-20 15:26:14
 3 26        15832     62059880        15700      2682704    0    0 141424 59018 18476 19641   2   2  26  70   0 2018-10-20 15:26:17
 7 22        15832     61171696        15708      3489124    0    0 176139 65747 23238 25586   4   2  24  70   0 2018-10-20 15:26:20
 0 30        15832     60471020        15708      4138772    0    0 104239 170086 13834 23922   3   2  31  65   0 2018-10-20 15:26:23
 2 28        15832     60553408        15716      4011232    0    0 179340 61931 33834 26941   5   3  20  72   0 2018-10-20 15:26:26
 0 29        15832     59651756        15724      4841476    0    0 172980 63671 27673 26925   5   3  23  68   0 2018-10-20 15:26:29
 2 33        15832     59861532        15724      4624480    0    0 38269 152270 11888 13336   2   1  34  63   0 2018-10-20 15:26:32
 0 34        15832     59169864        15732      5329320    0    0 60180 164501 8189 7854   2   1  25  71   0 2018-10-20 15:26:35
 1 33        15832     58604276        15732      5881776    0    0 61555 114377 6463 7150   2   1  35  62   0 2018-10-20 15:26:38
 1 32        15832     57758084        15740      6692696    0    0 120843 131191 10838 11949   3   2  43  52   0 2018-10-20 15:26:41
 1 31        15832     57171684        15740      7264968    0    0 93900 79517 11889 11681   2   1  39  57   0 2018-10-20 15:26:44
 1 30        15832     56401832        15748      8015368    0    0 125835 100069 13244 14293   3   2  43  52   0 2018-10-20 15:26:47
 6 23        15832     56174548        15748      8297308    0    0 65240 159137 12432 18192   4   2  41  54   0 2018-10-20 15:26:50
 0 30        15832     55134004        15756      9195980    0    0 169951 97581 35780 31424   8   5  24  63   0 2018-10-20 15:26:53
 0 29        15832     55130260        16040      9237760    0    0 20783 96197 5544 11848   1   1  30  67   0 2018-10-20 15:26:56
 0 30        15832     54212232        16048     10071460    0    0 151308 120839 44433 35753   9   6  24  61   0 2018-10-20 15:26:59
 0 42        15832     55827216        16048      8469584    0    0 80573 134805 15373 17979   5   4  23  68   0 2018-10-20 15:27:02
 0 42        15832     55322968        16060      8973064    0    0 74387 86047 5479 5203   1   1  25  73   0 2018-10-20 15:27:05
 0 42        15832     54435584        16060      9847884    0    0 138056 141623 9044 8140   3   2  23  72   0 2018-10-20 15:27:08
 2 40        15832     53720860        16068     10541528    0    0 112703 106968 7431 7024   2   2  32  65   0 2018-10-20 15:27:11
 3 39        15832     53075524        16076     11161932    0    0 103033 101675 7341 7412   2   1  29  68   0 2018-10-20 15:27:14
 0 40        15832     53333016        16076     10874588    0    0 78712 157999 9168 9803   2   1  31  65   0 2018-10-20 15:27:17
 0 37        15832     53044052        16084     11332444    0    0 61948 157608 7745 9343   2   2  32  64   0 2018-10-20 15:27:20
 0 35        15832     52603112        16084     11761292    0    0 37983 96323 5632 4963   1   1  39  58   0 2018-10-20 15:27:23
 0 31        15832     51811720        16092     12524688    0    0 94436 125804 22337 14238   6   3  21  70   0 2018-10-20 15:27:26
 0 30        15832     53655692        16092     10636880    0    0 45645 146585 21684 16479   5   3  29  62   0 2018-10-20 15:27:29
 1 29        15832     53308336        16100     10968684    0    0  4329 136551 8390 10164   1   1  50  48   0 2018-10-20 15:27:32
 9 20        15832     54346780        16100     10009620    0    0 19253 193824 6877 8422   3   2  47  48   0 2018-10-20 15:27:35
 0 30        15832     53599796        16108     10674964    0    0 83113 148318 16404 30367   8   5  29  58   0 2018-10-20 15:27:38
14 17        15832     53877956        16108     10401024    0    0 76228 64510 14545 26675   9   5  25  62   0 2018-10-20 15:27:41
 0 39        15832     53932264        16116     10418112    0    0 22916 238904 6865 14337   4   2  31  63   0 2018-10-20 15:27:44
 0 38        15832     53508688        16116     10830464    0    0  4875 127241 2824 3810   1   1  27  71   0 2018-10-20 15:27:47
 0 35        15832     52908360        16124     11412544    0    0  8485 179628 4172 4234   1   1  36  62   0 2018-10-20 15:27:50
 4 31        15832     52121924        16132     12146336    0    0 80712 123553 16985 16284   5   3  25  67   0 2018-10-20 15:27:53
 0 35        15832     51680332        16132     12560936    0    0 44028 141575 10716 15779   4   2  28  66   0 2018-10-20 15:27:56
 0 34        15832     51175224        16140     13098140    0    0 67483 143272 12848 17980   6   3  22  69   0 2018-10-20 15:27:59
 0 35        15832     50619708        16140     13607664    0    0 56948 113881 10692 14061   5   3  19  73   0 2018-10-20 15:28:02
 5 29        15832     50256292        16148     14008496    0    0 45443 167050 11333 23329   5   4  25  66   0 2018-10-20 15:28:05
 0 34        15832     49523048        16148     14637100    0    0 63185 171405 18109 30061   8   5  22  65   0 2018-10-20 15:28:08
 0 33        15832     49466580        16156     14777744    0    0 15131 93117 7295 11471   2   2  29  67   0 2018-10-20 15:28:11
 0 36        15832     51975408        16164     12211696    0    0 50366 176266 18971 43375   9   6  22  63   0 2018-10-20 15:28:14
 0 36        15832     51442964        16164     12740016    0    0 10685 155208 3381 4507   1   1  37  61   0 2018-10-20 15:28:17
 2 34        15832     51037832        16172     13140556    0    0  7101 158280 3150 3434   1   1  42  56   0 2018-10-20 15:28:20
 0 33        15832     50467720        16176     13696536    0    0  8013 207893 3576 8854   1   1  41  57   0 2018-10-20 15:28:23
 0 31        15832     50556964        16184     13617488    0    0 76256 67069 11890 12150   5   3  28  64   0 2018-10-20 15:28:26
 0 33        15832     49800916        16184     14336588    0    0 80480 191121 11614 16631   5   3  31  61   0 2018-10-20 15:28:29
 0 30        15832     51688908        16192     12494760    0    0 86775 128501 20240 55264  12   7  24  57   0 2018-10-20 15:28:32
22  5        15832     51740476        16192     12449060    0    0 28657 78357 13406 40429   7   4  33  56   0 2018-10-20 15:28:35
 2 29        15832     50934376        16200     13215068    0    0 13520 239832 9996 21267   5   3  24  67   0 2018-10-20 15:28:38
 0 30        15832     50614904        16200     13522676    0    0  4072 131800 4199 13411   1   1  40  58   0 2018-10-20 15:28:41
 0 39        15832     51203992        16208     13125520    0    0  5059 218570 5240 5122   3   2  34  61   0 2018-10-20 15:28:44
 1 38        15832     50614032        16208     13706452    0    0  4688 176094 3970 4118   2   1  36  60   0 2018-10-20 15:28:47
 0 39        15832     50090940        16216     14223564    0    0  4275 157769 3664 4480   2   1  32  65   0 2018-10-20 15:28:50
 0 38        15832     49414408        16224     14891304    0    0  4945 207318 6351 4395   2   2  33  63   0 2018-10-20 15:28:53
 0 36        15832     49013392        16224     15288640    0    0  2928 124077 4050 3797   2   1  36  61   0 2018-10-20 15:28:56
 0 33        15832     48383392        16236     15905788    0    0  7044 183070 5622 4766   3   1  36  60   0 2018-10-20 15:28:59
 1 32        15832     47893672        16236     16326244    0    0 21971 162558 7442 27454   4   2  31  63   0 2018-10-20 15:29:02
 5 25        15832     47546524        16244     16663208    0    0 36487 96446 12809 45748   8   5  26  61   0 2018-10-20 15:29:05
11  8        15832     47279336        16244     17018400    0    0 32251 178861 12313 50682   8   5  25  63   0 2018-10-20 15:29:08
 0 33        15832     50767048        16252     13449952    0    0 17293 165422 8193 49784   7   4  32  57   0 2018-10-20 15:29:11
 2 30        15832     50229088        16252     13968216    0    0  3301 173899 3418 7165   2   1  46  51   0 2018-10-20 15:29:14
 1 34        15832     50318720        16260     13929904    0    0  6771 143891 4505 5184   2   1  39  58   0 2018-10-20 15:29:17
 0 33        15832     49713996        16268     14499408    0    0 37341 127695 12661 9034   4   2  30  64   0 2018-10-20 15:29:20
 0 33        15832     48956096        16268     15211400    0    0 65105 202025 27436 19482   6   3  27  64   0 2018-10-20 15:29:23
 7 25        15832     48710940        16276     15470188    0    0 60892 61690 18601 17448   6   3  26  65   0 2018-10-20 15:29:26
 0 28        15832     48481584        16276     15817280    0    0 47112 167795 14037 32106   7   4  28  60   0 2018-10-20 15:29:29
 1 28        15832     50053764        16284     14164944    0    0 19611 193773 13854 55132  10   6  30  55   0 2018-10-20 15:29:32
 1 28        15832     49799576        16284     14397564    0    0  2656 139638 4483 10697   1   1  49  49   0 2018-10-20 15:29:35
 1 38        15832     50203528        16292     14096348    0    0  4823 226088 5905 5094   3   2  37  58   0 2018-10-20 15:29:38
 1 38        15832     49800372        16292     14485364    0    0  2900 116802 2687 3931   2   1  36  61   0 2018-10-20 15:29:41
 0 39        15832     49025364        16300     15241612    0    0  5036 229499 3911 4893   3   1  26  69   0 2018-10-20 15:29:44
 1 38        15832     48603336        16300     15652396    0    0  2915 127948 2620 3542   2   1  28  69   0 2018-10-20 15:29:47
 0 36        15832     47926384        16308     16300528    0    0  4100 197976 3728 4094   3   2  28  67   0 2018-10-20 15:29:50
 1 34        15832     47501300        16308     16713160    0    0  3761 124562 3809 4244   2   1  25  72   0 2018-10-20 15:29:53
 0 31        15832     46930464        16316     17242248    0    0 10643 206253 7311 14711   4   2  34  60   0 2018-10-20 15:29:56
 0 27        15832     46867516        16316     17351788    0    0 11585 81127 7193 23922   4   2  33  60   0 2018-10-20 15:29:59
 0  1        15832     51845304        16332     13492960    0    0  6847 131289 4740 12249   3   2  71  24   0 2018-10-20 15:30:02
 1  0        15832     51846980        19048     13499936    0    0  3195   213 2381 3231   3   1  95   1   0 2018-10-20 15:30:05
 1  0        15832     51831400        19228     13500752    0    0   203   345 3061 4467   4   2  94   0   0 2018-10-20 15:30:08
 0  1        15832     51821620        19520     13502816    0    0   901     3 2606 3684   4   2  94   0   0 2018-10-20 15:30:11
 0  0        15832     51824560        19992     13509220    0    0  1995   487 2119 3309   2   1  96   1   0 2018-10-20 15:30:14
 0  2        15832     65072356         1036       290196    0    0   664   356 1805 2936   1   3  96   1   0 2018-10-20 15:30:18
 1  1        15832     65041844         4204       305748    0    0  5800     0 2254 3109   1   1  95   3   0 2018-10-20 15:30:21
 0  1        15832     64847112         5716       330156    0    0  8503    55 3097 14997   7   1  91   2   0 2018-10-20 15:30:24
 3  1        15832     64671600        10624       340244    0    0  5117    23 8826 9129  10   0  86   3   0 2018-10-20 15:30:27
 1  0        15832     64492312        11628       354136    0    0  4781    23 17837 9524  12   1  86   2   0 2018-10-20 15:30:30
 1  1        15832     64436696        12012       363124    0    0  2791   395 30022 17357  15   1  82   2   0 2018-10-20 15:30:33
 0  0        15832     64785216        14960       445164    0    0 24013  1973 12271 11486   6   1  90   2   0 2018-10-20 15:30:36
 0 37        15832     64011396        14968      1137456    0    0 153184 117505 6944 7407   2   1  64  33   0 2018-10-20 15:30:39
 0 37        15832     63384432        14972      1737988    0    0 109600 86361 6023 5550   1   1  45  53   0 2018-10-20 15:30:42
 0 36        15832     62533992        14996      2541544    0    0 160541 106408 8694 7825   2   1  33  64   0 2018-10-20 15:30:45
 0 35        15832     61577236        15004      3422988    0    0 177095 111683 16931 8052   4   1  36  58   0 2018-10-20 15:30:48
 0 34        15832     60795812        15004      4147708    0    0 131867 104945 14550 7643   1   1  35  63   0 2018-10-20 15:30:51
 0 31        15832     60236976        15012      4672500    0    0 92024 77251 11034 7357   1   1  33  65   0 2018-10-20 15:30:54
 2 28        15832     59350812        15012      5452344    0    0 140120 97417 24645 17494   3   2  28  67   0 2018-10-20 15:30:57
 0 29        15832     59559120        15020      5111872    0    0 173128 73866 25660 25356   5   3  20  72   0 2018-10-20 15:31:00
 0 30        15832     59081576        15152      5547452    0    0 56196 150302 9323 15810   2   1  20  77   0 2018-10-20 15:31:03
 0 29        15832     59958924        15160      4646456    0    0 136606 50647 36594 21175   4   3  25  68   0 2018-10-20 15:31:06
 1 30        15832     59078724        15160      5431532    0    0 160731 92828 40128 25155   6   3  27  63   0 2018-10-20 15:31:09
 1 29        15832     58823064        15172      5736612    0    0 75832 119133 13858 20512   3   2  43  52   0 2018-10-20 15:31:12
 1 30        15832     57963904        15172      6506816    0    0 151063 92562 33396 25428   7   4  39  51   0 2018-10-20 15:31:15
 1 29        15832     58125688        15180      6375152    0    0 97223 115263 19185 23632   5   3  46  46   0 2018-10-20 15:31:18
 1 30        15832     57214916        15180      7107176    0    0 114688 154692 45293 30576   7   4  42  47   0 2018-10-20 15:31:21
 1 37        15832     57403216        15188      6941868    0    0  8613 111548 2972 3335   1   1  41  57   0 2018-10-20 15:31:24
 3 34        15832     56681892        15188      7645044    0    0 42368 184651 7280 5724   2   1  43  54   0 2018-10-20 15:31:27
 4 33        15832     55854120        15196      8447744    0    0 114248 130701 18017 12293   3   2  38  56   0 2018-10-20 15:31:30
 1 35        15832     55249108        15196      9032548    0    0 81472 95431 13616 9690   3   1  37  59   0 2018-10-20 15:31:33
 4 33        15832     54419236        15204      9808192    0    0 106833 126131 17560 12471   4   2  36  59   0 2018-10-20 15:31:36
 1 35        15832     54186392        15204     10103760    0    0 48856 169171 9841 12103   2   1  37  60   0 2018-10-20 15:31:39
 1 35        15832     53613236        15212     10652424    0    0 70551 91690 14469 10141   3   2  29  66   0 2018-10-20 15:31:42
 6 31        15832     52747164        15212     11452708    0    0 108477 124725 24790 13969   5   3  31  61   0 2018-10-20 15:31:45
 5 31        15832     52649332        15220     11669620    0    0 36377 153082 13521 11384   3   2  34  62   0 2018-10-20 15:31:48
 2 30        15832     52014040        15228     12274900    0    0 83740 87581 15429 12338   5   3  29  64   0 2018-10-20 15:31:51
 2 30        15832     51258452        15228     12952392    0    0 83533 168514 44291 26278   7   4  30  59   0 2018-10-20 15:31:54
 4 25        15832     50922076        15776     13264376    0    0 72008 55531 16245 31497   9   5  28  58   0 2018-10-20 15:31:57
 1 36        15832     53565596        15776     10601484    0    0 16568 239435 4815 4718   2   2  37  59   0 2018-10-20 15:32:00
 4 32        15832     53209324        16060     10953560    0    0  8125 107269 3062 3255   1   1  43  55   0 2018-10-20 15:32:03
 1 32        15832     53181828        16060     10959876    0    0 39095 172120 7077 9831   2   1  45  52   0 2018-10-20 15:32:06
 2 31        15832     53061908        16068     11216508    0    0 52092 129214 8705 9980   2   2  38  58   0 2018-10-20 15:32:09
 7 24        15832     52219692        16068     11996888    0    0 122875 94932 17237 13392   5   3  37  55   0 2018-10-20 15:32:12
 1 29        15832     54286988        16076      9916004    0    0 39123 187080 11531 16477   4   3  35  59   0 2018-10-20 15:32:15
 1 30        15832     53758088        16076     10435288    0    0 72464 101645 23759 41524   9   6  28  57   0 2018-10-20 15:32:18
 1 29        15832     53252712        16084     10960248    0    0 81276 126208 54441 62554  12   8  28  52   0 2018-10-20 15:32:21
 2 38        15832     53556296        16084     10756468    0    0  7149 154752 5578 7369   2   1  36  61   0 2018-10-20 15:32:24
 1 38        15832     52829696        16092     11479588    0    0  9083 221561 4196 4145   2   1  35  62   0 2018-10-20 15:32:27
 1 39        15832     52339148        16092     11961440    0    0  4377 149246 3125 3172   1   1  42  56   0 2018-10-20 15:32:30
 1 36        15832     51791236        16100     12499844    0    0 10067 163147 5654 4098   2   1  40  58   0 2018-10-20 15:32:33
 1 36        15832     51132772        16100     13128516    0    0 62195 108844 32744 16327   6   3  24  67   0 2018-10-20 15:32:36
 2 33        15832     50458856        16108     13750940    0    0 27176 159994 13248 9799   3   2  34  61   0 2018-10-20 15:32:39
 1 34        15832     50169156        16108     14033116    0    0  4215 158031 5344 8775   1   1  45  53   0 2018-10-20 15:32:42
 1 32        15832     49757352        16116     14412504    0    0 22735 157877 7732 8866   3   2  39  56   0 2018-10-20 15:32:45
 2 29        15832     49138748        16116     15018480    0    0 54424 92926 44530 39461   8   5  29  58   0 2018-10-20 15:32:48
10 12        15832     48859520        16124     15329700    0    0 45419 149859 13702 57301   9   5  35  51   0 2018-10-20 15:32:51
 2 33        15832     52044760        16128     12086680    0    0 16961 192036 6192 30859   5   4  39  52   0 2018-10-20 15:32:54
 2 30        15832     51507404        16136     12603648    0    0  3892 159508 3263 7159   1   1  44  53   0 2018-10-20 15:32:57
 1 35        15832     51528180        16136     12686244    0    0 14903 194552 4059 4128   2   2  40  56   0 2018-10-20 15:33:00
 7 26        15832     51091388        16144     13103424    0    0 32140 90875 4954 6180   2   2  40  56   0 2018-10-20 15:33:03
 1 32        15832     50265880        16144     13847716    0    0 96121 167233 11172 18741   6   3  34  57   0 2018-10-20 15:33:06
 2 30        15832     50272488        16152     13950608    0    0 24289 81965 5537 10330   2   2  45  51   0 2018-10-20 15:33:09
 1 29        15832     51644880        16152     12514508    0    0 59745 186864 49324 60656  10   6  33  51   0 2018-10-20 15:33:12
 1 29        15832     51717972        16160     12525348    0    0  6477 138816 11998 8246   3   2  34  61   0 2018-10-20 15:33:15
 2 28        15832     51443712        16160     12766116    0    0 10859 158076 9575 16108   4   2  37  57   0 2018-10-20 15:33:18
 2 37        15832     51784504        16168     12422672    0    0 34073 205203 21049 51953   8   5  33  55   0 2018-10-20 15:33:21
 1 38        15832     51369784        16176     12834948    0    0  3341 130744 2709 3351   2   1  36  61   0 2018-10-20 15:33:24
 1 37        15832     50686392        16176     13507640    0    0  5932 203218 5100 4333   3   2  40  56   0 2018-10-20 15:33:27
 2 37        15832     50177352        16184     14000392    0    0  4045 150253 4155 3714   2   1  38  59   0 2018-10-20 15:33:30
 2 37        15832     49487672        16184     14672464    0    0  5321 207895 5562 4405   3   2  38  57   0 2018-10-20 15:33:33
 1 32        15832     49135244        16192     15013172    0    0  4549 99689 3704 4886   2   1  40  57   0 2018-10-20 15:33:36
 1 30        15832     48852728        16192     15314432    0    0 35437 169782 12777 39315   6   3  32  59   0 2018-10-20 15:33:39
 8  3        15832     48097404        16200     16068196    0    0 23917 184301 18878 30446   6   3  31  60   0 2018-10-20 15:33:42
 1 32        15832     51141828        16208     12974972    0    0 14752 122982 15124 40252   5   3  40  52   0 2018-10-20 15:33:45
12 21        15832     50517748        16208     13578260    0    0  3476 225700 3587 6600   2   1  43  54   0 2018-10-20 15:33:48
 2 30        15832     50556420        16216     13616520    0    0  4124 170566 3699 4700   2   1  39  58   0 2018-10-20 15:33:51
 2 28        15832     50094540        16220     14067236    0    0  6663 126769 4064 9832   3   2  35  61   0 2018-10-20 15:33:54
 2 28        15832     51043404        16228     13099636    0    0 33457 175449 14484 61981   9   5  35  51   0 2018-10-20 15:33:57
 2 28        15832     50867416        16228     13231392    0    0  9573 170851 7131 15581   4   2  29  64   0 2018-10-20 15:34:00
11  5        15832     50721340        16236     13340920    0    0 13096 139940 8005 25706   5   3  37  56   0 2018-10-20 15:34:03
 8 22        15832     50783656        16236     13330976    0    0 24444 179813 10390 54928   7   4  34  54   0 2018-10-20 15:34:06
 1 30        15832     50351468        16244     13688692    0    0 17693 135684 7509 34937   6   3  37  54   0 2018-10-20 15:34:09
 1 36        15832     50164720        16244     13948052    0    0  5687 242272 7382 6204   4   2  33  61   0 2018-10-20 15:34:12
 1 34        15832     49772356        16252     14334108    0    0  2937 117162 3570 3872   2   1  33  65   0 2018-10-20 15:34:15
 1 35        15832     49020268        16252     15070412    0    0  5503 223356 5809 4827   3   2  32  63   0 2018-10-20 15:34:18
 1 33        15832     48449496        16260     15633600    0    0  4387 173617 4860 4316   2   1  36  60   0 2018-10-20 15:34:21
25  6        15832     48010164        16260     16045788    0    0 12165 99256 15295 19388   4   2  34  60   0 2018-10-20 15:34:24
 1 23        15832     47683948        16268     16436424    0    0 38016 195996 34069 87189  12   6  35  47   0 2018-10-20 15:34:27
 1 15        15832     50430772        16268     13676368    0    0  2201 125743 2814 10199   1   1  53  45   0 2018-10-20 15:34:30
 1  5        15832     50299324        16276     13927556    0    0   685 223351 2673 2994   1   1  74  24   0 2018-10-20 15:34:33
 1  1        15832     52213740        16276     13127240    0    0   101 87790 2283 3478   1   1  90   8   0 2018-10-20 15:34:36
 2  0        15832     52191288        18612     13134172    0    0  3068   224 2354 3379   3   1  95   1   0 2018-10-20 15:34:39
 2  0        15832     52198164        18796     13135072    0    0   201   260 2994 4274   4   2  94   0   0 2018-10-20 15:34:42
 1  1        15832     52196012        19220     13138884    0    0  1535     3 2674 3795   4   2  95   0   0 2018-10-20 15:34:45
 2  0        15832     52174220        19504     13143752    0    0  1348    69 2143 3801   2   1  97   1   0 2018-10-20 15:34:48
 1  2        15832     65057856         2280       290996    0    0   999   362 1704 2715   0   2  95   2   0 2018-10-20 15:34:51
 1  0        15832     65054324         4016       299856    0    0  3539   324 2311 3116   1   1  94   4   0 2018-10-20 15:34:54
 0  1        15832     64876256         5996       329272    0    0 10581    88 3520 11803   5   1  93   1   0 2018-10-20 15:34:57
 0  1        15832     64712076        10692       339956    0    0  4948     0 7356 12536   8   1  89   3   0 2018-10-20 15:35:00
 2  1        15832     64517772        11804       348452    0    0  3256    39 14550 8964  11   1  87   2   0 2018-10-20 15:35:03
 0  1        15832     64465888        12596       363120    0    0  4824   100 33122 16172  16   1  81   2   0 2018-10-20 15:35:06
 1  1        15832     64386228        15316       371308    0    0  2843   506 9305 8987   7   0  91   1   0 2018-10-20 15:35:09
 0 41        15832     64183988        15452       977764    0    0 123606 77735 5713 10042   2   1  69  28   0 2018-10-20 15:35:12
 3 38        15832     63270848        15452      1875804    0    0 164643 133485 6777 5940   1   1  50  48   0 2018-10-20 15:35:15
 0 40        15832     62625408        15468      2505968    0    0 123240 83371 5570 5069   1   1  46  52   0 2018-10-20 15:35:18
 0 41        15832     61829864        15480      3275664    0    0 155620 100572 6773 6439   1   1  47  50   0 2018-10-20 15:35:21
 3 40        15832     60906924        15488      4168364    0    0 180957 111869 7475 6285   1   1  47  51   0 2018-10-20 15:35:24
 1 39        15832     60196520        15496      4829740    0    0 129731 87124 8849 5398   4   1  48  47   0 2018-10-20 15:35:27
 0 36        15832     59531040        15496      5451720    0    0 111011 93684 13493 5860   2   1  41  56   0 2018-10-20 15:35:30
 2 29        15832     58688752        15504      6218596    0    0 132191 116853 17634 8679   2   1  32  65   0 2018-10-20 15:35:33
 4 25        15832     59754760        15504      5027912    0    0 148233 91692 28597 17580   3   2  28  67   0 2018-10-20 15:35:36
 5 25        15832     59013760        15512      5665924    0    0 130600 51892 35308 18022   3   2  27  68   0 2018-10-20 15:35:39
 0 30        15832     58337216        15512      6277924    0    0 91671 166075 22042 20039   3   2  29  66   0 2018-10-20 15:35:42
 0 29        15832     59054292        15520      5541064    0    0 172391 62695 26230 26149   6   3  39  53   0 2018-10-20 15:35:45
 1 29        15832     58282936        15520      6219376    0    0 114563 150590 28242 23773   5   3  39  54   0 2018-10-20 15:35:48
 0 29        15832     58587704        15532      6017104    0    0 99273 55925 18083 17254   4   2  33  61   0 2018-10-20 15:35:51
 0 30        15832     57793872        15540      6716956    0    0 134203 125214 22558 26886   6   3  26  65   0 2018-10-20 15:35:54
 7 22        15832     57611592        15540      6941656    0    0 133029 97598 21409 28718   7   4  27  62   0 2018-10-20 15:35:57
 1 36        15832     57408072        15548      7140904    0    0 60073 206853 10825 17666   4   3  27  67   0 2018-10-20 15:36:00
 0 37        15832     57014264        15548      7545668    0    0  8416 121725 2752 3044   1   1  23  75   0 2018-10-20 15:36:03
 0 36        15832     56274324        15556      8279504    0    0 95421 134882 15535 9319   3   2  43  52   0 2018-10-20 15:36:06
 1 35        15832     55456256        15556      9078136    0    0 113487 130980 15078 10499   3   2  39  55   0 2018-10-20 15:36:09
 0 34        15832     54839584        15564      9669940    0    0 70819 110520 11452 8280   3   1  39  57   0 2018-10-20 15:36:12
 0 35        15832     54121372        15572     10345536    0    0 92581 109864 41348 11268   4   2  38  57   0 2018-10-20 15:36:15
 0 36        15832     53642032        15572     10817000    0    0 44033 174938 13752 11443   2   1  44  52   0 2018-10-20 15:36:18
 0 34        15832     53403768        15580     11114568    0    0 70848 84697 18730 10801   4   2  41  53   0 2018-10-20 15:36:21
 0 33        15832     52521704        15580     11919108    0    0 110309 121656 20976 14837   6   3  36  55   0 2018-10-20 15:36:24
 0 31        15832     51946504        15588     12413680    0    0 46733 164218 11851 20898   4   2  41  53   0 2018-10-20 15:36:27
10 21        15832     51575120        15588     12804592    0    0 92173 63817 29339 23869   8   5  29  59   0 2018-10-20 15:36:30
 1 29        15832     51464356        15596     13081836    0    0 50915 158671 15837 21115   5   3  40  52   0 2018-10-20 15:36:33
 0 30        15832     50798032        15596     13651104    0    0 84183 111408 27454 41662  11   6  29  54   0 2018-10-20 15:36:36
 0 30        15832     50328696        15604     14158196    0    0  6641 225482 5278 5984   2   1  45  52   0 2018-10-20 15:36:39
 1 29        15832     51035948        15604     13304644    0    0 73184 70065 18816 35311   9   6  32  53   0 2018-10-20 15:36:42
 0 30        15832     52849676        15612     11479560    0    0  3387 226753 3831 8933   1   1  44  53   0 2018-10-20 15:36:45
 0 31        15832     52454124        15612     11865368    0    0  3036 119560 2484 3352   1   1  41  57   0 2018-10-20 15:36:48
 1 28        15832     52885804        15620     11534488    0    0  5115 171629 5056 4567   2   1  43  54   0 2018-10-20 15:36:51
 1 28        15832     52195900        15620     12159612    0    0 58791 87008 45417 44948   8   5  32  55   0 2018-10-20 15:36:54
10 19        15832     53979772        15656     10411052    0    0 14605 199016 9512 16422   3   2  43  51   0 2018-10-20 15:36:57
 1 29        15832     53276596        15656     10988076    0    0 65801 131435 25909 48275  10   6  30  55   0 2018-10-20 15:37:00
 0 29        15832     52799192        15664     11478388    0    0 63027 107083 45345 56488  11   7  27  55   0 2018-10-20 15:37:03
 0 39        15832     53060596        15664     11330672    0    0  8137 197741 10133 11645   2   1  48  48   0 2018-10-20 15:37:06
 0 39        15832     52522372        15672     11856520    0    0  4549 162788 3408 3730   2   1  39  58   0 2018-10-20 15:37:09
 0 39        15832     51918868        15672     12445116    0    0  6005 180909 3964 3878   2   1  37  60   0 2018-10-20 15:37:12
 2 37        15832     51429436        15680     12926200    0    0  4803 147079 3591 3537   2   1  41  57   0 2018-10-20 15:37:15
 0 38        15832     50852528        15680     13494104    0    0  6224 176301 4582 3745   2   1  40  57   0 2018-10-20 15:37:18
 3 32        15832     50510788        15688     13818056    0    0 13940 85359 5740 6576   2   1  38  59   0 2018-10-20 15:37:21
 1 34        15832     49615856        15696     14648256    0    0 51584 184121 15802 17898   6   3  26  65   0 2018-10-20 15:37:24
 0 35        15832     49179820        15696     15073972    0    0  5339 198565 3521 9127   1   1  51  47   0 2018-10-20 15:37:27
 6 26        15832     49074904        15704     15287520    0    0 39475 73628 18109 23047   5   3  32  60   0 2018-10-20 15:37:30
 0 32        15832     48372648        15704     15921800    0    0 44005 193617 20050 40076   7   4  29  60   0 2018-10-20 15:37:33
13 15        15832     47903920        15712     16304248    0    0 55332 79179 41839 49776  10   6  20  64   0 2018-10-20 15:37:36
 5 28        15832     47651656        15712     16609148    0    0 30192 178790 17001 37282   6   4  36  54   0 2018-10-20 15:37:39
 0 41        15832     50939868        15720     13280288    0    0 50856 194174 8889 11660   4   4  26  66   0 2018-10-20 15:37:42
 1 41        15832     50488016        15720     13722400    0    0 13005 128002 3345 3629   1   1  36  62   0 2018-10-20 15:37:45
 0 40        15832     49763044        15728     14439648    0    0 24711 203972 4755 4366   2   1  35  61   0 2018-10-20 15:37:48
 0 38        15832     49514740        15728     14680132    0    0 17912 93447 3226 3879   1   1  36  62   0 2018-10-20 15:37:51
 0 37        15832     49196108        15736     15101968    0    0 70449 162190 10858 13019   4   2  31  64   0 2018-10-20 15:37:54
 0 36        15832     48260908        15736     15982800    0    0 115709 140769 17066 11606   6   2  29  63   0 2018-10-20 15:37:57
 0 35        15832     47774084        15744     16444060    0    0 64345 125317 12836 12231   4   2  32  62   0 2018-10-20 15:38:00
 0 31        15832     47599144        15744     16684112    0    0 33195 119887 5516 9354   3   1  35  61   0 2018-10-20 15:38:03
23  1        15832     51366800        15756     12927568    0    0 47524 148569 17317 87131  11   8  30  51   0 2018-10-20 15:38:06
 0 30        15832     50689564        15756     13487460    0    0 36484 158968 51007 68753  11   6  35  48   0 2018-10-20 15:38:09
 1 39        15832     50427092        15764     13818472    0    0  4241 164765 4605 4666   2   1  32  65   0 2018-10-20 15:38:12
 0 40        15832     49662260        15772     14565004    0    0  5884 228702 4287 4203   3   2  31  65   0 2018-10-20 15:38:15
 0 40        15832     49256780        15772     14966528    0    0  3583 120651 2931 3774   2   1  35  62   0 2018-10-20 15:38:18
 4 36        15832     48545908        15780     15665908    0    0  5765 212703 4288 4199   3   2  35  61   0 2018-10-20 15:38:21
 0 40        15832     47924488        15780     16275780    0    0  4868 186942 4068 4011   3   1  32  64   0 2018-10-20 15:38:24
 2 35        15832     47496420        15788     16690164    0    0  4128 127828 3404 4184   2   1  34  63   0 2018-10-20 15:38:27
 0 31        15832     46867564        15788     17299160    0    0  6812 180801 8627 5826   3   2  37  59   0 2018-10-20 15:38:30
 0 32        15832     46648708        15796     17492580    0    0  8151 136564 12186 15352   2   1  45  52   0 2018-10-20 15:38:33
 3 28        15832     46303356        15796     17892928    0    0 41759 167857 23026 66494  10   6  27  57   0 2018-10-20 15:38:36
 3 13        15832     48312928        15804     15861988    0    0 26435 103905 44969 51279   9   6  23  61   0 2018-10-20 15:38:39
 0 33        15832     49934132        15804     14218880    0    0  5393 238167 9023 13644   3   2  42  53   0 2018-10-20 15:38:42
 0 31        15832     49372404        15812     14775484    0    0  3633 169998 4485 5023   2   2  37  60   0 2018-10-20 15:38:45
 0 34        15832     49420956        15812     14865936    0    0  9688 145644 3616 4240   2   2  38  59   0 2018-10-20 15:38:48
 2 32        15832     48729220        15820     15479200    0    0 65076 128401 13404 21343   7   4  32  58   0 2018-10-20 15:38:51
 0 32        15832     48571920        15820     15714256    0    0 37456 122521 19548 13830   4   3  39  54   0 2018-10-20 15:38:54
 0  1        15832     51482732        15844     13855552    0    0 33532 108397 10871 10552   3   3  74  20   0 2018-10-20 15:38:57
 1  0        15832     51496640        18308     13863124    0    0  3112   181 2585 4065   3   1  95   1   0 2018-10-20 15:39:00
 1  0        15832     51468816        18348     13863336    0    0   157   440 2875 4212   4   2  94   1   0 2018-10-20 15:39:03
 0  1        15832     51469116        18892     13868448    0    0  1640     3 2600 3718   4   2  94   0   0 2018-10-20 15:39:06
 2  0        15832     51462188        19052     13871968    0    0  1216   276 2170 3363   2   1  96   1   0 2018-10-20 15:39:09
 0  1        15832     65073352         2348       292228    0    0  1193   385 1751 2820   0   3  95   2   0 2018-10-20 15:39:12
 0  1        15832     65022140         5976       308208    0    0  6661   136 2497 3208   1   1  95   3   0 2018-10-20 15:39:15
 0  1        15832     64817644         7584       330412    0    0  7884     1 3491 15655   7   1  91   1   0 2018-10-20 15:39:18
 4  0        15832     64660080        11632       341156    0    0  4728   116 8970 8482  10   0  87   3   0 2018-10-20 15:39:21
 0  1        15832     64483584        12628       354740    0    0  4952    16 15055 9018  13   1  85   2   0 2018-10-20 15:39:24
 1  0        15832     64436036        12984       362780    0    0  2504   147 24845 17044  16   1  82   2   0 2018-10-20 15:39:27
 2  5        15832     64875448        16276       398264    0    0  8737  2059 5290 11470   7   1  90   2   0 2018-10-20 15:39:30
 2 30        15832     64021364        16288      1110424    0    0 173132 104518 9437 10708   2   1  69  29   0 2018-10-20 15:39:33
 0 32        15832     63427024        16300      1663180    0    0 107301 74457 7333 7625   1   1  40  58   0 2018-10-20 15:39:36
 1 32        15832     62520928        16300      2490048    0    0 158824 110335 13657 10486   4   1  30  65   0 2018-10-20 15:39:39
 0 30        15832     61665820        16308      3258312    0    0 147825 104391 18516 12692   2   1  31  65   0 2018-10-20 15:39:42
 1 29        15832     60838536        16316      4016668    0    0 155031 84819 29913 17198   2   2  30  66   0 2018-10-20 15:39:45
 0 37        15832     61151680        16316      3653784    0    0 117801 87830 7868 7253   1   1  22  76   0 2018-10-20 15:39:48
 0 36        15832     60288164        16328      4502516    0    0 159349 115838 9341 7832   2   1  33  64   0 2018-10-20 15:39:51
 0 36        15832     59910844        16328      4865820    0    0 155500 120450 8956 7903   2   1  35  62   0 2018-10-20 15:39:54
 0 33        15832     59353992        16336      5403144    0    0 89599 83675 7470 6885   1   1  37  60   0 2018-10-20 15:39:57
 0 31        15832     58610312        16336      6097440    0    0 110329 105694 16485 14041   3   2  34  62   0 2018-10-20 15:40:00
 1 30        15832     57698220        16476      6932828    0    0 133961 113921 21212 19262   4   3  23  70   0 2018-10-20 15:40:03
 0 31        15832     57471324        16484      7134576    0    0 29736 107734 7389 13000   1   1  43  54   0 2018-10-20 15:40:06
 0 29        15832     57923240        16484      6669336    0    0 128659 102828 46988 22382   6   4  27  63   0 2018-10-20 15:40:09
 0 29        15832     57299332        16492      7266416    0    0 34723 147710 12330 7938   2   1  32  64   0 2018-10-20 15:40:12
 1 29        15832     58222992        16492      6273828    0    0 80139 117462 17425 19568   3   2  45  49   0 2018-10-20 15:40:15
 5 24        15832     58203168        16500      6312548    0    0 138620 94269 32372 26623   6   4  44  46   0 2018-10-20 15:40:18
 0 30        15832     57682368        16500      6769080    0    0 65109 130154 13395 18085   4   2  50  44   0 2018-10-20 15:40:21
 0 28        15832     57470356        16508      7024964    0    0 119648 68514 25706 25608   6   4  42  48   0 2018-10-20 15:40:24
 0 30        15832     56961892        16508      7480660    0    0 54209 140489 11238 15193   3   2  42  53   0 2018-10-20 15:40:27
 0 39        15832     56853472        16520      7653472    0    0 13669 190627 4485 4187   2   1  32  66   0 2018-10-20 15:40:30
 0 39        15832     56457852        16520      8047504    0    0  8932 118124 3020 3599   1   1  41  58   0 2018-10-20 15:40:33
 0 38        15832     55711244        16528      8775760    0    0 82436 148645 12047 7649   2   2  38  58   0 2018-10-20 15:40:36
 0 38        15832     55196812        16536      9274448    0    0 68156 85579 9952 6892   2   1  33  64   0 2018-10-20 15:40:39
 0 37        15832     54378124        16536     10056364    0    0 98604 142009 15030 9545   3   2  28  67   0 2018-10-20 15:40:42
 2 34        15832     53715904        16544     10676268    0    0 73651 117353 10105 7910   2   1  28  69   0 2018-10-20 15:40:45
 0 36        15832     53198196        16544     11171536    0    0 68827 144688 10427 9764   2   1  31  66   0 2018-10-20 15:40:48
 4 31        15832     52683400        16552     11703168    0    0 80431 141468 12888 11839   3   2  34  61   0 2018-10-20 15:40:51
 0 33        15832     52022892        16552     12314112    0    0 83325 91891 12328 10655   4   2  28  67   0 2018-10-20 15:40:54
 0 31        15832     51507252        16560     12772232    0    0 54643 140179 12113 12814   3   2  30  65   0 2018-10-20 15:40:57
 0 32        15832     54548032        16560      9765248    0    0 65735 184413 36451 55813   9   7  33  51   0 2018-10-20 15:41:00
 0 31        15832     54161636        16568     10147076    0    0  3124 118800 2638 3375   1   1  46  52   0 2018-10-20 15:41:03
 0 29        15832     53869544        16568     10425156    0    0  9509 189300 6425 6044   2   1  43  54   0 2018-10-20 15:41:06
 1 29        15832     53447284        16576     10833416    0    0  6741 148702 4763 4526   2   1  46  52   0 2018-10-20 15:41:09
 0 30        15832     53123640        16576     11145108    0    0  6728 134428 7566 12067   1   1  45  53   0 2018-10-20 15:41:12
 0 29        15832     54761592        16584      9524900    0    0 90877 107590 51751 43129   9   6  34  52   0 2018-10-20 15:41:15
 2 22        15832     54378104        16584      9979328    0    0 28649 165328 10421 19475   5   2  38  55   0 2018-10-20 15:41:18
 1 28        15832     53872252        16592     10475900    0    0  8635 144223 4129 7435   2   1  37  60   0 2018-10-20 15:41:21
 1 29        15832     53866756        16592     10447888    0    0 25560 169799 14231 22781   4   3  39  54   0 2018-10-20 15:41:24
10 14        15832     54056704        16600     10250828    0    0 59720 80850 55812 44095   9   5  29  56   0 2018-10-20 15:41:27
 4 31        15832     54024940        16600     10360172    0    0 22369 239964 10457 22141   4   2  36  57   0 2018-10-20 15:41:30
 0 34        15832     53615608        16608     10767480    0    0  4724 126488 2719 3267   1   1  41  57   0 2018-10-20 15:41:33
 1 32        15832     52980172        16608     11395632    0    0 10101 188426 5773 5270   2   1  41  56   0 2018-10-20 15:41:36
 0 32        15832     52597576        16616     11774744    0    0 15615 97547 6438 7001   2   1  41  56   0 2018-10-20 15:41:39
 5 29        15832     51720200        16616     12564524    0    0 54187 166053 14477 18193   6   3  33  58   0 2018-10-20 15:41:42
 0 30        15832     51286456        16624     12994024    0    0  5104 130175 4176 3873   2   1  44  54   0 2018-10-20 15:41:45
 1 29        15832     51033708        16624     13257972    0    0 31357 175671 10769 23307   4   3  43  50   0 2018-10-20 15:41:48
 0 30        15832     50510864        16632     13706660    0    0 41692 126954 11612 37774   6   4  40  50   0 2018-10-20 15:41:51
 0 32        15832     52813172        16640     11436136    0    0 55156 139253 17928 74000  11   7  32  50   0 2018-10-20 15:41:54
 1 30        15832     52476720        16668     11766596    0    0  1819 152317 2848 8476   1   1  49  50   0 2018-10-20 15:41:57
 1 31        15832     51822384        16676     12399364    0    0  4321 194473 3959 4039   2   1  44  53   0 2018-10-20 15:42:00
 0 37        15832     51787448        16676     12529208    0    0 85357 129074 9722 7776   3   2  40  55   0 2018-10-20 15:42:03
 1 36        15832     51071108        16684     13199136    0    0 99695 97607 12058 9051   4   2  41  53   0 2018-10-20 15:42:06
 0 38        15832     50373080        16684     13855924    0    0 98556 167991 9852 10952   4   2  35  59   0 2018-10-20 15:42:09
 0 34        15832     50029844        16692     14285556    0    0 72584 128375 9319 9872   3   2  38  57   0 2018-10-20 15:42:12
 1 30        15832     49386892        16700     14852776    0    0 76240 92246 23845 23476   8   4  33  55   0 2018-10-20 15:42:15
 0 30        15832     51966864        16700     12268396    0    0 46365 152510 41080 70760  10   6  39  44   0 2018-10-20 15:42:18
 0 39        15832     51955460        16708     12370416    0    0  4551 201551 4866 9969   2   1  37  60   0 2018-10-20 15:42:21
 1 36        15832     51450964        16708     12867988    0    0  3703 153511 3381 3570   2   1  38  59   0 2018-10-20 15:42:24
 0 38        15832     50860728        16716     13445460    0    0  4841 178565 4399 3695   2   1  41  56   0 2018-10-20 15:42:27
 0 36        15832     50276560        16716     14014636    0    0  5383 171996 5648 3923   2   1  39  57   0 2018-10-20 15:42:30
 1 37        15832     49633832        16724     14643396    0    0  4867 194234 5368 4119   2   1  42  55   0 2018-10-20 15:42:33
 0 35        15832     49167072        16724     15096964    0    0  4928 138274 4410 4174   2   1  41  56   0 2018-10-20 15:42:36
 2 30        15832     48511564        16732     15723400    0    0 12804 177662 12223 8928   3   2  35  60   0 2018-10-20 15:42:39
 0 33        15832     48113608        16740     16061176    0    0 14204 145868 7128 17120   3   2  40  56   0 2018-10-20 15:42:42
 2 27        15832     47622404        16744     16565952    0    0 33655 149058 57310 49379   8   5  27  60   0 2018-10-20 15:42:45
 0 30        15832     47292736        16752     16852748    0    0 12509 130819 16253 24746   3   2  45  50   0 2018-10-20 15:42:48
 0 33        15832     51289324        16752     12893628    0    0 35959 154835 48028 87608  11   8  31  50   0 2018-10-20 15:42:51
 0 32        15832     50907940        16760     13259756    0    0  1951 127476 2779 6580   1   1  43  54   0 2018-10-20 15:42:54
 0 35        15832     50775696        16760     13556036    0    0  6580 214314 5528 4713   2   2  43  53   0 2018-10-20 15:42:57
 2 30        15832     50118812        16768     14151140    0    0 53823 103206 11189 16896   5   3  31  61   0 2018-10-20 15:43:00
 0 31        15832     49842900        16768     14468552    0    0 50877 169275 10424 18163   5   3  33  59   0 2018-10-20 15:43:03
 0 32        15832     48948484        16776     15234644    0    0 88392 176448 16500 31144   9   5  28  58   0 2018-10-20 15:43:06
19 11        15832     48892160        16776     15371240    0    0 25868 73220 6272 13788   3   2  36  58   0 2018-10-20 15:43:09
 2 29        15832     50354796        16784     13827152    0    0 36544 183133 12027 63993  10   6  34  51   0 2018-10-20 15:43:12
 1 38        15832     50139904        16792     14212084    0    0  4881 263503 6781 7508   3   2  37  57   0 2018-10-20 15:43:15
 0 39        15832     49744272        16792     14597864    0    0  2583 115254 2935 3828   2   1  32  65   0 2018-10-20 15:43:18
 0 39        15832     48944500        16800     15382040    0    0  4317 239978 5993 4849   3   2  34  61   0 2018-10-20 15:43:21
 0 38        15832     48533112        16800     15777460    0    0  2611 120338 3792 4071   2   1  35  62   0 2018-10-20 15:43:24
 2 35        15832     47768564        16808     16513160    0    0  4504 224351 13931 4593   3   2  29  65   0 2018-10-20 15:43:27
 0 36        15832     47376896        16808     16893264    0    0  1921 119540 3759 3524   2   1  38  60   0 2018-10-20 15:43:30
 1 32        15832     46705168        16816     17527808    0    0  4779 192073 5306 5051   3   2  43  53   0 2018-10-20 15:43:33
 0 31        15832     46361584        16816     17849528    0    0  3321 157538 4348 7551   2   1  40  57   0 2018-10-20 15:43:36
 0 29        15832     46059884        16960     18123368    0    0 17484 139712 36122 37026   6   4  41  50   0 2018-10-20 15:43:39
 0 32        15832     50133992        16960     13979220    0    0 13211 194529 7877 42444   6   4  44  47   0 2018-10-20 15:43:42
 0 32        15832     49643924        16968     14454088    0    0  2696 149524 3445 6815   2   1  40  58   0 2018-10-20 15:43:45
 0 28        15832     49807564        16976     14429244    0    0  5399 199531 5718 7893   3   2  38  57   0 2018-10-20 15:43:48
 0 21        15832     49368732        16976     14835308    0    0  5563 111705 5859 9061   3   2  31  64   0 2018-10-20 15:43:51
 0  1        15832     52053968        17340     13295092    0    0  4995 106847 5151 12857   3   2  84  11   0 2018-10-20 15:43:54
 1  0        15832     52040312        19372     13303200    0    0  2973   220 2655 3803   3   1  95   1   0 2018-10-20 15:43:57
 1  0        15832     52054656        19412     13303340    0    0    21    75 3028 4256   4   2  94   0   0 2018-10-20 15:44:00
 2  0        15832     52039888        19984     13312460    0    0  3025     1 2452 3385   3   1  95   1   0 2018-10-20 15:44:03
 1  0        15832     52056160        20000     13312536    0    0     1   151 1731 2331   4   1  95   0   0 2018-10-20 15:44:06
 1  0        15832     52047808        20008     13312356    0    0     0   179 1605 2204   3   1  95   1   0 2018-10-20 15:44:09
 1  0        15832     52051632        20008     13312492    0    0     0    86 1906 2547   3   1  95   0   0 2018-10-20 15:44:12
 1  0        15832     52055540        20016     13312564    0    0     0   445 1712 2411   3   1  95   0   0 2018-10-20 15:44:15
 1  0        15832     52048848        20016     13312560    0    0     0     0 1644 2745   3   1  95   0   0 2018-10-20 15:44:18
 1  0        15832     52058172        20024     13312496    0    0     0    31 1627 2284   3   1  95   0   0 2018-10-20 15:44:21
 1  0        15832     52052916        20032     13312496    0    0     0    11 1678 2315   4   1  95   0   0 2018-10-20 15:44:24
 1  0        15832     52054732        20032     13312540    0    0     0     0 1633 2348   3   1  95   0   0 2018-10-20 15:44:27
 2  0        15832     52016228        20044     13315524    0    0   496   832 2575 3931   4   2  94   0   0 2018-10-20 15:44:30
