procs -----------------------memory---------------------- ---swap-- -----io---- -system-- --------cpu-------- -----timestamp-----
 r  b         swpd         free         buff        cache   si   so    bi    bo   in   cs  us  sy  id  wa  st                 PDT
 2  0        14216     20798980        38668     44389148    0    0   309   741    1    1   0   0  93   6   0 2018-10-31 18:03:13
 1  0        14216     20764156        38672     44389188    0    0   104   100 1960 2924   4   1  94   0   0 2018-10-31 18:03:16
 1  0        14216     21486788          784     43707164    0    0  2271   298 2448 3163   1   2  95   1   0 2018-10-31 18:03:19
 1  1        14216     33332128         2288     31903356    0    0  2149     5 1715 2603   0   3  95   2   0 2018-10-31 18:03:22
 0  1        14216     33255200         5268     31929996    0    0  9100   437 2588 4062   2   1  94   3   0 2018-10-31 18:03:25
 4  1        14216     33038724         7748     31942560    0    0  5075    60 3550 16845   9   0  89   2   0 2018-10-31 18:03:28
 2  1        14216     32933184        11832     31951256    0    0  4112     0 3890 6762   4   0  92   4   0 2018-10-31 18:03:31
 1  0        14216     32756096        13100     31965112    0    0  4897    40 12755 9138  12   1  86   2   0 2018-10-31 18:03:34
 1  1        14216     32684588        13452     31973428    0    0  2759    69 32475 17419  16   1  82   1   0 2018-10-31 18:03:37
 2  0        14216     33178332        16564     31988280    0    0  4048  2540 6771 10047   7   0  89   3   0 2018-10-31 18:03:40
 0  7        14216     32370724        16568     32676808    0    0 135115 105111 6779 8316   1   1  82  15   0 2018-10-31 18:03:43
 0  7        14216     31823552        16600     33208552    0    0 88501 86543 4630 4495   1   1  75  24   0 2018-10-31 18:03:46
 0  5        14216     31139000        16612     33817036    0    0 103572 97143 5969 6657   2   1  77  20   0 2018-10-31 18:03:49
 0  5        14216     31231056        16620     33608996    0    0 79860 71429 12937 6889   5   1  76  18   0 2018-10-31 18:03:52
 0  5        14216     30634172        16620     34117520    0    0 88965 73758 10698 6608   1   1  79  18   0 2018-10-31 18:03:55
 2  3        14216     29853172        16628     34857344    0    0 128353 107267 11608 8866   2   1  80  17   0 2018-10-31 18:03:58
 1  4        14216     29705688        16632     34987816    0    0 90296 76012 7428 6774   1   1  79  18   0 2018-10-31 18:04:01
 2  2        14216     29865348        16904     34712012    0    0 116589  6305 24172 21993   3   2  83  13   0 2018-10-31 18:04:04
 1  4        14216     29452388        16904     35057828    0    0 75236 93853 18112 20001   2   1  82  15   0 2018-10-31 18:04:07
 0  4        14216     29509124        16912     35106512    0    0 86845 38925 17046 18357   3   2  83  13   0 2018-10-31 18:04:10
 3  1        14216     28980196        16912     35542972    0    0 107637    23 20565 22159   4   2  83  11   0 2018-10-31 18:04:13
 0  5        14216     28698296        16920     35785972    0    0 32861 110803 9950 13216   1   1  83  15   0 2018-10-31 18:04:16
 0  9        14216     28556832        16928     36004252    0    0  1068 143684 2341 2820   1   1  77  21   0 2018-10-31 18:04:19
 0  6        14216     28152240        16928     36407948    0    0   584 132978 2191 3012   1   1  79  20   0 2018-10-31 18:04:22
 0  5        14216     27695992        16936     36913664    0    0 75856 81751 8086 8091   2   1  82  15   0 2018-10-31 18:04:25
 3  3        14216     27187272        16936     37406900    0    0 76755 75098 8006 7927   2   1  79  18   0 2018-10-31 18:04:28
 1  4        14216     27358128        16944     37201924    0    0 106604 93254 11249 10874   2   2  79  16   0 2018-10-31 18:04:31
 0  5        14216     27395700        16944     37130432    0    0 76089 75750 8841 8828   2   1  79  18   0 2018-10-31 18:04:34
 0  5        14216     26797352        16956     37698612    0    0 88831 84995 10167 9262   2   1  80  17   0 2018-10-31 18:04:37
 0  5        14216     26283364        16956     38176000    0    0 71177 73299 9322 8604   2   1  80  17   0 2018-10-31 18:04:40
 0  6        14216     26061872        16964     38387752    0    0  9015 129923 2881 7090   1   1  81  18   0 2018-10-31 18:04:43
 0  5        14216     26160108        16964     38343404    0    0 86871 86512 10213 9802   3   1  80  16   0 2018-10-31 18:04:46
 2  3        14216     26401380        16972     38072124    0    0 75055 74032 8425 8556   2   1  81  16   0 2018-10-31 18:04:49
 3  1        14216     26142368        16972     38203120    0    0 96811 23269 17193 18055   4   2  82  11   0 2018-10-31 18:04:52
 0  5        14216     25888148        16980     38439848    0    0 14453 134607 4764 10361   1   1  84  14   0 2018-10-31 18:04:55
 0  6        14216     25931484        16980     38473748    0    0   956 143596 2235 2846   1   1  77  22   0 2018-10-31 18:04:58
 0  5        14216     25661584        16988     38827116    0    0  1887 112343 2124 3018   1   1  80  18   0 2018-10-31 18:05:01
 1  4        14216     25051812        17016     39428348    0    0 83001 94564 11572 10798   3   2  81  15   0 2018-10-31 18:05:04
 1  4        14216     24687952        17016     39787952    0    0  2123 113065 1995 2854   1   1  82  17   0 2018-10-31 18:05:07
 0  4        14216     24402972        17024     40064936    0    0  2911 85839 2431 3041   1   1  83  16   0 2018-10-31 18:05:10
 4  1        14216     24593544        17024     39805484    0    0 82436 87733 11354 10776   3   2  79  16   0 2018-10-31 18:05:13
 0  5        14216     24055388        17032     40288236    0    0 67227 73653 8928 8902   2   1  79  17   0 2018-10-31 18:05:16
 0  5        14216     23678492        17032     40647868    0    0 19981 161387 4067 8053   1   1  81  18   0 2018-10-31 18:05:19
 1  4        14216     25207260        17040     39220676    0    0  2180 122056 2332 3556   1   1  82  16   0 2018-10-31 18:05:22
 0  5        14216     24754312        17052     39740788    0    0 71371 80439 9318 9059   2   1  81  15   0 2018-10-31 18:05:25
 0  5        14216     24313352        17052     40168484    0    0 13089 121933 3252 3819   2   1  82  16   0 2018-10-31 18:05:28
 0  5        14216     24486888        17060     39984088    0    0 35876 103152 4211 4674   2   1  82  15   0 2018-10-31 18:05:31
 2  2        14216     24650504        17060     39768992    0    0 109696 89364 10460 10359   3   2  80  15   0 2018-10-31 18:05:34
 1  8        14216     24820228        17068     39642820    0    0 19301 150648 7249 10367   2   1  81  16   0 2018-10-31 18:05:37
 0  8        14216     24386904        17068     40102128    0    0   615 150151 1977 2705   1   1  79  19   0 2018-10-31 18:05:40
 0  5        14216     24044980        17076     40477268    0    0 19219 96395 4270 4859   1   1  83  15   0 2018-10-31 18:05:43
 0  5        14216     23518384        17076     40948980    0    0 57059 75357 9155 9051   3   1  80  16   0 2018-10-31 18:05:46
 1  5        14216     23839812        17084     40601732    0    0 18227 127560 4388 4921   2   1  80  17   0 2018-10-31 18:05:49
 0  5        14216     23486192        17084     40948684    0    0  1703 109741 1988 2856   1   1  82  17   0 2018-10-31 18:05:52
 0  5        14216     22996908        17092     41430296    0    0  2259 153126 2448 3642   1   1  82  16   0 2018-10-31 18:05:55
 1  4        14216     23061316        17092     41354772    0    0  3420 117988 2498 3273   1   1  81  17   0 2018-10-31 18:05:58
 1  4        14216     22538764        17100     41814104    0    0 55001 76155 8554 8233   3   1  79  17   0 2018-10-31 18:06:01
 0  5        14216     23494848        17100     40839996    0    0  6296 131408 3809 3791   1   1  81  17   0 2018-10-31 18:06:04
 0  6        14216     23493332        17108     40806444    0    0 55137 138771 5469 5764   2   1  81  16   0 2018-10-31 18:06:07
 2  2        14216     23741612        17116     40523436    0    0 29333 71936 6733 9659   2   1  80  17   0 2018-10-31 18:06:10
 0  5        14216     23283688        17116     40868252    0    0 56487 64913 15385 16109   5   3  83   9   0 2018-10-31 18:06:13
 0  7        14216     23557616        17124     40755876    0    0  1213 128898 2191 4919   1   1  83  16   0 2018-10-31 18:06:16
 1  4        14216     23163848        17124     41134372    0    0   727 122426 2031 2809   1   1  78  20   0 2018-10-31 18:06:19
 0  5        14216     22868408        17132     41515668    0    0 24105 91647 5005 5363   1   1  82  15   0 2018-10-31 18:06:22
 0  5        14216     23070516        17132     41288304    0    0 61019 106350 10006 10254   3   2  83  12   0 2018-10-31 18:06:25
 1  5        14216     22628772        17140     41721024    0    0  2781 135494 2388 3018   1   1  85  13   0 2018-10-31 18:06:28
 0  5        14216     22645948        17144     41685040    0    0  7525 101562 3986 3554   1   1  84  14   0 2018-10-31 18:06:31
 1  4        14216     22648212        17152     41616260    0    0 33155 105460 8469 7173   3   2  84  12   0 2018-10-31 18:06:34
 1  4        14216     22201632        17152     42053592    0    0  1937 138069 2152 2905   1   1  85  13   0 2018-10-31 18:06:37
 0  6        14216     22487664        17160     41760504    0    0  4028 110484 2197 2920   1   1  84  14   0 2018-10-31 18:06:40
 3  2        14216     23201468        17160     41115792    0    0 31080 117478 4095 8979   1   1  84  14   0 2018-10-31 18:06:43
 3  1        14216     22880532        17168     41380440    0    0 68220 57927 8042 7875   3   2  82  14   0 2018-10-31 18:06:46
 5  4        14216     22711676        17168     41566336    0    0 31543 129857 9847 14094   4   2  82  13   0 2018-10-31 18:06:49
 0  7        14216     22445992        17176     41833140    0    0   661 152991 2031 2707   1   1  78  21   0 2018-10-31 18:06:52
 0  6        14216     22243320        17184     42078688    0    0   809 79321 2178 2987   1   1  81  18   0 2018-10-31 18:06:55
 0  5        14216     21854500        17212     42521928    0    0  2941 137677 2901 3702   1   1  84  14   0 2018-10-31 18:06:58
 0  5        14216     22366608        17220     42010368    0    0  2991 91371 2286 2997   1   1  84  14   0 2018-10-31 18:07:01
 0  4        14216     21920048        17220     42414508    0    0 40933 69994 7020 7052   2   1  84  13   0 2018-10-31 18:07:04
 1  4        14216     22179552        17228     42140892    0    0  3463 122536 2421 3126   1   1  85  13   0 2018-10-31 18:07:07
 0  5        14216     21758092        17228     42557904    0    0  1777 131593 2213 2909   1   1  83  15   0 2018-10-31 18:07:10
 0  5        14216     21656800        17236     42653624    0    0  2941 140194 2702 3213   2   1  82  15   0 2018-10-31 18:07:13
 1  5        14216     21301404        17236     43001996    0    0  1435 109641 1894 2759   1   1  85  14   0 2018-10-31 18:07:16
 0  5        14216     21674340        17244     42575280    0    0 61055 68236 5874 6028   2   1  84  12   0 2018-10-31 18:07:19
 0  6        14216     22027296        17244     42183492    0    0 32251 143874 4971 9507   1   1  85  13   0 2018-10-31 18:07:22
 4  0        14216     22155608        17252     42122136    0    0 53227 38810 10251 9586   4   2  83  10   0 2018-10-31 18:07:25
 0  5        14216     21631060        17252     42516292    0    0 29531 141162 10062 14053   4   2  83  11   0 2018-10-31 18:07:28
 0  6        14216     21870076        17264     42300276    0    0   623 88141 1859 3137   1   1  83  16   0 2018-10-31 18:07:31
 0  6        14216     21516848        17264     42652876    0    0   367 113855 1618 2520   1   1  81  17   0 2018-10-31 18:07:34
 0  5        14216     21189720        17272     43070512    0    0  1585 132957 2194 2883   1   1  84  14   0 2018-10-31 18:07:37
 0  5        14216     20785120        17280     43489592    0    0  1983 131591 2161 2930   1   1  86  12   0 2018-10-31 18:07:40
 0  5        14216     21284644        17280     42979720    0    0  2436 91866 2057 2881   1   1  84  14   0 2018-10-31 18:07:43
 3  2        14216     21185828        17288     43067820    0    0  2392 128996 2275 3031   1   1  84  14   0 2018-10-31 18:07:46
 3  2        14216     21217120        17288     43020960    0    0 18860 125015 6649 5185   3   1  82  14   0 2018-10-31 18:07:49
 3  1        14216     21700096        17296     42492324    0    0 71509 73567 10011 8140   4   2  82  13   0 2018-10-31 18:07:52
 0  5        14216     21420444        17296     42723888    0    0  9576 125941 4602 9290   2   1  84  14   0 2018-10-31 18:07:55
 1  3        14216     21489084        17304     42652816    0    0 49623   246 15858 13687   7   3  84   6   0 2018-10-31 18:07:58
 5  4        14216     21290956        17312     42825096    0    0  3497 146074 3247 8779   1   1  85  14   0 2018-10-31 18:08:01
 1  4        14216     21019380        17312     43094452    0    0   832 155319 2185 2758   1   1  78  20   0 2018-10-31 18:08:04
 0  4        14216     20724384        17320     43386552    0    0   505 94232 1937 3066   1   1  80  19   0 2018-10-31 18:08:07
 1  4        14216     20294608        17320     43803496    0    0  2208 128895 2596 3129   1   1  85  13   0 2018-10-31 18:08:10
 1  4        14216     20733032        17328     43350368    0    0  3044 123677 3024 3146   1   1  85  13   0 2018-10-31 18:08:13
 0  5        14216     20838492        17328     43227396    0    0  9125 160166 4634 4262   2   1  83  13   0 2018-10-31 18:08:16
 0  5        14216     20830284        17336     43234496    0    0  2968 138251 2923 3253   1   1  84  14   0 2018-10-31 18:08:19
 4  1        14216     20621188        17336     43421088    0    0 26273 107005 5179 4727   2   1  82  15   0 2018-10-31 18:08:22
 2  2        14216     20843384        17344     43031544    0    0 69447 64070 7924 7440   3   2  81  14   0 2018-10-31 18:08:25
 1  3        14216     21187844        17344     42794676    0    0  4579 133432 3538 9412   1   1  83  15   0 2018-10-31 18:08:28
 0  5        14216     20802900        17352     43112252    0    0 37136 66955 14133 13106   6   2  84   8   0 2018-10-31 18:08:31
 0  8        14216     20793656        17352     43198588    0    0  1163 102183 2782 5735   1   1  83  16   0 2018-10-31 18:08:34
 0  5        14216     20418080        17360     43614800    0    0   681 135045 2250 2694   1   1  78  21   0 2018-10-31 18:08:37
 0  5        14216     20017228        17368     44060656    0    0  1511 141190 2244 3428   1   1  82  16   0 2018-10-31 18:08:40
 1  4        14216     20408408        17368     43662848    0    0  3276 136558 2590 3342   2   1  84  13   0 2018-10-31 18:08:43
 0  5        14216     19977700        17376     44092336    0    0  1805 134720 2188 2915   1   1  85  13   0 2018-10-31 18:08:46
 0  5        14216     19943536        17376     44124164    0    0  2389 113019 2209 2971   1   1  85  13   0 2018-10-31 18:08:49
 1  4        14216     20454508        17384     43610456    0    0  3011 148849 2900 3211   2   1  83  14   0 2018-10-31 18:08:52
 0  5        14216     20130640        17384     43929220    0    0  1105 100353 1850 2735   1   1  83  15   0 2018-10-31 18:08:55
 2  3        14216     20198860        17392     43829976    0    0 19389 112794 5672 4335   2   1  83  14   0 2018-10-31 18:08:58
 1  4        14216     20406672        17392     43523528    0    0 41913 136699 11038 13177   4   2  84  10   0 2018-10-31 18:09:01
 2  2        14216     20468360        17400     43504068    0    0 36657 35982 14578 11068   7   3  83   7   0 2018-10-31 18:09:04
 0  5        14216     20257224        17400     43695440    0    0  2948 132383 2910 9681   1   1  85  14   0 2018-10-31 18:09:07
 0  7        14216     20130944        17408     43895416    0    0   767 142334 2162 3149   1   1  81  17   0 2018-10-31 18:09:10
 0  5        14216     19760608        17408     44263496    0    0   537 118146 1810 2687   1   1  84  15   0 2018-10-31 18:09:13
 1  4        14216     19361756        17416     44657384    0    0  2052 122165 2668 2989   1   1  84  14   0 2018-10-31 18:09:16
 0  5        14216     18838444        17416     45179496    0    0  2081 163076 2351 2984   1   1  84  14   0 2018-10-31 18:09:19
 1  4        14216     18535172        17424     45482404    0    0  1304 94938 2094 2760   1   1  86  12   0 2018-10-31 18:09:22
 0  5        14216     18944932        17432     45045524    0    0  3659 125531 3360 3388   2   1  84  13   0 2018-10-31 18:09:25
 0  5        14216     19750724        17432     44240636    0    0  2956 153422 2699 3194   2   1  84  13   0 2018-10-31 18:09:28
 0  5        14216     19672548        17440     44316656    0    0  2480 124493 2774 3394   1   1  83  15   0 2018-10-31 18:09:31
 1  4        14216     20123760        17440     43838848    0    0 56623 94579 8094 6518   3   2  82  14   0 2018-10-31 18:09:34
 0  5        14216     19990052        17452     43952108    0    0 21332 138102 5564 8805   2   1  85  12   0 2018-10-31 18:09:37
 0  5        14216     20020880        17452     43890576    0    0 33036 54223 12126 10821   6   3  84   8   0 2018-10-31 18:09:40
 1  7        14216     19941792        17460     44006204    0    0  1197 145702 2942 8219   1   1  83  16   0 2018-10-31 18:09:43
 0  5        14216     19650864        17460     44336204    0    0   560 107827 2019 2677   1   1  80  19   0 2018-10-31 18:09:46
 1  4        14216     19241976        17468     44743544    0    0   981 129742 2188 2939   1   1  84  15   0 2018-10-31 18:09:49
 1  4        14216     19702636        17468     44277468    0    0  3265 110928 3652 3271   1   1  85  12   0 2018-10-31 18:09:52
 0  5        14216     19727152        17476     44280864    0    0 12005 128119 4353 4542   2   1  84  13   0 2018-10-31 18:09:55
 1  4        14216     19515292        17476     44479548    0    0  2235 137435 2407 3120   1   1  84  14   0 2018-10-31 18:09:58
 0  5        14216     19202292        17484     44791284    0    0  1276 97287 2115 2947   1   1  84  14   0 2018-10-31 18:10:01
 1  5        14216     19602056        17484     44319504    0    0 63795 89488 9521 7632   4   2  82  12   0 2018-10-31 18:10:04
 1  6        14216     19364496        17492     44543652    0    0 10164 136015 2402 8869   1   0  84  15   0 2018-10-31 18:10:07
 4  0        14216     19537188        17492     44432468    0    0 35611 22170 9769 9386   6   2  82  10   0 2018-10-31 18:10:10
 0  5        14216     19255308        17500     44662480    0    0  6155 129251 4043 9568   2   1  85  13   0 2018-10-31 18:10:13
 1  4        14216     19358032        17500     44692296    0    0   845 149252 2266 2857   1   1  81  17   0 2018-10-31 18:10:16
 1  5        14216     19055380        17508     44994772    0    0   371 97421 1735 2664   1   0  84  15   0 2018-10-31 18:10:19
 0  5        14216     19529452        17508     44570088    0    0  2209 127610 2869 3077   1   1  83  15   0 2018-10-31 18:10:22
 0  4        14216     19108772        17516     44991480    0    0  1603 131685 2433 2897   1   1  84  14   0 2018-10-31 18:10:25
 0  5        14216     18997912        17516     45102620    0    0  2423 137410 2756 3146   2   1  84  14   0 2018-10-31 18:10:28
 0  5        14216     19122592        17524     44970472    0    0  2693 141433 3276 3183   2   1  83  14   0 2018-10-31 18:10:31
 1  5        14216     19009392        17524     45013736    0    0 39099 106068 6705 5791   3   1  83  13   0 2018-10-31 18:10:34
 0  1        14216     20891944        17536     44306944    0    0 15543 77522 3649 6579   1   1  93   5   0 2018-10-31 18:10:37
 1  0        14216     20859720        19492     44313560    0    0  2932   131 2678 3518   3   2  94   1   0 2018-10-31 18:10:40
 1  0        14216     20883224        19560     44314688    0    0   137   321 3618 4311   4   2  93   0   0 2018-10-31 18:10:43
 3  0        14216     20886124        19932     44318096    0    0  1296     3 2605 4170   4   2  94   1   0 2018-10-31 18:10:46
 1  1        14216     20992644          644     44212332    0    0   899   453 2124 3319   2   1  96   1   0 2018-10-31 18:10:49
 0  1        14216     33320584         1160     31897448    0    0  1320    71 1682 2706   0   4  95   1   0 2018-10-31 18:10:52
 3  0        14216     33275248         5008     31918720    0    0  8179    40 2436 3141   2   1  94   3   0 2018-10-31 18:10:55
 2  1        14216     33074388         6020     31940328    0    0  7051     1 3532 15750   7   0  90   2   0 2018-10-31 18:10:58
 1  1        14216     32845772        10136     31952264    0    0  5440    63 16277 9517   8   1  89   3   0 2018-10-31 18:11:01
 1  1        14216     32764212        11472     31958048    0    0  2348    15 7329 7553   9   0  88   3   0 2018-10-31 18:11:04
 2  0        14216     32681048        11984     31972352    0    0  4792    69 14545 16097  15   1  83   1   0 2018-10-31 18:11:07
 0  1        14216     32609368        14712     31976364    0    0  2119   732 13010 8893  10   0  87   2   0 2018-10-31 18:11:10
 0  5        14216     32659284        14728     32340668    0    0 115232 59692 5597 9677   2   1  92   5   0 2018-10-31 18:11:13
 1  7        14216     32065716        14872     32899864    0    0 95886 86259 5322 5494   1   1  77  21   0 2018-10-31 18:11:16
 2  5        14216     31518140        14876     33427096    0    0 78925 97392 4635 4782   1   1  74  25   0 2018-10-31 18:11:19
 1  5        14216     31138580        14904     33711612    0    0 78411 77368 9461 6661   4   1  76  20   0 2018-10-31 18:11:22
 0  5        14216     30249268        14904     34456376    0    0 127847 110102 19865 8753   6   1  75  17   0 2018-10-31 18:11:25
 0  5        14216     30335664        14912     34348464    0    0 89432 76044 11171 6706   1   1  80  18   0 2018-10-31 18:11:28
 0  4        14216     29797104        14912     34883948    0    0 92869 77475 8970 7011   1   1  80  18   0 2018-10-31 18:11:31
 1  5        14216     29119876        14920     35518228    0    0 110032 91478 10315 8075   1   1  79  18   0 2018-10-31 18:11:34
 0  5        14216     28985364        15284     35602620    0    0 104049 60150 13859 12227   2   1  81  15   0 2018-10-31 18:11:37
 2  2        14216     28424236        15764     36058812    0    0 114083   488 23469 22412   3   2  83  12   0 2018-10-31 18:11:40
 0  5        14216     28160572        15764     36305416    0    0 17072 141645 5242 10692   1   1  81  18   0 2018-10-31 18:11:43
 2  2        14216     29164184        15772     35442348    0    0 87187    56 21708 18226   4   2  82  12   0 2018-10-31 18:11:46
 1  3        14216     28628548        15772     35868124    0    0 103043     7 23161 21425   4   2  83  11   0 2018-10-31 18:11:49
 0  8        14216     28409752        15780     36105800    0    0 24835 193324 7360 12987   1   1  78  20   0 2018-10-31 18:11:52
 0  6        14216     28140652        15780     36376456    0    0   543 89237 1693 2571   1   0  73  26   0 2018-10-31 18:11:55
 0  5        14216     27854704        16076     36660500    0    0   573 91938 1738 2753   1   0  82  17   0 2018-10-31 18:11:58
 0  5        14216     27324516        16076     37254248    0    0 96605 87740 9494 9026   2   1  80  17   0 2018-10-31 18:12:01
 0  5        14216     26796984        16084     37764232    0    0 78649 78092 11366 8448   2   1  80  16   0 2018-10-31 18:12:04
 0  5        14216     27016788        16084     37514544    0    0 90839 81923 10430 9896   2   1  80  16   0 2018-10-31 18:12:07
 0  5        14216     26362308        16092     38125128    0    0 95021 91121 17748 9818   2   2  79  17   0 2018-10-31 18:12:10
 1  4        14216     26443592        16092     38013104    0    0 73752 71530 9582 8346   2   1  79  18   0 2018-10-31 18:12:13
 0  6        14216     26003272        16100     38435156    0    0 63163 138430 14715 11082   2   1  78  19   0 2018-10-31 18:12:16
 0  5        14216     26488200        16100     38112076    0    0 41239 93670 8418 9238   2   1  78  19   0 2018-10-31 18:12:19
 0  5        14216     26054532        16108     38539156    0    0 50581 80545 6403 6566   2   1  79  18   0 2018-10-31 18:12:22
 0  5        14216     25317572        16108     39226824    0    0 103344 102743 11125 10901   3   1  79  16   0 2018-10-31 18:12:25
 1  4        14216     26002792        16116     38507800    0    0 77979 72931 9145 7241   2   1  80  17   0 2018-10-31 18:12:28
 0  5        14216     25749732        16116     38680332    0    0 64223 97669 11325 13453   3   2  81  15   0 2018-10-31 18:12:31
 0  7        14216     25753872        16124     38710840    0    0  1291 138387 2390 7014   1   1  77  21   0 2018-10-31 18:12:34
 0  5        14216     25360160        16124     39103756    0    0   508 127400 2031 2998   1   1  81  17   0 2018-10-31 18:12:37
 1  4        14216     24996456        16136     39543228    0    0  2692 139647 2366 3301   1   1  81  17   0 2018-10-31 18:12:40
 1  4        14216     25328588        16136     39204912    0    0  3781 143816 2620 3397   1   1  81  17   0 2018-10-31 18:12:43
 0  5        14216     24908888        16144     39622928    0    0  4137 130583 2940 3170   1   1  81  17   0 2018-10-31 18:12:46
 0  5        14216     24285816        16144     40206004    0    0 83569 88762 10675 9678   3   1  80  16   0 2018-10-31 18:12:49
 1  4        14216     24536068        16152     39943868    0    0 51571 81161 8499 8335   2   1  80  16   0 2018-10-31 18:12:52
 1  4        14216     23936044        16152     40536124    0    0  3704 185777 2959 3986   2   1  81  16   0 2018-10-31 18:12:55
 2  3        14216     24239176        16160     40212996    0    0 54392 94695 7600 7594   2   2  80  16   0 2018-10-31 18:12:58
 0  6        14216     24712756        16160     39699904    0    0 47457 145648 7277 8835   2   1  81  16   0 2018-10-31 18:13:01
 1  3        14216     25026376        16168     39453532    0    0 42965 74771 6988 9689   2   1  82  15   0 2018-10-31 18:13:04
 0  5        14216     24515896        16168     39870076    0    0 75643 37555 18095 17496   5   2  83   9   0 2018-10-31 18:13:07
 1  7        14216     24748876        16176     39725472    0    0  1355 129126 3262 8481   1   1  79  19   0 2018-10-31 18:13:10
 0  7        14216     24373108        16176     40103436    0    0   645 122413 1981 2704   1   0  76  23   0 2018-10-31 18:13:13
 0  5        14216     23962172        16184     40513928    0    0  1631 130778 2262 3022   1   1  81  17   0 2018-10-31 18:13:16
 0  5        14216     23601672        16184     40872080    0    0  3160 111463 2298 3021   1   1  82  17   0 2018-10-31 18:13:19
 3  2        14216     23951760        16192     40505512    0    0 22397 109548 6709 5371   2   1  81  16   0 2018-10-31 18:13:22
 0  5        14216     24084592        16192     40372320    0    0  4205 138735 2821 3786   1   1  83  15   0 2018-10-31 18:13:25
 1  4        14216     23773284        16200     40683212    0    0  1464 98550 1953 2771   1   1  83  15   0 2018-10-31 18:13:28
 0  5        14216     23794700        16208     40636996    0    0 24747 104242 5117 5458   2   1  82  15   0 2018-10-31 18:13:31
 0  5        14216     23965828        16208     40431216    0    0 103424 102731 10497 10442   3   2  81  14   0 2018-10-31 18:13:34
 0  6        14216     23626404        16216     40725832    0    0 33728 119710 6119 8480   2   1  80  17   0 2018-10-31 18:13:37
 0  5        14216     23908736        16216     40568912    0    0 20069 80279 4613 7277   1   1  80  18   0 2018-10-31 18:13:40
 0  4        14216     23736064        16224     40739336    0    0 96808 94859 9339 9059   3   2  81  14   0 2018-10-31 18:13:43
 0  5        14216     23375188        16224     40975504    0    0 37681 72960 10439 12616   4   2  83  11   0 2018-10-31 18:13:46
 0  7        14216     23441384        16232     41004840    0    0  1621 163884 2514 5678   1   1  77  22   0 2018-10-31 18:13:49
 0  5        14216     23143796        16232     41300404    0    0   497 96603 1942 2674   1   1  79  20   0 2018-10-31 18:13:52
 1  4        14216     22746984        16240     41689368    0    0  1849 123169 2233 3188   1   1  85  14   0 2018-10-31 18:13:55
 1  4        14216     22395032        16240     42079948    0    0  2013 122401 2114 3173   1   1  85  14   0 2018-10-31 18:13:58
 0  4        14216     22793196        16248     41680652    0    0  2684 118021 2480 3017   1   1  83  15   0 2018-10-31 18:14:01
 0  4        14216     22376924        16256     42095656    0    0  1689 131592 2311 2839   1   1  86  13   0 2018-10-31 18:14:04
 3  2        14216     22868136        16256     41530264    0    0 25277 104962 6103 6046   2   1  83  13   0 2018-10-31 18:14:07
 1  3        14216     23065848        16264     41208068    0    0 90252 64220 12056 12187   5   2  83  10   0 2018-10-31 18:14:10
 0  4        14216     23410200        16264     41018812    0    0 14009 139574 5828 11016   1   1  85  12   0 2018-10-31 18:14:13
 2  2        14216     22853072        16272     41409140    0    0 58436    85 16338 15181   7   3  84   6   0 2018-10-31 18:14:16
 0  8        14216     22696064        16272     41572684    0    0  4257 201953 3684 9425   1   1  82  16   0 2018-10-31 18:14:19
 1  6        14216     22390392        16280     41877368    0    0   440 99626 1956 2689   1   0  77  22   0 2018-10-31 18:14:22
 1  4        14216     22142900        16288     42134964    0    0   443 83574 1868 2723   1   0  79  20   0 2018-10-31 18:14:25
 0  5        14216     21744116        16288     42583680    0    0  1916 142076 2169 3360   1   1  85  13   0 2018-10-31 18:14:28
 1  5        14216     22233552        16296     42117400    0    0  4551 119220 3059 3419   1   1  84  14   0 2018-10-31 18:14:31
 2  4        14216     21749484        16296     42590200    0    0  1984 149404 3612 3018   1   1  84  13   0 2018-10-31 18:14:34
 1  5        14216     21827988        16308     42502860    0    0  9661 108598 3461 4037   2   1  84  14   0 2018-10-31 18:14:37
 0  5        14216     22293404        16316     42021328    0    0 17621 107195 4705 5145   2   1  83  14   0 2018-10-31 18:14:40
 1  4        14216     21792712        16316     42472460    0    0  2195 141913 2621 3241   1   1  83  15   0 2018-10-31 18:14:43
 3  2        14216     22059096        16324     42143864    0    0 51452 55861 5847 5769   2   1  84  13   0 2018-10-31 18:14:46
 1  4        14216     22160512        16324     41977016    0    0 58620 148051 10125 10157   2   1  85  11   0 2018-10-31 18:14:49
 2  2        14216     22427768        16332     41798232    0    0 23852 30881 7873 7535   3   2  85  11   0 2018-10-31 18:14:52
 0  5        14216     22119568        16336     42020172    0    0 30345 74703 10943 11866   4   2  87   8   0 2018-10-31 18:14:55
 0  5        14216     21967024        16344     42253508    0    0  1004 148260 2283 5960   1   1  80  18   0 2018-10-31 18:14:58
 0  7        14216     21475352        16352     42741368    0    0   771 156155 1966 2765   1   1  81  17   0 2018-10-31 18:15:01
 0  5        14216     21234792        16372     42975020    0    0  1661 72988 2128 2994   1   0  81  18   0 2018-10-31 18:15:04
 1  5        14216     21621472        16380     42607332    0    0  4557 148633 2945 3549   2   1  81  16   0 2018-10-31 18:15:07
 1  4        14216     21707732        16380     42516640    0    0  1899 82180 2009 2903   1   1  81  17   0 2018-10-31 18:15:10
 1  4        14216     21326468        16388     42889120    0    0  1917 116507 2677 3199   1   1  82  16   0 2018-10-31 18:15:13
 3  2        14216     21478064        17120     42741316    0    0 15688 110016 4548 4700   2   1  82  15   0 2018-10-31 18:15:16
 1  4        14216     21485628        17352     42677136    0    0 73901 94710 10762 8989   4   2  81  13   0 2018-10-31 18:15:19
 0  5        14216     21493604        18136     42606880    0    0 14811 113264 5610 10652   2   1  85  13   0 2018-10-31 18:15:22
 2  2        14216     21745284        18148     42440664    0    0 30781 26158 9799 9739   5   2  84  10   0 2018-10-31 18:15:25
 0  5        14216     21461664        18148     42655140    0    0 13928 104543 5764 11241   3   1  84  12   0 2018-10-31 18:15:28
 2  5        14216     21264380        18156     42845452    0    0  1157 130801 2899 3162   1   1  82  17   0 2018-10-31 18:15:31
 0  5        14216     20824848        18160     43283988    0    0   640 140578 2114 2883   1   1  79  19   0 2018-10-31 18:15:34
 0  5        14216     20448480        18168     43693048    0    0  1892 128417 2159 2963   1   1  85  13   0 2018-10-31 18:15:37
 1  5        14216     20854296        22092     43233932    0    0 30265 74756 8430 7235   3   2  80  15   0 2018-10-31 18:15:40
 3  4        14216     20327000        22748     43734644    0    0  7536 152197 3492 4015   2   1  82  15   0 2018-10-31 18:15:43
 1  5        14216     19826380        26680     44199836    0    0  5872 144148 4263 3967   3   1  81  16   0 2018-10-31 18:15:46
 1  5        14216     19959376        27056     44053016    0    0  3665 133541 3164 3726   5   1  80  14   0 2018-10-31 18:15:49
 0  5        14216     20526292        27416     43429140    0    0 15375 106934 5816 6165   5   1  80  13   0 2018-10-31 18:15:52
 0  6        14216     20815244        27424     43126064    0    0 35295 119153 6496 9209   2   1  83  14   0 2018-10-31 18:15:55
 1  4        14216     21043504        27432     43094064    0    0 41231 93598 6273 7655   2   1  82  15   0 2018-10-31 18:15:58
 4  0        14216     20754908        27436     43272928    0    0 47939 25085 9772 9299   5   2  84   9   0 2018-10-31 18:16:01
 0  8        14216     20736976        27444     43299744    0    0  3965 206972 3883 9067   1   1  84  14   0 2018-10-31 18:16:04
 0  6        14216     20340356        27444     43734632    0    0   520 141267 2057 2752   1   1  82  16   0 2018-10-31 18:16:07
 1  4        14216     20129408        27452     43969220    0    0  1192 73632 1906 2880   1   1  85  14   0 2018-10-31 18:16:10
 0  5        14216     19659172        27452     44437884    0    0  1647 147966 2504 2924   1   1  84  14   0 2018-10-31 18:16:13
 0  5        14216     20051980        27464     44043592    0    0  3845 129478 3050 3699   2   1  84  13   0 2018-10-31 18:16:16
 0  5        14216     20474260        27472     43597104    0    0  3955 140226 2798 3465   2   1  83  14   0 2018-10-31 18:16:19
 1  4        14216     20074464        27472     43987380    0    0  1465 123109 2199 2828   1   1  82  16   0 2018-10-31 18:16:22
 1  4        14216     19571760        27480     44476100    0    0  2032 153269 2251 2954   1   1  84  14   0 2018-10-31 18:16:25
 1  4        14216     19624080        27480     44406432    0    0  2813 124512 2478 3215   1   1  83  15   0 2018-10-31 18:16:28
 1  3        14216     20625900        27488     43334604    0    0 46628 95313 8886 7449   4   2  82  12   0 2018-10-31 18:16:31
 0  5        14216     20331120        27488     43598068    0    0  9668 141724 4760 10852   2   1  86  11   0 2018-10-31 18:16:34
 0  5        14216     20424016        27496     43484880    0    0 37605 32227 14173 11690   6   3  84   7   0 2018-10-31 18:16:37
 0  8        14216     20504180        27496     43565012    0    0  1624 143944 3051 8858   1   1  84  15   0 2018-10-31 18:16:40
 3  5        14216     20075644        27504     44040160    0    0   693 153637 2181 2759   1   1  81  18   0 2018-10-31 18:16:43
 0  5        14216     19693232        27512     44420344    0    0  1089 122078 2300 3146   1   1  81  17   0 2018-10-31 18:16:46
 0  4        14216     19410808        27512     44701740    0    0  1245 87751 1950 2824   1   1  84  14   0 2018-10-31 18:16:49
 0  5        14216     19758168        27520     44355332    0    0  3703 148048 2787 3456   2   1  83  14   0 2018-10-31 18:16:52
 1  4        14216     20091188        27520     44021560    0    0  2153 90963 2080 2895   1   1  84  15   0 2018-10-31 18:16:55
 0  5        14216     19623188        27528     44478584    0    0  1609 143888 2167 2858   1   1  84  14   0 2018-10-31 18:16:58
 0  5        14216     20114100        27532     43910540    0    0 36393 130042 10643 6803   3   2  81  13   0 2018-10-31 18:17:01
 0  6        14216     19969444        27540     43996708    0    0 53173 99087 7251 5975   3   1  81  15   0 2018-10-31 18:17:04
 3  1        14216     20288392        27540     43841408    0    0 13189 94412 5234 10796   2   1  81  15   0 2018-10-31 18:17:07
 0  5        14216     19859344        27548     44105916    0    0 25913 80531 11412 11726   6   2  85   7   0 2018-10-31 18:17:10
 1  8        14216     19866768        27548     44107024    0    0   969 141969 2938 6025   1   1  84  14   0 2018-10-31 18:17:13
 1  6        14216     19536352        27560     44418136    0    0   443 100393 2425 3241   4   1  76  19   0 2018-10-31 18:17:16
 0  5        14216     19326960        27560     44626644    0    0   360 66513 2247 3570   2   1  80  17   0 2018-10-31 18:17:19
 1  4        14216     18967764        27568     45014420    0    0  1901 120518 2933 3024   1   1  84  14   0 2018-10-31 18:17:22
 1  4        14216     19384320        27576     44584168    0    0  3567 122040 3251 3425   2   1  84  14   0 2018-10-31 18:17:25
 1  4        14216     19525012        27576     44440960    0    0  2068 130867 2377 3000   1   1  82  16   0 2018-10-31 18:17:28
 1  4        14216     19544508        27584     44420528    0    0  1928 118797 2892 2933   1   1  83  15   0 2018-10-31 18:17:31
 1  5        14216     19501820        27584     44460244    0    0  2719 120927 3765 3049   1   1  83  15   0 2018-10-31 18:17:34
 1  6        14216     19510728        27592     44363608    0    0 68693 122733 11056 8415   4   2  81  12   0 2018-10-31 18:17:37
 5  0        14216     19898008        27592     44145348    0    0 17571 107660 3626 9029   1   1  81  17   0 2018-10-31 18:17:40
 0  5        14216     19411664        27604     44502540    0    0 35041 79186 12789 13334   7   3  83   7   0 2018-10-31 18:17:43
 0  8        14216     19427008        27604     44506684    0    0  1075 151535 2378 5351   1   1  84  14   0 2018-10-31 18:17:46
 1  4        14216     18967312        27612     45036644    0    0  1025 169225 2403 3394   1   1  81  17   0 2018-10-31 18:17:49
 1  4        14216     19362236        27620     44628864    0    0  3091 129193 2842 3436   2   1  81  16   0 2018-10-31 18:17:52
 1  5        14216     19220000        27620     44749700    0    0  1872 120105 2293 3119   2   1  84  13   0 2018-10-31 18:17:55
 2  4        14216     18808028        27632     45121352    0    0  1505 114558 2747 3555   5   1  79  15   0 2018-10-31 18:17:58
 0  5        14216     18603936        27632     45286796    0    0  3145 184640 3898 4014   3   1  83  13   0 2018-10-31 18:18:01
 0  5        14216     18871908        27640     44986108    0    0 12047 61250 3960 3907   2   1  84  13   0 2018-10-31 18:18:04
 0  1        14216     20724316        27672     44322592    0    0 27925 97700 5787 7381   2   1  92   4   0 2018-10-31 18:18:07
 3  0        14216     20683240        28508     44327852    0    0  1816   337 2968 4151   6   2  91   1   0 2018-10-31 18:18:10
 1  0        14216     20688696        28548     44328164    0    0    23   123 3046 4754   6   2  92   0   0 2018-10-31 18:18:13
 0  1        14216     20685476        28796     44331108    0    0  1017   116 2374 3606   4   2  94   1   0 2018-10-31 18:18:16
 2  0        14216     20841116          852     44193828    0    0  3476   454 2733 3557   2   2  95   1   0 2018-10-31 18:18:19
 2  0        14216     33140372         2172     31910192    0    0  1573    72 1713 2598   1   3  95   2   0 2018-10-31 18:18:22
 1  1        14216     33046964         5364     31940136    0    0 10197   374 2903 5004   2   1  93   3   0 2018-10-31 18:18:25
 0  1        14216     32832856         8340     31949548    0    0  4085     0 3796 16566   9   1  88   2   0 2018-10-31 18:18:28
 3  1        14216     32592268        10820     31960428    0    0  4553    60 15108 9107   8   1  89   2   0 2018-10-31 18:18:31
13  0        14216     32530552        11512     31975208    0    0  5017    53 11973 15583  14   0  84   2   0 2018-10-31 18:18:34
 1  1        14216     32483020        12656     31980420    0    0  1861    85 10447 10207  11   1  86   2   0 2018-10-31 18:18:37
 0  1        14216     32464912        14924     32290004    0    0 68436 31733 8401 10129   8   1  89   3   0 2018-10-31 18:18:40
 1  4        14216     32224984        14928     32576096    0    0 89848 57201 4988 6490   1   1  89   9   0 2018-10-31 18:18:43
 1  8        14216     31566800        16484     33143412    0    0 148515 119972 8803 8258   4   1  73  22   0 2018-10-31 18:18:46
 0  7        14216     31018664        16496     33661652    0    0 75137 97243 7829 5853   4   1  69  27   0 2018-10-31 18:18:49
 0  5        14216     30555296        16504     34044216    0    0 93268 87155 7257 7063   1   1  78  19   0 2018-10-31 18:18:52
 0  5        14216     29989100        16504     34538636    0    0 85149 73466 6317 6411   1   1  79  19   0 2018-10-31 18:18:55
 1  3        14216     30009920        16512     34435036    0    0 111708 34995 18141 16750   2   2  82  14   0 2018-10-31 18:18:58
 0  4        14216     29474752        16648     34886812    0    0 116747     0 22018 23210   4   2  83  12   0 2018-10-31 18:19:01
 0  5        14216     29141208        17220     35158428    0    0 69632 68886 14274 19778   3   1  82  14   0 2018-10-31 18:19:04
 4  2        14216     29572352        17220     34730840    0    0 41872 72779 9361 13136   2   1  83  14   0 2018-10-31 18:19:07
 0  4        14216     29046136        17236     35156600    0    0 107019    45 22326 22338   4   2  83  11   0 2018-10-31 18:19:10
 3  2        14216     28555604        19008     35591752    0    0 108381    21 21102 22395   4   2  82  12   0 2018-10-31 18:19:13
 1  5        14216     28294136        23100     35814940    0    0 13607 141154 4943 10603   2   1  77  20   0 2018-10-31 18:19:16
 0  7        14216     28215396        23604     35969776    0    0  2439 132812 3335 3283   3   1  72  24   0 2018-10-31 18:19:19
 0  5        14216     27718512        23604     36466940    0    0  1627 159431 2591 3407   1   1  80  19   0 2018-10-31 18:19:22
 1  4        14216     27180552        23612     37005868    0    0 86319 81270 9318 9297   2   1  80  17   0 2018-10-31 18:19:25
 0  4        14216     27366968        23612     36817096    0    0 112447 101451 12898 11947   3   2  79  17   0 2018-10-31 18:19:28
 0  5        14216     26880032        23620     37303256    0    0 75091 74001 8771 8389   2   1  79  18   0 2018-10-31 18:19:31
 4  1        14216     26926124        23620     37240088    0    0 73484 71915 8446 8392   2   1  79  17   0 2018-10-31 18:19:34
 1  5        14216     26225632        23628     37892980    0    0 101703 97285 11115 10947   2   2  79  17   0 2018-10-31 18:19:37
 0  5        14216     25700432        23628     38375088    0    0 71705 73377 9031 9243   2   1  79  17   0 2018-10-31 18:19:40
 0  6        14216     25373448        23636     38681068    0    0 45195 132013 6430 8875   2   1  78  19   0 2018-10-31 18:19:43
 1  4        14216     25936016        23636     38467748    0    0 48693 107058 6836 9810   2   1  79  18   0 2018-10-31 18:19:46
 0  5        14216     25426996        23644     38934492    0    0 69436 72167 8584 8389   2   1  80  17   0 2018-10-31 18:19:49
 3  2        14216     25662188        23644     38646452    0    0 81000 91804 10472 10184   3   2  79  16   0 2018-10-31 18:19:52
 3  2        14216     25556952        23652     38715464    0    0 59248 80578 7137 7501   2   1  79  18   0 2018-10-31 18:19:55
 2  3        14216     25576556        23652     38632252    0    0 112943 88812 11196 10800   3   2  80  15   0 2018-10-31 18:19:58
 2  5        14216     25459796        23660     38737848    0    0 21725 84743 6446 11699   2   1  81  17   0 2018-10-31 18:20:01
 0  6        14216     25440872        23660     38813256    0    0  1188 164891 3232 3710   1   1  77  21   0 2018-10-31 18:20:04
 2  5        14216     25082420        23668     39171776    0    0   465 115472 1761 2749   1   1  81  18   0 2018-10-31 18:20:07
 1  4        14216     24688480        23668     39552708    0    0 21503 98466 4169 4919   2   1  82  16   0 2018-10-31 18:20:10
 1  5        14216     24214340        23676     40024432    0    0  2331 149667 2252 3134   1   1  80  18   0 2018-10-31 18:20:13
 6  1        14216     24452272        23684     39784088    0    0 66156 108122 9981 9874   3   2  80  16   0 2018-10-31 18:20:16
 3  3        14216     24700684        23700     39508672    0    0 63049 72557 8766 9027   3   2  78  17   0 2018-10-31 18:20:19
 0  4        14216     24191352        23704     39987520    0    0 64753 76462 9571 9197   5   1  76  17   0 2018-10-31 18:20:22
 1  4        14216     23938696        23712     40187508    0    0 68268 126333 10260 10104   3   2  80  16   0 2018-10-31 18:20:25
 0  6        14216     23549692        23712     40576224    0    0  1913 156844 2611 3438   1   1  82  17   0 2018-10-31 18:20:28
 1  5        14216     23450304        23720     40673300    0    0   385 81767 2040 7741   1   0  85  14   0 2018-10-31 18:20:31
 0  5        14216     24676812        23720     39639812    0    0 50019 103623 5211 5377   2   1  84  13   0 2018-10-31 18:20:34
16  0        14216     24330572        23728     39937472    0    0 80687 66266 7045 7308   3   1  81  15   0 2018-10-31 18:20:37
 0  5        14216     23798300        23728     40337232    0    0 71793 42259 17920 17221   7   2  82   9   0 2018-10-31 18:20:40
 0  8        14216     24045652        23736     40110300    0    0  1355 134892 2597 8515   1   1  79  19   0 2018-10-31 18:20:43
 0  6        14216     23705564        23736     40450272    0    0   559 110900 1943 3053   1   1  79  20   0 2018-10-31 18:20:46
 1  7        14216     23399492        23752     40710132    0    0   416 83999 2024 3133   2   1  80  17   0 2018-10-31 18:20:49
 0  5        14216     23083280        23752     41103944    0    0  7800 116144 3340 4022   3   1  82  14   0 2018-10-31 18:20:52
 4  3        14216     23310388        23776     40767428    0    0 64368 79809 11777 10596   4   2  82  12   0 2018-10-31 18:20:55
 0  5        14216     22734268        23776     41297256    0    0 40925 114833 7520 7614   5   1  80  14   0 2018-10-31 18:20:58
 0  6        14216     22897272        23916     41121520    0    0 20377 75635 4431 5255   2   1  83  14   0 2018-10-31 18:21:01
 0  5        14216     22390692        24184     41604756    0    0 13745 136932 3720 4613   2   1  84  14   0 2018-10-31 18:21:04
 0  5        14216     22359260        24192     41512072    0    0 39127 111397 7691 6677   3   2  83  13   0 2018-10-31 18:21:07
 0  6        14216     22127592        24228     41770128    0    0  4319 161559 3001 8438   1   1  86  13   0 2018-10-31 18:21:10
18  1        14216     22862596        24360     41198092    0    0 32280 71492 5955 6022   2   1  83  14   0 2018-10-31 18:21:13
 3  1        14216     22903264        24372     41097576    0    0 68663 60373 8481 8379   4   2  83  12   0 2018-10-31 18:21:16
 1  4        14216     22525924        24372     41381940    0    0 42208 90296 14222 17075   4   2  86   8   0 2018-10-31 18:21:19
 0  8        14216     22695224        24380     41357332    0    0   709 139204 1983 3039   1   1  80  18   0 2018-10-31 18:21:22
 1  5        14216     22267328        24380     41835140    0    0   791 154271 2166 3027   1   1  81  17   0 2018-10-31 18:21:25
 0  5        14216     21983492        24388     42118524    0    0  1731 88472 2018 2871   1   0  84  15   0 2018-10-31 18:21:28
 2  2        14216     21701248        24460     42401512    0    0  1935 88356 2069 2942   1   1  84  14   0 2018-10-31 18:21:31
 1  5        14216     22250712        24468     41850124    0    0  4603 95628 2583 3489   1   1  84  14   0 2018-10-31 18:21:34
 0  5        14216     22279116        24468     41787096    0    0 57695 93776 10856 9168   3   2  83  12   0 2018-10-31 18:21:37
 0  5        14216     21765932        24476     42258512    0    0 51896 74771 10565 9013   3   2  83  13   0 2018-10-31 18:21:40
 1  4        14216     22087524        24476     41887428    0    0 22232 125604 5813 5497   2   1  83  13   0 2018-10-31 18:21:43
 0  6        14216     21919140        24484     42049716    0    0  5761 128162 2469 9704   0   0  86  13   0 2018-10-31 18:21:46
 2  3        14216     22224472        24484     41868944    0    0 46775 74258 6327 6159   2   1  81  15   0 2018-10-31 18:21:49
 3  2        14216     21926164        24492     42154824    0    0  1952 115067 2119 2858   1   1  85  13   0 2018-10-31 18:21:52
 2  2        14216     21854880        24492     42124940    0    0 78697 41624 16325 12141   6   3  82   9   0 2018-10-31 18:21:55
 1  4        14216     21614864        24784     42340040    0    0  5731 140444 3901 9873   1   1  84  14   0 2018-10-31 18:21:58
 0  7        14216     21739868        24784     42302808    0    0   817 133828 2018 2760   1   1  81  18   0 2018-10-31 18:22:01
 1  4        14216     21393532        24940     42694964    0    0  3612 123537 2440 3279   1   1  82  17   0 2018-10-31 18:22:04
 0  5        14216     20920544        24940     43164792    0    0  2012 147623 2243 3388   1   1  84  14   0 2018-10-31 18:22:07
 0  5        14216     21409908        25440     42644756    0    0  3872 92500 2666 3540   2   1  83  14   0 2018-10-31 18:22:10
 0  5        14216     21570732        25756     42493420    0    0 15877 116070 4617 4954   2   1  84  13   0 2018-10-31 18:22:13
 1  5        14216     21423896        25768     42567036    0    0 43452 122543 9274 9177   5   2  80  13   0 2018-10-31 18:22:16
 0  5        14216     20995968        25768     42986476    0    0  1928 131596 2162 2897   1   1  84  14   0 2018-10-31 18:22:19
 1  4        14216     20901656        25776     43064880    0    0 23448 100763 4118 4157   2   1  85  13   0 2018-10-31 18:22:22
 0  6        14216     21375700        25788     42517560    0    0 38761 121908 5688 8001   3   1  84  12   0 2018-10-31 18:22:25
 1  5        14216     21549540        25800     42537648    0    0 36809 92182 13568 14634   5   2  77  16   0 2018-10-31 18:22:28
 0  6        14216     20879192        27924     43011156    0    0 46092 43876 16497 12859  10   3  79   8   0 2018-10-31 18:22:31
 1  7        14216     21139684        29224     42880156    0    0  1887 162255 3437 9166   1   1  83  15   0 2018-10-31 18:22:34
 0  7        14216     20680316        29316     43337460    0    0   713 164657 2275 2825   1   1  77  21   0 2018-10-31 18:22:37
 1  6        14216     20325628        29796     43734624    0    0 14025 114528 3037 59028   4   2  79  15   0 2018-10-31 18:22:40
 1  5        14216     19778940        29800     44254188    0    0 12952 181003 2727 3451   4   1  79  16   0 2018-10-31 18:22:43
 2  5        14216     19356108        29808     44572532    0    0 13779 87484 2290 2762   5   1  79  15   0 2018-10-31 18:22:46
 3  2        14216     20921524        29808     43157436    0    0  4220 125414 2915 3484   2   1  83  14   0 2018-10-31 18:22:49
 0  5        14216     20442716        29816     43623492    0    0  2088 145929 2354 2966   1   1  84  14   0 2018-10-31 18:22:52
 0  4        14216     20500692        29816     43555960    0    0  1757 88202 1985 2888   1   1  84  14   0 2018-10-31 18:22:55
 0  5        14216     20707040        29824     43267480    0    0 82740 97315 13160 7672   3   2  81  13   0 2018-10-31 18:22:58
 0  5        14216     20631252        29824     43282264    0    0 27120 95879 6782 9113   2   1  85  11   0 2018-10-31 18:23:01
 3  1        14216     20615464        29832     43260392    0    0 31629 57483 12371 12413   5   2  85   8   0 2018-10-31 18:23:04
 0  5        14216     20406708        29832     43389568    0    0 14731 84498 5618 7959   3   1  86  10   0 2018-10-31 18:23:07
 0  7        14216     20219880        29840     43630648    0    0  1048 159344 3245 5792   1   1  80  18   0 2018-10-31 18:23:10
 0  6        14216     19816424        29848     44030192    0    0   544 129437 2027 3208   1   1  80  18   0 2018-10-31 18:23:13
 0  5        14216     19448016        29848     44475196    0    0  1783 139971 2219 2936   1   1  82  16   0 2018-10-31 18:23:16
 0  5        14216     19080208        29856     44891648    0    0  1915 129918 2261 2974   1   1  83  15   0 2018-10-31 18:23:19
 0  5        14216     20234284        29856     43723564    0    0  4796 141034 2987 3597   2   1  83  14   0 2018-10-31 18:23:22
 0  4        14216     20211276        29864     43730016    0    0  2624 126670 2365 3075   1   1  84  14   0 2018-10-31 18:23:25
 0  4        14216     19783120        29864     44149896    0    0  1824 131576 2769 3112   1   1  84  14   0 2018-10-31 18:23:28
 3  2        14216     19769204        29872     44126396    0    0 25329 94846 5494 4554   2   1  84  13   0 2018-10-31 18:23:31
 0  6        14216     20058060        30468     43710364    0    0 34343 104606 11832 11298   4   2  84  10   0 2018-10-31 18:23:34
 3  2        14216     20309976        30588     43595804    0    0 18975 56904 9089 10994   7   2  80  11   0 2018-10-31 18:23:37
 1  5        14216     19843156        30588     43993480    0    0 24116 141146 11703 14420   8   2  80  10   0 2018-10-31 18:23:40
 0  8        14216     19615104        31628     44169396    0    0  7067 131241 2969 4310   2   1  77  20   0 2018-10-31 18:23:43
 0  5        14216     19272768        31628     44510676    0    0   567 111504 1907 2751   1   1  81  18   0 2018-10-31 18:23:46
 0  5        14216     18842480        31636     44937780    0    0  1425 134275 2153 3403   1   1  83  15   0 2018-10-31 18:23:49
 1  4        14216     19281436        31644     44493448    0    0  2573 134841 2474 3210   2   1  82  15   0 2018-10-31 18:23:52
 0  4        14216     19607548        31644     44165880    0    0  2080 128285 2601 3120   2   1  83  15   0 2018-10-31 18:23:55
 0  4        14216     19629480        31652     44143744    0    0  1788 98481 2234 2914   1   1  84  14   0 2018-10-31 18:23:58
 0  5        14216     19164156        31652     44631796    0    0  1787 153414 2605 3337   2   1  84  14   0 2018-10-31 18:24:01
 0  5        14216     18817808        31664     44974548    0    0  1667 107649 2052 2944   1   1  84  15   0 2018-10-31 18:24:04
 0  5        14216     18829528        31664     44960756    0    0  1992 120701 2182 2951   1   1  84  14   0 2018-10-31 18:24:07
 0  5        14216     19778900        31672     43955500    0    0 40375 164813 6885 67908   4   4  80  13   0 2018-10-31 18:24:10
 0  5        14216     19522892        31672     44187724    0    0 48205 99617 7278 6156   3   1  82  14   0 2018-10-31 18:24:13
 4  0        14216     19695112        31680     44136488    0    0 27363 56961 10923 12079   6   3  83   8   0 2018-10-31 18:24:16
 0  5        14216     19386224        31680     44374536    0    0 10624 126777 8409 10231   3   1  84  12   0 2018-10-31 18:24:19
 0  8        14216     19322480        31688     44591536    0    0   796 152082 2930 3237   1   1  79  19   0 2018-10-31 18:24:22
 0  4        14216     18966652        31688     44948416    0    0   645 115265 1936 2775   1   1  83  16   0 2018-10-31 18:24:25
 0  5        14216     18476236        31696     45438284    0    0  1791 153416 2203 2947   2   1  83  15   0 2018-10-31 18:24:28
 0  5        14216     18039208        31696     45875916    0    0  1936 134670 2382 3437   2   1  83  15   0 2018-10-31 18:24:31
 0  4        14216     18582876        31704     45332904    0    0  1873 89027 2123 3056   1   1  82  16   0 2018-10-31 18:24:34
 0  5        14216     19014400        31708     44875320    0    0  4269 139408 3087 3542   2   1  83  14   0 2018-10-31 18:24:37
 1  4        14216     19204412        31716     44670580    0    0  1627 103494 2418 2897   1   1  83  15   0 2018-10-31 18:24:40
 2  3        14216     18990704        31716     44740188    0    0 49453 92931 7504 6371   3   2  82  13   0 2018-10-31 18:24:43
 0  6        14216     18808048        31724     44832020    0    0 40019 134149 6110 8645   3   1  81  15   0 2018-10-31 18:24:46
 3  1        14216     19193628        31724     44664460    0    0 15216 74165 5114 5547   2   1  80  17   0 2018-10-31 18:24:49
 1  4        14216     18702376        31732     44952292    0    0 24916 88619 10458 14240   6   3  83   8   0 2018-10-31 18:24:52
 0  4        14216     18889888        31732     44829224    0    0   629 127489 2128 2761   1   1  83  15   0 2018-10-31 18:24:55
 0  6        14216     18377728        31740     45384368    0    0   749 177823 2207 2946   1   1  79  19   0 2018-10-31 18:24:58
 1  4        14216     17965612        31740     45781708    0    0  1713 123082 2284 3162   1   1  84  14   0 2018-10-31 18:25:01
 0  5        14216     17634976        31752     46110104    0    0  1033 103336 1888 2814   1   1  85  14   0 2018-10-31 18:25:04
 1  4        14216     18174780        31752     45570520    0    0  2707 92875 2334 3101   1   1  84  14   0 2018-10-31 18:25:07
 0  5        14216     18690924        31760     45053496    0    0  1819 96050 2059 2913   1   1  83  15   0 2018-10-31 18:25:10
 1  4        14216     18562276        31760     45180204    0    0  3167 168228 2920 3353   2   1  81  16   0 2018-10-31 18:25:13
 1  4        14216     18156136        31768     45583364    0    0  1563 125118 2115 2940   1   1  84  14   0 2018-10-31 18:25:16
 2  0        14216     18692272        31768     45004428    0    0 46805 78638 6550 5971   3   2  83  13   0 2018-10-31 18:25:19
 2  0        14216     20252768        32320     44705192    0    0  3404 74826 3035 7720   2   1  94   2   0 2018-10-31 18:25:22
 1  0        14216     20252564        32908     44709944    0    0  1544   322 2727 3899   4   2  94   0   0 2018-10-31 18:25:25
 1  0        14216     20260472        32964     44709968    0    0     5   260 2821 4161   4   2  93   0   0 2018-10-31 18:25:28
 0  0        14216     20241544        32976     44710812    0    0   159    65 2255 3434   3   2  95   0   0 2018-10-31 18:25:31
 1  0        14216     28961184          860     36026528    0    0  1501   354 2072 3157   1   4  95   1   0 2018-10-31 18:25:34
 0  1        14216     33057804         3160     31924084    0    0  4129   323 2064 2824   1   2  94   3   0 2018-10-31 18:25:37
 9  0        14216     32944120         5984     31955364    0    0 10575     1 2711 6726   3   1  94   3   0 2018-10-31 18:25:40
 1  0        14216     32761640         9228     31961488    0    0  3376   161 3359 14676   8   1  89   2   0 2018-10-31 18:25:43
 7  0        14216     32533296        12072     31973200    0    0  4713     9 19994 9711   9   1  88   2   0 2018-10-31 18:25:46
 8  0        14216     32470384        12508     31987280    0    0  4737   161 27259 15176  15   1  83   2   0 2018-10-31 18:25:49
 0  1        14216     32418640        15044     31991800    0    0  2116   248 20263 8237   9   1  87   3   0 2018-10-31 18:25:52
 0  1        14216     32655272        17988     32130684    0    0 43079  2020 5925 11250   7   1  88   5   0 2018-10-31 18:25:55
 1  4        14216     32280108        17996     32445236    0    0 93787 76248 5620 5906   1   1  92   7   0 2018-10-31 18:25:58
 0  7        14216     31690548        17996     32998560    0    0 96837 83405 6646 5652   1   1  76  22   0 2018-10-31 18:26:01
 0  7        14216     31050752        18024     33610756    0    0 92213 111357 6030 5526   1   1  73  26   0 2018-10-31 18:26:04
 1  4        14216     30791448        18024     33794284    0    0 66789 71770 8356 5510   3   1  75  21   0 2018-10-31 18:26:07
 1  4        14216     29912248        18032     34540676    0    0 129028 109798 12245 8725   3   1  79  17   0 2018-10-31 18:26:10
 0  5        14216     30010672        18032     34405700    0    0 90452 77654 8663 6685   1   1  80  18   0 2018-10-31 18:26:13
 3  2        14216     29346728        18040     35049456    0    0 111309 93610 10195 7895   2   1  79  18   0 2018-10-31 18:26:16
 1  3        14216     29353740        18040     34980504    0    0 82005 30095 20634 15758   2   1  82  14   0 2018-10-31 18:26:19
 0  4        14216     28821508        18048     35433000    0    0 114737    20 30649 22557   3   2  83  12   0 2018-10-31 18:26:22
 0  4        14216     29520220        18048     34790684    0    0 10593 131751 4878 9672   1   1  82  17   0 2018-10-31 18:26:25
 2  2        14216     29078524        18056     35219620    0    0 107845    16 29543 21959   4   2  83  12   0 2018-10-31 18:26:28
 0  5        14216     28624660        18056     35616128    0    0 96819 35008 27178 20047   3   2  84  12   0 2018-10-31 18:26:31
 0  8        14216     28523344        18064     35758460    0    0  2756 146100 3583 7811   1   1  84  15   0 2018-10-31 18:26:34
 2  4        14216     28072832        18068     36236916    0    0  1001 156629 2433 2947   1   1  79  20   0 2018-10-31 18:26:37
 0  5        14216     27511408        18076     36785600    0    0 74932 98013 10349 7960   2   1  80  17   0 2018-10-31 18:26:40
 0  5        14216     26996784        18076     37289536    0    0 79663 76373 11687 8265   1   1  80  18   0 2018-10-31 18:26:43
 0  5        14216     27211172        18084     37044292    0    0 92156 83946 15235 10009   2   2  79  17   0 2018-10-31 18:26:46
 1  5        14216     26606952        18084     37636108    0    0 91163 91474 14193 9685   2   1  79  17   0 2018-10-31 18:26:49
 0  5        14216     26773656        18092     37467052    0    0 64941 85312 10823 7585   2   1  79  18   0 2018-10-31 18:26:52
 0  5        14216     26787044        18100     37445360    0    0 69111 69720 11564 7912   2   1  79  18   0 2018-10-31 18:26:55
 1  5        14216     26339400        18384     37864560    0    0 55552 145808 9144 11607   2   1  77  20   0 2018-10-31 18:26:58
 1  5        14216     26584096        18392     37694076    0    0 51835 88567 9280 7552   2   1  78  19   0 2018-10-31 18:27:01
 0  5        14216     26047584        18392     38192512    0    0 73943 76716 12676 8579   2   1  79  17   0 2018-10-31 18:27:04
 0  5        14216     26168836        18400     38033896    0    0 82411 70820 10906 7671   2   1  79  18   0 2018-10-31 18:27:07
 2  2        14216     25914048        18408     38249060    0    0 74499 43919 12539 9633   2   1  80  16   0 2018-10-31 18:27:10
 0  5        14216     25653616        18408     38482400    0    0 48179 80255 15867 14521   3   1  86  10   0 2018-10-31 18:27:13
 1  7        14216     25837012        18416     38398696    0    0  1348 126303 2249 5053   1   1  79  19   0 2018-10-31 18:27:16
 0  7        14216     25442400        18416     38842416    0    0   712 143893 2141 2734   1   1  75  23   0 2018-10-31 18:27:19
 3  2        14216     25177560        18424     39090888    0    0 24159 53581 5298 4523   1   1  78  20   0 2018-10-31 18:27:22
 5  1        14216     24448784        18424     39771444    0    0 96287 105536 17283 11364   3   2  79  16   0 2018-10-31 18:27:25
 4  1        14216     24786780        18444     39409052    0    0 59959 72905 10455 8612   3   1  81  15   0 2018-10-31 18:27:28
 1  5        14216     24278816        18444     39882068    0    0 61655 76034 9060 8707   2   1  83  14   0 2018-10-31 18:27:31
 0  5        14216     24304200        18452     39850352    0    0 47195 117270 8308 7521   3   1  83  13   0 2018-10-31 18:27:34
 0  6        14216     23981444        18452     40171176    0    0  3613 176861 2815 6068   1   1  82  16   0 2018-10-31 18:27:37
 0  4        14216     24371532        18460     39813644    0    0 28824 86100 6506 7482   1   1  82  15   0 2018-10-31 18:27:40
 3  2        14216     23937104        18460     40322352    0    0 56640 92500 9991 8231   3   2  82  13   0 2018-10-31 18:27:43
 3  2        14216     23936760        18468     40296760    0    0 87421 93492 14691 10165   4   2  79  16   0 2018-10-31 18:27:46
 0  5        14216     24285512        18468     39905456    0    0 63813 75018 12666 9070   3   2  82  13   0 2018-10-31 18:27:49
 0  8        14216     24113304        18476     40089292    0    0  1685 166941 2894 7272   1   1  79  19   0 2018-10-31 18:27:52
 0  6        14216     23600548        18476     40600136    0    0   836 165537 2267 3213   1   1  75  23   0 2018-10-31 18:27:55
 1  4        14216     23301928        18484     40962112    0    0  2355 112409 2446 3069   1   1  80  18   0 2018-10-31 18:27:58
 1  4        14216     23666536        18484     40589628    0    0 35671 94206 8386 6244   2   1  80  17   0 2018-10-31 18:28:01
 3  1        14216     23528364        18492     40691536    0    0 79904 100580 16952 11125   4   2  80  14   0 2018-10-31 18:28:04
 0  5        14216     23007552        18492     41183896    0    0 19971 131494 5775 5365   2   1  79  18   0 2018-10-31 18:28:07
 1  4        14216     22958168        18500     41226764    0    0  2696 137360 2935 3418   1   1  80  18   0 2018-10-31 18:28:10
 0  5        14216     22466688        18500     41690828    0    0 28341 111726 6604 5506   2   1  80  17   0 2018-10-31 18:28:13
 0  6        14216     23019544        18508     41119476    0    0 10969 158414 3393 8088   1   1  82  16   0 2018-10-31 18:28:16
 4  1        14216     23526980        18508     40670972    0    0 49216 66017 5163 5283   2   1  84  13   0 2018-10-31 18:28:19
 0  5        14216     22988948        18516     41134924    0    0 73131 42626 17103 14924   6   3  84   7   0 2018-10-31 18:28:22
 1  8        14216     23201352        18516     40947528    0    0  1379 130252 2763 7206   1   1  85  14   0 2018-10-31 18:28:25
 0  7        14216     22823744        18524     41326620    0    0   612 135183 1936 2646   1   1  80  19   0 2018-10-31 18:28:28
 0  5        14216     22492616        18524     41700896    0    0  1100 120062 1982 2916   1   1  85  13   0 2018-10-31 18:28:31
 1  4        14216     22081716        18532     42153476    0    0  2372 141905 2312 3051   1   1  85  13   0 2018-10-31 18:28:34
 0  5        14216     22452984        18532     41775836    0    0 15137 115176 3911 4262   2   1  82  15   0 2018-10-31 18:28:37
 0  4        14216     22667744        18540     41529572    0    0 47540 124394 8438 8785   3   2  81  14   0 2018-10-31 18:28:40
 0  5        14216     22538908        18540     41638168    0    0 15247 123060 8212 3851   2   1  81  16   0 2018-10-31 18:28:43
 0  4        14216     22634884        18548     41521108    0    0 37493 102166 8487 4791   2   1  82  15   0 2018-10-31 18:28:46
 0  5        14216     22372492        18548     41764072    0    0 18273 120861 4779 3763   2   1  82  16   0 2018-10-31 18:28:49
 2  2        14216     23012092        18556     41196188    0    0 41056 154128 13002 10565   3   1  81  14   0 2018-10-31 18:28:52
 0  5        14216     22508956        18556     41585128    0    0 56969 36162 16631 14610   7   3  83   8   0 2018-10-31 18:28:55
 0  5        14216     22331696        18564     41754960    0    0  1035 95214 2190 8492   0   0  85  15   0 2018-10-31 18:28:58
 0  5        14216     22337648        18564     41830772    0    0   635 101706 1899 2565   1   1  77  22   0 2018-10-31 18:29:01
 0  7        14216     21903556        18572     42262220    0    0   701 138873 1971 2690   1   1  79  19   0 2018-10-31 18:29:04
 0  5        14216     21534368        18572     42601884    0    0 34999 55161 12410 7282   3   1  81  15   0 2018-10-31 18:29:07
 0  5        14216     21839696        18580     42265528    0    0 23443 106332 7423 6918   3   1  81  14   0 2018-10-31 18:29:10
 1  4        14216     21894364        18580     42199040    0    0  2665 100949 2775 2968   1   1  82  16   0 2018-10-31 18:29:13
 0  5        14216     21486192        18588     42601248    0    0  1639 127803 2102 2790   1   1  82  16   0 2018-10-31 18:29:16
 0  5        14216     21935340        18596     42099532    0    0 59499 134585 10122 10160   3   2  82  13   0 2018-10-31 18:29:19
 2  2        14216     22118532        18596     41964884    0    0 19873 54841 8392 9712   3   2  83  12   0 2018-10-31 18:29:22
 0  5        14216     21611160        18604     42352104    0    0 32513 121405 15289 14131   5   2  84   9   0 2018-10-31 18:29:25
 0  7        14216     21506440        18604     42555592    0    0   839 137400 2387 2711   1   1  79  20   0 2018-10-31 18:29:28
 0  6        14216     21204260        18612     42857996    0    0   533 98080 1982 2727   1   0  79  20   0 2018-10-31 18:29:31
 0  5        14216     20940180        18612     43157088    0    0  1484 93590 1986 2824   1   1  84  15   0 2018-10-31 18:29:34
 1  4        14216     21355896        18620     42736900    0    0  4672 131269 3198 3466   2   1  84  14   0 2018-10-31 18:29:37
 0  5        14216     21020268        18620     43073224    0    0  1435 105819 2220 3462   1   1  84  15   0 2018-10-31 18:29:40
 0  5        14216     21063984        18628     42959908    0    0  3569 138472 2632 3407   2   1  84  14   0 2018-10-31 18:29:43
 1  4        14216     21136956        18628     42877996    0    0  3124 138781 2947 3141   2   1  84  14   0 2018-10-31 18:29:46
 0  5        14216     20714556        18636     43298568    0    0  1875 132662 2612 2906   1   1  84  14   0 2018-10-31 18:29:49
 0  5        14216     21576432        18640     42405256    0    0 50057 82578 7050 5909   2   1  83  13   0 2018-10-31 18:29:52
 0  5        14216     21369020        18648     42578412    0    0 51677 110436 9185 9248   3   2  82  13   0 2018-10-31 18:29:55
 2  2        14216     21432420        18648     42503712    0    0 25457 58357 8567 10943   4   2  82  12   0 2018-10-31 18:29:58
 1  5        14216     21124060        18656     42696892    0    0 24055 78761 8225 10248   4   2  85   9   0 2018-10-31 18:30:01
 1  6        14216     20826296        18656     43046836    0    0  1185 189940 2533 5388   1   1  79  19   0 2018-10-31 18:30:04
 0  4        14216     20485312        18664     43418300    0    0   560 119664 1847 2807   1   1  81  17   0 2018-10-31 18:30:07
 1  5        14216     20094388        18664     43834800    0    0  1609 131496 2504 3054   1   1  84  14   0 2018-10-31 18:30:10
 0  5        14216     20512408        18672     43415252    0    0  3064 129998 2978 3744   1   1  85  13   0 2018-10-31 18:30:13
 0  5        14216     20144184        18672     43832732    0    0  1667 131604 2610 2864   1   1  84  14   0 2018-10-31 18:30:16
 1  4        14216     19579380        18680     44392576    0    0  2811 173753 2829 3253   2   1  84  13   0 2018-10-31 18:30:19
 0  4        14216     19727248        18680     44229908    0    0  2595 148557 2854 3283   2   1  83  15   0 2018-10-31 18:30:22
 2  3        14216     20627864        18688     43317856    0    0  4681 115520 3270 3534   2   1  83  15   0 2018-10-31 18:30:25
 2  3        14216     20509308        18688     43413984    0    0 29537 112392 4579 4516   2   1  83  14   0 2018-10-31 18:30:28
 1  3        14216     21110916        18696     42731568    0    0 26877 129577 8600 12184   4   2  84  11   0 2018-10-31 18:30:31
 0  4        14216     20618740        18696     43088224    0    0 41900 42251 15955 14597   6   3  84   7   0 2018-10-31 18:30:34
 0  8        14216     20560996        18704     43188644    0    0  1181 154407 2408 5618   1   1  83  15   0 2018-10-31 18:30:37
 1  6        14216     20181008        18704     43567300    0    0   475 122953 2156 2873   1   1  80  19   0 2018-10-31 18:30:40
 0  6        14216     19792376        18716     43950220    0    0   991 122085 2227 3515   1   1  83  15   0 2018-10-31 18:30:43
 0  5        14216     20284296        18720     43456820    0    0  3085 106081 2336 3145   1   1  84  14   0 2018-10-31 18:30:46
 0  5        14216     20151904        18728     43539612    0    0  2981 136042 2800 3190   1   1  83  14   0 2018-10-31 18:30:49
 2  4        14216     20295776        18728     43369328    0    0  2036 90068 2413 3266   2   1  84  14   0 2018-10-31 18:30:52
 0  5        14216     19839736        18736     43812816    0    0  2056 138151 2588 3085   1   1  83  14   0 2018-10-31 18:30:55
 0  4        14216     19693188        18736     43903756    0    0 43913 99260 6525 5370   2   1  83  13   0 2018-10-31 18:30:58
 2  2        14216     20035740        18744     43483236    0    0 65455 67665 10272 6872   3   2  83  13   0 2018-10-31 18:31:01
 0  4        14216     19753772        18744     43726220    0    0  7603 141329 4815 8601   2   1  84  13   0 2018-10-31 18:31:04
 1  5        14216     20119456        18752     43578540    0    0 37820 36757 13849 11458   7   3  84   7   0 2018-10-31 18:31:07
 0  8        14216     20059124        18752     43715268    0    0  1279 159833 2459 6980   1   1  81  17   0 2018-10-31 18:31:10
 2  5        14216     19608212        18760     44162820    0    0   699 145097 2481 3499   1   1  80  19   0 2018-10-31 18:31:13
 0  5        14216     19375052        18760     44391656    0    0   704 73624 1860 2684   1   0  83  16   0 2018-10-31 18:31:16
 0  5        14216     18871028        18768     44881424    0    0  1860 153556 2215 2912   1   1  84  13   0 2018-10-31 18:31:19
 0  5        14216     19398508        18768     44348376    0    0  3397 95099 2610 3334   2   1  85  13   0 2018-10-31 18:31:22
 0  4        14216     19949988        18776     43792684    0    0  2320 75657 2592 3108   1   1  85  13   0 2018-10-31 18:31:25
 1  5        14216     19387528        18776     44353036    0    0  2292 175366 2575 3072   2   1  85  13   0 2018-10-31 18:31:28
 0  5        14216     19250384        18784     44477568    0    0  1965 122238 2183 2893   1   1  84  14   0 2018-10-31 18:31:31
 0  5        14216     19934608        18784     43770924    0    0 46084 84571 8598 5780   3   2  83  13   0 2018-10-31 18:31:34
 0  5        14216     19604524        18792     44025264    0    0 36120 154252 6935 11837   3   1  84  12   0 2018-10-31 18:31:37
 2  3        14216     19835384        18792     43848884    0    0 23355 17542 10317 8225   5   2  84   9   0 2018-10-31 18:31:40
 0  5        14216     19473596        18800     44133672    0    0 11553 132677 5404 9475   3   1  83  13   0 2018-10-31 18:31:43
 0  5        14216     19381420        18800     44346432    0    0   940 145491 2369 3328   1   1  81  18   0 2018-10-31 18:31:46
 0  5        14216     18980132        18812     44779940    0    0   628 139853 2087 2819   1   1  81  18   0 2018-10-31 18:31:49
 1  4        14216     19376436        18812     44380724    0    0  3807 139359 3343 3394   2   1  84  12   0 2018-10-31 18:31:52
 0  4        14216     19095728        18820     44661156    0    0  1187 87418 1911 2783   1   1  84  15   0 2018-10-31 18:31:55
 0  4        14216     19073852        19268     44678580    0    0  2697 137819 3150 3225   2   1  84  14   0 2018-10-31 18:31:58
 3  2        14216     19471072        19276     44275788    0    0 11655 128437 4242 3686   2   1  82  15   0 2018-10-31 18:32:01
 0  5        14216     19399632        19276     44270444    0    0 45311 72518 9209 7717   4   2  83  11   0 2018-10-31 18:32:04
 0  4        14216     19667524        19284     44048188    0    0  5843 103477 3923 9990   1   1  85  13   0 2018-10-31 18:32:07
 0  5        14216     19202580        19284     44447688    0    0 23908 119458 9404 12609   5   2  83   9   0 2018-10-31 18:32:10
 2  4        14216     19048828        19292     44651140    0    0   551 134266 2025 2834   1   1  79  19   0 2018-10-31 18:32:13
 0  7        14216     18673320        19292     45024648    0    0   493 120068 2028 3430   1   1  82  16   0 2018-10-31 18:32:16
 1  4        14216     18283092        19300     45413420    0    0  1607 121218 2236 2963   1   1  84  14   0 2018-10-31 18:32:19
 0  5        14216     18793516        19300     44897436    0    0  2763 103336 2808 3090   1   1  84  13   0 2018-10-31 18:32:22
 1  4        14216     18363164        19308     45323808    0    0  1807 132777 2765 2935   1   1  85  13   0 2018-10-31 18:32:25
 0  5        14216     18472952        19308     45200540    0    0  2239 138852 2477 2984   1   1  85  12   0 2018-10-31 18:32:28
 0  5        14216     18093116        19316     45578936    0    0  1483 117609 2675 2879   1   1  85  13   0 2018-10-31 18:32:31
 0  4        14216     19076616        19316     44573916    0    0 19577 98052 5589 5063   3   1  82  14   0 2018-10-31 18:32:34
 0  1        14216     20668392        20440     44313640    0    0 22253 79618 4854 6624   2   1  93   4   0 2018-10-31 18:32:37
 1  0        14216     20648856        21632     44320836    0    0  2387   257 2686 3775   4   2  94   1   0 2018-10-31 18:32:40
 1  0        14216     20638456        21696     44321004    0    0    27    75 2965 4245   4   2  93   0   0 2018-10-31 18:32:43
 0  1        14216     20647848        22308     44324460    0    0  1403     1 2592 4120   4   2  94   1   0 2018-10-31 18:32:46
 2  0        14216     20765764          568     44218948    0    0  1155   889 2136 3181   2   1  95   2   0 2018-10-31 18:32:49
 1  1        14216     33080112         2136     31916056    0    0  2804    63 1932 2761   0   3  95   1   0 2018-10-31 18:32:52
 1  1        14216     33026380         6228     31933788    0    0  6531    40 2407 3143   2   1  93   3   0 2018-10-31 18:32:55
 0  1        14216     32823248         7980     31955164    0    0  7531     1 3446 15727   7   0  91   2   0 2018-10-31 18:32:58
 5  0        14216     32591980        11992     31967360    0    0  5484    63 9864 9710   8   1  89   3   0 2018-10-31 18:33:01
 1  1        14216     32491156        13000     31981180    0    0  4783    16 11066 9362  11   0  86   2   0 2018-10-31 18:33:04
 3  0        14216     32444732        13288     31988032    0    0  2193   108 20455 16260  16   1  83   1   0 2018-10-31 18:33:07
 0  1        14216     32622516        16636     32145044    0    0 49147  1984 9255 11389   7   1  89   4   0 2018-10-31 18:33:10
 0  5        14216     32019592        16924     32726068    0    0 140579 101359 7062 8120   2   1  88   9   0 2018-10-31 18:33:13
 0  8        14216     31644704        17332     33066328    0    0 100519 82339 6116 6612   1   1  72  26   0 2018-10-31 18:33:16
 1  7        14216     31079712        17348     33597628    0    0 81048 93922 8483 4951   3   1  69  27   0 2018-10-31 18:33:19
 3  2        14216     30629640        17348     33965884    0    0 87484 94603 15088 6739   4   1  75  20   0 2018-10-31 18:33:22
 1  4        14216     30559272        17356     33936480    0    0 103755 91923 10438 7699   1   1  80  18   0 2018-10-31 18:33:25
 1  4        14216     30003288        17356     34471404    0    0 91936 79787 9694 6562   1   1  80  18   0 2018-10-31 18:33:28
 0  5        14216     29229444        17368     35218024    0    0 129427 107639 10361 9098   2   1  79  17   0 2018-10-31 18:33:31
 1  4        14216     29085056        17496     35334256    0    0 87689 72305 6178 6727   1   1  80  18   0 2018-10-31 18:33:34
 3  1        14216     29250692        17504     35087444    0    0 120157 33211 17081 18304   3   2  82  14   0 2018-10-31 18:33:37
 0  5        14216     28875724        17512     35390112    0    0 75349 74373 20978 18601   2   1  83  14   0 2018-10-31 18:33:40
 3  1        14216     29139488        17512     35126504    0    0  8345 60514 3105 6190   1   0  81  18   0 2018-10-31 18:33:43
 1  3        14216     28799712        17520     35530524    0    0 100173    17 21940 20559   3   2  83  11   0 2018-10-31 18:33:46
 0  4        14216     28290568        17520     35970140    0    0 106661     0 21745 22576   3   2  83  11   0 2018-10-31 18:33:49
 0  8        14216     28121792        17528     36143620    0    0 13072 192514 4554 9797   1   1  78  20   0 2018-10-31 18:33:52
 0  7        14216     27851912        17528     36413092    0    0   472 89379 1832 2636   1   0  76  23   0 2018-10-31 18:33:55
 0  5        14216     27509936        17536     36787896    0    0 12107 108811 2961 3583   1   1  80  19   0 2018-10-31 18:33:58
 0  5        14216     27088620        17536     37246956    0    0 71196 70927 7652 7563   2   1  79  18   0 2018-10-31 18:34:01
 2  3        14216     26572188        17544     37746176    0    0 79453 75097 9136 7989   2   1  79  18   0 2018-10-31 18:34:04
 0  5        14216     26898092        17544     37393476    0    0 68153 76417 7660 7640   2   1  79  18   0 2018-10-31 18:34:07
 0  5        14216     26836552        17552     37431752    0    0 107127 106578 11903 10815   2   2  80  16   0 2018-10-31 18:34:10
 0  5        14216     26328380        17552     37933336    0    0 75051 78762 8825 8312   2   1  79  18   0 2018-10-31 18:34:13
 0  5        14216     26098076        17560     38135700    0    0 56525 95720 6920 7152   2   1  80  18   0 2018-10-31 18:34:16
 0  6        14216     25636540        17560     38581744    0    0 42153 167779 6052 11305   1   1  77  21   0 2018-10-31 18:34:19
 0  5        14216     26022272        17568     38293708    0    0 65636 70561 7717 7913   2   1  79  18   0 2018-10-31 18:34:22
 2  3        14216     25523164        17568     38805464    0    0 81609 75520 7165 7524   2   1  79  18   0 2018-10-31 18:34:25
 3  2        14216     25734304        17576     38560948    0    0 84715 71310 6696 7047   2   1  80  18   0 2018-10-31 18:34:28
 0  5        14216     25525404        17576     38692336    0    0 73889 42335 16929 16780   4   2  82  11   0 2018-10-31 18:34:31
 0  8        14216     25588424        17584     38634588    0    0  1691 156007 2782 7794   1   1  80  19   0 2018-10-31 18:34:34
 0  6        14216     25192396        17588     39029688    0    0   537 128668 1970 2706   1   1  76  23   0 2018-10-31 18:34:37
 0  4        14216     25045312        17856     39379920    0    0 21601 88205 4554 4761   1   1  82  17   0 2018-10-31 18:34:40
 0  5        14216     25406172        17856     39015052    0    0  5924 129993 2927 3428   1   1  81  17   0 2018-10-31 18:34:43
 4  1        14216     25303200        17864     39072700    0    0 85319 99285 10576 10435   3   2  81  14   0 2018-10-31 18:34:46
 0  4        14216     24736368        17864     39586288    0    0 69745 81919 9616 9613   2   1  80  16   0 2018-10-31 18:34:49
 2  3        14216     24397980        17872     39870852    0    0 77489 82722 9630 8884   3   1  81  15   0 2018-10-31 18:34:52
 0  5        14216     24457016        17872     39746860    0    0 40939 153929 8047 12889   2   1  84  13   0 2018-10-31 18:34:55
 2  2        14216     24811692        17880     39529344    0    0 43629  1768 11135 11076   3   2  84  11   0 2018-10-31 18:34:58
 0  5        14216     24399656        17880     39823036    0    0 53739 75914 14157 15913   4   2  83  11   0 2018-10-31 18:35:01
 0  8        14216     24257348        17904     40026008    0    0  1642 139499 2528 5465   1   1  79  19   0 2018-10-31 18:35:04
 0  6        14216     23855644        17904     40426960    0    0   559 129322 1917 2785   1   1  80  18   0 2018-10-31 18:35:07
 0  5        14216     23559924        17912     40775064    0    0  1328 110872 2001 2938   1   1  83  16   0 2018-10-31 18:35:10
 0  5        14216     23140280        17912     41191896    0    0  1992 131491 2114 2915   1   1  83  15   0 2018-10-31 18:35:13
 2  4        14216     23566408        17920     40721336    0    0  4228 121544 2737 3422   1   1  84  14   0 2018-10-31 18:35:16
 2  3        14216     23135776        17920     41137480    0    0 30823 95559 5457 5697   2   1  83  14   0 2018-10-31 18:35:19
 0  5        14216     23246648        17928     40963888    0    0 70753 90491 11882 10646   3   2  82  13   0 2018-10-31 18:35:22
 0  5        14216     23315780        17928     40835412    0    0 51049 108633 8910 9390   3   2  82  14   0 2018-10-31 18:35:25
 1  6        14216     23011020        17936     41118824    0    0 15817 105597 3746 4132   1   1  83  16   0 2018-10-31 18:35:28
 0  5        14216     23435368        17944     40793964    0    0 19748 117983 4698 9016   1   1  81  17   0 2018-10-31 18:35:31
 1  4        14216     23454476        17944     40749360    0    0 72783 71684 7671 7447   2   1  83  14   0 2018-10-31 18:35:34
 2  2        14216     22938680        17952     41142524    0    0 86776 53402 15202 12309   5   2  82  11   0 2018-10-31 18:35:37
 1  5        14216     22640044        17952     41377520    0    0 12659 134358 5625 9591   2   1  85  12   0 2018-10-31 18:35:40
 0  7        14216     23011896        17960     41207276    0    0  1225 119835 2282 2811   1   1  81  17   0 2018-10-31 18:35:43
 0  6        14216     22651576        17960     41566688    0    0   480 116141 2017 2757   1   1  81  17   0 2018-10-31 18:35:46
 0  5        14216     22246648        17968     41964216    0    0 15364 106273 4071 4563   1   1  84  14   0 2018-10-31 18:35:49
 0  5        14216     22585072        17968     41545572    0    0 45069 75176 8093 8578   3   2  82  14   0 2018-10-31 18:35:52
 0  5        14216     22053476        17976     42009060    0    0 53161 74680 9016 8492   3   1  82  14   0 2018-10-31 18:35:55
 0  5        14216     21830204        17976     42180420    0    0 19345 133171 6694 5339   2   1  82  15   0 2018-10-31 18:35:58
 0  5        14216     21810184        17984     42109040    0    0  9732 120694 3397 4104   2   1  83  14   0 2018-10-31 18:36:01
 0  6        14216     21690072        17984     42212264    0    0 10928 99577 3437 6240   1   1  84  15   0 2018-10-31 18:36:04
 0  5        14216     22201284        17992     41783620    0    0 14968 76416 4473 6791   1   1  82  16   0 2018-10-31 18:36:07
 4  0        14216     22064856        18000     41859660    0    0 74973 74733 8457 7679   3   2  83  13   0 2018-10-31 18:36:10
 0  5        14216     21740208        18000     42078052    0    0 30815 71821 9365 10540   4   2  84  10   0 2018-10-31 18:36:13
 0  7        14216     21802788        18008     42110644    0    0   997 165142 3537 5497   1   1  83  15   0 2018-10-31 18:36:16
 0  5        14216     21423420        18008     42489456    0    0   659 122993 2162 2778   1   1  81  18   0 2018-10-31 18:36:19
 0  5        14216     20982584        18016     42968732    0    0  2445 150508 2695 3303   1   1  84  14   0 2018-10-31 18:36:22
 0  5        14216     21400392        18016     42552580    0    0 17479 109818 4986 5253   2   1  82  15   0 2018-10-31 18:36:25
 0  5        14216     21642720        18024     42309608    0    0  3220 100727 2371 3526   1   1  85  13   0 2018-10-31 18:36:28
 2  3        14216     21328072        18024     42620320    0    0  3072 163970 2720 3422   2   1  85  13   0 2018-10-31 18:36:31
 0  5        14216     21103196        18032     42844636    0    0  2295 153426 2288 3027   1   1  85  13   0 2018-10-31 18:36:34
 2  3        14216     21252052        18032     42694940    0    0 10961 129431 3168 3767   2   1  85  13   0 2018-10-31 18:36:37
 0  6        14216     21340480        18040     42531568    0    0 107916 138201 9340 8873   4   2  82  13   0 2018-10-31 18:36:40
 0  5        14216     21428536        18040     42439276    0    0   676 87819 2465 7288   1   0  84  15   0 2018-10-31 18:36:43
 3  1        14216     21531732        18048     42327816    0    0 41659   246 13441 11372   6   3  84   7   0 2018-10-31 18:36:46
 0  8        14216     21461344        18048     42532532    0    0  8023 190951 5100 9999   2   1  80  17   0 2018-10-31 18:36:49
 0  7        14216     20981952        18056     43053792    0    0   739 170729 2389 2864   1   1  77  21   0 2018-10-31 18:36:52
 3  3        14216     20673072        18056     43364140    0    0  1320 98106 2260 3105   1   1  85  14   0 2018-10-31 18:36:55
 0  5        14216     21078192        18216     42944168    0    0  4257 123900 2975 3717   2   1  84  14   0 2018-10-31 18:36:58
 0  5        14216     21019696        18216     42995532    0    0  3048 140510 2827 3407   2   1  82  15   0 2018-10-31 18:37:01
 2  2        14216     20608524        18224     43404988    0    0  2233 127859 2668 3466   1   1  84  14   0 2018-10-31 18:37:04
 4  2        14216     21179772        18224     42830540    0    0 12828 173145 4015 4100   2   1  83  13   0 2018-10-31 18:37:07
 5  2        14216     21147116        18232     42801388    0    0 74220 72280 7611 6881   3   2  82  14   0 2018-10-31 18:37:10
 0  5        14216     21029700        18240     42856636    0    0 12337 124302 5258 9252   2   1  86  12   0 2018-10-31 18:37:13
 0  5        14216     21020776        18240     42826708    0    0 46239 42265 13726 12942   7   3  84   6   0 2018-10-31 18:37:16
 1  6        14216     20921368        18248     42923032    0    0  1381 141143 2632 8556   1   1  82  17   0 2018-10-31 18:37:19
 1  7        14216     20503344        18248     43339520    0    0   616 133979 1950 2674   1   1  83  16   0 2018-10-31 18:37:22
 1  4        14216     20162056        18256     43676188    0    0  1229 107403 2228 3140   1   1  82  16   0 2018-10-31 18:37:25
 1  4        14216     19805832        18256     44061792    0    0  2093 119642 2198 2952   1   1  82  16   0 2018-10-31 18:37:28
 3  2        14216     20309120        18264     43602460    0    0  7071 103298 3274 3905   2   1  83  14   0 2018-10-31 18:37:31
 0  5        14216     20652656        18272     43233772    0    0 11068 131675 4407 4619   2   1  84  13   0 2018-10-31 18:37:34
 1  4        14216     20280808        18272     43595620    0    0  1736 112563 2183 2847   1   1  85  13   0 2018-10-31 18:37:37
 1  4        14216     20182052        18280     43682152    0    0  2051 128699 2191 2963   1   1  85  13   0 2018-10-31 18:37:40
 3  2        14216     20376564        18280     43447268    0    0 29164 106796 4764 4490   2   1  83  14   0 2018-10-31 18:37:43
 1  4        14216     20468660        18288     43338060    0    0 48968 128076 9882 13666   4   2  84  10   0 2018-10-31 18:37:46
 4  0        14216     20721480        18288     43185432    0    0 24644 49198 8521 8081   4   2  85   9   0 2018-10-31 18:37:49
 1  6        14216     20496644        18296     43387884    0    0 17737 171419 6950 11904   3   2  84  11   0 2018-10-31 18:37:52
 0  7        14216     20063388        18304     43817928    0    0   612 138274 2289 2963   1   1  78  21   0 2018-10-31 18:37:55
 0  5        14216     19870352        18304     44128148    0    0   927 100256 2087 2818   1   1  83  16   0 2018-10-31 18:37:58
 0  5        14216     19441648        18312     44548724    0    0  1728 131672 2389 2922   2   1  84  13   0 2018-10-31 18:38:01
 1  4        14216     19884412        18452     44118512    0    0 15239 98985 5123 5192   2   2  83  13   0 2018-10-31 18:38:04
 1  4        14216     19362532        18460     44638104    0    0  2152 163094 2839 3160   2   1  84  14   0 2018-10-31 18:38:07
 0  5        14216     19720092        18460     44263532    0    0  3275 129769 2589 3771   2   1  85  13   0 2018-10-31 18:38:10
 0  5        14216     19279120        18468     44692340    0    0  1897 134179 2161 2872   1   1  84  14   0 2018-10-31 18:38:13
 0  4        14216     19527928        18468     44405540    0    0  8453 131621 3947 4231   2   1  83  13   0 2018-10-31 18:38:16
 0  5        14216     19824988        18476     44059236    0    0 39185 118021 6583 10012   3   1  83  13   0 2018-10-31 18:38:19
 1  4        14216     20164644        18476     43815144    0    0 40952 93820 5227 5104   2   1  82  15   0 2018-10-31 18:38:22
 0  4        14216     19835300        18484     44036464    0    0 53392 68634 11575 12390   6   3  82   9   0 2018-10-31 18:38:25
 0  8        14216     19957068        18484     43946528    0    0  1184 167597 2725 5954   1   1  79  19   0 2018-10-31 18:38:28
 0  7        14216     19544184        18492     44409156    0    0   604 150743 2329 2909   1   1  76  22   0 2018-10-31 18:38:31
 0  4        14216     19335296        18492     44644512    0    0   973 74384 1872 2800   1   0  81  17   0 2018-10-31 18:38:34
 1  4        14216     19694612        18500     44271648    0    0  3672 138011 2807 3366   2   1  81  17   0 2018-10-31 18:38:37
 0  5        14216     19871440        18508     44034632    0    0 14008 152143 5883 5221   3   2  84  12   0 2018-10-31 18:38:40
 0  4        14216     19442948        18508     44449880    0    0  1707 130054 2156 3268   1   1  85  13   0 2018-10-31 18:38:43
 0  4        14216     19638528        18516     44180644    0    0 57424 103437 10364 10820   5   2  81  12   0 2018-10-31 18:38:46
 2  2        14216     20037876        18516     43958576    0    0 10457 91471 6564 7738   3   1  83  13   0 2018-10-31 18:38:49
 1  5        14216     19502476        18524     44346692    0    0 21804 127876 10293 11783   5   2  84   9   0 2018-10-31 18:38:52
 1  7        14216     19358588        18524     44558348    0    0   864 140344 2994 2829   1   1  76  23   0 2018-10-31 18:38:55
 0  5        14216     19025288        18532     44888752    0    0   481 108005 2160 2973   1   0  80  19   0 2018-10-31 18:38:58
 0  5        14216     18583064        18532     45322208    0    0  1671 135391 2310 2902   1   1  83  15   0 2018-10-31 18:39:01
 0  5        14216     18961816        18540     44943232    0    0  2713 138492 2566 3138   1   1  84  14   0 2018-10-31 18:39:04
 2  3        14216     18651320        18540     45252716    0    0  1495 95650 1938 2791   1   1  85  13   0 2018-10-31 18:39:07
 0  5        14216     18949736        18548     44941960    0    0  2359 132203 2366 3162   1   1  85  13   0 2018-10-31 18:39:10
 0  5        14216     19210452        18548     44676012    0    0  3165 142053 2749 3749   2   1  82  16   0 2018-10-31 18:39:13
 1  4        14216     18888196        18556     44989788    0    0  1033 98148 2036 2700   1   1  83  15   0 2018-10-31 18:39:16
 3  2        14216     18712096        18780     45057792    0    0 55372 132338 11752 7477   4   2  81  12   0 2018-10-31 18:39:19
 1  5        14216     19035720        18920     44724444    0    0  3132 131329 2807 8594   1   1  83  16   0 2018-10-31 18:39:22
 4  0        14216     19227708        18928     44634516    0    0 47224 42156 9406 7840   4   2  83  10   0 2018-10-31 18:39:25
 0  8        14216     19181236        18928     44627380    0    0  9341 173866 5060 10698   3   2  83  13   0 2018-10-31 18:39:28
 0  7        14216     18818456        18936     45098224    0    0   740 151699 2073 2790   1   1  82  16   0 2018-10-31 18:39:31
 0  5        14216     18455604        18936     45462096    0    0  1251 115239 2089 2861   1   1  82  16   0 2018-10-31 18:39:34
 0  5        14216     18873316        18944     45042772    0    0  2792 119915 3076 3261   2   1  84  14   0 2018-10-31 18:39:37
 2  4        14216     18935968        21564     44964524    0    0  5717 116793 2811 3606   2   1  83  15   0 2018-10-31 18:39:40
 6  1        14216     18471880        25884     45380528    0    0  5648 127877 3609 4439   3   1  79  17   0 2018-10-31 18:39:43
 1  5        14216     17913700        26048     45871060    0    0  2381 152945 2812 3418   5   1  80  14   0 2018-10-31 18:39:46
 0  5        14216     18803908        27344     44998464    0    0 25012 144100 6124 5563   6   2  79  13   0 2018-10-31 18:39:49
 1  1        14216     20328144        28248     44584072    0    0 16877 66437 3707 7732   2   1  89   8   0 2018-10-31 18:39:52
 2  0        14216     20342248        29236     44589220    0    0  1843   261 2747 3859   4   2  94   1   0 2018-10-31 18:39:55
 1  0        14216     20322848        29304     44589740    0    0    23   149 3106 4414   5   2  93   0   0 2018-10-31 18:39:58
 2  0        14216     20346872        29520     44594176    0    0  1456     1 2426 3461   4   2  94   1   0 2018-10-31 18:40:01
 1  0        14216     20356676        29532     44594304    0    0     0    80 1771 2367   4   1  95   0   0 2018-10-31 18:40:04
 1  0        14216     20342576        31344     44594640    0    0   603     7 1755 2339   3   1  95   1   0 2018-10-31 18:40:07
 1  0        14216     20355564        31344     44595500    0    0     0     0 1781 2386   3   1  95   0   0 2018-10-31 18:40:10
 1  0        14216     20353708        31352     44595564    0    0     0     7 1740 2331   3   1  95   0   0 2018-10-31 18:40:13
 1  0        14216     20355784        31352     44594732    0    0     0     0 1646 2715   3   1  95   0   0 2018-10-31 18:40:16
 1  0        14216     20356964        31360     44594728    0    0     0    19 1684 2382   3   1  95   0   0 2018-10-31 18:40:19
 1  0        14216     20344540        31360     44594660    0    0     0   111 1604 2293   3   1  95   0   0 2018-10-31 18:40:22
 1  0        14216     20359256        31368     44594796    0    0     0    12 1622 2295   3   1  95   0   0 2018-10-31 18:40:25
 1  0        14216     20356124        31376     44595044    0    0     0   155 1635 2332   4   1  95   0   0 2018-10-31 18:40:28
