Extracting RWBS and sectors to /tmp/ycsb-rocksdb/data/output_myworkloada/sectors.dat
Parsing results...

SECTOR_SIZE   RW   COUNT         RATIO (in R/W)   RATIO (Overall)
----------------------------------------------------------------------
24            R    1522918              45.828%           41.002%
16            R    770028               23.172%           20.732%
8             R    585891               17.631%           15.774%
1024          W    285830               73.072%            7.695%
40            R    106348                3.200%            2.863%
32            R    63271                 1.904%            1.703%
56            R    63201                 1.902%            1.702%
8             W    56775                14.514%            1.529%
1016          W    41385                10.580%            1.114%
72            R    40349                 1.214%            1.086%
88            R    26755                 0.805%            0.720%
48            R    18302                 0.551%            0.493%
104           R    17997                 0.542%            0.485%
64            R    13377                 0.403%            0.360%
120           R    12759                 0.384%            0.344%
256           R    9100                  0.274%            0.245%
80            R    9098                  0.274%            0.245%
136           R    8634                  0.260%            0.232%
96            R    6832                  0.206%            0.184%
152           R    6220                  0.187%            0.167%
112           R    5195                  0.156%            0.140%
128           R    4509                  0.136%            0.121%
168           R    4500                  0.135%            0.121%
184           R    3345                  0.101%            0.090%
144           R    3215                  0.097%            0.087%
200           R    2413                  0.073%            0.065%
160           R    2394                  0.072%            0.064%
216           R    2386                  0.072%            0.064%
192           R    2063                  0.062%            0.056%
176           R    2031                  0.061%            0.055%
232           R    1412                  0.042%            0.038%
208           R    1267                  0.038%            0.034%
248           R    1093                  0.033%            0.029%
240           R    1069                  0.032%            0.029%
224           R    1050                  0.032%            0.028%
408           W    590                   0.151%            0.016%
512           R    542                   0.016%            0.015%
416           W    480                   0.123%            0.013%
264           R    437                   0.013%            0.012%
280           R    340                   0.010%            0.009%
64            W    296                   0.076%            0.008%
296           R    286                   0.009%            0.008%
32            W    254                   0.065%            0.007%
312           R    242                   0.007%            0.007%
272           R    240                   0.007%            0.006%
288           R    224                   0.007%            0.006%
3             W    200                   0.051%            0.005%
16            W    192                   0.049%            0.005%
304           R    186                   0.006%            0.005%
344           R    158                   0.005%            0.004%
328           R    156                   0.005%            0.004%
744           W    147                   0.038%            0.004%
30            W    142                   0.036%            0.004%
29            W    137                   0.035%            0.004%
400           W    136                   0.035%            0.004%
31            W    131                   0.033%            0.004%
25            W    125                   0.032%            0.003%
336           R    124                   0.004%            0.003%
28            W    121                   0.031%            0.003%
14            W    121                   0.031%            0.003%
320           R    120                   0.004%            0.003%
24            W    119                   0.030%            0.003%
360           R    117                   0.004%            0.003%
96            W    116                   0.030%            0.003%
27            W    116                   0.030%            0.003%
26            W    111                   0.028%            0.003%
920           W    109                   0.028%            0.003%
120           W    107                   0.027%            0.003%
896           W    105                   0.027%            0.003%
376           R    101                   0.003%            0.003%
952           W    99                    0.025%            0.003%
384           R    99                    0.003%            0.003%
352           R    99                    0.003%            0.003%
112           W    99                    0.025%            0.003%
904           W    98                    0.025%            0.003%
888           W    97                    0.025%            0.003%
4             W    91                    0.023%            0.002%
15            W    90                    0.023%            0.002%
424           W    88                    0.022%            0.002%
736           W    84                    0.021%            0.002%
392           R    84                    0.003%            0.002%
1             W    84                    0.021%            0.002%
33            W    83                    0.021%            0.002%
368           R    75                    0.002%            0.002%
34            W    72                    0.018%            0.002%
23            W    71                    0.018%            0.002%
136           W    68                    0.017%            0.002%
21            W    67                    0.017%            0.002%
128           W    61                    0.016%            0.002%
13            W    59                    0.015%            0.002%
22            W    57                    0.015%            0.002%
7             W    52                    0.013%            0.001%
35            W    52                    0.013%            0.001%
408           R    50                    0.002%            0.001%
37            W    50                    0.013%            0.001%
12            W    48                    0.012%            0.001%
36            W    46                    0.012%            0.001%
6             W    45                    0.012%            0.001%
40            W    45                    0.012%            0.001%
9             W    43                    0.011%            0.001%
5             W    43                    0.011%            0.001%
416           R    43                    0.001%            0.001%
424           R    42                    0.001%            0.001%
400           R    41                    0.001%            0.001%
392           W    41                    0.010%            0.001%
752           W    39                    0.010%            0.001%
2             W    39                    0.010%            0.001%
20            W    39                    0.010%            0.001%
440           R    38                    0.001%            0.001%
448           R    37                    0.001%            0.001%
11            W    37                    0.009%            0.001%
712           W    35                    0.009%            0.001%
472           R    35                    0.001%            0.001%
18            W    35                    0.009%            0.001%
728           W    34                    0.009%            0.001%
432           R    33                    0.001%            0.001%
17            W    32                    0.008%            0.001%
38            W    31                    0.008%            0.001%
10            W    31                    0.008%            0.001%
456           R    28                    0.001%            0.001%
19            W    27                    0.007%            0.001%
464           R    26                    0.001%            0.001%
39            W    26                    0.007%            0.001%
720           W    25                    0.006%            0.001%
480           R    25                    0.001%            0.001%
432           W    24                    0.006%            0.001%
48            W    20                    0.005%            0.001%
168           W    20                    0.005%            0.001%
42            W    19                    0.005%            0.001%
56            W    18                    0.005%            0.000%
144           W    17                    0.004%            0.000%
872           W    16                    0.004%            0.000%
488           R    16                    0.000%            0.000%
43            W    16                    0.004%            0.000%
816           W    15                    0.004%            0.000%
592           W    15                    0.004%            0.000%
41            W    15                    0.004%            0.000%
248           W    15                    0.004%            0.000%
192           W    15                    0.004%            0.000%
784           W    14                    0.004%            0.000%
46            W    14                    0.004%            0.000%
160           W    14                    0.004%            0.000%
976           W    13                    0.003%            0.000%
768           W    13                    0.003%            0.000%
704           W    13                    0.003%            0.000%
680           W    13                    0.003%            0.000%
344           W    13                    0.003%            0.000%
224           W    13                    0.003%            0.000%
152           W    13                    0.003%            0.000%
648           W    12                    0.003%            0.000%
640           W    12                    0.003%            0.000%
312           W    12                    0.003%            0.000%
200           W    12                    0.003%            0.000%
928           W    11                    0.003%            0.000%
824           W    11                    0.003%            0.000%
72            W    11                    0.003%            0.000%
632           W    11                    0.003%            0.000%
504           W    11                    0.003%            0.000%
49            W    11                    0.003%            0.000%
496           W    11                    0.003%            0.000%
45            W    11                    0.003%            0.000%
456           W    11                    0.003%            0.000%
848           W    10                    0.003%            0.000%
776           W    10                    0.003%            0.000%
616           W    10                    0.003%            0.000%
536           W    10                    0.003%            0.000%
520           W    10                    0.003%            0.000%
504           R    10                    0.000%            0.000%
496           R    10                    0.000%            0.000%
320           W    10                    0.003%            0.000%
256           W    10                    0.003%            0.000%
984           W    9                     0.002%            0.000%
624           W    9                     0.002%            0.000%
576           W    9                     0.002%            0.000%
44            W    9                     0.002%            0.000%
440           W    9                     0.002%            0.000%
296           W    9                     0.002%            0.000%
208           W    9                     0.002%            0.000%
1             R    9                     0.000%            0.000%
1008          W    9                     0.002%            0.000%
968           W    8                     0.002%            0.000%
944           W    8                     0.002%            0.000%
936           W    8                     0.002%            0.000%
88            W    8                     0.002%            0.000%
880           W    8                     0.002%            0.000%
80            W    8                     0.002%            0.000%
792           W    8                     0.002%            0.000%
688           W    8                     0.002%            0.000%
672           W    8                     0.002%            0.000%
57            W    8                     0.002%            0.000%
53            W    8                     0.002%            0.000%
528           W    8                     0.002%            0.000%
448           W    8                     0.002%            0.000%
384           W    8                     0.002%            0.000%
376           W    8                     0.002%            0.000%
304           W    8                     0.002%            0.000%
288           W    8                     0.002%            0.000%
264           W    8                     0.002%            0.000%
992           W    7                     0.002%            0.000%
960           W    7                     0.002%            0.000%
912           W    7                     0.002%            0.000%
864           W    7                     0.002%            0.000%
840           W    7                     0.002%            0.000%
808           W    7                     0.002%            0.000%
656           W    7                     0.002%            0.000%
608           W    7                     0.002%            0.000%
560           W    7                     0.002%            0.000%
552           W    7                     0.002%            0.000%
51            W    7                     0.002%            0.000%
512           W    7                     0.002%            0.000%
480           W    7                     0.002%            0.000%
47            W    7                     0.002%            0.000%
240           W    7                     0.002%            0.000%
232           W    7                     0.002%            0.000%
832           W    6                     0.002%            0.000%
696           W    6                     0.002%            0.000%
54            W    6                     0.002%            0.000%
544           W    6                     0.002%            0.000%
488           W    6                     0.002%            0.000%
472           W    6                     0.002%            0.000%
360           W    6                     0.002%            0.000%
336           W    6                     0.002%            0.000%
280           W    6                     0.002%            0.000%
272           W    6                     0.002%            0.000%
104           W    6                     0.002%            0.000%
800           W    5                     0.001%            0.000%
600           W    5                     0.001%            0.000%
568           W    5                     0.001%            0.000%
50            W    5                     0.001%            0.000%
216           W    5                     0.001%            0.000%
176           W    5                     0.001%            0.000%
1000          W    5                     0.001%            0.000%
856           W    4                     0.001%            0.000%
760           W    4                     0.001%            0.000%
664           W    4                     0.001%            0.000%
61            W    4                     0.001%            0.000%
58            W    4                     0.001%            0.000%
464           W    4                     0.001%            0.000%
368           W    4                     0.001%            0.000%
352           W    4                     0.001%            0.000%
60            W    3                     0.001%            0.000%
52            W    3                     0.001%            0.000%
184           W    3                     0.001%            0.000%
63            W    2                     0.001%            0.000%
62            W    2                     0.001%            0.000%
584           W    2                     0.001%            0.000%
328           W    2                     0.001%            0.000%
59            W    1                     0.000%            0.000%


SUMMARY (512-byte sectors)
----------------------------------------------------------------------
Total read I/Os : 3323095        [ 89.469%]
Total write I/Os: 391162         [ 10.531%]
Total read sectors : 87512193    [ 20.611%,   42730.563MB]
Total write sectors: 337073705   [ 79.389%,  164586.770MB]
