[2019-07-07T19:39:42-07:00]
rchar: 14999066
wchar: 209
syscr: 2273
syscw: 10
read_bytes: 3739648
write_bytes: 110592
cancelled_write_bytes: 0

[2019-07-07T19:39:45-07:00]
rchar: 14999066
wchar: 209
syscr: 2273
syscw: 10
read_bytes: 3739648
write_bytes: 118784
cancelled_write_bytes: 0

[2019-07-07T19:39:48-07:00]
rchar: 14999066
wchar: 209
syscr: 2273
syscw: 10
read_bytes: 3739648
write_bytes: 118784
cancelled_write_bytes: 0

[2019-07-07T19:39:51-07:00]
rchar: 14999066
wchar: 209
syscr: 2273
syscw: 10
read_bytes: 3739648
write_bytes: 126976
cancelled_write_bytes: 0

[2019-07-07T19:39:54-07:00]
rchar: 226595194
wchar: 42793147
syscr: 11165
syscw: 1293
read_bytes: 295953920
write_bytes: 43003904
cancelled_write_bytes: 0

[2019-07-07T19:39:57-07:00]
rchar: 592026207
wchar: 396161676
syscr: 53439
syscw: 15306
read_bytes: 723429888
write_bytes: 396820480
cancelled_write_bytes: 0

[2019-07-07T19:40:00-07:00]
rchar: 945933899
wchar: 636216626
syscr: 96315
syscw: 32020
read_bytes: 1141066240
write_bytes: 637132800
cancelled_write_bytes: 0

[2019-07-07T19:40:03-07:00]
rchar: 1452367107
wchar: 1022722671
syscr: 157657
syscw: 49878
read_bytes: 1556400640
write_bytes: 1024126976
cancelled_write_bytes: 0

[2019-07-07T19:40:06-07:00]
rchar: 1728749411
wchar: 1203509461
syscr: 191164
syscw: 66008
read_bytes: 1849170432
write_bytes: 1205112832
cancelled_write_bytes: 0

[2019-07-07T19:40:09-07:00]
rchar: 2062405179
wchar: 1437870367
syscr: 231539
syscw: 82167
read_bytes: 2052291072
write_bytes: 1439801344
cancelled_write_bytes: 8192

[2019-07-07T19:40:12-07:00]
rchar: 2909648103
wchar: 1594262331
syscr: 334274
syscw: 119816
read_bytes: 2556287488
write_bytes: 1596194816
cancelled_write_bytes: 8192

[2019-07-07T19:40:15-07:00]
rchar: 3278368452
wchar: 1970756411
syscr: 378909
syscw: 128090
read_bytes: 2666035712
write_bytes: 1973280768
cancelled_write_bytes: 16384

[2019-07-07T19:40:18-07:00]
rchar: 3737229927
wchar: 2382999074
syscr: 434326
syscw: 129885
read_bytes: 2682568192
write_bytes: 2386202624
cancelled_write_bytes: 16384

[2019-07-07T19:40:21-07:00]
rchar: 4218277659
wchar: 2680061494
syscr: 492583
syscw: 138132
read_bytes: 2797166080
write_bytes: 2683719680
cancelled_write_bytes: 53248

[2019-07-07T19:40:24-07:00]
rchar: 4886626540
wchar: 2836786971
syscr: 573621
syscw: 162529
read_bytes: 3156438528
write_bytes: 2840518656
cancelled_write_bytes: 57344

[2019-07-07T19:40:27-07:00]
rchar: 5299428844
wchar: 2914266559
syscr: 623677
syscw: 180770
read_bytes: 3394166272
write_bytes: 2918006784
cancelled_write_bytes: 57344

[2019-07-07T19:40:30-07:00]
rchar: 6040452229
wchar: 3171122440
syscr: 713446
syscw: 204761
read_bytes: 3661024768
write_bytes: 3175174144
cancelled_write_bytes: 65536

[2019-07-07T19:40:33-07:00]
rchar: 7241386333
wchar: 3319937825
syscr: 859063
syscw: 244145
read_bytes: 4094352896
write_bytes: 3323994112
cancelled_write_bytes: 65536

[2019-07-07T19:40:36-07:00]
rchar: 7437361809
wchar: 3613891750
syscr: 882750
syscw: 246387
read_bytes: 4116618752
write_bytes: 3618459648
cancelled_write_bytes: 73728

[2019-07-07T19:40:39-07:00]
rchar: 7932757031
wchar: 4044545620
syscr: 942672
syscw: 247995
read_bytes: 4129832448
write_bytes: 4049817600
cancelled_write_bytes: 73728

[2019-07-07T19:40:42-07:00]
rchar: 8395349907
wchar: 4362631860
syscr: 998589
syscw: 254070
read_bytes: 4205104640
write_bytes: 4368437248
cancelled_write_bytes: 114688

[2019-07-07T19:40:45-07:00]
rchar: 9023429345
wchar: 4619833378
syscr: 1074734
syscw: 276059
read_bytes: 4595265024
write_bytes: 4625899520
cancelled_write_bytes: 114688

[2019-07-07T19:40:48-07:00]
rchar: 9699626210
wchar: 4914965288
syscr: 1156710
syscw: 298022
read_bytes: 5015793152
write_bytes: 4921348096
cancelled_write_bytes: 114688

[2019-07-07T19:40:51-07:00]
rchar: 9971937432
wchar: 5192517306
syscr: 1189647
syscw: 307316
read_bytes: 5186838016
write_bytes: 5199314944
cancelled_write_bytes: 114688

[2019-07-07T19:40:54-07:00]
rchar: 10762504793
wchar: 5474308994
syscr: 1285489
syscw: 324087
read_bytes: 5488123392
write_bytes: 5481443328
cancelled_write_bytes: 126976

[2019-07-07T19:40:57-07:00]
rchar: 11636764655
wchar: 5736104816
syscr: 1391477
syscw: 346455
read_bytes: 5870390784
write_bytes: 5743501312
cancelled_write_bytes: 126976

[2019-07-07T19:41:00-07:00]
rchar: 12470435831
wchar: 5977794807
syscr: 1492549
syscw: 367556
read_bytes: 6206889472
write_bytes: 5985431552
cancelled_write_bytes: 131072

[2019-07-07T19:41:03-07:00]
rchar: 12877018527
wchar: 6236758073
syscr: 1541762
syscw: 376068
read_bytes: 6334496256
write_bytes: 6244802560
cancelled_write_bytes: 143360

[2019-07-07T19:41:06-07:00]
rchar: 13998705611
wchar: 6511553469
syscr: 1677753
syscw: 395963
read_bytes: 6709919232
write_bytes: 6519894016
cancelled_write_bytes: 143360

[2019-07-07T19:41:09-07:00]
rchar: 15153822924
wchar: 6784673960
syscr: 1817794
syscw: 418800
read_bytes: 7087521280
write_bytes: 6793293824
cancelled_write_bytes: 143360

[2019-07-07T19:41:12-07:00]
rchar: 15620834639
wchar: 6903807880
syscr: 1874414
syscw: 427615
read_bytes: 7246056960
write_bytes: 6912548864
cancelled_write_bytes: 143360

[2019-07-07T19:41:15-07:00]
rchar: 15995107117
wchar: 7297137907
syscr: 1919716
syscw: 430607
read_bytes: 7284375040
write_bytes: 7306555392
cancelled_write_bytes: 151552

[2019-07-07T19:41:18-07:00]
rchar: 16393085593
wchar: 7616112621
syscr: 1967823
syscw: 432044
read_bytes: 7294742016
write_bytes: 7626067968
cancelled_write_bytes: 151552

[2019-07-07T19:41:21-07:00]
rchar: 16921995516
wchar: 8024013006
syscr: 2031711
syscw: 434328
read_bytes: 7312567808
write_bytes: 8034684928
cancelled_write_bytes: 151552

[2019-07-07T19:41:24-07:00]
rchar: 17701774200
wchar: 8332387794
syscr: 2126247
syscw: 459395
read_bytes: 7704944128
write_bytes: 8343793664
cancelled_write_bytes: 151552

[2019-07-07T19:41:27-07:00]
rchar: 18383116352
wchar: 8602161353
syscr: 2208855
syscw: 481841
read_bytes: 8051486208
write_bytes: 8613437440
cancelled_write_bytes: 151552

[2019-07-07T19:41:30-07:00]
rchar: 18724830043
wchar: 8907765525
syscr: 2250287
syscw: 493711
read_bytes: 8226532864
write_bytes: 8919474176
cancelled_write_bytes: 151552

[2019-07-07T19:41:33-07:00]
rchar: 19571335372
wchar: 9147557417
syscr: 2352825
syscw: 513106
read_bytes: 8535117312
write_bytes: 9159528448
cancelled_write_bytes: 163840

[2019-07-07T19:41:36-07:00]
rchar: 20520914249
wchar: 9437353197
syscr: 2467951
syscw: 534012
read_bytes: 8872975872
write_bytes: 9449639936
cancelled_write_bytes: 163840

[2019-07-07T19:41:39-07:00]
rchar: 21251155743
wchar: 9645070460
syscr: 2556484
syscw: 551532
read_bytes: 9136791040
write_bytes: 9657565184
cancelled_write_bytes: 163840

[2019-07-07T19:41:42-07:00]
rchar: 21403411260
wchar: 9844366728
syscr: 2574867
syscw: 554731
read_bytes: 9180966400
write_bytes: 9857208320
cancelled_write_bytes: 176128

[2019-07-07T19:41:45-07:00]
rchar: 22536394245
wchar: 10121529865
syscr: 2712222
syscw: 574177
read_bytes: 9496673792
write_bytes: 10134679552
cancelled_write_bytes: 176128

[2019-07-07T19:41:48-07:00]
rchar: 23853671324
wchar: 10459210144
syscr: 2871922
syscw: 596957
read_bytes: 9882779136
write_bytes: 10472738816
cancelled_write_bytes: 176128

[2019-07-07T19:41:51-07:00]
rchar: 24570813304
wchar: 10634869531
syscr: 2958870
syscw: 609678
read_bytes: 10087435776
write_bytes: 10648604672
cancelled_write_bytes: 176128

[2019-07-07T19:41:54-07:00]
rchar: 25482917842
wchar: 10977137272
syscr: 3069377
syscw: 623479
read_bytes: 10305150464
write_bytes: 10991353856
cancelled_write_bytes: 184320

[2019-07-07T19:41:57-07:00]
rchar: 26847107736
wchar: 11246486440
syscr: 3234766
syscw: 644225
read_bytes: 10616618496
write_bytes: 11260985344
cancelled_write_bytes: 184320

[2019-07-07T19:42:00-07:00]
rchar: 27870535733
wchar: 11844410349
syscr: 3358736
syscw: 652575
read_bytes: 10716241408
write_bytes: 11859869696
cancelled_write_bytes: 184320

[2019-07-07T19:42:03-07:00]
rchar: 28258373792
wchar: 12156744150
syscr: 3405605
syscw: 653988
read_bytes: 10725658112
write_bytes: 12172734464
cancelled_write_bytes: 184320

[2019-07-07T19:42:06-07:00]
rchar: 28685160529
wchar: 12398574027
syscr: 3457202
syscw: 659966
read_bytes: 10784058880
write_bytes: 12414967808
cancelled_write_bytes: 184320

[2019-07-07T19:42:09-07:00]
rchar: 29081921359
wchar: 12638748561
syscr: 3505309
syscw: 672595
read_bytes: 10946563584
write_bytes: 12655460352
cancelled_write_bytes: 184320

[2019-07-07T19:42:12-07:00]
rchar: 29860628207
wchar: 12904425503
syscr: 3599638
syscw: 690086
read_bytes: 11194863104
write_bytes: 12921470976
cancelled_write_bytes: 192512

[2019-07-07T19:42:15-07:00]
rchar: 31051617431
wchar: 13259010722
syscr: 3744030
syscw: 715380
read_bytes: 11564215808
write_bytes: 13276459008
cancelled_write_bytes: 192512

[2019-07-07T19:42:18-07:00]
rchar: 31891569853
wchar: 13496593891
syscr: 3845865
syscw: 733683
read_bytes: 11823377920
write_bytes: 13514297344
cancelled_write_bytes: 196608

[2019-07-07T19:42:21-07:00]
rchar: 31968973761
wchar: 13684338691
syscr: 3855170
syscw: 735711
read_bytes: 11847646720
write_bytes: 13702385664
cancelled_write_bytes: 200704

[2019-07-07T19:42:24-07:00]
rchar: 33284250179
wchar: 13967406027
syscr: 4014632
syscw: 758441
read_bytes: 12147621376
write_bytes: 13985755136
cancelled_write_bytes: 208896

[2019-07-07T19:42:27-07:00]
rchar: 34734617141
wchar: 14305913690
syscr: 4190462
syscw: 782979
read_bytes: 12510989824
write_bytes: 14324621312
cancelled_write_bytes: 208896

[2019-07-07T19:42:30-07:00]
rchar: 35266850162
wchar: 14464171481
syscr: 4255002
syscw: 792831
read_bytes: 12627541504
write_bytes: 14483079168
cancelled_write_bytes: 208896

[2019-07-07T19:42:33-07:00]
rchar: 36241861248
wchar: 14758598596
syscr: 4373129
syscw: 807210
read_bytes: 12819271168
write_bytes: 14777917440
cancelled_write_bytes: 221184

[2019-07-07T19:42:36-07:00]
rchar: 37695781040
wchar: 15172399379
syscr: 4549403
syscw: 825922
read_bytes: 13071671808
write_bytes: 15192252416
cancelled_write_bytes: 221184

[2019-07-07T19:42:39-07:00]
rchar: 38280112245
wchar: 15638248344
syscr: 4620048
syscw: 828025
read_bytes: 13084271104
write_bytes: 15658889216
cancelled_write_bytes: 221184

[2019-07-07T19:42:42-07:00]
rchar: 38676544594
wchar: 15957762369
syscr: 4667991
syscw: 829508
read_bytes: 13092585984
write_bytes: 15978942464
cancelled_write_bytes: 221184

[2019-07-07T19:42:45-07:00]
rchar: 39426215679
wchar: 16284684693
syscr: 4758761
syscw: 846515
read_bytes: 13300462080
write_bytes: 16306307072
cancelled_write_bytes: 221184

[2019-07-07T19:42:48-07:00]
rchar: 39656984904
wchar: 16521285540
syscr: 4786740
syscw: 853445
read_bytes: 13385613824
write_bytes: 16543272960
cancelled_write_bytes: 221184

[2019-07-07T19:42:51-07:00]
rchar: 40809950937
wchar: 16809070764
syscr: 4926448
syscw: 877753
read_bytes: 13685178880
write_bytes: 16831389696
cancelled_write_bytes: 229376

[2019-07-07T19:42:54-07:00]
rchar: 41882916806
wchar: 17259645299
syscr: 5056518
syscw: 895418
read_bytes: 13850014208
write_bytes: 17282539520
cancelled_write_bytes: 229376

[2019-07-07T19:42:57-07:00]
rchar: 42677705129
wchar: 17653449263
syscr: 5152846
syscw: 907452
read_bytes: 13937893888
write_bytes: 17676869632
cancelled_write_bytes: 233472

[2019-07-07T19:43:00-07:00]
rchar: 43164226787
wchar: 17919494646
syscr: 5211823
syscw: 914963
read_bytes: 13994852864
write_bytes: 17943281664
cancelled_write_bytes: 233472

[2019-07-07T19:43:03-07:00]
rchar: 44103378477
wchar: 18278175043
syscr: 5325604
syscw: 931018
read_bytes: 14189904384
write_bytes: 18302464000
cancelled_write_bytes: 249856

[2019-07-07T19:43:06-07:00]
rchar: 45497002199
wchar: 18631200655
syscr: 5494555
syscw: 953660
read_bytes: 14470509056
write_bytes: 18655895552
cancelled_write_bytes: 253952

[2019-07-07T19:43:09-07:00]
rchar: 46619084365
wchar: 18913963627
syscr: 5630603
syscw: 972192
read_bytes: 14694556160
write_bytes: 18938970112
cancelled_write_bytes: 258048

[2019-07-07T19:43:12-07:00]
rchar: 47105726583
wchar: 19379852862
syscr: 5689504
syscw: 976000
read_bytes: 14719943168
write_bytes: 19405606912
cancelled_write_bytes: 270336

[2019-07-07T19:43:15-07:00]
rchar: 47824098835
wchar: 19909988441
syscr: 5776480
syscw: 979414
read_bytes: 14739563008
write_bytes: 19936600064
cancelled_write_bytes: 270336

[2019-07-07T19:43:18-07:00]
rchar: 48253474165
wchar: 20245524705
syscr: 5828383
syscw: 981171
read_bytes: 14748623360
write_bytes: 20272705536
cancelled_write_bytes: 270336

[2019-07-07T19:43:21-07:00]
rchar: 48794723690
wchar: 20627114406
syscr: 5893836
syscw: 984881
read_bytes: 14772302336
write_bytes: 20654964736
cancelled_write_bytes: 270336

[2019-07-07T19:43:24-07:00]
rchar: 49607239484
wchar: 21069886293
syscr: 5992319
syscw: 999657
read_bytes: 14880604672
write_bytes: 21098307584
cancelled_write_bytes: 270336

[2019-07-07T19:43:27-07:00]
rchar: 50272273356
wchar: 21445046488
syscr: 6072934
syscw: 1011777
read_bytes: 14969319936
write_bytes: 21473964032
cancelled_write_bytes: 270336

[2019-07-07T19:43:30-07:00]
rchar: 50830610343
wchar: 21814817237
syscr: 6140601
syscw: 1019547
read_bytes: 15025570304
write_bytes: 21844242432
cancelled_write_bytes: 270336

[2019-07-07T19:43:33-07:00]
rchar: 51500874046
wchar: 22107008113
syscr: 6221861
syscw: 1035666
read_bytes: 15190508032
write_bytes: 22136778752
cancelled_write_bytes: 303104

[2019-07-07T19:43:36-07:00]
rchar: 51677657919
wchar: 22344774756
syscr: 6243284
syscw: 1037766
read_bytes: 15203807744
write_bytes: 22374916096
cancelled_write_bytes: 303104

[2019-07-07T19:43:39-07:00]
rchar: 52487631374
wchar: 22673848279
syscr: 6341391
syscw: 1053924
read_bytes: 15366971904
write_bytes: 22704439296
cancelled_write_bytes: 315392

[2019-07-07T19:43:42-07:00]
rchar: 53217738926
wchar: 23065149224
syscr: 6429886
syscw: 1064079
read_bytes: 15437931008
write_bytes: 23096270848
cancelled_write_bytes: 327680

[2019-07-07T19:43:45-07:00]
rchar: 53993307161
wchar: 23422134700
syscr: 6523902
syscw: 1076562
read_bytes: 15557071360
write_bytes: 23453716480
cancelled_write_bytes: 327680

[2019-07-07T19:43:48-07:00]
rchar: 54919843984
wchar: 23673256819
syscr: 6636243
syscw: 1097147
read_bytes: 15770575360
write_bytes: 23705096192
cancelled_write_bytes: 331776

[2019-07-07T19:43:51-07:00]
rchar: 55169213969
wchar: 23994152177
syscr: 6666388
syscw: 1100093
read_bytes: 15788102144
write_bytes: 24026804224
cancelled_write_bytes: 339968

[2019-07-07T19:43:54-07:00]
rchar: 55804177177
wchar: 24313034907
syscr: 6743350
syscw: 1107303
read_bytes: 15850410496
write_bytes: 24345878528
cancelled_write_bytes: 339968

[2019-07-07T19:43:57-07:00]
rchar: 57257033018
wchar: 24639993943
syscr: 6919492
syscw: 1131521
read_bytes: 16151265792
write_bytes: 24673193984
cancelled_write_bytes: 339968

[2019-07-07T19:44:00-07:00]
rchar: 58489569494
wchar: 24904568114
syscr: 7068920
syscw: 1152744
read_bytes: 16443634176
write_bytes: 24938033152
cancelled_write_bytes: 339968

[2019-07-07T19:44:03-07:00]
rchar: 58694303336
wchar: 25092884676
syscr: 7093748
syscw: 1156685
read_bytes: 16490926592
write_bytes: 25126641664
cancelled_write_bytes: 339968

[2019-07-07T19:44:06-07:00]
rchar: 59142778888
wchar: 25474402673
syscr: 7148077
syscw: 1158439
read_bytes: 16522756608
write_bytes: 25508728832
cancelled_write_bytes: 348160

[2019-07-07T19:44:09-07:00]
rchar: 59658029456
wchar: 25917343704
syscr: 7210406
syscw: 1159741
read_bytes: 16572023296
write_bytes: 25952391168
cancelled_write_bytes: 348160

[2019-07-07T19:44:12-07:00]
rchar: 60041441876
wchar: 26249352391
syscr: 7256784
syscw: 1160695
read_bytes: 16611070464
write_bytes: 26284965888
cancelled_write_bytes: 348160

[2019-07-07T19:44:15-07:00]
rchar: 60380333576
wchar: 26532624321
syscr: 7297754
syscw: 1161619
read_bytes: 16652243456
write_bytes: 26568695808
cancelled_write_bytes: 348160

[2019-07-07T19:44:18-07:00]
rchar: 60753684028
wchar: 26811398813
syscr: 7342968
syscw: 1165169
read_bytes: 16851612160
write_bytes: 26847854592
cancelled_write_bytes: 348160

[2019-07-07T19:44:21-07:00]
rchar: 61228333796
wchar: 27169951084
syscr: 7400520
syscw: 1169765
read_bytes: 17143173632
write_bytes: 27206893568
cancelled_write_bytes: 348160

[2019-07-07T19:44:24-07:00]
rchar: 61669200977
wchar: 27504551141
syscr: 7453967
syscw: 1174332
read_bytes: 17410736640
write_bytes: 27541966848
cancelled_write_bytes: 348160

[2019-07-07T19:44:27-07:00]
rchar: 62206545920
wchar: 27918883027
syscr: 7519045
syscw: 1179353
read_bytes: 17718108672
write_bytes: 27956920320
cancelled_write_bytes: 352256

[2019-07-07T19:44:30-07:00]
rchar: 62547763446
wchar: 28200806036
syscr: 7560381
syscw: 1181884
read_bytes: 17869345280
write_bytes: 28239667200
cancelled_write_bytes: 352256

[2019-07-07T19:44:33-07:00]
rchar: 63090668955
wchar: 28617823787
syscr: 7626213
syscw: 1187048
read_bytes: 18189455872
write_bytes: 28656857088
cancelled_write_bytes: 352256

[2019-07-07T19:44:36-07:00]
rchar: 63345115294
wchar: 28808115953
syscr: 7657038
syscw: 1189752
read_bytes: 18352513536
write_bytes: 28847423488
cancelled_write_bytes: 352256

[2019-07-07T19:44:39-07:00]
rchar: 63788881197
wchar: 29149660219
syscr: 7710814
syscw: 1194060
read_bytes: 18639061504
write_bytes: 29189455872
cancelled_write_bytes: 352256

[2019-07-07T19:44:42-07:00]
rchar: 64289184023
wchar: 29535234056
syscr: 7771417
syscw: 1198778
read_bytes: 18948297216
write_bytes: 29575581696
cancelled_write_bytes: 352256

[2019-07-07T19:44:45-07:00]
rchar: 64800388648
wchar: 29931047330
syscr: 7833373
syscw: 1203354
read_bytes: 19291017728
write_bytes: 29971918848
cancelled_write_bytes: 352256

[2019-07-07T19:44:48-07:00]
rchar: 65213136230
wchar: 30247813857
syscr: 7883429
syscw: 1207441
read_bytes: 19569250816
write_bytes: 30289125376
cancelled_write_bytes: 352256

[2019-07-07T19:44:51-07:00]
rchar: 65655978745
wchar: 30595025248
syscr: 7937076
syscw: 1211483
read_bytes: 19873722880
write_bytes: 30636847104
cancelled_write_bytes: 352256

[2019-07-07T19:44:54-07:00]
rchar: 66063692395
wchar: 30922884846
syscr: 7986473
syscw: 1214726
read_bytes: 20114543104
write_bytes: 30965153792
cancelled_write_bytes: 352256

[2019-07-07T19:44:57-07:00]
rchar: 66557197110
wchar: 31338835208
syscr: 8046273
syscw: 1218210
read_bytes: 20340548096
write_bytes: 31381770240
cancelled_write_bytes: 352256

[2019-07-07T19:45:01-07:00]
rchar: 67067753011
wchar: 31744084466
syscr: 8108158
syscw: 1222739
read_bytes: 20655665664
write_bytes: 31787573248
cancelled_write_bytes: 352256

[2019-07-07T19:45:04-07:00]
rchar: 67503609073
wchar: 32080069126
syscr: 8160955
syscw: 1226962
read_bytes: 20955464192
write_bytes: 32124055552
cancelled_write_bytes: 352256

[2019-07-07T19:45:07-07:00]
rchar: 67638976967
wchar: 32358443152
syscr: 8177327
syscw: 1228287
read_bytes: 21032800768
write_bytes: 32402927616
cancelled_write_bytes: 352256

[2019-07-07T19:45:10-07:00]
rchar: 68101370958
wchar: 32697535903
syscr: 8233304
syscw: 1231815
read_bytes: 21296607744
write_bytes: 32742486016
cancelled_write_bytes: 360448

[2019-07-07T19:45:13-07:00]
rchar: 68581619548
wchar: 33032677214
syscr: 8291530
syscw: 1235958
read_bytes: 21609906688
write_bytes: 33078071296
cancelled_write_bytes: 360448

[2019-07-07T19:45:16-07:00]
rchar: 69117585914
wchar: 33410005715
syscr: 8356484
syscw: 1240624
read_bytes: 21959954944
write_bytes: 33455960064
cancelled_write_bytes: 360448

[2019-07-07T19:45:19-07:00]
rchar: 69488065900
wchar: 33670952951
syscr: 8401341
syscw: 1243832
read_bytes: 22197309952
write_bytes: 33717305344
cancelled_write_bytes: 360448

[2019-07-07T19:45:22-07:00]
rchar: 70072315783
wchar: 34098455161
syscr: 8472173
syscw: 1248463
read_bytes: 22562808320
write_bytes: 34145378304
cancelled_write_bytes: 360448

[2019-07-07T19:45:25-07:00]
rchar: 70474518624
wchar: 34382982564
syscr: 8520932
syscw: 1252020
read_bytes: 22830514688
write_bytes: 34430316544
cancelled_write_bytes: 360448

[2019-07-07T19:45:28-07:00]
rchar: 71026772511
wchar: 34767447647
syscr: 8587815
syscw: 1257159
read_bytes: 23201948160
write_bytes: 34815365120
cancelled_write_bytes: 360448

[2019-07-07T19:45:31-07:00]
rchar: 71447543585
wchar: 35062053206
syscr: 8638812
syscw: 1260862
read_bytes: 23492751872
write_bytes: 35110400000
cancelled_write_bytes: 360448

[2019-07-07T19:45:34-07:00]
rchar: 71868487116
wchar: 35356607959
syscr: 8689855
syscw: 1264842
read_bytes: 23783178752
write_bytes: 35405348864
cancelled_write_bytes: 360448

[2019-07-07T19:45:37-07:00]
rchar: 72116264732
wchar: 35517626569
syscr: 8719862
syscw: 1267535
read_bytes: 23943217664
write_bytes: 35566616576
cancelled_write_bytes: 360448

[2019-07-07T19:45:40-07:00]
rchar: 72793230560
wchar: 35932709601
syscr: 8801911
syscw: 1275606
read_bytes: 24368841216
write_bytes: 35982266368
cancelled_write_bytes: 364544

[2019-07-07T19:45:43-07:00]
rchar: 73285390648
wchar: 36197544840
syscr: 8861543
syscw: 1282589
read_bytes: 24645120512
write_bytes: 36247506944
cancelled_write_bytes: 364544

[2019-07-07T19:45:46-07:00]
rchar: 74023374303
wchar: 36467761613
syscr: 8951002
syscw: 1296849
read_bytes: 24962732544
write_bytes: 36518068224
cancelled_write_bytes: 364544

[2019-07-07T19:45:49-07:00]
rchar: 74600719429
wchar: 36740830397
syscr: 9020926
syscw: 1308022
read_bytes: 25094660608
write_bytes: 36791537664
cancelled_write_bytes: 372736

[2019-07-07T19:45:52-07:00]
rchar: 75983963190
wchar: 37044843159
syscr: 9188630
syscw: 1330393
read_bytes: 25434522112
write_bytes: 37095878656
cancelled_write_bytes: 372736

[2019-07-07T19:45:55-07:00]
rchar: 77197214658
wchar: 37312007577
syscr: 9335714
syscw: 1350626
read_bytes: 25734173184
write_bytes: 37363310592
cancelled_write_bytes: 372736

[2019-07-07T19:45:58-07:00]
rchar: 77809895168
wchar: 37587357022
syscr: 9409914
syscw: 1360843
read_bytes: 25868513792
write_bytes: 37639102464
cancelled_write_bytes: 380928

[2019-07-07T19:46:01-07:00]
rchar: 79458680093
wchar: 37880741232
syscr: 9609809
syscw: 1384760
read_bytes: 26194113024
write_bytes: 37932781568
cancelled_write_bytes: 380928

[2019-07-07T19:46:04-07:00]
rchar: 81296198006
wchar: 38216646961
syscr: 9832587
syscw: 1411742
read_bytes: 26566464000
write_bytes: 38269026304
cancelled_write_bytes: 380928

[2019-07-07T19:46:07-07:00]
rchar: 81678813315
wchar: 38452209290
syscr: 9878975
syscw: 1417719
read_bytes: 26637984256
write_bytes: 38504964096
cancelled_write_bytes: 380928

[2019-07-07T19:46:10-07:00]
rchar: 82379805840
wchar: 39000090265
syscr: 9963891
syscw: 1419910
read_bytes: 26680885760
write_bytes: 39053778944
cancelled_write_bytes: 389120

[2019-07-07T19:46:13-07:00]
rchar: 83003135258
wchar: 39365834425
syscr: 10039153
syscw: 1427440
read_bytes: 26889867776
write_bytes: 39420039168
cancelled_write_bytes: 389120

[2019-07-07T19:46:16-07:00]
rchar: 83727077024
wchar: 39748988532
syscr: 10126892
syscw: 1438313
read_bytes: 27180003840
write_bytes: 39803731968
cancelled_write_bytes: 389120

[2019-07-07T19:46:19-07:00]
rchar: 84404352670
wchar: 40114271658
syscr: 10208980
syscw: 1448461
read_bytes: 27435450880
write_bytes: 40169500672
cancelled_write_bytes: 389120

[2019-07-07T19:46:22-07:00]
rchar: 85332251561
wchar: 40606431910
syscr: 10321456
syscw: 1462656
read_bytes: 27775611392
write_bytes: 40662323200
cancelled_write_bytes: 389120

[2019-07-07T19:46:25-07:00]
rchar: 86005114485
wchar: 40936238266
syscr: 10403019
syscw: 1473768
read_bytes: 28020412928
write_bytes: 40992567296
cancelled_write_bytes: 389120

[2019-07-07T19:46:28-07:00]
rchar: 86518002570
wchar: 41331561992
syscr: 10465188
syscw: 1482515
read_bytes: 28219228672
write_bytes: 41388503040
cancelled_write_bytes: 389120

[2019-07-07T19:46:31-07:00]
rchar: 87115922846
wchar: 41536867894
syscr: 10537585
syscw: 1492446
read_bytes: 28386402816
write_bytes: 41594093568
cancelled_write_bytes: 397312

[2019-07-07T19:46:34-07:00]
rchar: 88282828347
wchar: 41934719850
syscr: 10679012
syscw: 1510579
read_bytes: 28591055360
write_bytes: 41992495104
cancelled_write_bytes: 397312

[2019-07-07T19:46:37-07:00]
rchar: 89224088353
wchar: 42429546736
syscr: 10792916
syscw: 1521617
read_bytes: 28681359872
write_bytes: 42488115200
cancelled_write_bytes: 397312

[2019-07-07T19:46:40-07:00]
rchar: 90332277438
wchar: 42874436326
syscr: 10927134
syscw: 1537722
read_bytes: 28810932736
write_bytes: 42933661696
cancelled_write_bytes: 397312

[2019-07-07T19:46:43-07:00]
rchar: 90657652961
wchar: 43100267697
syscr: 10966487
syscw: 1543096
read_bytes: 28850803200
write_bytes: 43159867392
cancelled_write_bytes: 405504

[2019-07-07T19:46:46-07:00]
rchar: 91794345786
wchar: 43388376587
syscr: 11104272
syscw: 1565862
read_bytes: 29077221888
write_bytes: 43448303616
cancelled_write_bytes: 405504

[2019-07-07T19:46:49-07:00]
rchar: 92884478526
wchar: 43841873623
syscr: 11236415
syscw: 1583915
read_bytes: 29222457856
write_bytes: 43902382080
cancelled_write_bytes: 405504

[2019-07-07T19:46:52-07:00]
rchar: 93691158492
wchar: 44142904912
syscr: 11334213
syscw: 1598597
read_bytes: 29374419456
write_bytes: 44203798528
cancelled_write_bytes: 405504

[2019-07-07T19:46:55-07:00]
rchar: 93851115717
wchar: 44408711055
syscr: 11353602
syscw: 1600545
read_bytes: 29386191360
write_bytes: 44470046720
cancelled_write_bytes: 405504

[2019-07-07T19:46:58-07:00]
rchar: 95201470517
wchar: 44793456147
syscr: 11517222
syscw: 1621306
read_bytes: 29606720000
write_bytes: 44855304192
cancelled_write_bytes: 425984

[2019-07-07T19:47:01-07:00]
rchar: 96410584090
wchar: 45079854925
syscr: 11663812
syscw: 1642346
read_bytes: 29821313536
write_bytes: 45142687744
cancelled_write_bytes: 430080

[2019-07-07T19:47:04-07:00]
rchar: 97448802381
wchar: 45304220081
syscr: 11789688
syscw: 1660159
read_bytes: 30026977792
write_bytes: 45366616064
cancelled_write_bytes: 430080

[2019-07-07T19:47:07-07:00]
rchar: 98293381583
wchar: 45603916406
syscr: 11892011
syscw: 1673110
read_bytes: 30178599424
write_bytes: 45666754560
cancelled_write_bytes: 438272

[2019-07-07T19:47:10-07:00]
rchar: 100074410857
wchar: 45911009501
syscr: 12107935
syscw: 1699637
read_bytes: 30478369280
write_bytes: 45974171648
cancelled_write_bytes: 438272

[2019-07-07T19:47:13-07:00]
rchar: 101625549748
wchar: 46241210763
syscr: 12295991
syscw: 1721795
read_bytes: 30742557184
write_bytes: 46304751616
cancelled_write_bytes: 446464

[2019-07-07T19:47:16-07:00]
rchar: 101710780481
wchar: 46423944276
syscr: 12306326
syscw: 1723424
read_bytes: 30758621696
write_bytes: 46487801856
cancelled_write_bytes: 446464

[2019-07-07T19:47:19-07:00]
rchar: 102363740411
wchar: 46924619655
syscr: 12385410
syscw: 1725758
read_bytes: 30784340480
write_bytes: 46989307904
cancelled_write_bytes: 454656

[2019-07-07T19:47:22-07:00]
rchar: 102745073274
wchar: 47218183223
syscr: 12431645
syscw: 1727048
read_bytes: 30798971392
write_bytes: 47283355648
cancelled_write_bytes: 454656

[2019-07-07T19:47:25-07:00]
rchar: 103355486136
wchar: 47512641717
syscr: 12505322
syscw: 1736375
read_bytes: 31003611648
write_bytes: 47578210304
cancelled_write_bytes: 454656

[2019-07-07T19:47:28-07:00]
rchar: 104312783388
wchar: 48026033384
syscr: 12621353
syscw: 1749836
read_bytes: 31311081984
write_bytes: 48092340224
cancelled_write_bytes: 454656

[2019-07-07T19:47:31-07:00]
rchar: 104943677818
wchar: 48342325890
syscr: 12697832
syscw: 1760347
read_bytes: 31488233984
write_bytes: 48409092096
cancelled_write_bytes: 454656

[2019-07-07T19:47:34-07:00]
rchar: 105820495160
wchar: 48645034396
syscr: 12804133
syscw: 1779052
read_bytes: 31737319936
write_bytes: 48712159232
cancelled_write_bytes: 454656

[2019-07-07T19:47:37-07:00]
rchar: 106149376532
wchar: 48888066166
syscr: 12844014
syscw: 1787563
read_bytes: 31832957440
write_bytes: 48955559936
cancelled_write_bytes: 454656

[2019-07-07T19:47:40-07:00]
rchar: 107116666308
wchar: 49087599108
syscr: 12961206
syscw: 1806081
read_bytes: 32068891136
write_bytes: 49155289088
cancelled_write_bytes: 466944

[2019-07-07T19:47:43-07:00]
rchar: 108629525836
wchar: 49430742806
syscr: 13144626
syscw: 1835485
read_bytes: 32431579648
write_bytes: 49498767360
cancelled_write_bytes: 466944

[2019-07-07T19:47:46-07:00]
rchar: 109488533334
wchar: 49895939865
syscr: 13248659
syscw: 1845453
read_bytes: 32524431872
write_bytes: 49964683264
cancelled_write_bytes: 466944

[2019-07-07T19:47:49-07:00]
rchar: 109898739735
wchar: 50233256463
syscr: 13298281
syscw: 1847232
read_bytes: 32533926400
write_bytes: 50302590976
cancelled_write_bytes: 466944

[2019-07-07T19:47:52-07:00]
rchar: 110377310397
wchar: 50627553114
syscr: 13356152
syscw: 1849290
read_bytes: 32544965120
write_bytes: 50697539584
cancelled_write_bytes: 466944

[2019-07-07T19:47:55-07:00]
rchar: 110544839817
wchar: 50754988953
syscr: 13376355
syscw: 1850354
read_bytes: 32550789632
write_bytes: 50825195520
cancelled_write_bytes: 466944

[2019-07-07T19:47:58-07:00]
rchar: 110938353629
wchar: 50991558989
syscr: 13423975
syscw: 1859623
read_bytes: 32641155584
write_bytes: 51062136832
cancelled_write_bytes: 475136

[2019-07-07T19:48:01-07:00]
rchar: 112252437009
wchar: 51329979761
syscr: 13583292
syscw: 1885867
read_bytes: 32957944320
write_bytes: 51400908800
cancelled_write_bytes: 475136

[2019-07-07T19:48:04-07:00]
rchar: 113284559870
wchar: 51680689430
syscr: 13708414
syscw: 1906043
read_bytes: 33147785728
write_bytes: 51753000960
cancelled_write_bytes: 475136

[2019-07-07T19:48:07-07:00]
rchar: 113688593338
wchar: 51907340910
syscr: 13757385
syscw: 1911324
read_bytes: 33185108480
write_bytes: 51979014144
cancelled_write_bytes: 475136

[2019-07-07T19:48:10-07:00]
rchar: 114214457549
wchar: 52489058221
syscr: 13821084
syscw: 1914198
read_bytes: 33206465024
write_bytes: 52561629184
cancelled_write_bytes: 487424

[2019-07-07T19:48:13-07:00]
rchar: 114796412388
wchar: 52971675797
syscr: 13891576
syscw: 1916487
read_bytes: 33218351616
write_bytes: 53044989952
cancelled_write_bytes: 487424

[2019-07-07T19:48:16-07:00]
rchar: 115343689931
wchar: 53413877910
syscr: 13957903
syscw: 1918891
read_bytes: 33231667712
write_bytes: 53487857664
cancelled_write_bytes: 487424

[2019-07-07T19:48:19-07:00]
rchar: 115920699211
wchar: 53888801356
syscr: 14027825
syscw: 1921128
read_bytes: 33249960448
write_bytes: 53963501568
cancelled_write_bytes: 487424

[2019-07-07T19:48:22-07:00]
rchar: 116404157835
wchar: 54279502463
syscr: 14086399
syscw: 1923153
read_bytes: 33267216896
write_bytes: 54354792448
cancelled_write_bytes: 487424

[2019-07-07T19:48:25-07:00]
rchar: 116880099174
wchar: 54672842636
syscr: 14144069
syscw: 1925157
read_bytes: 33281659392
write_bytes: 54748725248
cancelled_write_bytes: 487424

[2019-07-07T19:48:28-07:00]
rchar: 117453684109
wchar: 55150887045
syscr: 14213579
syscw: 1927452
read_bytes: 33300656640
write_bytes: 55227473920
cancelled_write_bytes: 487424

[2019-07-07T19:48:31-07:00]
rchar: 117783115176
wchar: 55412219230
syscr: 14253486
syscw: 1929154
read_bytes: 33316942336
write_bytes: 55489241088
cancelled_write_bytes: 487424

[2019-07-07T19:48:34-07:00]
rchar: 118637189914
wchar: 55720364515
syscr: 14357020
syscw: 1942236
read_bytes: 33469542912
write_bytes: 55797854208
cancelled_write_bytes: 491520

[2019-07-07T19:48:37-07:00]
rchar: 119930152454
wchar: 55958590291
syscr: 14513786
syscw: 1967457
read_bytes: 33736765952
write_bytes: 56036290560
cancelled_write_bytes: 491520

[2019-07-07T19:48:40-07:00]
rchar: 120415917055
wchar: 56194871867
syscr: 14572681
syscw: 1976648
read_bytes: 33859748352
write_bytes: 56272908288
cancelled_write_bytes: 491520

[2019-07-07T19:48:43-07:00]
rchar: 121384735167
wchar: 56410923043
syscr: 14690063
syscw: 1991610
read_bytes: 34040238592
write_bytes: 56489213952
cancelled_write_bytes: 499712

[2019-07-07T19:48:46-07:00]
rchar: 122654400666
wchar: 56929812829
syscr: 14843914
syscw: 2005048
read_bytes: 34225791488
write_bytes: 57008889856
cancelled_write_bytes: 499712

[2019-07-07T19:48:49-07:00]
rchar: 123241521334
wchar: 57387788394
syscr: 14914937
syscw: 2007704
read_bytes: 34240508416
write_bytes: 57467629568
cancelled_write_bytes: 499712

[2019-07-07T19:48:52-07:00]
rchar: 123836627333
wchar: 57713716741
syscr: 14986957
syscw: 2017536
read_bytes: 34308776448
write_bytes: 57794035712
cancelled_write_bytes: 503808

[2019-07-07T19:48:55-07:00]
rchar: 124382201585
wchar: 58067422527
syscr: 15053072
syscw: 2025329
read_bytes: 34362786304
write_bytes: 58148237312
cancelled_write_bytes: 503808

[2019-07-07T19:48:58-07:00]
rchar: 124925179521
wchar: 58334187649
syscr: 15118902
syscw: 2036889
read_bytes: 34447598080
write_bytes: 58415349760
cancelled_write_bytes: 503808

[2019-07-07T19:49:01-07:00]
rchar: 125342753318
wchar: 58749437474
syscr: 15169435
syscw: 2042072
read_bytes: 34482807296
write_bytes: 58831265792
cancelled_write_bytes: 520192

[2019-07-07T19:49:04-07:00]
rchar: 126284185720
wchar: 59151586917
syscr: 15283548
syscw: 2057302
read_bytes: 34596917760
write_bytes: 59233964032
cancelled_write_bytes: 520192

[2019-07-07T19:49:07-07:00]
rchar: 127069526224
wchar: 59453640344
syscr: 15378750
syscw: 2071459
read_bytes: 34751009280
write_bytes: 59536408576
cancelled_write_bytes: 524288

[2019-07-07T19:49:10-07:00]
rchar: 128208403732
wchar: 59838170866
syscr: 15516814
syscw: 2093121
read_bytes: 34959286784
write_bytes: 59921383424
cancelled_write_bytes: 524288

[2019-07-07T19:49:13-07:00]
rchar: 128504093828
wchar: 60020473670
syscr: 15552664
syscw: 2100219
read_bytes: 35032232448
write_bytes: 60103958528
cancelled_write_bytes: 524288

[2019-07-07T19:49:16-07:00]
rchar: 128967134750
wchar: 60441883453
syscr: 15608718
syscw: 2102497
read_bytes: 35081523712
write_bytes: 60526026752
cancelled_write_bytes: 536576

[2019-07-07T19:49:19-07:00]
rchar: 129628806111
wchar: 60833533901
syscr: 15688935
syscw: 2108538
read_bytes: 35333628416
write_bytes: 60918210560
cancelled_write_bytes: 536576

[2019-07-07T19:49:22-07:00]
rchar: 130269506882
wchar: 61165121376
syscr: 15766586
syscw: 2115472
read_bytes: 35624534528
write_bytes: 61250252800
cancelled_write_bytes: 536576

[2019-07-07T19:49:25-07:00]
rchar: 130912645390
wchar: 61524831590
syscr: 15844547
syscw: 2121863
read_bytes: 35881714176
write_bytes: 61610467328
cancelled_write_bytes: 536576

[2019-07-07T19:49:28-07:00]
rchar: 131544727494
wchar: 61847148058
syscr: 15921142
syscw: 2129008
read_bytes: 36162490880
write_bytes: 61933252608
cancelled_write_bytes: 536576

[2019-07-07T19:49:31-07:00]
rchar: 132250446271
wchar: 62251016778
syscr: 16006691
syscw: 2136001
read_bytes: 36442112512
write_bytes: 62337646592
cancelled_write_bytes: 536576

[2019-07-07T19:49:34-07:00]
rchar: 132756260679
wchar: 62538359703
syscr: 16067992
syscw: 2141140
read_bytes: 36642595328
write_bytes: 62625427456
cancelled_write_bytes: 536576

[2019-07-07T19:49:37-07:00]
rchar: 133377487873
wchar: 62879387576
syscr: 16143278
syscw: 2147890
read_bytes: 36879499776
write_bytes: 62966939648
cancelled_write_bytes: 536576

[2019-07-07T19:49:40-07:00]
rchar: 134036401420
wchar: 63181070153
syscr: 16223145
syscw: 2156538
read_bytes: 37147894272
write_bytes: 63269023744
cancelled_write_bytes: 536576

[2019-07-07T19:49:43-07:00]
rchar: 134621837677
wchar: 63455704320
syscr: 16294101
syscw: 2164088
read_bytes: 37344010752
write_bytes: 63544049664
cancelled_write_bytes: 536576

[2019-07-07T19:49:46-07:00]
rchar: 135069217796
wchar: 63732339636
syscr: 16348261
syscw: 2170599
read_bytes: 37463065088
write_bytes: 63821127680
cancelled_write_bytes: 544768

[2019-07-07T19:49:49-07:00]
rchar: 136119545654
wchar: 64181043772
syscr: 16475525
syscw: 2180764
read_bytes: 37546025472
write_bytes: 64270532608
cancelled_write_bytes: 544768

[2019-07-07T19:49:52-07:00]
rchar: 136543248830
wchar: 64512215159
syscr: 16526727
syscw: 2182360
read_bytes: 37556285952
write_bytes: 64602271744
cancelled_write_bytes: 544768

[2019-07-07T19:49:55-07:00]
rchar: 136837123244
wchar: 64711007419
syscr: 16562242
syscw: 2184232
read_bytes: 37569856000
write_bytes: 64801427456
cancelled_write_bytes: 544768

[2019-07-07T19:49:58-07:00]
rchar: 137457329136
wchar: 65086259238
syscr: 16637419
syscw: 2194750
read_bytes: 37646230016
write_bytes: 65177182208
cancelled_write_bytes: 544768

[2019-07-07T19:50:01-07:00]
rchar: 138277442184
wchar: 65440010339
syscr: 16736840
syscw: 2213229
read_bytes: 37833527808
write_bytes: 65532243968
cancelled_write_bytes: 544768

[2019-07-07T19:50:04-07:00]
rchar: 138858129847
wchar: 65694581338
syscr: 16807232
syscw: 2227268
read_bytes: 37971898880
write_bytes: 65786253312
cancelled_write_bytes: 544768

[2019-07-07T19:50:07-07:00]
rchar: 138934921619
wchar: 65881728035
syscr: 16816455
syscw: 2229661
read_bytes: 37996163584
write_bytes: 65973735424
cancelled_write_bytes: 552960

[2019-07-07T19:50:10-07:00]
rchar: 140094794774
wchar: 66251954605
syscr: 16957067
syscw: 2252020
read_bytes: 38205932032
write_bytes: 66344386560
cancelled_write_bytes: 557056

[2019-07-07T19:50:13-07:00]
rchar: 140981148548
wchar: 66606782873
syscr: 17064514
syscw: 2267414
read_bytes: 38345040384
write_bytes: 66699681792
cancelled_write_bytes: 557056

[2019-07-07T19:50:16-07:00]
rchar: 141310956295
wchar: 66822913505
syscr: 17104499
syscw: 2274124
read_bytes: 38420742656
write_bytes: 66916151296
cancelled_write_bytes: 557056

[2019-07-07T19:50:19-07:00]
rchar: 142310499386
wchar: 67081811243
syscr: 17225627
syscw: 2289451
read_bytes: 38585827840
write_bytes: 67175362560
cancelled_write_bytes: 569344

[2019-07-07T19:50:22-07:00]
rchar: 143752614419
wchar: 67401159508
syscr: 17400463
syscw: 2311777
read_bytes: 38852092416
write_bytes: 67495071744
cancelled_write_bytes: 573440

[2019-07-07T19:50:25-07:00]
rchar: 143956433939
wchar: 67553323571
syscr: 17425125
syscw: 2315741
read_bytes: 38894522880
write_bytes: 67647496192
cancelled_write_bytes: 573440

[2019-07-07T19:50:28-07:00]
rchar: 145632566955
wchar: 67840505279
syscr: 17628336
syscw: 2340419
read_bytes: 39211643392
write_bytes: 67934965760
cancelled_write_bytes: 581632

[2019-07-07T19:50:31-07:00]
rchar: 146746747985
wchar: 68344954193
syscr: 17763336
syscw: 2350508
read_bytes: 39346524672
write_bytes: 68440178688
cancelled_write_bytes: 581632

[2019-07-07T19:50:34-07:00]
rchar: 147161939772
wchar: 68671891961
syscr: 17813539
syscw: 2352039
read_bytes: 39355208192
write_bytes: 68767690752
cancelled_write_bytes: 581632

[2019-07-07T19:50:37-07:00]
rchar: 147556361180
wchar: 68976427898
syscr: 17861232
syscw: 2353635
read_bytes: 39364510208
write_bytes: 69072752640
cancelled_write_bytes: 581632

[2019-07-07T19:50:40-07:00]
rchar: 148005357929
wchar: 69223158632
syscr: 17915548
syscw: 2365017
read_bytes: 39493108224
write_bytes: 69319868416
cancelled_write_bytes: 589824

[2019-07-07T19:50:43-07:00]
rchar: 148832516625
wchar: 69558315734
syscr: 18015814
syscw: 2378103
read_bytes: 39616975360
write_bytes: 69655457792
cancelled_write_bytes: 589824

[2019-07-07T19:50:46-07:00]
rchar: 149922203381
wchar: 69893478290
syscr: 18147927
syscw: 2397588
read_bytes: 39830012416
write_bytes: 69990989824
cancelled_write_bytes: 589824

[2019-07-07T19:50:49-07:00]
rchar: 150485433390
wchar: 70149444398
syscr: 18216206
syscw: 2405746
read_bytes: 39903855104
write_bytes: 70247309312
cancelled_write_bytes: 589824

[2019-07-07T19:50:52-07:00]
rchar: 150772856903
wchar: 70500117226
syscr: 18250987
syscw: 2407874
read_bytes: 39916282368
write_bytes: 70598561792
cancelled_write_bytes: 602112

[2019-07-07T19:50:55-07:00]
rchar: 151339202190
wchar: 70967541024
syscr: 18319612
syscw: 2410165
read_bytes: 39928259072
write_bytes: 71067648000
cancelled_write_bytes: 602112

[2019-07-07T19:50:58-07:00]
rchar: 151834442197
wchar: 71369240211
syscr: 18379627
syscw: 2412275
read_bytes: 39939277312
write_bytes: 71468986368
cancelled_write_bytes: 602112

[2019-07-07T19:51:01-07:00]
rchar: 152461167999
wchar: 71893156491
syscr: 18455569
syscw: 2414557
read_bytes: 39958667776
write_bytes: 71993716736
cancelled_write_bytes: 602112

[2019-07-07T19:51:04-07:00]
rchar: 152837401525
wchar: 72192238101
syscr: 18501150
syscw: 2416363
read_bytes: 39980929536
write_bytes: 72293257216
cancelled_write_bytes: 602112

[2019-07-07T19:51:07-07:00]
rchar: 153644504102
wchar: 72612172208
syscr: 18598973
syscw: 2425130
read_bytes: 40103076352
write_bytes: 72713814016
cancelled_write_bytes: 602112

[2019-07-07T19:51:10-07:00]
rchar: 154422710458
wchar: 72931431863
syscr: 18693300
syscw: 2435844
read_bytes: 40266670592
write_bytes: 73033523200
cancelled_write_bytes: 602112

[2019-07-07T19:51:13-07:00]
rchar: 155432236358
wchar: 73215927959
syscr: 18815691
syscw: 2451913
read_bytes: 40509944320
write_bytes: 73318359040
cancelled_write_bytes: 602112

[2019-07-07T19:51:16-07:00]
rchar: 156257137405
wchar: 73480988106
syscr: 18915646
syscw: 2463905
read_bytes: 40687800832
write_bytes: 73583808512
cancelled_write_bytes: 610304

[2019-07-07T19:51:19-07:00]
rchar: 157772602326
wchar: 73745926497
syscr: 19099381
syscw: 2486210
read_bytes: 40959791616
write_bytes: 73849008128
cancelled_write_bytes: 610304

[2019-07-07T19:51:22-07:00]
rchar: 158632670625
wchar: 74207491511
syscr: 19203624
syscw: 2495321
read_bytes: 41088147968
write_bytes: 74311237632
cancelled_write_bytes: 618496

[2019-07-07T19:51:25-07:00]
rchar: 159151293960
wchar: 74639780233
syscr: 19266451
syscw: 2496669
read_bytes: 41145156096
write_bytes: 74744221696
cancelled_write_bytes: 622592

[2019-07-07T19:51:28-07:00]
rchar: 159649857594
wchar: 75050734771
syscr: 19326697
syscw: 2497895
read_bytes: 41210548736
write_bytes: 75156635648
cancelled_write_bytes: 622592

[2019-07-07T19:51:31-07:00]
rchar: 160017960300
wchar: 75365403115
syscr: 19371236
syscw: 2498757
read_bytes: 41251213824
write_bytes: 75471056896
cancelled_write_bytes: 622592

[2019-07-07T19:51:34-07:00]
rchar: 160352967968
wchar: 75610830678
syscr: 19411825
syscw: 2501612
read_bytes: 41466425856
write_bytes: 75716841472
cancelled_write_bytes: 622592

[2019-07-07T19:51:37-07:00]
rchar: 160764172315
wchar: 75917441252
syscr: 19461690
syscw: 2505208
read_bytes: 41733882368
write_bytes: 76023869440
cancelled_write_bytes: 622592

[2019-07-07T19:51:40-07:00]
rchar: 161192652904
wchar: 76230860953
syscr: 19513602
syscw: 2509127
read_bytes: 42007216640
write_bytes: 76337766400
cancelled_write_bytes: 622592

[2019-07-07T19:51:43-07:00]
rchar: 161612600481
wchar: 76539202196
syscr: 19564497
syscw: 2512987
read_bytes: 42280399360
write_bytes: 76646539264
cancelled_write_bytes: 622592

[2019-07-07T19:51:46-07:00]
rchar: 162073747251
wchar: 76897356195
syscr: 19620355
syscw: 2516732
read_bytes: 42531947008
write_bytes: 77005201408
cancelled_write_bytes: 622592

[2019-07-07T19:51:49-07:00]
rchar: 162529995720
wchar: 77250185877
syscr: 19675654
syscw: 2520322
read_bytes: 42779030016
write_bytes: 77358518272
cancelled_write_bytes: 622592

[2019-07-07T19:51:52-07:00]
rchar: 162942546907
wchar: 77549071683
syscr: 19725663
syscw: 2524446
read_bytes: 43041243648
write_bytes: 77657841664
cancelled_write_bytes: 622592

[2019-07-07T19:51:55-07:00]
rchar: 163374287239
wchar: 77869836089
syscr: 19777973
syscw: 2528411
read_bytes: 43291124224
write_bytes: 77979041792
cancelled_write_bytes: 622592

[2019-07-07T19:51:58-07:00]
rchar: 163786898145
wchar: 78173443313
syscr: 19827977
syscw: 2532474
read_bytes: 43536032256
write_bytes: 78283108352
cancelled_write_bytes: 622592

[2019-07-07T19:52:01-07:00]
rchar: 164284370493
wchar: 78540193814
syscr: 19888254
syscw: 2537423
read_bytes: 43815748096
write_bytes: 78650376192
cancelled_write_bytes: 622592

[2019-07-07T19:52:04-07:00]
rchar: 164868033258
wchar: 78955310532
syscr: 19958986
syscw: 2543723
read_bytes: 44185555456
write_bytes: 79066083328
cancelled_write_bytes: 622592

[2019-07-07T19:52:07-07:00]
rchar: 165344114608
wchar: 79312331573
syscr: 20016678
syscw: 2548258
read_bytes: 44459311616
write_bytes: 79423631360
cancelled_write_bytes: 622592

[2019-07-07T19:52:10-07:00]
rchar: 165806704018
wchar: 79655641452
syscr: 20072744
syscw: 2552993
read_bytes: 44697612800
write_bytes: 79767412736
cancelled_write_bytes: 622592

[2019-07-07T19:52:13-07:00]
rchar: 166016453307
wchar: 79950440539
syscr: 20098099
syscw: 2555311
read_bytes: 44800000512
write_bytes: 80062705664
cancelled_write_bytes: 630784

[2019-07-07T19:52:16-07:00]
rchar: 166536085557
wchar: 80268163442
syscr: 20161066
syscw: 2560714
read_bytes: 45092475392
write_bytes: 80380862464
cancelled_write_bytes: 630784

[2019-07-07T19:52:19-07:00]
rchar: 167107939349
wchar: 80627672319
syscr: 20230360
syscw: 2566832
read_bytes: 45403464192
write_bytes: 80740913152
cancelled_write_bytes: 630784

[2019-07-07T19:52:22-07:00]
rchar: 167652667386
wchar: 80904287581
syscr: 20296386
syscw: 2574731
read_bytes: 45648765440
write_bytes: 81017909248
cancelled_write_bytes: 630784

[2019-07-07T19:52:25-07:00]
rchar: 168407439957
wchar: 81221848857
syscr: 20387885
syscw: 2587330
read_bytes: 45938418176
write_bytes: 81335877632
cancelled_write_bytes: 630784

[2019-07-07T19:52:28-07:00]
rchar: 169523899458
wchar: 81608767923
syscr: 20523225
syscw: 2607668
read_bytes: 46371942912
write_bytes: 81723256832
cancelled_write_bytes: 630784

[2019-07-07T19:52:31-07:00]
rchar: 170099809043
wchar: 81790955706
syscr: 20593047
syscw: 2619127
read_bytes: 46585713152
write_bytes: 81905655808
cancelled_write_bytes: 630784

[2019-07-07T19:52:34-07:00]
rchar: 170800581719
wchar: 82139237135
syscr: 20677928
syscw: 2630541
read_bytes: 46798987776
write_bytes: 82254495744
cancelled_write_bytes: 638976

[2019-07-07T19:52:37-07:00]
rchar: 172353663881
wchar: 82454170151
syscr: 20866221
syscw: 2655906
read_bytes: 47054361088
write_bytes: 82569756672
cancelled_write_bytes: 638976

[2019-07-07T19:52:40-07:00]
rchar: 173669474222
wchar: 82705206649
syscr: 21025756
syscw: 2680039
read_bytes: 47329346048
write_bytes: 82821025792
cancelled_write_bytes: 638976

[2019-07-07T19:52:43-07:00]
rchar: 174356853633
wchar: 82974646451
syscr: 21109020
syscw: 2691151
read_bytes: 47438279168
write_bytes: 83090882560
cancelled_write_bytes: 647168

[2019-07-07T19:52:46-07:00]
rchar: 176145923127
wchar: 83279279235
syscr: 21325923
syscw: 2716659
read_bytes: 47720063488
write_bytes: 83395813376
cancelled_write_bytes: 647168

[2019-07-07T19:52:49-07:00]
rchar: 177626307980
wchar: 83543189497
syscr: 21505402
syscw: 2738095
read_bytes: 47973528064
write_bytes: 83660009472
cancelled_write_bytes: 647168

[2019-07-07T19:52:52-07:00]
rchar: 178027838849
wchar: 83970106708
syscr: 21554020
syscw: 2740516
read_bytes: 47999451648
write_bytes: 84087623680
cancelled_write_bytes: 655360

[2019-07-07T19:52:55-07:00]
rchar: 178800913645
wchar: 84568974797
syscr: 21647727
syscw: 2743052
read_bytes: 48036368896
write_bytes: 84687507456
cancelled_write_bytes: 655360

[2019-07-07T19:52:58-07:00]
rchar: 179434591283
wchar: 84906214419
syscr: 21724234
syscw: 2751058
read_bytes: 48199418368
write_bytes: 85025255424
cancelled_write_bytes: 655360

[2019-07-07T19:53:01-07:00]
rchar: 180224570384
wchar: 85286722881
syscr: 21820002
syscw: 2763730
read_bytes: 48425923072
write_bytes: 85406261248
cancelled_write_bytes: 655360

[2019-07-07T19:53:04-07:00]
rchar: 181020673357
wchar: 85647122811
syscr: 21916501
syscw: 2777270
read_bytes: 48662901248
write_bytes: 85767151616
cancelled_write_bytes: 655360

[2019-07-07T19:53:07-07:00]
rchar: 181901470104
wchar: 86053974753
syscr: 22023255
syscw: 2791917
read_bytes: 48983208448
write_bytes: 86174552064
cancelled_write_bytes: 655360

[2019-07-07T19:53:10-07:00]
rchar: 182519536927
wchar: 86308952456
syscr: 22098169
syscw: 2803782
read_bytes: 49186083328
write_bytes: 86429868032
cancelled_write_bytes: 655360

[2019-07-07T19:53:13-07:00]
rchar: 183345290098
wchar: 86652310239
syscr: 22198200
syscw: 2819781
read_bytes: 49371173376
write_bytes: 86773751808
cancelled_write_bytes: 663552

[2019-07-07T19:53:16-07:00]
rchar: 184815427474
wchar: 86983692414
syscr: 22376446
syscw: 2846270
read_bytes: 49667928576
write_bytes: 87105474560
cancelled_write_bytes: 663552

[2019-07-07T19:53:19-07:00]
rchar: 185845173032
wchar: 87541595891
syscr: 22501124
syscw: 2857807
read_bytes: 49768616448
write_bytes: 87665000448
cancelled_write_bytes: 663552

[2019-07-07T19:53:22-07:00]
rchar: 186568012457
wchar: 87933846317
syscr: 22588566
syscw: 2865972
read_bytes: 49832071680
write_bytes: 88057147392
cancelled_write_bytes: 663552

[2019-07-07T19:53:25-07:00]
rchar: 187043352598
wchar: 88206988675
syscr: 22646092
syscw: 2873439
read_bytes: 49891312128
write_bytes: 88330739712
cancelled_write_bytes: 671744

[2019-07-07T19:53:28-07:00]
rchar: 188376962321
wchar: 88489933194
syscr: 22807728
syscw: 2896178
read_bytes: 50115097088
write_bytes: 88613998592
cancelled_write_bytes: 671744

[2019-07-07T19:53:31-07:00]
rchar: 189434006896
wchar: 88923999271
syscr: 22935858
syscw: 2914390
read_bytes: 50262536704
write_bytes: 89048629248
cancelled_write_bytes: 671744

[2019-07-07T19:53:34-07:00]
rchar: 190139337467
wchar: 89146325794
syscr: 23021364
syscw: 2928910
read_bytes: 50409484800
write_bytes: 89271234560
cancelled_write_bytes: 671744

[2019-07-07T19:53:37-07:00]
rchar: 190833819866
wchar: 89436650560
syscr: 23105490
syscw: 2941895
read_bytes: 50521326080
write_bytes: 89561997312
cancelled_write_bytes: 688128

[2019-07-07T19:53:40-07:00]
rchar: 192343156329
wchar: 89791287109
syscr: 23288471
syscw: 2967461
read_bytes: 50832355840
write_bytes: 89917026304
cancelled_write_bytes: 688128

[2019-07-07T19:53:43-07:00]
rchar: 193765009315
wchar: 90089065630
syscr: 23460852
syscw: 2991744
read_bytes: 51119342080
write_bytes: 90215116800
cancelled_write_bytes: 688128

[2019-07-07T19:53:46-07:00]
rchar: 194064971671
wchar: 90310372000
syscr: 23497139
syscw: 2996977
read_bytes: 51165217280
write_bytes: 90436792320
cancelled_write_bytes: 700416

[2019-07-07T19:53:49-07:00]
rchar: 195695376434
wchar: 90570662869
syscr: 23694806
syscw: 3022482
read_bytes: 51425632768
write_bytes: 90697334784
cancelled_write_bytes: 700416

[2019-07-07T19:53:52-07:00]
rchar: 197482448405
wchar: 90866663791
syscr: 23911466
syscw: 3050216
read_bytes: 51718148608
write_bytes: 90993635328
cancelled_write_bytes: 700416

[2019-07-07T19:53:55-07:00]
rchar: 198127986092
wchar: 91230895449
syscr: 23989655
syscw: 3058940
read_bytes: 51803402752
write_bytes: 91358715904
cancelled_write_bytes: 720896

[2019-07-07T19:53:58-07:00]
rchar: 198740983292
wchar: 91713398569
syscr: 24063962
syscw: 3060872
read_bytes: 51828437504
write_bytes: 91841814528
cancelled_write_bytes: 720896

[2019-07-07T19:54:01-07:00]
rchar: 199170174308
wchar: 92051700236
syscr: 24115992
syscw: 3062249
read_bytes: 51842236928
write_bytes: 92180594688
cancelled_write_bytes: 720896

[2019-07-07T19:54:04-07:00]
rchar: 199756219017
wchar: 92450278001
syscr: 24186704
syscw: 3067515
read_bytes: 51898061312
write_bytes: 92579782656
cancelled_write_bytes: 720896

[2019-07-07T19:54:07-07:00]
rchar: 200423959540
wchar: 92770697379
syscr: 24267629
syscw: 3078372
read_bytes: 52116873728
write_bytes: 92900655104
cancelled_write_bytes: 720896

[2019-07-07T19:54:10-07:00]
rchar: 201232129118
wchar: 93136466773
syscr: 24365599
syscw: 3092582
read_bytes: 52331332096
write_bytes: 93266923520
cancelled_write_bytes: 720896

[2019-07-07T19:54:13-07:00]
rchar: 202137800362
wchar: 93554357237
syscr: 24475376
syscw: 3107987
read_bytes: 52586439168
write_bytes: 93685374976
cancelled_write_bytes: 720896

[2019-07-07T19:54:16-07:00]
rchar: 202677609639
wchar: 93710149027
syscr: 24540821
syscw: 3121072
read_bytes: 52722868736
write_bytes: 93841358848
cancelled_write_bytes: 720896

[2019-07-07T19:54:19-07:00]
rchar: 203145418841
wchar: 94065585608
syscr: 24597471
syscw: 3128021
read_bytes: 52907209216
write_bytes: 94197329920
cancelled_write_bytes: 729088

[2019-07-07T19:54:22-07:00]
rchar: 204021910278
wchar: 94422812332
syscr: 24703715
syscw: 3140229
read_bytes: 53241500160
write_bytes: 94555025408
cancelled_write_bytes: 729088

[2019-07-07T19:54:25-07:00]
rchar: 204795390234
wchar: 94718711082
syscr: 24797474
syscw: 3151598
read_bytes: 53538570752
write_bytes: 94851301376
cancelled_write_bytes: 729088

[2019-07-07T19:54:28-07:00]
rchar: 205518553510
wchar: 95019276240
syscr: 24885127
syscw: 3161821
read_bytes: 53834412544
write_bytes: 95152263168
cancelled_write_bytes: 729088

[2019-07-07T19:54:31-07:00]
rchar: 206533406012
wchar: 95433075685
syscr: 25008147
syscw: 3175997
read_bytes: 54194201088
write_bytes: 95566602240
cancelled_write_bytes: 729088

[2019-07-07T19:54:34-07:00]
rchar: 207094483827
wchar: 95658280052
syscr: 25076180
syscw: 3186852
read_bytes: 54349173248
write_bytes: 95792136192
cancelled_write_bytes: 737280

[2019-07-07T19:54:37-07:00]
rchar: 207795114861
wchar: 96021353804
syscr: 25160990
syscw: 3195007
read_bytes: 54436696576
write_bytes: 96155791360
cancelled_write_bytes: 745472

[2019-07-07T19:54:40-07:00]
rchar: 208708858283
wchar: 96482262067
syscr: 25271605
syscw: 3203860
read_bytes: 54523630080
write_bytes: 96617422848
cancelled_write_bytes: 745472

[2019-07-07T19:54:43-07:00]
rchar: 209592398335
wchar: 96829135624
syscr: 25378563
syscw: 3213874
read_bytes: 54637998592
write_bytes: 96964816896
cancelled_write_bytes: 745472

[2019-07-07T19:54:46-07:00]
rchar: 210568493630
wchar: 97201475992
syscr: 25496785
syscw: 3226633
read_bytes: 54772642304
write_bytes: 97337712640
cancelled_write_bytes: 745472

[2019-07-07T19:54:49-07:00]
rchar: 211526922710
wchar: 97442750415
syscr: 25612985
syscw: 3246029
read_bytes: 55002214912
write_bytes: 97579245568
cancelled_write_bytes: 745472

[2019-07-07T19:54:52-07:00]
rchar: 211789329900
wchar: 97801189091
syscr: 25644735
syscw: 3247872
read_bytes: 55026594304
write_bytes: 97938280448
cancelled_write_bytes: 753664

[2019-07-07T19:54:55-07:00]
rchar: 212118030474
wchar: 98026281886
syscr: 25684568
syscw: 3250120
read_bytes: 55081275904
write_bytes: 98163728384
cancelled_write_bytes: 753664

[2019-07-07T19:54:58-07:00]
rchar: 212870736094
wchar: 98386542944
syscr: 25775819
syscw: 3258754
read_bytes: 55247593984
write_bytes: 98524491776
cancelled_write_bytes: 753664

[2019-07-07T19:55:01-07:00]
rchar: 213703210425
wchar: 98829425525
syscr: 25876696
syscw: 3267326
read_bytes: 55446643200
write_bytes: 98968018944
cancelled_write_bytes: 753664

[2019-07-07T19:55:04-07:00]
rchar: 214306584245
wchar: 99123032392
syscr: 25949848
syscw: 3274230
read_bytes: 55623533056
write_bytes: 99262013440
cancelled_write_bytes: 753664

[2019-07-07T19:55:07-07:00]
rchar: 215134746331
wchar: 99558669905
syscr: 26050205
syscw: 3282977
read_bytes: 55806157312
write_bytes: 99698311168
cancelled_write_bytes: 753664

[2019-07-07T19:55:10-07:00]
rchar: 215939276686
wchar: 100007761993
syscr: 26147718
syscw: 3291310
read_bytes: 55998587392
write_bytes: 100148060160
cancelled_write_bytes: 753664

[2019-07-07T19:55:13-07:00]
rchar: 216483146215
wchar: 100303241585
syscr: 26213619
syscw: 3297168
read_bytes: 56094192128
write_bytes: 100443983872
cancelled_write_bytes: 753664

[2019-07-07T19:55:16-07:00]
rchar: 217348562676
wchar: 100611762473
syscr: 26318524
syscw: 3310529
read_bytes: 56292725248
write_bytes: 100752924672
cancelled_write_bytes: 753664

[2019-07-07T19:55:19-07:00]
rchar: 217516891912
wchar: 100832437211
syscr: 26338937
syscw: 3313436
read_bytes: 56321827328
write_bytes: 100973969408
cancelled_write_bytes: 753664

[2019-07-07T19:55:22-07:00]
rchar: 218637884956
wchar: 101157389079
syscr: 26474754
syscw: 3327769
read_bytes: 56559690240
write_bytes: 101299355648
cancelled_write_bytes: 761856

[2019-07-07T19:55:25-07:00]
rchar: 220154892594
wchar: 101477698811
syscr: 26658666
syscw: 3348964
read_bytes: 56909939200
write_bytes: 101620023296
cancelled_write_bytes: 770048

[2019-07-07T19:55:28-07:00]
rchar: 220836897686
wchar: 101932824750
syscr: 26741244
syscw: 3353079
read_bytes: 56940753408
write_bytes: 102075891712
cancelled_write_bytes: 770048

[2019-07-07T19:55:31-07:00]
rchar: 221368685641
wchar: 102342593362
syscr: 26805501
syscw: 3355372
read_bytes: 56954970624
write_bytes: 102486360064
cancelled_write_bytes: 770048

[2019-07-07T19:55:34-07:00]
rchar: 221942750860
wchar: 102627563366
syscr: 26875023
syscw: 3365087
read_bytes: 57060364800
write_bytes: 102771761152
cancelled_write_bytes: 774144

[2019-07-07T19:55:37-07:00]
rchar: 222445919054
wchar: 102930644573
syscr: 26936012
syscw: 3373752
read_bytes: 57138717184
write_bytes: 103075266560
cancelled_write_bytes: 774144

[2019-07-07T19:55:40-07:00]
rchar: 222621901159
wchar: 103209056120
syscr: 26957257
syscw: 3376074
read_bytes: 57154081280
write_bytes: 103354142720
cancelled_write_bytes: 774144

[2019-07-07T19:55:43-07:00]
rchar: 223162958919
wchar: 103539875009
syscr: 27022826
syscw: 3382106
read_bytes: 57196364288
write_bytes: 103685459968
cancelled_write_bytes: 782336

[2019-07-07T19:55:46-07:00]
rchar: 223739662039
wchar: 103915254637
syscr: 27092724
syscw: 3387744
read_bytes: 57236759040
write_bytes: 104062361600
cancelled_write_bytes: 782336

[2019-07-07T19:55:49-07:00]
rchar: 224544800285
wchar: 104320470400
syscr: 27190309
syscw: 3398466
read_bytes: 57322209792
write_bytes: 104467173376
cancelled_write_bytes: 786432

[2019-07-07T19:55:52-07:00]
rchar: 225410516874
wchar: 104723427556
syscr: 27295251
syscw: 3412214
read_bytes: 57424376320
write_bytes: 104870674432
cancelled_write_bytes: 790528

[2019-07-07T19:55:55-07:00]
rchar: 226005188476
wchar: 105029766986
syscr: 27367330
syscw: 3420377
read_bytes: 57506439680
write_bytes: 105177444352
cancelled_write_bytes: 798720

[2019-07-07T19:55:58-07:00]
rchar: 226709244498
wchar: 105355470549
syscr: 27452666
syscw: 3431392
read_bytes: 57600377344
write_bytes: 105504038912
cancelled_write_bytes: 798720

[2019-07-07T19:56:01-07:00]
rchar: 226979434391
wchar: 105710830582
syscr: 27485415
syscw: 3433887
read_bytes: 57617490432
write_bytes: 105859530752
cancelled_write_bytes: 798720

[2019-07-07T19:56:04-07:00]
rchar: 228084110189
wchar: 105977692325
syscr: 27619265
syscw: 3452849
read_bytes: 57798832640
write_bytes: 106127093760
cancelled_write_bytes: 811008

[2019-07-07T19:56:07-07:00]
rchar: 229233771226
wchar: 106297700733
syscr: 27758643
syscw: 3472438
read_bytes: 57989833216
write_bytes: 106447101952
cancelled_write_bytes: 811008

[2019-07-07T19:56:10-07:00]
rchar: 230470083847
wchar: 106577904106
syscr: 27908528
syscw: 3493748
read_bytes: 58291565056
write_bytes: 106727596032
cancelled_write_bytes: 811008

[2019-07-07T19:56:13-07:00]
rchar: 230914254477
wchar: 107003870263
syscr: 27962333
syscw: 3498182
read_bytes: 58354287104
write_bytes: 107154210816
cancelled_write_bytes: 827392

[2019-07-07T19:56:16-07:00]
rchar: 231268061398
wchar: 107311308988
syscr: 28005234
syscw: 3499065
read_bytes: 58390643200
write_bytes: 107462148096
cancelled_write_bytes: 827392

[2019-07-07T19:56:19-07:00]
rchar: 231660362539
wchar: 107645040830
syscr: 28052642
syscw: 3500125
read_bytes: 58440024576
write_bytes: 107796439040
cancelled_write_bytes: 827392

[2019-07-07T19:56:22-07:00]
rchar: 232058087239
wchar: 107980110927
syscr: 28100743
syscw: 3501251
read_bytes: 58490946048
write_bytes: 108132069376
cancelled_write_bytes: 827392

[2019-07-07T19:56:25-07:00]
rchar: 232384010884
wchar: 108251706990
syscr: 28140126
syscw: 3502177
read_bytes: 58535920128
write_bytes: 108404117504
cancelled_write_bytes: 827392

[2019-07-07T19:56:28-07:00]
rchar: 232855747702
wchar: 108594518929
syscr: 28197288
syscw: 3506745
read_bytes: 58841551360
write_bytes: 108747694080
cancelled_write_bytes: 827392

[2019-07-07T19:56:31-07:00]
rchar: 233272429643
wchar: 108898546186
syscr: 28247808
syscw: 3510597
read_bytes: 59114025472
write_bytes: 109051826176
cancelled_write_bytes: 827392

[2019-07-07T19:56:34-07:00]
rchar: 233681964858
wchar: 109189265444
syscr: 28297416
syscw: 3514603
read_bytes: 59377820160
write_bytes: 109342990336
cancelled_write_bytes: 827392

[2019-07-07T19:56:37-07:00]
rchar: 234137144277
wchar: 109520085599
syscr: 28352575
syscw: 3518781
read_bytes: 59656294912
write_bytes: 109674283008
cancelled_write_bytes: 827392

[2019-07-07T19:56:40-07:00]
rchar: 234658273158
wchar: 109889083372
syscr: 28415739
syscw: 3523785
read_bytes: 59989926400
write_bytes: 110043779072
cancelled_write_bytes: 827392

[2019-07-07T19:56:43-07:00]
rchar: 235243812840
wchar: 110307248950
syscr: 28486707
syscw: 3529322
read_bytes: 60367380992
write_bytes: 110462545920
cancelled_write_bytes: 827392

[2019-07-07T19:56:46-07:00]
rchar: 235598260885
wchar: 110573877574
syscr: 28529647
syscw: 3532487
read_bytes: 60559524352
write_bytes: 110729560064
cancelled_write_bytes: 827392

[2019-07-07T19:56:49-07:00]
rchar: 236055284619
wchar: 110890562046
syscr: 28585031
syscw: 3537399
read_bytes: 60851065344
write_bytes: 111046684672
cancelled_write_bytes: 827392

[2019-07-07T19:56:52-07:00]
rchar: 236608314565
wchar: 111274080106
syscr: 28652058
syscw: 3543190
read_bytes: 61203399168
write_bytes: 111430713344
cancelled_write_bytes: 827392

[2019-07-07T19:56:55-07:00]
rchar: 236994826400
wchar: 111550333610
syscr: 28698911
syscw: 3547070
read_bytes: 61435281920
write_bytes: 111707377664
cancelled_write_bytes: 827392

[2019-07-07T19:56:58-07:00]
rchar: 237409234133
wchar: 111849921121
syscr: 28749112
syscw: 3551344
read_bytes: 61652783616
write_bytes: 112007438336
cancelled_write_bytes: 827392

[2019-07-07T19:57:01-07:00]
rchar: 238002446902
wchar: 112252453466
syscr: 28821017
syscw: 3558590
read_bytes: 61977948672
write_bytes: 112410517504
cancelled_write_bytes: 827392

[2019-07-07T19:57:04-07:00]
rchar: 238564817331
wchar: 112613144124
syscr: 28889171
syscw: 3566287
read_bytes: 62313976320
write_bytes: 112771710976
cancelled_write_bytes: 827392

[2019-07-07T19:57:07-07:00]
rchar: 238918201761
wchar: 112984161014
syscr: 28931926
syscw: 3570563
read_bytes: 62487593472
write_bytes: 113143328768
cancelled_write_bytes: 835584

[2019-07-07T19:57:10-07:00]
rchar: 239649275068
wchar: 113377458707
syscr: 29020530
syscw: 3579811
read_bytes: 62844682752
write_bytes: 113537155072
cancelled_write_bytes: 835584

[2019-07-07T19:57:13-07:00]
rchar: 240350912000
wchar: 113736002807
syscr: 29105578
syscw: 3589103
read_bytes: 63145656832
write_bytes: 113896202240
cancelled_write_bytes: 835584

[2019-07-07T19:57:16-07:00]
rchar: 241092037070
wchar: 114045251019
syscr: 29195415
syscw: 3600994
read_bytes: 63459054080
write_bytes: 114205872128
cancelled_write_bytes: 835584

[2019-07-07T19:57:19-07:00]
rchar: 242276221226
wchar: 114410654402
syscr: 29338973
syscw: 3623817
read_bytes: 63852212736
write_bytes: 114571698176
cancelled_write_bytes: 835584

[2019-07-07T19:57:22-07:00]
rchar: 242643068087
wchar: 114667776107
syscr: 29383452
syscw: 3632118
read_bytes: 63961580032
write_bytes: 114829205504
cancelled_write_bytes: 835584

[2019-07-07T19:57:25-07:00]
rchar: 243941422552
wchar: 114830060848
syscr: 29540792
syscw: 3655364
read_bytes: 64211636736
write_bytes: 114991607808
cancelled_write_bytes: 843776

[2019-07-07T19:57:28-07:00]
rchar: 245323333465
wchar: 115123716286
syscr: 29708326
syscw: 3678405
read_bytes: 64498893312
write_bytes: 115285598208
cancelled_write_bytes: 843776

[2019-07-07T19:57:31-07:00]
rchar: 246025197025
wchar: 115422417889
syscr: 29793423
syscw: 3690839
read_bytes: 64642597376
write_bytes: 115584729088
cancelled_write_bytes: 843776

[2019-07-07T19:57:34-07:00]
rchar: 247611282563
wchar: 115667251892
syscr: 29985636
syscw: 3714954
read_bytes: 64877605376
write_bytes: 115829813248
cancelled_write_bytes: 851968

[2019-07-07T19:57:37-07:00]
rchar: 249406059479
wchar: 115991740654
syscr: 30203235
syscw: 3740048
read_bytes: 65172951552
write_bytes: 116154646528
cancelled_write_bytes: 851968

[2019-07-07T19:57:40-07:00]
rchar: 249885085068
wchar: 116177185265
syscr: 30261315
syscw: 3746923
read_bytes: 65246253568
write_bytes: 116340371456
cancelled_write_bytes: 851968

[2019-07-07T19:57:43-07:00]
rchar: 250377354623
wchar: 116599722854
syscr: 30320924
syscw: 3749065
read_bytes: 65267888640
write_bytes: 116764131328
cancelled_write_bytes: 860160

[2019-07-07T19:57:46-07:00]
rchar: 250907671543
wchar: 117025802328
syscr: 30385216
syscw: 3750740
read_bytes: 65285956096
write_bytes: 117190397952
cancelled_write_bytes: 860160

[2019-07-07T19:57:49-07:00]
rchar: 251608932804
wchar: 117394452612
syscr: 30469919
syscw: 3759727
read_bytes: 65425900032
write_bytes: 117559586816
cancelled_write_bytes: 860160

[2019-07-07T19:57:52-07:00]
rchar: 252644488643
wchar: 117890876099
syscr: 30595431
syscw: 3775349
read_bytes: 65691021824
write_bytes: 118056697856
cancelled_write_bytes: 860160

[2019-07-07T19:57:55-07:00]
rchar: 253449445775
wchar: 118229465314
syscr: 30693009
syscw: 3790336
read_bytes: 65918767616
write_bytes: 118395731968
cancelled_write_bytes: 860160

[2019-07-07T19:57:58-07:00]
rchar: 254248814760
wchar: 118566408906
syscr: 30789904
syscw: 3804662
read_bytes: 66147021312
write_bytes: 118733131776
cancelled_write_bytes: 860160

[2019-07-07T19:58:01-07:00]
rchar: 254705412526
wchar: 118782596838
syscr: 30845249
syscw: 3812705
read_bytes: 66259530240
write_bytes: 118949609472
cancelled_write_bytes: 860160

[2019-07-07T19:58:04-07:00]
rchar: 255431982154
wchar: 119173252017
syscr: 30933241
syscw: 3824903
read_bytes: 66420466176
write_bytes: 119340863488
cancelled_write_bytes: 868352

[2019-07-07T19:58:07-07:00]
rchar: 256770947408
wchar: 119592955284
syscr: 31095578
syscw: 3846683
read_bytes: 66661974528
write_bytes: 119761113088
cancelled_write_bytes: 876544

[2019-07-07T19:58:10-07:00]
rchar: 257303976591
wchar: 120035334090
syscr: 31160041
syscw: 3848919
read_bytes: 66674708992
write_bytes: 120204242944
cancelled_write_bytes: 876544

[2019-07-07T19:58:13-07:00]
rchar: 257817736172
wchar: 120458205110
syscr: 31222131
syscw: 3850916
read_bytes: 66686190080
write_bytes: 120627830784
cancelled_write_bytes: 876544

[2019-07-07T19:58:16-07:00]
rchar: 258576142161
wchar: 120789220779
syscr: 31313957
syscw: 3867555
read_bytes: 66827485696
write_bytes: 120959311872
cancelled_write_bytes: 876544

[2019-07-07T19:58:19-07:00]
rchar: 258886330067
wchar: 120995833811
syscr: 31351567
syscw: 3876559
read_bytes: 66929869312
write_bytes: 121166217216
cancelled_write_bytes: 876544

[2019-07-07T19:58:22-07:00]
rchar: 259969532118
wchar: 121298276758
syscr: 31482806
syscw: 3899431
read_bytes: 67192029696
write_bytes: 121469014016
cancelled_write_bytes: 884736

[2019-07-07T19:58:25-07:00]
rchar: 261071347478
wchar: 121603383861
syscr: 31616392
syscw: 3922524
read_bytes: 67414868480
write_bytes: 121774465024
cancelled_write_bytes: 884736

[2019-07-07T19:58:28-07:00]
rchar: 261970195696
wchar: 122021407565
syscr: 31725349
syscw: 3936401
read_bytes: 67526488576
write_bytes: 122193051648
cancelled_write_bytes: 884736

[2019-07-07T19:58:31-07:00]
rchar: 262364076016
wchar: 122298481367
syscr: 31773018
syscw: 3942761
read_bytes: 67578745344
write_bytes: 122470592512
cancelled_write_bytes: 913408

[2019-07-07T19:58:34-07:00]
rchar: 263788951489
wchar: 122570029115
syscr: 31945772
syscw: 3967270
read_bytes: 67842212352
write_bytes: 122742403072
cancelled_write_bytes: 913408

[2019-07-07T19:58:37-07:00]
rchar: 265311405991
wchar: 122876294600
syscr: 32130358
syscw: 3994260
read_bytes: 68160979456
write_bytes: 123048984576
cancelled_write_bytes: 913408

[2019-07-07T19:58:40-07:00]
rchar: 265512039797
wchar: 123072120790
syscr: 32154601
syscw: 3997982
read_bytes: 68199580160
write_bytes: 123245150208
cancelled_write_bytes: 917504

[2019-07-07T19:58:43-07:00]
rchar: 266988873870
wchar: 123324061565
syscr: 32333648
syscw: 4017929
read_bytes: 68404621824
write_bytes: 123497353216
cancelled_write_bytes: 925696

[2019-07-07T19:58:46-07:00]
rchar: 268584680894
wchar: 123613133026
syscr: 32527127
syscw: 4038944
read_bytes: 68685529600
write_bytes: 123786727424
cancelled_write_bytes: 925696

[2019-07-07T19:58:49-07:00]
rchar: 269723121362
wchar: 124014184545
syscr: 32665126
syscw: 4052604
read_bytes: 68811342336
write_bytes: 124188327936
cancelled_write_bytes: 925696

[2019-07-07T19:58:52-07:00]
rchar: 270027633534
wchar: 124301160949
syscr: 32702045
syscw: 4055739
read_bytes: 68835615232
write_bytes: 124475777024
cancelled_write_bytes: 925696

[2019-07-07T19:58:55-07:00]
rchar: 270439204019
wchar: 124638444130
syscr: 32751870
syscw: 4057477
read_bytes: 68848460288
write_bytes: 124813627392
cancelled_write_bytes: 933888

[2019-07-07T19:58:58-07:00]
rchar: 270981126542
wchar: 125047724214
syscr: 32817260
syscw: 4059580
read_bytes: 68867850752
write_bytes: 125223624704
cancelled_write_bytes: 933888

[2019-07-07T19:59:01-07:00]
rchar: 271846605256
wchar: 125464589934
syscr: 32922164
syscw: 4072830
read_bytes: 69094826496
write_bytes: 125641039872
cancelled_write_bytes: 933888

[2019-07-07T19:59:04-07:00]
rchar: 272525204652
wchar: 125791946479
syscr: 33004406
syscw: 4083758
read_bytes: 69231096320
write_bytes: 125968871424
cancelled_write_bytes: 933888

[2019-07-07T19:59:07-07:00]
rchar: 273241655207
wchar: 126126576674
syscr: 33091254
syscw: 4096108
read_bytes: 69406712320
write_bytes: 126303948800
cancelled_write_bytes: 933888

[2019-07-07T19:59:10-07:00]
rchar: 274151170668
wchar: 126525987461
syscr: 33201501
syscw: 4112369
read_bytes: 69593182720
write_bytes: 126703902720
cancelled_write_bytes: 933888

[2019-07-07T19:59:13-07:00]
rchar: 274492300062
wchar: 126792268609
syscr: 33242792
syscw: 4118349
read_bytes: 69676765696
write_bytes: 126970605568
cancelled_write_bytes: 942080

[2019-07-07T19:59:16-07:00]
rchar: 275457810160
wchar: 127116114874
syscr: 33359824
syscw: 4132357
read_bytes: 69933920768
write_bytes: 127294853120
cancelled_write_bytes: 942080

[2019-07-07T19:59:19-07:00]
rchar: 276173453481
wchar: 127461148693
syscr: 33446600
syscw: 4141497
read_bytes: 70215344640
write_bytes: 127640322048
cancelled_write_bytes: 942080

[2019-07-07T19:59:22-07:00]
rchar: 276878790234
wchar: 127806131798
syscr: 33532084
syscw: 4149965
read_bytes: 70503268864
write_bytes: 127985799168
cancelled_write_bytes: 942080

[2019-07-07T19:59:25-07:00]
rchar: 277759965481
wchar: 128222053693
syscr: 33638897
syscw: 4160989
read_bytes: 70856528384
write_bytes: 128402259968
cancelled_write_bytes: 942080

[2019-07-07T19:59:28-07:00]
rchar: 278369308808
wchar: 128507184108
syscr: 33712771
syscw: 4168838
read_bytes: 71090766336
write_bytes: 128687771648
cancelled_write_bytes: 942080

[2019-07-07T19:59:31-07:00]
rchar: 279068351698
wchar: 128824724819
syscr: 33797493
syscw: 4178357
read_bytes: 71377138176
write_bytes: 129005748224
cancelled_write_bytes: 942080

[2019-07-07T19:59:34-07:00]
rchar: 279153327577
wchar: 129033243968
syscr: 33807798
syscw: 4179774
read_bytes: 71414510080
write_bytes: 129214627840
cancelled_write_bytes: 942080

[2019-07-07T19:59:37-07:00]
rchar: 279778025626
wchar: 129563548740
syscr: 33883356
syscw: 4181463
read_bytes: 71463993856
write_bytes: 129745760256
cancelled_write_bytes: 950272

[2019-07-07T19:59:40-07:00]
rchar: 280165488028
wchar: 129884321871
syscr: 33930249
syscw: 4182465
read_bytes: 71504146944
write_bytes: 130067066880
cancelled_write_bytes: 950272

[2019-07-07T19:59:43-07:00]
rchar: 280553457531
wchar: 130208052822
syscr: 33977136
syscw: 4183467
read_bytes: 71545496064
write_bytes: 130391330816
cancelled_write_bytes: 950272

[2019-07-07T19:59:46-07:00]
rchar: 281059690032
wchar: 130634249336
syscr: 34038360
syscw: 4184927
read_bytes: 71598219776
write_bytes: 130818252800
cancelled_write_bytes: 950272

[2019-07-07T19:59:49-07:00]
rchar: 281394384510
wchar: 130861691943
syscr: 34078857
syscw: 4188327
read_bytes: 71767478784
write_bytes: 131046174720
cancelled_write_bytes: 950272

[2019-07-07T19:59:52-07:00]
rchar: 281869923942
wchar: 131175547645
syscr: 34136492
syscw: 4194382
read_bytes: 72060400128
write_bytes: 131360346112
cancelled_write_bytes: 950272

[2019-07-07T19:59:55-07:00]
rchar: 282333882281
wchar: 131465577841
syscr: 34192718
syscw: 4201255
read_bytes: 72338981376
write_bytes: 131650768896
cancelled_write_bytes: 950272

[2019-07-07T19:59:58-07:00]
rchar: 282857618906
wchar: 131770019104
syscr: 34256203
syscw: 4209928
read_bytes: 72638161408
write_bytes: 131955642368
cancelled_write_bytes: 950272

[2019-07-07T20:00:01-07:00]
rchar: 283445156170
wchar: 132103056655
syscr: 34327423
syscw: 4219816
read_bytes: 72964166144
write_bytes: 132289114112
cancelled_write_bytes: 950272

[2019-07-07T20:00:04-07:00]
rchar: 284152717935
wchar: 132517726674
syscr: 34413180
syscw: 4231252
read_bytes: 73369936384
write_bytes: 132704346112
cancelled_write_bytes: 950272

[2019-07-07T20:00:07-07:00]
rchar: 284619454958
wchar: 132770869100
syscr: 34469758
syscw: 4240068
read_bytes: 73624859136
write_bytes: 132957802496
cancelled_write_bytes: 950272

[2019-07-07T20:00:10-07:00]
rchar: 284942135018
wchar: 133085453729
syscr: 34508873
syscw: 4247125
read_bytes: 73789571584
write_bytes: 133272903680
cancelled_write_bytes: 950272

[2019-07-07T20:00:13-07:00]
rchar: 285696957018
wchar: 133385049725
syscr: 34600292
syscw: 4259892
read_bytes: 74089464320
write_bytes: 133572890624
cancelled_write_bytes: 958464

[2019-07-07T20:00:16-07:00]
rchar: 286608185936
wchar: 133667020068
syscr: 34710758
syscw: 4278092
read_bytes: 74434126336
write_bytes: 133855182848
cancelled_write_bytes: 958464

[2019-07-07T20:00:19-07:00]
rchar: 287681809976
wchar: 133874440122
syscr: 34840930
syscw: 4302129
read_bytes: 74777211392
write_bytes: 134062772224
cancelled_write_bytes: 958464

[2019-07-07T20:00:22-07:00]
rchar: 288085386528
wchar: 134147095027
syscr: 34889859
syscw: 4311295
read_bytes: 74892476928
write_bytes: 134335840256
cancelled_write_bytes: 958464

[2019-07-07T20:00:25-07:00]
rchar: 289433860791
wchar: 134408175411
syscr: 35053261
syscw: 4334788
read_bytes: 75183616512
write_bytes: 134597193728
cancelled_write_bytes: 966656

[2019-07-07T20:00:28-07:00]
rchar: 290938437427
wchar: 134703441644
syscr: 35235670
syscw: 4361074
read_bytes: 75494613504
write_bytes: 134893621248
cancelled_write_bytes: 966656

[2019-07-07T20:00:31-07:00]
rchar: 291557191502
wchar: 134985445844
syscr: 35310608
syscw: 4373015
read_bytes: 75637674496
write_bytes: 135175188480
cancelled_write_bytes: 966656

[2019-07-07T20:00:34-07:00]
rchar: 293189245708
wchar: 135230633350
syscr: 35508490
syscw: 4397896
read_bytes: 75912720896
write_bytes: 135420637184
cancelled_write_bytes: 974848

[2019-07-07T20:00:37-07:00]
rchar: 294913567765
wchar: 135540446524
syscr: 35717541
syscw: 4422361
read_bytes: 76211491328
write_bytes: 135730794496
cancelled_write_bytes: 974848

[2019-07-07T20:00:40-07:00]
rchar: 295549025114
wchar: 135647109128
syscr: 35794584
syscw: 4431848
read_bytes: 76348510720
write_bytes: 135837560832
cancelled_write_bytes: 974848

[2019-07-07T20:00:43-07:00]
rchar: 295865928693
wchar: 136050323412
syscr: 35832941
syscw: 4433482
read_bytes: 76366045696
write_bytes: 136241446912
cancelled_write_bytes: 983040

[2019-07-07T20:00:46-07:00]
rchar: 296412501082
wchar: 136503200134
syscr: 35899200
syscw: 4434799
read_bytes: 76391846400
write_bytes: 136695111680
cancelled_write_bytes: 983040

[2019-07-07T20:00:49-07:00]
rchar: 296874493784
wchar: 136812276360
syscr: 35954890
syscw: 4438665
read_bytes: 76494840320
write_bytes: 137004670976
cancelled_write_bytes: 983040

[2019-07-07T20:00:52-07:00]
rchar: 297537148782
wchar: 137192817375
syscr: 36035216
syscw: 4447303
read_bytes: 76735083008
write_bytes: 137385746432
cancelled_write_bytes: 983040

[2019-07-07T20:00:55-07:00]
rchar: 298279463280
wchar: 137613355964
syscr: 36125159
syscw: 4457607
read_bytes: 76971401728
write_bytes: 137806884864
cancelled_write_bytes: 983040

[2019-07-07T20:00:58-07:00]
rchar: 299018949907
wchar: 138053597142
syscr: 36214791
syscw: 4466534
read_bytes: 77187158528
write_bytes: 138247766016
cancelled_write_bytes: 983040

[2019-07-07T20:01:01-07:00]
rchar: 299557781217
wchar: 138383542115
syscr: 36280092
syscw: 4472801
read_bytes: 77326340608
write_bytes: 138578178048
cancelled_write_bytes: 983040

[2019-07-07T20:01:04-07:00]
rchar: 300268114811
wchar: 138796634449
syscr: 36366179
syscw: 4482294
read_bytes: 77525557760
write_bytes: 138991874048
cancelled_write_bytes: 983040

[2019-07-07T20:01:07-07:00]
rchar: 300868614483
wchar: 139130605216
syscr: 36438975
syscw: 4490948
read_bytes: 77679350272
write_bytes: 139326328832
cancelled_write_bytes: 983040

[2019-07-07T20:01:11-07:00]
rchar: 301363039211
wchar: 139401434592
syscr: 36498896
syscw: 4498251
read_bytes: 77858570752
write_bytes: 139597533184
cancelled_write_bytes: 983040

[2019-07-07T20:01:14-07:00]
rchar: 301410689272
wchar: 139566655905
syscr: 36504666
syscw: 4499096
read_bytes: 77875069440
write_bytes: 139763040256
cancelled_write_bytes: 983040

[2019-07-07T20:01:17-07:00]
rchar: 302003960771
wchar: 139847770152
syscr: 36576493
syscw: 4507120
read_bytes: 78032695808
write_bytes: 140044587008
cancelled_write_bytes: 991232

[2019-07-07T20:01:20-07:00]
rchar: 302866921897
wchar: 140142905502
syscr: 36681117
syscw: 4520654
read_bytes: 78236996096
write_bytes: 140340137984
cancelled_write_bytes: 991232

[2019-07-07T20:01:23-07:00]
rchar: 303938664018
wchar: 140427411618
syscr: 36811036
syscw: 4539520
read_bytes: 78511178240
write_bytes: 140624973824
cancelled_write_bytes: 991232

[2019-07-07T20:01:26-07:00]
rchar: 305131959287
wchar: 140805270308
syscr: 36955664
syscw: 4559279
read_bytes: 78718398976
write_bytes: 141003341824
cancelled_write_bytes: 991232

[2019-07-07T20:01:29-07:00]
rchar: 305420022034
wchar: 141112487393
syscr: 36990565
syscw: 4563140
read_bytes: 78749086208
write_bytes: 141311070208
cancelled_write_bytes: 991232

[2019-07-07T20:01:32-07:00]
rchar: 305887093779
wchar: 141381865949
syscr: 37047025
syscw: 4567490
read_bytes: 78786224640
write_bytes: 141580914688
cancelled_write_bytes: 999424

[2019-07-07T20:01:35-07:00]
rchar: 306830187599
wchar: 141807254501
syscr: 37161155
syscw: 4577368
read_bytes: 78885863936
write_bytes: 142006972416
cancelled_write_bytes: 999424

[2019-07-07T20:01:38-07:00]
rchar: 307969564206
wchar: 142142634139
syscr: 37299196
syscw: 4593400
read_bytes: 79032873472
write_bytes: 142342811648
cancelled_write_bytes: 999424

[2019-07-07T20:01:41-07:00]
rchar: 309256611334
wchar: 142469019684
syscr: 37455228
syscw: 4621240
read_bytes: 79339913728
write_bytes: 142669537280
cancelled_write_bytes: 999424

[2019-07-07T20:01:44-07:00]
rchar: 309539075664
wchar: 142826355009
syscr: 37489413
syscw: 4623944
read_bytes: 79366431232
write_bytes: 143027441664
cancelled_write_bytes: 1007616

[2019-07-07T20:01:47-07:00]
rchar: 310085151040
wchar: 143287169002
syscr: 37555588
syscw: 4625771
read_bytes: 79381299712
write_bytes: 143488958464
cancelled_write_bytes: 1007616

[2019-07-07T20:01:50-07:00]
rchar: 310595510138
wchar: 143710073359
syscr: 37617421
syscw: 4627782
read_bytes: 79400768000
write_bytes: 143912521728
cancelled_write_bytes: 1007616

[2019-07-07T20:01:53-07:00]
rchar: 311173145724
wchar: 144191204872
syscr: 37687413
syscw: 4630021
read_bytes: 79423115776
write_bytes: 144394387456
cancelled_write_bytes: 1007616

[2019-07-07T20:01:56-07:00]
rchar: 311680785257
wchar: 144583916007
syscr: 37748926
syscw: 4632855
read_bytes: 79454130688
write_bytes: 144787709952
cancelled_write_bytes: 1007616

[2019-07-07T20:01:59-07:00]
rchar: 312238610497
wchar: 144869929903
syscr: 37816534
syscw: 4639110
read_bytes: 79547769344
write_bytes: 145074151424
cancelled_write_bytes: 1007616

[2019-07-07T20:02:02-07:00]
rchar: 313127900465
wchar: 145274712495
syscr: 37924314
syscw: 4650273
read_bytes: 79776825856
write_bytes: 145479536640
cancelled_write_bytes: 1007616

[2019-07-07T20:02:05-07:00]
rchar: 314219435298
wchar: 145681216811
syscr: 38056636
syscw: 4665660
read_bytes: 80025260544
write_bytes: 145886580736
cancelled_write_bytes: 1007616

[2019-07-07T20:02:08-07:00]
rchar: 315196154396
wchar: 146013114989
syscr: 38175027
syscw: 4680405
read_bytes: 80268005888
write_bytes: 146218926080
cancelled_write_bytes: 1007616

[2019-07-07T20:02:11-07:00]
rchar: 315459624717
wchar: 146251867170
syscr: 38206903
syscw: 4684832
read_bytes: 80323224064
write_bytes: 146458071040
cancelled_write_bytes: 1015808

[2019-07-07T20:02:14-07:00]
rchar: 316585513592
wchar: 146626858907
syscr: 38343384
syscw: 4697835
read_bytes: 80616948224
write_bytes: 146833567744
cancelled_write_bytes: 1015808

[2019-07-07T20:02:17-07:00]
rchar: 317638419527
wchar: 146904919735
syscr: 38471026
syscw: 4712328
read_bytes: 80885772800
write_bytes: 147111981056
cancelled_write_bytes: 1015808

[2019-07-07T20:02:20-07:00]
rchar: 319116228671
wchar: 147367916887
syscr: 38650207
syscw: 4730554
read_bytes: 81152872960
write_bytes: 147575615488
cancelled_write_bytes: 1015808

[2019-07-07T20:02:23-07:00]
rchar: 319624607743
wchar: 147774584426
syscr: 38711616
syscw: 4732417
read_bytes: 81164616192
write_bytes: 147983028224
cancelled_write_bytes: 1015808

[2019-07-07T20:02:26-07:00]
rchar: 320156772157
wchar: 148153354024
syscr: 38775960
syscw: 4736427
read_bytes: 81192849920
write_bytes: 148362428416
cancelled_write_bytes: 1015808

[2019-07-07T20:02:29-07:00]
rchar: 320645002545
wchar: 148418531727
syscr: 38835140
syscw: 4745990
read_bytes: 81272209920
write_bytes: 148627955712
cancelled_write_bytes: 1015808

[2019-07-07T20:02:32-07:00]
rchar: 320783614899
wchar: 148659493393
syscr: 38851863
syscw: 4748557
read_bytes: 81291063808
write_bytes: 148869328896
cancelled_write_bytes: 1015808

[2019-07-07T20:02:35-07:00]
rchar: 322134648438
wchar: 148980291812
syscr: 39015653
syscw: 4777254
read_bytes: 81582109184
write_bytes: 149190483968
cancelled_write_bytes: 1028096

[2019-07-07T20:02:38-07:00]
rchar: 323055375272
wchar: 149335323935
syscr: 39127272
syscw: 4793012
read_bytes: 81763750400
write_bytes: 149545959424
cancelled_write_bytes: 1028096

[2019-07-07T20:02:41-07:00]
rchar: 323928259898
wchar: 149692285176
syscr: 39233089
syscw: 4807829
read_bytes: 81881707008
write_bytes: 149903396864
cancelled_write_bytes: 1036288

[2019-07-07T20:02:44-07:00]
rchar: 324197286277
wchar: 150032119175
syscr: 39265625
syscw: 4810853
read_bytes: 81909740032
write_bytes: 150243786752
cancelled_write_bytes: 1048576

[2019-07-07T20:02:47-07:00]
rchar: 324574595598
wchar: 150342257962
syscr: 39311352
syscw: 4812522
read_bytes: 81924645376
write_bytes: 150554402816
cancelled_write_bytes: 1048576

[2019-07-07T20:02:50-07:00]
rchar: 325015463370
wchar: 150700680837
syscr: 39364760
syscw: 4814439
read_bytes: 81941328384
write_bytes: 150913359872
cancelled_write_bytes: 1048576

[2019-07-07T20:02:53-07:00]
rchar: 325579919744
wchar: 151163780342
syscr: 39433161
syscw: 4816871
read_bytes: 81957659136
write_bytes: 151377178624
cancelled_write_bytes: 1048576

[2019-07-07T20:02:56-07:00]
rchar: 325989773889
wchar: 151503998201
syscr: 39482799
syscw: 4818619
read_bytes: 81968927232
write_bytes: 151717916672
cancelled_write_bytes: 1048576

[2019-07-07T20:02:59-07:00]
rchar: 326583107618
wchar: 151785002666
syscr: 39554722
syscw: 4825884
read_bytes: 82061332992
write_bytes: 151999324160
cancelled_write_bytes: 1048576

[2019-07-07T20:03:02-07:00]
rchar: 327718417809
wchar: 152117805496
syscr: 39692336
syscw: 4844340
read_bytes: 82297090560
write_bytes: 152332574720
cancelled_write_bytes: 1048576

[2019-07-07T20:03:05-07:00]
rchar: 329044341770
wchar: 152511966848
syscr: 39853069
syscw: 4865787
read_bytes: 82533847552
write_bytes: 152727228416
cancelled_write_bytes: 1052672

[2019-07-07T20:03:08-07:00]
rchar: 329476998869
wchar: 152747153566
syscr: 39905533
syscw: 4874900
read_bytes: 82628923904
write_bytes: 152962764800
cancelled_write_bytes: 1052672

[2019-07-07T20:03:11-07:00]
rchar: 330955519158
wchar: 153021317304
syscr: 40084699
syscw: 4896933
read_bytes: 82944680448
write_bytes: 153237209088
cancelled_write_bytes: 1060864

[2019-07-07T20:03:14-07:00]
rchar: 331934314889
wchar: 153408427375
syscr: 40203378
syscw: 4907187
read_bytes: 83092247040
write_bytes: 153624895488
cancelled_write_bytes: 1060864

[2019-07-07T20:03:17-07:00]
rchar: 332368822254
wchar: 153747493109
syscr: 40255886
syscw: 4908860
read_bytes: 83102843392
write_bytes: 153965244416
cancelled_write_bytes: 1060864

[2019-07-07T20:03:20-07:00]
rchar: 332926968267
wchar: 154120153980
syscr: 40323330
syscw: 4913966
read_bytes: 83139748352
write_bytes: 154337853440
cancelled_write_bytes: 1064960

[2019-07-07T20:03:23-07:00]
rchar: 333719907615
wchar: 154339146958
syscr: 40419476
syscw: 4937759
read_bytes: 83374350848
write_bytes: 154557030400
cancelled_write_bytes: 1064960

[2019-07-07T20:03:26-07:00]
rchar: 333780459898
wchar: 154528156683
syscr: 40426728
syscw: 4939888
read_bytes: 83396542976
write_bytes: 154746376192
cancelled_write_bytes: 1064960

[2019-07-07T20:03:29-07:00]
rchar: 334976689816
wchar: 154801613904
syscr: 40571758
syscw: 4965430
read_bytes: 83682939392
write_bytes: 155020103680
cancelled_write_bytes: 1073152

[2019-07-07T20:03:32-07:00]
rchar: 336196720133
wchar: 155169079681
syscr: 40719667
syscw: 4989439
read_bytes: 83927101952
write_bytes: 155387998208
cancelled_write_bytes: 1073152

[2019-07-07T20:03:35-07:00]
rchar: 336811871610
wchar: 155371874300
syscr: 40794245
syscw: 5001138
read_bytes: 84042011136
write_bytes: 155591041024
cancelled_write_bytes: 1073152

[2019-07-07T20:03:38-07:00]
rchar: 337181941568
wchar: 155809435044
syscr: 40839043
syscw: 5004063
read_bytes: 84068286976
write_bytes: 156029296640
cancelled_write_bytes: 1085440

[2019-07-07T20:03:41-07:00]
rchar: 337565159486
wchar: 156111696100
syscr: 40885462
syscw: 5005852
read_bytes: 84088754688
write_bytes: 156332019712
cancelled_write_bytes: 1085440

[2019-07-07T20:03:44-07:00]
rchar: 337990570583
wchar: 156426588820
syscr: 40937011
syscw: 5008510
read_bytes: 84123980288
write_bytes: 156647399424
cancelled_write_bytes: 1085440

[2019-07-07T20:03:47-07:00]
rchar: 338680280242
wchar: 156885485961
syscr: 41020584
syscw: 5013550
read_bytes: 84197216768
write_bytes: 157106970624
cancelled_write_bytes: 1085440

[2019-07-07T20:03:50-07:00]
rchar: 339332969305
wchar: 157188390273
syscr: 41099706
syscw: 5021249
read_bytes: 84317884928
write_bytes: 157410320384
cancelled_write_bytes: 1085440

[2019-07-07T20:03:53-07:00]
rchar: 340060209683
wchar: 157521532102
syscr: 41187872
syscw: 5029899
read_bytes: 84572467712
write_bytes: 157743951872
cancelled_write_bytes: 1085440

[2019-07-07T20:03:56-07:00]
rchar: 340788679624
wchar: 157899231587
syscr: 41276168
syscw: 5037437
read_bytes: 84855771648
write_bytes: 158122135552
cancelled_write_bytes: 1085440

[2019-07-07T20:03:59-07:00]
rchar: 341637745755
wchar: 158300774823
syscr: 41379085
syscw: 5047378
read_bytes: 85213946368
write_bytes: 158524231680
cancelled_write_bytes: 1085440

[2019-07-07T20:04:02-07:00]
rchar: 342365741709
wchar: 158647657580
syscr: 41467308
syscw: 5055704
read_bytes: 85517275648
write_bytes: 158871584768
cancelled_write_bytes: 1085440

[2019-07-07T20:04:05-07:00]
rchar: 343067603582
wchar: 158991968386
syscr: 41552401
syscw: 5063674
read_bytes: 85816001024
write_bytes: 159216353280
cancelled_write_bytes: 1085440

[2019-07-07T20:04:08-07:00]
rchar: 343607198623
wchar: 159254216110
syscr: 41617795
syscw: 5069978
read_bytes: 86021669376
write_bytes: 159478984704
cancelled_write_bytes: 1085440

[2019-07-07T20:04:11-07:00]
rchar: 343770794042
wchar: 159491931295
syscr: 41637535
syscw: 5072164
read_bytes: 86081790464
write_bytes: 159717109760
cancelled_write_bytes: 1093632

[2019-07-07T20:04:14-07:00]
rchar: 344731255426
wchar: 159883468085
syscr: 41753981
syscw: 5082462
read_bytes: 86400741888
write_bytes: 160109182976
cancelled_write_bytes: 1093632

[2019-07-07T20:04:17-07:00]
rchar: 345531422632
wchar: 160229149245
syscr: 41850983
syscw: 5090936
read_bytes: 86715703808
write_bytes: 160455307264
cancelled_write_bytes: 1093632

[2019-07-07T20:04:20-07:00]
rchar: 346341380880
wchar: 160543010708
syscr: 41949163
syscw: 5100235
read_bytes: 87021236736
write_bytes: 160769609728
cancelled_write_bytes: 1093632

[2019-07-07T20:04:23-07:00]
rchar: 347373428029
wchar: 160953139512
syscr: 42074259
syscw: 5112268
read_bytes: 87408804352
write_bytes: 161180303360
cancelled_write_bytes: 1093632

[2019-07-07T20:04:26-07:00]
rchar: 348137196232
wchar: 161241967258
syscr: 42166832
syscw: 5121294
read_bytes: 87663157760
write_bytes: 161469526016
cancelled_write_bytes: 1093632

[2019-07-07T20:04:29-07:00]
rchar: 349155191186
wchar: 161576962598
syscr: 42290239
syscw: 5134236
read_bytes: 88009081344
write_bytes: 161804959744
cancelled_write_bytes: 1093632

[2019-07-07T20:04:32-07:00]
rchar: 349306811163
wchar: 161782014617
syscr: 42308625
syscw: 5136620
read_bytes: 88050962944
write_bytes: 162010357760
cancelled_write_bytes: 1093632

[2019-07-07T20:04:35-07:00]
rchar: 349880745549
wchar: 162241589507
syscr: 42378069
syscw: 5138257
read_bytes: 88108679680
write_bytes: 162470674432
cancelled_write_bytes: 1101824

[2019-07-07T20:04:38-07:00]
rchar: 350425921597
wchar: 162686221872
syscr: 42444018
syscw: 5139696
read_bytes: 88166625792
write_bytes: 162916016128
cancelled_write_bytes: 1101824

[2019-07-07T20:04:41-07:00]
rchar: 350829873972
wchar: 163017499683
syscr: 42492848
syscw: 5140661
read_bytes: 88210018816
write_bytes: 163247853568
cancelled_write_bytes: 1101824

[2019-07-07T20:04:44-07:00]
rchar: 351317322748
wchar: 163369354756
syscr: 42551886
syscw: 5144766
read_bytes: 88439431680
write_bytes: 163600220160
cancelled_write_bytes: 1101824

[2019-07-07T20:04:47-07:00]
rchar: 351777877289
wchar: 163693428572
syscr: 42607713
syscw: 5149526
read_bytes: 88738509312
write_bytes: 163924738048
cancelled_write_bytes: 1101824

[2019-07-07T20:04:50-07:00]
rchar: 352187033620
wchar: 163975088789
syscr: 42657271
syscw: 5153846
read_bytes: 89002869248
write_bytes: 164206821376
cancelled_write_bytes: 1101824

[2019-07-07T20:04:53-07:00]
rchar: 352614351533
wchar: 164265661926
syscr: 42709069
syscw: 5158010
read_bytes: 89277583872
write_bytes: 164497821696
cancelled_write_bytes: 1101824

[2019-07-07T20:04:56-07:00]
rchar: 353040704434
wchar: 164563740006
syscr: 42760756
syscw: 5162300
read_bytes: 89552765440
write_bytes: 164796297216
cancelled_write_bytes: 1101824

[2019-07-07T20:04:59-07:00]
rchar: 353451490354
wchar: 164847184910
syscr: 42810541
syscw: 5166429
read_bytes: 89812664832
write_bytes: 165080145920
cancelled_write_bytes: 1101824

[2019-07-07T20:05:02-07:00]
rchar: 354032916442
wchar: 165249762226
syscr: 42881000
syscw: 5172204
read_bytes: 90190713344
write_bytes: 165483278336
cancelled_write_bytes: 1101824

[2019-07-07T20:05:05-07:00]
rchar: 354294873364
wchar: 165430774953
syscr: 42912735
syscw: 5174910
read_bytes: 90360336896
write_bytes: 165664546816
cancelled_write_bytes: 1101824

[2019-07-07T20:05:08-07:00]
rchar: 354866190192
wchar: 165824969275
syscr: 42981996
syscw: 5180565
read_bytes: 90728960512
write_bytes: 166059511808
cancelled_write_bytes: 1101824

[2019-07-07T20:05:11-07:00]
rchar: 355322533689
wchar: 166143530829
syscr: 43037299
syscw: 5185155
read_bytes: 91023245824
write_bytes: 166378311680
cancelled_write_bytes: 1101824

[2019-07-07T20:05:14-07:00]
rchar: 355753617185
wchar: 166443662432
syscr: 43089546
syscw: 5189611
read_bytes: 91299951104
write_bytes: 166678867968
cancelled_write_bytes: 1105920

[2019-07-07T20:05:17-07:00]
rchar: 356180055307
wchar: 166737676762
syscr: 43141231
syscw: 5194115
read_bytes: 91573973504
write_bytes: 166973288448
cancelled_write_bytes: 1105920

[2019-07-07T20:05:20-07:00]
rchar: 356723384343
wchar: 167113092416
syscr: 43207057
syscw: 5199843
read_bytes: 91932578304
write_bytes: 167349227520
cancelled_write_bytes: 1105920

[2019-07-07T20:05:23-07:00]
rchar: 357177232016
wchar: 167426065531
syscr: 43262078
syscw: 5204488
read_bytes: 92231717376
write_bytes: 167662641152
cancelled_write_bytes: 1105920

[2019-07-07T20:05:26-07:00]
rchar: 357420224389
wchar: 167765951560
syscr: 43291541
syscw: 5207218
read_bytes: 92392559104
write_bytes: 168003067904
cancelled_write_bytes: 1105920

[2019-07-07T20:05:29-07:00]
rchar: 357961506115
wchar: 168094925295
syscr: 43357046
syscw: 5212514
read_bytes: 92714148352
write_bytes: 168332537856
cancelled_write_bytes: 1114112

[2019-07-07T20:05:32-07:00]
rchar: 358444650925
wchar: 168385363125
syscr: 43415606
syscw: 5217406
read_bytes: 92994150912
write_bytes: 168623370240
cancelled_write_bytes: 1114112

[2019-07-07T20:05:35-07:00]
rchar: 358940881267
wchar: 168678480299
syscr: 43475759
syscw: 5222500
read_bytes: 93281608192
write_bytes: 168916901888
cancelled_write_bytes: 1114112

[2019-07-07T20:05:38-07:00]
rchar: 359604924055
wchar: 169073104861
syscr: 43556226
syscw: 5229684
read_bytes: 93667287552
write_bytes: 169312079872
cancelled_write_bytes: 1114112

[2019-07-07T20:05:41-07:00]
rchar: 360135563535
wchar: 169369161288
syscr: 43620549
syscw: 5236445
read_bytes: 93962367488
write_bytes: 169608552448
cancelled_write_bytes: 1114112

[2019-07-07T20:05:44-07:00]
rchar: 360784449056
wchar: 169697489872
syscr: 43699193
syscw: 5245442
read_bytes: 94306218496
write_bytes: 169937350656
cancelled_write_bytes: 1114112

[2019-07-07T20:05:47-07:00]
rchar: 361383641208
wchar: 169957032554
syscr: 43771819
syscw: 5255645
read_bytes: 94588768768
write_bytes: 170197241856
cancelled_write_bytes: 1114112

[2019-07-07T20:05:50-07:00]
rchar: 362230034927
wchar: 170185920414
syscr: 43874439
syscw: 5274803
read_bytes: 94903181824
write_bytes: 170426372096
cancelled_write_bytes: 1114112

[2019-07-07T20:05:53-07:00]
rchar: 362699150648
wchar: 170451174796
syscr: 43931240
syscw: 5283058
read_bytes: 95014154752
write_bytes: 170692046848
cancelled_write_bytes: 1122304

[2019-07-07T20:05:56-07:00]
rchar: 364312718723
wchar: 170777035703
syscr: 44126859
syscw: 5312151
read_bytes: 95389225472
write_bytes: 171018260480
cancelled_write_bytes: 1122304

[2019-07-07T20:05:59-07:00]
rchar: 365529956610
wchar: 171029654666
syscr: 44274444
syscw: 5332952
read_bytes: 95682167296
write_bytes: 171271143424
cancelled_write_bytes: 1122304

[2019-07-07T20:06:02-07:00]
rchar: 365933007313
wchar: 171269861228
syscr: 44323229
syscw: 5339898
read_bytes: 95782265344
write_bytes: 171511734272
cancelled_write_bytes: 1130496

[2019-07-07T20:06:05-07:00]
rchar: 367005886909
wchar: 171577969301
syscr: 44453289
syscw: 5352908
read_bytes: 95984132608
write_bytes: 171820310528
cancelled_write_bytes: 1130496

[2019-07-07T20:06:08-07:00]
rchar: 368424181722
wchar: 171860412799
syscr: 44625236
syscw: 5371952
read_bytes: 96225038848
write_bytes: 172103008256
cancelled_write_bytes: 1130496

[2019-07-07T20:06:11-07:00]
rchar: 369677921380
wchar: 172074329873
syscr: 44777237
syscw: 5390499
read_bytes: 96432427520
write_bytes: 172317134848
cancelled_write_bytes: 1130496

[2019-07-07T20:06:14-07:00]
rchar: 370098379050
wchar: 172525541264
syscr: 44828139
syscw: 5392773
read_bytes: 96460980736
write_bytes: 172769124352
cancelled_write_bytes: 1138688

[2019-07-07T20:06:17-07:00]
rchar: 370507574418
wchar: 172861442954
syscr: 44877751
syscw: 5393830
read_bytes: 96476144128
write_bytes: 173105590272
cancelled_write_bytes: 1138688

[2019-07-07T20:06:20-07:00]
rchar: 371174115579
wchar: 173223830370
syscr: 44958252
syscw: 5402628
read_bytes: 96641987072
write_bytes: 173468495872
cancelled_write_bytes: 1138688

[2019-07-07T20:06:23-07:00]
rchar: 371853744117
wchar: 173533024358
syscr: 45040618
syscw: 5414415
read_bytes: 96839127552
write_bytes: 173778096128
cancelled_write_bytes: 1138688

[2019-07-07T20:06:26-07:00]
rchar: 372597917804
wchar: 173878768157
syscr: 45130822
syscw: 5427327
read_bytes: 97064018432
write_bytes: 174124310528
cancelled_write_bytes: 1138688

[2019-07-07T20:06:29-07:00]
rchar: 373345901339
wchar: 174233471919
syscr: 45221503
syscw: 5440027
read_bytes: 97277096448
write_bytes: 174479482880
cancelled_write_bytes: 1138688

[2019-07-07T20:06:32-07:00]
rchar: 374188529797
wchar: 174635342750
syscr: 45323624
syscw: 5454497
read_bytes: 97512718848
write_bytes: 174881927168
cancelled_write_bytes: 1138688

[2019-07-07T20:06:35-07:00]
rchar: 374400939415
wchar: 174894908455
syscr: 45349297
syscw: 5458676
read_bytes: 97569239552
write_bytes: 175141928960
cancelled_write_bytes: 1146880

[2019-07-07T20:06:38-07:00]
rchar: 375449546072
wchar: 175288371976
syscr: 45476394
syscw: 5474520
read_bytes: 97849184768
write_bytes: 175535919104
cancelled_write_bytes: 1146880

[2019-07-07T20:06:41-07:00]
rchar: 376481371452
wchar: 175615303029
syscr: 45601474
syscw: 5492194
read_bytes: 98110947840
write_bytes: 175863259136
cancelled_write_bytes: 1146880

[2019-07-07T20:06:44-07:00]
rchar: 377697358944
wchar: 175870752120
syscr: 45748903
syscw: 5516509
read_bytes: 98362982912
write_bytes: 176118988800
cancelled_write_bytes: 1146880

[2019-07-07T20:06:47-07:00]
rchar: 377899632512
wchar: 176074054769
syscr: 45773423
syscw: 5520758
read_bytes: 98408473088
write_bytes: 176322633728
cancelled_write_bytes: 1146880

[2019-07-07T20:06:50-07:00]
rchar: 378806699953
wchar: 176432802720
syscr: 45883241
syscw: 5531269
read_bytes: 98501894656
write_bytes: 176681934848
cancelled_write_bytes: 1155072

[2019-07-07T20:06:53-07:00]
rchar: 379622725005
wchar: 176819527116
syscr: 45982036
syscw: 5539751
read_bytes: 98584429056
write_bytes: 177069256704
cancelled_write_bytes: 1155072

[2019-07-07T20:06:56-07:00]
rchar: 380129384297
wchar: 177211834260
syscr: 46043287
syscw: 5541981
read_bytes: 98615071232
write_bytes: 177462231040
cancelled_write_bytes: 1155072

[2019-07-07T20:06:59-07:00]
rchar: 380161601433
wchar: 177242479033
syscr: 46047169
syscw: 5542017
read_bytes: 98618929664
write_bytes: 177492963328
cancelled_write_bytes: 1232896

[2019-07-07T20:07:02-07:00]
rchar: 380161601433
wchar: 177242479033
syscr: 46047169
syscw: 5542017
read_bytes: 98618929664
write_bytes: 177492963328
cancelled_write_bytes: 1232896

[2019-07-07T20:07:05-07:00]
rchar: 380161601433
wchar: 177242479033
syscr: 46047169
syscw: 5542017
read_bytes: 98618929664
write_bytes: 177492963328
cancelled_write_bytes: 1232896

[2019-07-07T20:07:08-07:00]
rchar: 380161601433
wchar: 177242479033
syscr: 46047169
syscw: 5542017
read_bytes: 98618929664
write_bytes: 177492963328
cancelled_write_bytes: 1232896

[2019-07-07T20:07:11-07:00]
rchar: 380161601433
wchar: 177242479033
syscr: 46047169
syscw: 5542017
read_bytes: 98618929664
write_bytes: 177492963328
cancelled_write_bytes: 1232896

[2019-07-07T20:07:14-07:00]
rchar: 380161601433
wchar: 177242479033
syscr: 46047169
syscw: 5542017
read_bytes: 98618929664
write_bytes: 177492963328
cancelled_write_bytes: 1232896

[2019-07-07T20:07:17-07:00]
rchar: 380161601433
wchar: 177242479033
syscr: 46047169
syscw: 5542017
read_bytes: 98618929664
write_bytes: 177492963328
cancelled_write_bytes: 1232896

[2019-07-07T20:07:20-07:00]
rchar: 380161601433
wchar: 177242479033
syscr: 46047169
syscw: 5542017
read_bytes: 98618929664
write_bytes: 177492963328
cancelled_write_bytes: 1232896

[2019-07-07T20:07:23-07:00]
rchar: 380161601433
wchar: 177242479033
syscr: 46047169
syscw: 5542017
read_bytes: 98618929664
write_bytes: 177492963328
cancelled_write_bytes: 1232896

[2019-07-07T20:07:26-07:00]
rchar: 380161601433
wchar: 177242479033
syscr: 46047169
syscw: 5542017
read_bytes: 98618929664
write_bytes: 177492971520
cancelled_write_bytes: 1232896

[2019-07-07T20:07:29-07:00]
rchar: 380161601433
wchar: 177242479033
syscr: 46047169
syscw: 5542017
read_bytes: 98618929664
write_bytes: 177492971520
cancelled_write_bytes: 1232896

[2019-07-07T20:07:32-07:00]
rchar: 380161601433
wchar: 177242479033
syscr: 46047169
syscw: 5542017
read_bytes: 98618929664
write_bytes: 177492971520
cancelled_write_bytes: 1232896

[2019-07-07T20:07:35-07:00]
rchar: 380161601433
wchar: 177242479033
syscr: 46047169
syscw: 5542017
read_bytes: 98618929664
write_bytes: 177492971520
cancelled_write_bytes: 1232896

[2019-07-07T20:07:38-07:00]
rchar: 380161601433
wchar: 177242479033
syscr: 46047169
syscw: 5542017
read_bytes: 98618929664
write_bytes: 177492971520
cancelled_write_bytes: 1232896

[2019-07-07T20:07:41-07:00]
rchar: 380161601433
wchar: 177242479033
syscr: 46047169
syscw: 5542017
read_bytes: 98618929664
write_bytes: 177492971520
cancelled_write_bytes: 1232896

[2019-07-07T20:07:44-07:00]
rchar: 380161609086
wchar: 177242479151
syscr: 46047179
syscw: 5542018
read_bytes: 98619433472
write_bytes: 177492983808
cancelled_write_bytes: 1232896

