[2019-07-09T01:44:04-07:00]
rchar: 14999071
wchar: 209
syscr: 2274
syscw: 10
read_bytes: 2695168
write_bytes: 81920
cancelled_write_bytes: 0

[2019-07-09T01:44:07-07:00]
rchar: 14999071
wchar: 209
syscr: 2274
syscw: 10
read_bytes: 2695168
write_bytes: 81920
cancelled_write_bytes: 0

[2019-07-09T01:44:10-07:00]
rchar: 14999071
wchar: 209
syscr: 2274
syscw: 10
read_bytes: 2695168
write_bytes: 81920
cancelled_write_bytes: 0

[2019-07-09T01:44:13-07:00]
rchar: 14999071
wchar: 209
syscr: 2274
syscw: 10
read_bytes: 2695168
write_bytes: 90112
cancelled_write_bytes: 0

[2019-07-09T01:44:16-07:00]
rchar: 226414443
wchar: 8234161
syscr: 11145
syscw: 1260
read_bytes: 300316160
write_bytes: 8437760
cancelled_write_bytes: 0

[2019-07-09T01:44:19-07:00]
rchar: 553636536
wchar: 403732488
syscr: 37565
syscw: 8863
read_bytes: 666065408
write_bytes: 404381696
cancelled_write_bytes: 0

[2019-07-09T01:44:22-07:00]
rchar: 1010431956
wchar: 714822556
syscr: 92939
syscw: 29172
read_bytes: 1213942272
write_bytes: 715837440
cancelled_write_bytes: 0

[2019-07-09T01:44:25-07:00]
rchar: 1316314067
wchar: 908655145
syscr: 130020
syscw: 45421
read_bytes: 1587632640
write_bytes: 909905920
cancelled_write_bytes: 0

[2019-07-09T01:44:28-07:00]
rchar: 1558175579
wchar: 1202058734
syscr: 159278
syscw: 61626
read_bytes: 1832237568
write_bytes: 1203703808
cancelled_write_bytes: 8192

[2019-07-09T01:44:31-07:00]
rchar: 1966054081
wchar: 1502375567
syscr: 208620
syscw: 67589
read_bytes: 1959787008
write_bytes: 1504432128
cancelled_write_bytes: 8192

[2019-07-09T01:44:34-07:00]
rchar: 2722532996
wchar: 1914356492
syscr: 300192
syscw: 86445
read_bytes: 2373499392
write_bytes: 1916981248
cancelled_write_bytes: 8192

[2019-07-09T01:44:37-07:00]
rchar: 3301952404
wchar: 2111741861
syscr: 370436
syscw: 107530
read_bytes: 2664126976
write_bytes: 2114547712
cancelled_write_bytes: 16384

[2019-07-09T01:44:40-07:00]
rchar: 3567865137
wchar: 2318696565
syscr: 402683
syscw: 119603
read_bytes: 2828564992
write_bytes: 2321788928
cancelled_write_bytes: 16384

[2019-07-09T01:44:43-07:00]
rchar: 4512193793
wchar: 2438725462
syscr: 517105
syscw: 147218
read_bytes: 3189180928
write_bytes: 2441863168
cancelled_write_bytes: 24576

[2019-07-09T01:44:46-07:00]
rchar: 5369158346
wchar: 2544209013
syscr: 621012
syscw: 169282
read_bytes: 3518982656
write_bytes: 2547347456
cancelled_write_bytes: 24576

[2019-07-09T01:44:49-07:00]
rchar: 5555153611
wchar: 2732400223
syscr: 643487
syscw: 174479
read_bytes: 3590568448
write_bytes: 2735845376
cancelled_write_bytes: 24576

[2019-07-09T01:44:52-07:00]
rchar: 6174739559
wchar: 3278164196
syscr: 718441
syscw: 176429
read_bytes: 3607538176
write_bytes: 3282481152
cancelled_write_bytes: 32768

[2019-07-09T01:44:55-07:00]
rchar: 6477330192
wchar: 3534285470
syscr: 755011
syscw: 177583
read_bytes: 3618134528
write_bytes: 3539062784
cancelled_write_bytes: 32768

[2019-07-09T01:44:58-07:00]
rchar: 7104381302
wchar: 3890680228
syscr: 830974
syscw: 192780
read_bytes: 3823725056
write_bytes: 3895934976
cancelled_write_bytes: 81920

[2019-07-09T01:45:01-07:00]
rchar: 7732041232
wchar: 4169700964
syscr: 907064
syscw: 211826
read_bytes: 4236876288
write_bytes: 4175265792
cancelled_write_bytes: 81920

[2019-07-09T01:45:04-07:00]
rchar: 8188716059
wchar: 4516789032
syscr: 962415
syscw: 218397
read_bytes: 4318452224
write_bytes: 4522831872
cancelled_write_bytes: 98304

[2019-07-09T01:45:07-07:00]
rchar: 8612248080
wchar: 4674819448
syscr: 1013759
syscw: 233581
read_bytes: 4590664192
write_bytes: 4681011200
cancelled_write_bytes: 98304

[2019-07-09T01:45:10-07:00]
rchar: 8719478283
wchar: 4868852218
syscr: 1026684
syscw: 236616
read_bytes: 4641683968
write_bytes: 4875374592
cancelled_write_bytes: 110592

[2019-07-09T01:45:13-07:00]
rchar: 9618845444
wchar: 5147660751
syscr: 1135717
syscw: 256428
read_bytes: 5039364608
write_bytes: 5154488320
cancelled_write_bytes: 110592

[2019-07-09T01:45:16-07:00]
rchar: 10455673026
wchar: 5434777886
syscr: 1237170
syscw: 274836
read_bytes: 5429590528
write_bytes: 5441916928
cancelled_write_bytes: 110592

[2019-07-09T01:45:19-07:00]
rchar: 11162931402
wchar: 5685280314
syscr: 1322909
syscw: 290985
read_bytes: 5756090880
write_bytes: 5692706816
cancelled_write_bytes: 110592

[2019-07-09T01:45:22-07:00]
rchar: 11608372884
wchar: 5955187614
syscr: 1376834
syscw: 299543
read_bytes: 5916830208
write_bytes: 5963030528
cancelled_write_bytes: 122880

[2019-07-09T01:45:25-07:00]
rchar: 12786130860
wchar: 6263787647
syscr: 1519618
syscw: 320038
read_bytes: 6349896192
write_bytes: 6271963136
cancelled_write_bytes: 122880

[2019-07-09T01:45:28-07:00]
rchar: 13788322778
wchar: 6513581054
syscr: 1641113
syscw: 338469
read_bytes: 6707689984
write_bytes: 6522023936
cancelled_write_bytes: 122880

[2019-07-09T01:45:31-07:00]
rchar: 14524842633
wchar: 6705187453
syscr: 1730403
syscw: 352309
read_bytes: 6972480000
write_bytes: 6713827328
cancelled_write_bytes: 122880

[2019-07-09T01:45:34-07:00]
rchar: 15251590916
wchar: 7025148851
syscr: 1818429
syscw: 364084
read_bytes: 7178779136
write_bytes: 7034253312
cancelled_write_bytes: 131072

[2019-07-09T01:45:37-07:00]
rchar: 16237123489
wchar: 7438321136
syscr: 1937910
syscw: 375531
read_bytes: 7368116736
write_bytes: 7448014848
cancelled_write_bytes: 131072

[2019-07-09T01:45:40-07:00]
rchar: 16864734327
wchar: 7949806773
syscr: 2013724
syscw: 377571
read_bytes: 7383345664
write_bytes: 7960371200
cancelled_write_bytes: 131072

[2019-07-09T01:45:43-07:00]
rchar: 17470022623
wchar: 8243757350
syscr: 2087013
syscw: 391486
read_bytes: 7599471104
write_bytes: 8254726144
cancelled_write_bytes: 131072

[2019-07-09T01:45:46-07:00]
rchar: 18109645399
wchar: 8495194384
syscr: 2164559
syscw: 414316
read_bytes: 7951669760
write_bytes: 8506400768
cancelled_write_bytes: 131072

[2019-07-09T01:45:49-07:00]
rchar: 18624837722
wchar: 8818694571
syscr: 2226935
syscw: 428538
read_bytes: 8162159104
write_bytes: 8830390272
cancelled_write_bytes: 139264

[2019-07-09T01:45:52-07:00]
rchar: 19459250930
wchar: 9075872164
syscr: 2328104
syscw: 446804
read_bytes: 8497220096
write_bytes: 9087844352
cancelled_write_bytes: 139264

[2019-07-09T01:45:55-07:00]
rchar: 20412826168
wchar: 9387289626
syscr: 2443705
syscw: 466836
read_bytes: 8877300224
write_bytes: 9399603200
cancelled_write_bytes: 139264

[2019-07-09T01:45:58-07:00]
rchar: 20616984067
wchar: 9611101440
syscr: 2468463
syscw: 471565
read_bytes: 8962587136
write_bytes: 9623773184
cancelled_write_bytes: 139264

[2019-07-09T01:46:01-07:00]
rchar: 21871085752
wchar: 9910706705
syscr: 2620429
syscw: 495695
read_bytes: 9342962176
write_bytes: 9923710976
cancelled_write_bytes: 151552

[2019-07-09T01:46:04-07:00]
rchar: 22876002576
wchar: 10162464133
syscr: 2742259
syscw: 513477
read_bytes: 9657653760
write_bytes: 10175733760
cancelled_write_bytes: 151552

[2019-07-09T01:46:07-07:00]
rchar: 23855459799
wchar: 10415665147
syscr: 2861007
syscw: 530647
read_bytes: 9964718592
write_bytes: 10429202432
cancelled_write_bytes: 151552

[2019-07-09T01:46:10-07:00]
rchar: 23937714490
wchar: 10599742504
syscr: 2870974
syscw: 532487
read_bytes: 9984797184
write_bytes: 10613604352
cancelled_write_bytes: 155648

[2019-07-09T01:46:13-07:00]
rchar: 25240152740
wchar: 10862042816
syscr: 3028797
syscw: 552367
read_bytes: 10307754496
write_bytes: 10876190720
cancelled_write_bytes: 163840

[2019-07-09T01:46:16-07:00]
rchar: 26519628884
wchar: 11113989902
syscr: 3183912
syscw: 571778
read_bytes: 10611628544
write_bytes: 11128397824
cancelled_write_bytes: 163840

[2019-07-09T01:46:19-07:00]
rchar: 27459241526
wchar: 11681072977
syscr: 3297721
syscw: 578529
read_bytes: 10713106944
write_bytes: 11696386048
cancelled_write_bytes: 163840

[2019-07-09T01:46:22-07:00]
rchar: 27829097792
wchar: 11975877533
syscr: 3342420
syscw: 579976
read_bytes: 10723342848
write_bytes: 11991695360
cancelled_write_bytes: 163840

[2019-07-09T01:46:25-07:00]
rchar: 28191681591
wchar: 12250001371
syscr: 3386205
syscw: 581738
read_bytes: 10736138752
write_bytes: 12266299392
cancelled_write_bytes: 163840

[2019-07-09T01:46:28-07:00]
rchar: 28576852966
wchar: 12490520359
syscr: 3432906
syscw: 594586
read_bytes: 10903255552
write_bytes: 12507144192
cancelled_write_bytes: 163840

[2019-07-09T01:46:31-07:00]
rchar: 29426359267
wchar: 12782657563
syscr: 3535815
syscw: 615128
read_bytes: 11181844992
write_bytes: 12799639552
cancelled_write_bytes: 172032

[2019-07-09T01:46:34-07:00]
rchar: 30428328871
wchar: 13043740439
syscr: 3657300
syscw: 639141
read_bytes: 11509180928
write_bytes: 13060984832
cancelled_write_bytes: 172032

[2019-07-09T01:46:37-07:00]
rchar: 31339679031
wchar: 13314487654
syscr: 3767786
syscw: 659156
read_bytes: 11818924544
write_bytes: 13332013056
cancelled_write_bytes: 172032

[2019-07-09T01:46:40-07:00]
rchar: 31573444649
wchar: 13538816192
syscr: 3796048
syscw: 663897
read_bytes: 11873888768
write_bytes: 13556723712
cancelled_write_bytes: 184320

[2019-07-09T01:46:43-07:00]
rchar: 32871898335
wchar: 13825110581
syscr: 3953464
syscw: 687243
read_bytes: 12212738560
write_bytes: 13843312640
cancelled_write_bytes: 184320

[2019-07-09T01:46:46-07:00]
rchar: 34242758067
wchar: 14155055119
syscr: 4119661
syscw: 710746
read_bytes: 12577495552
write_bytes: 14173601792
cancelled_write_bytes: 184320

[2019-07-09T01:46:49-07:00]
rchar: 34775270372
wchar: 14268129053
syscr: 4184225
syscw: 720926
read_bytes: 12710586880
write_bytes: 14286802944
cancelled_write_bytes: 184320

[2019-07-09T01:46:52-07:00]
rchar: 35572191583
wchar: 14584994265
syscr: 4280761
syscw: 733280
read_bytes: 12862487040
write_bytes: 14604148736
cancelled_write_bytes: 192512

[2019-07-09T01:46:55-07:00]
rchar: 37143351743
wchar: 14881033271
syscr: 4471246
syscw: 757162
read_bytes: 13193554432
write_bytes: 14900494336
cancelled_write_bytes: 192512

[2019-07-09T01:46:58-07:00]
rchar: 37691177681
wchar: 15301866420
syscr: 4537560
syscw: 759432
read_bytes: 13209169408
write_bytes: 15322021888
cancelled_write_bytes: 192512

[2019-07-09T01:47:01-07:00]
rchar: 38173688806
wchar: 15685415603
syscr: 4595919
syscw: 761346
read_bytes: 13221166592
write_bytes: 15706206208
cancelled_write_bytes: 192512

[2019-07-09T01:47:04-07:00]
rchar: 38715750977
wchar: 16097867754
syscr: 4661394
syscw: 763710
read_bytes: 13236989440
write_bytes: 16119373824
cancelled_write_bytes: 192512

[2019-07-09T01:47:07-07:00]
rchar: 39429847765
wchar: 16507018524
syscr: 4747947
syscw: 776893
read_bytes: 13343907328
write_bytes: 16529080320
cancelled_write_bytes: 192512

[2019-07-09T01:47:10-07:00]
rchar: 39919178926
wchar: 16820533171
syscr: 4807261
syscw: 785080
read_bytes: 13408955904
write_bytes: 16843026432
cancelled_write_bytes: 192512

[2019-07-09T01:47:13-07:00]
rchar: 40288006603
wchar: 17139329369
syscr: 4851888
syscw: 791794
read_bytes: 13499473408
write_bytes: 17162321920
cancelled_write_bytes: 204800

[2019-07-09T01:47:16-07:00]
rchar: 40991115990
wchar: 17464992888
syscr: 4937120
syscw: 802728
read_bytes: 13626568192
write_bytes: 17488420864
cancelled_write_bytes: 204800

[2019-07-09T01:47:19-07:00]
rchar: 42077813082
wchar: 17775265867
syscr: 5068866
syscw: 826031
read_bytes: 13951421952
write_bytes: 17799032832
cancelled_write_bytes: 204800

[2019-07-09T01:47:22-07:00]
rchar: 42778434135
wchar: 18144501215
syscr: 5153792
syscw: 837175
read_bytes: 14042336768
write_bytes: 18168770560
cancelled_write_bytes: 208896

[2019-07-09T01:47:25-07:00]
rchar: 43343216926
wchar: 18329155984
syscr: 5222265
syscw: 849321
read_bytes: 14193073664
write_bytes: 18353643520
cancelled_write_bytes: 212992

[2019-07-09T01:47:28-07:00]
rchar: 43895343265
wchar: 18651856092
syscr: 5289121
syscw: 858686
read_bytes: 14309195264
write_bytes: 18676834304
cancelled_write_bytes: 233472

[2019-07-09T01:47:31-07:00]
rchar: 44803826836
wchar: 19054384889
syscr: 5399235
syscw: 870506
read_bytes: 14402858496
write_bytes: 19079909376
cancelled_write_bytes: 233472

[2019-07-09T01:47:34-07:00]
rchar: 45553014443
wchar: 19408644102
syscr: 5490045
syscw: 879710
read_bytes: 14490263040
write_bytes: 19435589632
cancelled_write_bytes: 233472

[2019-07-09T01:47:37-07:00]
rchar: 46837314163
wchar: 19761582347
syscr: 5645745
syscw: 900645
read_bytes: 14762798592
write_bytes: 19787984896
cancelled_write_bytes: 233472

[2019-07-09T01:47:40-07:00]
rchar: 47453303716
wchar: 20059536294
syscr: 5720412
syscw: 909039
read_bytes: 14834454016
write_bytes: 20086358016
cancelled_write_bytes: 233472

[2019-07-09T01:47:43-07:00]
rchar: 47789252420
wchar: 20345584364
syscr: 5761054
syscw: 912987
read_bytes: 14871903744
write_bytes: 20372873216
cancelled_write_bytes: 241664

[2019-07-09T01:47:46-07:00]
rchar: 49002736542
wchar: 20919180014
syscr: 5908070
syscw: 924236
read_bytes: 15012466176
write_bytes: 20947329024
cancelled_write_bytes: 241664

[2019-07-09T01:47:49-07:00]
rchar: 49397374551
wchar: 21229984907
syscr: 5955778
syscw: 925881
read_bytes: 15021731328
write_bytes: 21258661888
cancelled_write_bytes: 241664

[2019-07-09T01:47:52-07:00]
rchar: 49797891430
wchar: 21540987203
syscr: 6004223
syscw: 927562
read_bytes: 15031516672
write_bytes: 21570195456
cancelled_write_bytes: 241664

[2019-07-09T01:47:55-07:00]
rchar: 50547394310
wchar: 21925011485
syscr: 6094962
syscw: 940499
read_bytes: 15127997952
write_bytes: 21954768896
cancelled_write_bytes: 241664

[2019-07-09T01:47:58-07:00]
rchar: 51307434091
wchar: 22306594210
syscr: 6187103
syscw: 956639
read_bytes: 15297404416
write_bytes: 22336835584
cancelled_write_bytes: 245760

[2019-07-09T01:48:01-07:00]
rchar: 51812650775
wchar: 22474425815
syscr: 6248352
syscw: 971879
read_bytes: 15468322304
write_bytes: 22504833024
cancelled_write_bytes: 245760

[2019-07-09T01:48:04-07:00]
rchar: 52196404325
wchar: 22758387330
syscr: 6294796
syscw: 980173
read_bytes: 15557307904
write_bytes: 22789259264
cancelled_write_bytes: 258048

[2019-07-09T01:48:07-07:00]
rchar: 53265495262
wchar: 23126486859
syscr: 6424402
syscw: 999902
read_bytes: 15762521600
write_bytes: 23157776384
cancelled_write_bytes: 258048

[2019-07-09T01:48:10-07:00]
rchar: 53794458243
wchar: 23439250168
syscr: 6488521
syscw: 1006655
read_bytes: 15813213696
write_bytes: 23471001600
cancelled_write_bytes: 262144

[2019-07-09T01:48:13-07:00]
rchar: 54973045909
wchar: 23830252395
syscr: 6631400
syscw: 1031516
read_bytes: 16040640000
write_bytes: 23862448128
cancelled_write_bytes: 266240

[2019-07-09T01:48:16-07:00]
rchar: 55315415953
wchar: 24053096386
syscr: 6672896
syscw: 1035182
read_bytes: 16065699328
write_bytes: 24086073344
cancelled_write_bytes: 266240

[2019-07-09T01:48:19-07:00]
rchar: 55711661676
wchar: 24401968499
syscr: 6720853
syscw: 1040732
read_bytes: 16122420736
write_bytes: 24435064832
cancelled_write_bytes: 286720

[2019-07-09T01:48:22-07:00]
rchar: 56444879592
wchar: 24784071706
syscr: 6809720
syscw: 1049069
read_bytes: 16179240448
write_bytes: 24817692672
cancelled_write_bytes: 286720

[2019-07-09T01:48:25-07:00]
rchar: 57730727141
wchar: 25057148908
syscr: 6965615
syscw: 1072346
read_bytes: 16457448960
write_bytes: 25091051520
cancelled_write_bytes: 286720

[2019-07-09T01:48:28-07:00]
rchar: 58953342763
wchar: 25373145164
syscr: 7113831
syscw: 1094502
read_bytes: 16700378624
write_bytes: 25407389696
cancelled_write_bytes: 290816

[2019-07-09T01:48:31-07:00]
rchar: 59283285092
wchar: 25609312904
syscr: 7153832
syscw: 1100202
read_bytes: 16761138688
write_bytes: 25643925504
cancelled_write_bytes: 290816

[2019-07-09T01:48:34-07:00]
rchar: 59751360965
wchar: 26016227145
syscr: 7210531
syscw: 1101924
read_bytes: 16794725888
write_bytes: 26051444736
cancelled_write_bytes: 299008

[2019-07-09T01:48:37-07:00]
rchar: 60227428151
wchar: 26429296095
syscr: 7268138
syscw: 1103027
read_bytes: 16841707008
write_bytes: 26465198080
cancelled_write_bytes: 299008

[2019-07-09T01:48:40-07:00]
rchar: 60622941387
wchar: 26763893220
syscr: 7315943
syscw: 1104068
read_bytes: 16886038016
write_bytes: 26800353280
cancelled_write_bytes: 299008

[2019-07-09T01:48:43-07:00]
rchar: 61063905406
wchar: 27131275313
syscr: 7369245
syscw: 1106016
read_bytes: 16992050688
write_bytes: 27168370688
cancelled_write_bytes: 299008

[2019-07-09T01:48:46-07:00]
rchar: 61559741727
wchar: 27498212327
syscr: 7429373
syscw: 1111253
read_bytes: 17293573632
write_bytes: 27536146432
cancelled_write_bytes: 299008

[2019-07-09T01:48:49-07:00]
rchar: 62010462006
wchar: 27851076925
syscr: 7484023
syscw: 1115475
read_bytes: 17535065600
write_bytes: 27889111040
cancelled_write_bytes: 299008

[2019-07-09T01:48:52-07:00]
rchar: 62491116880
wchar: 28209690226
syscr: 7542224
syscw: 1120396
read_bytes: 17828032000
write_bytes: 28248285184
cancelled_write_bytes: 299008

[2019-07-09T01:48:55-07:00]
rchar: 62889456751
wchar: 28510768945
syscr: 7590475
syscw: 1124535
read_bytes: 18057121280
write_bytes: 28549799936
cancelled_write_bytes: 299008

[2019-07-09T01:48:58-07:00]
rchar: 63324948549
wchar: 28854620263
syscr: 7643263
syscw: 1128508
read_bytes: 18290413056
write_bytes: 28894117888
cancelled_write_bytes: 299008

[2019-07-09T01:49:01-07:00]
rchar: 63762302867
wchar: 29193528991
syscr: 7696292
syscw: 1132718
read_bytes: 18534944256
write_bytes: 29233487872
cancelled_write_bytes: 299008

[2019-07-09T01:49:04-07:00]
rchar: 64097607747
wchar: 29446068468
syscr: 7736947
syscw: 1136326
read_bytes: 18745179648
write_bytes: 29486374912
cancelled_write_bytes: 299008

[2019-07-09T01:49:07-07:00]
rchar: 64605536993
wchar: 29826327769
syscr: 7798443
syscw: 1141639
read_bytes: 19062308352
write_bytes: 29867216896
cancelled_write_bytes: 299008

[2019-07-09T01:49:10-07:00]
rchar: 65024046163
wchar: 30145029290
syscr: 7849168
syscw: 1145760
read_bytes: 19306253824
write_bytes: 30186356736
cancelled_write_bytes: 299008

[2019-07-09T01:49:13-07:00]
rchar: 65437823896
wchar: 30462809052
syscr: 7899331
syscw: 1150029
read_bytes: 19542957568
write_bytes: 30504554496
cancelled_write_bytes: 299008

[2019-07-09T01:49:16-07:00]
rchar: 65982017037
wchar: 30874201011
syscr: 7965292
syscw: 1155762
read_bytes: 19890527744
write_bytes: 30916534272
cancelled_write_bytes: 299008

[2019-07-09T01:49:19-07:00]
rchar: 66378376839
wchar: 31179026657
syscr: 8013326
syscw: 1159790
read_bytes: 20120681984
write_bytes: 31221813248
cancelled_write_bytes: 299008

[2019-07-09T01:49:22-07:00]
rchar: 66920497452
wchar: 31635004177
syscr: 8078993
syscw: 1164005
read_bytes: 20339613184
write_bytes: 31678443520
cancelled_write_bytes: 299008

[2019-07-09T01:49:25-07:00]
rchar: 67428207140
wchar: 32051664731
syscr: 8140548
syscw: 1167915
read_bytes: 20570279424
write_bytes: 32095666176
cancelled_write_bytes: 299008

[2019-07-09T01:49:28-07:00]
rchar: 67612821851
wchar: 32359060737
syscr: 8162916
syscw: 1169825
read_bytes: 20672146944
write_bytes: 32403595264
cancelled_write_bytes: 299008

[2019-07-09T01:49:31-07:00]
rchar: 68194709166
wchar: 32762574814
syscr: 8233322
syscw: 1175042
read_bytes: 20992290304
write_bytes: 32807706624
cancelled_write_bytes: 307200

[2019-07-09T01:49:34-07:00]
rchar: 68760820051
wchar: 33146974221
syscr: 8301942
syscw: 1180328
read_bytes: 21304458752
write_bytes: 33192644608
cancelled_write_bytes: 307200

[2019-07-09T01:49:37-07:00]
rchar: 69253718059
wchar: 33481494729
syscr: 8361692
syscw: 1185099
read_bytes: 21596438016
write_bytes: 33527615488
cancelled_write_bytes: 307200

[2019-07-09T01:49:40-07:00]
rchar: 69808359535
wchar: 33858025448
syscr: 8428912
syscw: 1190406
read_bytes: 21926231552
write_bytes: 33904668672
cancelled_write_bytes: 307200

[2019-07-09T01:49:43-07:00]
rchar: 70401562144
wchar: 34254051093
syscr: 8500785
syscw: 1196301
read_bytes: 22274977280
write_bytes: 34301243392
cancelled_write_bytes: 307200

[2019-07-09T01:49:46-07:00]
rchar: 70905356695
wchar: 34593286736
syscr: 8561847
syscw: 1201146
read_bytes: 22573493760
write_bytes: 34640953344
cancelled_write_bytes: 307200

[2019-07-09T01:49:49-07:00]
rchar: 71376595262
wchar: 34918529156
syscr: 8618955
syscw: 1205637
read_bytes: 22842551808
write_bytes: 34966695936
cancelled_write_bytes: 307200

[2019-07-09T01:49:52-07:00]
rchar: 71976296130
wchar: 35315404627
syscr: 8691641
syscw: 1211801
read_bytes: 23198838272
write_bytes: 35364118528
cancelled_write_bytes: 307200

[2019-07-09T01:49:55-07:00]
rchar: 72532073777
wchar: 35699476507
syscr: 8758980
syscw: 1217377
read_bytes: 23465463296
write_bytes: 35748790272
cancelled_write_bytes: 307200

[2019-07-09T01:49:58-07:00]
rchar: 73128298704
wchar: 36074806729
syscr: 8831217
syscw: 1224407
read_bytes: 23715974656
write_bytes: 36124680192
cancelled_write_bytes: 307200

[2019-07-09T01:50:01-07:00]
rchar: 73850016656
wchar: 36371155751
syscr: 8918700
syscw: 1237336
read_bytes: 24006004224
write_bytes: 36421419008
cancelled_write_bytes: 307200

[2019-07-09T01:50:04-07:00]
rchar: 74245939479
wchar: 36615360880
syscr: 8966621
syscw: 1244995
read_bytes: 24102215168
write_bytes: 36666007552
cancelled_write_bytes: 315392

[2019-07-09T01:50:07-07:00]
rchar: 75956991946
wchar: 36900239970
syscr: 9174081
syscw: 1276818
read_bytes: 24434314752
write_bytes: 36951121920
cancelled_write_bytes: 315392

[2019-07-09T01:50:10-07:00]
rchar: 77198822029
wchar: 37182619603
syscr: 9324637
syscw: 1298103
read_bytes: 24699506176
write_bytes: 37233807360
cancelled_write_bytes: 315392

[2019-07-09T01:50:13-07:00]
rchar: 77816022270
wchar: 37460447906
syscr: 9399385
syscw: 1308099
read_bytes: 24799145472
write_bytes: 37512060928
cancelled_write_bytes: 323584

[2019-07-09T01:50:16-07:00]
rchar: 79090053572
wchar: 37796496844
syscr: 9553823
syscw: 1324358
read_bytes: 24981339648
write_bytes: 37848518656
cancelled_write_bytes: 323584

[2019-07-09T01:50:19-07:00]
rchar: 80792334334
wchar: 38122956321
syscr: 9760207
syscw: 1349107
read_bytes: 25273126400
write_bytes: 38175330304
cancelled_write_bytes: 323584

[2019-07-09T01:50:22-07:00]
rchar: 81616002324
wchar: 38440173248
syscr: 9860063
syscw: 1361863
read_bytes: 25420836352
write_bytes: 38493003776
cancelled_write_bytes: 323584

[2019-07-09T01:50:25-07:00]
rchar: 82182678091
wchar: 38862576751
syscr: 9928683
syscw: 1364131
read_bytes: 25453538816
write_bytes: 38916091904
cancelled_write_bytes: 331776

[2019-07-09T01:50:28-07:00]
rchar: 82824957991
wchar: 39339420270
syscr: 10006241
syscw: 1366848
read_bytes: 25510211072
write_bytes: 39393718272
cancelled_write_bytes: 331776

[2019-07-09T01:50:31-07:00]
rchar: 83616242573
wchar: 39751710110
syscr: 10102149
syscw: 1379079
read_bytes: 25796816384
write_bytes: 39806590976
cancelled_write_bytes: 331776

[2019-07-09T01:50:34-07:00]
rchar: 84400729849
wchar: 40132678693
syscr: 10197239
syscw: 1392420
read_bytes: 26064342528
write_bytes: 40188055552
cancelled_write_bytes: 331776

[2019-07-09T01:50:37-07:00]
rchar: 85327870690
wchar: 40576483128
syscr: 10309629
syscw: 1408136
read_bytes: 26362220032
write_bytes: 40632459264
cancelled_write_bytes: 331776

[2019-07-09T01:50:40-07:00]
rchar: 86158863707
wchar: 40807195315
syscr: 10410383
syscw: 1427673
read_bytes: 26579037696
write_bytes: 40863420416
cancelled_write_bytes: 331776

[2019-07-09T01:50:43-07:00]
rchar: 86632889018
wchar: 41072500538
syscr: 10467769
syscw: 1437020
read_bytes: 26675990016
write_bytes: 41129140224
cancelled_write_bytes: 339968

[2019-07-09T01:50:46-07:00]
rchar: 87449149928
wchar: 41624157304
syscr: 10566592
syscw: 1442984
read_bytes: 26712387072
write_bytes: 41681674240
cancelled_write_bytes: 339968

[2019-07-09T01:50:49-07:00]
rchar: 88001066311
wchar: 42064189914
syscr: 10633306
syscw: 1445474
read_bytes: 26725449216
write_bytes: 42122452992
cancelled_write_bytes: 339968

[2019-07-09T01:50:52-07:00]
rchar: 88693036926
wchar: 42478630382
syscr: 10717050
syscw: 1455381
read_bytes: 26816810496
write_bytes: 42537537536
cancelled_write_bytes: 339968

[2019-07-09T01:50:55-07:00]
rchar: 89492400893
wchar: 42810876168
syscr: 10813964
syscw: 1476657
read_bytes: 26994302464
write_bytes: 42870173696
cancelled_write_bytes: 344064

[2019-07-09T01:50:59-07:00]
rchar: 89947778484
wchar: 42976728751
syscr: 10869168
syscw: 1489849
read_bytes: 27098254848
write_bytes: 43036221440
cancelled_write_bytes: 344064

[2019-07-09T01:51:02-07:00]
rchar: 90729913406
wchar: 43341816007
syscr: 10963919
syscw: 1507400
read_bytes: 27271085568
write_bytes: 43401863168
cancelled_write_bytes: 356352

[2019-07-09T01:51:05-07:00]
rchar: 91918455302
wchar: 43640040719
syscr: 11108015
syscw: 1533941
read_bytes: 27563728384
write_bytes: 43700371456
cancelled_write_bytes: 356352

[2019-07-09T01:51:08-07:00]
rchar: 92690342858
wchar: 43840212288
syscr: 11201598
syscw: 1551639
read_bytes: 27760565760
write_bytes: 43900751872
cancelled_write_bytes: 360448

[2019-07-09T01:51:11-07:00]
rchar: 93374661439
wchar: 44197709063
syscr: 11284487
syscw: 1562936
read_bytes: 27861925376
write_bytes: 44258791424
cancelled_write_bytes: 372736

[2019-07-09T01:51:14-07:00]
rchar: 94357648015
wchar: 44512802159
syscr: 11403647
syscw: 1578043
read_bytes: 28014575104
write_bytes: 44574281728
cancelled_write_bytes: 372736

[2019-07-09T01:51:17-07:00]
rchar: 95884532974
wchar: 44840877587
syscr: 11588755
syscw: 1605891
read_bytes: 28343541248
write_bytes: 44902682624
cancelled_write_bytes: 372736

[2019-07-09T01:51:20-07:00]
rchar: 96265764439
wchar: 44942170041
syscr: 11634985
syscw: 1612660
read_bytes: 28407475712
write_bytes: 45004120064
cancelled_write_bytes: 376832

[2019-07-09T01:51:23-07:00]
rchar: 96982203052
wchar: 45236920743
syscr: 11721766
syscw: 1623757
read_bytes: 28524826112
write_bytes: 45299314688
cancelled_write_bytes: 385024

[2019-07-09T01:51:26-07:00]
rchar: 98132372549
wchar: 45649730560
syscr: 11861181
syscw: 1637388
read_bytes: 28634557952
write_bytes: 45712683008
cancelled_write_bytes: 385024

[2019-07-09T01:51:29-07:00]
rchar: 99796708064
wchar: 45946044736
syscr: 12062968
syscw: 1663246
read_bytes: 28952264192
write_bytes: 46009290752
cancelled_write_bytes: 385024

[2019-07-09T01:51:32-07:00]
rchar: 100486874424
wchar: 46314282822
syscr: 12146574
syscw: 1672167
read_bytes: 29053509120
write_bytes: 46378115072
cancelled_write_bytes: 393216

[2019-07-09T01:51:35-07:00]
rchar: 101126261559
wchar: 46819560704
syscr: 12224095
syscw: 1674120
read_bytes: 29081705984
write_bytes: 46884270080
cancelled_write_bytes: 393216

[2019-07-09T01:51:38-07:00]
rchar: 101571888529
wchar: 47035140123
syscr: 12277815
syscw: 1681267
read_bytes: 29232242176
write_bytes: 47100137472
cancelled_write_bytes: 393216

[2019-07-09T01:51:41-07:00]
rchar: 102417240040
wchar: 47482251839
syscr: 12380289
syscw: 1693884
read_bytes: 29522812416
write_bytes: 47547863040
cancelled_write_bytes: 393216

[2019-07-09T01:51:44-07:00]
rchar: 103045252658
wchar: 47838308537
syscr: 12456397
syscw: 1703009
read_bytes: 29736304128
write_bytes: 47904407552
cancelled_write_bytes: 393216

[2019-07-09T01:51:47-07:00]
rchar: 103744261289
wchar: 48205397694
syscr: 12541124
syscw: 1713999
read_bytes: 29973003776
write_bytes: 48271994880
cancelled_write_bytes: 393216

[2019-07-09T01:51:50-07:00]
rchar: 104635661419
wchar: 48571874611
syscr: 12649172
syscw: 1731526
read_bytes: 30249799168
write_bytes: 48638935040
cancelled_write_bytes: 393216

[2019-07-09T01:51:53-07:00]
rchar: 104776336764
wchar: 48725309935
syscr: 12666222
syscw: 1733488
read_bytes: 30268239360
write_bytes: 48792621056
cancelled_write_bytes: 393216

[2019-07-09T01:51:56-07:00]
rchar: 105630845803
wchar: 49025312857
syscr: 12769743
syscw: 1748369
read_bytes: 30523837952
write_bytes: 49093029888
cancelled_write_bytes: 401408

[2019-07-09T01:51:59-07:00]
rchar: 106702583896
wchar: 49290934756
syscr: 12899683
syscw: 1767639
read_bytes: 30834429440
write_bytes: 49358925824
cancelled_write_bytes: 401408

[2019-07-09T01:52:02-07:00]
rchar: 107910635824
wchar: 49846327434
syscr: 13046037
syscw: 1783804
read_bytes: 31074045440
write_bytes: 49915133952
cancelled_write_bytes: 401408

[2019-07-09T01:52:05-07:00]
rchar: 108298829848
wchar: 50173617819
syscr: 13092989
syscw: 1785324
read_bytes: 31083847168
write_bytes: 50242985984
cancelled_write_bytes: 401408

[2019-07-09T01:52:08-07:00]
rchar: 108849591455
wchar: 50641923444
syscr: 13159563
syscw: 1787400
read_bytes: 31097630208
write_bytes: 50712072192
cancelled_write_bytes: 401408

[2019-07-09T01:52:11-07:00]
rchar: 109039993234
wchar: 50695335013
syscr: 13182592
syscw: 1793129
read_bytes: 31156719104
write_bytes: 50765545472
cancelled_write_bytes: 405504

[2019-07-09T01:52:14-07:00]
rchar: 109439669444
wchar: 51135652226
syscr: 13230947
syscw: 1797033
read_bytes: 31186968064
write_bytes: 51206565888
cancelled_write_bytes: 413696

[2019-07-09T01:52:17-07:00]
rchar: 110326005558
wchar: 51533917683
syscr: 13338384
syscw: 1810720
read_bytes: 31339183616
write_bytes: 51605368832
cancelled_write_bytes: 413696

[2019-07-09T01:52:20-07:00]
rchar: 111339102526
wchar: 51821052895
syscr: 13461207
syscw: 1830917
read_bytes: 31594110464
write_bytes: 51892809728
cancelled_write_bytes: 413696

[2019-07-09T01:52:23-07:00]
rchar: 112351174958
wchar: 52101418982
syscr: 13583916
syscw: 1850919
read_bytes: 31873158656
write_bytes: 52173479936
cancelled_write_bytes: 417792

[2019-07-09T01:52:26-07:00]
rchar: 112636141571
wchar: 52470655549
syscr: 13618402
syscw: 1853195
read_bytes: 31895367168
write_bytes: 52543320064
cancelled_write_bytes: 430080

[2019-07-09T01:52:29-07:00]
rchar: 113120572634
wchar: 52882993411
syscr: 13677105
syscw: 1854894
read_bytes: 31914020352
write_bytes: 52956291072
cancelled_write_bytes: 430080

[2019-07-09T01:52:32-07:00]
rchar: 113596872919
wchar: 53285195159
syscr: 13734809
syscw: 1856606
read_bytes: 31943200256
write_bytes: 53359099904
cancelled_write_bytes: 430080

[2019-07-09T01:52:35-07:00]
rchar: 114063642860
wchar: 53670895178
syscr: 13791371
syscw: 1858447
read_bytes: 31977623040
write_bytes: 53745381376
cancelled_write_bytes: 430080

[2019-07-09T01:52:38-07:00]
rchar: 114588630748
wchar: 54006412785
syscr: 13854992
syscw: 1863067
read_bytes: 32054451712
write_bytes: 54081404928
cancelled_write_bytes: 430080

[2019-07-09T01:52:41-07:00]
rchar: 115389968737
wchar: 54400038996
syscr: 13952120
syscw: 1872546
read_bytes: 32276397568
write_bytes: 54475608064
cancelled_write_bytes: 430080

[2019-07-09T01:52:44-07:00]
rchar: 116194301385
wchar: 54835609245
syscr: 14049588
syscw: 1881275
read_bytes: 32452804096
write_bytes: 54911791104
cancelled_write_bytes: 430080

[2019-07-09T01:52:47-07:00]
rchar: 117216028930
wchar: 55262008807
syscr: 14173457
syscw: 1896198
read_bytes: 32728878592
write_bytes: 55338766336
cancelled_write_bytes: 430080

[2019-07-09T01:52:50-07:00]
rchar: 118234471048
wchar: 55496275360
syscr: 14296918
syscw: 1914929
read_bytes: 32943480320
write_bytes: 55573286912
cancelled_write_bytes: 430080

[2019-07-09T01:52:53-07:00]
rchar: 118741475550
wchar: 55883208482
syscr: 14358312
syscw: 1920716
read_bytes: 32987066880
write_bytes: 55961387008
cancelled_write_bytes: 438272

[2019-07-09T01:52:56-07:00]
rchar: 119210600377
wchar: 56245518118
syscr: 14415046
syscw: 1922784
read_bytes: 32999916032
write_bytes: 56323784704
cancelled_write_bytes: 438272

[2019-07-09T01:52:59-07:00]
rchar: 119736992503
wchar: 56661862571
syscr: 14478704
syscw: 1924765
read_bytes: 33012376064
write_bytes: 56740859904
cancelled_write_bytes: 438272

[2019-07-09T01:53:02-07:00]
rchar: 120331130945
wchar: 57007498160
syscr: 14550657
syscw: 1933942
read_bytes: 33082638848
write_bytes: 57087000576
cancelled_write_bytes: 438272

[2019-07-09T01:53:05-07:00]
rchar: 120955456793
wchar: 57369939203
syscr: 14626325
syscw: 1944442
read_bytes: 33165545984
write_bytes: 57449934848
cancelled_write_bytes: 438272

[2019-07-09T01:53:08-07:00]
rchar: 121688713939
wchar: 57797661574
syscr: 14715195
syscw: 1957269
read_bytes: 33262817792
write_bytes: 57878224896
cancelled_write_bytes: 438272

[2019-07-09T01:53:11-07:00]
rchar: 122480394688
wchar: 58224895673
syscr: 14811156
syscw: 1972343
read_bytes: 33399132672
write_bytes: 58306019328
cancelled_write_bytes: 454656

[2019-07-09T01:53:14-07:00]
rchar: 122718622078
wchar: 58471023431
syscr: 14840047
syscw: 1978911
read_bytes: 33478963712
write_bytes: 58552537088
cancelled_write_bytes: 458752

[2019-07-09T01:53:17-07:00]
rchar: 123674962392
wchar: 58866579293
syscr: 14955891
syscw: 1995147
read_bytes: 33604243968
write_bytes: 58948616192
cancelled_write_bytes: 475136

[2019-07-09T01:53:20-07:00]
rchar: 124847654202
wchar: 59154414840
syscr: 15098075
syscw: 2022177
read_bytes: 33884013056
write_bytes: 59236732928
cancelled_write_bytes: 479232

[2019-07-09T01:53:23-07:00]
rchar: 125704062050
wchar: 59373791532
syscr: 15201907
syscw: 2041539
read_bytes: 34125840896
write_bytes: 59456331776
cancelled_write_bytes: 479232

[2019-07-09T01:53:26-07:00]
rchar: 126015318194
wchar: 59745001721
syscr: 15239587
syscw: 2044461
read_bytes: 34211480064
write_bytes: 59828125696
cancelled_write_bytes: 495616

[2019-07-09T01:53:29-07:00]
rchar: 126523572001
wchar: 60052258691
syscr: 15301210
syscw: 2048998
read_bytes: 34479538688
write_bytes: 60135989248
cancelled_write_bytes: 495616

[2019-07-09T01:53:32-07:00]
rchar: 127030180514
wchar: 60360260161
syscr: 15362642
syscw: 2053454
read_bytes: 34746806784
write_bytes: 60444188672
cancelled_write_bytes: 495616

[2019-07-09T01:53:35-07:00]
rchar: 127533634648
wchar: 60663069101
syscr: 15423651
syscw: 2057929
read_bytes: 34992280064
write_bytes: 60747440128
cancelled_write_bytes: 495616

[2019-07-09T01:53:38-07:00]
rchar: 128184786359
wchar: 61064185951
syscr: 15502538
syscw: 2063606
read_bytes: 35315311104
write_bytes: 61149143040
cancelled_write_bytes: 495616

[2019-07-09T01:53:41-07:00]
rchar: 128680531502
wchar: 61363903723
syscr: 15562638
syscw: 2068048
read_bytes: 35565744640
write_bytes: 61449269248
cancelled_write_bytes: 495616

[2019-07-09T01:53:44-07:00]
rchar: 129161551484
wchar: 61661708002
syscr: 15620942
syscw: 2072229
read_bytes: 35805610496
write_bytes: 61747490816
cancelled_write_bytes: 495616

[2019-07-09T01:53:47-07:00]
rchar: 129799756033
wchar: 62065818377
syscr: 15698259
syscw: 2077637
read_bytes: 36117430784
write_bytes: 62152208384
cancelled_write_bytes: 495616

[2019-07-09T01:53:50-07:00]
rchar: 130249726943
wchar: 62348940511
syscr: 15752809
syscw: 2081556
read_bytes: 36330996224
write_bytes: 62435700736
cancelled_write_bytes: 495616

[2019-07-09T01:53:53-07:00]
rchar: 130760613503
wchar: 62653404831
syscr: 15814737
syscw: 2086356
read_bytes: 36593549824
write_bytes: 62740586496
cancelled_write_bytes: 495616

[2019-07-09T01:53:56-07:00]
rchar: 131470658986
wchar: 63114482883
syscr: 15900809
syscw: 2092147
read_bytes: 36911153664
write_bytes: 63202312192
cancelled_write_bytes: 495616

[2019-07-09T01:53:59-07:00]
rchar: 131741628034
wchar: 63317538538
syscr: 15933629
syscw: 2093776
read_bytes: 36988441088
write_bytes: 63405666304
cancelled_write_bytes: 495616

[2019-07-09T01:54:02-07:00]
rchar: 132346432831
wchar: 63699752002
syscr: 16006923
syscw: 2098954
read_bytes: 37285859840
write_bytes: 63788437504
cancelled_write_bytes: 495616

[2019-07-09T01:54:05-07:00]
rchar: 132895137433
wchar: 64040844164
syscr: 16073413
syscw: 2103839
read_bytes: 37556302336
write_bytes: 64130002944
cancelled_write_bytes: 495616

[2019-07-09T01:54:08-07:00]
rchar: 133452496777
wchar: 64386685793
syscr: 16140967
syscw: 2108797
read_bytes: 37825458688
write_bytes: 64476319744
cancelled_write_bytes: 495616

[2019-07-09T01:54:11-07:00]
rchar: 133742515471
wchar: 64729522708
syscr: 16176053
syscw: 2111655
read_bytes: 37972247040
write_bytes: 64819720192
cancelled_write_bytes: 495616

[2019-07-09T01:54:14-07:00]
rchar: 134420715344
wchar: 65108059497
syscr: 16258240
syscw: 2117199
read_bytes: 38275572224
write_bytes: 65198796800
cancelled_write_bytes: 503808

[2019-07-09T01:54:17-07:00]
rchar: 134937033639
wchar: 65409804959
syscr: 16320831
syscw: 2121356
read_bytes: 38508474880
write_bytes: 65500966912
cancelled_write_bytes: 503808

[2019-07-09T01:54:20-07:00]
rchar: 135428960844
wchar: 65702685763
syscr: 16380452
syscw: 2125286
read_bytes: 38700380672
write_bytes: 65794269184
cancelled_write_bytes: 503808

[2019-07-09T01:54:23-07:00]
rchar: 136216298975
wchar: 66080585776
syscr: 16475853
syscw: 2133116
read_bytes: 39041704448
write_bytes: 66172723200
cancelled_write_bytes: 507904

[2019-07-09T01:54:26-07:00]
rchar: 136862393481
wchar: 66388122814
syscr: 16554186
syscw: 2139644
read_bytes: 39323841024
write_bytes: 66480697344
cancelled_write_bytes: 507904

[2019-07-09T01:54:29-07:00]
rchar: 137656085857
wchar: 66733596253
syscr: 16650378
syscw: 2148153
read_bytes: 39612465664
write_bytes: 66827165696
cancelled_write_bytes: 507904

[2019-07-09T01:54:32-07:00]
rchar: 138468830773
wchar: 67069614533
syscr: 16748885
syscw: 2157007
read_bytes: 39898649088
write_bytes: 67163136000
cancelled_write_bytes: 507904

[2019-07-09T01:54:35-07:00]
rchar: 139363448043
wchar: 67372309948
syscr: 16857331
syscw: 2168146
read_bytes: 40158544384
write_bytes: 67466240000
cancelled_write_bytes: 507904

[2019-07-09T01:54:38-07:00]
rchar: 140184812126
wchar: 67633314430
syscr: 16956903
syscw: 2178208
read_bytes: 40412303872
write_bytes: 67727560704
cancelled_write_bytes: 507904

[2019-07-09T01:54:41-07:00]
rchar: 140603897238
wchar: 68070126599
syscr: 17007624
syscw: 2180952
read_bytes: 40440472064
write_bytes: 68165144576
cancelled_write_bytes: 516096

[2019-07-09T01:54:44-07:00]
rchar: 141280633476
wchar: 68510469859
syscr: 17089355
syscw: 2185173
read_bytes: 40496611840
write_bytes: 68606226432
cancelled_write_bytes: 516096

[2019-07-09T01:54:47-07:00]
rchar: 142182658242
wchar: 68916782412
syscr: 17198642
syscw: 2200202
read_bytes: 40629182976
write_bytes: 69013118976
cancelled_write_bytes: 516096

[2019-07-09T01:54:50-07:00]
rchar: 142759644049
wchar: 69330389283
syscr: 17268466
syscw: 2205459
read_bytes: 40670732800
write_bytes: 69427400704
cancelled_write_bytes: 516096

[2019-07-09T01:54:53-07:00]
rchar: 143513695644
wchar: 69747415119
syscr: 17359667
syscw: 2217094
read_bytes: 40758022656
write_bytes: 69845090304
cancelled_write_bytes: 516096

[2019-07-09T01:54:56-07:00]
rchar: 144309204554
wchar: 70042818063
syscr: 17456106
syscw: 2238848
read_bytes: 40984179200
write_bytes: 70140825600
cancelled_write_bytes: 516096

[2019-07-09T01:54:59-07:00]
rchar: 144456218717
wchar: 70255118694
syscr: 17473936
syscw: 2243659
read_bytes: 41024954880
write_bytes: 70353473536
cancelled_write_bytes: 516096

[2019-07-09T01:55:02-07:00]
rchar: 145233435216
wchar: 70564986633
syscr: 17568075
syscw: 2256483
read_bytes: 41147924992
write_bytes: 70663770112
cancelled_write_bytes: 528384

[2019-07-09T01:55:05-07:00]
rchar: 146491164672
wchar: 70951768598
syscr: 17720552
syscw: 2281646
read_bytes: 41384133120
write_bytes: 71051014144
cancelled_write_bytes: 540672

[2019-07-09T01:55:08-07:00]
rchar: 147460844459
wchar: 71195288229
syscr: 17838118
syscw: 2304332
read_bytes: 41613586944
write_bytes: 71294775296
cancelled_write_bytes: 540672

[2019-07-09T01:55:11-07:00]
rchar: 148103510458
wchar: 71477454600
syscr: 17915958
syscw: 2316103
read_bytes: 41705226752
write_bytes: 71577374720
cancelled_write_bytes: 552960

[2019-07-09T01:55:14-07:00]
rchar: 149562241207
wchar: 71902654463
syscr: 18092788
syscw: 2338308
read_bytes: 41915548160
write_bytes: 72003100672
cancelled_write_bytes: 552960

[2019-07-09T01:55:17-07:00]
rchar: 150910362863
wchar: 72172881526
syscr: 18256240
syscw: 2362343
read_bytes: 42165383680
write_bytes: 72273604608
cancelled_write_bytes: 557056

[2019-07-09T01:55:20-07:00]
rchar: 151378984541
wchar: 72424611935
syscr: 18312981
syscw: 2371058
read_bytes: 42243228160
write_bytes: 72525737984
cancelled_write_bytes: 569344

[2019-07-09T01:55:23-07:00]
rchar: 152560247042
wchar: 72795704967
syscr: 18456178
syscw: 2386173
read_bytes: 42356662784
write_bytes: 72897314816
cancelled_write_bytes: 569344

[2019-07-09T01:55:26-07:00]
rchar: 153442026718
wchar: 73317842518
syscr: 18562992
syscw: 2392858
read_bytes: 42408870400
write_bytes: 73420271616
cancelled_write_bytes: 569344

[2019-07-09T01:55:29-07:00]
rchar: 154013166261
wchar: 73780003307
syscr: 18632038
syscw: 2394879
read_bytes: 42420113920
write_bytes: 73883209728
cancelled_write_bytes: 569344

[2019-07-09T01:55:32-07:00]
rchar: 154415788827
wchar: 74095426706
syscr: 18680714
syscw: 2396512
read_bytes: 42429690368
write_bytes: 74199175168
cancelled_write_bytes: 569344

[2019-07-09T01:55:35-07:00]
rchar: 154829220644
wchar: 74373127301
syscr: 18730759
syscw: 2401782
read_bytes: 42469245440
write_bytes: 74477309952
cancelled_write_bytes: 569344

[2019-07-09T01:55:38-07:00]
rchar: 155779227518
wchar: 74732388176
syscr: 18845935
syscw: 2427505
read_bytes: 42731082240
write_bytes: 74836963328
cancelled_write_bytes: 569344

[2019-07-09T01:55:41-07:00]
rchar: 156160633485
wchar: 74998345130
syscr: 18892098
syscw: 2437703
read_bytes: 42849739264
write_bytes: 75103346688
cancelled_write_bytes: 589824

[2019-07-09T01:55:44-07:00]
rchar: 157330015818
wchar: 75272726259
syscr: 19033870
syscw: 2463558
read_bytes: 43150922240
write_bytes: 75377983488
cancelled_write_bytes: 589824

[2019-07-09T01:55:47-07:00]
rchar: 158585701736
wchar: 75582693058
syscr: 19186115
syscw: 2492237
read_bytes: 43474911744
write_bytes: 75688255488
cancelled_write_bytes: 589824

[2019-07-09T01:55:50-07:00]
rchar: 159075883424
wchar: 75831487837
syscr: 19245468
syscw: 2501826
read_bytes: 43570004480
write_bytes: 75937447936
cancelled_write_bytes: 598016

[2019-07-09T01:55:53-07:00]
rchar: 160643844017
wchar: 76155980533
syscr: 19435563
syscw: 2529509
read_bytes: 43938636288
write_bytes: 76262268928
cancelled_write_bytes: 598016

[2019-07-09T01:55:56-07:00]
rchar: 161800054022
wchar: 76526426779
syscr: 19575729
syscw: 2547357
read_bytes: 44134556160
write_bytes: 76633169920
cancelled_write_bytes: 598016

[2019-07-09T01:55:59-07:00]
rchar: 162255764876
wchar: 76802574516
syscr: 19630976
syscw: 2554925
read_bytes: 44220752384
write_bytes: 76909731840
cancelled_write_bytes: 602112

[2019-07-09T01:56:02-07:00]
rchar: 163094704014
wchar: 77039721535
syscr: 19732613
syscw: 2566105
read_bytes: 44390089216
write_bytes: 77147193344
cancelled_write_bytes: 610304

[2019-07-09T01:56:05-07:00]
rchar: 164379123113
wchar: 77420064129
syscr: 19888302
syscw: 2582475
read_bytes: 44687139328
write_bytes: 77528039424
cancelled_write_bytes: 610304

[2019-07-09T01:56:08-07:00]
rchar: 165594510072
wchar: 77766027487
syscr: 20035649
syscw: 2599144
read_bytes: 44903535104
write_bytes: 77874454528
cancelled_write_bytes: 610304

[2019-07-09T01:56:11-07:00]
rchar: 166692187419
wchar: 78197334334
syscr: 20168716
syscw: 2611308
read_bytes: 45150142976
write_bytes: 78306332672
cancelled_write_bytes: 610304

[2019-07-09T01:56:14-07:00]
rchar: 167339965559
wchar: 78460415635
syscr: 20247240
syscw: 2618506
read_bytes: 45401358848
write_bytes: 78569758720
cancelled_write_bytes: 610304

[2019-07-09T01:56:17-07:00]
rchar: 167713357566
wchar: 78904848234
syscr: 20292424
syscw: 2620430
read_bytes: 45440360960
write_bytes: 79014944768
cancelled_write_bytes: 618496

[2019-07-09T01:56:20-07:00]
rchar: 168147715369
wchar: 79260141176
syscr: 20345065
syscw: 2621603
read_bytes: 45465166336
write_bytes: 79370846208
cancelled_write_bytes: 618496

[2019-07-09T01:56:23-07:00]
rchar: 168640900591
wchar: 79626885957
syscr: 20404548
syscw: 2624137
read_bytes: 45545177600
write_bytes: 79738191872
cancelled_write_bytes: 618496

[2019-07-09T01:56:26-07:00]
rchar: 169213482033
wchar: 79972492086
syscr: 20473951
syscw: 2631135
read_bytes: 45772259840
write_bytes: 80084287488
cancelled_write_bytes: 618496

[2019-07-09T01:56:29-07:00]
rchar: 169838347877
wchar: 80360931493
syscr: 20549686
syscw: 2638830
read_bytes: 45987398144
write_bytes: 80473264128
cancelled_write_bytes: 618496

[2019-07-09T01:56:32-07:00]
rchar: 170573088785
wchar: 80794786877
syscr: 20638736
syscw: 2648550
read_bytes: 46271672832
write_bytes: 80907730944
cancelled_write_bytes: 618496

[2019-07-09T01:56:35-07:00]
rchar: 171252415850
wchar: 81195325874
syscr: 20721056
syscw: 2657408
read_bytes: 46531572224
write_bytes: 81308848128
cancelled_write_bytes: 618496

[2019-07-09T01:56:38-07:00]
rchar: 171860420481
wchar: 81518413074
syscr: 20794753
syscw: 2666722
read_bytes: 46772539904
write_bytes: 81632378880
cancelled_write_bytes: 622592

[2019-07-09T01:56:41-07:00]
rchar: 172657976216
wchar: 81862636651
syscr: 20891427
syscw: 2682110
read_bytes: 47071171072
write_bytes: 81977069568
cancelled_write_bytes: 622592

[2019-07-09T01:56:44-07:00]
rchar: 172863754386
wchar: 82087650173
syscr: 20916379
syscw: 2686865
read_bytes: 47128977920
write_bytes: 82202447872
cancelled_write_bytes: 622592

[2019-07-09T01:56:47-07:00]
rchar: 173418507664
wchar: 82397573617
syscr: 20983555
syscw: 2693333
read_bytes: 47256846848
write_bytes: 82512801792
cancelled_write_bytes: 630784

[2019-07-09T01:56:50-07:00]
rchar: 174123537781
wchar: 82736548689
syscr: 21069015
syscw: 2702065
read_bytes: 47546790400
write_bytes: 82852229120
cancelled_write_bytes: 630784

[2019-07-09T01:56:53-07:00]
rchar: 174843935397
wchar: 83066287611
syscr: 21156348
syscw: 2711849
read_bytes: 47847526912
write_bytes: 83182383104
cancelled_write_bytes: 630784

[2019-07-09T01:56:56-07:00]
rchar: 175660760401
wchar: 83436206769
syscr: 21255353
syscw: 2722847
read_bytes: 48203231744
write_bytes: 83552825344
cancelled_write_bytes: 630784

[2019-07-09T01:56:59-07:00]
rchar: 176307024426
wchar: 83724294576
syscr: 21333680
syscw: 2731954
read_bytes: 48478847488
write_bytes: 83841282048
cancelled_write_bytes: 630784

[2019-07-09T01:57:02-07:00]
rchar: 177087639822
wchar: 84008318968
syscr: 21428308
syscw: 2744859
read_bytes: 48664625664
write_bytes: 84125700096
cancelled_write_bytes: 634880

[2019-07-09T01:57:05-07:00]
rchar: 177891150181
wchar: 84569584276
syscr: 21525623
syscw: 2750682
read_bytes: 48706531840
write_bytes: 84687863808
cancelled_write_bytes: 634880

[2019-07-09T01:57:08-07:00]
rchar: 178242628933
wchar: 84865617397
syscr: 21568035
syscw: 2751972
read_bytes: 48714260992
write_bytes: 84984418304
cancelled_write_bytes: 634880

[2019-07-09T01:57:11-07:00]
rchar: 178474385913
wchar: 85188339873
syscr: 21596070
syscw: 2753463
read_bytes: 48723124736
write_bytes: 85307678720
cancelled_write_bytes: 634880

[2019-07-09T01:57:14-07:00]
rchar: 179255965563
wchar: 85521110358
syscr: 21690642
syscw: 2766871
read_bytes: 48827093504
write_bytes: 85640966144
cancelled_write_bytes: 643072

[2019-07-09T01:57:17-07:00]
rchar: 180418898286
wchar: 85818163015
syscr: 21831631
syscw: 2790147
read_bytes: 49083011584
write_bytes: 85938339840
cancelled_write_bytes: 643072

[2019-07-09T01:57:20-07:00]
rchar: 181359527311
wchar: 86060237536
syscr: 21945675
syscw: 2808287
read_bytes: 49319383552
write_bytes: 86180659200
cancelled_write_bytes: 643072

[2019-07-09T01:57:23-07:00]
rchar: 181767730385
wchar: 86301308286
syscr: 21995085
syscw: 2815748
read_bytes: 49413636608
write_bytes: 86422102016
cancelled_write_bytes: 655360

[2019-07-09T01:57:26-07:00]
rchar: 183417219771
wchar: 86640228857
syscr: 22195067
syscw: 2844041
read_bytes: 49755255296
write_bytes: 86761357312
cancelled_write_bytes: 655360

[2019-07-09T01:57:29-07:00]
rchar: 184350515187
wchar: 87026760841
syscr: 22308195
syscw: 2856025
read_bytes: 49859486208
write_bytes: 87148412928
cancelled_write_bytes: 655360

[2019-07-09T01:57:32-07:00]
rchar: 185235899056
wchar: 87350912034
syscr: 22415525
syscw: 2868069
read_bytes: 49956188672
write_bytes: 87473004544
cancelled_write_bytes: 659456

[2019-07-09T01:57:35-07:00]
rchar: 185636759728
wchar: 87671104946
syscr: 22464047
syscw: 2872867
read_bytes: 50016727552
write_bytes: 87794192384
cancelled_write_bytes: 675840

[2019-07-09T01:57:38-07:00]
rchar: 186973194244
wchar: 88049719251
syscr: 22626058
syscw: 2889906
read_bytes: 50268492288
write_bytes: 88172797952
cancelled_write_bytes: 675840

[2019-07-09T01:57:41-07:00]
rchar: 188262701095
wchar: 88393713837
syscr: 22782382
syscw: 2907266
read_bytes: 50516337152
write_bytes: 88517222400
cancelled_write_bytes: 675840

[2019-07-09T01:57:44-07:00]
rchar: 189740433374
wchar: 88793690545
syscr: 22961525
syscw: 2926779
read_bytes: 50756571648
write_bytes: 88917721088
cancelled_write_bytes: 675840

[2019-07-09T01:57:47-07:00]
rchar: 190155240677
wchar: 89162038012
syscr: 23011752
syscw: 2930718
read_bytes: 50784440832
write_bytes: 89286684672
cancelled_write_bytes: 684032

[2019-07-09T01:57:50-07:00]
rchar: 190573352589
wchar: 89479383771
syscr: 23062433
syscw: 2932207
read_bytes: 50793832960
write_bytes: 89604538368
cancelled_write_bytes: 684032

[2019-07-09T01:57:53-07:00]
rchar: 191012105652
wchar: 89822685395
syscr: 23115608
syscw: 2933704
read_bytes: 50803171840
write_bytes: 89948393472
cancelled_write_bytes: 684032

[2019-07-09T01:57:56-07:00]
rchar: 191443737411
wchar: 90159929317
syscr: 23167935
syscw: 2935234
read_bytes: 50814026240
write_bytes: 90286190592
cancelled_write_bytes: 684032

[2019-07-09T01:57:59-07:00]
rchar: 191960187537
wchar: 90488678076
syscr: 23230201
syscw: 2940688
read_bytes: 50895651328
write_bytes: 90615451648
cancelled_write_bytes: 684032

[2019-07-09T01:58:02-07:00]
rchar: 192905483123
wchar: 90921763094
syscr: 23344782
syscw: 2957561
read_bytes: 51178430976
write_bytes: 91049123840
cancelled_write_bytes: 684032

[2019-07-09T01:58:05-07:00]
rchar: 193752586237
wchar: 91264256366
syscr: 23447467
syscw: 2974112
read_bytes: 51386659328
write_bytes: 91392061440
cancelled_write_bytes: 684032

[2019-07-09T01:58:08-07:00]
rchar: 194444213127
wchar: 91555898649
syscr: 23531328
syscw: 2990393
read_bytes: 51584340480
write_bytes: 91684073472
cancelled_write_bytes: 692224

[2019-07-09T01:58:11-07:00]
rchar: 194807781931
wchar: 91911156405
syscr: 23575348
syscw: 2992040
read_bytes: 51613823488
write_bytes: 92039983104
cancelled_write_bytes: 700416

[2019-07-09T01:58:14-07:00]
rchar: 195343535055
wchar: 92379238341
syscr: 23640192
syscw: 2993447
read_bytes: 51665228288
write_bytes: 92508749824
cancelled_write_bytes: 700416

[2019-07-09T01:58:17-07:00]
rchar: 195698060608
wchar: 92689476558
syscr: 23683034
syscw: 2994370
read_bytes: 51701236224
write_bytes: 92819488768
cancelled_write_bytes: 700416

[2019-07-09T01:58:20-07:00]
rchar: 196038424275
wchar: 92982724859
syscr: 23724187
syscw: 2995414
read_bytes: 51740156416
write_bytes: 93113221120
cancelled_write_bytes: 700416

[2019-07-09T01:58:23-07:00]
rchar: 196420571775
wchar: 93284467225
syscr: 23770397
syscw: 2997788
read_bytes: 51871785472
write_bytes: 93415424000
cancelled_write_bytes: 700416

[2019-07-09T01:58:26-07:00]
rchar: 196900752771
wchar: 93621904940
syscr: 23828619
syscw: 3003141
read_bytes: 52180673024
write_bytes: 93753311232
cancelled_write_bytes: 700416

[2019-07-09T01:58:29-07:00]
rchar: 197340816923
wchar: 93937966553
syscr: 23881945
syscw: 3007871
read_bytes: 52466778624
write_bytes: 94069821440
cancelled_write_bytes: 700416

[2019-07-09T01:58:32-07:00]
rchar: 197756300572
wchar: 94240214979
syscr: 23932280
syscw: 3011892
read_bytes: 52695523840
write_bytes: 94372544512
cancelled_write_bytes: 700416

[2019-07-09T01:58:35-07:00]
rchar: 198251732065
wchar: 94591556718
syscr: 23992329
syscw: 3016908
read_bytes: 53019447808
write_bytes: 94724358144
cancelled_write_bytes: 700416

[2019-07-09T01:58:38-07:00]
rchar: 198625244030
wchar: 94857333545
syscr: 24037592
syscw: 3020759
read_bytes: 53266780672
write_bytes: 94990520320
cancelled_write_bytes: 700416

[2019-07-09T01:58:41-07:00]
rchar: 199125790482
wchar: 95229937190
syscr: 24098251
syscw: 3025284
read_bytes: 53559816704
write_bytes: 95363633152
cancelled_write_bytes: 700416

[2019-07-09T01:58:44-07:00]
rchar: 199532365004
wchar: 95520867572
syscr: 24147557
syscw: 3029173
read_bytes: 53834899968
write_bytes: 95654952960
cancelled_write_bytes: 700416

[2019-07-09T01:58:47-07:00]
rchar: 200089660988
wchar: 95921210152
syscr: 24215061
syscw: 3034691
read_bytes: 54213100032
write_bytes: 96055885824
cancelled_write_bytes: 700416

[2019-07-09T01:58:50-07:00]
rchar: 200555062822
wchar: 96280844614
syscr: 24271456
syscw: 3038554
read_bytes: 54475551232
write_bytes: 96416051200
cancelled_write_bytes: 700416

[2019-07-09T01:58:53-07:00]
rchar: 201007779308
wchar: 96619828773
syscr: 24326346
syscw: 3042903
read_bytes: 54767301120
write_bytes: 96755490816
cancelled_write_bytes: 700416

[2019-07-09T01:58:56-07:00]
rchar: 201593691981
wchar: 97040542488
syscr: 24397325
syscw: 3049193
read_bytes: 55199191552
write_bytes: 97177505792
cancelled_write_bytes: 700416

[2019-07-09T01:58:59-07:00]
rchar: 202010035616
wchar: 97329624741
syscr: 24447775
syscw: 3054671
read_bytes: 55499842048
write_bytes: 97466327040
cancelled_write_bytes: 700416

[2019-07-09T01:59:02-07:00]
rchar: 202275050240
wchar: 97654309063
syscr: 24479898
syscw: 3059317
read_bytes: 55678726656
write_bytes: 97791537152
cancelled_write_bytes: 700416

[2019-07-09T01:59:05-07:00]
rchar: 203125854111
wchar: 97858299632
syscr: 24582965
syscw: 3076817
read_bytes: 56007209472
write_bytes: 97995784192
cancelled_write_bytes: 708608

[2019-07-09T01:59:08-07:00]
rchar: 204109533202
wchar: 98131526218
syscr: 24702220
syscw: 3097127
read_bytes: 56278954496
write_bytes: 98269315072
cancelled_write_bytes: 708608

[2019-07-09T01:59:11-07:00]
rchar: 205152295365
wchar: 98401200562
syscr: 24828654
syscw: 3119086
read_bytes: 56629199360
write_bytes: 98539274240
cancelled_write_bytes: 708608

[2019-07-09T01:59:14-07:00]
rchar: 205972363071
wchar: 98732982214
syscr: 24927993
syscw: 3133281
read_bytes: 56842650112
write_bytes: 98871533568
cancelled_write_bytes: 716800

[2019-07-09T01:59:17-07:00]
rchar: 207198769483
wchar: 98998183773
syscr: 25076680
syscw: 3152819
read_bytes: 57139913216
write_bytes: 99137032192
cancelled_write_bytes: 716800

[2019-07-09T01:59:20-07:00]
rchar: 208508954074
wchar: 99268958687
syscr: 25235528
syscw: 3174529
read_bytes: 57430811136
write_bytes: 99408084992
cancelled_write_bytes: 716800

[2019-07-09T01:59:23-07:00]
rchar: 209148287839
wchar: 99523042640
syscr: 25312963
syscw: 3185085
read_bytes: 57548243456
write_bytes: 99662565376
cancelled_write_bytes: 724992

[2019-07-09T01:59:26-07:00]
rchar: 210916500241
wchar: 99853400337
syscr: 25527341
syscw: 3211178
read_bytes: 57898115584
write_bytes: 99993284608
cancelled_write_bytes: 724992

[2019-07-09T01:59:29-07:00]
rchar: 212388728944
wchar: 100125518132
syscr: 25705839
syscw: 3231835
read_bytes: 58173628928
write_bytes: 100265693184
cancelled_write_bytes: 724992

[2019-07-09T01:59:32-07:00]
rchar: 212956004229
wchar: 100495072021
syscr: 25774540
syscw: 3238611
read_bytes: 58255909376
write_bytes: 100635860992
cancelled_write_bytes: 737280

[2019-07-09T01:59:35-07:00]
rchar: 213535407165
wchar: 100960748475
syscr: 25844781
syscw: 3240272
read_bytes: 58272743936
write_bytes: 101102313472
cancelled_write_bytes: 737280

[2019-07-09T01:59:38-07:00]
rchar: 214084471542
wchar: 101294758475
syscr: 25911044
syscw: 3245715
read_bytes: 58373255680
write_bytes: 101436829696
cancelled_write_bytes: 737280

[2019-07-09T01:59:41-07:00]
rchar: 214746701813
wchar: 101641070870
syscr: 25991297
syscw: 3255448
read_bytes: 58615611904
write_bytes: 101783621632
cancelled_write_bytes: 737280

[2019-07-09T01:59:44-07:00]
rchar: 215544820800
wchar: 102044801130
syscr: 26088036
syscw: 3267967
read_bytes: 58874003968
write_bytes: 102187900928
cancelled_write_bytes: 737280

[2019-07-09T01:59:47-07:00]
rchar: 216380540233
wchar: 102471210670
syscr: 26189340
syscw: 3281089
read_bytes: 59160621568
write_bytes: 102614896640
cancelled_write_bytes: 737280

[2019-07-09T01:59:50-07:00]
rchar: 217042299620
wchar: 102814819266
syscr: 26269557
syscw: 3291525
read_bytes: 59357573632
write_bytes: 102958993408
cancelled_write_bytes: 737280

[2019-07-09T01:59:53-07:00]
rchar: 217683652021
wchar: 103129836167
syscr: 26347288
syscw: 3302161
read_bytes: 59533554176
write_bytes: 103274463232
cancelled_write_bytes: 737280

[2019-07-09T01:59:56-07:00]
rchar: 218226158237
wchar: 103444406554
syscr: 26412981
syscw: 3311359
read_bytes: 59650007552
write_bytes: 103589515264
cancelled_write_bytes: 745472

[2019-07-09T01:59:59-07:00]
rchar: 219372714689
wchar: 103875894675
syscr: 26551908
syscw: 3327599
read_bytes: 59826385408
write_bytes: 104021626880
cancelled_write_bytes: 749568

[2019-07-09T02:00:02-07:00]
rchar: 220319250737
wchar: 104330003576
syscr: 26666534
syscw: 3339544
read_bytes: 59932787200
write_bytes: 104476446720
cancelled_write_bytes: 749568

[2019-07-09T02:00:05-07:00]
rchar: 221080006166
wchar: 104698264257
syscr: 26758613
syscw: 3349193
read_bytes: 60019970560
write_bytes: 104845283328
cancelled_write_bytes: 749568

[2019-07-09T02:00:08-07:00]
rchar: 221965570219
wchar: 105119354134
syscr: 26865863
syscw: 3362591
read_bytes: 60131992064
write_bytes: 105266995200
cancelled_write_bytes: 749568

[2019-07-09T02:00:11-07:00]
rchar: 222190373235
wchar: 105446690547
syscr: 26893110
syscw: 3365595
read_bytes: 60153725440
write_bytes: 105594859520
cancelled_write_bytes: 749568

[2019-07-09T02:00:14-07:00]
rchar: 223029563609
wchar: 105773798784
syscr: 26994761
syscw: 3380292
read_bytes: 60297286144
write_bytes: 105922404352
cancelled_write_bytes: 757760

[2019-07-09T02:00:17-07:00]
rchar: 224297922866
wchar: 106077634475
syscr: 27148533
syscw: 3407919
read_bytes: 60594672128
write_bytes: 106226536448
cancelled_write_bytes: 757760

[2019-07-09T02:00:20-07:00]
rchar: 225201908561
wchar: 106327496374
syscr: 27258137
syscw: 3426932
read_bytes: 60784960000
write_bytes: 106476683264
cancelled_write_bytes: 770048

[2019-07-09T02:00:23-07:00]
rchar: 225750014062
wchar: 106606414413
syscr: 27324498
syscw: 3436576
read_bytes: 60889297408
write_bytes: 106756022272
cancelled_write_bytes: 782336

[2019-07-09T02:00:26-07:00]
rchar: 226990782566
wchar: 106892408427
syscr: 27474926
syscw: 3456264
read_bytes: 61079806464
write_bytes: 107042344960
cancelled_write_bytes: 782336

[2019-07-09T02:00:29-07:00]
rchar: 228485861877
wchar: 107214090843
syscr: 27656182
syscw: 3481401
read_bytes: 61369303552
write_bytes: 107364364288
cancelled_write_bytes: 782336

[2019-07-09T02:00:32-07:00]
rchar: 228875752384
wchar: 107429241698
syscr: 27703461
syscw: 3488618
read_bytes: 61434745344
write_bytes: 107579846656
cancelled_write_bytes: 782336

[2019-07-09T02:00:35-07:00]
rchar: 229998767143
wchar: 107758697235
syscr: 27839523
syscw: 3503733
read_bytes: 61639098880
write_bytes: 107909754880
cancelled_write_bytes: 798720

[2019-07-09T02:00:38-07:00]
rchar: 231289831933
wchar: 108234441473
syscr: 27996018
syscw: 3518152
read_bytes: 61815042560
write_bytes: 108386156544
cancelled_write_bytes: 798720

[2019-07-09T02:00:41-07:00]
rchar: 232137992349
wchar: 108590258546
syscr: 28098829
syscw: 3526818
read_bytes: 61947482624
write_bytes: 108742459392
cancelled_write_bytes: 798720

[2019-07-09T02:00:44-07:00]
rchar: 233158031861
wchar: 108923506508
syscr: 28222468
syscw: 3539783
read_bytes: 62099603968
write_bytes: 109076156416
cancelled_write_bytes: 798720

[2019-07-09T02:00:47-07:00]
rchar: 233850221857
wchar: 109046331984
syscr: 28306386
syscw: 3549395
read_bytes: 62226125312
write_bytes: 109199114240
cancelled_write_bytes: 798720

[2019-07-09T02:00:50-07:00]
rchar: 234182399865
wchar: 109433459407
syscr: 28346588
syscw: 3551590
read_bytes: 62242714112
write_bytes: 109586890752
cancelled_write_bytes: 806912

[2019-07-09T02:00:53-07:00]
rchar: 234758505405
wchar: 109882168410
syscr: 28416420
syscw: 3553407
read_bytes: 62257873408
write_bytes: 110036353024
cancelled_write_bytes: 806912

[2019-07-09T02:00:56-07:00]
rchar: 235494510489
wchar: 110273733890
syscr: 28505334
syscw: 3562790
read_bytes: 62402277888
write_bytes: 110428508160
cancelled_write_bytes: 806912

[2019-07-09T02:00:59-07:00]
rchar: 236390838271
wchar: 110697280937
syscr: 28613965
syscw: 3577246
read_bytes: 62683349504
write_bytes: 110852853760
cancelled_write_bytes: 806912

[2019-07-09T02:01:02-07:00]
rchar: 237283134711
wchar: 111130002477
syscr: 28722132
syscw: 3592206
read_bytes: 62862443008
write_bytes: 111285932032
cancelled_write_bytes: 806912

[2019-07-09T02:01:05-07:00]
rchar: 237848212309
wchar: 111493093791
syscr: 28790613
syscw: 3599262
read_bytes: 62931440128
write_bytes: 111649570816
cancelled_write_bytes: 806912

[2019-07-09T02:01:08-07:00]
rchar: 238411297669
wchar: 111632920145
syscr: 28858887
syscw: 3613053
read_bytes: 63082140160
write_bytes: 111789543424
cancelled_write_bytes: 811008

[2019-07-09T02:01:11-07:00]
rchar: 238878859685
wchar: 112187172419
syscr: 28915516
syscw: 3615249
read_bytes: 63123808768
write_bytes: 112344678400
cancelled_write_bytes: 819200

[2019-07-09T02:01:14-07:00]
rchar: 239374478662
wchar: 112615635989
syscr: 28975448
syscw: 3616696
read_bytes: 63176180224
write_bytes: 112773861376
cancelled_write_bytes: 819200

[2019-07-09T02:01:17-07:00]
rchar: 239895307016
wchar: 113074136474
syscr: 29038391
syscw: 3618096
read_bytes: 63228133888
write_bytes: 113233137664
cancelled_write_bytes: 819200

[2019-07-09T02:01:20-07:00]
rchar: 240202357192
wchar: 113333412313
syscr: 29075507
syscw: 3619020
read_bytes: 63265186304
write_bytes: 113492807680
cancelled_write_bytes: 819200

[2019-07-09T02:01:23-07:00]
rchar: 240589323379
wchar: 113598281892
syscr: 29122404
syscw: 3623107
read_bytes: 63496147456
write_bytes: 113758076928
cancelled_write_bytes: 819200

[2019-07-09T02:01:26-07:00]
rchar: 241034292802
wchar: 113909574048
syscr: 29176348
syscw: 3627857
read_bytes: 63766336000
write_bytes: 114069745664
cancelled_write_bytes: 819200

[2019-07-09T02:01:29-07:00]
rchar: 241617623429
wchar: 114311198393
syscr: 29247028
syscw: 3634039
read_bytes: 64120037888
write_bytes: 114471964672
cancelled_write_bytes: 819200

[2019-07-09T02:01:32-07:00]
rchar: 242022496052
wchar: 114593727061
syscr: 29296089
syscw: 3638456
read_bytes: 64368730624
write_bytes: 114754879488
cancelled_write_bytes: 819200

[2019-07-09T02:01:35-07:00]
rchar: 242475006957
wchar: 114907510790
syscr: 29350948
syscw: 3643326
read_bytes: 64645005824
write_bytes: 115069079552
cancelled_write_bytes: 819200

[2019-07-09T02:01:38-07:00]
rchar: 243040737866
wchar: 115304390061
syscr: 29419524
syscw: 3649316
read_bytes: 64991175168
write_bytes: 115466543104
cancelled_write_bytes: 819200

[2019-07-09T02:01:41-07:00]
rchar: 243412281032
wchar: 115571557015
syscr: 29464527
syscw: 3653013
read_bytes: 65188667904
write_bytes: 115734097920
cancelled_write_bytes: 819200

[2019-07-09T02:01:44-07:00]
rchar: 244007245986
wchar: 115980744672
syscr: 29536646
syscw: 3659533
read_bytes: 65550365184
write_bytes: 116144787456
cancelled_write_bytes: 819200

[2019-07-09T02:01:47-07:00]
rchar: 244558368354
wchar: 116374478881
syscr: 29603420
syscw: 3665189
read_bytes: 65859027456
write_bytes: 116538146816
cancelled_write_bytes: 819200

[2019-07-09T02:01:50-07:00]
rchar: 245031265124
wchar: 116703154550
syscr: 29660727
syscw: 3671028
read_bytes: 66098500096
write_bytes: 116867280896
cancelled_write_bytes: 819200

[2019-07-09T02:01:53-07:00]
rchar: 245536518797
wchar: 117038821131
syscr: 29721978
syscw: 3677923
read_bytes: 66362327552
write_bytes: 117203435520
cancelled_write_bytes: 819200

[2019-07-09T02:01:56-07:00]
rchar: 245878808803
wchar: 117397082235
syscr: 29763388
syscw: 3683156
read_bytes: 66540536320
write_bytes: 117562273792
cancelled_write_bytes: 827392

[2019-07-09T02:01:59-07:00]
rchar: 246653744516
wchar: 117795577353
syscr: 29857320
syscw: 3693314
read_bytes: 66904453632
write_bytes: 117961281536
cancelled_write_bytes: 827392

[2019-07-09T02:02:02-07:00]
rchar: 247262206533
wchar: 118114925869
syscr: 29931060
syscw: 3700777
read_bytes: 67192652288
write_bytes: 118281068544
cancelled_write_bytes: 827392

[2019-07-09T02:02:05-07:00]
rchar: 247931873313
wchar: 118467654136
syscr: 30012236
syscw: 3709204
read_bytes: 67516285440
write_bytes: 118634266624
cancelled_write_bytes: 827392

[2019-07-09T02:02:08-07:00]
rchar: 248682576114
wchar: 118869786697
syscr: 30103223
syscw: 3718448
read_bytes: 67895837184
write_bytes: 119036977152
cancelled_write_bytes: 827392

[2019-07-09T02:02:11-07:00]
rchar: 249321407459
wchar: 119182513490
syscr: 30180664
syscw: 3727620
read_bytes: 68198035968
write_bytes: 119350128640
cancelled_write_bytes: 827392

[2019-07-09T02:02:14-07:00]
rchar: 250032876543
wchar: 119520154319
syscr: 30266901
syscw: 3738341
read_bytes: 68530053632
write_bytes: 119688208384
cancelled_write_bytes: 827392

[2019-07-09T02:02:17-07:00]
rchar: 250669979977
wchar: 119838047691
syscr: 30344126
syscw: 3747808
read_bytes: 68840006144
write_bytes: 120006529024
cancelled_write_bytes: 827392

[2019-07-09T02:02:20-07:00]
rchar: 250918085531
wchar: 120108778062
syscr: 30374123
syscw: 3751228
read_bytes: 68945445376
write_bytes: 120277700608
cancelled_write_bytes: 835584

[2019-07-09T02:02:23-07:00]
rchar: 251882566689
wchar: 120493925640
syscr: 30491031
syscw: 3763580
read_bytes: 69338784256
write_bytes: 120663359488
cancelled_write_bytes: 835584

[2019-07-09T02:02:26-07:00]
rchar: 252791295557
wchar: 120813972691
syscr: 30601195
syscw: 3776307
read_bytes: 69693108736
write_bytes: 120983826432
cancelled_write_bytes: 835584

[2019-07-09T02:02:29-07:00]
rchar: 254308979823
wchar: 121061968541
syscr: 30785198
syscw: 3803142
read_bytes: 70082507264
write_bytes: 121232048128
cancelled_write_bytes: 835584

[2019-07-09T02:02:32-07:00]
rchar: 254793477364
wchar: 121319417765
syscr: 30843947
syscw: 3812313
read_bytes: 70198886912
write_bytes: 121489874944
cancelled_write_bytes: 835584

[2019-07-09T02:02:35-07:00]
rchar: 256292889476
wchar: 121553909196
syscr: 31025642
syscw: 3835002
read_bytes: 70502212096
write_bytes: 121724604416
cancelled_write_bytes: 843776

[2019-07-09T02:02:38-07:00]
rchar: 258134958695
wchar: 121867966651
syscr: 31248980
syscw: 3863126
read_bytes: 70888141312
write_bytes: 122038996992
cancelled_write_bytes: 843776

[2019-07-09T02:02:41-07:00]
rchar: 259025814465
wchar: 122183291310
syscr: 31356983
syscw: 3877378
read_bytes: 71048864256
write_bytes: 122354774016
cancelled_write_bytes: 843776

[2019-07-09T02:02:44-07:00]
rchar: 259644684747
wchar: 122685125489
syscr: 31431938
syscw: 3879241
read_bytes: 71079809536
write_bytes: 122857431040
cancelled_write_bytes: 851968

[2019-07-09T02:02:47-07:00]
rchar: 260125591978
wchar: 123072532260
syscr: 31490238
syscw: 3880690
read_bytes: 71106310656
write_bytes: 123245490176
cancelled_write_bytes: 851968

[2019-07-09T02:02:50-07:00]
rchar: 260958426634
wchar: 123555060147
syscr: 31590885
syscw: 3891359
read_bytes: 71409779200
write_bytes: 123728691200
cancelled_write_bytes: 851968

[2019-07-09T02:02:53-07:00]
rchar: 261606378100
wchar: 123900548979
syscr: 31669395
syscw: 3900592
read_bytes: 71633007104
write_bytes: 124074672128
cancelled_write_bytes: 851968

[2019-07-09T02:02:56-07:00]
rchar: 262331218186
wchar: 124294166691
syscr: 31757256
syscw: 3910662
read_bytes: 71874068992
write_bytes: 124468850688
cancelled_write_bytes: 851968

[2019-07-09T02:02:59-07:00]
rchar: 263132997948
wchar: 124734094665
syscr: 31854437
syscw: 3921745
read_bytes: 72141922816
write_bytes: 124910112768
cancelled_write_bytes: 851968

[2019-07-09T02:03:02-07:00]
rchar: 263760818261
wchar: 125081905217
syscr: 31930516
syscw: 3930458
read_bytes: 72383963648
write_bytes: 125257682944
cancelled_write_bytes: 851968

[2019-07-09T02:03:05-07:00]
rchar: 264569523226
wchar: 125521288975
syscr: 32028540
syscw: 3941612
read_bytes: 72626659840
write_bytes: 125697679360
cancelled_write_bytes: 851968

[2019-07-09T02:03:08-07:00]
rchar: 264743312554
wchar: 125767326463
syscr: 32049525
syscw: 3944286
read_bytes: 72671810048
write_bytes: 125944168448
cancelled_write_bytes: 860160

[2019-07-09T02:03:11-07:00]
rchar: 265635706691
wchar: 126157094926
syscr: 32157689
syscw: 3955919
read_bytes: 72926523904
write_bytes: 126334476288
cancelled_write_bytes: 860160

[2019-07-09T02:03:14-07:00]
rchar: 266332857283
wchar: 126438171210
syscr: 32242190
syscw: 3966154
read_bytes: 73152471552
write_bytes: 126615949312
cancelled_write_bytes: 860160

[2019-07-09T02:03:17-07:00]
rchar: 267559864250
wchar: 126823071319
syscr: 32390941
syscw: 3986547
read_bytes: 73494917632
write_bytes: 127001358336
cancelled_write_bytes: 860160

[2019-07-09T02:03:20-07:00]
rchar: 268441731057
wchar: 127018143356
syscr: 32497847
syscw: 4003998
read_bytes: 73703707136
write_bytes: 127196639232
cancelled_write_bytes: 860160

[2019-07-09T02:03:23-07:00]
rchar: 269241072834
wchar: 127310400274
syscr: 32594683
syscw: 4017365
read_bytes: 73864368640
write_bytes: 127489323008
cancelled_write_bytes: 868352

[2019-07-09T02:03:26-07:00]
rchar: 270805668062
wchar: 127741718226
syscr: 32784325
syscw: 4038632
read_bytes: 74096046592
write_bytes: 127921229824
cancelled_write_bytes: 868352

[2019-07-09T02:03:29-07:00]
rchar: 271673727153
wchar: 128168577527
syscr: 32889371
syscw: 4047205
read_bytes: 74182599168
write_bytes: 128348749824
cancelled_write_bytes: 868352

[2019-07-09T02:03:32-07:00]
rchar: 272837567857
wchar: 128654725917
syscr: 33030307
syscw: 4060345
read_bytes: 74309272064
write_bytes: 128835637248
cancelled_write_bytes: 868352

[2019-07-09T02:03:35-07:00]
rchar: 273280935750
wchar: 128956190713
syscr: 33083968
syscw: 4066851
read_bytes: 74370224640
write_bytes: 129137582080
cancelled_write_bytes: 876544

[2019-07-09T02:03:38-07:00]
rchar: 274070425487
wchar: 129315093989
syscr: 33179667
syscw: 4073766
read_bytes: 74664268288
write_bytes: 129497743360
cancelled_write_bytes: 876544

[2019-07-09T02:03:41-07:00]
rchar: 274794010497
wchar: 129663506682
syscr: 33267305
syscw: 4079881
read_bytes: 74899321344
write_bytes: 129845927936
cancelled_write_bytes: 876544

[2019-07-09T02:03:44-07:00]
rchar: 275487720193
wchar: 130015552874
syscr: 33351397
syscw: 4088878
read_bytes: 75235713536
write_bytes: 130198999040
cancelled_write_bytes: 876544

[2019-07-09T02:03:47-07:00]
rchar: 276253390722
wchar: 130424545086
syscr: 33444200
syscw: 4098240
read_bytes: 75608867328
write_bytes: 130607984640
cancelled_write_bytes: 876544

[2019-07-09T02:03:50-07:00]
rchar: 276845644748
wchar: 130743169433
syscr: 33515980
syscw: 4105801
read_bytes: 75864179200
write_bytes: 130927058944
cancelled_write_bytes: 876544

[2019-07-09T02:03:53-07:00]
rchar: 277588067614
wchar: 131086325268
syscr: 33605974
syscw: 4117118
read_bytes: 76185379328
write_bytes: 131270664192
cancelled_write_bytes: 876544

[2019-07-09T02:03:56-07:00]
rchar: 278538331838
wchar: 131477614976
syscr: 33721165
syscw: 4133709
read_bytes: 76592812544
write_bytes: 131662458880
cancelled_write_bytes: 876544

[2019-07-09T02:03:59-07:00]
rchar: 278639742731
wchar: 131679346090
syscr: 33733379
syscw: 4135879
read_bytes: 76626543104
write_bytes: 131864547328
cancelled_write_bytes: 876544

[2019-07-09T02:04:02-07:00]
rchar: 279991422741
wchar: 132069537208
syscr: 33897247
syscw: 4155174
read_bytes: 77058216448
write_bytes: 132255191040
cancelled_write_bytes: 884736

[2019-07-09T02:04:05-07:00]
rchar: 281308517968
wchar: 132300575888
syscr: 34056931
syscw: 4178800
read_bytes: 77336523264
write_bytes: 132486451200
cancelled_write_bytes: 884736

[2019-07-09T02:04:08-07:00]
rchar: 282290513022
wchar: 132517336668
syscr: 34175984
syscw: 4195347
read_bytes: 77526008320
write_bytes: 132703461376
cancelled_write_bytes: 884736

[2019-07-09T02:04:11-07:00]
rchar: 283011713019
wchar: 132798860258
syscr: 34263340
syscw: 4205985
read_bytes: 77648032256
write_bytes: 132985413632
cancelled_write_bytes: 892928

[2019-07-09T02:04:14-07:00]
rchar: 284754425454
wchar: 133109112943
syscr: 34474623
syscw: 4230246
read_bytes: 77937996288
write_bytes: 133296005120
cancelled_write_bytes: 892928

[2019-07-09T02:04:17-07:00]
rchar: 286330964541
wchar: 133385354079
syscr: 34665765
syscw: 4253190
read_bytes: 78207549952
write_bytes: 133572567040
cancelled_write_bytes: 892928

[2019-07-09T02:04:20-07:00]
rchar: 286656128897
wchar: 133728485672
syscr: 34705125
syscw: 4255904
read_bytes: 78234161664
write_bytes: 133916250112
cancelled_write_bytes: 901120

[2019-07-09T02:04:23-07:00]
rchar: 287232901471
wchar: 134206561924
syscr: 34775035
syscw: 4257482
read_bytes: 78256333312
write_bytes: 134395084800
cancelled_write_bytes: 901120

[2019-07-09T02:04:26-07:00]
rchar: 287818671775
wchar: 134685402668
syscr: 34846039
syscw: 4259121
read_bytes: 78278185472
write_bytes: 134874755072
cancelled_write_bytes: 901120

[2019-07-09T02:04:29-07:00]
rchar: 288446545101
wchar: 135043861429
syscr: 34921848
syscw: 4266685
read_bytes: 78469808640
write_bytes: 135233695744
cancelled_write_bytes: 901120

[2019-07-09T02:04:32-07:00]
rchar: 289102435910
wchar: 135415006119
syscr: 35001306
syscw: 4275540
read_bytes: 78703464960
write_bytes: 135606034432
cancelled_write_bytes: 901120

[2019-07-09T02:04:35-07:00]
rchar: 289774172411
wchar: 135792068419
syscr: 35082753
syscw: 4284858
read_bytes: 78889443840
write_bytes: 135982985216
cancelled_write_bytes: 901120

[2019-07-09T02:04:38-07:00]
rchar: 290364238074
wchar: 136206885464
syscr: 35154254
syscw: 4290349
read_bytes: 79010210304
write_bytes: 136398442496
cancelled_write_bytes: 901120

[2019-07-09T02:04:41-07:00]
rchar: 290959629757
wchar: 136662296594
syscr: 35226391
syscw: 4294755
read_bytes: 79116083712
write_bytes: 136854564864
cancelled_write_bytes: 901120

[2019-07-09T02:04:44-07:00]
rchar: 291722505801
wchar: 137055557270
syscr: 35318847
syscw: 4307065
read_bytes: 79354999296
write_bytes: 137248382976
cancelled_write_bytes: 901120

[2019-07-09T02:04:47-07:00]
rchar: 292281439991
wchar: 137387764526
syscr: 35386599
syscw: 4314815
read_bytes: 79503598080
write_bytes: 137581088768
cancelled_write_bytes: 901120

[2019-07-09T02:04:50-07:00]
rchar: 292577320244
wchar: 137514188012
syscr: 35422464
syscw: 4320395
read_bytes: 79588340224
write_bytes: 137707683840
cancelled_write_bytes: 901120

[2019-07-09T02:04:53-07:00]
rchar: 292872515032
wchar: 137794519892
syscr: 35458166
syscw: 4324987
read_bytes: 79677604352
write_bytes: 137988485120
cancelled_write_bytes: 909312

[2019-07-09T02:04:56-07:00]
rchar: 294269026048
wchar: 138208548678
syscr: 35627474
syscw: 4347802
read_bytes: 79973679616
write_bytes: 138403049472
cancelled_write_bytes: 909312

[2019-07-09T02:04:59-07:00]
rchar: 294817662578
wchar: 138668563101
syscr: 35693818
syscw: 4349967
read_bytes: 79986397696
write_bytes: 138863849472
cancelled_write_bytes: 909312

[2019-07-09T02:05:02-07:00]
rchar: 295359222341
wchar: 139116223835
syscr: 35759278
syscw: 4352213
read_bytes: 79999500800
write_bytes: 139312246784
cancelled_write_bytes: 909312

[2019-07-09T02:05:05-07:00]
rchar: 295983883125
wchar: 139532647115
syscr: 35834842
syscw: 4359211
read_bytes: 80050393600
write_bytes: 139729334272
cancelled_write_bytes: 909312

[2019-07-09T02:05:08-07:00]
rchar: 296894115274
wchar: 139887704566
syscr: 35945189
syscw: 4382158
read_bytes: 80259162624
write_bytes: 140084801536
cancelled_write_bytes: 909312

[2019-07-09T02:05:11-07:00]
rchar: 297061302265
wchar: 140158412372
syscr: 35965456
syscw: 4383512
read_bytes: 80267588096
write_bytes: 140355952640
cancelled_write_bytes: 909312

[2019-07-09T02:05:14-07:00]
rchar: 297550548570
wchar: 140485869108
syscr: 36024661
syscw: 4389443
read_bytes: 80309432832
write_bytes: 140683919360
cancelled_write_bytes: 925696

[2019-07-09T02:05:17-07:00]
rchar: 298872176366
wchar: 140813888408
syscr: 36184894
syscw: 4418114
read_bytes: 80575447552
write_bytes: 141012303872
cancelled_write_bytes: 925696

[2019-07-09T02:05:20-07:00]
rchar: 299987213917
wchar: 141118547726
syscr: 36320088
syscw: 4442400
read_bytes: 80788312576
write_bytes: 141317300224
cancelled_write_bytes: 937984

[2019-07-09T02:05:23-07:00]
rchar: 300333179470
wchar: 141346425838
syscr: 36361952
syscw: 4449717
read_bytes: 80858903040
write_bytes: 141545541632
cancelled_write_bytes: 950272

[2019-07-09T02:05:26-07:00]
rchar: 301774419024
wchar: 141609469345
syscr: 36536691
syscw: 4476539
read_bytes: 81147036160
write_bytes: 141808824320
cancelled_write_bytes: 950272

[2019-07-09T02:05:29-07:00]
rchar: 303044713528
wchar: 141916327368
syscr: 36690690
syscw: 4497811
read_bytes: 81335480832
write_bytes: 142116040704
cancelled_write_bytes: 950272

[2019-07-09T02:05:32-07:00]
rchar: 303609515933
wchar: 142206498010
syscr: 36759168
syscw: 4507611
read_bytes: 81426072064
write_bytes: 142406643712
cancelled_write_bytes: 950272

[2019-07-09T02:05:35-07:00]
rchar: 304414623230
wchar: 142656962741
syscr: 36856661
syscw: 4513818
read_bytes: 81491067392
write_bytes: 142857785344
cancelled_write_bytes: 958464

[2019-07-09T02:05:38-07:00]
rchar: 305459478815
wchar: 143027018964
syscr: 36983319
syscw: 4525653
read_bytes: 81650209280
write_bytes: 143228346368
cancelled_write_bytes: 958464

[2019-07-09T02:05:41-07:00]
rchar: 306553136557
wchar: 143516041499
syscr: 37115909
syscw: 4536374
read_bytes: 81965355520
write_bytes: 143718031360
cancelled_write_bytes: 958464

[2019-07-09T02:05:44-07:00]
rchar: 307360386120
wchar: 143836163535
syscr: 37213771
syscw: 4545419
read_bytes: 82213179904
write_bytes: 144038592512
cancelled_write_bytes: 962560

[2019-07-09T02:05:47-07:00]
rchar: 308281351256
wchar: 144256138623
syscr: 37325400
syscw: 4554516
read_bytes: 82552103424
write_bytes: 144459145216
cancelled_write_bytes: 962560

[2019-07-09T02:05:50-07:00]
rchar: 308904950835
wchar: 144679829960
syscr: 37401026
syscw: 4558021
read_bytes: 82693517824
write_bytes: 144883490816
cancelled_write_bytes: 962560

[2019-07-09T02:05:53-07:00]
rchar: 309414599307
wchar: 145112493305
syscr: 37462592
syscw: 4559371
read_bytes: 82745225728
write_bytes: 145316868096
cancelled_write_bytes: 962560

[2019-07-09T02:05:56-07:00]
rchar: 309954455727
wchar: 145563779114
syscr: 37527906
syscw: 4561013
read_bytes: 82810958336
write_bytes: 145768878080
cancelled_write_bytes: 962560

[2019-07-09T02:05:59-07:00]
rchar: 310250977393
wchar: 145797320187
syscr: 37563724
syscw: 4562285
read_bytes: 82876117504
write_bytes: 146002825216
cancelled_write_bytes: 962560

[2019-07-09T02:06:02-07:00]
rchar: 310760786002
wchar: 146171222755
syscr: 37625509
syscw: 4567293
read_bytes: 83165889024
write_bytes: 146377256960
cancelled_write_bytes: 962560

[2019-07-09T02:06:05-07:00]
rchar: 311116993049
wchar: 146415050346
syscr: 37668682
syscw: 4571276
read_bytes: 83392180736
write_bytes: 146621415424
cancelled_write_bytes: 962560

[2019-07-09T02:06:08-07:00]
rchar: 311423953676
wchar: 146753690779
syscr: 37705872
syscw: 4574798
read_bytes: 83584901632
write_bytes: 146960617472
cancelled_write_bytes: 962560

[2019-07-09T02:06:11-07:00]
rchar: 311732604004
wchar: 146986987240
syscr: 37743202
syscw: 4577980
read_bytes: 83759878656
write_bytes: 147194257408
cancelled_write_bytes: 970752

[2019-07-09T02:06:14-07:00]
rchar: 312332158993
wchar: 147348223049
syscr: 37815868
syscw: 4583990
read_bytes: 84092875264
write_bytes: 147556007936
cancelled_write_bytes: 970752

[2019-07-09T02:06:17-07:00]
rchar: 312816437610
wchar: 147630233819
syscr: 37874567
syscw: 4589267
read_bytes: 84350951936
write_bytes: 147838414848
cancelled_write_bytes: 970752

[2019-07-09T02:06:20-07:00]
rchar: 313371643137
wchar: 147949252893
syscr: 37941863
syscw: 4595380
read_bytes: 84646556160
write_bytes: 148157890560
cancelled_write_bytes: 970752

[2019-07-09T02:06:23-07:00]
rchar: 314014815621
wchar: 148346063035
syscr: 38019818
syscw: 4602175
read_bytes: 84965892608
write_bytes: 148555231232
cancelled_write_bytes: 970752

[2019-07-09T02:06:26-07:00]
rchar: 314520019307
wchar: 148625986592
syscr: 38081039
syscw: 4608456
read_bytes: 85225169408
write_bytes: 148835557376
cancelled_write_bytes: 970752

[2019-07-09T02:06:29-07:00]
rchar: 315273351897
wchar: 149039018519
syscr: 38172360
syscw: 4618089
read_bytes: 85607748096
write_bytes: 149249150976
cancelled_write_bytes: 970752

[2019-07-09T02:06:32-07:00]
rchar: 315867749555
wchar: 149352008141
syscr: 38244393
syscw: 4625716
read_bytes: 85906944512
write_bytes: 149562560512
cancelled_write_bytes: 970752

[2019-07-09T02:06:35-07:00]
rchar: 316705121702
wchar: 149813889517
syscr: 38345909
syscw: 4635946
read_bytes: 86348923392
write_bytes: 150025056256
cancelled_write_bytes: 970752

[2019-07-09T02:06:38-07:00]
rchar: 317183768729
wchar: 150072865341
syscr: 38403924
syscw: 4642129
read_bytes: 86602875392
write_bytes: 150284394496
cancelled_write_bytes: 970752

[2019-07-09T02:06:41-07:00]
rchar: 317577319041
wchar: 150430257255
syscr: 38451538
syscw: 4646871
read_bytes: 86790521344
write_bytes: 150642348032
cancelled_write_bytes: 978944

[2019-07-09T02:06:44-07:00]
rchar: 318380695655
wchar: 150823672305
syscr: 38548918
syscw: 4655646
read_bytes: 87169360384
write_bytes: 151036309504
cancelled_write_bytes: 978944

[2019-07-09T02:06:47-07:00]
rchar: 318992738793
wchar: 151128674659
syscr: 38623111
syscw: 4662137
read_bytes: 87464780288
write_bytes: 151341715456
cancelled_write_bytes: 978944

[2019-07-09T02:06:50-07:00]
rchar: 319673916868
wchar: 151469622722
syscr: 38705653
syscw: 4669633
read_bytes: 87806071296
write_bytes: 151683149824
cancelled_write_bytes: 978944

[2019-07-09T02:06:53-07:00]
rchar: 320469864144
wchar: 151850775671
syscr: 38802130
syscw: 4678768
read_bytes: 88193118720
write_bytes: 152064835584
cancelled_write_bytes: 978944

[2019-07-09T02:06:56-07:00]
rchar: 321136783020
wchar: 152163174541
syscr: 38882980
syscw: 4686801
read_bytes: 88515277312
write_bytes: 152377638912
cancelled_write_bytes: 978944

[2019-07-09T02:06:59-07:00]
rchar: 321805499295
wchar: 152452129901
syscr: 38964032
syscw: 4695498
read_bytes: 88821330432
write_bytes: 152666988544
cancelled_write_bytes: 978944

[2019-07-09T02:07:02-07:00]
rchar: 322657345328
wchar: 152703712798
syscr: 39067297
syscw: 4709489
read_bytes: 89133249024
write_bytes: 152918896640
cancelled_write_bytes: 978944

[2019-07-09T02:07:05-07:00]
rchar: 322819374008
wchar: 152892245801
syscr: 39086863
syscw: 4712518
read_bytes: 89164792320
write_bytes: 153107755008
cancelled_write_bytes: 987136

[2019-07-09T02:07:09-07:00]
rchar: 324581443732
wchar: 153201589485
syscr: 39300489
syscw: 4737445
read_bytes: 89529627136
write_bytes: 153417424896
cancelled_write_bytes: 987136

[2019-07-09T02:07:12-07:00]
rchar: 326061730076
wchar: 153447051434
syscr: 39479964
syscw: 4758912
read_bytes: 89809936896
write_bytes: 153663127552
cancelled_write_bytes: 987136

[2019-07-09T02:07:15-07:00]
rchar: 327005837468
wchar: 153745981576
syscr: 39594426
syscw: 4771853
read_bytes: 90009088512
write_bytes: 153962500096
cancelled_write_bytes: 987136

[2019-07-09T02:07:18-07:00]
rchar: 327536716685
wchar: 154210534843
syscr: 39658719
syscw: 4773434
read_bytes: 90039165440
write_bytes: 154427854848
cancelled_write_bytes: 995328

[2019-07-09T02:07:21-07:00]
rchar: 327985162235
wchar: 154552803801
syscr: 39712774
syscw: 4775730
read_bytes: 90091438592
write_bytes: 154770673664
cancelled_write_bytes: 995328

[2019-07-09T02:07:24-07:00]
rchar: 328646781501
wchar: 154923734354
syscr: 39792983
syscw: 4784707
read_bytes: 90330513920
write_bytes: 155142127616
cancelled_write_bytes: 995328

[2019-07-09T02:07:27-07:00]
rchar: 329264457552
wchar: 155277962342
syscr: 39867841
syscw: 4792747
read_bytes: 90527810048
write_bytes: 155496861696
cancelled_write_bytes: 995328

[2019-07-09T02:07:30-07:00]
rchar: 329935046784
wchar: 155659067660
syscr: 39949104
syscw: 4801937
read_bytes: 90779427328
write_bytes: 155878518784
cancelled_write_bytes: 995328

[2019-07-09T02:07:33-07:00]
rchar: 330520698389
wchar: 156004404209
syscr: 40020082
syscw: 4809646
read_bytes: 90938208768
write_bytes: 156224364544
cancelled_write_bytes: 995328

[2019-07-09T02:07:36-07:00]
rchar: 331245292085
wchar: 156410631931
syscr: 40107913
syscw: 4819533
read_bytes: 91193868800
write_bytes: 156631142400
cancelled_write_bytes: 995328

[2019-07-09T02:07:39-07:00]
rchar: 332021308455
wchar: 156827371753
syscr: 40201958
syscw: 4830655
read_bytes: 91483386368
write_bytes: 157048467456
cancelled_write_bytes: 995328

[2019-07-09T02:07:42-07:00]
rchar: 332514777685
wchar: 157070557741
syscr: 40261771
syscw: 4838639
read_bytes: 91626942976
write_bytes: 157291995136
cancelled_write_bytes: 995328

[2019-07-09T02:07:45-07:00]
rchar: 332837577845
wchar: 157382932415
syscr: 40300825
syscw: 4843463
read_bytes: 91730371072
write_bytes: 157604913152
cancelled_write_bytes: 1003520

[2019-07-09T02:07:48-07:00]
rchar: 333692649534
wchar: 157727527975
syscr: 40404458
syscw: 4855782
read_bytes: 91972047360
write_bytes: 157949984768
cancelled_write_bytes: 1003520

[2019-07-09T02:07:51-07:00]
rchar: 334839867002
wchar: 158124686063
syscr: 40543519
syscw: 4873461
read_bytes: 92285964800
write_bytes: 158347673600
cancelled_write_bytes: 1003520

[2019-07-09T02:07:54-07:00]
rchar: 335757534617
wchar: 158439297221
syscr: 40654738
syscw: 4888791
read_bytes: 92423471616
write_bytes: 158662733824
cancelled_write_bytes: 1003520

[2019-07-09T02:07:57-07:00]
rchar: 336470477286
wchar: 158776528649
syscr: 40741028
syscw: 4898548
read_bytes: 92527149568
write_bytes: 159000481792
cancelled_write_bytes: 1003520

[2019-07-09T02:08:00-07:00]
rchar: 336787363339
wchar: 158925538904
syscr: 40779455
syscw: 4903399
read_bytes: 92578890240
write_bytes: 159149711360
cancelled_write_bytes: 1003520

[2019-07-09T02:08:03-07:00]
rchar: 337593369209
wchar: 159358315525
syscr: 40876985
syscw: 4913878
read_bytes: 92678865408
write_bytes: 159583170560
cancelled_write_bytes: 1011712

[2019-07-09T02:08:06-07:00]
rchar: 338754820801
wchar: 159792799090
syscr: 41017612
syscw: 4929684
read_bytes: 92828312064
write_bytes: 160018321408
cancelled_write_bytes: 1011712

[2019-07-09T02:08:09-07:00]
rchar: 339916575681
wchar: 160053187438
syscr: 41158465
syscw: 4955175
read_bytes: 93099348480
write_bytes: 160278958080
cancelled_write_bytes: 1011712

[2019-07-09T02:08:12-07:00]
rchar: 340351999138
wchar: 160160399320
syscr: 41211258
syscw: 4964190
read_bytes: 93196276224
write_bytes: 160386281472
cancelled_write_bytes: 1011712

[2019-07-09T02:08:15-07:00]
rchar: 341336354489
wchar: 160548304426
syscr: 41330516
syscw: 4979878
read_bytes: 93373346304
write_bytes: 160774754304
cancelled_write_bytes: 1019904

[2019-07-09T02:08:18-07:00]
rchar: 342514868889
wchar: 160911415415
syscr: 41473386
syscw: 4996949
read_bytes: 93542056448
write_bytes: 161138331648
cancelled_write_bytes: 1024000

[2019-07-09T02:08:21-07:00]
rchar: 343529906814
wchar: 161292357885
syscr: 41596421
syscw: 5011123
read_bytes: 93660733952
write_bytes: 161519763456
cancelled_write_bytes: 1024000

[2019-07-09T02:08:24-07:00]
rchar: 344137499611
wchar: 161446188466
syscr: 41670087
syscw: 5021855
read_bytes: 93785686528
write_bytes: 161673773056
cancelled_write_bytes: 1024000

[2019-07-09T02:08:27-07:00]
rchar: 344631901154
wchar: 161913066783
syscr: 41729930
syscw: 5024917
read_bytes: 93816738304
write_bytes: 162141392896
cancelled_write_bytes: 1036288

[2019-07-09T02:08:30-07:00]
rchar: 345078085328
wchar: 162255243227
syscr: 41784009
syscw: 5026888
read_bytes: 93837353472
write_bytes: 162484097024
cancelled_write_bytes: 1036288

[2019-07-09T02:08:33-07:00]
rchar: 346164092258
wchar: 162592741502
syscr: 41915650
syscw: 5040024
read_bytes: 94046548480
write_bytes: 162822057984
cancelled_write_bytes: 1036288

[2019-07-09T02:08:36-07:00]
rchar: 346817466264
wchar: 162968593450
syscr: 41994826
syscw: 5045009
read_bytes: 94089392640
write_bytes: 163198455808
cancelled_write_bytes: 1036288

[2019-07-09T02:08:39-07:00]
rchar: 348128983352
wchar: 163305186248
syscr: 42153811
syscw: 5061985
read_bytes: 94297731584
write_bytes: 163535474688
cancelled_write_bytes: 1036288

[2019-07-09T02:08:42-07:00]
rchar: 349645549878
wchar: 163617461088
syscr: 42337668
syscw: 5082827
read_bytes: 94523949568
write_bytes: 163848105984
cancelled_write_bytes: 1052672

[2019-07-09T02:08:45-07:00]
rchar: 350080569918
wchar: 164038851316
syscr: 42390302
syscw: 5084590
read_bytes: 94533759488
write_bytes: 164270202880
cancelled_write_bytes: 1052672

[2019-07-09T02:08:48-07:00]
rchar: 350564393039
wchar: 164511852767
syscr: 42448767
syscw: 5086833
read_bytes: 94546846208
write_bytes: 164744011776
cancelled_write_bytes: 1052672

[2019-07-09T02:08:51-07:00]
rchar: 351092308133
wchar: 164929564807
syscr: 42512661
syscw: 5088558
read_bytes: 94601146880
write_bytes: 165162401792
cancelled_write_bytes: 1060864

[2019-07-09T02:08:54-07:00]
rchar: 351427217759
wchar: 165187384304
syscr: 42553137
syscw: 5089791
read_bytes: 94651580928
write_bytes: 165420658688
cancelled_write_bytes: 1060864

[2019-07-09T02:08:57-07:00]
rchar: 351961385415
wchar: 165503112207
syscr: 42617915
syscw: 5095551
read_bytes: 94949069312
write_bytes: 165736792064
cancelled_write_bytes: 1060864

[2019-07-09T02:09:00-07:00]
rchar: 352517489639
wchar: 165828718865
syscr: 42685310
syscw: 5101457
read_bytes: 95249146368
write_bytes: 166062850048
cancelled_write_bytes: 1060864

[2019-07-09T02:09:03-07:00]
rchar: 353121478156
wchar: 166208870000
syscr: 42758511
syscw: 5107064
read_bytes: 95523258880
write_bytes: 166443544576
cancelled_write_bytes: 1060864

[2019-07-09T02:09:06-07:00]
rchar: 353644884656
wchar: 166510282342
syscr: 42821942
syscw: 5112647
read_bytes: 95801659904
write_bytes: 166746017792
cancelled_write_bytes: 1060864

[2019-07-09T02:09:09-07:00]
rchar: 354211345231
wchar: 166842169547
syscr: 42890606
syscw: 5118572
read_bytes: 96105644544
write_bytes: 167077711872
cancelled_write_bytes: 1060864

[2019-07-09T02:09:12-07:00]
rchar: 354721181625
wchar: 167142550082
syscr: 42952409
syscw: 5123741
read_bytes: 96386949632
write_bytes: 167378501632
cancelled_write_bytes: 1060864

[2019-07-09T02:09:15-07:00]
rchar: 355205242722
wchar: 167424507142
syscr: 43011069
syscw: 5128846
read_bytes: 96654004736
write_bytes: 167660867584
cancelled_write_bytes: 1060864

[2019-07-09T02:09:18-07:00]
rchar: 355703249742
wchar: 167726887076
syscr: 43071422
syscw: 5134076
read_bytes: 96900932096
write_bytes: 167963705344
cancelled_write_bytes: 1060864

[2019-07-09T02:09:21-07:00]
rchar: 356234176792
wchar: 168026909188
syscr: 43135782
syscw: 5140445
read_bytes: 97179767296
write_bytes: 168264126464
cancelled_write_bytes: 1060864

[2019-07-09T02:09:24-07:00]
rchar: 356820868413
wchar: 168341229128
syscr: 43206882
syscw: 5148096
read_bytes: 97486262784
write_bytes: 168578895872
cancelled_write_bytes: 1060864

[2019-07-09T02:09:27-07:00]
rchar: 357296573536
wchar: 168605639055
syscr: 43264548
syscw: 5154568
read_bytes: 97728233984
write_bytes: 168843677696
cancelled_write_bytes: 1060864

[2019-07-09T02:09:30-07:00]
rchar: 357669785024
wchar: 168912956292
syscr: 43309708
syscw: 5159561
read_bytes: 97893638656
write_bytes: 169151504384
cancelled_write_bytes: 1069056

[2019-07-09T02:09:33-07:00]
rchar: 358475848530
wchar: 169222122739
syscr: 43407418
syscw: 5170191
read_bytes: 98227098112
write_bytes: 169461067776
cancelled_write_bytes: 1069056

[2019-07-09T02:09:36-07:00]
rchar: 359293253728
wchar: 169552947861
syscr: 43506498
syscw: 5180990
read_bytes: 98578866688
write_bytes: 169792335872
cancelled_write_bytes: 1069056

[2019-07-09T02:09:39-07:00]
rchar: 360162833369
wchar: 169835231177
syscr: 43611906
syscw: 5193846
read_bytes: 98903949824
write_bytes: 170074972160
cancelled_write_bytes: 1069056

[2019-07-09T02:09:42-07:00]
rchar: 361247497147
wchar: 170109239392
syscr: 43743401
syscw: 5212202
read_bytes: 99245888000
write_bytes: 170349293568
cancelled_write_bytes: 1069056

[2019-07-09T02:09:45-07:00]
rchar: 361782987461
wchar: 170326059300
syscr: 43808326
syscw: 5221572
read_bytes: 99405017600
write_bytes: 170566410240
cancelled_write_bytes: 1069056

[2019-07-09T02:09:48-07:00]
rchar: 363132580040
wchar: 170623035840
syscr: 43971865
syscw: 5240581
read_bytes: 99735757312
write_bytes: 170863755264
cancelled_write_bytes: 1077248

[2019-07-09T02:09:51-07:00]
rchar: 364605721293
wchar: 170845609186
syscr: 44150476
syscw: 5261944
read_bytes: 99958383104
write_bytes: 171086540800
cancelled_write_bytes: 1077248

[2019-07-09T02:09:54-07:00]
rchar: 366013937572
wchar: 171076408363
syscr: 44321202
syscw: 5282920
read_bytes: 100228764160
write_bytes: 171317567488
cancelled_write_bytes: 1077248

[2019-07-09T02:09:57-07:00]
rchar: 366143045114
wchar: 171268186347
syscr: 44336782
syscw: 5284981
read_bytes: 100253749760
write_bytes: 171509682176
cancelled_write_bytes: 1077248

[2019-07-09T02:10:00-07:00]
rchar: 366841121409
wchar: 171837952902
syscr: 44421411
syscw: 5286822
read_bytes: 100289733120
write_bytes: 172080418816
cancelled_write_bytes: 1085440

[2019-07-09T02:10:03-07:00]
rchar: 367416812210
wchar: 172209923867
syscr: 44490883
syscw: 5292020
read_bytes: 100425269760
write_bytes: 172452954112
cancelled_write_bytes: 1085440

[2019-07-09T02:10:06-07:00]
rchar: 368204250365
wchar: 172657478907
syscr: 44586322
syscw: 5302112
read_bytes: 100668408320
write_bytes: 172901154816
cancelled_write_bytes: 1085440

[2019-07-09T02:10:09-07:00]
rchar: 368746499354
wchar: 172966884407
syscr: 44652043
syscw: 5309504
read_bytes: 100884390400
write_bytes: 173210996736
cancelled_write_bytes: 1085440

[2019-07-09T02:10:12-07:00]
rchar: 369458258916
wchar: 173381978137
syscr: 44738294
syscw: 5318928
read_bytes: 101179089408
write_bytes: 173626679296
cancelled_write_bytes: 1085440

[2019-07-09T02:10:15-07:00]
rchar: 370034224323
wchar: 173707595147
syscr: 44808103
syscw: 5326717
read_bytes: 101402776064
write_bytes: 173952757760
cancelled_write_bytes: 1085440

[2019-07-09T02:10:18-07:00]
rchar: 370697344155
wchar: 174084940089
syscr: 44888474
syscw: 5335928
read_bytes: 101623054848
write_bytes: 174330642432
cancelled_write_bytes: 1085440

[2019-07-09T02:10:21-07:00]
rchar: 371328317306
wchar: 174434239916
syscr: 44964949
syscw: 5344851
read_bytes: 101863789056
write_bytes: 174680436736
cancelled_write_bytes: 1085440

[2019-07-09T02:10:24-07:00]
rchar: 371535699669
wchar: 174707990898
syscr: 44990073
syscw: 5347947
read_bytes: 101951902208
write_bytes: 174954655744
cancelled_write_bytes: 1085440

[2019-07-09T02:10:27-07:00]
rchar: 372099456275
wchar: 174968073705
syscr: 45058349
syscw: 5355117
read_bytes: 102150881792
write_bytes: 175215104000
cancelled_write_bytes: 1093632

[2019-07-09T02:10:30-07:00]
rchar: 373139678240
wchar: 175435544077
syscr: 45184430
syscw: 5368681
read_bytes: 102478275072
write_bytes: 175683235840
cancelled_write_bytes: 1093632

[2019-07-09T02:10:33-07:00]
rchar: 373995763748
wchar: 175801181827
syscr: 45288216
syscw: 5380144
read_bytes: 102710833664
write_bytes: 176049364992
cancelled_write_bytes: 1093632

[2019-07-09T02:10:36-07:00]
rchar: 374732518374
wchar: 176083469318
syscr: 45377508
syscw: 5390923
read_bytes: 102911160832
write_bytes: 176332079104
cancelled_write_bytes: 1093632

[2019-07-09T02:10:39-07:00]
rchar: 375752221250
wchar: 176387300815
syscr: 45501129
syscw: 5408872
read_bytes: 103167955456
write_bytes: 176636297216
cancelled_write_bytes: 1093632

[2019-07-09T02:10:42-07:00]
rchar: 375922953949
wchar: 176590840278
syscr: 45521754
syscw: 5412470
read_bytes: 103217099264
write_bytes: 176840187904
cancelled_write_bytes: 1093632

[2019-07-09T02:10:45-07:00]
rchar: 376987468663
wchar: 176913082574
syscr: 45650789
syscw: 5426550
read_bytes: 103373808128
write_bytes: 177162858496
cancelled_write_bytes: 1101824

[2019-07-09T02:10:48-07:00]
rchar: 378028554208
wchar: 177347859654
syscr: 45776828
syscw: 5438635
read_bytes: 103497687552
write_bytes: 177598296064
cancelled_write_bytes: 1101824

[2019-07-09T02:10:51-07:00]
rchar: 378773656617
wchar: 177728238749
syscr: 45867048
syscw: 5445736
read_bytes: 103561130496
write_bytes: 177979285504
cancelled_write_bytes: 1101824

[2019-07-09T02:10:54-07:00]
rchar: 379897028620
wchar: 178083780547
syscr: 46003103
syscw: 5460961
read_bytes: 103704957440
write_bytes: 178335322112
cancelled_write_bytes: 1101824

[2019-07-09T02:10:57-07:00]
rchar: 380730336613
wchar: 178293007370
syscr: 46104056
syscw: 5473974
read_bytes: 103827046912
write_bytes: 178544824320
cancelled_write_bytes: 1101824

[2019-07-09T02:11:00-07:00]
rchar: 381320009221
wchar: 178604407475
syscr: 46175467
syscw: 5486049
read_bytes: 103957279232
write_bytes: 178856706048
cancelled_write_bytes: 1110016

[2019-07-09T02:11:03-07:00]
rchar: 382466705141
wchar: 178898661571
syscr: 46314497
syscw: 5510226
read_bytes: 104198447616
write_bytes: 179151446016
cancelled_write_bytes: 1110016

[2019-07-09T02:11:06-07:00]
rchar: 383189931641
wchar: 179224870945
syscr: 46402157
syscw: 5522310
read_bytes: 104308924928
write_bytes: 179477929984
cancelled_write_bytes: 1110016

[2019-07-09T02:11:09-07:00]
rchar: 383960734048
wchar: 179513389852
syscr: 46495601
syscw: 5535407
read_bytes: 104465338880
write_bytes: 179766824960
cancelled_write_bytes: 1114112

[2019-07-09T02:11:12-07:00]
rchar: 384256320364
wchar: 179919384269
syscr: 46531346
syscw: 5537288
read_bytes: 104477483520
write_bytes: 180173475840
cancelled_write_bytes: 1118208

[2019-07-09T02:11:15-07:00]
rchar: 384852103605
wchar: 180431385959
syscr: 46603558
syscw: 5539180
read_bytes: 104496550400
write_bytes: 180686245888
cancelled_write_bytes: 1126400

[2019-07-09T02:11:18-07:00]
rchar: 385341192161
wchar: 180849212457
syscr: 46662822
syscw: 5540851
read_bytes: 104514396672
write_bytes: 181104713728
cancelled_write_bytes: 1126400

[2019-07-09T02:11:21-07:00]
rchar: 385834714012
wchar: 181263446858
syscr: 46722620
syscw: 5542752
read_bytes: 104531902976
write_bytes: 181519577088
cancelled_write_bytes: 1126400

[2019-07-09T02:11:24-07:00]
rchar: 386297120340
wchar: 181659140521
syscr: 46778635
syscw: 5544315
read_bytes: 104547148288
write_bytes: 181915885568
cancelled_write_bytes: 1126400

[2019-07-09T02:11:27-07:00]
rchar: 386764863526
wchar: 182058990810
syscr: 46835312
syscw: 5545825
read_bytes: 104568787456
write_bytes: 182316351488
cancelled_write_bytes: 1126400

[2019-07-09T02:11:30-07:00]
rchar: 387218407323
wchar: 182414879762
syscr: 46890260
syscw: 5548171
read_bytes: 104607101440
write_bytes: 182672805888
cancelled_write_bytes: 1126400

[2019-07-09T02:11:33-07:00]
rchar: 387837395654
wchar: 182760409099
syscr: 46965274
syscw: 5554725
read_bytes: 104746738176
write_bytes: 183018852352
cancelled_write_bytes: 1126400

[2019-07-09T02:11:36-07:00]
rchar: 388347456258
wchar: 183211825890
syscr: 47027061
syscw: 5556235
read_bytes: 104777249280
write_bytes: 183470968832
cancelled_write_bytes: 1126400

[2019-07-09T02:11:39-07:00]
rchar: 388713221006
wchar: 183541110078
syscr: 47071379
syscw: 5557141
read_bytes: 104793010688
write_bytes: 183800778752
cancelled_write_bytes: 1126400

[2019-07-09T02:11:42-07:00]
rchar: 388769785201
wchar: 183594145372
syscr: 47078231
syscw: 5557260
read_bytes: 104796910080
write_bytes: 183853928448
cancelled_write_bytes: 1171456

[2019-07-09T02:11:45-07:00]
rchar: 388769785201
wchar: 183594145372
syscr: 47078231
syscw: 5557260
read_bytes: 104796910080
write_bytes: 183853928448
cancelled_write_bytes: 1171456

[2019-07-09T02:11:48-07:00]
rchar: 388769785201
wchar: 183594145372
syscr: 47078231
syscw: 5557260
read_bytes: 104796910080
write_bytes: 183853928448
cancelled_write_bytes: 1171456

[2019-07-09T02:11:51-07:00]
rchar: 388769785201
wchar: 183594145372
syscr: 47078231
syscw: 5557260
read_bytes: 104796910080
write_bytes: 183853928448
cancelled_write_bytes: 1171456

[2019-07-09T02:11:54-07:00]
rchar: 388769785201
wchar: 183594145372
syscr: 47078231
syscw: 5557260
read_bytes: 104796910080
write_bytes: 183853928448
cancelled_write_bytes: 1171456

[2019-07-09T02:11:57-07:00]
rchar: 388769785201
wchar: 183594145372
syscr: 47078231
syscw: 5557260
read_bytes: 104796910080
write_bytes: 183853928448
cancelled_write_bytes: 1171456

[2019-07-09T02:12:00-07:00]
rchar: 388769785201
wchar: 183594145372
syscr: 47078231
syscw: 5557260
read_bytes: 104796910080
write_bytes: 183853928448
cancelled_write_bytes: 1171456

[2019-07-09T02:12:03-07:00]
rchar: 388769785201
wchar: 183594145372
syscr: 47078231
syscw: 5557260
read_bytes: 104796910080
write_bytes: 183853928448
cancelled_write_bytes: 1171456

