Extracting RWBS and sectors to /tmp/ycsb-rocksdb/data/output_myworkloada/sectors.dat
Parsing results...

SECTOR_SIZE   RW   COUNT         RATIO (in R/W)   RATIO (Overall)
----------------------------------------------------------------------
1024          W    350649               73.898%           45.458%
256           R    210755               70.994%           27.322%
8             W    58213                12.268%            7.547%
1016          W    49125                10.353%            6.369%
512           R    32852                11.066%            4.259%
264           W    2644                  0.557%            0.343%
32            R    2352                  0.792%            0.305%
16            R    2296                  0.773%            0.298%
64            R    1915                  0.645%            0.248%
24            R    1860                  0.627%            0.241%
240           R    1858                  0.626%            0.241%
8             R    1763                  0.594%            0.229%
128           R    1745                  0.588%            0.226%
232           R    1696                  0.571%            0.220%
224           R    1611                  0.543%            0.209%
192           R    1591                  0.536%            0.206%
40            R    1582                  0.533%            0.205%
48            R    1497                  0.504%            0.194%
56            R    1484                  0.500%            0.192%
216           R    1482                  0.499%            0.192%
208           R    1476                  0.497%            0.191%
200           R    1433                  0.483%            0.186%
176           R    1431                  0.482%            0.186%
152           R    1420                  0.478%            0.184%
248           R    1409                  0.475%            0.183%
168           R    1393                  0.469%            0.181%
184           R    1379                  0.465%            0.179%
136           R    1368                  0.461%            0.177%
160           R    1363                  0.459%            0.177%
112           R    1327                  0.447%            0.172%
104           R    1314                  0.443%            0.170%
144           R    1310                  0.441%            0.170%
72            R    1302                  0.439%            0.169%
96            R    1287                  0.434%            0.167%
80            R    1271                  0.428%            0.165%
120           R    1253                  0.422%            0.162%
88            R    1250                  0.421%            0.162%
120           W    988                   0.208%            0.128%
32            W    663                   0.140%            0.086%
24            W    588                   0.124%            0.076%
16            W    586                   0.123%            0.076%
456           W    457                   0.096%            0.059%
488           R    398                   0.134%            0.052%
128           W    398                   0.084%            0.052%
480           R    359                   0.121%            0.047%
48            W    357                   0.075%            0.046%
496           R    341                   0.115%            0.044%
112           W    317                   0.067%            0.041%
472           R    301                   0.101%            0.039%
448           R    299                   0.101%            0.039%
456           R    288                   0.097%            0.037%
768           W    281                   0.059%            0.036%
464           R    272                   0.092%            0.035%
40            W    272                   0.057%            0.035%
416           W    265                   0.056%            0.034%
784           W    262                   0.055%            0.034%
88            W    259                   0.055%            0.034%
968           W    258                   0.054%            0.033%
304           R    253                   0.085%            0.033%
896           W    245                   0.052%            0.032%
928           W    234                   0.049%            0.030%
984           W    226                   0.048%            0.029%
904           W    209                   0.044%            0.027%
344           R    208                   0.070%            0.027%
272           R    207                   0.070%            0.027%
296           R    205                   0.069%            0.027%
312           R    204                   0.069%            0.026%
384           R    203                   0.068%            0.026%
360           W    197                   0.042%            0.026%
280           R    197                   0.066%            0.026%
320           R    190                   0.064%            0.025%
336           R    189                   0.064%            0.025%
408           W    182                   0.038%            0.024%
328           R    181                   0.061%            0.023%
200           W    165                   0.035%            0.021%
288           R    163                   0.055%            0.021%
264           R    162                   0.055%            0.021%
352           W    160                   0.034%            0.021%
368           W    156                   0.033%            0.020%
352           R    150                   0.051%            0.019%
192           W    148                   0.031%            0.019%
64            W    143                   0.030%            0.019%
816           W    133                   0.028%            0.017%
824           W    125                   0.026%            0.016%
464           W    123                   0.026%            0.016%
344           W    108                   0.023%            0.014%
312           W    101                   0.021%            0.013%
440           R    100                   0.034%            0.013%
3             W    95                    0.020%            0.012%
136           W    89                    0.019%            0.012%
104           W    89                    0.019%            0.012%
80            W    88                    0.019%            0.011%
376           W    87                    0.018%            0.011%
30            W    85                    0.018%            0.011%
216           W    84                    0.018%            0.011%
432           R    83                    0.028%            0.011%
224           W    81                    0.017%            0.011%
26            W    78                    0.016%            0.010%
96            W    77                    0.016%            0.010%
19            W    77                    0.016%            0.010%
10            W    77                    0.016%            0.010%
360           R    76                    0.026%            0.010%
320           W    73                    0.015%            0.009%
152           W    72                    0.015%            0.009%
376           R    71                    0.024%            0.009%
23            W    71                    0.015%            0.009%
56            W    68                    0.014%            0.009%
11            W    68                    0.014%            0.009%
424           R    66                    0.022%            0.009%
400           R    65                    0.022%            0.008%
368           R    65                    0.022%            0.008%
20            W    65                    0.014%            0.008%
18            W    65                    0.014%            0.008%
728           W    64                    0.013%            0.008%
5             W    64                    0.013%            0.008%
408           R    64                    0.022%            0.008%
2             W    64                    0.013%            0.008%
13            W    64                    0.013%            0.008%
9             W    63                    0.013%            0.008%
648           W    62                    0.013%            0.008%
392           R    62                    0.021%            0.008%
416           R    61                    0.021%            0.008%
1             W    61                    0.013%            0.008%
17            W    61                    0.013%            0.008%
144           W    61                    0.013%            0.008%
4             W    58                    0.012%            0.008%
22            W    58                    0.012%            0.008%
272           W    57                    0.012%            0.007%
528           W    55                    0.012%            0.007%
208           W    55                    0.012%            0.007%
328           W    52                    0.011%            0.007%
6             W    51                    0.011%            0.007%
25            W    51                    0.011%            0.007%
14            W    51                    0.011%            0.007%
12            W    51                    0.011%            0.007%
736           W    50                    0.011%            0.006%
384           W    50                    0.011%            0.006%
27            W    50                    0.011%            0.006%
72            W    49                    0.010%            0.006%
176           W    48                    0.010%            0.006%
560           W    47                    0.010%            0.006%
888           W    46                    0.010%            0.006%
840           W    46                    0.010%            0.006%
504           R    46                    0.015%            0.006%
232           W    46                    0.010%            0.006%
936           W    45                    0.009%            0.006%
304           W    45                    0.009%            0.006%
21            W    45                    0.009%            0.006%
552           W    44                    0.009%            0.006%
448           W    44                    0.009%            0.006%
336           W    44                    0.009%            0.006%
992           W    43                    0.009%            0.006%
512           W    43                    0.009%            0.006%
296           W    43                    0.009%            0.006%
280           W    43                    0.009%            0.006%
864           W    41                    0.009%            0.005%
7             W    41                    0.009%            0.005%
472           W    41                    0.009%            0.005%
248           W    40                    0.008%            0.005%
424           W    39                    0.008%            0.005%
392           W    39                    0.008%            0.005%
920           W    38                    0.008%            0.005%
400           W    37                    0.008%            0.005%
28            W    36                    0.008%            0.005%
792           W    34                    0.007%            0.004%
160           W    34                    0.007%            0.004%
15            W    34                    0.007%            0.004%
184           W    33                    0.007%            0.004%
168           W    32                    0.007%            0.004%
440           W    31                    0.007%            0.004%
976           W    30                    0.006%            0.004%
568           W    30                    0.006%            0.004%
536           W    30                    0.006%            0.004%
504           W    30                    0.006%            0.004%
656           W    29                    0.006%            0.004%
592           W    29                    0.006%            0.004%
520           W    29                    0.006%            0.004%
488           W    29                    0.006%            0.004%
288           W    29                    0.006%            0.004%
240           W    28                    0.006%            0.004%
1000          W    28                    0.006%            0.004%
952           W    27                    0.006%            0.004%
584           W    27                    0.006%            0.004%
576           W    27                    0.006%            0.004%
640           W    26                    0.005%            0.003%
544           W    26                    0.005%            0.003%
256           W    26                    0.005%            0.003%
800           W    25                    0.005%            0.003%
37            W    25                    0.005%            0.003%
912           W    24                    0.005%            0.003%
872           W    24                    0.005%            0.003%
848           W    24                    0.005%            0.003%
832           W    24                    0.005%            0.003%
632           W    24                    0.005%            0.003%
752           W    23                    0.005%            0.003%
624           W    23                    0.005%            0.003%
776           W    22                    0.005%            0.003%
672           W    22                    0.005%            0.003%
720           W    21                    0.004%            0.003%
39            W    21                    0.004%            0.003%
696           W    20                    0.004%            0.003%
35            W    20                    0.004%            0.003%
744           W    19                    0.004%            0.002%
608           W    19                    0.004%            0.002%
600           W    19                    0.004%            0.002%
496           W    19                    0.004%            0.002%
480           W    19                    0.004%            0.002%
712           W    18                    0.004%            0.002%
880           W    17                    0.004%            0.002%
808           W    17                    0.004%            0.002%
704           W    16                    0.003%            0.002%
29            W    16                    0.003%            0.002%
760           W    15                    0.003%            0.002%
41            W    15                    0.003%            0.002%
31            W    15                    0.003%            0.002%
1008          W    15                    0.003%            0.002%
664           W    14                    0.003%            0.002%
960           W    13                    0.003%            0.002%
688           W    13                    0.003%            0.002%
432           W    13                    0.003%            0.002%
34            W    12                    0.003%            0.002%
33            W    12                    0.003%            0.002%
680           W    11                    0.002%            0.001%
616           W    11                    0.002%            0.001%
36            W    10                    0.002%            0.001%
42            W    9                     0.002%            0.001%
38            W    9                     0.002%            0.001%
856           W    8                     0.002%            0.001%
1             R    8                     0.003%            0.001%
944           W    7                     0.001%            0.001%
43            W    7                     0.001%            0.001%
62            W    5                     0.001%            0.001%
45            W    5                     0.001%            0.001%
44            W    5                     0.001%            0.001%
57            W    3                     0.001%            0.000%
55            W    3                     0.001%            0.000%
54            W    3                     0.001%            0.000%
53            W    3                     0.001%            0.000%
46            W    3                     0.001%            0.000%
63            W    2                     0.000%            0.000%
52            W    2                     0.000%            0.000%
50            W    2                     0.000%            0.000%
49            W    2                     0.000%            0.000%
47            W    2                     0.000%            0.000%
60            W    1                     0.000%            0.000%
59            W    1                     0.000%            0.000%
51            W    1                     0.000%            0.000%


SUMMARY (512-byte sectors)
----------------------------------------------------------------------
Total read I/Os : 296862         [ 38.485%]
Total write I/Os: 474503         [ 61.515%]
Total read sectors : 78858560    [ 15.982%,   38505.156MB]
Total write sectors: 414569974   [ 84.018%,  202426.745MB]
