Extracting RWBS and sectors to /tmp/ycsb-rocksdb/data/output_myworkloada/sectors.dat
Parsing results...

SECTOR_SIZE   RW   COUNT         RATIO (in R/W)   RATIO (Overall)
----------------------------------------------------------------------
24            R    1388955              45.493%           40.022%
16            R    670258               21.953%           19.313%
8             R    529674               17.349%           15.262%
1024          W    304338               72.916%            8.769%
40            R    102726                3.365%            2.960%
56            R    62781                 2.056%            1.809%
32            R    61564                 2.016%            1.774%
8             W    60964                14.606%            1.757%
1016          W    44435                10.646%            1.280%
72            R    41697                 1.366%            1.201%
88            R    28395                 0.930%            0.818%
104           R    20387                 0.668%            0.587%
48            R    18706                 0.613%            0.539%
64            R    14821                 0.485%            0.427%
120           R    14728                 0.482%            0.424%
256           R    11788                 0.386%            0.340%
136           R    10145                 0.332%            0.292%
80            R    9915                  0.325%            0.286%
96            R    7950                  0.260%            0.229%
152           R    7457                  0.244%            0.215%
112           R    6238                  0.204%            0.180%
168           R    5413                  0.177%            0.156%
128           R    5356                  0.175%            0.154%
184           R    4117                  0.135%            0.119%
144           R    3919                  0.128%            0.113%
160           R    3198                  0.105%            0.092%
200           R    3063                  0.100%            0.088%
216           R    2800                  0.092%            0.081%
192           R    2642                  0.087%            0.076%
176           R    2447                  0.080%            0.071%
208           R    1832                  0.060%            0.053%
232           R    1830                  0.060%            0.053%
240           R    1485                  0.049%            0.043%
224           R    1350                  0.044%            0.039%
248           R    1336                  0.044%            0.038%
408           W    659                   0.158%            0.019%
416           W    550                   0.132%            0.016%
264           R    495                   0.016%            0.014%
280           R    373                   0.012%            0.011%
512           R    312                   0.010%            0.009%
64            W    288                   0.069%            0.008%
296           R    287                   0.009%            0.008%
272           R    271                   0.009%            0.008%
312           R    264                   0.009%            0.008%
3             W    252                   0.060%            0.007%
288           R    226                   0.007%            0.007%
32            W    207                   0.050%            0.006%
304           R    195                   0.006%            0.006%
16            W    193                   0.046%            0.006%
328           R    191                   0.006%            0.006%
344           R    159                   0.005%            0.005%
13            W    157                   0.038%            0.005%
320           R    151                   0.005%            0.004%
26            W    150                   0.036%            0.004%
27            W    147                   0.035%            0.004%
25            W    139                   0.033%            0.004%
24            W    136                   0.033%            0.004%
96            W    134                   0.032%            0.004%
28            W    131                   0.031%            0.004%
128           W    131                   0.031%            0.004%
400           W    130                   0.031%            0.004%
30            W    129                   0.031%            0.004%
120           W    124                   0.030%            0.004%
744           W    122                   0.029%            0.004%
920           W    121                   0.029%            0.003%
904           W    119                   0.029%            0.003%
336           R    119                   0.004%            0.003%
360           R    118                   0.004%            0.003%
29            W    118                   0.028%            0.003%
896           W    116                   0.028%            0.003%
952           W    113                   0.027%            0.003%
112           W    113                   0.027%            0.003%
22            W    112                   0.027%            0.003%
384           R    111                   0.004%            0.003%
376           R    111                   0.004%            0.003%
4             W    107                   0.026%            0.003%
352           R    104                   0.003%            0.003%
23            W    101                   0.024%            0.003%
888           W    100                   0.024%            0.003%
31            W    94                    0.023%            0.003%
736           W    90                    0.022%            0.003%
392           R    83                    0.003%            0.002%
368           R    82                    0.003%            0.002%
1             W    80                    0.019%            0.002%
424           W    79                    0.019%            0.002%
21            W    77                    0.018%            0.002%
34            W    76                    0.018%            0.002%
33            W    69                    0.017%            0.002%
14            W    67                    0.016%            0.002%
712           W    63                    0.015%            0.002%
36            W    61                    0.015%            0.002%
400           R    57                    0.002%            0.002%
35            W    56                    0.013%            0.002%
424           R    55                    0.002%            0.002%
728           W    52                    0.012%            0.001%
6             W    51                    0.012%            0.001%
12            W    51                    0.012%            0.001%
416           R    50                    0.002%            0.001%
408           R    50                    0.002%            0.001%
37            W    49                    0.012%            0.001%
5             W    47                    0.011%            0.001%
15            W    45                    0.011%            0.001%
11            W    42                    0.010%            0.001%
456           R    41                    0.001%            0.001%
7             W    40                    0.010%            0.001%
752           W    39                    0.009%            0.001%
448           R    39                    0.001%            0.001%
10            W    39                    0.009%            0.001%
20            W    38                    0.009%            0.001%
9             W    36                    0.009%            0.001%
440           R    36                    0.001%            0.001%
392           W    34                    0.008%            0.001%
432           R    33                    0.001%            0.001%
48            W    31                    0.007%            0.001%
19            W    31                    0.007%            0.001%
39            W    29                    0.007%            0.001%
472           R    27                    0.001%            0.001%
432           W    27                    0.006%            0.001%
38            W    27                    0.006%            0.001%
17            W    27                    0.006%            0.001%
40            W    26                    0.006%            0.001%
2             W    26                    0.006%            0.001%
192           W    26                    0.006%            0.001%
18            W    24                    0.006%            0.001%
768           W    23                    0.006%            0.001%
464           R    23                    0.001%            0.001%
42            W    23                    0.006%            0.001%
304           W    23                    0.006%            0.001%
480           R    22                    0.001%            0.001%
41            W    22                    0.005%            0.001%
720           W    20                    0.005%            0.001%
248           W    19                    0.005%            0.001%
864           W    18                    0.004%            0.001%
160           W    18                    0.004%            0.001%
320           W    17                    0.004%            0.000%
136           W    17                    0.004%            0.000%
88            W    16                    0.004%            0.000%
856           W    16                    0.004%            0.000%
56            W    15                    0.004%            0.000%
240           W    15                    0.004%            0.000%
208           W    15                    0.004%            0.000%
968           W    14                    0.003%            0.000%
504           R    14                    0.000%            0.000%
488           R    14                    0.000%            0.000%
472           W    14                    0.003%            0.000%
256           W    14                    0.003%            0.000%
152           W    14                    0.003%            0.000%
104           W    14                    0.003%            0.000%
776           W    13                    0.003%            0.000%
552           W    13                    0.003%            0.000%
176           W    13                    0.003%            0.000%
1008          W    12                    0.003%            0.000%
72            W    11                    0.003%            0.000%
608           W    11                    0.003%            0.000%
496           R    11                    0.000%            0.000%
480           W    11                    0.003%            0.000%
43            W    11                    0.003%            0.000%
144           W    11                    0.003%            0.000%
1000          W    11                    0.003%            0.000%
848           W    10                    0.002%            0.000%
840           W    10                    0.002%            0.000%
816           W    10                    0.002%            0.000%
616           W    10                    0.002%            0.000%
592           W    10                    0.002%            0.000%
520           W    10                    0.002%            0.000%
46            W    10                    0.002%            0.000%
456           W    10                    0.002%            0.000%
376           W    10                    0.002%            0.000%
312           W    10                    0.002%            0.000%
264           W    10                    0.002%            0.000%
944           W    9                     0.002%            0.000%
808           W    9                     0.002%            0.000%
784           W    9                     0.002%            0.000%
568           W    9                     0.002%            0.000%
528           W    9                     0.002%            0.000%
50            W    9                     0.002%            0.000%
504           W    9                     0.002%            0.000%
496           W    9                     0.002%            0.000%
488           W    9                     0.002%            0.000%
47            W    9                     0.002%            0.000%
45            W    9                     0.002%            0.000%
44            W    9                     0.002%            0.000%
440           W    9                     0.002%            0.000%
352           W    9                     0.002%            0.000%
336           W    9                     0.002%            0.000%
1             R    9                     0.000%            0.000%
184           W    9                     0.002%            0.000%
976           W    8                     0.002%            0.000%
960           W    8                     0.002%            0.000%
928           W    8                     0.002%            0.000%
880           W    8                     0.002%            0.000%
832           W    8                     0.002%            0.000%
80            W    8                     0.002%            0.000%
800           W    8                     0.002%            0.000%
656           W    8                     0.002%            0.000%
640           W    8                     0.002%            0.000%
62            W    8                     0.002%            0.000%
624           W    8                     0.002%            0.000%
560           W    8                     0.002%            0.000%
328           W    8                     0.002%            0.000%
288           W    8                     0.002%            0.000%
872           W    7                     0.002%            0.000%
824           W    7                     0.002%            0.000%
760           W    7                     0.002%            0.000%
704           W    7                     0.002%            0.000%
696           W    7                     0.002%            0.000%
664           W    7                     0.002%            0.000%
59            W    7                     0.002%            0.000%
52            W    7                     0.002%            0.000%
464           W    7                     0.002%            0.000%
360           W    7                     0.002%            0.000%
344           W    7                     0.002%            0.000%
280           W    7                     0.002%            0.000%
232           W    7                     0.002%            0.000%
224           W    7                     0.002%            0.000%
992           W    6                     0.001%            0.000%
984           W    6                     0.001%            0.000%
792           W    6                     0.001%            0.000%
688           W    6                     0.001%            0.000%
680           W    6                     0.001%            0.000%
584           W    6                     0.001%            0.000%
57            W    6                     0.001%            0.000%
576           W    6                     0.001%            0.000%
54            W    6                     0.001%            0.000%
512           W    6                     0.001%            0.000%
49            W    6                     0.001%            0.000%
296           W    6                     0.001%            0.000%
200           W    6                     0.001%            0.000%
168           W    6                     0.001%            0.000%
936           W    5                     0.001%            0.000%
672           W    5                     0.001%            0.000%
648           W    5                     0.001%            0.000%
600           W    5                     0.001%            0.000%
58            W    5                     0.001%            0.000%
536           W    5                     0.001%            0.000%
448           W    5                     0.001%            0.000%
272           W    5                     0.001%            0.000%
912           W    4                     0.001%            0.000%
61            W    4                     0.001%            0.000%
544           W    4                     0.001%            0.000%
53            W    4                     0.001%            0.000%
384           W    4                     0.001%            0.000%
368           W    4                     0.001%            0.000%
216           W    4                     0.001%            0.000%
632           W    3                     0.001%            0.000%
60            W    3                     0.001%            0.000%
55            W    3                     0.001%            0.000%
51            W    3                     0.001%            0.000%
63            W    2                     0.000%            0.000%


SUMMARY (512-byte sectors)
----------------------------------------------------------------------
Total read I/Os : 3053106        [ 87.973%]
Total write I/Os: 417379         [ 12.027%]
Total read sectors : 85690777    [ 19.256%,   41841.200MB]
Total write sectors: 359306394   [ 80.744%,  175442.575MB]
