[2019-01-08T02:36:31-08:00]
rchar: 215623595
wchar: 138648133
syscr: 10818
syscw: 1462
read_bytes: 296165888
write_bytes: 138870784
cancelled_write_bytes: 0

[2019-01-08T02:36:34-08:00]
rchar: 603552178
wchar: 416457462
syscr: 47304
syscw: 16468
read_bytes: 754496512
write_bytes: 417001472
cancelled_write_bytes: 0

[2019-01-08T02:36:37-08:00]
rchar: 949670395
wchar: 632981927
syscr: 89263
syscw: 36439
read_bytes: 1182340096
write_bytes: 633774080
cancelled_write_bytes: 0

[2019-01-08T02:36:40-08:00]
rchar: 1329758947
wchar: 878063153
syscr: 135345
syscw: 58795
read_bytes: 1645216768
write_bytes: 879083520
cancelled_write_bytes: 0

[2019-01-08T02:36:43-08:00]
rchar: 1472982879
wchar: 1121576112
syscr: 152633
syscw: 66597
read_bytes: 1801700352
write_bytes: 1123008512
cancelled_write_bytes: 8192

[2019-01-08T02:36:46-08:00]
rchar: 2012927043
wchar: 1484740546
syscr: 217977
syscw: 76709
read_bytes: 1990038528
write_bytes: 1486700544
cancelled_write_bytes: 8192

[2019-01-08T02:36:49-08:00]
rchar: 2734674904
wchar: 1770810642
syscr: 305436
syscw: 102282
read_bytes: 2492691456
write_bytes: 1773051904
cancelled_write_bytes: 8192

[2019-01-08T02:36:52-08:00]
rchar: 3050773627
wchar: 2045169611
syscr: 343682
syscw: 105364
read_bytes: 2526979072
write_bytes: 2047897600
cancelled_write_bytes: 12288

[2019-01-08T02:36:55-08:00]
rchar: 3545288361
wchar: 2257661525
syscr: 403649
syscw: 129325
read_bytes: 2835055616
write_bytes: 2260611072
cancelled_write_bytes: 16384

[2019-01-08T02:36:58-08:00]
rchar: 4910289898
wchar: 2466119011
syscr: 569079
syscw: 171944
read_bytes: 3360130048
write_bytes: 2469163008
cancelled_write_bytes: 24576

[2019-01-08T02:37:01-08:00]
rchar: 5470902860
wchar: 2629165359
syscr: 637058
syscw: 189757
read_bytes: 3576787968
write_bytes: 2632380416
cancelled_write_bytes: 24576

[2019-01-08T02:37:04-08:00]
rchar: 5895761798
wchar: 3059427799
syscr: 688417
syscw: 191551
read_bytes: 3593647104
write_bytes: 3063373824
cancelled_write_bytes: 32768

[2019-01-08T02:37:07-08:00]
rchar: 6258027303
wchar: 3376023958
syscr: 732227
syscw: 192813
read_bytes: 3604358144
write_bytes: 3380477952
cancelled_write_bytes: 32768

[2019-01-08T02:37:10-08:00]
rchar: 6662628083
wchar: 3696125358
syscr: 781140
syscw: 196363
read_bytes: 3643274240
write_bytes: 3701092352
cancelled_write_bytes: 81920

[2019-01-08T02:37:13-08:00]
rchar: 7434168853
wchar: 3958793665
syscr: 874682
syscw: 226469
read_bytes: 4127233024
write_bytes: 3963985920
cancelled_write_bytes: 81920

[2019-01-08T02:37:16-08:00]
rchar: 8114289911
wchar: 4193795626
syscr: 957142
syscw: 253917
read_bytes: 4555654144
write_bytes: 4199190528
cancelled_write_bytes: 81920

[2019-01-08T02:37:19-08:00]
rchar: 8598248515
wchar: 4474140102
syscr: 1015737
syscw: 267362
read_bytes: 4762645504
write_bytes: 4479946752
cancelled_write_bytes: 94208

[2019-01-08T02:37:22-08:00]
rchar: 10023355211
wchar: 4805398617
syscr: 1188539
syscw: 307250
read_bytes: 5362381824
write_bytes: 4811481088
cancelled_write_bytes: 94208

[2019-01-08T02:37:25-08:00]
rchar: 10371974745
wchar: 5007462380
syscr: 1230805
syscw: 317137
read_bytes: 5512107008
write_bytes: 5013827584
cancelled_write_bytes: 94208

[2019-01-08T02:37:28-08:00]
rchar: 10992373708
wchar: 5214829297
syscr: 1305946
syscw: 329196
read_bytes: 5691704320
write_bytes: 5221462016
cancelled_write_bytes: 106496

[2019-01-08T02:37:31-08:00]
rchar: 12291142600
wchar: 5486877504
syscr: 1463403
syscw: 356199
read_bytes: 6085403648
write_bytes: 5493772288
cancelled_write_bytes: 106496

[2019-01-08T02:37:34-08:00]
rchar: 13357310089
wchar: 5704000425
syscr: 1592665
syscw: 378648
read_bytes: 6405911552
write_bytes: 5711093760
cancelled_write_bytes: 110592

[2019-01-08T02:37:37-08:00]
rchar: 13617989170
wchar: 5912285278
syscr: 1624193
syscw: 383518
read_bytes: 6477677568
write_bytes: 5919727616
cancelled_write_bytes: 122880

[2019-01-08T02:37:40-08:00]
rchar: 15557234902
wchar: 6187064907
syscr: 1859309
syscw: 417257
read_bytes: 6955439104
write_bytes: 6194716672
cancelled_write_bytes: 122880

[2019-01-08T02:37:43-08:00]
rchar: 17062014963
wchar: 6542986467
syscr: 2041748
syscw: 444502
read_bytes: 7327347712
write_bytes: 6551072768
cancelled_write_bytes: 122880

[2019-01-08T02:37:46-08:00]
rchar: 17613775102
wchar: 6992450708
syscr: 2108455
syscw: 446756
read_bytes: 7359235072
write_bytes: 7001604096
cancelled_write_bytes: 131072

[2019-01-08T02:37:49-08:00]
rchar: 18184286136
wchar: 7442557734
syscr: 2177453
syscw: 448595
read_bytes: 7391151104
write_bytes: 7452917760
cancelled_write_bytes: 131072

[2019-01-08T02:37:52-08:00]
rchar: 18659203338
wchar: 7776098011
syscr: 2234874
syscw: 451699
read_bytes: 7455777792
write_bytes: 7786246144
cancelled_write_bytes: 131072

[2019-01-08T02:37:55-08:00]
rchar: 19385005493
wchar: 8153412938
syscr: 2322850
syscw: 472081
read_bytes: 7916540928
write_bytes: 8164003840
cancelled_write_bytes: 131072

[2019-01-08T02:37:58-08:00]
rchar: 19914646549
wchar: 8456031582
syscr: 2387048
syscw: 485826
read_bytes: 8215712768
write_bytes: 8466993152
cancelled_write_bytes: 131072

[2019-01-08T02:38:01-08:00]
rchar: 20470309303
wchar: 8737127139
syscr: 2454409
syscw: 502938
read_bytes: 8521339904
write_bytes: 8748408832
cancelled_write_bytes: 131072

[2019-01-08T02:38:04-08:00]
rchar: 20645606141
wchar: 8978991718
syscr: 2475661
syscw: 508938
read_bytes: 8626144256
write_bytes: 8990650368
cancelled_write_bytes: 131072

[2019-01-08T02:38:07-08:00]
rchar: 21668649989
wchar: 9228649449
syscr: 2599610
syscw: 536168
read_bytes: 9002206208
write_bytes: 9240539136
cancelled_write_bytes: 139264

[2019-01-08T02:38:10-08:00]
rchar: 22943664791
wchar: 9581009800
syscr: 2754200
syscw: 569671
read_bytes: 9414632448
write_bytes: 9593278464
cancelled_write_bytes: 139264

[2019-01-08T02:38:13-08:00]
rchar: 23170678673
wchar: 9788856531
syscr: 2781647
syscw: 575021
read_bytes: 9480647680
write_bytes: 9801478144
cancelled_write_bytes: 151552

[2019-01-08T02:38:16-08:00]
rchar: 24734093315
wchar: 10073728794
syscr: 2971192
syscw: 607646
read_bytes: 9901188096
write_bytes: 10086588416
cancelled_write_bytes: 151552

[2019-01-08T02:38:19-08:00]
rchar: 25816483026
wchar: 10432887590
syscr: 3102433
syscw: 630755
read_bytes: 10194195456
write_bytes: 10446196736
cancelled_write_bytes: 151552

[2019-01-08T02:38:22-08:00]
rchar: 27624814261
wchar: 10696289832
syscr: 3321602
syscw: 660761
read_bytes: 10583532544
write_bytes: 10709827584
cancelled_write_bytes: 159744

[2019-01-08T02:38:25-08:00]
rchar: 29271903896
wchar: 10939575200
syscr: 3521297
syscw: 689091
read_bytes: 10937684992
write_bytes: 10953306112
cancelled_write_bytes: 159744

[2019-01-08T02:38:28-08:00]
rchar: 29687134581
wchar: 11374252889
syscr: 3571564
syscw: 691892
read_bytes: 10974578688
write_bytes: 11388743680
cancelled_write_bytes: 167936

[2019-01-08T02:38:31-08:00]
rchar: 30179001084
wchar: 11775965470
syscr: 3631200
syscw: 693243
read_bytes: 11007547392
write_bytes: 11791138816
cancelled_write_bytes: 167936

[2019-01-08T02:38:34-08:00]
rchar: 30668903908
wchar: 12062312036
syscr: 3690300
syscw: 700419
read_bytes: 11259729920
write_bytes: 12077858816
cancelled_write_bytes: 167936

[2019-01-08T02:38:37-08:00]
rchar: 31256975516
wchar: 12443842940
syscr: 3761555
syscw: 708493
read_bytes: 11534231552
write_bytes: 12459950080
cancelled_write_bytes: 167936

[2019-01-08T02:38:40-08:00]
rchar: 31930674788
wchar: 12842418574
syscr: 3843224
syscw: 719228
read_bytes: 11874441216
write_bytes: 12859080704
cancelled_write_bytes: 167936

[2019-01-08T02:38:43-08:00]
rchar: 32514609129
wchar: 13177826592
syscr: 3914013
syscw: 728811
read_bytes: 12134086656
write_bytes: 13194956800
cancelled_write_bytes: 167936

[2019-01-08T02:38:46-08:00]
rchar: 33103201757
wchar: 13503150253
syscr: 3985337
syscw: 739045
read_bytes: 12418009088
write_bytes: 13520736256
cancelled_write_bytes: 167936

[2019-01-08T02:38:49-08:00]
rchar: 33875115962
wchar: 13902733439
syscr: 4078938
syscw: 753703
read_bytes: 12760729600
write_bytes: 13920854016
cancelled_write_bytes: 167936

[2019-01-08T02:38:52-08:00]
rchar: 34034464202
wchar: 14126883616
syscr: 4098170
syscw: 757136
read_bytes: 12825180160
write_bytes: 14145392640
cancelled_write_bytes: 176128

[2019-01-08T02:38:55-08:00]
rchar: 35012052282
wchar: 14482161421
syscr: 4216683
syscw: 773511
read_bytes: 13128730624
write_bytes: 14501122048
cancelled_write_bytes: 176128

[2019-01-08T02:38:58-08:00]
rchar: 36122420845
wchar: 14780271986
syscr: 4351296
syscw: 795394
read_bytes: 13451679744
write_bytes: 14799552512
cancelled_write_bytes: 176128

[2019-01-08T02:39:02-08:00]
rchar: 37224075309
wchar: 15044283768
syscr: 4484856
syscw: 817897
read_bytes: 13758670848
write_bytes: 15063826432
cancelled_write_bytes: 176128

[2019-01-08T02:39:05-08:00]
rchar: 37359908617
wchar: 15239843419
syscr: 4501247
syscw: 820676
read_bytes: 13792475136
write_bytes: 15259729920
cancelled_write_bytes: 184320

[2019-01-08T02:39:08-08:00]
rchar: 39865174749
wchar: 15771064848
syscr: 4804993
syscw: 859557
read_bytes: 14185764864
write_bytes: 15791558656
cancelled_write_bytes: 184320

[2019-01-08T02:39:11-08:00]
rchar: 40364196895
wchar: 16174545758
syscr: 4865298
syscw: 861436
read_bytes: 14197397504
write_bytes: 16195702784
cancelled_write_bytes: 184320

[2019-01-08T02:39:14-08:00]
rchar: 40914493643
wchar: 16610221775
syscr: 4931816
syscw: 863555
read_bytes: 14211250176
write_bytes: 16632107008
cancelled_write_bytes: 184320

[2019-01-08T02:39:17-08:00]
rchar: 41235865652
wchar: 16826465877
syscr: 4970636
syscw: 866040
read_bytes: 14229051392
write_bytes: 16848732160
cancelled_write_bytes: 184320

[2019-01-08T02:39:20-08:00]
rchar: 41643385202
wchar: 17078909598
syscr: 5019982
syscw: 878821
read_bytes: 14367741952
write_bytes: 17101545472
cancelled_write_bytes: 192512

[2019-01-08T02:39:23-08:00]
rchar: 43466446648
wchar: 17424089665
syscr: 5241046
syscw: 922024
read_bytes: 14826665984
write_bytes: 17446993920
cancelled_write_bytes: 192512

[2019-01-08T02:39:26-08:00]
rchar: 43920109875
wchar: 17640605537
syscr: 5296038
syscw: 929021
read_bytes: 14893283328
write_bytes: 17663791104
cancelled_write_bytes: 192512

[2019-01-08T02:39:29-08:00]
rchar: 45364197024
wchar: 17992677165
syscr: 5471056
syscw: 956215
read_bytes: 15171753984
write_bytes: 18016276480
cancelled_write_bytes: 204800

[2019-01-08T02:39:32-08:00]
rchar: 46745217565
wchar: 18349491119
syscr: 5638488
syscw: 979052
read_bytes: 15391320064
write_bytes: 18374520832
cancelled_write_bytes: 204800

[2019-01-08T02:39:35-08:00]
rchar: 47280092612
wchar: 18591503049
syscr: 5703337
syscw: 989414
read_bytes: 15492610048
write_bytes: 18615881728
cancelled_write_bytes: 204800

[2019-01-08T02:39:38-08:00]
rchar: 47921035389
wchar: 19074428123
syscr: 5780945
syscw: 992736
read_bytes: 15537690624
write_bytes: 19099549696
cancelled_write_bytes: 217088

[2019-01-08T02:39:41-08:00]
rchar: 48316345084
wchar: 19367337608
syscr: 5828854
syscw: 994808
read_bytes: 15570987008
write_bytes: 19392884736
cancelled_write_bytes: 217088

[2019-01-08T02:39:44-08:00]
rchar: 49169223888
wchar: 19683411480
syscr: 5932243
syscw: 1005004
read_bytes: 15765178368
write_bytes: 19709394944
cancelled_write_bytes: 217088

[2019-01-08T02:39:47-08:00]
rchar: 50637870338
wchar: 20030788657
syscr: 6110279
syscw: 1026056
read_bytes: 16032299008
write_bytes: 20057223168
cancelled_write_bytes: 217088

[2019-01-08T02:39:50-08:00]
rchar: 51975065100
wchar: 20391217810
syscr: 6272403
syscw: 1046446
read_bytes: 16278538240
write_bytes: 20418109440
cancelled_write_bytes: 217088

[2019-01-08T02:39:53-08:00]
rchar: 52550964923
wchar: 20850814744
syscr: 6342152
syscw: 1048963
read_bytes: 16304633856
write_bytes: 20878450688
cancelled_write_bytes: 225280

[2019-01-08T02:39:56-08:00]
rchar: 53155531842
wchar: 21325068765
syscr: 6415440
syscw: 1050921
read_bytes: 16330205184
write_bytes: 21353488384
cancelled_write_bytes: 225280

[2019-01-08T02:39:59-08:00]
rchar: 53601842155
wchar: 21673855882
syscr: 6469239
syscw: 1052797
read_bytes: 16358549504
write_bytes: 21702840320
cancelled_write_bytes: 225280

[2019-01-08T02:40:02-08:00]
rchar: 54121295992
wchar: 22012860980
syscr: 6532180
syscw: 1058766
read_bytes: 16463509504
write_bytes: 22042345472
cancelled_write_bytes: 225280

[2019-01-08T02:40:05-08:00]
rchar: 55053365538
wchar: 22459238605
syscr: 6645151
syscw: 1075427
read_bytes: 16732604416
write_bytes: 22489317376
cancelled_write_bytes: 225280

[2019-01-08T02:40:08-08:00]
rchar: 55995389172
wchar: 22873834977
syscr: 6759346
syscw: 1093265
read_bytes: 16923940864
write_bytes: 22904442880
cancelled_write_bytes: 225280

[2019-01-08T02:40:11-08:00]
rchar: 56666402280
wchar: 23108213670
syscr: 6840702
syscw: 1108231
read_bytes: 17056339968
write_bytes: 23139078144
cancelled_write_bytes: 225280

[2019-01-08T02:40:14-08:00]
rchar: 57226205352
wchar: 23743674975
syscr: 6908518
syscw: 1110920
read_bytes: 17101117440
write_bytes: 23775551488
cancelled_write_bytes: 233472

[2019-01-08T02:40:17-08:00]
rchar: 57534062317
wchar: 24005104223
syscr: 6945746
syscw: 1112179
read_bytes: 17149769728
write_bytes: 24037408768
cancelled_write_bytes: 233472

[2019-01-08T02:40:20-08:00]
rchar: 58096205001
wchar: 24467479963
syscr: 7013770
syscw: 1114538
read_bytes: 17244534784
write_bytes: 24501190656
cancelled_write_bytes: 233472

[2019-01-08T02:40:23-08:00]
rchar: 58394356597
wchar: 24717521487
syscr: 7049888
syscw: 1115796
read_bytes: 17299593216
write_bytes: 24750911488
cancelled_write_bytes: 233472

[2019-01-08T02:40:26-08:00]
rchar: 58837149535
wchar: 25065693416
syscr: 7103476
syscw: 1117981
read_bytes: 17394407424
write_bytes: 25099628544
cancelled_write_bytes: 233472

[2019-01-08T02:40:29-08:00]
rchar: 59210669464
wchar: 25375565901
syscr: 7148639
syscw: 1119633
read_bytes: 17461721088
write_bytes: 25410015232
cancelled_write_bytes: 233472

[2019-01-08T02:40:32-08:00]
rchar: 59586245687
wchar: 25642288752
syscr: 7194135
syscw: 1123448
read_bytes: 17632307200
write_bytes: 25677135872
cancelled_write_bytes: 233472

[2019-01-08T02:40:35-08:00]
rchar: 60144302288
wchar: 26051209805
syscr: 7261771
syscw: 1129820
read_bytes: 17911994368
write_bytes: 26087227392
cancelled_write_bytes: 233472

[2019-01-08T02:40:38-08:00]
rchar: 60558497044
wchar: 26340569076
syscr: 7311956
syscw: 1135145
read_bytes: 18162509824
write_bytes: 26376396800
cancelled_write_bytes: 233472

[2019-01-08T02:40:41-08:00]
rchar: 60974692111
wchar: 26629433523
syscr: 7362406
syscw: 1140224
read_bytes: 18419308544
write_bytes: 26665644032
cancelled_write_bytes: 237568

[2019-01-08T02:40:44-08:00]
rchar: 61421277282
wchar: 26945080154
syscr: 7416540
syscw: 1145744
read_bytes: 18700347392
write_bytes: 26981724160
cancelled_write_bytes: 237568

[2019-01-08T02:40:47-08:00]
rchar: 61788372024
wchar: 27220478607
syscr: 7461012
syscw: 1149872
read_bytes: 18932512768
write_bytes: 27257520128
cancelled_write_bytes: 237568

[2019-01-08T02:40:50-08:00]
rchar: 62323815977
wchar: 27632530175
syscr: 7525915
syscw: 1155225
read_bytes: 19250112512
write_bytes: 27670147072
cancelled_write_bytes: 237568

[2019-01-08T02:40:53-08:00]
rchar: 62706346716
wchar: 27921793112
syscr: 7572257
syscw: 1159154
read_bytes: 19519064064
write_bytes: 27959844864
cancelled_write_bytes: 237568

[2019-01-08T02:40:56-08:00]
rchar: 63137728248
wchar: 28244841524
syscr: 7624534
syscw: 1163763
read_bytes: 19820447744
write_bytes: 28283338752
cancelled_write_bytes: 237568

[2019-01-08T02:40:59-08:00]
rchar: 63521621557
wchar: 28540766546
syscr: 7671060
syscw: 1167479
read_bytes: 20088588288
write_bytes: 28579663872
cancelled_write_bytes: 237568

[2019-01-08T02:41:02-08:00]
rchar: 63912589882
wchar: 28835422834
syscr: 7718443
syscw: 1171617
read_bytes: 20363741184
write_bytes: 28874756096
cancelled_write_bytes: 241664

[2019-01-08T02:41:05-08:00]
rchar: 64239981680
wchar: 29086625636
syscr: 7758124
syscw: 1174989
read_bytes: 20584740864
write_bytes: 29126295552
cancelled_write_bytes: 241664

[2019-01-08T02:41:08-08:00]
rchar: 64511471949
wchar: 29306572456
syscr: 7791026
syscw: 1177268
read_bytes: 20734961664
write_bytes: 29346557952
cancelled_write_bytes: 241664

[2019-01-08T02:41:11-08:00]
rchar: 64692962411
wchar: 29615926211
syscr: 7813017
syscw: 1179225
read_bytes: 20843051008
write_bytes: 29656465408
cancelled_write_bytes: 241664

[2019-01-08T02:41:14-08:00]
rchar: 65136823967
wchar: 29904578777
syscr: 7866716
syscw: 1183707
read_bytes: 21083342848
write_bytes: 29945544704
cancelled_write_bytes: 245760

[2019-01-08T02:41:17-08:00]
rchar: 65577287486
wchar: 30182390575
syscr: 7920099
syscw: 1188571
read_bytes: 21318678528
write_bytes: 30223728640
cancelled_write_bytes: 245760

[2019-01-08T02:41:20-08:00]
rchar: 66015625253
wchar: 30442124348
syscr: 7973219
syscw: 1193822
read_bytes: 21568092160
write_bytes: 30484492288
cancelled_write_bytes: 245760

[2019-01-08T02:41:23-08:00]
rchar: 66554703179
wchar: 30755249319
syscr: 8038553
syscw: 1200535
read_bytes: 21874030592
write_bytes: 30798319616
cancelled_write_bytes: 245760

[2019-01-08T02:41:26-08:00]
rchar: 67151816130
wchar: 31088359918
syscr: 8110918
syscw: 1208456
read_bytes: 22209918976
write_bytes: 31130947584
cancelled_write_bytes: 245760

[2019-01-08T02:41:29-08:00]
rchar: 68103869154
wchar: 31433030857
syscr: 8226330
syscw: 1226762
read_bytes: 22575147008
write_bytes: 31476060160
cancelled_write_bytes: 245760

[2019-01-08T02:41:32-08:00]
rchar: 68705654091
wchar: 31561955749
syscr: 8299295
syscw: 1240802
read_bytes: 22780254208
write_bytes: 31605104640
cancelled_write_bytes: 245760

[2019-01-08T02:41:35-08:00]
rchar: 69325985914
wchar: 31816838683
syscr: 8374427
syscw: 1252668
read_bytes: 22940157952
write_bytes: 31860379648
cancelled_write_bytes: 253952

[2019-01-08T02:41:38-08:00]
rchar: 71279270265
wchar: 32262377128
syscr: 8611237
syscw: 1286245
read_bytes: 23320598528
write_bytes: 32306380800
cancelled_write_bytes: 253952

[2019-01-08T02:41:41-08:00]
rchar: 72158722775
wchar: 32480964143
syscr: 8717855
syscw: 1301053
read_bytes: 23484512256
write_bytes: 32525213696
cancelled_write_bytes: 253952

[2019-01-08T02:41:44-08:00]
rchar: 73236976923
wchar: 32822822142
syscr: 8848508
syscw: 1317261
read_bytes: 23663921152
write_bytes: 32867553280
cancelled_write_bytes: 262144

[2019-01-08T02:41:47-08:00]
rchar: 75382187550
wchar: 33162628302
syscr: 9108592
syscw: 1349770
read_bytes: 24031844352
write_bytes: 33207681024
cancelled_write_bytes: 262144

[2019-01-08T02:41:50-08:00]
rchar: 76210886381
wchar: 33502806849
syscr: 9208998
syscw: 1361227
read_bytes: 24141174784
write_bytes: 33548378112
cancelled_write_bytes: 270336

[2019-01-08T02:41:53-08:00]
rchar: 76687256731
wchar: 33892549855
syscr: 9266756
syscw: 1362435
read_bytes: 24164136960
write_bytes: 33938771968
cancelled_write_bytes: 270336

[2019-01-08T02:41:56-08:00]
rchar: 77044114155
wchar: 34178115281
syscr: 9310023
syscw: 1363571
read_bytes: 24185411584
write_bytes: 34224812032
cancelled_write_bytes: 270336

[2019-01-08T02:41:59-08:00]
rchar: 77690293093
wchar: 34590584134
syscr: 9388050
syscw: 1370275
read_bytes: 24368941056
write_bytes: 34637897728
cancelled_write_bytes: 270336

[2019-01-08T02:42:02-08:00]
rchar: 78316183816
wchar: 35002358922
syscr: 9463890
syscw: 1376895
read_bytes: 24568473600
write_bytes: 35050258432
cancelled_write_bytes: 270336

[2019-01-08T02:42:05-08:00]
rchar: 78912659388
wchar: 35373173135
syscr: 9536190
syscw: 1383935
read_bytes: 24784861184
write_bytes: 35421626368
cancelled_write_bytes: 270336

[2019-01-08T02:42:08-08:00]
rchar: 79414718170
wchar: 35674444072
syscr: 9597024
syscw: 1390403
read_bytes: 24916240384
write_bytes: 35723358208
cancelled_write_bytes: 270336

[2019-01-08T02:42:11-08:00]
rchar: 80274472497
wchar: 36093186137
syscr: 9701257
syscw: 1405274
read_bytes: 25208477696
write_bytes: 36142653440
cancelled_write_bytes: 270336

[2019-01-08T02:42:14-08:00]
rchar: 81088365615
wchar: 36464524605
syscr: 9799917
syscw: 1420408
read_bytes: 25462433792
write_bytes: 36514516992
cancelled_write_bytes: 270336

[2019-01-08T02:42:17-08:00]
rchar: 81403557506
wchar: 36719953182
syscr: 9838038
syscw: 1426284
read_bytes: 25549883392
write_bytes: 36770353152
cancelled_write_bytes: 278528

[2019-01-08T02:42:20-08:00]
rchar: 83027729640
wchar: 37113102415
syscr: 10034953
syscw: 1455365
read_bytes: 25981102080
write_bytes: 37163929600
cancelled_write_bytes: 278528

[2019-01-08T02:42:23-08:00]
rchar: 84227946317
wchar: 37320282258
syscr: 10180480
syscw: 1480063
read_bytes: 26255022080
write_bytes: 37371301888
cancelled_write_bytes: 278528

[2019-01-08T02:42:26-08:00]
rchar: 84593427049
wchar: 37679710368
syscr: 10224718
syscw: 1483850
read_bytes: 26300221440
write_bytes: 37731328000
cancelled_write_bytes: 286720

[2019-01-08T02:42:29-08:00]
rchar: 85438018853
wchar: 38111088304
syscr: 10326910
syscw: 1491581
read_bytes: 26376353792
write_bytes: 38163410944
cancelled_write_bytes: 286720

[2019-01-08T02:42:32-08:00]
rchar: 86378555659
wchar: 38523857634
syscr: 10440755
syscw: 1501406
read_bytes: 26459256832
write_bytes: 38576820224
cancelled_write_bytes: 286720

[2019-01-08T02:42:35-08:00]
rchar: 87376882177
wchar: 38855878046
syscr: 10561714
syscw: 1515529
read_bytes: 26580465664
write_bytes: 38909308928
cancelled_write_bytes: 286720

[2019-01-08T02:42:38-08:00]
rchar: 88362871943
wchar: 39227078557
syscr: 10681238
syscw: 1532779
read_bytes: 26736158720
write_bytes: 39280963584
cancelled_write_bytes: 286720

[2019-01-08T02:42:41-08:00]
rchar: 88633907078
wchar: 39430076653
syscr: 10714107
syscw: 1539463
read_bytes: 26804643840
write_bytes: 39484276736
cancelled_write_bytes: 286720

[2019-01-08T02:42:44-08:00]
rchar: 90696633361
wchar: 39751337476
syscr: 10964125
syscw: 1575527
read_bytes: 27197990912
write_bytes: 39805816832
cancelled_write_bytes: 299008

[2019-01-08T02:42:47-08:00]
rchar: 91793673637
wchar: 39915996633
syscr: 11097127
syscw: 1595248
read_bytes: 27408091136
write_bytes: 39970603008
cancelled_write_bytes: 299008

[2019-01-08T02:42:50-08:00]
rchar: 92576293646
wchar: 40243225361
syscr: 11191940
syscw: 1606005
read_bytes: 27503503360
write_bytes: 40298332160
cancelled_write_bytes: 307200

[2019-01-08T02:42:53-08:00]
rchar: 95201679324
wchar: 40619980584
syscr: 11510242
syscw: 1643544
read_bytes: 27871832064
write_bytes: 40675434496
cancelled_write_bytes: 307200

[2019-01-08T02:42:56-08:00]
rchar: 95797620823
wchar: 40878557625
syscr: 11582475
syscw: 1649478
read_bytes: 27916421120
write_bytes: 40934400000
cancelled_write_bytes: 311296

[2019-01-08T02:42:59-08:00]
rchar: 95898437143
wchar: 41044440744
syscr: 11594703
syscw: 1651288
read_bytes: 27932104704
write_bytes: 41100591104
cancelled_write_bytes: 315392

[2019-01-08T02:43:02-08:00]
rchar: 96375822251
wchar: 41420777698
syscr: 11652521
syscw: 1653010
read_bytes: 27947456512
write_bytes: 41477513216
cancelled_write_bytes: 327680

[2019-01-08T02:43:05-08:00]
rchar: 96987314437
wchar: 41877286924
syscr: 11726620
syscw: 1655246
read_bytes: 27968079872
write_bytes: 41934798848
cancelled_write_bytes: 327680

[2019-01-08T02:43:08-08:00]
rchar: 97592803587
wchar: 42335863025
syscr: 11800008
syscw: 1657452
read_bytes: 27990534144
write_bytes: 42394132480
cancelled_write_bytes: 327680

[2019-01-08T02:43:11-08:00]
rchar: 98104881358
wchar: 42692759772
syscr: 11861778
syscw: 1661338
read_bytes: 28050388992
write_bytes: 42751578112
cancelled_write_bytes: 327680

[2019-01-08T02:43:14-08:00]
rchar: 98797555875
wchar: 43127060929
syscr: 11945735
syscw: 1669146
read_bytes: 28150765568
write_bytes: 43186536448
cancelled_write_bytes: 327680

[2019-01-08T02:43:17-08:00]
rchar: 99578948407
wchar: 43449421293
syscr: 12040468
syscw: 1683691
read_bytes: 28369283072
write_bytes: 43509305344
cancelled_write_bytes: 327680

[2019-01-08T02:43:20-08:00]
rchar: 100421940909
wchar: 43854961471
syscr: 12142666
syscw: 1698080
read_bytes: 28584192000
write_bytes: 43915386880
cancelled_write_bytes: 327680

[2019-01-08T02:43:23-08:00]
rchar: 101114790546
wchar: 44106725056
syscr: 12226653
syscw: 1712773
read_bytes: 28772001792
write_bytes: 44167462912
cancelled_write_bytes: 327680

[2019-01-08T02:43:26-08:00]
rchar: 101683955045
wchar: 44445891570
syscr: 12295594
syscw: 1722484
read_bytes: 28860725248
write_bytes: 44507160576
cancelled_write_bytes: 356352

[2019-01-08T02:43:29-08:00]
rchar: 102648860143
wchar: 44842943039
syscr: 12412414
syscw: 1736097
read_bytes: 29004511232
write_bytes: 44904812544
cancelled_write_bytes: 356352

[2019-01-08T02:43:32-08:00]
rchar: 103920809919
wchar: 45300904539
syscr: 12566502
syscw: 1755790
read_bytes: 29184153600
write_bytes: 45363417088
cancelled_write_bytes: 356352

[2019-01-08T02:43:35-08:00]
rchar: 104846688704
wchar: 45621266027
syscr: 12678617
syscw: 1770420
read_bytes: 29307664384
write_bytes: 45684240384
cancelled_write_bytes: 356352

[2019-01-08T02:43:38-08:00]
rchar: 105014203867
wchar: 45854608071
syscr: 12698872
syscw: 1772585
read_bytes: 29339031552
write_bytes: 45917978624
cancelled_write_bytes: 364544

[2019-01-08T02:43:41-08:00]
rchar: 105741443100
wchar: 46286252844
syscr: 12787058
syscw: 1778640
read_bytes: 29689620480
write_bytes: 46350184448
cancelled_write_bytes: 364544

[2019-01-08T02:43:44-08:00]
rchar: 106209728407
wchar: 46567898551
syscr: 12843803
syscw: 1782715
read_bytes: 29918443520
write_bytes: 46632222720
cancelled_write_bytes: 364544

[2019-01-08T02:43:47-08:00]
rchar: 106692290582
wchar: 46870919253
syscr: 12902304
syscw: 1787753
read_bytes: 30200223744
write_bytes: 46935666688
cancelled_write_bytes: 364544

[2019-01-08T02:43:50-08:00]
rchar: 107092759168
wchar: 47147031038
syscr: 12950794
syscw: 1791310
read_bytes: 30441125888
write_bytes: 47212199936
cancelled_write_bytes: 364544

[2019-01-08T02:43:53-08:00]
rchar: 107511661021
wchar: 47456763990
syscr: 13001578
syscw: 1794526
read_bytes: 30720227328
write_bytes: 47522357248
cancelled_write_bytes: 364544

[2019-01-08T02:43:56-08:00]
rchar: 107984323749
wchar: 47797410005
syscr: 13058880
syscw: 1798189
read_bytes: 31041206272
write_bytes: 47863459840
cancelled_write_bytes: 364544

[2019-01-08T02:43:59-08:00]
rchar: 108399133915
wchar: 48096202881
syscr: 13109129
syscw: 1801511
read_bytes: 31316957184
write_bytes: 48162709504
cancelled_write_bytes: 364544

[2019-01-08T02:44:02-08:00]
rchar: 108933749101
wchar: 48486525548
syscr: 13173925
syscw: 1805524
read_bytes: 31665637376
write_bytes: 48553590784
cancelled_write_bytes: 364544

[2019-01-08T02:44:05-08:00]
rchar: 109319583894
wchar: 48779706478
syscr: 13220691
syscw: 1808157
read_bytes: 31890839552
write_bytes: 48847175680
cancelled_write_bytes: 364544

[2019-01-08T02:44:08-08:00]
rchar: 109747100369
wchar: 49083197804
syscr: 13272512
syscw: 1811598
read_bytes: 32176769024
write_bytes: 49151111168
cancelled_write_bytes: 364544

[2019-01-08T02:44:11-08:00]
rchar: 110215295753
wchar: 49433047621
syscr: 13329216
syscw: 1815097
read_bytes: 32446609408
write_bytes: 49501491200
cancelled_write_bytes: 364544

[2019-01-08T02:44:14-08:00]
rchar: 110617595865
wchar: 49736978165
syscr: 13377972
syscw: 1818009
read_bytes: 32676542464
write_bytes: 49805848576
cancelled_write_bytes: 364544

[2019-01-08T02:44:17-08:00]
rchar: 111002389338
wchar: 50008533608
syscr: 13424616
syscw: 1821371
read_bytes: 32922961920
write_bytes: 50077794304
cancelled_write_bytes: 364544

[2019-01-08T02:44:20-08:00]
rchar: 111345457397
wchar: 50265803646
syscr: 13466175
syscw: 1824193
read_bytes: 33083971584
write_bytes: 50335465472
cancelled_write_bytes: 364544

[2019-01-08T02:44:23-08:00]
rchar: 111959789900
wchar: 50651385393
syscr: 13540618
syscw: 1830902
read_bytes: 33464731648
write_bytes: 50721583104
cancelled_write_bytes: 364544

[2019-01-08T02:44:26-08:00]
rchar: 112474267713
wchar: 50979150095
syscr: 13602982
syscw: 1836380
read_bytes: 33752799232
write_bytes: 51049816064
cancelled_write_bytes: 364544

[2019-01-08T02:44:29-08:00]
rchar: 112970624479
wchar: 51267279638
syscr: 13663135
syscw: 1842531
read_bytes: 34045249536
write_bytes: 51338342400
cancelled_write_bytes: 364544

[2019-01-08T02:44:32-08:00]
rchar: 113348734359
wchar: 51626218714
syscr: 13708894
syscw: 1847064
read_bytes: 34241300480
write_bytes: 51697860608
cancelled_write_bytes: 372736

[2019-01-08T02:44:35-08:00]
rchar: 114167403444
wchar: 51962468117
syscr: 13808121
syscw: 1857784
read_bytes: 34615191552
write_bytes: 52034576384
cancelled_write_bytes: 372736

[2019-01-08T02:44:38-08:00]
rchar: 115085254858
wchar: 52295748545
syscr: 13919379
syscw: 1870808
read_bytes: 35006900224
write_bytes: 52368269312
cancelled_write_bytes: 372736

[2019-01-08T02:44:41-08:00]
rchar: 115841202926
wchar: 52582506372
syscr: 14011013
syscw: 1881455
read_bytes: 35327981568
write_bytes: 52655419392
cancelled_write_bytes: 372736

[2019-01-08T02:44:44-08:00]
rchar: 117060517974
wchar: 52977943763
syscr: 14158832
syscw: 1900219
read_bytes: 35822544896
write_bytes: 53051322368
cancelled_write_bytes: 372736

[2019-01-08T02:44:47-08:00]
rchar: 117568546876
wchar: 53151000079
syscr: 14220420
syscw: 1907782
read_bytes: 36042614784
write_bytes: 53224591360
cancelled_write_bytes: 372736

[2019-01-08T02:44:50-08:00]
rchar: 118086753735
wchar: 53469774674
syscr: 14283154
syscw: 1914613
read_bytes: 36237355008
write_bytes: 53543874560
cancelled_write_bytes: 380928

[2019-01-08T02:44:53-08:00]
rchar: 119342187938
wchar: 53830705016
syscr: 14435358
syscw: 1931174
read_bytes: 36694882304
write_bytes: 53905235968
cancelled_write_bytes: 380928

[2019-01-08T02:44:56-08:00]
rchar: 120288088493
wchar: 54130084945
syscr: 14550016
syscw: 1943086
read_bytes: 37077035008
write_bytes: 54205009920
cancelled_write_bytes: 380928

[2019-01-08T02:44:59-08:00]
rchar: 121206564625
wchar: 54394644726
syscr: 14661362
syscw: 1955541
read_bytes: 37423577088
write_bytes: 54469910528
cancelled_write_bytes: 380928

[2019-01-08T02:45:02-08:00]
rchar: 122395005369
wchar: 54608469590
syscr: 14805454
syscw: 1975222
read_bytes: 37705644032
write_bytes: 54684483584
cancelled_write_bytes: 380928

[2019-01-08T02:45:05-08:00]
rchar: 122835208745
wchar: 54907016058
syscr: 14858757
syscw: 1979345
read_bytes: 37844862976
write_bytes: 54982979584
cancelled_write_bytes: 389120

[2019-01-08T02:45:08-08:00]
rchar: 123886312869
wchar: 55410458043
syscr: 14986189
syscw: 1987978
read_bytes: 38184331264
write_bytes: 55487180800
cancelled_write_bytes: 389120

[2019-01-08T02:45:11-08:00]
rchar: 124607969286
wchar: 55778260238
syscr: 15073642
syscw: 1993570
read_bytes: 38361942016
write_bytes: 55855546368
cancelled_write_bytes: 389120

[2019-01-08T02:45:14-08:00]
rchar: 125355301570
wchar: 56180471697
syscr: 15164247
syscw: 1999021
read_bytes: 38522202112
write_bytes: 56258375680
cancelled_write_bytes: 389120

[2019-01-08T02:45:17-08:00]
rchar: 126049796427
wchar: 56565753206
syscr: 15248130
syscw: 2005681
read_bytes: 38708324352
write_bytes: 56644247552
cancelled_write_bytes: 389120

[2019-01-08T02:45:20-08:00]
rchar: 126695831350
wchar: 56933645350
syscr: 15326423
syscw: 2014391
read_bytes: 38992820224
write_bytes: 57012662272
cancelled_write_bytes: 389120

[2019-01-08T02:45:23-08:00]
rchar: 127446422871
wchar: 57348868712
syscr: 15417405
syscw: 2024850
read_bytes: 39294228480
write_bytes: 57428467712
cancelled_write_bytes: 389120

[2019-01-08T02:45:26-08:00]
rchar: 128010201049
wchar: 57653338222
syscr: 15485726
syscw: 2033008
read_bytes: 39522752512
write_bytes: 57733373952
cancelled_write_bytes: 389120

[2019-01-08T02:45:29-08:00]
rchar: 128344567402
wchar: 57990539451
syscr: 15526266
syscw: 2038342
read_bytes: 39673620480
write_bytes: 58071121920
cancelled_write_bytes: 389120

[2019-01-08T02:45:32-08:00]
rchar: 128796451824
wchar: 58197682418
syscr: 15580979
syscw: 2043960
read_bytes: 39841044480
write_bytes: 58278567936
cancelled_write_bytes: 397312

[2019-01-08T02:45:35-08:00]
rchar: 129767166286
wchar: 58564260830
syscr: 15698640
syscw: 2058391
read_bytes: 40156219392
write_bytes: 58645639168
cancelled_write_bytes: 397312

[2019-01-08T02:45:38-08:00]
rchar: 130785484265
wchar: 58903824710
syscr: 15822080
syscw: 2074589
read_bytes: 40445339648
write_bytes: 58985644032
cancelled_write_bytes: 397312

[2019-01-08T02:45:41-08:00]
rchar: 131687456114
wchar: 59196761209
syscr: 15931429
syscw: 2089575
read_bytes: 40722065408
write_bytes: 59278958592
cancelled_write_bytes: 397312

[2019-01-08T02:45:44-08:00]
rchar: 132467345245
wchar: 59515012272
syscr: 16025983
syscw: 2103429
read_bytes: 40980346880
write_bytes: 59597643776
cancelled_write_bytes: 397312

[2019-01-08T02:45:47-08:00]
rchar: 133293093755
wchar: 59729259766
syscr: 16126014
syscw: 2117239
read_bytes: 41153951744
write_bytes: 59812208640
cancelled_write_bytes: 405504

[2019-01-08T02:45:50-08:00]
rchar: 134621775474
wchar: 60109758741
syscr: 16287063
syscw: 2135544
read_bytes: 41337665536
write_bytes: 60193218560
cancelled_write_bytes: 405504

[2019-01-08T02:45:53-08:00]
rchar: 136003763065
wchar: 60553575351
syscr: 16454447
syscw: 2154031
read_bytes: 41536657408
write_bytes: 60637663232
cancelled_write_bytes: 405504

[2019-01-08T02:45:56-08:00]
rchar: 136752278072
wchar: 60737733410
syscr: 16545118
syscw: 2165103
read_bytes: 41643010048
write_bytes: 60822052864
cancelled_write_bytes: 405504

[2019-01-08T02:45:59-08:00]
rchar: 136942903044
wchar: 61011858238
syscr: 16568160
syscw: 2166873
read_bytes: 41660672000
write_bytes: 61096648704
cancelled_write_bytes: 413696

[2019-01-08T02:46:02-08:00]
rchar: 137692587710
wchar: 61376315603
syscr: 16659012
syscw: 2173274
read_bytes: 41867745280
write_bytes: 61461626880
cancelled_write_bytes: 413696

[2019-01-08T02:46:05-08:00]
rchar: 138647492362
wchar: 61793123117
syscr: 16774708
syscw: 2182104
read_bytes: 42164123648
write_bytes: 61879029760
cancelled_write_bytes: 413696

[2019-01-08T02:46:08-08:00]
rchar: 139256641005
wchar: 62109317354
syscr: 16848512
syscw: 2187022
read_bytes: 42314786816
write_bytes: 62195675136
cancelled_write_bytes: 413696

[2019-01-08T02:46:11-08:00]
rchar: 140217226605
wchar: 62512498145
syscr: 16964922
syscw: 2196229
read_bytes: 42609813504
write_bytes: 62600339456
cancelled_write_bytes: 413696

[2019-01-08T02:46:14-08:00]
rchar: 140997519425
wchar: 62807886023
syscr: 17059506
syscw: 2204146
read_bytes: 42871068672
write_bytes: 62895210496
cancelled_write_bytes: 413696

[2019-01-08T02:46:17-08:00]
rchar: 141938675488
wchar: 63209969962
syscr: 17173537
syscw: 2213270
read_bytes: 43159451648
write_bytes: 63297875968
cancelled_write_bytes: 413696

[2019-01-08T02:46:20-08:00]
rchar: 142553096520
wchar: 63455017557
syscr: 17247978
syscw: 2222128
read_bytes: 43359635456
write_bytes: 63543271424
cancelled_write_bytes: 417792

[2019-01-08T02:46:23-08:00]
rchar: 142980690865
wchar: 63611113318
syscr: 17299810
syscw: 2230255
read_bytes: 43557214208
write_bytes: 63699566592
cancelled_write_bytes: 417792

[2019-01-08T02:46:26-08:00]
rchar: 143649681722
wchar: 63922765972
syscr: 17380841
syscw: 2241946
read_bytes: 43774646272
write_bytes: 64011681792
cancelled_write_bytes: 425984

[2019-01-08T02:46:29-08:00]
rchar: 145129935282
wchar: 64187044450
syscr: 17560309
syscw: 2269180
read_bytes: 44147849216
write_bytes: 64276217856
cancelled_write_bytes: 425984

[2019-01-08T02:46:32-08:00]
rchar: 146445964187
wchar: 64402839395
syscr: 17719870
syscw: 2293928
read_bytes: 44462897152
write_bytes: 64492212224
cancelled_write_bytes: 425984

[2019-01-08T02:46:35-08:00]
rchar: 146923409818
wchar: 64656179501
syscr: 17777674
syscw: 2301083
read_bytes: 44545202176
write_bytes: 64745959424
cancelled_write_bytes: 434176

[2019-01-08T02:46:38-08:00]
rchar: 149617580279
wchar: 65069303077
syscr: 18104324
syscw: 2341174
read_bytes: 44949755904
write_bytes: 65159516160
cancelled_write_bytes: 434176

[2019-01-08T02:46:41-08:00]
rchar: 150205876014
wchar: 65301940304
syscr: 18175645
syscw: 2349278
read_bytes: 45029292032
write_bytes: 65392807936
cancelled_write_bytes: 434176

[2019-01-08T02:46:44-08:00]
rchar: 150743396188
wchar: 65765779826
syscr: 18240755
syscw: 2351445
read_bytes: 45072353280
write_bytes: 65857101824
cancelled_write_bytes: 442368

[2019-01-08T02:46:47-08:00]
rchar: 151263555453
wchar: 66174733091
syscr: 18303517
syscw: 2353189
read_bytes: 45121521664
write_bytes: 66266738688
cancelled_write_bytes: 442368

[2019-01-08T02:46:50-08:00]
rchar: 151722543292
wchar: 66499735368
syscr: 18359161
syscw: 2357363
read_bytes: 45247854592
write_bytes: 66592210944
cancelled_write_bytes: 442368

[2019-01-08T02:46:53-08:00]
rchar: 152426782266
wchar: 66912801950
syscr: 18444507
syscw: 2366118
read_bytes: 45457987584
write_bytes: 67005874176
cancelled_write_bytes: 442368

[2019-01-08T02:46:56-08:00]
rchar: 153125661545
wchar: 67333132934
syscr: 18529199
syscw: 2374532
read_bytes: 45626750976
write_bytes: 67426820096
cancelled_write_bytes: 442368

[2019-01-08T02:46:59-08:00]
rchar: 153604751334
wchar: 67608443203
syscr: 18587275
syscw: 2380940
read_bytes: 45790722048
write_bytes: 67702534144
cancelled_write_bytes: 442368

[2019-01-08T02:47:02-08:00]
rchar: 154179206803
wchar: 67945050920
syscr: 18656891
syscw: 2388641
read_bytes: 45968582656
write_bytes: 68039626752
cancelled_write_bytes: 442368

[2019-01-08T02:47:05-08:00]
rchar: 154792995432
wchar: 68378243531
syscr: 18731281
syscw: 2394726
read_bytes: 46114023424
write_bytes: 68473438208
cancelled_write_bytes: 442368

[2019-01-08T02:47:08-08:00]
rchar: 155217314556
wchar: 68673356717
syscr: 18782688
syscw: 2399001
read_bytes: 46206744576
write_bytes: 68769001472
cancelled_write_bytes: 442368

[2019-01-08T02:47:11-08:00]
rchar: 155745782976
wchar: 68984010083
syscr: 18846753
syscw: 2406267
read_bytes: 46343043072
write_bytes: 69080100864
cancelled_write_bytes: 442368

[2019-01-08T02:47:14-08:00]
rchar: 156006003171
wchar: 69149232906
syscr: 18878282
syscw: 2409457
read_bytes: 46410106880
write_bytes: 69245575168
cancelled_write_bytes: 442368

[2019-01-08T02:47:17-08:00]
rchar: 156392994428
wchar: 69436063667
syscr: 18925190
syscw: 2415750
read_bytes: 46553765888
write_bytes: 69532827648
cancelled_write_bytes: 442368

[2019-01-08T02:47:20-08:00]
rchar: 156685077854
wchar: 69661111837
syscr: 18960522
syscw: 2419674
read_bytes: 46644123648
write_bytes: 69758238720
cancelled_write_bytes: 450560

[2019-01-08T02:47:23-08:00]
rchar: 157684356217
wchar: 70005922631
syscr: 19081657
syscw: 2435790
read_bytes: 46898780160
write_bytes: 70103515136
cancelled_write_bytes: 450560

[2019-01-08T02:47:26-08:00]
rchar: 158630595981
wchar: 70346418897
syscr: 19196357
syscw: 2451135
read_bytes: 47096522752
write_bytes: 70444490752
cancelled_write_bytes: 450560

[2019-01-08T02:47:29-08:00]
rchar: 159653251507
wchar: 70757833557
syscr: 19320179
syscw: 2466765
read_bytes: 47276730368
write_bytes: 70856495104
cancelled_write_bytes: 450560

[2019-01-08T02:47:32-08:00]
rchar: 160517187796
wchar: 71159168579
syscr: 19424787
syscw: 2478634
read_bytes: 47413319680
write_bytes: 71258447872
cancelled_write_bytes: 450560

[2019-01-08T02:47:35-08:00]
rchar: 160622658136
wchar: 71293290522
syscr: 19437553
syscw: 2480066
read_bytes: 47427512320
write_bytes: 71393701888
cancelled_write_bytes: 450560

[2019-01-08T02:47:38-08:00]
rchar: 161033104603
wchar: 71549636481
syscr: 19487188
syscw: 2485040
read_bytes: 47477225472
write_bytes: 71649562624
cancelled_write_bytes: 458752

[2019-01-08T02:47:41-08:00]
rchar: 162872644316
wchar: 71987815577
syscr: 19710139
syscw: 2517723
read_bytes: 47817091072
write_bytes: 72090087424
cancelled_write_bytes: 458752

[2019-01-08T02:47:44-08:00]
rchar: 163870271790
wchar: 72263613420
syscr: 19831087
syscw: 2538126
read_bytes: 48038565888
write_bytes: 72366186496
cancelled_write_bytes: 458752

[2019-01-08T02:47:47-08:00]
rchar: 164138834310
wchar: 72600146023
syscr: 19863588
syscw: 2540655
read_bytes: 48070985728
write_bytes: 72703262720
cancelled_write_bytes: 466944

[2019-01-08T02:47:50-08:00]
rchar: 164664763361
wchar: 72972868145
syscr: 19927318
syscw: 2544100
read_bytes: 48150906880
write_bytes: 73076543488
cancelled_write_bytes: 466944

[2019-01-08T02:47:53-08:00]
rchar: 165234565347
wchar: 73399625623
syscr: 19996375
syscw: 2547275
read_bytes: 48225687552
write_bytes: 73503961088
cancelled_write_bytes: 466944

[2019-01-08T02:47:56-08:00]
rchar: 165867723924
wchar: 73819764677
syscr: 20073117
syscw: 2551931
read_bytes: 48344778752
write_bytes: 73924718592
cancelled_write_bytes: 466944

[2019-01-08T02:47:59-08:00]
rchar: 166417959630
wchar: 74170516382
syscr: 20139788
syscw: 2556261
read_bytes: 48455321600
write_bytes: 74275991552
cancelled_write_bytes: 466944

[2019-01-08T02:48:02-08:00]
rchar: 167047101745
wchar: 74589454846
syscr: 20216039
syscw: 2560965
read_bytes: 48567511040
write_bytes: 74695540736
cancelled_write_bytes: 466944

[2019-01-08T02:48:05-08:00]
rchar: 167562551679
wchar: 74952331749
syscr: 20278495
syscw: 2564414
read_bytes: 48622585856
write_bytes: 75058978816
cancelled_write_bytes: 466944

[2019-01-08T02:48:08-08:00]
rchar: 168173678184
wchar: 75290207834
syscr: 20352544
syscw: 2571002
read_bytes: 48724748288
write_bytes: 75397365760
cancelled_write_bytes: 471040

[2019-01-08T02:48:11-08:00]
rchar: 169146620543
wchar: 75680483138
syscr: 20470492
syscw: 2584931
read_bytes: 48952821760
write_bytes: 75788173312
cancelled_write_bytes: 471040

[2019-01-08T02:48:14-08:00]
rchar: 169974101179
wchar: 75891888539
syscr: 20570805
syscw: 2599752
read_bytes: 49137526784
write_bytes: 75999834112
cancelled_write_bytes: 471040

[2019-01-08T02:48:17-08:00]
rchar: 170395774592
wchar: 76109034307
syscr: 20621856
syscw: 2607045
read_bytes: 49230542848
write_bytes: 76217335808
cancelled_write_bytes: 479232

[2019-01-08T02:48:20-08:00]
rchar: 173004238660
wchar: 76472552565
syscr: 20938109
syscw: 2648964
read_bytes: 49780615168
write_bytes: 76581142528
cancelled_write_bytes: 479232

[2019-01-08T02:48:23-08:00]
rchar: 173909754249
wchar: 76830402098
syscr: 21047841
syscw: 2662456
read_bytes: 49950791680
write_bytes: 76940136448
cancelled_write_bytes: 483328

[2019-01-08T02:48:26-08:00]
rchar: 174258581060
wchar: 77122669827
syscr: 21090142
syscw: 2663589
read_bytes: 50005927936
write_bytes: 77232160768
cancelled_write_bytes: 487424

[2019-01-08T02:48:29-08:00]
rchar: 174717642111
wchar: 77437052990
syscr: 21145806
syscw: 2665899
read_bytes: 50136307712
write_bytes: 77547003904
cancelled_write_bytes: 487424

[2019-01-08T02:48:32-08:00]
rchar: 175261939381
wchar: 77744517390
syscr: 21211753
syscw: 2669738
read_bytes: 50347018240
write_bytes: 77854883840
cancelled_write_bytes: 487424

[2019-01-08T02:48:35-08:00]
rchar: 175929525877
wchar: 78144400669
syscr: 21292612
syscw: 2673890
read_bytes: 50569857024
write_bytes: 78255378432
cancelled_write_bytes: 487424

[2019-01-08T02:48:38-08:00]
rchar: 176635270026
wchar: 78531212127
syscr: 21378090
syscw: 2678907
read_bytes: 50835511296
write_bytes: 78642769920
cancelled_write_bytes: 487424

[2019-01-08T02:48:41-08:00]
rchar: 177167675239
wchar: 78841792229
syscr: 21442620
syscw: 2682376
read_bytes: 51023816704
write_bytes: 78953816064
cancelled_write_bytes: 487424

[2019-01-08T02:48:44-08:00]
rchar: 177630130986
wchar: 79119750189
syscr: 21498594
syscw: 2685250
read_bytes: 51190134784
write_bytes: 79232200704
cancelled_write_bytes: 487424

[2019-01-08T02:48:47-08:00]
rchar: 178196475283
wchar: 79442971667
syscr: 21567199
syscw: 2688989
read_bytes: 51408521216
write_bytes: 79555928064
cancelled_write_bytes: 487424

[2019-01-08T02:48:50-08:00]
rchar: 178711331051
wchar: 79758634736
syscr: 21629557
syscw: 2692142
read_bytes: 51581167616
write_bytes: 79872057344
cancelled_write_bytes: 487424

[2019-01-08T02:48:53-08:00]
rchar: 179119433085
wchar: 79984221520
syscr: 21679021
syscw: 2695090
read_bytes: 51749337088
write_bytes: 80097951744
cancelled_write_bytes: 487424

[2019-01-08T02:48:56-08:00]
rchar: 179603780265
wchar: 80259641185
syscr: 21737731
syscw: 2698528
read_bytes: 51961993216
write_bytes: 80373772288
cancelled_write_bytes: 487424

[2019-01-08T02:48:59-08:00]
rchar: 180104659328
wchar: 80570427061
syscr: 21798421
syscw: 2701568
read_bytes: 52222339072
write_bytes: 80685006848
cancelled_write_bytes: 487424

[2019-01-08T02:49:02-08:00]
rchar: 180587764886
wchar: 80886350258
syscr: 21856895
syscw: 2704322
read_bytes: 52474939392
write_bytes: 81001431040
cancelled_write_bytes: 487424

[2019-01-08T02:49:05-08:00]
rchar: 181144647373
wchar: 81240356482
syscr: 21924393
syscw: 2707621
read_bytes: 52797806592
write_bytes: 81355935744
cancelled_write_bytes: 487424

[2019-01-08T02:49:08-08:00]
rchar: 181647371715
wchar: 81583673338
syscr: 21985309
syscw: 2710365
read_bytes: 53029541888
write_bytes: 81699794944
cancelled_write_bytes: 487424

[2019-01-08T02:49:11-08:00]
rchar: 182150065364
wchar: 81892151085
syscr: 22046232
syscw: 2713682
read_bytes: 53280131072
write_bytes: 82008715264
cancelled_write_bytes: 487424

[2019-01-08T02:49:14-08:00]
rchar: 182695238251
wchar: 82219845036
syscr: 22112273
syscw: 2717256
read_bytes: 53562615808
write_bytes: 82336899072
cancelled_write_bytes: 487424

[2019-01-08T02:49:17-08:00]
rchar: 183108887739
wchar: 82495683375
syscr: 22162381
syscw: 2720689
read_bytes: 53808228352
write_bytes: 82613141504
cancelled_write_bytes: 487424

[2019-01-08T02:49:20-08:00]
rchar: 183552419651
wchar: 82818241485
syscr: 22216124
syscw: 2725953
read_bytes: 54137849856
write_bytes: 82936184832
cancelled_write_bytes: 487424

[2019-01-08T02:49:23-08:00]
rchar: 183779779255
wchar: 83117739855
syscr: 22243612
syscw: 2729272
read_bytes: 54273939456
write_bytes: 83236208640
cancelled_write_bytes: 495616

[2019-01-08T02:49:26-08:00]
rchar: 184899344703
wchar: 83376458003
syscr: 22379341
syscw: 2754204
read_bytes: 54725539840
write_bytes: 83495198720
cancelled_write_bytes: 495616

[2019-01-08T02:49:29-08:00]
rchar: 186298915099
wchar: 83633235283
syscr: 22549045
syscw: 2788124
read_bytes: 55205320704
write_bytes: 83752173568
cancelled_write_bytes: 495616

[2019-01-08T02:49:32-08:00]
rchar: 186354996907
wchar: 83805807162
syscr: 22555847
syscw: 2789617
read_bytes: 55223527424
write_bytes: 83925053440
cancelled_write_bytes: 495616

[2019-01-08T02:49:35-08:00]
rchar: 188098654062
wchar: 84072786318
syscr: 22767177
syscw: 2821867
read_bytes: 55613077504
write_bytes: 84192268288
cancelled_write_bytes: 503808

[2019-01-08T02:49:38-08:00]
rchar: 189583208776
wchar: 84321364334
syscr: 22947167
syscw: 2849633
read_bytes: 55944353792
write_bytes: 84441071616
cancelled_write_bytes: 503808

[2019-01-08T02:49:41-08:00]
rchar: 190241500551
wchar: 84578167047
syscr: 23026899
syscw: 2860222
read_bytes: 56086456320
write_bytes: 84698263552
cancelled_write_bytes: 512000

[2019-01-08T02:49:44-08:00]
rchar: 193262334959
wchar: 84921738164
syscr: 23393162
syscw: 2907709
read_bytes: 56583366656
write_bytes: 85042089984
cancelled_write_bytes: 512000

[2019-01-08T02:49:47-08:00]
rchar: 193680504706
wchar: 85318779073
syscr: 23443797
syscw: 2910895
read_bytes: 56615639040
write_bytes: 85439819776
cancelled_write_bytes: 520192

[2019-01-08T02:49:50-08:00]
rchar: 194454266262
wchar: 85898913333
syscr: 23537313
syscw: 2914809
read_bytes: 56685623296
write_bytes: 86020890624
cancelled_write_bytes: 520192

[2019-01-08T02:49:53-08:00]
rchar: 195112560137
wchar: 86234701734
syscr: 23617107
syscw: 2924697
read_bytes: 56899721216
write_bytes: 86357151744
cancelled_write_bytes: 520192

[2019-01-08T02:49:56-08:00]
rchar: 195853986414
wchar: 86567678341
syscr: 23706969
syscw: 2937458
read_bytes: 57133443072
write_bytes: 86690570240
cancelled_write_bytes: 520192

[2019-01-08T02:49:59-08:00]
rchar: 196829334762
wchar: 87045148150
syscr: 23825190
syscw: 2953011
read_bytes: 57475069952
write_bytes: 87168688128
cancelled_write_bytes: 520192

[2019-01-08T02:50:02-08:00]
rchar: 197575517096
wchar: 87384610644
syscr: 23915633
syscw: 2965860
read_bytes: 57703655424
write_bytes: 87508885504
cancelled_write_bytes: 520192

[2019-01-08T02:50:05-08:00]
rchar: 197856903831
wchar: 87664036234
syscr: 23949747
syscw: 2971187
read_bytes: 57780242432
write_bytes: 87788490752
cancelled_write_bytes: 520192

[2019-01-08T02:50:08-08:00]
rchar: 198792758907
wchar: 87987415726
syscr: 24063110
syscw: 2985165
read_bytes: 58005309440
write_bytes: 88112496640
cancelled_write_bytes: 528384

[2019-01-08T02:50:11-08:00]
rchar: 199886891638
wchar: 88370809766
syscr: 24195746
syscw: 3001964
read_bytes: 58306942976
write_bytes: 88496209920
cancelled_write_bytes: 528384

[2019-01-08T02:50:14-08:00]
rchar: 201098662133
wchar: 88659506501
syscr: 24342648
syscw: 3024104
read_bytes: 58604836864
write_bytes: 88785256448
cancelled_write_bytes: 528384

[2019-01-08T02:50:17-08:00]
rchar: 201661267362
wchar: 88905104879
syscr: 24410791
syscw: 3035039
read_bytes: 58734893056
write_bytes: 89031225344
cancelled_write_bytes: 536576

[2019-01-08T02:50:20-08:00]
rchar: 204457988603
wchar: 89227418494
syscr: 24749874
syscw: 3080848
read_bytes: 59252787200
write_bytes: 89353760768
cancelled_write_bytes: 536576

[2019-01-08T02:50:23-08:00]
rchar: 204981602254
wchar: 89504609434
syscr: 24813339
syscw: 3087284
read_bytes: 59314198528
write_bytes: 89631379456
cancelled_write_bytes: 536576

[2019-01-08T02:50:26-08:00]
rchar: 205292505856
wchar: 89762748320
syscr: 24850940
syscw: 3089263
read_bytes: 59358009344
write_bytes: 89889951744
cancelled_write_bytes: 544768

[2019-01-08T02:50:29-08:00]
rchar: 206123950037
wchar: 90151738748
syscr: 24951694
syscw: 3096071
read_bytes: 59624347648
write_bytes: 90279477248
cancelled_write_bytes: 544768

[2019-01-08T02:50:32-08:00]
rchar: 206724284849
wchar: 90481432062
syscr: 25024375
syscw: 3100265
read_bytes: 59776772096
write_bytes: 90609709056
cancelled_write_bytes: 544768

[2019-01-08T02:50:35-08:00]
rchar: 207226793507
wchar: 90763074348
syscr: 25085204
syscw: 3103661
read_bytes: 59900442624
write_bytes: 90891780096
cancelled_write_bytes: 544768

[2019-01-08T02:50:38-08:00]
rchar: 207775067975
wchar: 91111052210
syscr: 25151573
syscw: 3106803
read_bytes: 60008667136
write_bytes: 91240308736
cancelled_write_bytes: 544768

[2019-01-08T02:50:41-08:00]
rchar: 208590093616
wchar: 91495810798
syscr: 25250289
syscw: 3113469
read_bytes: 60256942080
write_bytes: 91625648128
cancelled_write_bytes: 544768

[2019-01-08T02:50:44-08:00]
rchar: 209162934139
wchar: 91828103644
syscr: 25319671
syscw: 3117266
read_bytes: 60379691008
write_bytes: 91958439936
cancelled_write_bytes: 544768

[2019-01-08T02:50:47-08:00]
rchar: 209910086991
wchar: 92165878898
syscr: 25410204
syscw: 3126671
read_bytes: 60635584512
write_bytes: 92296699904
cancelled_write_bytes: 544768

[2019-01-08T02:50:50-08:00]
rchar: 210524383375
wchar: 92425068015
syscr: 25484663
syscw: 3137053
read_bytes: 60872316928
write_bytes: 92556480512
cancelled_write_bytes: 544768

[2019-01-08T02:50:53-08:00]
rchar: 211122882296
wchar: 92595829805
syscr: 25557224
syscw: 3149751
read_bytes: 61043304448
write_bytes: 92727209984
cancelled_write_bytes: 544768

[2019-01-08T02:50:56-08:00]
rchar: 211703869685
wchar: 92852660192
syscr: 25627585
syscw: 3160474
read_bytes: 61154097152
write_bytes: 92984434688
cancelled_write_bytes: 552960

[2019-01-08T02:50:59-08:00]
rchar: 213846412983
wchar: 93154907426
syscr: 25887360
syscw: 3200615
read_bytes: 61595936768
write_bytes: 93286903808
cancelled_write_bytes: 552960

[2019-01-08T02:51:02-08:00]
rchar: 214337427095
wchar: 93361616116
syscr: 25946899
syscw: 3209912
read_bytes: 61695010816
write_bytes: 93493915648
cancelled_write_bytes: 552960

[2019-01-08T02:51:05-08:00]
rchar: 216573759616
wchar: 93667779739
syscr: 26217957
syscw: 3244597
read_bytes: 62089885696
write_bytes: 93800353792
cancelled_write_bytes: 565248

[2019-01-08T02:51:08-08:00]
rchar: 218093296756
wchar: 94000382393
syscr: 26402192
syscw: 3268867
read_bytes: 62344763392
write_bytes: 94133350400
cancelled_write_bytes: 565248

[2019-01-08T02:51:11-08:00]
rchar: 218646885775
wchar: 94397931227
syscr: 26469251
syscw: 3271310
read_bytes: 62392633344
write_bytes: 94531526656
cancelled_write_bytes: 573440

[2019-01-08T02:51:14-08:00]
rchar: 219186065507
wchar: 94804254445
syscr: 26534618
syscw: 3273260
read_bytes: 62436673536
write_bytes: 94938583040
cancelled_write_bytes: 573440

[2019-01-08T02:51:17-08:00]
rchar: 219754736384
wchar: 95229578809
syscr: 26603229
syscw: 3276572
read_bytes: 62529591296
write_bytes: 95364526080
cancelled_write_bytes: 573440

[2019-01-08T02:51:20-08:00]
rchar: 220345346468
wchar: 95648780322
syscr: 26674815
syscw: 3281597
read_bytes: 62664083456
write_bytes: 95784353792
cancelled_write_bytes: 573440

[2019-01-08T02:51:23-08:00]
rchar: 220840062489
wchar: 95989806277
syscr: 26734780
syscw: 3286280
read_bytes: 62772275200
write_bytes: 96125882368
cancelled_write_bytes: 573440

[2019-01-08T02:51:26-08:00]
rchar: 221303299193
wchar: 96317184942
syscr: 26790904
syscw: 3290551
read_bytes: 62866253824
write_bytes: 96453750784
cancelled_write_bytes: 573440

[2019-01-08T02:51:29-08:00]
rchar: 221753486254
wchar: 96607737870
syscr: 26845454
syscw: 3295457
read_bytes: 63006361600
write_bytes: 96744738816
cancelled_write_bytes: 573440

[2019-01-08T02:51:32-08:00]
rchar: 222278779336
wchar: 96926895206
syscr: 26909129
syscw: 3301771
read_bytes: 63174342656
write_bytes: 97064366080
cancelled_write_bytes: 573440

[2019-01-08T02:51:35-08:00]
rchar: 222700442032
wchar: 97203560224
syscr: 26960235
syscw: 3306101
read_bytes: 63258019840
write_bytes: 97341444096
cancelled_write_bytes: 573440

[2019-01-08T02:51:38-08:00]
rchar: 223106777650
wchar: 97446708234
syscr: 27009446
syscw: 3311170
read_bytes: 63378716672
write_bytes: 97584955392
cancelled_write_bytes: 573440

[2019-01-08T02:51:41-08:00]
rchar: 223704077298
wchar: 97773887549
syscr: 27081857
syscw: 3320227
read_bytes: 63562422272
write_bytes: 97912623104
cancelled_write_bytes: 573440

[2019-01-08T02:51:44-08:00]
rchar: 224266427378
wchar: 98071403947
syscr: 27150000
syscw: 3329566
read_bytes: 63719065600
write_bytes: 98210578432
cancelled_write_bytes: 573440

[2019-01-08T02:51:47-08:00]
rchar: 224563439812
wchar: 98325082673
syscr: 27186001
syscw: 3334897
read_bytes: 63819671552
write_bytes: 98464645120
cancelled_write_bytes: 573440

[2019-01-08T02:51:50-08:00]
rchar: 224978431707
wchar: 98568790878
syscr: 27236230
syscw: 3340493
read_bytes: 63923136512
write_bytes: 98708762624
cancelled_write_bytes: 581632

[2019-01-08T02:51:53-08:00]
rchar: 226155234913
wchar: 98859948840
syscr: 27378899
syscw: 3362239
read_bytes: 64226752512
write_bytes: 99000909824
cancelled_write_bytes: 581632

[2019-01-08T02:51:56-08:00]
rchar: 227539729494
wchar: 99186788650
syscr: 27546748
syscw: 3389312
read_bytes: 64595630080
write_bytes: 99327447040
cancelled_write_bytes: 581632

[2019-01-08T02:51:59-08:00]
rchar: 228078512665
wchar: 99420188654
syscr: 27612056
syscw: 3397212
read_bytes: 64676567040
write_bytes: 99561177088
cancelled_write_bytes: 581632

[2019-01-08T02:52:02-08:00]
rchar: 228228576132
wchar: 99661881300
syscr: 27630144
syscw: 3399025
read_bytes: 64695203840
write_bytes: 99803303936
cancelled_write_bytes: 589824

[2019-01-08T02:52:05-08:00]
rchar: 228754618207
wchar: 99963358619
syscr: 27693809
syscw: 3403417
read_bytes: 64741595136
write_bytes: 100105261056
cancelled_write_bytes: 589824

[2019-01-08T02:52:08-08:00]
rchar: 229219201397
wchar: 100251242033
syscr: 27750022
syscw: 3406918
read_bytes: 64776656896
write_bytes: 100393611264
cancelled_write_bytes: 589824

[2019-01-08T02:52:11-08:00]
rchar: 229989825210
wchar: 100612446246
syscr: 27843282
syscw: 3414869
read_bytes: 64859097088
write_bytes: 100755402752
cancelled_write_bytes: 589824

[2019-01-08T02:52:14-08:00]
rchar: 231712792030
wchar: 101020984159
syscr: 28052154
syscw: 3451111
read_bytes: 65225938944
write_bytes: 101164380160
cancelled_write_bytes: 589824

[2019-01-08T02:52:17-08:00]
rchar: 232197300850
wchar: 101335166725
syscr: 28110890
syscw: 3458813
read_bytes: 65297389568
write_bytes: 101479034880
cancelled_write_bytes: 589824

[2019-01-08T02:52:20-08:00]
rchar: 232824795398
wchar: 101530238357
syscr: 28186890
syscw: 3469677
read_bytes: 65400231936
write_bytes: 101674393600
cancelled_write_bytes: 606208

[2019-01-08T02:52:23-08:00]
rchar: 233983549786
wchar: 101879281990
syscr: 28327365
syscw: 3486949
read_bytes: 65565349888
write_bytes: 102023884800
cancelled_write_bytes: 618496

[2019-01-08T02:52:26-08:00]
rchar: 235451655717
wchar: 102115842864
syscr: 28505367
syscw: 3513498
read_bytes: 65831086080
write_bytes: 102260649984
cancelled_write_bytes: 618496

[2019-01-08T02:52:29-08:00]
rchar: 235683435860
wchar: 102378279993
syscr: 28533392
syscw: 3516177
read_bytes: 65856272384
write_bytes: 102523535360
cancelled_write_bytes: 626688

[2019-01-08T02:52:32-08:00]
rchar: 236787388863
wchar: 102808941325
syscr: 28667213
syscw: 3528054
read_bytes: 65992493056
write_bytes: 102954803200
cancelled_write_bytes: 626688

[2019-01-08T02:52:35-08:00]
rchar: 237839710632
wchar: 103246531306
syscr: 28794773
syscw: 3539269
read_bytes: 66167207936
write_bytes: 103393005568
cancelled_write_bytes: 626688

[2019-01-08T02:52:38-08:00]
rchar: 238347361394
wchar: 103574085403
syscr: 28856325
syscw: 3542876
read_bytes: 66293401600
write_bytes: 103720992768
cancelled_write_bytes: 626688

[2019-01-08T02:52:41-08:00]
rchar: 239016388547
wchar: 103953704696
syscr: 28937409
syscw: 3548289
read_bytes: 66503440384
write_bytes: 104101150720
cancelled_write_bytes: 630784

[2019-01-08T02:52:44-08:00]
rchar: 239788633843
wchar: 104362284805
syscr: 29031014
syscw: 3555075
read_bytes: 66777237504
write_bytes: 104510300160
cancelled_write_bytes: 630784

[2019-01-08T02:52:47-08:00]
rchar: 240534407021
wchar: 104718566905
syscr: 29121415
syscw: 3562492
read_bytes: 67079964672
write_bytes: 104867065856
cancelled_write_bytes: 630784

[2019-01-08T02:52:50-08:00]
rchar: 241156017438
wchar: 105029179676
syscr: 29196746
syscw: 3568409
read_bytes: 67346118656
write_bytes: 105178120192
cancelled_write_bytes: 630784

[2019-01-08T02:52:53-08:00]
rchar: 241758184387
wchar: 105342053570
syscr: 29269739
syscw: 3573708
read_bytes: 67599259648
write_bytes: 105491431424
cancelled_write_bytes: 630784

[2019-01-08T02:52:56-08:00]
rchar: 242174475897
wchar: 105564214247
syscr: 29320195
syscw: 3577409
read_bytes: 67765450752
write_bytes: 105713901568
cancelled_write_bytes: 630784

[2019-01-08T02:52:59-08:00]
rchar: 242345082229
wchar: 105824536585
syscr: 29340783
syscw: 3578810
read_bytes: 67814021120
write_bytes: 105974677504
cancelled_write_bytes: 638976

[2019-01-08T02:53:02-08:00]
rchar: 242978704803
wchar: 106247351017
syscr: 29417608
syscw: 3582103
read_bytes: 67985303552
write_bytes: 106399223808
cancelled_write_bytes: 638976

[2019-01-08T02:53:05-08:00]
rchar: 243558600949
wchar: 106589957955
syscr: 29487850
syscw: 3585780
read_bytes: 68193892352
write_bytes: 106742009856
cancelled_write_bytes: 638976

[2019-01-08T02:53:08-08:00]
rchar: 244071325746
wchar: 106913985352
syscr: 29549931
syscw: 3588808
read_bytes: 68381566976
write_bytes: 107065769984
cancelled_write_bytes: 638976

[2019-01-08T02:53:11-08:00]
rchar: 244627661629
wchar: 107262160695
syscr: 29617272
syscw: 3592097
read_bytes: 68549990400
write_bytes: 107415035904
cancelled_write_bytes: 638976

[2019-01-08T02:53:14-08:00]
rchar: 245172555681
wchar: 107592334669
syscr: 29683266
syscw: 3595469
read_bytes: 68725852160
write_bytes: 107745189888
cancelled_write_bytes: 638976

[2019-01-08T02:53:17-08:00]
rchar: 245681491870
wchar: 107870533410
syscr: 29744872
syscw: 3599172
read_bytes: 68927043584
write_bytes: 108023808000
cancelled_write_bytes: 638976

[2019-01-08T02:53:20-08:00]
rchar: 246219784699
wchar: 108157982963
syscr: 29810094
syscw: 3603292
read_bytes: 69135489024
write_bytes: 108311703552
cancelled_write_bytes: 638976

[2019-01-08T02:53:23-08:00]
rchar: 246759687778
wchar: 108400226929
syscr: 29875476
syscw: 3608076
read_bytes: 69275551744
write_bytes: 108554354688
cancelled_write_bytes: 638976

[2019-01-08T02:53:26-08:00]
rchar: 247575216692
wchar: 108678829786
syscr: 29974265
syscw: 3616582
read_bytes: 69449705472
write_bytes: 108833374208
cancelled_write_bytes: 638976

[2019-01-08T02:53:29-08:00]
rchar: 248482249319
wchar: 108920925518
syscr: 30084234
syscw: 3645269
read_bytes: 69869864960
write_bytes: 109075677184
cancelled_write_bytes: 638976

[2019-01-08T02:53:32-08:00]
rchar: 248645197019
wchar: 109127209684
syscr: 30103907
syscw: 3649517
read_bytes: 69931444224
write_bytes: 109282324480
cancelled_write_bytes: 647168

[2019-01-08T02:53:35-08:00]
rchar: 250187584538
wchar: 109420630454
syscr: 30290920
syscw: 3685833
read_bytes: 70449862656
write_bytes: 109575962624
cancelled_write_bytes: 647168

[2019-01-08T02:53:38-08:00]
rchar: 251062270634
wchar: 109715375484
syscr: 30396976
syscw: 3706890
read_bytes: 70747580416
write_bytes: 109872074752
cancelled_write_bytes: 647168

[2019-01-08T02:53:41-08:00]
rchar: 252011643964
wchar: 109896289622
syscr: 30512007
syscw: 3724551
read_bytes: 71010764800
write_bytes: 110052171776
cancelled_write_bytes: 655360

[2019-01-08T02:53:45-08:00]
rchar: 254127857498
wchar: 110208092896
syscr: 30768586
syscw: 3764590
read_bytes: 71580608512
write_bytes: 110364217344
cancelled_write_bytes: 655360

[2019-01-08T02:53:48-08:00]
rchar: 254313831669
wchar: 110348737162
syscr: 30791140
syscw: 3768432
read_bytes: 71620745216
write_bytes: 110505086976
cancelled_write_bytes: 655360

[2019-01-08T02:53:51-08:00]
rchar: 255865967183
wchar: 110561495268
syscr: 30979247
syscw: 3792949
read_bytes: 71904491520
write_bytes: 110718062592
cancelled_write_bytes: 663552

[2019-01-08T02:53:54-08:00]
rchar: 257970837518
wchar: 110790778434
syscr: 31234455
syscw: 3826538
read_bytes: 72270886912
write_bytes: 110947508224
cancelled_write_bytes: 663552

[2019-01-08T02:53:57-08:00]
rchar: 258397926445
wchar: 111189767177
syscr: 31286173
syscw: 3829697
read_bytes: 72321914880
write_bytes: 111347183616
cancelled_write_bytes: 671744

[2019-01-08T02:54:00-08:00]
rchar: 259034196561
wchar: 111697318223
syscr: 31363320
syscw: 3831618
read_bytes: 72362108928
write_bytes: 111855587328
cancelled_write_bytes: 671744

[2019-01-08T02:54:03-08:00]
rchar: 259664709505
wchar: 112077349675
syscr: 31439443
syscw: 3839049
read_bytes: 72553543680
write_bytes: 112236175360
cancelled_write_bytes: 671744

[2019-01-08T02:54:06-08:00]
rchar: 260377054560
wchar: 112489069828
syscr: 31525788
syscw: 3848033
read_bytes: 72769734656
write_bytes: 112648466432
cancelled_write_bytes: 671744

[2019-01-08T02:54:09-08:00]
rchar: 261024603107
wchar: 112844683787
syscr: 31604256
syscw: 3856972
read_bytes: 72997410816
write_bytes: 113004584960
cancelled_write_bytes: 671744

[2019-01-08T02:54:12-08:00]
rchar: 261767352082
wchar: 113220425636
syscr: 31694290
syscw: 3868160
read_bytes: 73202788352
write_bytes: 113380864000
cancelled_write_bytes: 671744

[2019-01-08T02:54:15-08:00]
rchar: 262553332509
wchar: 113638870398
syscr: 31789557
syscw: 3879759
read_bytes: 73384908800
write_bytes: 113800462336
cancelled_write_bytes: 671744

[2019-01-08T02:54:18-08:00]
rchar: 263065743011
wchar: 113895879763
syscr: 31851641
syscw: 3887643
read_bytes: 73536051200
write_bytes: 114057277440
cancelled_write_bytes: 671744

[2019-01-08T02:54:21-08:00]
rchar: 263597251059
wchar: 114293085472
syscr: 31916005
syscw: 3894740
read_bytes: 73685370880
write_bytes: 114455351296
cancelled_write_bytes: 679936

[2019-01-08T02:54:24-08:00]
rchar: 264351812404
wchar: 114598976190
syscr: 32007474
syscw: 3905227
read_bytes: 73903339520
write_bytes: 114761949184
cancelled_write_bytes: 679936

[2019-01-08T02:54:27-08:00]
rchar: 265171167009
wchar: 114903497526
syscr: 32106791
syscw: 3917168
read_bytes: 74119460864
write_bytes: 115066384384
cancelled_write_bytes: 679936

[2019-01-08T02:54:30-08:00]
rchar: 266353022772
wchar: 115237452215
syscr: 32250077
syscw: 3937772
read_bytes: 74449561600
write_bytes: 115400740864
cancelled_write_bytes: 679936

[2019-01-08T02:54:33-08:00]
rchar: 266957526154
wchar: 115450823525
syscr: 32323362
syscw: 3950414
read_bytes: 74592172032
write_bytes: 115614420992
cancelled_write_bytes: 679936

[2019-01-08T02:54:36-08:00]
rchar: 267454410207
wchar: 115655061118
syscr: 32383536
syscw: 3956842
read_bytes: 74709608448
write_bytes: 115818946560
cancelled_write_bytes: 688128

[2019-01-08T02:54:39-08:00]
rchar: 268567484332
wchar: 115923061599
syscr: 32518465
syscw: 3973272
read_bytes: 75029846016
write_bytes: 116087267328
cancelled_write_bytes: 688128

[2019-01-08T02:54:42-08:00]
rchar: 270249443371
wchar: 116337582153
syscr: 32722392
syscw: 3998443
read_bytes: 75447261184
write_bytes: 116502577152
cancelled_write_bytes: 692224

[2019-01-08T02:54:45-08:00]
rchar: 270734340769
wchar: 116645526954
syscr: 32781098
syscw: 4001909
read_bytes: 75481860096
write_bytes: 116810711040
cancelled_write_bytes: 692224

[2019-01-08T02:54:48-08:00]
rchar: 271450963808
wchar: 117084345956
syscr: 32867752
syscw: 4007349
read_bytes: 75535521792
write_bytes: 117250240512
cancelled_write_bytes: 692224

[2019-01-08T02:54:51-08:00]
rchar: 271847452413
wchar: 117326770957
syscr: 32915744
syscw: 4010327
read_bytes: 75565475840
write_bytes: 117493047296
cancelled_write_bytes: 692224

[2019-01-08T02:54:54-08:00]
rchar: 272235740580
wchar: 117744443088
syscr: 32962696
syscw: 4012749
read_bytes: 75613210624
write_bytes: 117911412736
cancelled_write_bytes: 700416

[2019-01-08T02:54:57-08:00]
rchar: 272709822869
wchar: 118035554810
syscr: 33020109
syscw: 4015886
read_bytes: 75716491264
write_bytes: 118202961920
cancelled_write_bytes: 700416

[2019-01-08T02:55:00-08:00]
rchar: 273434911691
wchar: 118319420580
syscr: 33108008
syscw: 4023211
read_bytes: 75982317568
write_bytes: 118487216128
cancelled_write_bytes: 700416

[2019-01-08T02:55:03-08:00]
rchar: 274419980994
wchar: 118732722274
syscr: 33227363
syscw: 4032761
read_bytes: 76272621568
write_bytes: 118901112832
cancelled_write_bytes: 700416

[2019-01-08T02:55:06-08:00]
rchar: 275179782954
wchar: 119045298980
syscr: 33319436
syscw: 4043873
read_bytes: 76546312192
write_bytes: 119214108672
cancelled_write_bytes: 700416

[2019-01-08T02:55:09-08:00]
rchar: 275918067411
wchar: 119346294181
syscr: 33408926
syscw: 4056542
read_bytes: 76831328256
write_bytes: 119515484160
cancelled_write_bytes: 700416

[2019-01-08T02:55:12-08:00]
rchar: 276719060692
wchar: 119620191684
syscr: 33506029
syscw: 4072457
read_bytes: 77173688320
write_bytes: 119789703168
cancelled_write_bytes: 700416

[2019-01-08T02:55:15-08:00]
rchar: 276827060377
wchar: 119830956195
syscr: 33519120
syscw: 4074374
read_bytes: 77206841344
write_bytes: 120000815104
cancelled_write_bytes: 700416

[2019-01-08T02:55:18-08:00]
rchar: 278195860377
wchar: 120088466942
syscr: 33684993
syscw: 4098963
read_bytes: 77602068480
write_bytes: 120258596864
cancelled_write_bytes: 708608

[2019-01-08T02:55:21-08:00]
rchar: 279938168040
wchar: 120329727577
syscr: 33896251
syscw: 4132376
read_bytes: 78027950080
write_bytes: 120500027392
cancelled_write_bytes: 708608

[2019-01-08T02:55:24-08:00]
rchar: 280000279837
wchar: 120495533392
syscr: 33903783
syscw: 4133748
read_bytes: 78042011648
write_bytes: 120666128384
cancelled_write_bytes: 708608

[2019-01-08T02:55:27-08:00]
rchar: 282369721368
wchar: 120797581295
syscr: 34190986
syscw: 4169955
read_bytes: 78492112896
write_bytes: 120968421376
cancelled_write_bytes: 716800

[2019-01-08T02:55:30-08:00]
rchar: 283754174157
wchar: 120987142565
syscr: 34358840
syscw: 4191401
read_bytes: 78736812032
write_bytes: 121158148096
cancelled_write_bytes: 716800

[2019-01-08T02:55:33-08:00]
rchar: 284100887322
wchar: 121324028042
syscr: 34400813
syscw: 4194384
read_bytes: 78770124800
write_bytes: 121495617536
cancelled_write_bytes: 724992

[2019-01-08T02:55:36-08:00]
rchar: 284578627564
wchar: 121726999729
syscr: 34458737
syscw: 4195510
read_bytes: 78792165376
write_bytes: 121899266048
cancelled_write_bytes: 724992

[2019-01-08T02:55:39-08:00]
rchar: 285100718556
wchar: 122108456644
syscr: 34521733
syscw: 4198088
read_bytes: 78834259968
write_bytes: 122281349120
cancelled_write_bytes: 724992

[2019-01-08T02:55:42-08:00]
rchar: 285726797905
wchar: 122542011365
syscr: 34597602
syscw: 4203837
read_bytes: 78953670656
write_bytes: 122715545600
cancelled_write_bytes: 724992

[2019-01-08T02:55:45-08:00]
rchar: 286231878785
wchar: 122860099947
syscr: 34658805
syscw: 4209241
read_bytes: 79068092416
write_bytes: 123034099712
cancelled_write_bytes: 724992

[2019-01-08T02:55:48-08:00]
rchar: 286754525191
wchar: 123160543017
syscr: 34722159
syscw: 4215667
read_bytes: 79184050176
write_bytes: 123334991872
cancelled_write_bytes: 724992

[2019-01-08T02:55:51-08:00]
rchar: 287442797309
wchar: 123585090766
syscr: 34805564
syscw: 4223578
read_bytes: 79333181440
write_bytes: 123760140288
cancelled_write_bytes: 724992

[2019-01-08T02:55:54-08:00]
rchar: 287966040219
wchar: 123884582832
syscr: 34868978
syscw: 4230519
read_bytes: 79474169856
write_bytes: 124060057600
cancelled_write_bytes: 724992

[2019-01-08T02:55:57-08:00]
rchar: 288488391338
wchar: 124222749804
syscr: 34932277
syscw: 4236242
read_bytes: 79586375680
write_bytes: 124398731264
cancelled_write_bytes: 724992

[2019-01-08T02:56:00-08:00]
rchar: 289034790478
wchar: 124568172014
syscr: 34998510
syscw: 4242481
read_bytes: 79718848512
write_bytes: 124744663040
cancelled_write_bytes: 724992

[2019-01-08T02:56:03-08:00]
rchar: 289650228162
wchar: 124917873840
syscr: 35073078
syscw: 4250867
read_bytes: 79867222016
write_bytes: 125094887424
cancelled_write_bytes: 724992

[2019-01-08T02:56:06-08:00]
rchar: 289910008731
wchar: 125034071806
syscr: 35104581
syscw: 4255625
read_bytes: 79955802112
write_bytes: 125211254784
cancelled_write_bytes: 724992

[2019-01-08T02:56:09-08:00]
rchar: 290136515882
wchar: 125269532174
syscr: 35131959
syscw: 4259601
read_bytes: 80017221632
write_bytes: 125447135232
cancelled_write_bytes: 733184

[2019-01-08T02:56:12-08:00]
rchar: 291211040982
wchar: 125563391113
syscr: 35262224
syscw: 4278545
read_bytes: 80278714368
write_bytes: 125741355008
cancelled_write_bytes: 733184

[2019-01-08T02:56:15-08:00]
rchar: 292564010130
wchar: 125838044966
syscr: 35426249
syscw: 4305543
read_bytes: 80600164352
write_bytes: 126016282624
cancelled_write_bytes: 733184

[2019-01-08T02:56:18-08:00]
rchar: 293250917721
wchar: 126137843322
syscr: 35509470
syscw: 4318369
read_bytes: 80752601088
write_bytes: 126316503040
cancelled_write_bytes: 741376

[2019-01-08T02:56:21-08:00]
rchar: 294518533366
wchar: 126442214348
syscr: 35663149
syscw: 4336828
read_bytes: 81109387264
write_bytes: 126621540352
cancelled_write_bytes: 741376

[2019-01-08T02:56:24-08:00]
rchar: 295537758709
wchar: 126831171275
syscr: 35786728
syscw: 4349276
read_bytes: 81402095616
write_bytes: 127010697216
cancelled_write_bytes: 741376

[2019-01-08T02:56:27-08:00]
rchar: 296168150976
wchar: 127251554096
syscr: 35863074
syscw: 4353366
read_bytes: 81593145344
write_bytes: 127431725056
cancelled_write_bytes: 741376

[2019-01-08T02:56:30-08:00]
rchar: 296795939591
wchar: 127658340649
syscr: 35939103
syscw: 4357560
read_bytes: 81794938880
write_bytes: 127839121408
cancelled_write_bytes: 741376

[2019-01-08T02:56:33-08:00]
rchar: 297399387521
wchar: 128040997710
syscr: 36012115
syscw: 4361747
read_bytes: 81946912768
write_bytes: 128222384128
cancelled_write_bytes: 741376

[2019-01-08T02:56:36-08:00]
rchar: 297980708140
wchar: 128405400129
syscr: 36082507
syscw: 4365857
read_bytes: 82101860352
write_bytes: 128587362304
cancelled_write_bytes: 741376

[2019-01-08T02:56:39-08:00]
rchar: 298632776744
wchar: 128788214699
syscr: 36161478
syscw: 4370989
read_bytes: 82290956288
write_bytes: 128970948608
cancelled_write_bytes: 741376

[2019-01-08T02:56:42-08:00]
rchar: 299089828041
wchar: 129068615720
syscr: 36216812
syscw: 4374605
read_bytes: 82409728000
write_bytes: 129251606528
cancelled_write_bytes: 741376

[2019-01-08T02:56:45-08:00]
rchar: 299633991156
wchar: 129351092346
syscr: 36282760
syscw: 4379860
read_bytes: 82551969792
write_bytes: 129534484480
cancelled_write_bytes: 741376

[2019-01-08T02:56:48-08:00]
rchar: 299737280839
wchar: 129534641193
syscr: 36295247
syscw: 4380820
read_bytes: 82573432832
write_bytes: 129718358016
cancelled_write_bytes: 741376

[2019-01-08T02:56:51-08:00]
rchar: 300326638209
wchar: 129844544411
syscr: 36366558
syscw: 4386855
read_bytes: 82718951424
write_bytes: 130028761088
cancelled_write_bytes: 749568

[2019-01-08T02:56:54-08:00]
rchar: 301555858762
wchar: 130153768538
syscr: 36515593
syscw: 4413150
read_bytes: 83065034752
write_bytes: 130338320384
cancelled_write_bytes: 749568

[2019-01-08T02:56:57-08:00]
rchar: 302799754587
wchar: 130521282814
syscr: 36666389
syscw: 4438915
read_bytes: 83343513600
write_bytes: 130707263488
cancelled_write_bytes: 749568

[2019-01-08T02:57:00-08:00]
rchar: 302969887561
wchar: 130716814605
syscr: 36687023
syscw: 4442973
read_bytes: 83386165248
write_bytes: 130902118400
cancelled_write_bytes: 749568

[2019-01-08T02:57:03-08:00]
rchar: 304806106837
wchar: 130971477220
syscr: 36909578
syscw: 4476799
read_bytes: 83718776832
write_bytes: 131156992000
cancelled_write_bytes: 757760

[2019-01-08T02:57:06-08:00]
rchar: 306189331236
wchar: 131227012925
syscr: 37077282
syscw: 4501453
read_bytes: 83980662784
write_bytes: 131412754432
cancelled_write_bytes: 757760

[2019-01-08T02:57:09-08:00]
rchar: 306678432681
wchar: 131644947865
syscr: 37136501
syscw: 4506009
read_bytes: 84049614848
write_bytes: 131831353344
cancelled_write_bytes: 770048

[2019-01-08T02:57:12-08:00]
rchar: 307396495119
wchar: 131951181997
syscr: 37223554
syscw: 4513352
read_bytes: 84210673664
write_bytes: 132138004480
cancelled_write_bytes: 770048

[2019-01-08T02:57:15-08:00]
rchar: 308531819560
wchar: 132402307318
syscr: 37361157
syscw: 4525786
read_bytes: 84409612288
write_bytes: 132589772800
cancelled_write_bytes: 770048

[2019-01-08T02:57:18-08:00]
rchar: 309381026480
wchar: 132694923612
syscr: 37464097
syscw: 4536085
read_bytes: 84543891456
write_bytes: 132882812928
cancelled_write_bytes: 770048

[2019-01-08T02:57:21-08:00]
rchar: 310165976505
wchar: 133059449611
syscr: 37559242
syscw: 4543773
read_bytes: 84646422528
write_bytes: 133247889408
cancelled_write_bytes: 770048

[2019-01-08T02:57:24-08:00]
rchar: 311414493173
wchar: 133448183587
syscr: 37710579
syscw: 4559436
read_bytes: 84834568192
write_bytes: 133637136384
cancelled_write_bytes: 770048

[2019-01-08T02:57:27-08:00]
rchar: 311961008063
wchar: 133744892475
syscr: 37776828
syscw: 4566730
read_bytes: 84939966464
write_bytes: 133934309376
cancelled_write_bytes: 770048

[2019-01-08T02:57:30-08:00]
rchar: 312301847687
wchar: 134017925061
syscr: 37818073
syscw: 4568625
read_bytes: 84963727360
write_bytes: 134207778816
cancelled_write_bytes: 778240

[2019-01-08T02:57:33-08:00]
rchar: 313062900588
wchar: 134491065551
syscr: 37910328
syscw: 4573008
read_bytes: 85032568832
write_bytes: 134681673728
cancelled_write_bytes: 778240

[2019-01-08T02:57:36-08:00]
rchar: 313576961264
wchar: 134783029891
syscr: 37972628
syscw: 4576448
read_bytes: 85092210688
write_bytes: 134975057920
cancelled_write_bytes: 778240

[2019-01-08T02:57:39-08:00]
rchar: 314274827974
wchar: 135200312773
syscr: 38057211
syscw: 4580841
read_bytes: 85163104256
write_bytes: 135392047104
cancelled_write_bytes: 778240

[2019-01-08T02:57:42-08:00]
rchar: 314921948004
wchar: 135544188586
syscr: 38135348
syscw: 4588929
read_bytes: 85277526016
write_bytes: 135736430592
cancelled_write_bytes: 778240

[2019-01-08T02:57:45-08:00]
rchar: 315416338950
wchar: 135859746310
syscr: 38195266
syscw: 4595077
read_bytes: 85409990656
write_bytes: 136052453376
cancelled_write_bytes: 778240

[2019-01-08T02:57:48-08:00]
rchar: 315929427702
wchar: 136199251447
syscr: 38257433
syscw: 4601347
read_bytes: 85536262144
write_bytes: 136392486912
cancelled_write_bytes: 778240

[2019-01-08T02:57:51-08:00]
rchar: 316899935537
wchar: 136412002001
syscr: 38375109
syscw: 4628445
read_bytes: 85908117504
write_bytes: 136605425664
cancelled_write_bytes: 778240

[2019-01-08T02:57:54-08:00]
rchar: 316977073128
wchar: 136584582200
syscr: 38384387
syscw: 4630561
read_bytes: 85931616256
write_bytes: 136778326016
cancelled_write_bytes: 786432

[2019-01-08T02:57:57-08:00]
rchar: 318194034998
wchar: 136899489923
syscr: 38531937
syscw: 4652930
read_bytes: 86194780160
write_bytes: 137093603328
cancelled_write_bytes: 786432

[2019-01-08T02:58:00-08:00]
rchar: 318836500618
wchar: 137210182465
syscr: 38609722
syscw: 4661403
read_bytes: 86295623680
write_bytes: 137404772352
cancelled_write_bytes: 786432

[2019-01-08T02:58:03-08:00]
rchar: 319659821986
wchar: 137590561171
syscr: 38709397
syscw: 4672648
read_bytes: 86416201728
write_bytes: 137785733120
cancelled_write_bytes: 786432

[2019-01-08T02:58:06-08:00]
rchar: 320627800075
wchar: 138011801350
syscr: 38826584
syscw: 4686482
read_bytes: 86555363328
write_bytes: 138207608832
cancelled_write_bytes: 786432

[2019-01-08T02:58:09-08:00]
rchar: 320908500791
wchar: 138247759622
syscr: 38860532
syscw: 4691801
read_bytes: 86605457408
write_bytes: 138443952128
cancelled_write_bytes: 786432

[2019-01-08T02:58:12-08:00]
rchar: 321421601538
wchar: 138554618195
syscr: 38922703
syscw: 4695825
read_bytes: 86813702144
write_bytes: 138751234048
cancelled_write_bytes: 794624

[2019-01-08T02:58:15-08:00]
rchar: 321976347549
wchar: 138881739525
syscr: 38989965
syscw: 4701691
read_bytes: 87124146176
write_bytes: 139078807552
cancelled_write_bytes: 794624

[2019-01-08T02:58:18-08:00]
rchar: 322465393364
wchar: 139174036322
syscr: 39049201
syscw: 4706784
read_bytes: 87381006336
write_bytes: 139371536384
cancelled_write_bytes: 794624

[2019-01-08T02:58:21-08:00]
rchar: 323064706071
wchar: 139521504198
syscr: 39121871
syscw: 4713070
read_bytes: 87717799936
write_bytes: 139719462912
cancelled_write_bytes: 794624

[2019-01-08T02:58:24-08:00]
rchar: 323553916375
wchar: 139823060566
syscr: 39181172
syscw: 4717638
read_bytes: 88015030272
write_bytes: 140021436416
cancelled_write_bytes: 794624

[2019-01-08T02:58:27-08:00]
rchar: 323958906752
wchar: 140083220318
syscr: 39230224
syscw: 4721213
read_bytes: 88275310592
write_bytes: 140281987072
cancelled_write_bytes: 794624

[2019-01-08T02:58:30-08:00]
rchar: 324413066873
wchar: 140375073496
syscr: 39285300
syscw: 4725056
read_bytes: 88567027712
write_bytes: 140574220288
cancelled_write_bytes: 794624

[2019-01-08T02:58:33-08:00]
rchar: 324818668710
wchar: 140637339736
syscr: 39334440
syscw: 4728693
read_bytes: 88823580672
write_bytes: 140836876288
cancelled_write_bytes: 794624

[2019-01-08T02:58:36-08:00]
rchar: 325232073294
wchar: 140902880398
syscr: 39384534
syscw: 4732264
read_bytes: 89092134912
write_bytes: 141102788608
cancelled_write_bytes: 794624

[2019-01-08T02:58:39-08:00]
rchar: 325705831723
wchar: 141211840246
syscr: 39441979
syscw: 4736432
read_bytes: 89400363008
write_bytes: 141412163584
cancelled_write_bytes: 794624

[2019-01-08T02:58:42-08:00]
rchar: 326017831497
wchar: 141419805246
syscr: 39479776
syscw: 4739045
read_bytes: 89594329088
write_bytes: 141620424704
cancelled_write_bytes: 794624

[2019-01-08T02:58:45-08:00]
rchar: 326464053748
wchar: 141716200900
syscr: 39533858
syscw: 4742587
read_bytes: 89892812800
write_bytes: 141917261824
cancelled_write_bytes: 794624

[2019-01-08T02:58:48-08:00]
rchar: 326931093578
wchar: 142028904764
syscr: 39590456
syscw: 4746466
read_bytes: 90178332672
write_bytes: 142230413312
cancelled_write_bytes: 794624

[2019-01-08T02:58:51-08:00]
rchar: 327473330231
wchar: 142381854176
syscr: 39656174
syscw: 4751074
read_bytes: 90539399168
write_bytes: 142583865344
cancelled_write_bytes: 794624

[2019-01-08T02:58:54-08:00]
rchar: 327866138243
wchar: 142623766491
syscr: 39703781
syscw: 4754850
read_bytes: 90797807616
write_bytes: 142826131456
cancelled_write_bytes: 794624

[2019-01-08T02:58:57-08:00]
rchar: 328138824472
wchar: 142957384358
syscr: 39736752
syscw: 4757916
read_bytes: 90979788800
write_bytes: 143160311808
cancelled_write_bytes: 802816

[2019-01-08T02:59:00-08:00]
rchar: 328819639002
wchar: 143209702481
syscr: 39819271
syscw: 4767419
read_bytes: 91298904064
write_bytes: 143412985856
cancelled_write_bytes: 802816

[2019-01-08T02:59:03-08:00]
rchar: 330242960425
wchar: 143441472494
syscr: 39991839
syscw: 4794299
read_bytes: 91731687424
write_bytes: 143644962816
cancelled_write_bytes: 802816

[2019-01-08T02:59:06-08:00]
rchar: 331520123620
wchar: 143635777594
syscr: 40146689
syscw: 4819077
read_bytes: 92050778112
write_bytes: 143839416320
cancelled_write_bytes: 802816

[2019-01-08T02:59:09-08:00]
rchar: 331886552507
wchar: 143840536343
syscr: 40191032
syscw: 4825182
read_bytes: 92124080128
write_bytes: 144044507136
cancelled_write_bytes: 811008

[2019-01-08T02:59:12-08:00]
rchar: 335081470698
wchar: 144197166360
syscr: 40578404
syscw: 4876346
read_bytes: 92719753216
write_bytes: 144401395712
cancelled_write_bytes: 811008

[2019-01-08T02:59:15-08:00]
rchar: 335234217508
wchar: 144367317868
syscr: 40596927
syscw: 4879007
read_bytes: 92745775104
write_bytes: 144571846656
cancelled_write_bytes: 811008

[2019-01-08T02:59:18-08:00]
rchar: 335639591967
wchar: 144651148941
syscr: 40646009
syscw: 4880913
read_bytes: 92771883008
write_bytes: 144856145920
cancelled_write_bytes: 819200

[2019-01-08T02:59:21-08:00]
rchar: 336334783492
wchar: 145172201904
syscr: 40730298
syscw: 4883428
read_bytes: 92808050688
write_bytes: 145378074624
cancelled_write_bytes: 819200

[2019-01-08T02:59:24-08:00]
rchar: 336949317881
wchar: 145518788576
syscr: 40804460
syscw: 4891012
read_bytes: 92939913216
write_bytes: 145725186048
cancelled_write_bytes: 819200

[2019-01-08T02:59:27-08:00]
rchar: 337423105412
wchar: 145829267873
syscr: 40861887
syscw: 4896065
read_bytes: 93028075520
write_bytes: 146036121600
cancelled_write_bytes: 819200

[2019-01-08T02:59:30-08:00]
rchar: 338132457113
wchar: 146250240907
syscr: 40947868
syscw: 4904989
read_bytes: 93185030144
write_bytes: 146457718784
cancelled_write_bytes: 819200

[2019-01-08T02:59:33-08:00]
rchar: 338981709418
wchar: 146655483697
syscr: 41050788
syscw: 4918721
read_bytes: 93398771712
write_bytes: 146863505408
cancelled_write_bytes: 819200

[2019-01-08T02:59:36-08:00]
rchar: 339726496260
wchar: 147020218538
syscr: 41141083
syscw: 4930695
read_bytes: 93578590208
write_bytes: 147228741632
cancelled_write_bytes: 819200

[2019-01-08T02:59:39-08:00]
rchar: 340239274606
wchar: 147290739148
syscr: 41203223
syscw: 4938523
read_bytes: 93684504576
write_bytes: 147499753472
cancelled_write_bytes: 819200

[2019-01-08T02:59:42-08:00]
rchar: 340465106763
wchar: 147528121712
syscr: 41230526
syscw: 4943288
read_bytes: 93745879040
write_bytes: 147737432064
cancelled_write_bytes: 827392

[2019-01-08T02:59:45-08:00]
rchar: 341874226699
wchar: 147905289662
syscr: 41401347
syscw: 4967457
read_bytes: 94048315392
write_bytes: 148115075072
cancelled_write_bytes: 827392

[2019-01-08T02:59:48-08:00]
rchar: 343185039731
wchar: 148223439538
syscr: 41560260
syscw: 4991385
read_bytes: 94326953984
write_bytes: 148433580032
cancelled_write_bytes: 827392

[2019-01-08T02:59:51-08:00]
rchar: 343770950404
wchar: 148326039153
syscr: 41631301
syscw: 5003130
read_bytes: 94469003264
write_bytes: 148536270848
cancelled_write_bytes: 827392

[2019-01-08T02:59:54-08:00]
rchar: 345019463411
wchar: 148686410727
syscr: 41782595
syscw: 5023437
read_bytes: 94689777664
write_bytes: 148897140736
cancelled_write_bytes: 835584

[2019-01-08T02:59:57-08:00]
rchar: 345658207815
wchar: 149052342518
syscr: 41859895
syscw: 5028763
read_bytes: 94743500800
write_bytes: 149263659008
cancelled_write_bytes: 835584

[2019-01-08T03:00:00-08:00]
rchar: 346461133890
wchar: 149425353586
syscr: 41957164
syscw: 5037061
read_bytes: 94827735040
write_bytes: 149637640192
cancelled_write_bytes: 835584

[2019-01-08T03:00:03-08:00]
rchar: 347268361329
wchar: 149744425469
syscr: 42054861
syscw: 5046544
read_bytes: 94924810240
write_bytes: 149956800512
cancelled_write_bytes: 835584

[2019-01-08T03:00:06-08:00]
rchar: 348311203124
wchar: 150054230239
syscr: 42181205
syscw: 5060854
read_bytes: 95070533632
write_bytes: 150267027456
cancelled_write_bytes: 835584

[2019-01-08T03:00:09-08:00]
rchar: 348428897502
wchar: 150263306932
syscr: 42195427
syscw: 5062277
read_bytes: 95082473472
write_bytes: 150476476416
cancelled_write_bytes: 835584

[2019-01-08T03:00:12-08:00]
rchar: 349121190605
wchar: 150667393428
syscr: 42279292
syscw: 5067193
read_bytes: 95193561088
write_bytes: 150881136640
cancelled_write_bytes: 843776

[2019-01-08T03:00:15-08:00]
rchar: 349630032387
wchar: 150957356329
syscr: 42340917
syscw: 5070886
read_bytes: 95287511040
write_bytes: 151171538944
cancelled_write_bytes: 843776

[2019-01-08T03:00:18-08:00]
rchar: 350194549747
wchar: 151251169176
syscr: 42409342
syscw: 5078304
read_bytes: 95516563456
write_bytes: 151465762816
cancelled_write_bytes: 843776

[2019-01-08T03:00:21-08:00]
rchar: 350991052331
wchar: 151689877078
syscr: 42505893
syscw: 5088251
read_bytes: 95817824256
write_bytes: 151905054720
cancelled_write_bytes: 843776

[2019-01-08T03:00:24-08:00]
rchar: 351471737426
wchar: 151976579485
syscr: 42564147
syscw: 5093926
read_bytes: 96004954112
write_bytes: 152192143360
cancelled_write_bytes: 843776

[2019-01-08T03:00:27-08:00]
rchar: 351923677240
wchar: 152247845937
syscr: 42618922
syscw: 5098905
read_bytes: 96188889088
write_bytes: 152463806464
cancelled_write_bytes: 843776

[2019-01-08T03:00:30-08:00]
rchar: 352465467546
wchar: 152563667928
syscr: 42684585
syscw: 5105111
read_bytes: 96430749696
write_bytes: 152780050432
cancelled_write_bytes: 843776

[2019-01-08T03:00:33-08:00]
rchar: 353078019615
wchar: 152872862738
syscr: 42758843
syscw: 5113414
read_bytes: 96774719488
write_bytes: 153089654784
cancelled_write_bytes: 843776

[2019-01-08T03:00:36-08:00]
rchar: 353729904719
wchar: 153201887477
syscr: 42837853
syscw: 5122241
read_bytes: 97127864320
write_bytes: 153419137024
cancelled_write_bytes: 843776

[2019-01-08T03:00:39-08:00]
rchar: 354003387994
wchar: 153321961948
syscr: 42871000
syscw: 5126707
read_bytes: 97271285760
write_bytes: 153539366912
cancelled_write_bytes: 843776

[2019-01-08T03:00:42-08:00]
rchar: 354342847930
wchar: 153719760642
syscr: 42912091
syscw: 5129296
read_bytes: 97357535232
write_bytes: 153937805312
cancelled_write_bytes: 851968

[2019-01-08T03:00:45-08:00]
rchar: 354758479962
wchar: 154010382170
syscr: 42962451
syscw: 5132064
read_bytes: 97468311552
write_bytes: 154228875264
cancelled_write_bytes: 851968

[2019-01-08T03:00:48-08:00]
rchar: 355300487066
wchar: 154387506096
syscr: 43028141
syscw: 5135793
read_bytes: 97608144896
write_bytes: 154606563328
cancelled_write_bytes: 851968

[2019-01-08T03:00:51-08:00]
rchar: 355881865488
wchar: 154745016094
syscr: 43098610
syscw: 5140899
read_bytes: 97834584064
write_bytes: 154964590592
cancelled_write_bytes: 851968

[2019-01-08T03:00:54-08:00]
rchar: 356346347494
wchar: 155026407703
syscr: 43154887
syscw: 5144983
read_bytes: 97957468160
write_bytes: 155246428160
cancelled_write_bytes: 851968

[2019-01-08T03:00:57-08:00]
rchar: 356852683614
wchar: 155275829252
syscr: 43216238
syscw: 5150769
read_bytes: 98109790208
write_bytes: 155496206336
cancelled_write_bytes: 851968

[2019-01-08T03:01:00-08:00]
rchar: 357648765186
wchar: 155737099577
syscr: 43312744
syscw: 5158467
read_bytes: 98321631232
write_bytes: 155958145024
cancelled_write_bytes: 856064

[2019-01-08T03:01:03-08:00]
rchar: 358248516550
wchar: 156116355359
syscr: 43385410
syscw: 5163610
read_bytes: 98455185408
write_bytes: 156337983488
cancelled_write_bytes: 856064

[2019-01-08T03:01:06-08:00]
rchar: 358966605836
wchar: 156443730394
syscr: 43472463
syscw: 5172967
read_bytes: 98669803520
write_bytes: 156665831424
cancelled_write_bytes: 856064

[2019-01-08T03:01:09-08:00]
rchar: 360038554046
wchar: 156772044098
syscr: 43602395
syscw: 5190983
read_bytes: 98967832576
write_bytes: 156994568192
cancelled_write_bytes: 856064

[2019-01-08T03:01:12-08:00]
rchar: 360417727139
wchar: 157017067439
syscr: 43648281
syscw: 5197320
read_bytes: 99048396800
write_bytes: 157240012800
cancelled_write_bytes: 864256

[2019-01-08T03:01:15-08:00]
rchar: 362128024968
wchar: 157367376362
syscr: 43855635
syscw: 5222790
read_bytes: 99427776512
write_bytes: 157590732800
cancelled_write_bytes: 864256

[2019-01-08T03:01:18-08:00]
rchar: 363824966966
wchar: 157607673843
syscr: 44061362
syscw: 5250842
read_bytes: 99790383104
write_bytes: 157831254016
cancelled_write_bytes: 864256

[2019-01-08T03:01:21-08:00]
rchar: 363981923026
wchar: 157797029413
syscr: 44080322
syscw: 5253473
read_bytes: 99827496960
write_bytes: 158020947968
cancelled_write_bytes: 864256

[2019-01-08T03:01:24-08:00]
rchar: 364700056843
wchar: 158186635986
syscr: 44167385
syscw: 5258851
read_bytes: 99915155456
write_bytes: 158411153408
cancelled_write_bytes: 872448

[2019-01-08T03:01:27-08:00]
rchar: 365425669290
wchar: 158586140891
syscr: 44255336
syscw: 5264133
read_bytes: 100005029888
write_bytes: 158811291648
cancelled_write_bytes: 872448

[2019-01-08T03:01:30-08:00]
rchar: 366047444510
wchar: 158948257621
syscr: 44330725
syscw: 5268201
read_bytes: 100078643200
write_bytes: 159173988352
cancelled_write_bytes: 872448

[2019-01-08T03:01:33-08:00]
rchar: 366552913522
wchar: 159173432120
syscr: 44391682
syscw: 5277466
read_bytes: 100238624768
write_bytes: 159399485440
cancelled_write_bytes: 872448

[2019-01-08T03:01:36-08:00]
rchar: 367678375056
wchar: 159638609083
syscr: 44528111
syscw: 5300397
read_bytes: 100604774400
write_bytes: 159865257984
cancelled_write_bytes: 872448

[2019-01-08T03:01:39-08:00]
rchar: 368321344705
wchar: 159981823842
syscr: 44606033
syscw: 5310901
read_bytes: 100762224640
write_bytes: 160208969728
cancelled_write_bytes: 872448

[2019-01-08T03:01:42-08:00]
rchar: 368786645201
wchar: 160285469882
syscr: 44662438
syscw: 5316703
read_bytes: 100839708672
write_bytes: 160513060864
cancelled_write_bytes: 872448

[2019-01-08T03:01:45-08:00]
rchar: 368841324519
wchar: 160471467869
syscr: 44669060
syscw: 5318014
read_bytes: 100852754432
write_bytes: 160699387904
cancelled_write_bytes: 872448

[2019-01-08T03:01:48-08:00]
rchar: 369651612272
wchar: 160723050805
syscr: 44767205
syscw: 5332206
read_bytes: 100989491200
write_bytes: 160951336960
cancelled_write_bytes: 884736

[2019-01-08T03:01:51-08:00]
rchar: 370454045227
wchar: 161149869073
syscr: 44864337
syscw: 5341672
read_bytes: 101092288512
write_bytes: 161378824192
cancelled_write_bytes: 884736

[2019-01-08T03:01:54-08:00]
rchar: 371214582159
wchar: 161547060600
syscr: 44956420
syscw: 5350846
read_bytes: 101183903744
write_bytes: 161776640000
cancelled_write_bytes: 884736

[2019-01-08T03:01:57-08:00]
rchar: 372422696340
wchar: 161827853080
syscr: 45102795
syscw: 5374203
read_bytes: 101401864192
write_bytes: 162057748480
cancelled_write_bytes: 884736

[2019-01-08T03:02:00-08:00]
rchar: 372712067049
wchar: 161955449535
syscr: 45137830
syscw: 5379429
read_bytes: 101447329792
write_bytes: 162185551872
cancelled_write_bytes: 884736

[2019-01-08T03:02:03-08:00]
rchar: 373642092029
wchar: 162248803183
syscr: 45250512
syscw: 5400893
read_bytes: 101647292416
write_bytes: 162479276032
cancelled_write_bytes: 892928

[2019-01-08T03:02:06-08:00]
rchar: 375187924499
wchar: 162500997924
syscr: 45437946
syscw: 5436897
read_bytes: 101994973184
write_bytes: 162731634688
cancelled_write_bytes: 892928

[2019-01-08T03:02:09-08:00]
rchar: 375526589352
wchar: 162912098552
syscr: 45478934
syscw: 5439492
read_bytes: 102026340352
write_bytes: 163143393280
cancelled_write_bytes: 901120

[2019-01-08T03:02:12-08:00]
rchar: 376138740265
wchar: 163319602605
syscr: 45553123
syscw: 5443746
read_bytes: 102095251456
write_bytes: 163551490048
cancelled_write_bytes: 901120

[2019-01-08T03:02:15-08:00]
rchar: 376764212181
wchar: 163671747422
syscr: 45628921
syscw: 5449734
read_bytes: 102188926976
write_bytes: 163904163840
cancelled_write_bytes: 901120

[2019-01-08T03:02:18-08:00]
rchar: 377569590267
wchar: 164138888490
syscr: 45726527
syscw: 5457126
read_bytes: 102293432320
write_bytes: 164372013056
cancelled_write_bytes: 901120

[2019-01-08T03:02:21-08:00]
rchar: 378040281216
wchar: 164438606575
syscr: 45783572
syscw: 5460932
read_bytes: 102337140736
write_bytes: 164672176128
cancelled_write_bytes: 901120

[2019-01-08T03:02:24-08:00]
rchar: 378614648525
wchar: 164716829151
syscr: 45853177
syscw: 5467625
read_bytes: 102416906240
write_bytes: 164950802432
cancelled_write_bytes: 901120

[2019-01-08T03:02:27-08:00]
rchar: 379370536493
wchar: 165073015907
syscr: 45944799
syscw: 5476719
read_bytes: 102555924480
write_bytes: 165307490304
cancelled_write_bytes: 901120

[2019-01-08T03:02:30-08:00]
rchar: 380047241454
wchar: 165427147708
syscr: 46026819
syscw: 5484127
read_bytes: 102678464512
write_bytes: 165662121984
cancelled_write_bytes: 901120

[2019-01-08T03:02:33-08:00]
rchar: 380536349758
wchar: 165695685382
syscr: 46086084
syscw: 5489256
read_bytes: 102762579968
write_bytes: 165931077632
cancelled_write_bytes: 901120

[2019-01-08T03:02:36-08:00]
rchar: 381419300929
wchar: 166090588678
syscr: 46193109
syscw: 5500748
read_bytes: 102936815616
write_bytes: 166326542336
cancelled_write_bytes: 901120

[2019-01-08T03:02:39-08:00]
rchar: 381558402526
wchar: 166321902488
syscr: 46209888
syscw: 5502638
read_bytes: 102964361216
write_bytes: 166558261248
cancelled_write_bytes: 909312

[2019-01-08T03:02:42-08:00]
rchar: 382337987044
wchar: 166560724807
syscr: 46304391
syscw: 5512840
read_bytes: 103117453312
write_bytes: 166797402112
cancelled_write_bytes: 909312

[2019-01-08T03:02:45-08:00]
rchar: 383302879016
wchar: 166869021817
syscr: 46421355
syscw: 5525404
read_bytes: 103378122752
write_bytes: 167106113536
cancelled_write_bytes: 909312

[2019-01-08T03:02:48-08:00]
rchar: 384481298398
wchar: 167146548710
syscr: 46564215
syscw: 5542774
read_bytes: 103690061824
write_bytes: 167383977984
cancelled_write_bytes: 909312

[2019-01-08T03:02:51-08:00]
rchar: 385801777773
wchar: 167432577243
syscr: 46724305
syscw: 5563200
read_bytes: 104035506176
write_bytes: 167670317056
cancelled_write_bytes: 909312

[2019-01-08T03:02:54-08:00]
rchar: 385910951186
wchar: 167615034585
syscr: 46737458
syscw: 5565035
read_bytes: 104064505856
write_bytes: 167853105152
cancelled_write_bytes: 909312

[2019-01-08T03:02:57-08:00]
rchar: 386565130948
wchar: 168019414777
syscr: 46816770
syscw: 5568939
read_bytes: 104331646976
write_bytes: 168258387968
cancelled_write_bytes: 917504

[2019-01-08T03:03:00-08:00]
rchar: 387114982453
wchar: 168358083673
syscr: 46883416
syscw: 5572362
read_bytes: 104581171200
write_bytes: 168597209088
cancelled_write_bytes: 917504

[2019-01-08T03:03:03-08:00]
rchar: 387697344625
wchar: 168724603916
syscr: 46954027
syscw: 5575817
read_bytes: 104828041216
write_bytes: 168964243456
cancelled_write_bytes: 917504

[2019-01-08T03:03:06-08:00]
rchar: 388299023647
wchar: 169095145514
syscr: 47026920
syscw: 5579508
read_bytes: 105065945088
write_bytes: 169335345152
cancelled_write_bytes: 917504

[2019-01-08T03:03:09-08:00]
rchar: 388644264213
wchar: 169323593492
syscr: 47068669
syscw: 5581288
read_bytes: 105189926912
write_bytes: 169564172288
cancelled_write_bytes: 917504

[2019-01-08T03:03:12-08:00]
rchar: 389268505080
wchar: 169698218247
syscr: 47144283
syscw: 5585005
read_bytes: 105451890688
write_bytes: 169939349504
cancelled_write_bytes: 917504

[2019-01-08T03:03:15-08:00]
rchar: 389802659447
wchar: 170022668233
syscr: 47209024
syscw: 5588150
read_bytes: 105691043840
write_bytes: 170264301568
cancelled_write_bytes: 917504

[2019-01-08T03:03:18-08:00]
rchar: 390259785971
wchar: 170283851835
syscr: 47264406
syscw: 5591154
read_bytes: 105902487552
write_bytes: 170525831168
cancelled_write_bytes: 917504

[2019-01-08T03:03:21-08:00]
rchar: 390784245423
wchar: 170586541030
syscr: 47327930
syscw: 5594516
read_bytes: 106144876544
write_bytes: 170828984320
cancelled_write_bytes: 917504

[2019-01-08T03:03:24-08:00]
rchar: 391220261883
wchar: 170854579973
syscr: 47380732
syscw: 5597055
read_bytes: 106320074752
write_bytes: 171097456640
cancelled_write_bytes: 917504

[2019-01-08T03:03:27-08:00]
rchar: 391553788940
wchar: 171062365703
syscr: 47421093
syscw: 5598964
read_bytes: 106454452224
write_bytes: 171305586688
cancelled_write_bytes: 917504

[2019-01-08T03:03:30-08:00]
rchar: 392031107127
wchar: 171350519711
syscr: 47478929
syscw: 5601771
read_bytes: 106646075392
write_bytes: 171594166272
cancelled_write_bytes: 917504

[2019-01-08T03:03:33-08:00]
rchar: 392421194733
wchar: 171630348566
syscr: 47526207
syscw: 5604495
read_bytes: 106919946240
write_bytes: 171874361344
cancelled_write_bytes: 917504

[2019-01-08T03:03:36-08:00]
rchar: 392784629483
wchar: 171894612370
syscr: 47570267
syscw: 5606990
read_bytes: 107191531520
write_bytes: 172139008000
cancelled_write_bytes: 917504

[2019-01-08T03:03:39-08:00]
rchar: 393134030498
wchar: 172150137118
syscr: 47612585
syscw: 5609394
read_bytes: 107448621056
write_bytes: 172394909696
cancelled_write_bytes: 917504

[2019-01-08T03:03:42-08:00]
rchar: 393537202548
wchar: 172445839213
syscr: 47661432
syscw: 5611994
read_bytes: 107750602752
write_bytes: 172691054592
cancelled_write_bytes: 917504

[2019-01-08T03:03:45-08:00]
rchar: 393931956476
wchar: 172740331346
syscr: 47709295
syscw: 5614526
read_bytes: 108052891648
write_bytes: 172985942016
cancelled_write_bytes: 917504

[2019-01-08T03:03:48-08:00]
rchar: 394355852426
wchar: 173056503082
syscr: 47760671
syscw: 5617347
read_bytes: 108375607296
write_bytes: 173302571008
cancelled_write_bytes: 917504

[2019-01-08T03:03:51-08:00]
rchar: 394741774202
wchar: 173348208578
syscr: 47807419
syscw: 5619708
read_bytes: 108682012672
write_bytes: 173594722304
cancelled_write_bytes: 917504

[2019-01-08T03:03:54-08:00]
rchar: 395123300182
wchar: 173631184579
syscr: 47853657
syscw: 5622092
read_bytes: 108993906688
write_bytes: 173878099968
cancelled_write_bytes: 917504

[2019-01-08T03:03:57-08:00]
rchar: 395506000614
wchar: 173921422218
syscr: 47900062
syscw: 5624331
read_bytes: 109313722368
write_bytes: 174168735744
cancelled_write_bytes: 917504

[2019-01-08T03:04:00-08:00]
rchar: 395840958760
wchar: 174178520031
syscr: 47940638
syscw: 5626365
read_bytes: 109600815104
write_bytes: 174426230784
cancelled_write_bytes: 917504

[2019-01-08T03:04:03-08:00]
rchar: 396191984626
wchar: 174442993638
syscr: 47983177
syscw: 5628376
read_bytes: 109902870528
write_bytes: 174691098624
cancelled_write_bytes: 917504

[2019-01-08T03:04:06-08:00]
rchar: 396554105573
wchar: 174722857983
syscr: 48027056
syscw: 5630674
read_bytes: 110218094592
write_bytes: 174971371520
cancelled_write_bytes: 917504

[2019-01-08T03:04:09-08:00]
rchar: 396866119732
wchar: 174962454837
syscr: 48064870
syscw: 5632930
read_bytes: 110487259136
write_bytes: 175211315200
cancelled_write_bytes: 917504

[2019-01-08T03:04:12-08:00]
rchar: 397247400987
wchar: 175258260624
syscr: 48111069
syscw: 5635741
read_bytes: 110815385600
write_bytes: 175507566592
cancelled_write_bytes: 917504

[2019-01-08T03:04:15-08:00]
rchar: 397493258148
wchar: 175607281559
syscr: 48140784
syscw: 5637943
read_bytes: 111013853184
write_bytes: 175857201152
cancelled_write_bytes: 925696

[2019-01-08T03:04:18-08:00]
rchar: 398023570993
wchar: 175923463894
syscr: 48205059
syscw: 5643665
read_bytes: 111395022848
write_bytes: 176173826048
cancelled_write_bytes: 925696

[2019-01-08T03:04:21-08:00]
rchar: 398554779214
wchar: 176160092327
syscr: 48269442
syscw: 5652363
read_bytes: 111737972736
write_bytes: 176410800128
cancelled_write_bytes: 925696

[2019-01-08T03:04:24-08:00]
rchar: 399411329075
wchar: 176419964336
syscr: 48373278
syscw: 5670725
read_bytes: 112145369088
write_bytes: 176670973952
cancelled_write_bytes: 937984

