Extracting RWBS and sectors to /tmp/ycsb-rocksdb/data/output_myworkloada/sectors.dat
Parsing results...

SECTOR_SIZE   RW   COUNT         RATIO (in R/W)   RATIO (Overall)
----------------------------------------------------------------------
24            R    1910747              46.281%           41.259%
16            R    912270               22.096%           19.699%
8             R    514724               12.467%           11.115%
1024          W    364249               72.496%            7.865%
40            R    124073                3.005%            2.679%
56            R    86325                 2.091%            1.864%
32            R    81821                 1.982%            1.767%
8             W    73474                14.623%            1.587%
72            R    61782                 1.496%            1.334%
256           R    56761                 1.375%            1.226%
1016          W    55951                11.136%            1.208%
88            R    46079                 1.116%            0.995%
104           R    34966                 0.847%            0.755%
48            R    30829                 0.747%            0.666%
64            R    28764                 0.697%            0.621%
120           R    26859                 0.651%            0.580%
136           R    19881                 0.482%            0.429%
80            R    19291                 0.467%            0.417%
512           R    19159                 0.464%            0.414%
96            R    15674                 0.380%            0.338%
152           R    14939                 0.362%            0.323%
112           R    13110                 0.318%            0.283%
128           R    12176                 0.295%            0.263%
168           R    11767                 0.285%            0.254%
184           R    9172                  0.222%            0.198%
144           R    8632                  0.209%            0.186%
160           R    7172                  0.174%            0.155%
200           R    7009                  0.170%            0.151%
216           R    6163                  0.149%            0.133%
176           R    6031                  0.146%            0.130%
192           R    6029                  0.146%            0.130%
232           R    4682                  0.113%            0.101%
208           R    4283                  0.104%            0.092%
240           R    3962                  0.096%            0.086%
224           R    3813                  0.092%            0.082%
248           R    3630                  0.088%            0.078%
264           R    1457                  0.035%            0.031%
280           R    1127                  0.027%            0.024%
296           R    1016                  0.025%            0.022%
312           R    865                   0.021%            0.019%
272           R    863                   0.021%            0.019%
408           W    829                   0.165%            0.018%
288           R    779                   0.019%            0.017%
328           R    739                   0.018%            0.016%
304           R    721                   0.017%            0.016%
416           W    663                   0.132%            0.014%
344           R    635                   0.015%            0.014%
320           R    627                   0.015%            0.014%
360           R    556                   0.013%            0.012%
336           R    517                   0.013%            0.011%
376           R    504                   0.012%            0.011%
352           R    479                   0.012%            0.010%
384           R    474                   0.011%            0.010%
368           R    470                   0.011%            0.010%
408           R    419                   0.010%            0.009%
392           R    407                   0.010%            0.009%
424           R    372                   0.009%            0.008%
400           R    351                   0.009%            0.008%
416           R    341                   0.008%            0.007%
440           R    338                   0.008%            0.007%
432           R    309                   0.007%            0.007%
64            W    289                   0.058%            0.006%
456           R    275                   0.007%            0.006%
472           R    272                   0.007%            0.006%
448           R    265                   0.006%            0.006%
464           R    263                   0.006%            0.006%
480           R    250                   0.006%            0.005%
28            W    237                   0.047%            0.005%
32            W    232                   0.046%            0.005%
27            W    224                   0.045%            0.005%
16            W    223                   0.044%            0.005%
13            W    211                   0.042%            0.005%
3             W    209                   0.042%            0.005%
29            W    206                   0.041%            0.004%
26            W    204                   0.041%            0.004%
24            W    195                   0.039%            0.004%
25            W    194                   0.039%            0.004%
30            W    165                   0.033%            0.004%
23            W    153                   0.030%            0.003%
12            W    148                   0.029%            0.003%
22            W    145                   0.029%            0.003%
400           W    135                   0.027%            0.003%
488           R    123                   0.003%            0.003%
112           W    119                   0.024%            0.003%
744           W    116                   0.023%            0.003%
120           W    116                   0.023%            0.003%
896           W    114                   0.023%            0.002%
96            W    112                   0.022%            0.002%
504           R    112                   0.003%            0.002%
496           R    110                   0.003%            0.002%
920           W    103                   0.021%            0.002%
136           W    102                   0.020%            0.002%
424           W    99                    0.020%            0.002%
952           W    98                    0.020%            0.002%
904           W    98                    0.020%            0.002%
888           W    94                    0.019%            0.002%
1             W    94                    0.019%            0.002%
784           W    80                    0.016%            0.002%
768           W    79                    0.016%            0.002%
11            W    75                    0.015%            0.002%
728           W    69                    0.014%            0.001%
736           W    67                    0.013%            0.001%
31            W    66                    0.013%            0.001%
21            W    66                    0.013%            0.001%
33            W    59                    0.012%            0.001%
712           W    53                    0.011%            0.001%
128           W    52                    0.010%            0.001%
15            W    51                    0.010%            0.001%
4             W    50                    0.010%            0.001%
20            W    49                    0.010%            0.001%
14            W    48                    0.010%            0.001%
48            W    47                    0.009%            0.001%
752           W    46                    0.009%            0.001%
17            W    46                    0.009%            0.001%
5             W    45                    0.009%            0.001%
40            W    45                    0.009%            0.001%
35            W    45                    0.009%            0.001%
7             W    41                    0.008%            0.001%
392           W    41                    0.008%            0.001%
6             W    40                    0.008%            0.001%
38            W    38                    0.008%            0.001%
34            W    38                    0.008%            0.001%
18            W    37                    0.007%            0.001%
10            W    37                    0.007%            0.001%
2             W    34                    0.007%            0.001%
19            W    34                    0.007%            0.001%
36            W    33                    0.007%            0.001%
9             W    31                    0.006%            0.001%
37            W    30                    0.006%            0.001%
160           W    28                    0.006%            0.001%
720           W    27                    0.005%            0.001%
968           W    23                    0.005%            0.000%
43            W    23                    0.005%            0.000%
41            W    23                    0.005%            0.000%
39            W    22                    0.004%            0.000%
984           W    21                    0.004%            0.000%
88            W    21                    0.004%            0.000%
56            W    21                    0.004%            0.000%
384           W    21                    0.004%            0.000%
928           W    20                    0.004%            0.000%
992           W    18                    0.004%            0.000%
51            W    18                    0.004%            0.000%
192           W    18                    0.004%            0.000%
144           W    18                    0.004%            0.000%
512           W    17                    0.003%            0.000%
152           W    17                    0.003%            0.000%
432           W    16                    0.003%            0.000%
42            W    16                    0.003%            0.000%
872           W    15                    0.003%            0.000%
53            W    15                    0.003%            0.000%
47            W    15                    0.003%            0.000%
46            W    15                    0.003%            0.000%
1000          W    15                    0.003%            0.000%
848           W    14                    0.003%            0.000%
792           W    14                    0.003%            0.000%
696           W    14                    0.003%            0.000%
680           W    14                    0.003%            0.000%
560           W    13                    0.003%            0.000%
54            W    13                    0.003%            0.000%
52            W    13                    0.003%            0.000%
50            W    13                    0.003%            0.000%
49            W    13                    0.003%            0.000%
44            W    13                    0.003%            0.000%
376           W    13                    0.003%            0.000%
224           W    13                    0.003%            0.000%
1008          W    13                    0.003%            0.000%
944           W    12                    0.002%            0.000%
664           W    12                    0.002%            0.000%
488           W    12                    0.002%            0.000%
344           W    12                    0.002%            0.000%
256           W    12                    0.002%            0.000%
976           W    11                    0.002%            0.000%
800           W    11                    0.002%            0.000%
704           W    11                    0.002%            0.000%
45            W    11                    0.002%            0.000%
360           W    11                    0.002%            0.000%
352           W    11                    0.002%            0.000%
288           W    11                    0.002%            0.000%
168           W    11                    0.002%            0.000%
808           W    10                    0.002%            0.000%
648           W    10                    0.002%            0.000%
640           W    10                    0.002%            0.000%
632           W    10                    0.002%            0.000%
528           W    10                    0.002%            0.000%
496           W    10                    0.002%            0.000%
312           W    10                    0.002%            0.000%
296           W    10                    0.002%            0.000%
880           W    9                     0.002%            0.000%
864           W    9                     0.002%            0.000%
672           W    9                     0.002%            0.000%
592           W    9                     0.002%            0.000%
552           W    9                     0.002%            0.000%
544           W    9                     0.002%            0.000%
456           W    9                     0.002%            0.000%
368           W    9                     0.002%            0.000%
320           W    9                     0.002%            0.000%
248           W    9                     0.002%            0.000%
208           W    9                     0.002%            0.000%
200           W    9                     0.002%            0.000%
184           W    9                     0.002%            0.000%
176           W    9                     0.002%            0.000%
824           W    8                     0.002%            0.000%
80            W    8                     0.002%            0.000%
520           W    8                     0.002%            0.000%
448           W    8                     0.002%            0.000%
336           W    8                     0.002%            0.000%
272           W    8                     0.002%            0.000%
1             R    8                     0.000%            0.000%
912           W    7                     0.001%            0.000%
832           W    7                     0.001%            0.000%
776           W    7                     0.001%            0.000%
656           W    7                     0.001%            0.000%
60            W    7                     0.001%            0.000%
608           W    7                     0.001%            0.000%
600           W    7                     0.001%            0.000%
504           W    7                     0.001%            0.000%
472           W    7                     0.001%            0.000%
304           W    7                     0.001%            0.000%
240           W    7                     0.001%            0.000%
216           W    7                     0.001%            0.000%
816           W    6                     0.001%            0.000%
760           W    6                     0.001%            0.000%
688           W    6                     0.001%            0.000%
624           W    6                     0.001%            0.000%
61            W    6                     0.001%            0.000%
616           W    6                     0.001%            0.000%
55            W    6                     0.001%            0.000%
536           W    6                     0.001%            0.000%
480           W    6                     0.001%            0.000%
264           W    6                     0.001%            0.000%
232           W    6                     0.001%            0.000%
936           W    5                     0.001%            0.000%
856           W    5                     0.001%            0.000%
72            W    5                     0.001%            0.000%
58            W    5                     0.001%            0.000%
576           W    5                     0.001%            0.000%
440           W    5                     0.001%            0.000%
328           W    5                     0.001%            0.000%
104           W    5                     0.001%            0.000%
960           W    4                     0.001%            0.000%
840           W    4                     0.001%            0.000%
63            W    4                     0.001%            0.000%
62            W    4                     0.001%            0.000%
584           W    4                     0.001%            0.000%
57            W    4                     0.001%            0.000%
568           W    4                     0.001%            0.000%
464           W    4                     0.001%            0.000%
59            W    3                     0.001%            0.000%
280           W    2                     0.000%            0.000%


SUMMARY (512-byte sectors)
----------------------------------------------------------------------
Total read I/Os : 4128619        [ 89.151%]
Total write I/Os: 502438         [ 10.849%]
Total read sectors : 152285696   [ 26.032%,   74358.250MB]
Total write sectors: 432702077   [ 73.968%,  211280.311MB]
