[2018-12-17T15:30:10-08:00]
rchar: 267074025
wchar: 158993969
syscr: 19673
syscw: 5227
read_bytes: 369366528
write_bytes: 159293440
cancelled_write_bytes: 0

[2018-12-17T15:30:13-08:00]
rchar: 651647532
wchar: 400920371
syscr: 66296
syscw: 25033
read_bytes: 847427072
write_bytes: 401408000
cancelled_write_bytes: 0

[2018-12-17T15:30:16-08:00]
rchar: 1037217280
wchar: 551248122
syscr: 113050
syscw: 63542
read_bytes: 1386722816
write_bytes: 551784448
cancelled_write_bytes: 0

[2018-12-17T15:30:19-08:00]
rchar: 1225303238
wchar: 881922986
syscr: 135757
syscw: 65761
read_bytes: 1418282496
write_bytes: 883019776
cancelled_write_bytes: 8192

[2018-12-17T15:30:22-08:00]
rchar: 1704679818
wchar: 1128462121
syscr: 193774
syscw: 78864
read_bytes: 1782646272
write_bytes: 1129869312
cancelled_write_bytes: 8192

[2018-12-17T15:30:25-08:00]
rchar: 2311813227
wchar: 1489294260
syscr: 267244
syscw: 93967
read_bytes: 2162976256
write_bytes: 1491202048
cancelled_write_bytes: 8192

[2018-12-17T15:30:28-08:00]
rchar: 2539445966
wchar: 1640938642
syscr: 294840
syscw: 98733
read_bytes: 2221340160
write_bytes: 1643081728
cancelled_write_bytes: 16384

[2018-12-17T15:30:31-08:00]
rchar: 3086244936
wchar: 1898657336
syscr: 361145
syscw: 125364
read_bytes: 2563986944
write_bytes: 1901092864
cancelled_write_bytes: 16384

[2018-12-17T15:30:34-08:00]
rchar: 4823222902
wchar: 2108169746
syscr: 571679
syscw: 179187
read_bytes: 3237398016
write_bytes: 2110623744
cancelled_write_bytes: 24576

[2018-12-17T15:30:37-08:00]
rchar: 5222323612
wchar: 2451093709
syscr: 620001
syscw: 186961
read_bytes: 3330782720
write_bytes: 2454065152
cancelled_write_bytes: 32768

[2018-12-17T15:30:40-08:00]
rchar: 5693992849
wchar: 2858864142
syscr: 677026
syscw: 188608
read_bytes: 3346064896
write_bytes: 2862530560
cancelled_write_bytes: 32768

[2018-12-17T15:30:43-08:00]
rchar: 6003638311
wchar: 3116038736
syscr: 714404
syscw: 189838
read_bytes: 3358246400
write_bytes: 3120173056
cancelled_write_bytes: 32768

[2018-12-17T15:30:46-08:00]
rchar: 6351897949
wchar: 3360995369
syscr: 756610
syscw: 195657
read_bytes: 3439773184
write_bytes: 3365474304
cancelled_write_bytes: 81920

[2018-12-17T15:30:49-08:00]
rchar: 7207595617
wchar: 3663283281
syscr: 860360
syscw: 228346
read_bytes: 3959133696
write_bytes: 3668049920
cancelled_write_bytes: 81920

[2018-12-17T15:30:52-08:00]
rchar: 7757418436
wchar: 3867532902
syscr: 927021
syscw: 249725
read_bytes: 4285584896
write_bytes: 3872493568
cancelled_write_bytes: 86016

[2018-12-17T15:30:55-08:00]
rchar: 8350807829
wchar: 4178124349
syscr: 998886
syscw: 265957
read_bytes: 4545455616
write_bytes: 4183511040
cancelled_write_bytes: 98304

[2018-12-17T15:30:58-08:00]
rchar: 9390527758
wchar: 4519702915
syscr: 1124939
syscw: 291399
read_bytes: 4930463232
write_bytes: 4525486080
cancelled_write_bytes: 98304

[2018-12-17T15:31:01-08:00]
rchar: 10131259677
wchar: 4708663769
syscr: 1214742
syscw: 312355
read_bytes: 5245670912
write_bytes: 4714614784
cancelled_write_bytes: 98304

[2018-12-17T15:31:04-08:00]
rchar: 11192139510
wchar: 5063335080
syscr: 1343281
syscw: 335286
read_bytes: 5586191872
write_bytes: 5069746176
cancelled_write_bytes: 110592

[2018-12-17T15:31:07-08:00]
rchar: 13037987797
wchar: 5409627005
syscr: 1567081
syscw: 375192
read_bytes: 6162761216
write_bytes: 5416321024
cancelled_write_bytes: 110592

[2018-12-17T15:31:10-08:00]
rchar: 13090958888
wchar: 5585116585
syscr: 1573520
syscw: 376454
read_bytes: 6181217792
write_bytes: 5592121344
cancelled_write_bytes: 110592

[2018-12-17T15:31:13-08:00]
rchar: 14452396182
wchar: 5788129770
syscr: 1738503
syscw: 400015
read_bytes: 6521591296
write_bytes: 5795319808
cancelled_write_bytes: 118784

[2018-12-17T15:31:16-08:00]
rchar: 16772187240
wchar: 6122480261
syscr: 2019752
syscw: 441080
read_bytes: 7089788416
write_bytes: 6129938432
cancelled_write_bytes: 118784

[2018-12-17T15:31:19-08:00]
rchar: 17007457600
wchar: 6426917752
syscr: 2048202
syscw: 443288
read_bytes: 7119923712
write_bytes: 6434902016
cancelled_write_bytes: 126976

[2018-12-17T15:31:22-08:00]
rchar: 17513957784
wchar: 6824859094
syscr: 2109466
syscw: 444816
read_bytes: 7142529536
write_bytes: 6833520640
cancelled_write_bytes: 126976

[2018-12-17T15:31:25-08:00]
rchar: 18015895471
wchar: 7219453527
syscr: 2170180
syscw: 446407
read_bytes: 7168563712
write_bytes: 7228764160
cancelled_write_bytes: 126976

[2018-12-17T15:31:28-08:00]
rchar: 18433870431
wchar: 7502771956
syscr: 2220684
syscw: 449966
read_bytes: 7230982656
write_bytes: 7512547328
cancelled_write_bytes: 126976

[2018-12-17T15:31:31-08:00]
rchar: 19328084789
wchar: 7888100294
syscr: 2329085
syscw: 479296
read_bytes: 7748393472
write_bytes: 7898288128
cancelled_write_bytes: 126976

[2018-12-17T15:31:34-08:00]
rchar: 20092564634
wchar: 8223995012
syscr: 2421762
syscw: 504681
read_bytes: 8087075328
write_bytes: 8234565632
cancelled_write_bytes: 126976

[2018-12-17T15:31:37-08:00]
rchar: 20297810963
wchar: 8448763898
syscr: 2446572
syscw: 510559
read_bytes: 8168540672
write_bytes: 8459698176
cancelled_write_bytes: 139264

[2018-12-17T15:31:40-08:00]
rchar: 21663828225
wchar: 8791537752
syscr: 2612183
syscw: 546322
read_bytes: 8656853504
write_bytes: 8802799616
cancelled_write_bytes: 139264

[2018-12-17T15:31:43-08:00]
rchar: 22352184444
wchar: 8964544571
syscr: 2695647
syscw: 564940
read_bytes: 8907995648
write_bytes: 8975966208
cancelled_write_bytes: 139264

[2018-12-17T15:31:46-08:00]
rchar: 23599138315
wchar: 9350417878
syscr: 2846751
syscw: 590863
read_bytes: 9249049088
write_bytes: 9362313216
cancelled_write_bytes: 151552

[2018-12-17T15:31:49-08:00]
rchar: 25209062078
wchar: 9652231158
syscr: 3041941
syscw: 624641
read_bytes: 9689999872
write_bytes: 9664405504
cancelled_write_bytes: 155648

[2018-12-17T15:31:52-08:00]
rchar: 25508485789
wchar: 9864670141
syscr: 3078163
syscw: 630236
read_bytes: 9758534144
write_bytes: 9877209088
cancelled_write_bytes: 163840

[2018-12-17T15:31:55-08:00]
rchar: 27216603719
wchar: 10140091720
syscr: 3285259
syscw: 658437
read_bytes: 10119797248
write_bytes: 10152890368
cancelled_write_bytes: 163840

[2018-12-17T15:31:58-08:00]
rchar: 28912198770
wchar: 10397022315
syscr: 3490835
syscw: 687408
read_bytes: 10486671872
write_bytes: 10410053632
cancelled_write_bytes: 163840

[2018-12-17T15:32:01-08:00]
rchar: 28986439551
wchar: 10588513390
syscr: 3499836
syscw: 688639
read_bytes: 10499848704
write_bytes: 10601893888
cancelled_write_bytes: 163840

[2018-12-17T15:32:04-08:00]
rchar: 29557598363
wchar: 11037432937
syscr: 3569010
syscw: 690603
read_bytes: 10534132224
write_bytes: 11051577344
cancelled_write_bytes: 172032

[2018-12-17T15:32:07-08:00]
rchar: 30118222309
wchar: 11400223861
syscr: 3636678
syscw: 696362
read_bytes: 10686110208
write_bytes: 11414925312
cancelled_write_bytes: 172032

[2018-12-17T15:32:10-08:00]
rchar: 30899568918
wchar: 11785619080
syscr: 3731387
syscw: 711197
read_bytes: 11055819264
write_bytes: 11801182208
cancelled_write_bytes: 172032

[2018-12-17T15:32:13-08:00]
rchar: 31644547668
wchar: 12185297659
syscr: 3821687
syscw: 724366
read_bytes: 11351616000
write_bytes: 12202078208
cancelled_write_bytes: 172032

[2018-12-17T15:32:16-08:00]
rchar: 32312694587
wchar: 12505675097
syscr: 3902676
syscw: 737801
read_bytes: 11667319296
write_bytes: 12521824256
cancelled_write_bytes: 172032

[2018-12-17T15:32:19-08:00]
rchar: 32918652901
wchar: 12823692540
syscr: 3976117
syscw: 749188
read_bytes: 11926628864
write_bytes: 12840275968
cancelled_write_bytes: 172032

[2018-12-17T15:32:22-08:00]
rchar: 33165803155
wchar: 13064582000
syscr: 4006082
syscw: 754815
read_bytes: 12035303936
write_bytes: 13081538560
cancelled_write_bytes: 172032

[2018-12-17T15:32:25-08:00]
rchar: 33674853584
wchar: 13286183239
syscr: 4067708
syscw: 763519
read_bytes: 12204276224
write_bytes: 13303447552
cancelled_write_bytes: 180224

[2018-12-17T15:32:28-08:00]
rchar: 34558264088
wchar: 13585405599
syscr: 4174809
syscw: 779204
read_bytes: 12511803904
write_bytes: 13603041280
cancelled_write_bytes: 180224

[2018-12-17T15:32:31-08:00]
rchar: 36076979737
wchar: 13938834723
syscr: 4358925
syscw: 810217
read_bytes: 12937988608
write_bytes: 13956829184
cancelled_write_bytes: 180224

[2018-12-17T15:32:34-08:00]
rchar: 36447673897
wchar: 14157953166
syscr: 4403870
syscw: 818049
read_bytes: 13039503872
write_bytes: 14176272384
cancelled_write_bytes: 180224

[2018-12-17T15:32:37-08:00]
rchar: 37338360107
wchar: 14361879329
syscr: 4511771
syscw: 832718
read_bytes: 13239486976
write_bytes: 14380453888
cancelled_write_bytes: 188416

[2018-12-17T15:32:40-08:00]
rchar: 38928797678
wchar: 14658006242
syscr: 4704626
syscw: 859446
read_bytes: 13586295296
write_bytes: 14676881408
cancelled_write_bytes: 188416

[2018-12-17T15:32:43-08:00]
rchar: 40116373195
wchar: 15021297085
syscr: 4848616
syscw: 875599
read_bytes: 13738039808
write_bytes: 15040663552
cancelled_write_bytes: 188416

[2018-12-17T15:32:46-08:00]
rchar: 40414001306
wchar: 15317152649
syscr: 4884587
syscw: 876852
read_bytes: 13745961472
write_bytes: 15338049536
cancelled_write_bytes: 188416

[2018-12-17T15:32:49-08:00]
rchar: 40877321786
wchar: 15766951620
syscr: 4940571
syscw: 878972
read_bytes: 13759470080
write_bytes: 15787610112
cancelled_write_bytes: 188416

[2018-12-17T15:32:52-08:00]
rchar: 41276756314
wchar: 16083801134
syscr: 4988895
syscw: 880405
read_bytes: 13778274816
write_bytes: 16104964096
cancelled_write_bytes: 196608

[2018-12-17T15:32:55-08:00]
rchar: 41746391425
wchar: 16459536478
syscr: 5045698
syscw: 882163
read_bytes: 13816097280
write_bytes: 16481316864
cancelled_write_bytes: 196608

[2018-12-17T15:32:58-08:00]
rchar: 42109461756
wchar: 16759391454
syscr: 5089654
syscw: 883816
read_bytes: 13852690944
write_bytes: 16781623296
cancelled_write_bytes: 196608

[2018-12-17T15:33:01-08:00]
rchar: 42724335402
wchar: 17087551524
syscr: 5164198
syscw: 892932
read_bytes: 14127577600
write_bytes: 17110204416
cancelled_write_bytes: 196608

[2018-12-17T15:33:04-08:00]
rchar: 43316788122
wchar: 17407848473
syscr: 5235995
syscw: 901716
read_bytes: 14391732736
write_bytes: 17430933504
cancelled_write_bytes: 196608

[2018-12-17T15:33:07-08:00]
rchar: 43932372177
wchar: 17725828543
syscr: 5310620
syscw: 911376
read_bytes: 14676662784
write_bytes: 17749336064
cancelled_write_bytes: 196608

[2018-12-17T15:33:10-08:00]
rchar: 44550841366
wchar: 18066793628
syscr: 5385575
syscw: 920608
read_bytes: 14932748800
write_bytes: 18091675648
cancelled_write_bytes: 196608

[2018-12-17T15:33:13-08:00]
rchar: 45252106486
wchar: 18395937989
syscr: 5470581
syscw: 932676
read_bytes: 15236459008
write_bytes: 18420506624
cancelled_write_bytes: 196608

[2018-12-17T15:33:16-08:00]
rchar: 45633037793
wchar: 18579982871
syscr: 5516767
syscw: 939025
read_bytes: 15404907008
write_bytes: 18604638208
cancelled_write_bytes: 196608

[2018-12-17T15:33:19-08:00]
rchar: 45960286760
wchar: 18906809000
syscr: 5556359
syscw: 943119
read_bytes: 15506307584
write_bytes: 18931990528
cancelled_write_bytes: 204800

[2018-12-17T15:33:22-08:00]
rchar: 46726495625
wchar: 19223545762
syscr: 5649213
syscw: 953820
read_bytes: 15767824896
write_bytes: 19249164288
cancelled_write_bytes: 204800

[2018-12-17T15:33:25-08:00]
rchar: 47530374378
wchar: 19542009618
syscr: 5746683
syscw: 965233
read_bytes: 16056183296
write_bytes: 19568009216
cancelled_write_bytes: 204800

[2018-12-17T15:33:28-08:00]
rchar: 48216073371
wchar: 19824308819
syscr: 5829788
syscw: 974879
read_bytes: 16288852480
write_bytes: 19850678272
cancelled_write_bytes: 204800

[2018-12-17T15:33:31-08:00]
rchar: 48920434498
wchar: 20122069027
syscr: 5915174
syscw: 984540
read_bytes: 16507279872
write_bytes: 20148838400
cancelled_write_bytes: 204800

[2018-12-17T15:33:34-08:00]
rchar: 49968844368
wchar: 20493823142
syscr: 6042272
syscw: 1000865
read_bytes: 16850307584
write_bytes: 20521054208
cancelled_write_bytes: 204800

[2018-12-17T15:33:37-08:00]
rchar: 50093216088
wchar: 20693394725
syscr: 6057272
syscw: 1003062
read_bytes: 16888707584
write_bytes: 20720984064
cancelled_write_bytes: 212992

[2018-12-17T15:33:40-08:00]
rchar: 51399646757
wchar: 21010982474
syscr: 6215643
syscw: 1021266
read_bytes: 17196509696
write_bytes: 21038952448
cancelled_write_bytes: 212992

[2018-12-17T15:33:43-08:00]
rchar: 53390975802
wchar: 21420541033
syscr: 6457042
syscw: 1050028
read_bytes: 17499933184
write_bytes: 21448978432
cancelled_write_bytes: 212992

[2018-12-17T15:33:46-08:00]
rchar: 54291851108
wchar: 21765357920
syscr: 6566248
syscw: 1060024
read_bytes: 17577593344
write_bytes: 21794279424
cancelled_write_bytes: 212992

[2018-12-17T15:33:49-08:00]
rchar: 54398048068
wchar: 21939739875
syscr: 6579126
syscw: 1061942
read_bytes: 17594558976
write_bytes: 21968973824
cancelled_write_bytes: 212992

[2018-12-17T15:33:52-08:00]
rchar: 55107521204
wchar: 22494267422
syscr: 6665088
syscw: 1064566
read_bytes: 17631533568
write_bytes: 22524366848
cancelled_write_bytes: 221184

[2018-12-17T15:33:55-08:00]
rchar: 55665482065
wchar: 22940606342
syscr: 6732705
syscw: 1066444
read_bytes: 17665882624
write_bytes: 22971416576
cancelled_write_bytes: 221184

[2018-12-17T15:33:58-08:00]
rchar: 56130554278
wchar: 23312896255
syscr: 6789071
syscw: 1067994
read_bytes: 17689889280
write_bytes: 23344316416
cancelled_write_bytes: 221184

[2018-12-17T15:34:01-08:00]
rchar: 56722272235
wchar: 23789467648
syscr: 6860483
syscw: 1070063
read_bytes: 17729153536
write_bytes: 23821639680
cancelled_write_bytes: 221184

[2018-12-17T15:34:04-08:00]
rchar: 57356810022
wchar: 24268236279
syscr: 6937388
syscw: 1075273
read_bytes: 17864624640
write_bytes: 24301105152
cancelled_write_bytes: 221184

[2018-12-17T15:34:07-08:00]
rchar: 57846047824
wchar: 24575598814
syscr: 6996683
syscw: 1081640
read_bytes: 18022320640
write_bytes: 24608931840
cancelled_write_bytes: 221184

[2018-12-17T15:34:10-08:00]
rchar: 58527525022
wchar: 24932478200
syscr: 7079291
syscw: 1093286
read_bytes: 18287299072
write_bytes: 24966279168
cancelled_write_bytes: 221184

[2018-12-17T15:34:13-08:00]
rchar: 59287365147
wchar: 25341259487
syscr: 7171372
syscw: 1105998
read_bytes: 18562103808
write_bytes: 25376542720
cancelled_write_bytes: 221184

[2018-12-17T15:34:16-08:00]
rchar: 59753952269
wchar: 25630957121
syscr: 7227913
syscw: 1112525
read_bytes: 18683537920
write_bytes: 25665753088
cancelled_write_bytes: 221184

[2018-12-17T15:34:19-08:00]
rchar: 60328774438
wchar: 25872899920
syscr: 7297601
syscw: 1124614
read_bytes: 18884524544
write_bytes: 25908023296
cancelled_write_bytes: 221184

[2018-12-17T15:34:22-08:00]
rchar: 60587220266
wchar: 26121277952
syscr: 7328850
syscw: 1129829
read_bytes: 18950552064
write_bytes: 26156814336
cancelled_write_bytes: 229376

[2018-12-17T15:34:25-08:00]
rchar: 62135526946
wchar: 26440472087
syscr: 7516563
syscw: 1158754
read_bytes: 19280656896
write_bytes: 26476331008
cancelled_write_bytes: 229376

[2018-12-17T15:34:28-08:00]
rchar: 63516648073
wchar: 26864699278
syscr: 7684029
syscw: 1176962
read_bytes: 19464763904
write_bytes: 26901123072
cancelled_write_bytes: 229376

[2018-12-17T15:34:31-08:00]
rchar: 63893703899
wchar: 27195201404
syscr: 7729601
syscw: 1177934
read_bytes: 19469052416
write_bytes: 27232182272
cancelled_write_bytes: 229376

[2018-12-17T15:34:34-08:00]
rchar: 64172836792
wchar: 27436728099
syscr: 7763301
syscw: 1179596
read_bytes: 19477654016
write_bytes: 27474116608
cancelled_write_bytes: 229376

[2018-12-17T15:34:37-08:00]
rchar: 64417737205
wchar: 27757864249
syscr: 7792897
syscw: 1181181
read_bytes: 19485604352
write_bytes: 27795808256
cancelled_write_bytes: 229376

[2018-12-17T15:34:40-08:00]
rchar: 64934481273
wchar: 28110578063
syscr: 7855341
syscw: 1185053
read_bytes: 19508115968
write_bytes: 28149137408
cancelled_write_bytes: 237568

[2018-12-17T15:34:43-08:00]
rchar: 65361336907
wchar: 28390566402
syscr: 7907085
syscw: 1189133
read_bytes: 19532417536
write_bytes: 28429533184
cancelled_write_bytes: 237568

[2018-12-17T15:34:46-08:00]
rchar: 65764654975
wchar: 28657000184
syscr: 7955971
syscw: 1193173
read_bytes: 19556112896
write_bytes: 28696371200
cancelled_write_bytes: 241664

[2018-12-17T15:34:49-08:00]
rchar: 67140822159
wchar: 29097279129
syscr: 8122804
syscw: 1218965
read_bytes: 19772520960
write_bytes: 29137174528
cancelled_write_bytes: 245760

[2018-12-17T15:34:52-08:00]
rchar: 67734940019
wchar: 29523876586
syscr: 8194798
syscw: 1223809
read_bytes: 19799984640
write_bytes: 29564391424
cancelled_write_bytes: 245760

[2018-12-17T15:34:55-08:00]
rchar: 68278548876
wchar: 29858542674
syscr: 8260691
syscw: 1230146
read_bytes: 19837667840
write_bytes: 29900476416
cancelled_write_bytes: 258048

[2018-12-17T15:34:58-08:00]
rchar: 68787650463
wchar: 30228664730
syscr: 8322401
syscw: 1234442
read_bytes: 19861658112
write_bytes: 30270251008
cancelled_write_bytes: 262144

[2018-12-17T15:35:01-08:00]
rchar: 68961224633
wchar: 30401753372
syscr: 8343434
syscw: 1235611
read_bytes: 19867458048
write_bytes: 30443610112
cancelled_write_bytes: 262144

[2018-12-17T15:35:04-08:00]
rchar: 69396964165
wchar: 30772906879
syscr: 8396172
syscw: 1240380
read_bytes: 19894372864
write_bytes: 30815379456
cancelled_write_bytes: 274432

[2018-12-17T15:35:07-08:00]
rchar: 72049688637
wchar: 31166992616
syscr: 8717801
syscw: 1287295
read_bytes: 20316621312
write_bytes: 31209746432
cancelled_write_bytes: 274432

[2018-12-17T15:35:10-08:00]
rchar: 72567682314
wchar: 31396339219
syscr: 8780525
syscw: 1294883
read_bytes: 20384344576
write_bytes: 31439458304
cancelled_write_bytes: 286720

[2018-12-17T15:35:13-08:00]
rchar: 73167082429
wchar: 31820857748
syscr: 8853185
syscw: 1298173
read_bytes: 20401097216
write_bytes: 31864631296
cancelled_write_bytes: 286720

[2018-12-17T15:35:16-08:00]
rchar: 73734255584
wchar: 32246003131
syscr: 8921778
syscw: 1300620
read_bytes: 20413463040
write_bytes: 32290488320
cancelled_write_bytes: 286720

[2018-12-17T15:35:19-08:00]
rchar: 74262152562
wchar: 32643145632
syscr: 8985594
syscw: 1302926
read_bytes: 20424731136
write_bytes: 32688304128
cancelled_write_bytes: 286720

[2018-12-17T15:35:22-08:00]
rchar: 74634675335
wchar: 32900345972
syscr: 9030685
syscw: 1306218
read_bytes: 20442831360
write_bytes: 32945922048
cancelled_write_bytes: 286720

[2018-12-17T15:35:25-08:00]
rchar: 75570403556
wchar: 33197619473
syscr: 9144125
syscw: 1329802
read_bytes: 20639275520
write_bytes: 33243500544
cancelled_write_bytes: 286720

[2018-12-17T15:35:28-08:00]
rchar: 76216109464
wchar: 33584705723
syscr: 9222391
syscw: 1338547
read_bytes: 20699212288
write_bytes: 33631113216
cancelled_write_bytes: 286720

[2018-12-17T15:35:31-08:00]
rchar: 76571562245
wchar: 33815533913
syscr: 9265477
syscw: 1343789
read_bytes: 20729108992
write_bytes: 33862295552
cancelled_write_bytes: 294912

[2018-12-17T15:35:34-08:00]
rchar: 76647170207
wchar: 33995747751
syscr: 9274646
syscw: 1346389
read_bytes: 20749195776
write_bytes: 34042822656
cancelled_write_bytes: 294912

[2018-12-17T15:35:37-08:00]
rchar: 77830723315
wchar: 34339660746
syscr: 9418056
syscw: 1367933
read_bytes: 20924811776
write_bytes: 34387779584
cancelled_write_bytes: 311296

[2018-12-17T15:35:40-08:00]
rchar: 78648319784
wchar: 34803766996
syscr: 9517156
syscw: 1377557
read_bytes: 20990798336
write_bytes: 34851917824
cancelled_write_bytes: 311296

[2018-12-17T15:35:43-08:00]
rchar: 79687650431
wchar: 35062104208
syscr: 9643172
syscw: 1398171
read_bytes: 21159246336
write_bytes: 35110526976
cancelled_write_bytes: 319488

[2018-12-17T15:35:46-08:00]
rchar: 80239939465
wchar: 35292194029
syscr: 9710055
syscw: 1408685
read_bytes: 21239261696
write_bytes: 35340959744
cancelled_write_bytes: 327680

[2018-12-17T15:35:49-08:00]
rchar: 82550738198
wchar: 35594687968
syscr: 9990229
syscw: 1447246
read_bytes: 21571430912
write_bytes: 35643650048
cancelled_write_bytes: 327680

[2018-12-17T15:35:52-08:00]
rchar: 82807053444
wchar: 35918829792
syscr: 10021261
syscw: 1449396
read_bytes: 21585775104
write_bytes: 35968303104
cancelled_write_bytes: 335872

[2018-12-17T15:35:55-08:00]
rchar: 83275681460
wchar: 36294182378
syscr: 10078080
syscw: 1451114
read_bytes: 21606214144
write_bytes: 36344197120
cancelled_write_bytes: 335872

[2018-12-17T15:35:58-08:00]
rchar: 83647112579
wchar: 36605776903
syscr: 10123121
syscw: 1452358
read_bytes: 21628140032
write_bytes: 36656250880
cancelled_write_bytes: 335872

[2018-12-17T15:36:01-08:00]
rchar: 84032182288
wchar: 36924194122
syscr: 10169674
syscw: 1453526
read_bytes: 21659851264
write_bytes: 36975177728
cancelled_write_bytes: 335872

[2018-12-17T15:36:04-08:00]
rchar: 84431584372
wchar: 37250125653
syscr: 10218018
syscw: 1454842
read_bytes: 21688429056
write_bytes: 37301633024
cancelled_write_bytes: 335872

[2018-12-17T15:36:07-08:00]
rchar: 84960999965
wchar: 37693303027
syscr: 10282111
syscw: 1456463
read_bytes: 21727357440
write_bytes: 37745512448
cancelled_write_bytes: 335872

[2018-12-17T15:36:10-08:00]
rchar: 85377468891
wchar: 38032117395
syscr: 10332478
syscw: 1457934
read_bytes: 21759597056
write_bytes: 38084886528
cancelled_write_bytes: 335872

[2018-12-17T15:36:13-08:00]
rchar: 85814606339
wchar: 38318664026
syscr: 10385417
syscw: 1463043
read_bytes: 21930019328
write_bytes: 38371848192
cancelled_write_bytes: 335872

[2018-12-17T15:36:16-08:00]
rchar: 86423095081
wchar: 38714246050
syscr: 10459191
syscw: 1471775
read_bytes: 22211983872
write_bytes: 38767976448
cancelled_write_bytes: 335872

[2018-12-17T15:36:19-08:00]
rchar: 86815578578
wchar: 38969995900
syscr: 10506747
syscw: 1477324
read_bytes: 22396922368
write_bytes: 39024115712
cancelled_write_bytes: 335872

[2018-12-17T15:36:22-08:00]
rchar: 87210102046
wchar: 39229948360
syscr: 10554536
syscw: 1482712
read_bytes: 22590962176
write_bytes: 39284445184
cancelled_write_bytes: 339968

[2018-12-17T15:36:25-08:00]
rchar: 87745033052
wchar: 39600315787
syscr: 10619381
syscw: 1489436
read_bytes: 22839863808
write_bytes: 39655284736
cancelled_write_bytes: 339968

[2018-12-17T15:36:28-08:00]
rchar: 88141108373
wchar: 39857305481
syscr: 10667389
syscw: 1495142
read_bytes: 23037508096
write_bytes: 39912648704
cancelled_write_bytes: 339968

[2018-12-17T15:36:31-08:00]
rchar: 88706496029
wchar: 40237395754
syscr: 10735929
syscw: 1502779
read_bytes: 23331043840
write_bytes: 40293236736
cancelled_write_bytes: 339968

[2018-12-17T15:36:34-08:00]
rchar: 89120790550
wchar: 40519370571
syscr: 10786130
syscw: 1508354
read_bytes: 23553083904
write_bytes: 40575619072
cancelled_write_bytes: 339968

[2018-12-17T15:36:37-08:00]
rchar: 89531824294
wchar: 40813397401
syscr: 10835932
syscw: 1513198
read_bytes: 23745681920
write_bytes: 40870072320
cancelled_write_bytes: 339968

[2018-12-17T15:36:40-08:00]
rchar: 89773606335
wchar: 40987896634
syscr: 10865236
syscw: 1515922
read_bytes: 23851551232
write_bytes: 41044815872
cancelled_write_bytes: 339968

[2018-12-17T15:36:43-08:00]
rchar: 90123522084
wchar: 41364181897
syscr: 10907566
syscw: 1520402
read_bytes: 24021158400
write_bytes: 41421709312
cancelled_write_bytes: 348160

[2018-12-17T15:36:46-08:00]
rchar: 90642675961
wchar: 41669257199
syscr: 10970496
syscw: 1526413
read_bytes: 24271071744
write_bytes: 41727205376
cancelled_write_bytes: 348160

[2018-12-17T15:36:49-08:00]
rchar: 91329567716
wchar: 42091798765
syscr: 11053737
syscw: 1533821
read_bytes: 24585579008
write_bytes: 42150342656
cancelled_write_bytes: 348160

[2018-12-17T15:36:52-08:00]
rchar: 91682182023
wchar: 42335678567
syscr: 11096464
syscw: 1537064
read_bytes: 24702761472
write_bytes: 42394595328
cancelled_write_bytes: 348160

[2018-12-17T15:36:55-08:00]
rchar: 92022520295
wchar: 42583203007
syscr: 11137688
syscw: 1539987
read_bytes: 24787102208
write_bytes: 42642530304
cancelled_write_bytes: 348160

[2018-12-17T15:36:58-08:00]
rchar: 92612313611
wchar: 42853456578
syscr: 11209172
syscw: 1549365
read_bytes: 24994429440
write_bytes: 42913153024
cancelled_write_bytes: 348160

[2018-12-17T15:37:01-08:00]
rchar: 93496240038
wchar: 43236888851
syscr: 11316317
syscw: 1563783
read_bytes: 25256344064
write_bytes: 43297079296
cancelled_write_bytes: 348160

[2018-12-17T15:37:04-08:00]
rchar: 94239014596
wchar: 43474203445
syscr: 11406364
syscw: 1578440
read_bytes: 25452231168
write_bytes: 43534659584
cancelled_write_bytes: 348160

[2018-12-17T15:37:07-08:00]
rchar: 95133455481
wchar: 43830093679
syscr: 11514744
syscw: 1593656
read_bytes: 25657690624
write_bytes: 43891060736
cancelled_write_bytes: 356352

[2018-12-17T15:37:10-08:00]
rchar: 96735836544
wchar: 44174241956
syscr: 11709014
syscw: 1620428
read_bytes: 25980430848
write_bytes: 44235583488
cancelled_write_bytes: 356352

[2018-12-17T15:37:13-08:00]
rchar: 97654832624
wchar: 44323409365
syscr: 11820433
syscw: 1636383
read_bytes: 26142808576
write_bytes: 44384882688
cancelled_write_bytes: 356352

[2018-12-17T15:37:16-08:00]
rchar: 100599547121
wchar: 44783764359
syscr: 12177388
syscw: 1668170
read_bytes: 26445359616
write_bytes: 44845723648
cancelled_write_bytes: 364544

[2018-12-17T15:37:19-08:00]
rchar: 101317381644
wchar: 45001026255
syscr: 12264428
syscw: 1678789
read_bytes: 26537134592
write_bytes: 45063286784
cancelled_write_bytes: 364544

[2018-12-17T15:37:22-08:00]
rchar: 101795497051
wchar: 45360642221
syscr: 12322336
syscw: 1681277
read_bytes: 26555492864
write_bytes: 45423452160
cancelled_write_bytes: 372736

[2018-12-17T15:37:25-08:00]
rchar: 102209709569
wchar: 45681989140
syscr: 12372560
syscw: 1682746
read_bytes: 26566093312
write_bytes: 45745344512
cancelled_write_bytes: 372736

[2018-12-17T15:37:28-08:00]
rchar: 102584916024
wchar: 46027645342
syscr: 12418051
syscw: 1683078
read_bytes: 26566093312
write_bytes: 46091608064
cancelled_write_bytes: 372736

[2018-12-17T15:37:31-08:00]
rchar: 102985687370
wchar: 46349011709
syscr: 12466285
syscw: 1684296
read_bytes: 26575510016
write_bytes: 46413471744
cancelled_write_bytes: 372736

[2018-12-17T15:37:34-08:00]
rchar: 103682182373
wchar: 46925534030
syscr: 12550681
syscw: 1687500
read_bytes: 26600385024
write_bytes: 46990856192
cancelled_write_bytes: 372736

[2018-12-17T15:37:37-08:00]
rchar: 104210613995
wchar: 47357143132
syscr: 12614721
syscw: 1690131
read_bytes: 26622536192
write_bytes: 47423135744
cancelled_write_bytes: 372736

[2018-12-17T15:37:40-08:00]
rchar: 104689076898
wchar: 47760188332
syscr: 12672687
syscw: 1692395
read_bytes: 26645273088
write_bytes: 47826808832
cancelled_write_bytes: 372736

[2018-12-17T15:37:43-08:00]
rchar: 105240420046
wchar: 48087348874
syscr: 12739505
syscw: 1699336
read_bytes: 26729003520
write_bytes: 48155230208
cancelled_write_bytes: 372736

[2018-12-17T15:37:46-08:00]
rchar: 105972429023
wchar: 48526121842
syscr: 12828226
syscw: 1709207
read_bytes: 26834303488
write_bytes: 48593858560
cancelled_write_bytes: 372736

[2018-12-17T15:37:49-08:00]
rchar: 106833253140
wchar: 49037963177
syscr: 12932561
syscw: 1720803
read_bytes: 26944334336
write_bytes: 49106440192
cancelled_write_bytes: 372736

[2018-12-17T15:37:52-08:00]
rchar: 107556890191
wchar: 49382871883
syscr: 13020214
syscw: 1736994
read_bytes: 27088693760
write_bytes: 49451827200
cancelled_write_bytes: 372736

[2018-12-17T15:37:55-08:00]
rchar: 109663241898
wchar: 49864289548
syscr: 13275610
syscw: 1771133
read_bytes: 27353803264
write_bytes: 49933799424
cancelled_write_bytes: 380928

[2018-12-17T15:37:58-08:00]
rchar: 110411376397
wchar: 50456988163
syscr: 13366032
syscw: 1774783
read_bytes: 27371284992
write_bytes: 50527481856
cancelled_write_bytes: 380928

[2018-12-17T15:38:01-08:00]
rchar: 110887684304
wchar: 50800673494
syscr: 13423582
syscw: 1777945
read_bytes: 27388353024
write_bytes: 50871762944
cancelled_write_bytes: 380928

[2018-12-17T15:38:04-08:00]
rchar: 111504881712
wchar: 51277636532
syscr: 13498381
syscw: 1783248
read_bytes: 27417586176
write_bytes: 51349430272
cancelled_write_bytes: 380928

[2018-12-17T15:38:07-08:00]
rchar: 111847471822
wchar: 51551393306
syscr: 13539909
syscw: 1788334
read_bytes: 27444771328
write_bytes: 51623624704
cancelled_write_bytes: 380928

[2018-12-17T15:38:10-08:00]
rchar: 112093164749
wchar: 51827299905
syscr: 13569604
syscw: 1791092
read_bytes: 27458820608
write_bytes: 51899981824
cancelled_write_bytes: 397312

[2018-12-17T15:38:13-08:00]
rchar: 112599172676
wchar: 52144816653
syscr: 13630935
syscw: 1795952
read_bytes: 27486546432
write_bytes: 52217958400
cancelled_write_bytes: 397312

[2018-12-17T15:38:16-08:00]
rchar: 113878722575
wchar: 52515467677
syscr: 13786075
syscw: 1819181
read_bytes: 27678747136
write_bytes: 52589047808
cancelled_write_bytes: 401408

[2018-12-17T15:38:19-08:00]
rchar: 114505497374
wchar: 52956697865
syscr: 13862029
syscw: 1824593
read_bytes: 27707050496
write_bytes: 53030944768
cancelled_write_bytes: 405504

[2018-12-17T15:38:22-08:00]
rchar: 115091568467
wchar: 53341953150
syscr: 13933062
syscw: 1830621
read_bytes: 27739240960
write_bytes: 53416759296
cancelled_write_bytes: 405504

[2018-12-17T15:38:25-08:00]
rchar: 115579245902
wchar: 53681430173
syscr: 13992156
syscw: 1834991
read_bytes: 27762625024
write_bytes: 53756755968
cancelled_write_bytes: 409600

[2018-12-17T15:38:28-08:00]
rchar: 116194388155
wchar: 54105868210
syscr: 14066702
syscw: 1840832
read_bytes: 27794070016
write_bytes: 54181806080
cancelled_write_bytes: 409600

[2018-12-17T15:38:31-08:00]
rchar: 116365617206
wchar: 54279698392
syscr: 14087468
syscw: 1843895
read_bytes: 27818232320
write_bytes: 54355902464
cancelled_write_bytes: 409600

[2018-12-17T15:38:34-08:00]
rchar: 116804561980
wchar: 54510065061
syscr: 14140605
syscw: 1849652
read_bytes: 27858393600
write_bytes: 54586621952
cancelled_write_bytes: 425984

[2018-12-17T15:38:37-08:00]
rchar: 117404374493
wchar: 54864966219
syscr: 14213307
syscw: 1854877
read_bytes: 27887958528
write_bytes: 54942412800
cancelled_write_bytes: 430080

[2018-12-17T15:38:40-08:00]
rchar: 117831598462
wchar: 55148955227
syscr: 14265082
syscw: 1858276
read_bytes: 27907054080
write_bytes: 55226466304
cancelled_write_bytes: 430080

[2018-12-17T15:38:43-08:00]
rchar: 119523000735
wchar: 55456001664
syscr: 14470144
syscw: 1887989
read_bytes: 28147542528
write_bytes: 55533793280
cancelled_write_bytes: 430080

[2018-12-17T15:38:46-08:00]
rchar: 120068519416
wchar: 55690849207
syscr: 14536292
syscw: 1898218
read_bytes: 28232948224
write_bytes: 55768973312
cancelled_write_bytes: 430080

[2018-12-17T15:38:49-08:00]
rchar: 123403594986
wchar: 56091836347
syscr: 14940568
syscw: 1945350
read_bytes: 28640659968
write_bytes: 56170258432
cancelled_write_bytes: 446464

[2018-12-17T15:38:52-08:00]
rchar: 123810734174
wchar: 56471526407
syscr: 14989876
syscw: 1948730
read_bytes: 28670573056
write_bytes: 56550559744
cancelled_write_bytes: 454656

[2018-12-17T15:38:55-08:00]
rchar: 124416012810
wchar: 56933921764
syscr: 15063141
syscw: 1950824
read_bytes: 28706142720
write_bytes: 57013706752
cancelled_write_bytes: 454656

[2018-12-17T15:38:58-08:00]
rchar: 124990889714
wchar: 57379682221
syscr: 15132711
syscw: 1952933
read_bytes: 28740971008
write_bytes: 57460178944
cancelled_write_bytes: 454656

[2018-12-17T15:39:01-08:00]
rchar: 125417463803
wchar: 57707500963
syscr: 15184339
syscw: 1954432
read_bytes: 28769384960
write_bytes: 57788526592
cancelled_write_bytes: 454656

[2018-12-17T15:39:04-08:00]
rchar: 125836621725
wchar: 58021411569
syscr: 15235022
syscw: 1956153
read_bytes: 28800891392
write_bytes: 58102935552
cancelled_write_bytes: 454656

[2018-12-17T15:39:07-08:00]
rchar: 126308569196
wchar: 58327502918
syscr: 15292230
syscw: 1962322
read_bytes: 28948122112
write_bytes: 58409443328
cancelled_write_bytes: 454656

[2018-12-17T15:39:10-08:00]
rchar: 126969922589
wchar: 58690018834
syscr: 15372414
syscw: 1974386
read_bytes: 29238327808
write_bytes: 58772807680
cancelled_write_bytes: 458752

[2018-12-17T15:39:13-08:00]
rchar: 127592299064
wchar: 59027962215
syscr: 15447844
syscw: 1986253
read_bytes: 29506329088
write_bytes: 59110797312
cancelled_write_bytes: 458752

[2018-12-17T15:39:16-08:00]
rchar: 128171985581
wchar: 59362844265
syscr: 15518100
syscw: 1996236
read_bytes: 29729266176
write_bytes: 59446149120
cancelled_write_bytes: 458752

[2018-12-17T15:39:19-08:00]
rchar: 128756772263
wchar: 59703376292
syscr: 15588979
syscw: 2006382
read_bytes: 29960407552
write_bytes: 59787145216
cancelled_write_bytes: 458752

[2018-12-17T15:39:22-08:00]
rchar: 128996805469
wchar: 59851094592
syscr: 15618068
syscw: 2010315
read_bytes: 30039190016
write_bytes: 59935100928
cancelled_write_bytes: 458752

[2018-12-17T15:39:25-08:00]
rchar: 129392917689
wchar: 60178974542
syscr: 15666008
syscw: 2017388
read_bytes: 30172625408
write_bytes: 60263485440
cancelled_write_bytes: 466944

[2018-12-17T15:39:28-08:00]
rchar: 130149997242
wchar: 60541190784
syscr: 15757779
syscw: 2028354
read_bytes: 30400973312
write_bytes: 60626190336
cancelled_write_bytes: 466944

[2018-12-17T15:39:31-08:00]
rchar: 130832668169
wchar: 60883365823
syscr: 15840514
syscw: 2037986
read_bytes: 30540651008
write_bytes: 60968841216
cancelled_write_bytes: 466944

[2018-12-17T15:39:34-08:00]
rchar: 131408672959
wchar: 61329538319
syscr: 15910322
syscw: 2041531
read_bytes: 30580681216
write_bytes: 61415665664
cancelled_write_bytes: 466944

[2018-12-17T15:39:37-08:00]
rchar: 131787304844
wchar: 61615544764
syscr: 15956195
syscw: 2044204
read_bytes: 30611782144
write_bytes: 61702086656
cancelled_write_bytes: 466944

[2018-12-17T15:39:40-08:00]
rchar: 132954806114
wchar: 61971681730
syscr: 16097729
syscw: 2066743
read_bytes: 30854711808
write_bytes: 62058643456
cancelled_write_bytes: 466944

[2018-12-17T15:39:43-08:00]
rchar: 133270524707
wchar: 62170340346
syscr: 16136007
syscw: 2071185
read_bytes: 30884424192
write_bytes: 62257606656
cancelled_write_bytes: 466944

[2018-12-17T15:39:46-08:00]
rchar: 133682768216
wchar: 62513505749
syscr: 16185892
syscw: 2075178
read_bytes: 30905739776
write_bytes: 62601334784
cancelled_write_bytes: 475136

[2018-12-17T15:39:49-08:00]
rchar: 134820512808
wchar: 62886549231
syscr: 16323819
syscw: 2088993
read_bytes: 31023880704
write_bytes: 62974849024
cancelled_write_bytes: 475136

[2018-12-17T15:39:52-08:00]
rchar: 136819215058
wchar: 63155427995
syscr: 16566157
syscw: 2122672
read_bytes: 31318534656
write_bytes: 63243927552
cancelled_write_bytes: 475136

[2018-12-17T15:39:55-08:00]
rchar: 137454553986
wchar: 63384651554
syscr: 16643115
syscw: 2132337
read_bytes: 31397861888
write_bytes: 63473504256
cancelled_write_bytes: 483328

[2018-12-17T15:39:58-08:00]
rchar: 138452849946
wchar: 63753567153
syscr: 16764124
syscw: 2142296
read_bytes: 31472720384
write_bytes: 63842938880
cancelled_write_bytes: 483328

[2018-12-17T15:40:01-08:00]
rchar: 140770356864
wchar: 64022828441
syscr: 17045107
syscw: 2174165
read_bytes: 31742896640
write_bytes: 64112386048
cancelled_write_bytes: 483328

[2018-12-17T15:40:04-08:00]
rchar: 141312959369
wchar: 64520854494
syscr: 17110830
syscw: 2177557
read_bytes: 31766010368
write_bytes: 64611217408
cancelled_write_bytes: 491520

[2018-12-17T15:40:07-08:00]
rchar: 141943204360
wchar: 64980941256
syscr: 17187224
syscw: 2180076
read_bytes: 31785961984
write_bytes: 65072082944
cancelled_write_bytes: 491520

[2018-12-17T15:40:10-08:00]
rchar: 142569468046
wchar: 65434186466
syscr: 17263119
syscw: 2182732
read_bytes: 31808666112
write_bytes: 65526046720
cancelled_write_bytes: 491520

[2018-12-17T15:40:13-08:00]
rchar: 143138147566
wchar: 65856833911
syscr: 17331750
syscw: 2185184
read_bytes: 31831476736
write_bytes: 65949356032
cancelled_write_bytes: 491520

[2018-12-17T15:40:16-08:00]
rchar: 143512479204
wchar: 66177300506
syscr: 17377108
syscw: 2187006
read_bytes: 31845427712
write_bytes: 66270294016
cancelled_write_bytes: 491520

[2018-12-17T15:40:19-08:00]
rchar: 143971949325
wchar: 66551725722
syscr: 17432778
syscw: 2189734
read_bytes: 31867906560
write_bytes: 66645323776
cancelled_write_bytes: 491520

[2018-12-17T15:40:22-08:00]
rchar: 144401646858
wchar: 66886753085
syscr: 17484833
syscw: 2192900
read_bytes: 31898278400
write_bytes: 66980859904
cancelled_write_bytes: 491520

[2018-12-17T15:40:25-08:00]
rchar: 145771545814
wchar: 67292770816
syscr: 17650918
syscw: 2220736
read_bytes: 32145279488
write_bytes: 67387326464
cancelled_write_bytes: 491520

[2018-12-17T15:40:28-08:00]
rchar: 146228776889
wchar: 67556117520
syscr: 17706273
syscw: 2231685
read_bytes: 32234203648
write_bytes: 67651080192
cancelled_write_bytes: 491520

[2018-12-17T15:40:31-08:00]
rchar: 147831566256
wchar: 67954871365
syscr: 17900607
syscw: 2256789
read_bytes: 32423315968
write_bytes: 68050309120
cancelled_write_bytes: 499712

[2018-12-17T15:40:34-08:00]
rchar: 148438878168
wchar: 68432851737
syscr: 17974029
syscw: 2259725
read_bytes: 32437074432
write_bytes: 68529098752
cancelled_write_bytes: 499712

[2018-12-17T15:40:37-08:00]
rchar: 148848464654
wchar: 68752684158
syscr: 18023576
syscw: 2261704
read_bytes: 32446499328
write_bytes: 68850098176
cancelled_write_bytes: 499712

[2018-12-17T15:40:40-08:00]
rchar: 149385854332
wchar: 69146200263
syscr: 18088565
syscw: 2265705
read_bytes: 32465971712
write_bytes: 69243650048
cancelled_write_bytes: 499712

[2018-12-17T15:40:43-08:00]
rchar: 149909417801
wchar: 69506533342
syscr: 18152010
syscw: 2271977
read_bytes: 32499399168
write_bytes: 69604507648
cancelled_write_bytes: 499712

[2018-12-17T15:40:46-08:00]
rchar: 150473943846
wchar: 69893626925
syscr: 18220431
syscw: 2278326
read_bytes: 32536644096
write_bytes: 69992153088
cancelled_write_bytes: 499712

[2018-12-17T15:40:49-08:00]
rchar: 150905680218
wchar: 70226124861
syscr: 18272755
syscw: 2282395
read_bytes: 32557128192
write_bytes: 70325161984
cancelled_write_bytes: 524288

[2018-12-17T15:40:52-08:00]
rchar: 150991280315
wchar: 70406185753
syscr: 18283057
syscw: 2284992
read_bytes: 32572049920
write_bytes: 70505545728
cancelled_write_bytes: 548864

[2018-12-17T15:40:55-08:00]
rchar: 152221014716
wchar: 70804317044
syscr: 18432139
syscw: 2305239
read_bytes: 32722270720
write_bytes: 70904143872
cancelled_write_bytes: 548864

[2018-12-17T15:40:58-08:00]
rchar: 152652761023
wchar: 71119332984
syscr: 18484465
syscw: 2308667
read_bytes: 32738617856
write_bytes: 71219650560
cancelled_write_bytes: 548864

[2018-12-17T15:41:01-08:00]
rchar: 153264990047
wchar: 71501835488
syscr: 18558655
syscw: 2314982
read_bytes: 32771770880
write_bytes: 71602737152
cancelled_write_bytes: 552960

[2018-12-17T15:41:04-08:00]
rchar: 153861584181
wchar: 71880090291
syscr: 18630963
syscw: 2320747
read_bytes: 32805378560
write_bytes: 71981547520
cancelled_write_bytes: 552960

[2018-12-17T15:41:07-08:00]
rchar: 154580657983
wchar: 72346561123
syscr: 18718115
syscw: 2328446
read_bytes: 32845076992
write_bytes: 72449585152
cancelled_write_bytes: 565248

[2018-12-17T15:41:10-08:00]
rchar: 155016567424
wchar: 72672194968
syscr: 18770944
syscw: 2331909
read_bytes: 32861501952
write_bytes: 72774819840
cancelled_write_bytes: 565248

[2018-12-17T15:41:13-08:00]
rchar: 155487042952
wchar: 72986432151
syscr: 18827962
syscw: 2336881
read_bytes: 32887843328
write_bytes: 73089536000
cancelled_write_bytes: 573440

[2018-12-17T15:41:16-08:00]
rchar: 155682947031
wchar: 73283737174
syscr: 18851704
syscw: 2338865
read_bytes: 32896772608
write_bytes: 73387327488
cancelled_write_bytes: 573440

[2018-12-17T15:41:19-08:00]
rchar: 156759470782
wchar: 73631433643
syscr: 18982128
syscw: 2354677
read_bytes: 33010313728
write_bytes: 73735495680
cancelled_write_bytes: 585728

[2018-12-17T15:41:22-08:00]
rchar: 158693804769
wchar: 74002800474
syscr: 19216658
syscw: 2388936
read_bytes: 33289099776
write_bytes: 74107207680
cancelled_write_bytes: 585728

[2018-12-17T15:41:25-08:00]
rchar: 161425245293
wchar: 74361688828
syscr: 19547762
syscw: 2425735
read_bytes: 33607297536
write_bytes: 74466390016
cancelled_write_bytes: 593920

[2018-12-17T15:41:28-08:00]
rchar: 162343180898
wchar: 74925566526
syscr: 19658940
syscw: 2431362
read_bytes: 33643416064
write_bytes: 75031175168
cancelled_write_bytes: 593920

[2018-12-17T15:41:31-08:00]
rchar: 162724802109
wchar: 75184379967
syscr: 19705095
syscw: 2433618
read_bytes: 33654217216
write_bytes: 75290435584
cancelled_write_bytes: 593920

[2018-12-17T15:41:34-08:00]
rchar: 163022013924
wchar: 75414178413
syscr: 19740974
syscw: 2434898
read_bytes: 33659476480
write_bytes: 75520651264
cancelled_write_bytes: 593920

[2018-12-17T15:41:37-08:00]
rchar: 163345511056
wchar: 75768046260
syscr: 19780104
syscw: 2438475
read_bytes: 33676818944
write_bytes: 75875127296
cancelled_write_bytes: 606208

[2018-12-17T15:41:40-08:00]
rchar: 163903428536
wchar: 76146419696
syscr: 19847726
syscw: 2443324
read_bytes: 33699392000
write_bytes: 76254072832
cancelled_write_bytes: 606208

[2018-12-17T15:41:43-08:00]
rchar: 164322691049
wchar: 76441145303
syscr: 19898535
syscw: 2446734
read_bytes: 33715468800
write_bytes: 76549246976
cancelled_write_bytes: 606208

[2018-12-17T15:41:46-08:00]
rchar: 165886178907
wchar: 76902346270
syscr: 20088072
syscw: 2471584
read_bytes: 33902266880
write_bytes: 77010980864
cancelled_write_bytes: 610304

[2018-12-17T15:41:49-08:00]
rchar: 166753093456
wchar: 77339893340
syscr: 20193159
syscw: 2481530
read_bytes: 33966631424
write_bytes: 77449154560
cancelled_write_bytes: 630784

[2018-12-17T15:41:52-08:00]
rchar: 166891164050
wchar: 77527177599
syscr: 20209895
syscw: 2484154
read_bytes: 33982609920
write_bytes: 77636755456
cancelled_write_bytes: 630784

[2018-12-17T15:41:55-08:00]
rchar: 169484268275
wchar: 77861508758
syscr: 20524219
syscw: 2520831
read_bytes: 34283493888
write_bytes: 77971308544
cancelled_write_bytes: 643072

[2018-12-17T15:41:58-08:00]
rchar: 170014203534
wchar: 78105901181
syscr: 20588458
syscw: 2526426
read_bytes: 34315889152
write_bytes: 78216069120
cancelled_write_bytes: 643072

[2018-12-17T15:42:01-08:00]
rchar: 170539945900
wchar: 78601765608
syscr: 20652133
syscw: 2529661
read_bytes: 34330094080
write_bytes: 78712786944
cancelled_write_bytes: 655360

[2018-12-17T15:42:04-08:00]
rchar: 171074380526
wchar: 78984087649
syscr: 20716728
syscw: 2532190
read_bytes: 34340186624
write_bytes: 79096639488
cancelled_write_bytes: 655360

[2018-12-17T15:42:07-08:00]
rchar: 171579860197
wchar: 79325066861
syscr: 20777859
syscw: 2535034
read_bytes: 34352163328
write_bytes: 79437320192
cancelled_write_bytes: 655360

[2018-12-17T15:42:10-08:00]
rchar: 172188356795
wchar: 79744742301
syscr: 20851557
syscw: 2541185
read_bytes: 34381453824
write_bytes: 79857639424
cancelled_write_bytes: 655360

[2018-12-17T15:42:13-08:00]
rchar: 172598392276
wchar: 80063869563
syscr: 20901245
syscw: 2544630
read_bytes: 34397706752
write_bytes: 80177238016
cancelled_write_bytes: 655360

[2018-12-17T15:42:16-08:00]
rchar: 173226227342
wchar: 80484395650
syscr: 20977343
syscw: 2552843
read_bytes: 34437265920
write_bytes: 80598401024
cancelled_write_bytes: 659456

[2018-12-17T15:42:19-08:00]
rchar: 173797641840
wchar: 80920426874
syscr: 21046586
syscw: 2558110
read_bytes: 34462951936
write_bytes: 81035071488
cancelled_write_bytes: 659456

[2018-12-17T15:42:22-08:00]
rchar: 174398547964
wchar: 81384075347
syscr: 21119410
syscw: 2563862
read_bytes: 34490243584
write_bytes: 81499394048
cancelled_write_bytes: 663552

[2018-12-17T15:42:25-08:00]
rchar: 175032309825
wchar: 81797157661
syscr: 21196220
syscw: 2572093
read_bytes: 34537806336
write_bytes: 81913085952
cancelled_write_bytes: 675840

[2018-12-17T15:42:28-08:00]
rchar: 175607511345
wchar: 82115877914
syscr: 21265943
syscw: 2582677
read_bytes: 34605554176
write_bytes: 82232254464
cancelled_write_bytes: 688128

[2018-12-17T15:42:31-08:00]
rchar: 175668921313
wchar: 82290797357
syscr: 21273391
syscw: 2584927
read_bytes: 34621217280
write_bytes: 82407469056
cancelled_write_bytes: 688128

[2018-12-17T15:42:35-08:00]
rchar: 177900878838
wchar: 82670182394
syscr: 21543937
syscw: 2629659
read_bytes: 35006441984
write_bytes: 82787119104
cancelled_write_bytes: 704512

[2018-12-17T15:42:38-08:00]
rchar: 178017996388
wchar: 82848075999
syscr: 21558132
syscw: 2632791
read_bytes: 35025943040
write_bytes: 82965315584
cancelled_write_bytes: 704512

[2018-12-17T15:42:41-08:00]
rchar: 178804024785
wchar: 83105483244
syscr: 21653347
syscw: 2643385
read_bytes: 35100813824
write_bytes: 83223756800
cancelled_write_bytes: 712704

[2018-12-17T15:42:44-08:00]
rchar: 181113981947
wchar: 83493177555
syscr: 21933416
syscw: 2679163
read_bytes: 35406838272
write_bytes: 83611049984
cancelled_write_bytes: 712704

[2018-12-17T15:42:47-08:00]
rchar: 181240462798
wchar: 83668494533
syscr: 21948676
syscw: 2681814
read_bytes: 35424336384
write_bytes: 83787280384
cancelled_write_bytes: 712704

[2018-12-17T15:42:50-08:00]
rchar: 181787102713
wchar: 84121339111
syscr: 22014984
syscw: 2683737
read_bytes: 35448371712
write_bytes: 84240187392
cancelled_write_bytes: 724992

[2018-12-17T15:42:53-08:00]
rchar: 182163441972
wchar: 84421267517
syscr: 22060567
syscw: 2685131
read_bytes: 35474074112
write_bytes: 84540588032
cancelled_write_bytes: 724992

[2018-12-17T15:42:56-08:00]
rchar: 182528001601
wchar: 84729105856
syscr: 22104647
syscw: 2686214
read_bytes: 35499534848
write_bytes: 84848926720
cancelled_write_bytes: 724992

[2018-12-17T15:42:59-08:00]
rchar: 183068101319
wchar: 85184133578
syscr: 22170015
syscw: 2687830
read_bytes: 35538319872
write_bytes: 85304684544
cancelled_write_bytes: 724992

[2018-12-17T15:43:02-08:00]
rchar: 183469004395
wchar: 85508497611
syscr: 22218452
syscw: 2689195
read_bytes: 35578616320
write_bytes: 85629616128
cancelled_write_bytes: 724992

[2018-12-17T15:43:05-08:00]
rchar: 184052392937
wchar: 85856169819
syscr: 22289165
syscw: 2698084
read_bytes: 35839998464
write_bytes: 85977849856
cancelled_write_bytes: 724992

[2018-12-17T15:43:08-08:00]
rchar: 184600425936
wchar: 86190841535
syscr: 22355592
syscw: 2706247
read_bytes: 36089014784
write_bytes: 86312869888
cancelled_write_bytes: 724992

[2018-12-17T15:43:11-08:00]
rchar: 185250163169
wchar: 86608271204
syscr: 22434348
syscw: 2714977
read_bytes: 36356127232
write_bytes: 86730874880
cancelled_write_bytes: 724992

[2018-12-17T15:43:14-08:00]
rchar: 185609279537
wchar: 86900138045
syscr: 22477847
syscw: 2717844
read_bytes: 36422179328
write_bytes: 87023190016
cancelled_write_bytes: 724992

[2018-12-17T15:43:17-08:00]
rchar: 186041825612
wchar: 87209132559
syscr: 22530270
syscw: 2722622
read_bytes: 36556093952
write_bytes: 87332622336
cancelled_write_bytes: 724992

[2018-12-17T15:43:20-08:00]
rchar: 186537078094
wchar: 87525908015
syscr: 22590297
syscw: 2729669
read_bytes: 36749208064
write_bytes: 87649804288
cancelled_write_bytes: 724992

[2018-12-17T15:43:23-08:00]
rchar: 187107409017
wchar: 87858196401
syscr: 22659443
syscw: 2738944
read_bytes: 36999014912
write_bytes: 87982546944
cancelled_write_bytes: 724992

[2018-12-17T15:43:26-08:00]
rchar: 187657361352
wchar: 88232865178
syscr: 22726093
syscw: 2746097
read_bytes: 37187713536
write_bytes: 88357744640
cancelled_write_bytes: 724992

[2018-12-17T15:43:29-08:00]
rchar: 187894364321
wchar: 88596044560
syscr: 22754792
syscw: 2748052
read_bytes: 37222480384
write_bytes: 88721563648
cancelled_write_bytes: 724992

[2018-12-17T15:43:32-08:00]
rchar: 188226566016
wchar: 88862009579
syscr: 22794968
syscw: 2749966
read_bytes: 37257779712
write_bytes: 88987918336
cancelled_write_bytes: 733184

[2018-12-17T15:43:35-08:00]
rchar: 188940416003
wchar: 89209393173
syscr: 22881481
syscw: 2760002
read_bytes: 37463222784
write_bytes: 89335992320
cancelled_write_bytes: 733184

[2018-12-17T15:43:38-08:00]
rchar: 189783214741
wchar: 89567192428
syscr: 22983663
syscw: 2773603
read_bytes: 37737929216
write_bytes: 89694023680
cancelled_write_bytes: 733184

[2018-12-17T15:43:41-08:00]
rchar: 190463090207
wchar: 89853750159
syscr: 23066071
syscw: 2784705
read_bytes: 37947406848
write_bytes: 89980989440
cancelled_write_bytes: 733184

[2018-12-17T15:43:44-08:00]
rchar: 191317095321
wchar: 90167945878
syscr: 23169583
syscw: 2800340
read_bytes: 38196943360
write_bytes: 90295590912
cancelled_write_bytes: 733184

[2018-12-17T15:43:47-08:00]
rchar: 191890280729
wchar: 90304825800
syscr: 23239075
syscw: 2811973
read_bytes: 38325971456
write_bytes: 90432614400
cancelled_write_bytes: 733184

[2018-12-17T15:43:50-08:00]
rchar: 193330991056
wchar: 90717902453
syscr: 23413671
syscw: 2835817
read_bytes: 38564280832
write_bytes: 90846236672
cancelled_write_bytes: 741376

[2018-12-17T15:43:53-08:00]
rchar: 195100643024
wchar: 91108631349
syscr: 23628234
syscw: 2864930
read_bytes: 38858910208
write_bytes: 91238400000
cancelled_write_bytes: 741376

[2018-12-17T15:43:56-08:00]
rchar: 196463395148
wchar: 91368918200
syscr: 23793377
syscw: 2881684
read_bytes: 39036291584
write_bytes: 91497975808
cancelled_write_bytes: 749568

[2018-12-17T15:43:59-08:00]
rchar: 198956378243
wchar: 91699257580
syscr: 24095631
syscw: 2912703
read_bytes: 39343979008
write_bytes: 91828592640
cancelled_write_bytes: 749568

[2018-12-17T15:44:02-08:00]
rchar: 199435750560
wchar: 92116863089
syscr: 24153674
syscw: 2916481
read_bytes: 39364726272
write_bytes: 92246892544
cancelled_write_bytes: 757760

[2018-12-17T15:44:05-08:00]
rchar: 200067320827
wchar: 92560235763
syscr: 24230099
syscw: 2919169
read_bytes: 39377374720
write_bytes: 92691005440
cancelled_write_bytes: 757760

[2018-12-17T15:44:08-08:00]
rchar: 200701643447
wchar: 92998348537
syscr: 24306806
syscw: 2921803
read_bytes: 39389756928
write_bytes: 93129863168
cancelled_write_bytes: 757760

[2018-12-17T15:44:11-08:00]
rchar: 201359511391
wchar: 93452738097
syscr: 24386366
syscw: 2924652
read_bytes: 39402839552
write_bytes: 93585002496
cancelled_write_bytes: 757760

[2018-12-17T15:44:14-08:00]
rchar: 201912138328
wchar: 93792289703
syscr: 24453228
syscw: 2930099
read_bytes: 39433596416
write_bytes: 93925060608
cancelled_write_bytes: 757760

[2018-12-17T15:44:17-08:00]
rchar: 202550104793
wchar: 94211381678
syscr: 24530555
syscw: 2938632
read_bytes: 39480380928
write_bytes: 94344757248
cancelled_write_bytes: 757760

[2018-12-17T15:44:20-08:00]
rchar: 203099376509
wchar: 94575248644
syscr: 24597128
syscw: 2945212
read_bytes: 39520677376
write_bytes: 94709178368
cancelled_write_bytes: 761856

[2018-12-17T15:44:23-08:00]
rchar: 203685253387
wchar: 94989080934
syscr: 24668138
syscw: 2952736
read_bytes: 39558364672
write_bytes: 95123632128
cancelled_write_bytes: 770048

[2018-12-17T15:44:26-08:00]
rchar: 204093194274
wchar: 95318794782
syscr: 24717568
syscw: 2955995
read_bytes: 39574576640
write_bytes: 95453851648
cancelled_write_bytes: 770048

[2018-12-17T15:44:29-08:00]
rchar: 204471458895
wchar: 95610244462
syscr: 24763406
syscw: 2959945
read_bytes: 39594155520
write_bytes: 95745781760
cancelled_write_bytes: 774144

[2018-12-17T15:44:32-08:00]
rchar: 204865527173
wchar: 95915152635
syscr: 24811163
syscw: 2963871
read_bytes: 39614647808
write_bytes: 96051150848
cancelled_write_bytes: 778240

[2018-12-17T15:44:35-08:00]
rchar: 205376480999
wchar: 96306461922
syscr: 24873086
syscw: 2969350
read_bytes: 39641951744
write_bytes: 96443039744
cancelled_write_bytes: 782336

[2018-12-17T15:44:38-08:00]
rchar: 205719198587
wchar: 96686169094
syscr: 24914617
syscw: 2972916
read_bytes: 39660580352
write_bytes: 96823377920
cancelled_write_bytes: 782336

[2018-12-17T15:44:41-08:00]
rchar: 206215444566
wchar: 97058098644
syscr: 24974678
syscw: 2978472
read_bytes: 39688703488
write_bytes: 97195888640
cancelled_write_bytes: 790528

[2018-12-17T15:44:44-08:00]
rchar: 206914996737
wchar: 97504479128
syscr: 25059464
syscw: 2985195
read_bytes: 39727795712
write_bytes: 97642971136
cancelled_write_bytes: 794624

[2018-12-17T15:44:47-08:00]
rchar: 207599866289
wchar: 97947461724
syscr: 25142464
syscw: 2992149
read_bytes: 39765884416
write_bytes: 98086604800
cancelled_write_bytes: 806912

[2018-12-17T15:44:50-08:00]
rchar: 208212042360
wchar: 98381986959
syscr: 25216646
syscw: 2997661
read_bytes: 39794322944
write_bytes: 98521796608
cancelled_write_bytes: 819200

[2018-12-17T15:44:53-08:00]
rchar: 208688525282
wchar: 98704590030
syscr: 25274397
syscw: 3002497
read_bytes: 39818870272
write_bytes: 98844889088
cancelled_write_bytes: 819200

[2018-12-17T15:44:56-08:00]
rchar: 209846756995
wchar: 99106198501
syscr: 25414813
syscw: 3024078
read_bytes: 39978671616
write_bytes: 99246977024
cancelled_write_bytes: 819200

[2018-12-17T15:44:59-08:00]
rchar: 210285748538
wchar: 99405216077
syscr: 25467951
syscw: 3031048
read_bytes: 40019881472
write_bytes: 99546497024
cancelled_write_bytes: 827392

[2018-12-17T15:45:02-08:00]
rchar: 212397868391
wchar: 99772596668
syscr: 25724030
syscw: 3066786
read_bytes: 40338365952
write_bytes: 99914162176
cancelled_write_bytes: 827392

[2018-12-17T15:45:05-08:00]
rchar: 212817887895
wchar: 99967396178
syscr: 25774960
syscw: 3074663
read_bytes: 40400256512
write_bytes: 100109254656
cancelled_write_bytes: 827392

[2018-12-17T15:45:08-08:00]
rchar: 215319201652
wchar: 100276469461
syscr: 26078148
syscw: 3110018
read_bytes: 40695549440
write_bytes: 100418564096
cancelled_write_bytes: 835584

[2018-12-17T15:45:11-08:00]
rchar: 216011151517
wchar: 100778579957
syscr: 26161905
syscw: 3113654
read_bytes: 40712429056
write_bytes: 100921491456
cancelled_write_bytes: 835584

[2018-12-17T15:45:14-08:00]
rchar: 216707449531
wchar: 101284471151
syscr: 26246078
syscw: 3117332
read_bytes: 40728612352
write_bytes: 101428236288
cancelled_write_bytes: 835584

[2018-12-17T15:45:17-08:00]
rchar: 217296455771
wchar: 101693117741
syscr: 26317447
syscw: 3123506
read_bytes: 40759045632
write_bytes: 101837471744
cancelled_write_bytes: 835584

[2018-12-17T15:45:20-08:00]
rchar: 217531825684
wchar: 101999614811
syscr: 26345973
syscw: 3126713
read_bytes: 40776101376
write_bytes: 102144479232
cancelled_write_bytes: 835584

[2018-12-17T15:45:23-08:00]
rchar: 218130783909
wchar: 102389814955
syscr: 26418479
syscw: 3132259
read_bytes: 40802676224
write_bytes: 102535270400
cancelled_write_bytes: 847872

[2018-12-17T15:45:26-08:00]
rchar: 218831455634
wchar: 102831265999
syscr: 26503400
syscw: 3138368
read_bytes: 40837336576
write_bytes: 102977363968
cancelled_write_bytes: 856064

[2018-12-17T15:45:29-08:00]
rchar: 219547356223
wchar: 103290893652
syscr: 26590162
syscw: 3145275
read_bytes: 40872234496
write_bytes: 103437664256
cancelled_write_bytes: 860160

[2018-12-17T15:45:32-08:00]
rchar: 220212370753
wchar: 103738386506
syscr: 26670759
syscw: 3151501
read_bytes: 40901660160
write_bytes: 103885840384
cancelled_write_bytes: 864256

[2018-12-17T15:45:35-08:00]
rchar: 221106362338
wchar: 104060086355
syscr: 26779132
syscw: 3166521
read_bytes: 41006435840
write_bytes: 104207966208
cancelled_write_bytes: 872448

[2018-12-17T15:45:38-08:00]
rchar: 221681381111
wchar: 104331070155
syscr: 26848859
syscw: 3178355
read_bytes: 41100086784
write_bytes: 104479326208
cancelled_write_bytes: 872448

[2018-12-17T15:45:41-08:00]
rchar: 223669532811
wchar: 104695960095
syscr: 27089827
syscw: 3208988
read_bytes: 41328311808
write_bytes: 104844554240
cancelled_write_bytes: 897024

[2018-12-17T15:45:44-08:00]
rchar: 224726301311
wchar: 104984657542
syscr: 27217882
syscw: 3225659
read_bytes: 41461177856
write_bytes: 105133621248
cancelled_write_bytes: 905216

[2018-12-17T15:45:47-08:00]
rchar: 228099080926
wchar: 105345778346
syscr: 27626814
syscw: 3269183
read_bytes: 41807007232
write_bytes: 105494949888
cancelled_write_bytes: 909312

[2018-12-17T15:45:50-08:00]
rchar: 228487028226
wchar: 105634682218
syscr: 27673856
syscw: 3271645
read_bytes: 41820081664
write_bytes: 105784922112
cancelled_write_bytes: 909312

[2018-12-17T15:45:53-08:00]
rchar: 228886567572
wchar: 106004985211
syscr: 27722118
syscw: 3274164
read_bytes: 41831173632
write_bytes: 106155274240
cancelled_write_bytes: 909312

[2018-12-17T15:45:56-08:00]
rchar: 229409265887
wchar: 106426425019
syscr: 27785418
syscw: 3275905
read_bytes: 41852194304
write_bytes: 106577354752
cancelled_write_bytes: 917504

[2018-12-17T15:45:59-08:00]
rchar: 229807713367
wchar: 106734956956
syscr: 27833606
syscw: 3277259
read_bytes: 41873071616
write_bytes: 106886393856
cancelled_write_bytes: 917504

[2018-12-17T15:46:02-08:00]
rchar: 230277116121
wchar: 107090363796
syscr: 27890407
syscw: 3279143
read_bytes: 41908129280
write_bytes: 107242369024
cancelled_write_bytes: 917504

[2018-12-17T15:46:05-08:00]
rchar: 231067292441
wchar: 107479054921
syscr: 27986190
syscw: 3290138
read_bytes: 42171825664
write_bytes: 107631583232
cancelled_write_bytes: 917504

[2018-12-17T15:46:08-08:00]
rchar: 231814601868
wchar: 107820951023
syscr: 28076799
syscw: 3301018
read_bytes: 42436181504
write_bytes: 107973935104
cancelled_write_bytes: 917504

[2018-12-17T15:46:11-08:00]
rchar: 232560368559
wchar: 108186216888
syscr: 28167173
syscw: 3311641
read_bytes: 42673901056
write_bytes: 108339687424
cancelled_write_bytes: 917504

[2018-12-17T15:46:14-08:00]
rchar: 233312074118
wchar: 108527997227
syscr: 28258308
syscw: 3323105
read_bytes: 42939678208
write_bytes: 108681932800
cancelled_write_bytes: 917504

[2018-12-17T15:46:17-08:00]
rchar: 233768461465
wchar: 108818598563
syscr: 28313593
syscw: 3328016
read_bytes: 43043036672
write_bytes: 108972945408
cancelled_write_bytes: 917504

[2018-12-17T15:46:20-08:00]
rchar: 234029050261
wchar: 108921368241
syscr: 28345187
syscw: 3332376
read_bytes: 43125714432
write_bytes: 109075857408
cancelled_write_bytes: 917504

[2018-12-17T15:46:23-08:00]
rchar: 234373584597
wchar: 109198624652
syscr: 28386880
syscw: 3337615
read_bytes: 43220332032
write_bytes: 109353558016
cancelled_write_bytes: 925696

[2018-12-17T15:46:26-08:00]
rchar: 235617263285
wchar: 109611746544
syscr: 28537639
syscw: 3355265
read_bytes: 43551448576
write_bytes: 109767208960
cancelled_write_bytes: 925696

[2018-12-17T15:46:29-08:00]
rchar: 236706127843
wchar: 109977320983
syscr: 28669637
syscw: 3370748
read_bytes: 43849469440
write_bytes: 110133243904
cancelled_write_bytes: 925696

[2018-12-17T15:46:32-08:00]
rchar: 237838786406
wchar: 110333384713
syscr: 28806954
syscw: 3387456
read_bytes: 44147588608
write_bytes: 110489731072
cancelled_write_bytes: 925696

[2018-12-17T15:46:35-08:00]
rchar: 238519678474
wchar: 110552951682
syscr: 28889489
syscw: 3397517
read_bytes: 44332838400
write_bytes: 110709583872
cancelled_write_bytes: 925696

[2018-12-17T15:46:38-08:00]
rchar: 239016877582
wchar: 110864196210
syscr: 28949681
syscw: 3404112
read_bytes: 44454698496
write_bytes: 111021330432
cancelled_write_bytes: 933888

[2018-12-17T15:46:41-08:00]
rchar: 240466491092
wchar: 111270729262
syscr: 29125414
syscw: 3422320
read_bytes: 44802514432
write_bytes: 111428354048
cancelled_write_bytes: 933888

[2018-12-17T15:46:44-08:00]
rchar: 241795105763
wchar: 111648964590
syscr: 29286483
syscw: 3439223
read_bytes: 45134020096
write_bytes: 111807062016
cancelled_write_bytes: 933888

[2018-12-17T15:46:47-08:00]
rchar: 243147934366
wchar: 111935874936
syscr: 29450491
syscw: 3457881
read_bytes: 45411716608
write_bytes: 112094302208
cancelled_write_bytes: 933888

[2018-12-17T15:46:50-08:00]
rchar: 243247658762
wchar: 112118149120
syscr: 29462585
syscw: 3459463
read_bytes: 45431406080
write_bytes: 112276914176
cancelled_write_bytes: 933888

[2018-12-17T15:46:53-08:00]
rchar: 243938715847
wchar: 112624643349
syscr: 29546185
syscw: 3462139
read_bytes: 45460196864
write_bytes: 112784703488
cancelled_write_bytes: 942080

[2018-12-17T15:46:56-08:00]
rchar: 244521064035
wchar: 113052081800
syscr: 29616617
syscw: 3464387
read_bytes: 45484424704
write_bytes: 113212391424
cancelled_write_bytes: 942080

[2018-12-17T15:46:59-08:00]
rchar: 245086344272
wchar: 113474081746
syscr: 29684949
syscw: 3466433
read_bytes: 45508931072
write_bytes: 113635094528
cancelled_write_bytes: 942080

[2018-12-17T15:47:02-08:00]
rchar: 245426233823
wchar: 113705958047
syscr: 29726036
syscw: 3468097
read_bytes: 45524291072
write_bytes: 113867358208
cancelled_write_bytes: 942080

[2018-12-17T15:47:05-08:00]
rchar: 246636521315
wchar: 113991621120
syscr: 29872748
syscw: 3504031
read_bytes: 45850770944
write_bytes: 114153254912
cancelled_write_bytes: 942080

[2018-12-17T15:47:08-08:00]
rchar: 246979101176
wchar: 114154995417
syscr: 29914294
syscw: 3515822
read_bytes: 45931138560
write_bytes: 114317217792
cancelled_write_bytes: 942080

[2018-12-17T15:47:11-08:00]
rchar: 248270750874
wchar: 114490575888
syscr: 30070823
syscw: 3541543
read_bytes: 46140845568
write_bytes: 114652774400
cancelled_write_bytes: 950272

[2018-12-17T15:47:14-08:00]
rchar: 249500515439
wchar: 114734880939
syscr: 30219926
syscw: 3567106
read_bytes: 46330920448
write_bytes: 114897297408
cancelled_write_bytes: 950272

[2018-12-17T15:47:17-08:00]
rchar: 249809574238
wchar: 114996623992
syscr: 30257326
syscw: 3572024
read_bytes: 46370766336
write_bytes: 115159474176
cancelled_write_bytes: 958464

[2018-12-17T15:47:20-08:00]
rchar: 251015597897
wchar: 115308087173
syscr: 30403532
syscw: 3588682
read_bytes: 46497930752
write_bytes: 115471319040
cancelled_write_bytes: 958464

[2018-12-17T15:47:23-08:00]
rchar: 252661707494
wchar: 115538713241
syscr: 30603112
syscw: 3615338
read_bytes: 46712733184
write_bytes: 115702128640
cancelled_write_bytes: 962560

[2018-12-17T15:47:26-08:00]
rchar: 254985803468
wchar: 115941721112
syscr: 30884829
syscw: 3644205
read_bytes: 46952336896
write_bytes: 116105576448
cancelled_write_bytes: 974848

[2018-12-17T15:47:29-08:00]
rchar: 255953889616
wchar: 116311252452
syscr: 31002177
syscw: 3652847
read_bytes: 47017696768
write_bytes: 116475637760
cancelled_write_bytes: 974848

[2018-12-17T15:47:32-08:00]
rchar: 256836967497
wchar: 116741963672
syscr: 31109220
syscw: 3660209
read_bytes: 47064075776
write_bytes: 116907008000
cancelled_write_bytes: 974848

[2018-12-17T15:47:35-08:00]
rchar: 257118973157
wchar: 116880777580
syscr: 31143399
syscw: 3662700
read_bytes: 47079030272
write_bytes: 117046022144
cancelled_write_bytes: 974848

[2018-12-17T15:47:38-08:00]
rchar: 257451969769
wchar: 117239369162
syscr: 31183711
syscw: 3665234
read_bytes: 47092243968
write_bytes: 117405204480
cancelled_write_bytes: 983040

[2018-12-17T15:47:41-08:00]
rchar: 258100584921
wchar: 117746620107
syscr: 31262350
syscw: 3667354
read_bytes: 47102537216
write_bytes: 117913210880
cancelled_write_bytes: 983040

[2018-12-17T15:47:44-08:00]
rchar: 258696170167
wchar: 118191656548
syscr: 31334499
syscw: 3669595
read_bytes: 47113915904
write_bytes: 118358970368
cancelled_write_bytes: 983040

[2018-12-17T15:47:47-08:00]
rchar: 259279802873
wchar: 118630641755
syscr: 31405224
syscw: 3671790
read_bytes: 47129239040
write_bytes: 118798647296
cancelled_write_bytes: 983040

[2018-12-17T15:47:50-08:00]
rchar: 259875565787
wchar: 119074991879
syscr: 31477422
syscw: 3674044
read_bytes: 47147978240
write_bytes: 119243710464
cancelled_write_bytes: 983040

[2018-12-17T15:47:53-08:00]
rchar: 260380578916
wchar: 119474819603
syscr: 31538637
syscw: 3675743
read_bytes: 47160012288
write_bytes: 119644168192
cancelled_write_bytes: 983040

[2018-12-17T15:47:56-08:00]
rchar: 260755157490
wchar: 119766371682
syscr: 31583725
syscw: 3677293
read_bytes: 47170739712
write_bytes: 119936188416
cancelled_write_bytes: 983040

[2018-12-17T15:47:59-08:00]
rchar: 261482897254
wchar: 120146271369
syscr: 31671918
syscw: 3688006
read_bytes: 47251660288
write_bytes: 120317222912
cancelled_write_bytes: 983040

[2018-12-17T15:48:02-08:00]
rchar: 262460872472
wchar: 120502295565
syscr: 31790473
syscw: 3707841
read_bytes: 47435243008
write_bytes: 120673095680
cancelled_write_bytes: 983040

[2018-12-17T15:48:05-08:00]
rchar: 263079551987
wchar: 120817283457
syscr: 31865464
syscw: 3717956
read_bytes: 47511682560
write_bytes: 120988557312
cancelled_write_bytes: 983040

[2018-12-17T15:48:08-08:00]
rchar: 263393948645
wchar: 120974952364
syscr: 31903571
syscw: 3723164
read_bytes: 47543934464
write_bytes: 121146454016
cancelled_write_bytes: 983040

[2018-12-17T15:48:11-08:00]
rchar: 264478136160
wchar: 121356326305
syscr: 32034934
syscw: 3743218
read_bytes: 47684869632
write_bytes: 121528356864
cancelled_write_bytes: 991232

[2018-12-17T15:48:14-08:00]
rchar: 266275840079
wchar: 121694960450
syscr: 32252901
syscw: 3775116
read_bytes: 47960116736
write_bytes: 121867309056
cancelled_write_bytes: 991232

[2018-12-17T15:48:17-08:00]
rchar: 266530678897
wchar: 121924954049
syscr: 32283730
syscw: 3779296
read_bytes: 48010771968
write_bytes: 122097688576
cancelled_write_bytes: 999424

[2018-12-17T15:48:20-08:00]
rchar: 267794582670
wchar: 122344728251
syscr: 32436979
syscw: 3795869
read_bytes: 48294522368
write_bytes: 122517991424
cancelled_write_bytes: 999424

[2018-12-17T15:48:23-08:00]
rchar: 268814208306
wchar: 122608413857
syscr: 32560575
syscw: 3810801
read_bytes: 48518827520
write_bytes: 122781999104
cancelled_write_bytes: 999424

[2018-12-17T15:48:26-08:00]
rchar: 270028446033
wchar: 122925474891
syscr: 32707777
syscw: 3829002
read_bytes: 48790150656
write_bytes: 123099422720
cancelled_write_bytes: 999424

[2018-12-17T15:48:29-08:00]
rchar: 270594765680
wchar: 123099660777
syscr: 32776442
syscw: 3836894
read_bytes: 48909716992
write_bytes: 123273805824
cancelled_write_bytes: 999424

[2018-12-17T15:48:32-08:00]
rchar: 271052970135
wchar: 123580378327
syscr: 32831933
syscw: 3839587
read_bytes: 48945163776
write_bytes: 123755323392
cancelled_write_bytes: 1007616

[2018-12-17T15:48:35-08:00]
rchar: 271615268203
wchar: 124026810470
syscr: 32899906
syscw: 3841235
read_bytes: 48980332032
write_bytes: 124202496000
cancelled_write_bytes: 1007616

[2018-12-17T15:48:38-08:00]
rchar: 272000896141
wchar: 124334754862
syscr: 32946549
syscw: 3842400
read_bytes: 49004129792
write_bytes: 124510961664
cancelled_write_bytes: 1007616

[2018-12-17T15:48:41-08:00]
rchar: 272541780789
wchar: 124762712630
syscr: 33011951
syscw: 3844116
read_bytes: 49038757376
write_bytes: 124939620352
cancelled_write_bytes: 1007616

[2018-12-17T15:48:44-08:00]
rchar: 272844069115
wchar: 124967235201
syscr: 33048501
syscw: 3845721
read_bytes: 49075969536
write_bytes: 125144526848
cancelled_write_bytes: 1007616

[2018-12-17T15:48:47-08:00]
rchar: 273359904879
wchar: 125275593099
syscr: 33111008
syscw: 3853535
read_bytes: 49286512128
write_bytes: 125453307904
cancelled_write_bytes: 1007616

[2018-12-17T15:48:50-08:00]
rchar: 274074532856
wchar: 125695721475
syscr: 33197652
syscw: 3864357
read_bytes: 49584930304
write_bytes: 125873971200
cancelled_write_bytes: 1007616

[2018-12-17T15:48:53-08:00]
rchar: 274396568979
wchar: 125944205748
syscr: 33236652
syscw: 3867283
read_bytes: 49650044416
write_bytes: 126122856448
cancelled_write_bytes: 1007616

[2018-12-17T15:48:56-08:00]
rchar: 274997413256
wchar: 126281762198
syscr: 33309494
syscw: 3877220
read_bytes: 49924570624
write_bytes: 126460854272
cancelled_write_bytes: 1007616

[2018-12-17T15:48:59-08:00]
rchar: 275544741763
wchar: 126588042112
syscr: 33375838
syscw: 3886889
read_bytes: 50174967296
write_bytes: 126767558656
cancelled_write_bytes: 1007616

[2018-12-17T15:49:02-08:00]
rchar: 275979309428
wchar: 126836162485
syscr: 33428496
syscw: 3894233
read_bytes: 50375077376
write_bytes: 127016005632
cancelled_write_bytes: 1007616

[2018-12-17T15:49:05-08:00]
rchar: 276314504687
wchar: 127013058367
syscr: 33469131
syscw: 3900493
read_bytes: 50523667968
write_bytes: 127193149440
cancelled_write_bytes: 1007616

[2018-12-17T15:49:08-08:00]
rchar: 276809841899
wchar: 127398976593
syscr: 33529114
syscw: 3908290
read_bytes: 50704686592
write_bytes: 127579639808
cancelled_write_bytes: 1015808

[2018-12-17T15:49:11-08:00]
rchar: 277751271402
wchar: 127768575856
syscr: 33643225
syscw: 3923654
read_bytes: 51020467712
write_bytes: 127950725120
cancelled_write_bytes: 1015808

[2018-12-17T15:49:14-08:00]
rchar: 278619304494
wchar: 128096994670
syscr: 33748447
syscw: 3938522
read_bytes: 51299687936
write_bytes: 128278605824
cancelled_write_bytes: 1015808

[2018-12-17T15:49:17-08:00]
rchar: 279631651766
wchar: 128483503541
syscr: 33871174
syscw: 3955958
read_bytes: 51628514816
write_bytes: 128665538560
cancelled_write_bytes: 1015808

[2018-12-17T15:49:20-08:00]
rchar: 280099082662
wchar: 128662991308
syscr: 33927844
syscw: 3964235
read_bytes: 51782311424
write_bytes: 128845238272
cancelled_write_bytes: 1015808

[2018-12-17T15:49:23-08:00]
rchar: 280319276944
wchar: 128998381220
syscr: 33954474
syscw: 3965929
read_bytes: 51809652224
write_bytes: 129181196288
cancelled_write_bytes: 1024000

[2018-12-17T15:49:26-08:00]
rchar: 280775288763
wchar: 129379993198
syscr: 34009720
syscw: 3967615
read_bytes: 51833495040
write_bytes: 129563402240
cancelled_write_bytes: 1024000

[2018-12-17T15:49:29-08:00]
rchar: 281247815314
wchar: 129772850108
syscr: 34066982
syscw: 3969267
read_bytes: 51857903104
write_bytes: 129956864000
cancelled_write_bytes: 1024000

[2018-12-17T15:49:32-08:00]
rchar: 281711204497
wchar: 130157519276
syscr: 34123130
syscw: 3970920
read_bytes: 51883277824
write_bytes: 130342141952
cancelled_write_bytes: 1024000

[2018-12-17T15:49:35-08:00]
rchar: 282168176485
wchar: 130542680959
syscr: 34178502
syscw: 3972482
read_bytes: 51910065664
write_bytes: 130727899136
cancelled_write_bytes: 1024000

[2018-12-17T15:49:38-08:00]
rchar: 282664301699
wchar: 130831999100
syscr: 34238636
syscw: 3977073
read_bytes: 52012047872
write_bytes: 131018018816
cancelled_write_bytes: 1024000

[2018-12-17T15:49:41-08:00]
rchar: 283490342532
wchar: 131185947107
syscr: 34338750
syscw: 3987423
read_bytes: 52244667904
write_bytes: 131372105728
cancelled_write_bytes: 1024000

[2018-12-17T15:49:44-08:00]
rchar: 284414371619
wchar: 131566595363
syscr: 34450737
syscw: 3999671
read_bytes: 52520951296
write_bytes: 131753287680
cancelled_write_bytes: 1024000

[2018-12-17T15:49:47-08:00]
rchar: 285594142100
wchar: 131964067826
syscr: 34593754
syscw: 4017832
read_bytes: 52784147968
write_bytes: 132151279616
cancelled_write_bytes: 1024000

[2018-12-17T15:49:50-08:00]
rchar: 286211210360
wchar: 132193778468
syscr: 34668572
syscw: 4027680
read_bytes: 52927065600
write_bytes: 132381294592
cancelled_write_bytes: 1024000

[2018-12-17T15:49:53-08:00]
rchar: 287167968828
wchar: 132509395396
syscr: 34784472
syscw: 4041610
read_bytes: 53088931328
write_bytes: 132697387008
cancelled_write_bytes: 1032192

[2018-12-17T15:49:56-08:00]
rchar: 289652482517
wchar: 132887349253
syscr: 35085691
syscw: 4076382
read_bytes: 53402975744
write_bytes: 133075714048
cancelled_write_bytes: 1032192

[2018-12-17T15:49:59-08:00]
rchar: 289919203133
wchar: 133074211728
syscr: 35118035
syscw: 4080636
read_bytes: 53440462336
write_bytes: 133262884864
cancelled_write_bytes: 1032192

[2018-12-17T15:50:02-08:00]
rchar: 290598944262
wchar: 133609586725
syscr: 35200371
syscw: 4082956
read_bytes: 53460581888
write_bytes: 133799112704
cancelled_write_bytes: 1040384

[2018-12-17T15:50:05-08:00]
rchar: 291033267883
wchar: 133950823944
syscr: 35253029
syscw: 4084224
read_bytes: 53472615936
write_bytes: 134140940288
cancelled_write_bytes: 1040384

[2018-12-17T15:50:08-08:00]
rchar: 291830865409
wchar: 134280000155
syscr: 35349415
syscw: 4098231
read_bytes: 53671493120
write_bytes: 134470557696
cancelled_write_bytes: 1040384

[2018-12-17T15:50:11-08:00]
rchar: 292371325874
wchar: 134605250883
syscr: 35414922
syscw: 4105104
read_bytes: 53778632192
write_bytes: 134796279808
cancelled_write_bytes: 1040384

[2018-12-17T15:50:14-08:00]
rchar: 293321782690
wchar: 135036127086
syscr: 35530114
syscw: 4121652
read_bytes: 53976382976
write_bytes: 135227727872
cancelled_write_bytes: 1040384

[2018-12-17T15:50:17-08:00]
rchar: 294033891569
wchar: 135334598283
syscr: 35616429
syscw: 4135035
read_bytes: 54133808640
write_bytes: 135526584320
cancelled_write_bytes: 1040384

[2018-12-17T15:50:20-08:00]
rchar: 294313516957
wchar: 135588250050
syscr: 35650264
syscw: 4141165
read_bytes: 54196014592
write_bytes: 135780655104
cancelled_write_bytes: 1048576

[2018-12-17T15:50:23-08:00]
rchar: 295159618487
wchar: 135858818882
syscr: 35752827
syscw: 4154467
read_bytes: 54328901120
write_bytes: 136051585024
cancelled_write_bytes: 1048576

[2018-12-17T15:50:26-08:00]
rchar: 296284757316
wchar: 136185926325
syscr: 35889234
syscw: 4173136
read_bytes: 54494760448
write_bytes: 136379080704
cancelled_write_bytes: 1048576

[2018-12-17T15:50:29-08:00]
rchar: 297465210229
wchar: 136458396169
syscr: 36032347
syscw: 4194078
read_bytes: 54665297408
write_bytes: 136651849728
cancelled_write_bytes: 1048576

[2018-12-17T15:50:32-08:00]
rchar: 297973588452
wchar: 136667512768
syscr: 36093905
syscw: 4203336
read_bytes: 54726880768
write_bytes: 136861302784
cancelled_write_bytes: 1056768

[2018-12-17T15:50:35-08:00]
rchar: 299578037591
wchar: 137357974648
syscr: 36288271
syscw: 4217791
read_bytes: 54835260928
write_bytes: 137552805888
cancelled_write_bytes: 1056768

[2018-12-17T15:50:38-08:00]
rchar: 299991610337
wchar: 137673005606
syscr: 36338302
syscw: 4219492
read_bytes: 54844608000
write_bytes: 137868369920
cancelled_write_bytes: 1056768

[2018-12-17T15:50:41-08:00]
rchar: 300437858498
wchar: 138022154799
syscr: 36392235
syscw: 4221317
read_bytes: 54854180352
write_bytes: 138218106880
cancelled_write_bytes: 1056768

[2018-12-17T15:50:44-08:00]
rchar: 300956304812
wchar: 138363328760
syscr: 36454990
syscw: 4226604
read_bytes: 54884949504
write_bytes: 138559827968
cancelled_write_bytes: 1056768

[2018-12-17T15:50:47-08:00]
rchar: 301857071890
wchar: 138792091771
syscr: 36564186
syscw: 4245726
read_bytes: 55017123328
write_bytes: 138989150208
cancelled_write_bytes: 1056768

[2018-12-17T15:50:50-08:00]
rchar: 302198923069
wchar: 139068645982
syscr: 36605610
syscw: 4248578
read_bytes: 55033499136
write_bytes: 139266134016
cancelled_write_bytes: 1064960

[2018-12-17T15:50:53-08:00]
rchar: 302421747006
wchar: 139371766493
syscr: 36632615
syscw: 4251774
read_bytes: 55054052864
write_bytes: 139569815552
cancelled_write_bytes: 1064960

[2018-12-17T15:50:56-08:00]
rchar: 303048228865
wchar: 139820338591
syscr: 36708455
syscw: 4256954
read_bytes: 55082950144
write_bytes: 140019064832
cancelled_write_bytes: 1081344

[2018-12-17T15:50:59-08:00]
rchar: 303486651572
wchar: 140117052551
syscr: 36761588
syscw: 4261094
read_bytes: 55106694656
write_bytes: 140316221440
cancelled_write_bytes: 1085440

[2018-12-17T15:51:02-08:00]
rchar: 303859813660
wchar: 140366611218
syscr: 36806810
syscw: 4264559
read_bytes: 55127297536
write_bytes: 140566138880
cancelled_write_bytes: 1085440

[2018-12-17T15:51:05-08:00]
rchar: 305297507125
wchar: 140705463011
syscr: 36981115
syscw: 4293806
read_bytes: 55354052096
write_bytes: 140905328640
cancelled_write_bytes: 1089536

[2018-12-17T15:51:08-08:00]
rchar: 305876224022
wchar: 141139126007
syscr: 37051248
syscw: 4298307
read_bytes: 55379369472
write_bytes: 141339656192
cancelled_write_bytes: 1089536

[2018-12-17T15:51:11-08:00]
rchar: 306483073424
wchar: 141554638328
syscr: 37124784
syscw: 4303663
read_bytes: 55412313600
write_bytes: 141755789312
cancelled_write_bytes: 1093632

[2018-12-17T15:51:14-08:00]
rchar: 306672633704
wchar: 141694856018
syscr: 37147762
syscw: 4305217
read_bytes: 55421373952
write_bytes: 141896216576
cancelled_write_bytes: 1093632

[2018-12-17T15:51:17-08:00]
rchar: 306832589161
wchar: 141941899825
syscr: 37167067
syscw: 4307599
read_bytes: 55434231296
write_bytes: 142143692800
cancelled_write_bytes: 1110016

[2018-12-17T15:51:20-08:00]
rchar: 307325658888
wchar: 142296215514
syscr: 37226822
syscw: 4310717
read_bytes: 55451299328
write_bytes: 142498537472
cancelled_write_bytes: 1110016

[2018-12-17T15:51:23-08:00]
rchar: 309150036962
wchar: 142589105734
syscr: 37448008
syscw: 4341872
read_bytes: 55683051008
write_bytes: 142791680000
cancelled_write_bytes: 1110016

[2018-12-17T15:51:26-08:00]
rchar: 310072063464
wchar: 142825604671
syscr: 37559798
syscw: 4358295
read_bytes: 55806549504
write_bytes: 143028449280
cancelled_write_bytes: 1110016

[2018-12-17T15:51:29-08:00]
rchar: 311020531413
wchar: 143304696960
syscr: 37674737
syscw: 4368472
read_bytes: 56102530560
write_bytes: 143508189184
cancelled_write_bytes: 1118208

[2018-12-17T15:51:32-08:00]
rchar: 311768608483
wchar: 143637784502
syscr: 37765447
syscw: 4376517
read_bytes: 56350830080
write_bytes: 143841710080
cancelled_write_bytes: 1118208

[2018-12-17T15:51:35-08:00]
rchar: 312568845642
wchar: 144045950498
syscr: 37862422
syscw: 4384091
read_bytes: 56572308992
write_bytes: 144250478592
cancelled_write_bytes: 1118208

[2018-12-17T15:51:38-08:00]
rchar: 313314871226
wchar: 144345587593
syscr: 37952836
syscw: 4392673
read_bytes: 56805707264
write_bytes: 144550547456
cancelled_write_bytes: 1118208

[2018-12-17T15:51:41-08:00]
rchar: 314185256587
wchar: 144691409149
syscr: 38058352
syscw: 4402744
read_bytes: 57079860736
write_bytes: 144896806912
cancelled_write_bytes: 1118208

[2018-12-17T15:51:44-08:00]
rchar: 314918017843
wchar: 145037893831
syscr: 38147163
syscw: 4410251
read_bytes: 57270951424
write_bytes: 145243783168
cancelled_write_bytes: 1118208

[2018-12-17T15:51:47-08:00]
rchar: 315781484118
wchar: 145352946810
syscr: 38251847
syscw: 4420932
read_bytes: 57515793920
write_bytes: 145559220224
cancelled_write_bytes: 1118208

[2018-12-17T15:51:50-08:00]
rchar: 315921798451
wchar: 145567742340
syscr: 38268849
syscw: 4422915
read_bytes: 57557753344
write_bytes: 145774403584
cancelled_write_bytes: 1118208

[2018-12-17T15:51:53-08:00]
rchar: 316549263782
wchar: 146060663350
syscr: 38344764
syscw: 4424991
read_bytes: 57596644864
write_bytes: 146268114944
cancelled_write_bytes: 1126400

[2018-12-17T15:51:56-08:00]
rchar: 317103497191
wchar: 146492873406
syscr: 38411818
syscw: 4426724
read_bytes: 57631817216
write_bytes: 146701070336
cancelled_write_bytes: 1126400

[2018-12-17T15:51:59-08:00]
rchar: 317636545272
wchar: 146915235939
syscr: 38476290
syscw: 4428315
read_bytes: 57671949824
write_bytes: 147124101120
cancelled_write_bytes: 1126400

[2018-12-17T15:52:02-08:00]
rchar: 318091410914
wchar: 147204994356
syscr: 38531287
syscw: 4433007
read_bytes: 57811066368
write_bytes: 147414323200
cancelled_write_bytes: 1126400

[2018-12-17T15:52:05-08:00]
rchar: 318615463054
wchar: 147510379905
syscr: 38594822
syscw: 4441121
read_bytes: 58056343040
write_bytes: 147720097792
cancelled_write_bytes: 1126400

[2018-12-17T15:52:08-08:00]
rchar: 319131555353
wchar: 147812209653
syscr: 38657385
syscw: 4448750
read_bytes: 58300390912
write_bytes: 148022329344
cancelled_write_bytes: 1126400

[2018-12-17T15:52:11-08:00]
rchar: 319650583063
wchar: 148117477180
syscr: 38720291
syscw: 4456643
read_bytes: 58543721984
write_bytes: 148328022016
cancelled_write_bytes: 1126400

[2018-12-17T15:52:14-08:00]
rchar: 320201257363
wchar: 148441588527
syscr: 38787032
syscw: 4465029
read_bytes: 58796383744
write_bytes: 148652576768
cancelled_write_bytes: 1126400

[2018-12-17T15:52:17-08:00]
rchar: 320800604551
wchar: 148791810352
syscr: 38859683
syscw: 4474556
read_bytes: 59076787712
write_bytes: 149003288576
cancelled_write_bytes: 1126400

[2018-12-17T15:52:20-08:00]
rchar: 321152089999
wchar: 148995035050
syscr: 38902269
syscw: 4480255
read_bytes: 59233943040
write_bytes: 149206781952
cancelled_write_bytes: 1126400

[2018-12-17T15:52:23-08:00]
rchar: 321530051698
wchar: 149367187033
syscr: 38948098
syscw: 4486839
read_bytes: 59411721728
write_bytes: 149579497472
cancelled_write_bytes: 1126400

[2018-12-17T15:52:26-08:00]
rchar: 322010504390
wchar: 149598925570
syscr: 39006276
syscw: 4493655
read_bytes: 59605016064
write_bytes: 149811560448
cancelled_write_bytes: 1134592

[2018-12-17T15:52:29-08:00]
rchar: 322680885674
wchar: 149921572850
syscr: 39087524
syscw: 4503138
read_bytes: 59873029632
write_bytes: 150134652928
cancelled_write_bytes: 1134592

[2018-12-17T15:52:32-08:00]
rchar: 323454461471
wchar: 150282823043
syscr: 39181283
syscw: 4514393
read_bytes: 60179930624
write_bytes: 150496370688
cancelled_write_bytes: 1134592

[2018-12-17T15:52:35-08:00]
rchar: 324020228090
wchar: 150567195577
syscr: 39249861
syscw: 4522082
read_bytes: 60386618880
write_bytes: 150781145088
cancelled_write_bytes: 1134592

[2018-12-17T15:52:38-08:00]
rchar: 324698367656
wchar: 150866948943
syscr: 39332057
syscw: 4532785
read_bytes: 60648975872
write_bytes: 151081291776
cancelled_write_bytes: 1134592

[2018-12-17T15:52:41-08:00]
rchar: 325453977171
wchar: 151211380682
syscr: 39423662
syscw: 4544765
read_bytes: 60955360768
write_bytes: 151426158592
cancelled_write_bytes: 1134592

[2018-12-17T15:52:44-08:00]
rchar: 325795807934
wchar: 151363053581
syscr: 39465080
syscw: 4550655
read_bytes: 61090905600
write_bytes: 151578046464
cancelled_write_bytes: 1134592

[2018-12-17T15:52:47-08:00]
rchar: 325898381101
wchar: 151563484631
syscr: 39477442
syscw: 4552749
read_bytes: 61127187968
write_bytes: 151778836480
cancelled_write_bytes: 1134592

[2018-12-17T15:52:50-08:00]
rchar: 326752391494
wchar: 151832938670
syscr: 39580977
syscw: 4565244
read_bytes: 61381070336
write_bytes: 152048644096
cancelled_write_bytes: 1142784

[2018-12-17T15:52:53-08:00]
rchar: 328173208689
wchar: 152253317275
syscr: 39753220
syscw: 4587514
read_bytes: 61786299904
write_bytes: 152469532672
cancelled_write_bytes: 1142784

[2018-12-17T15:52:56-08:00]
rchar: 329303727791
wchar: 152570163049
syscr: 39890273
syscw: 4605549
read_bytes: 62103199232
write_bytes: 152786735104
cancelled_write_bytes: 1142784

[2018-12-17T15:52:59-08:00]
rchar: 329827960936
wchar: 152710618969
syscr: 39953827
syscw: 4614262
read_bytes: 62245998080
write_bytes: 152927375360
cancelled_write_bytes: 1142784

[2018-12-17T15:53:02-08:00]
rchar: 330878908904
wchar: 153053231804
syscr: 40081161
syscw: 4629365
read_bytes: 62451228160
write_bytes: 153270484992
cancelled_write_bytes: 1150976

[2018-12-17T15:53:05-08:00]
rchar: 333452567539
wchar: 153427993486
syscr: 40393197
syscw: 4662339
read_bytes: 62752632320
write_bytes: 153645608960
cancelled_write_bytes: 1150976

[2018-12-17T15:53:08-08:00]
rchar: 334127429876
wchar: 153885191631
syscr: 40474953
syscw: 4668757
read_bytes: 62819257856
write_bytes: 154103541760
cancelled_write_bytes: 1159168

[2018-12-17T15:53:11-08:00]
rchar: 334723405698
wchar: 154357788006
syscr: 40547196
syscw: 4670546
read_bytes: 62837558784
write_bytes: 154576920576
cancelled_write_bytes: 1159168

[2018-12-17T15:53:14-08:00]
rchar: 335074542614
wchar: 154633137194
syscr: 40589764
syscw: 4671771
read_bytes: 62847991296
write_bytes: 154852724736
cancelled_write_bytes: 1159168

[2018-12-17T15:53:17-08:00]
rchar: 335642476362
wchar: 155034263993
syscr: 40658277
syscw: 4676343
read_bytes: 62908911104
write_bytes: 155254435840
cancelled_write_bytes: 1159168

[2018-12-17T15:53:20-08:00]
rchar: 336120733694
wchar: 155384479005
syscr: 40716249
syscw: 4680261
read_bytes: 62964350464
write_bytes: 155605733376
cancelled_write_bytes: 1159168

[2018-12-17T15:53:23-08:00]
rchar: 336957897062
wchar: 155805834559
syscr: 40817726
syscw: 4692621
read_bytes: 63126265344
write_bytes: 156027113472
cancelled_write_bytes: 1159168

[2018-12-17T15:53:26-08:00]
rchar: 337567927808
wchar: 156114270748
syscr: 40891649
syscw: 4701725
read_bytes: 63250488832
write_bytes: 156336005120
cancelled_write_bytes: 1159168

[2018-12-17T15:53:29-08:00]
rchar: 338353971928
wchar: 156452509891
syscr: 40986932
syscw: 4715153
read_bytes: 63415971328
write_bytes: 156674711552
cancelled_write_bytes: 1159168

[2018-12-17T15:53:32-08:00]
rchar: 338936233643
wchar: 156709451181
syscr: 41057505
syscw: 4725052
read_bytes: 63540444672
write_bytes: 156932009984
cancelled_write_bytes: 1159168

[2018-12-17T15:53:35-08:00]
rchar: 339162976306
wchar: 156946953478
syscr: 41084916
syscw: 4728670
read_bytes: 63586770432
write_bytes: 157169913856
cancelled_write_bytes: 1167360

[2018-12-17T15:53:38-08:00]
rchar: 339925144326
wchar: 157353319812
syscr: 41177300
syscw: 4736697
read_bytes: 63674801664
write_bytes: 157576904704
cancelled_write_bytes: 1167360

[2018-12-17T15:53:41-08:00]
rchar: 341002622708
wchar: 157717921814
syscr: 41307900
syscw: 4752752
read_bytes: 63832772096
write_bytes: 157942013952
cancelled_write_bytes: 1167360

[2018-12-17T15:53:44-08:00]
rchar: 342548615237
wchar: 158030882939
syscr: 41495336
syscw: 4780702
read_bytes: 64077762048
write_bytes: 158255288320
cancelled_write_bytes: 1167360

[2018-12-17T15:53:47-08:00]
rchar: 343333062627
wchar: 158311159824
syscr: 41590368
syscw: 4792219
read_bytes: 64183291392
write_bytes: 158535979008
cancelled_write_bytes: 1175552

[2018-12-17T15:53:50-08:00]
rchar: 345874247423
wchar: 158656187733
syscr: 41898487
syscw: 4825546
read_bytes: 64450235904
write_bytes: 158881300480
cancelled_write_bytes: 1175552

[2018-12-17T15:53:53-08:00]
rchar: 346054831039
wchar: 158808891628
syscr: 41920383
syscw: 4826053
read_bytes: 64452427264
write_bytes: 159034261504
cancelled_write_bytes: 1175552

[2018-12-17T15:53:56-08:00]
rchar: 346571838730
wchar: 159339541652
syscr: 41982791
syscw: 4828758
read_bytes: 64466013696
write_bytes: 159565815808
cancelled_write_bytes: 1175552

[2018-12-17T15:53:59-08:00]
rchar: 346994782589
wchar: 159664067354
syscr: 42033966
syscw: 4830318
read_bytes: 64483012096
write_bytes: 159890870272
cancelled_write_bytes: 1183744

[2018-12-17T15:54:02-08:00]
rchar: 347563007320
wchar: 160094955783
syscr: 42102712
syscw: 4832546
read_bytes: 64514969088
write_bytes: 160322461696
cancelled_write_bytes: 1183744

[2018-12-17T15:54:05-08:00]
rchar: 347928060285
wchar: 160377115814
syscr: 42146887
syscw: 4833922
read_bytes: 64540626432
write_bytes: 160605097984
cancelled_write_bytes: 1183744

[2018-12-17T15:54:08-08:00]
rchar: 348537214678
wchar: 160742808832
syscr: 42220699
syscw: 4839925
read_bytes: 64687742464
write_bytes: 160971296768
cancelled_write_bytes: 1183744

[2018-12-17T15:54:11-08:00]
rchar: 349319402254
wchar: 161120959194
syscr: 42315533
syscw: 4850992
read_bytes: 64967044608
write_bytes: 161349943296
cancelled_write_bytes: 1183744

[2018-12-17T15:54:14-08:00]
rchar: 350112558940
wchar: 161465397962
syscr: 42411662
syscw: 4863291
read_bytes: 65243041280
write_bytes: 161694842880
cancelled_write_bytes: 1183744

[2018-12-17T15:54:17-08:00]
rchar: 351111208904
wchar: 161877164185
syscr: 42532713
syscw: 4879465
read_bytes: 65618083328
write_bytes: 162107133952
cancelled_write_bytes: 1183744

[2018-12-17T15:54:20-08:00]
rchar: 351737624051
wchar: 162159361102
syscr: 42608652
syscw: 4888923
read_bytes: 65852132864
write_bytes: 162389696512
cancelled_write_bytes: 1183744

[2018-12-17T15:54:23-08:00]
rchar: 352023787006
wchar: 162533221054
syscr: 42643287
syscw: 4891100
read_bytes: 65895886336
write_bytes: 162764161024
cancelled_write_bytes: 1191936

[2018-12-17T15:54:26-08:00]
rchar: 352544850396
wchar: 162973413371
syscr: 42706422
syscw: 4892873
read_bytes: 65928814080
write_bytes: 163205033984
cancelled_write_bytes: 1191936

[2018-12-17T15:54:29-08:00]
rchar: 352949421889
wchar: 163311034748
syscr: 42755432
syscw: 4894197
read_bytes: 65957092864
write_bytes: 163543175168
cancelled_write_bytes: 1191936

[2018-12-17T15:54:32-08:00]
rchar: 353441501501
wchar: 163637789010
syscr: 42815069
syscw: 4897818
read_bytes: 66053336576
write_bytes: 163870445568
cancelled_write_bytes: 1191936

[2018-12-17T15:54:35-08:00]
rchar: 354198377551
wchar: 164016695056
syscr: 42906812
syscw: 4906183
read_bytes: 66296086016
write_bytes: 164249866240
cancelled_write_bytes: 1191936

[2018-12-17T15:54:38-08:00]
rchar: 354874189731
wchar: 164338228426
syscr: 42988729
syscw: 4914010
read_bytes: 66495122944
write_bytes: 164571856896
cancelled_write_bytes: 1191936

[2018-12-17T15:54:41-08:00]
rchar: 355610103347
wchar: 164667948546
syscr: 43077930
syscw: 4923061
read_bytes: 66685476352
write_bytes: 164902043648
cancelled_write_bytes: 1191936

[2018-12-17T15:54:44-08:00]
rchar: 356388160558
wchar: 165019304033
syscr: 43172214
syscw: 4932857
read_bytes: 66877451776
write_bytes: 165253885952
cancelled_write_bytes: 1191936

[2018-12-17T15:54:47-08:00]
rchar: 357204367423
wchar: 165380327706
syscr: 43271162
syscw: 4943318
read_bytes: 67081612800
write_bytes: 165615427584
cancelled_write_bytes: 1191936

[2018-12-17T15:54:50-08:00]
rchar: 357804730868
wchar: 165642655331
syscr: 43343921
syscw: 4951221
read_bytes: 67252702720
write_bytes: 165878091776
cancelled_write_bytes: 1191936

[2018-12-17T15:54:53-08:00]
rchar: 357928186398
wchar: 165774246654
syscr: 43358886
syscw: 4952929
read_bytes: 67289972224
write_bytes: 166009913344
cancelled_write_bytes: 1191936

[2018-12-17T15:54:56-08:00]
rchar: 358491663542
wchar: 166055497842
syscr: 43427108
syscw: 4959542
read_bytes: 67418168832
write_bytes: 166291570688
cancelled_write_bytes: 1200128

[2018-12-17T15:54:59-08:00]
rchar: 359675234117
wchar: 166466321113
syscr: 43570591
syscw: 4973309
read_bytes: 67652242944
write_bytes: 166702981120
cancelled_write_bytes: 1200128

[2018-12-17T15:55:02-08:00]
rchar: 360518018656
wchar: 166751255108
syscr: 43672742
syscw: 4983429
read_bytes: 67842776576
write_bytes: 166988296192
cancelled_write_bytes: 1200128

[2018-12-17T15:55:05-08:00]
rchar: 362003639710
wchar: 167165162101
syscr: 43852834
syscw: 5003137
read_bytes: 68119711232
write_bytes: 167402741760
cancelled_write_bytes: 1200128

[2018-12-17T15:55:08-08:00]
rchar: 362766219747
wchar: 167341868989
syscr: 43945295
syscw: 5013746
read_bytes: 68244475392
write_bytes: 167579688960
cancelled_write_bytes: 1200128

[2018-12-17T15:55:11-08:00]
rchar: 363202894003
wchar: 167807247213
syscr: 43998162
syscw: 5016336
read_bytes: 68268072448
write_bytes: 168045826048
cancelled_write_bytes: 1208320

[2018-12-17T15:55:14-08:00]
rchar: 363546406819
wchar: 168061929491
syscr: 44039777
syscw: 5017734
read_bytes: 68280237568
write_bytes: 168300929024
cancelled_write_bytes: 1208320

[2018-12-17T15:55:17-08:00]
rchar: 364057119968
wchar: 168452308778
syscr: 44101669
syscw: 5019692
read_bytes: 68295822848
write_bytes: 168691953664
cancelled_write_bytes: 1208320

[2018-12-17T15:55:20-08:00]
rchar: 364471132323
wchar: 168769935605
syscr: 44151854
syscw: 5021150
read_bytes: 68310806016
write_bytes: 169010102272
cancelled_write_bytes: 1208320

[2018-12-17T15:55:23-08:00]
rchar: 364755304378
wchar: 168994906574
syscr: 44186273
syscw: 5022112
read_bytes: 68320599552
write_bytes: 169235451904
cancelled_write_bytes: 1208320

[2018-12-17T15:55:26-08:00]
rchar: 365788129481
wchar: 169395719047
syscr: 44311186
syscw: 5041576
read_bytes: 68593884672
write_bytes: 169636773888
cancelled_write_bytes: 1208320

[2018-12-17T15:55:29-08:00]
rchar: 366976796520
wchar: 169692226819
syscr: 44455300
syscw: 5070720
read_bytes: 68888743424
write_bytes: 169933606912
cancelled_write_bytes: 1208320

[2018-12-17T15:55:32-08:00]
rchar: 367091616620
wchar: 169869869249
syscr: 44469150
syscw: 5074194
read_bytes: 68914970112
write_bytes: 170111549440
cancelled_write_bytes: 1208320

[2018-12-17T15:55:35-08:00]
rchar: 369111540123
wchar: 170420835002
syscr: 44714062
syscw: 5106897
read_bytes: 69219331584
write_bytes: 170663165952
cancelled_write_bytes: 1216512

[2018-12-17T15:55:38-08:00]
rchar: 369663229515
wchar: 170862725880
syscr: 44780721
syscw: 5109577
read_bytes: 69233303040
write_bytes: 171105808384
cancelled_write_bytes: 1216512

[2018-12-17T15:55:41-08:00]
rchar: 370041742834
wchar: 171163135807
syscr: 44826490
syscw: 5111425
read_bytes: 69242850816
write_bytes: 171406721024
cancelled_write_bytes: 1216512

[2018-12-17T15:55:44-08:00]
rchar: 370681017907
wchar: 171416855306
syscr: 44903896
syscw: 5124990
read_bytes: 69349670400
write_bytes: 171660800000
cancelled_write_bytes: 1216512

[2018-12-17T15:55:47-08:00]
rchar: 370753453487
wchar: 171590867408
syscr: 44912605
syscw: 5127625
read_bytes: 69364809216
write_bytes: 171835113472
cancelled_write_bytes: 1216512

[2018-12-17T15:55:50-08:00]
rchar: 371859177969
wchar: 171950334893
syscr: 45046652
syscw: 5144897
read_bytes: 69501521408
write_bytes: 172195045376
cancelled_write_bytes: 1224704

[2018-12-17T15:55:53-08:00]
rchar: 372355186777
wchar: 172285145466
syscr: 45106762
syscw: 5149128
read_bytes: 69527010816
write_bytes: 172530372608
cancelled_write_bytes: 1224704

[2018-12-17T15:55:56-08:00]
rchar: 373505759514
wchar: 172672358102
syscr: 45246240
syscw: 5165888
read_bytes: 69668527616
write_bytes: 172918075392
cancelled_write_bytes: 1228800

[2018-12-17T15:55:59-08:00]
rchar: 374012749254
wchar: 172919473197
syscr: 45307719
syscw: 5176069
read_bytes: 69752393216
write_bytes: 173165539328
cancelled_write_bytes: 1228800

[2018-12-17T15:56:02-08:00]
rchar: 374717575997
wchar: 173311516827
syscr: 45393063
syscw: 5182605
read_bytes: 69795491328
write_bytes: 173558157312
cancelled_write_bytes: 1241088

[2018-12-17T15:56:05-08:00]
rchar: 375961286322
wchar: 173684474527
syscr: 45543825
syscw: 5200547
read_bytes: 69923175936
write_bytes: 173931606016
cancelled_write_bytes: 1245184

[2018-12-17T15:56:08-08:00]
rchar: 377515204441
wchar: 174032464363
syscr: 45732158
syscw: 5225998
read_bytes: 70122429952
write_bytes: 174280003584
cancelled_write_bytes: 1253376

