[2018-12-17T17:45:25-08:00]
rchar: 148989503
wchar: 71040462
syscr: 8841
syscw: 1407
read_bytes: 230254080
write_bytes: 71168000
cancelled_write_bytes: 0

[2018-12-17T17:45:28-08:00]
rchar: 510227595
wchar: 296673096
syscr: 52649
syscw: 19757
read_bytes: 680712704
write_bytes: 297029632
cancelled_write_bytes: 0

[2018-12-17T17:45:31-08:00]
rchar: 801868755
wchar: 480452031
syscr: 88005
syscw: 36422
read_bytes: 1040747008
write_bytes: 481005568
cancelled_write_bytes: 0

[2018-12-17T17:45:34-08:00]
rchar: 1234551954
wchar: 760214927
syscr: 140455
syscw: 61981
read_bytes: 1568229888
write_bytes: 761057280
cancelled_write_bytes: 0

[2018-12-17T17:45:37-08:00]
rchar: 1368950301
wchar: 1030137217
syscr: 156685
syscw: 66298
read_bytes: 1624160768
write_bytes: 1031471104
cancelled_write_bytes: 8192

[2018-12-17T17:45:40-08:00]
rchar: 1797280856
wchar: 1305557558
syscr: 208521
syscw: 75015
read_bytes: 1849072128
write_bytes: 1307283456
cancelled_write_bytes: 8192

[2018-12-17T17:45:43-08:00]
rchar: 2346144814
wchar: 1591104635
syscr: 274985
syscw: 90394
read_bytes: 2267204096
write_bytes: 1593171968
cancelled_write_bytes: 8192

[2018-12-17T17:45:46-08:00]
rchar: 3131246544
wchar: 1823394627
syscr: 370120
syscw: 123250
read_bytes: 2718759424
write_bytes: 1825660928
cancelled_write_bytes: 12288

[2018-12-17T17:45:49-08:00]
rchar: 3724098226
wchar: 2046470691
syscr: 441930
syscw: 141791
read_bytes: 2953198080
write_bytes: 2049019904
cancelled_write_bytes: 20480

[2018-12-17T17:45:52-08:00]
rchar: 5011342639
wchar: 2358652538
syscr: 598009
syscw: 181995
read_bytes: 3454503424
write_bytes: 2361487360
cancelled_write_bytes: 20480

[2018-12-17T17:45:55-08:00]
rchar: 5391170891
wchar: 2688653882
syscr: 643926
syscw: 183419
read_bytes: 3468151296
write_bytes: 2692038656
cancelled_write_bytes: 28672

[2018-12-17T17:45:58-08:00]
rchar: 5723288182
wchar: 2977233055
syscr: 684072
syscw: 184447
read_bytes: 3477592576
write_bytes: 2981113856
cancelled_write_bytes: 28672

[2018-12-17T17:46:01-08:00]
rchar: 6072191272
wchar: 3249932309
syscr: 726223
syscw: 187331
read_bytes: 3507771904
write_bytes: 3254251520
cancelled_write_bytes: 73728

[2018-12-17T17:46:04-08:00]
rchar: 6496987490
wchar: 3516530248
syscr: 777710
syscw: 196700
read_bytes: 3656612352
write_bytes: 3521208320
cancelled_write_bytes: 81920

[2018-12-17T17:46:07-08:00]
rchar: 7286094555
wchar: 3805689344
syscr: 873384
syscw: 227262
read_bytes: 4156889600
write_bytes: 3810615296
cancelled_write_bytes: 81920

[2018-12-17T17:46:10-08:00]
rchar: 7512296958
wchar: 4051779311
syscr: 900816
syscw: 234650
read_bytes: 4273957376
write_bytes: 4057092096
cancelled_write_bytes: 86016

[2018-12-17T17:46:13-08:00]
rchar: 8742658225
wchar: 4353866848
syscr: 1049915
syscw: 267624
read_bytes: 4809853440
write_bytes: 4359462912
cancelled_write_bytes: 98304

[2018-12-17T17:46:16-08:00]
rchar: 9686246539
wchar: 4586704156
syscr: 1164316
syscw: 293625
read_bytes: 5222353408
write_bytes: 4592517120
cancelled_write_bytes: 98304

[2018-12-17T17:46:19-08:00]
rchar: 10438856546
wchar: 4890709846
syscr: 1255489
syscw: 309354
read_bytes: 5475564032
write_bytes: 4896944128
cancelled_write_bytes: 106496

[2018-12-17T17:46:22-08:00]
rchar: 11863666497
wchar: 5167668729
syscr: 1428226
syscw: 339439
read_bytes: 5946092032
write_bytes: 5174145024
cancelled_write_bytes: 106496

[2018-12-17T17:46:25-08:00]
rchar: 12361242718
wchar: 5363205994
syscr: 1488577
syscw: 349948
read_bytes: 6105463296
write_bytes: 5369942016
cancelled_write_bytes: 106496

[2018-12-17T17:46:28-08:00]
rchar: 13372601422
wchar: 5575550588
syscr: 1611124
syscw: 367114
read_bytes: 6368426496
write_bytes: 5582528512
cancelled_write_bytes: 114688

[2018-12-17T17:46:31-08:00]
rchar: 15471954172
wchar: 5905459709
syscr: 1865647
syscw: 403029
read_bytes: 6916459008
write_bytes: 5912748032
cancelled_write_bytes: 114688

[2018-12-17T17:46:34-08:00]
rchar: 15804219996
wchar: 6271116321
syscr: 1905873
syscw: 405230
read_bytes: 6945757696
write_bytes: 6279016448
cancelled_write_bytes: 122880

[2018-12-17T17:46:37-08:00]
rchar: 16268790645
wchar: 6646873837
syscr: 1962057
syscw: 406641
read_bytes: 6977829376
write_bytes: 6655389696
cancelled_write_bytes: 122880

[2018-12-17T17:46:40-08:00]
rchar: 16762845490
wchar: 7038475353
syscr: 2021791
syscw: 408149
read_bytes: 7017744896
write_bytes: 7047630848
cancelled_write_bytes: 122880

[2018-12-17T17:46:43-08:00]
rchar: 17039871933
wchar: 7230869710
syscr: 2055267
syscw: 409606
read_bytes: 7056800256
write_bytes: 7240372224
cancelled_write_bytes: 122880

[2018-12-17T17:46:46-08:00]
rchar: 17616573030
wchar: 7574855452
syscr: 2125197
syscw: 423373
read_bytes: 7443528192
write_bytes: 7584825344
cancelled_write_bytes: 126976

[2018-12-17T17:46:49-08:00]
rchar: 18146287630
wchar: 7881194882
syscr: 2189404
syscw: 436977
read_bytes: 7754799616
write_bytes: 7891533824
cancelled_write_bytes: 126976

[2018-12-17T17:46:52-08:00]
rchar: 18684285614
wchar: 8174220803
syscr: 2254614
syscw: 452023
read_bytes: 8105871872
write_bytes: 8184918016
cancelled_write_bytes: 126976

[2018-12-17T17:46:55-08:00]
rchar: 18933908233
wchar: 8433381043
syscr: 2284819
syscw: 458627
read_bytes: 8255461888
write_bytes: 8444493824
cancelled_write_bytes: 135168

[2018-12-17T17:46:58-08:00]
rchar: 19879023657
wchar: 8793617484
syscr: 2399386
syscw: 479210
read_bytes: 8685136384
write_bytes: 8805150720
cancelled_write_bytes: 139264

[2018-12-17T17:47:01-08:00]
rchar: 20624054532
wchar: 9152651702
syscr: 2489706
syscw: 496962
read_bytes: 8994056704
write_bytes: 9164673024
cancelled_write_bytes: 139264

[2018-12-17T17:47:04-08:00]
rchar: 21627826490
wchar: 9411845421
syscr: 2611352
syscw: 515954
read_bytes: 9329392128
write_bytes: 9424162816
cancelled_write_bytes: 147456

[2018-12-17T17:47:07-08:00]
rchar: 22644731376
wchar: 9669643046
syscr: 2734627
syscw: 535360
read_bytes: 9638603264
write_bytes: 9682243584
cancelled_write_bytes: 147456

[2018-12-17T17:47:10-08:00]
rchar: 23612511851
wchar: 9968959174
syscr: 2851899
syscw: 554304
read_bytes: 9889552896
write_bytes: 9981943808
cancelled_write_bytes: 155648

[2018-12-17T17:47:13-08:00]
rchar: 25910927714
wchar: 10293727008
syscr: 3130566
syscw: 592992
read_bytes: 10366450176
write_bytes: 10306977792
cancelled_write_bytes: 155648

[2018-12-17T17:47:16-08:00]
rchar: 26273468498
wchar: 10649346790
syscr: 3174475
syscw: 595687
read_bytes: 10405116416
write_bytes: 10663182336
cancelled_write_bytes: 163840

[2018-12-17T17:47:19-08:00]
rchar: 26820401682
wchar: 11091284830
syscr: 3240768
syscw: 597440
read_bytes: 10443926016
write_bytes: 11105882112
cancelled_write_bytes: 163840

[2018-12-17T17:47:22-08:00]
rchar: 27277413267
wchar: 11411302698
syscr: 3295939
syscw: 601259
read_bytes: 10555247104
write_bytes: 11426414592
cancelled_write_bytes: 163840

[2018-12-17T17:47:25-08:00]
rchar: 27997884557
wchar: 11821564428
syscr: 3383251
syscw: 612942
read_bytes: 10873256448
write_bytes: 11837235200
cancelled_write_bytes: 163840

[2018-12-17T17:47:28-08:00]
rchar: 28670215474
wchar: 12156008245
syscr: 3464758
syscw: 625896
read_bytes: 11176790528
write_bytes: 12172111872
cancelled_write_bytes: 163840

[2018-12-17T17:47:31-08:00]
rchar: 29408407035
wchar: 12484094821
syscr: 3554241
syscw: 641473
read_bytes: 11509570048
write_bytes: 12500611072
cancelled_write_bytes: 163840

[2018-12-17T17:47:34-08:00]
rchar: 29843982827
wchar: 12778760021
syscr: 3606979
syscw: 648767
read_bytes: 11653093888
write_bytes: 12795764736
cancelled_write_bytes: 172032

[2018-12-17T17:47:37-08:00]
rchar: 30861483897
wchar: 13091977879
syscr: 3730335
syscw: 667216
read_bytes: 11994794496
write_bytes: 13109350400
cancelled_write_bytes: 172032

[2018-12-17T17:47:40-08:00]
rchar: 31846243030
wchar: 13517856966
syscr: 3849718
syscw: 685237
read_bytes: 12323617280
write_bytes: 13535805440
cancelled_write_bytes: 172032

[2018-12-17T17:47:43-08:00]
rchar: 33269240343
wchar: 13781243933
syscr: 4022183
syscw: 708373
read_bytes: 12645325312
write_bytes: 13799464960
cancelled_write_bytes: 180224

[2018-12-17T17:47:46-08:00]
rchar: 35109348837
wchar: 14090889776
syscr: 4245275
syscw: 737610
read_bytes: 13047163392
write_bytes: 14109392896
cancelled_write_bytes: 180224

[2018-12-17T17:47:49-08:00]
rchar: 36421720111
wchar: 14497260228
syscr: 4404325
syscw: 753979
read_bytes: 13245222400
write_bytes: 14516338688
cancelled_write_bytes: 188416

[2018-12-17T17:47:52-08:00]
rchar: 37048245518
wchar: 14994630011
syscr: 4480191
syscw: 756234
read_bytes: 13276577280
write_bytes: 15014498304
cancelled_write_bytes: 188416

[2018-12-17T17:47:55-08:00]
rchar: 37628824626
wchar: 15447011094
syscr: 4550464
syscw: 758331
read_bytes: 13307301376
write_bytes: 15467614208
cancelled_write_bytes: 188416

[2018-12-17T17:47:58-08:00]
rchar: 38178129352
wchar: 15882184841
syscr: 4616951
syscw: 760189
read_bytes: 13340331520
write_bytes: 15903473664
cancelled_write_bytes: 188416

[2018-12-17T17:48:01-08:00]
rchar: 38579359156
wchar: 16196416007
syscr: 4665506
syscw: 761665
read_bytes: 13363019264
write_bytes: 16218193920
cancelled_write_bytes: 188416

[2018-12-17T17:48:04-08:00]
rchar: 38999980517
wchar: 16522370679
syscr: 4716388
syscw: 763407
read_bytes: 13391224320
write_bytes: 16544690176
cancelled_write_bytes: 188416

[2018-12-17T17:48:07-08:00]
rchar: 39350458333
wchar: 16828549136
syscr: 4758852
syscw: 765493
read_bytes: 13428706816
write_bytes: 16851316736
cancelled_write_bytes: 188416

[2018-12-17T17:48:10-08:00]
rchar: 40148295629
wchar: 17340774770
syscr: 4855548
syscw: 779929
read_bytes: 13706984960
write_bytes: 17364213760
cancelled_write_bytes: 188416

[2018-12-17T17:48:13-08:00]
rchar: 40463704710
wchar: 17625460288
syscr: 4893791
syscw: 788353
read_bytes: 13867503104
write_bytes: 17649319936
cancelled_write_bytes: 188416

[2018-12-17T17:48:16-08:00]
rchar: 41411714125
wchar: 17995464141
syscr: 5008639
syscw: 806737
read_bytes: 14246268416
write_bytes: 18019807232
cancelled_write_bytes: 196608

[2018-12-17T17:48:19-08:00]
rchar: 42325577897
wchar: 18396710136
syscr: 5119420
syscw: 823179
read_bytes: 14559792640
write_bytes: 18421559296
cancelled_write_bytes: 196608

[2018-12-17T17:48:22-08:00]
rchar: 42948440210
wchar: 18623595852
syscr: 5194935
syscw: 835967
read_bytes: 14796946944
write_bytes: 18648694784
cancelled_write_bytes: 196608

[2018-12-17T17:48:25-08:00]
rchar: 43737120716
wchar: 18989255307
syscr: 5290493
syscw: 849354
read_bytes: 15039086080
write_bytes: 19014893568
cancelled_write_bytes: 204800

[2018-12-17T17:48:28-08:00]
rchar: 44726335421
wchar: 19288243077
syscr: 5410405
syscw: 865727
read_bytes: 15339032064
write_bytes: 19314253824
cancelled_write_bytes: 204800

[2018-12-17T17:48:31-08:00]
rchar: 45602798042
wchar: 19501504929
syscr: 5516659
syscw: 881376
read_bytes: 15570251264
write_bytes: 19527749632
cancelled_write_bytes: 204800

[2018-12-17T17:48:34-08:00]
rchar: 46594289145
wchar: 19789762776
syscr: 5636806
syscw: 895529
read_bytes: 15765716480
write_bytes: 19816423424
cancelled_write_bytes: 212992

[2018-12-17T17:48:37-08:00]
rchar: 48905553761
wchar: 20189598385
syscr: 5917025
syscw: 929982
read_bytes: 16222940672
write_bytes: 20216651776
cancelled_write_bytes: 212992

[2018-12-17T17:48:40-08:00]
rchar: 49028810769
wchar: 20353452861
syscr: 5931973
syscw: 932035
read_bytes: 16247225856
write_bytes: 20380790784
cancelled_write_bytes: 212992

[2018-12-17T17:48:43-08:00]
rchar: 49540228154
wchar: 20772031467
syscr: 5993916
syscw: 933394
read_bytes: 16279965184
write_bytes: 20800090112
cancelled_write_bytes: 221184

[2018-12-17T17:48:46-08:00]
rchar: 49983092741
wchar: 21089827919
syscr: 6047370
syscw: 936380
read_bytes: 16395914752
write_bytes: 21118402560
cancelled_write_bytes: 221184

[2018-12-17T17:48:49-08:00]
rchar: 50635344334
wchar: 21558808164
syscr: 6126445
syscw: 942415
read_bytes: 16616046080
write_bytes: 21588025344
cancelled_write_bytes: 221184

[2018-12-17T17:48:52-08:00]
rchar: 51185573945
wchar: 21946643782
syscr: 6193115
syscw: 948065
read_bytes: 16812211712
write_bytes: 21976440832
cancelled_write_bytes: 221184

[2018-12-17T17:48:55-08:00]
rchar: 51741199941
wchar: 22388393237
syscr: 6260439
syscw: 952211
read_bytes: 16941350400
write_bytes: 22418849792
cancelled_write_bytes: 221184

[2018-12-17T17:48:58-08:00]
rchar: 52188488373
wchar: 22722760628
syscr: 6314627
syscw: 956131
read_bytes: 17070108160
write_bytes: 22753738752
cancelled_write_bytes: 221184

[2018-12-17T17:49:01-08:00]
rchar: 52951952774
wchar: 23187113343
syscr: 6407177
syscw: 966850
read_bytes: 17413000704
write_bytes: 23218724864
cancelled_write_bytes: 221184

[2018-12-17T17:49:04-08:00]
rchar: 53521916806
wchar: 23519865058
syscr: 6476256
syscw: 975367
read_bytes: 17680498176
write_bytes: 23551934464
cancelled_write_bytes: 221184

[2018-12-17T17:49:07-08:00]
rchar: 54027558950
wchar: 23956093683
syscr: 6537533
syscw: 982540
read_bytes: 17898839552
write_bytes: 23988846592
cancelled_write_bytes: 221184

[2018-12-17T17:49:10-08:00]
rchar: 54566783521
wchar: 24228080633
syscr: 6602843
syscw: 989301
read_bytes: 18101759488
write_bytes: 24261218304
cancelled_write_bytes: 229376

[2018-12-17T17:49:13-08:00]
rchar: 55278204165
wchar: 24558279356
syscr: 6689073
syscw: 998980
read_bytes: 18359287296
write_bytes: 24591884288
cancelled_write_bytes: 229376

[2018-12-17T17:49:16-08:00]
rchar: 56146912292
wchar: 24964067488
syscr: 6794359
syscw: 1011004
read_bytes: 18669862400
write_bytes: 24998219776
cancelled_write_bytes: 229376

[2018-12-17T17:49:19-08:00]
rchar: 56726337723
wchar: 25240098930
syscr: 6864591
syscw: 1018841
read_bytes: 18863353344
write_bytes: 25274658816
cancelled_write_bytes: 229376

[2018-12-17T17:49:22-08:00]
rchar: 57170841384
wchar: 25474361776
syscr: 6918468
syscw: 1025929
read_bytes: 19005652480
write_bytes: 25509855232
cancelled_write_bytes: 229376

[2018-12-17T17:49:25-08:00]
rchar: 58002509658
wchar: 25751916294
syscr: 7019229
syscw: 1037915
read_bytes: 19203579392
write_bytes: 25787260928
cancelled_write_bytes: 237568

[2018-12-17T17:49:28-08:00]
rchar: 60006056155
wchar: 26032462649
syscr: 7262153
syscw: 1068410
read_bytes: 19517439488
write_bytes: 26068037632
cancelled_write_bytes: 237568

[2018-12-17T17:49:31-08:00]
rchar: 60331539650
wchar: 26368126758
syscr: 7301576
syscw: 1070679
read_bytes: 19534802432
write_bytes: 26404253696
cancelled_write_bytes: 245760

[2018-12-17T17:49:34-08:00]
rchar: 60763206608
wchar: 26696089338
syscr: 7353792
syscw: 1072239
read_bytes: 19565194752
write_bytes: 26732761088
cancelled_write_bytes: 245760

[2018-12-17T17:49:37-08:00]
rchar: 61295584929
wchar: 27114144734
syscr: 7418197
syscw: 1074031
read_bytes: 19601391104
write_bytes: 27151511552
cancelled_write_bytes: 245760

[2018-12-17T17:49:40-08:00]
rchar: 61793902993
wchar: 27503141401
syscr: 7478479
syscw: 1075726
read_bytes: 19636948480
write_bytes: 27541168128
cancelled_write_bytes: 245760

[2018-12-17T17:49:43-08:00]
rchar: 62483616116
wchar: 27940837273
syscr: 7561996
syscw: 1085033
read_bytes: 19892477440
write_bytes: 27979493376
cancelled_write_bytes: 249856

[2018-12-17T17:49:46-08:00]
rchar: 63036217952
wchar: 28273002744
syscr: 7628980
syscw: 1094835
read_bytes: 20164402688
write_bytes: 28312088576
cancelled_write_bytes: 249856

[2018-12-17T17:49:49-08:00]
rchar: 63799197934
wchar: 28751467791
syscr: 7721451
syscw: 1107516
read_bytes: 20556643840
write_bytes: 28791214080
cancelled_write_bytes: 249856

[2018-12-17T17:49:52-08:00]
rchar: 64264075384
wchar: 29036012205
syscr: 7777804
syscw: 1115708
read_bytes: 20792876544
write_bytes: 29076140032
cancelled_write_bytes: 249856

[2018-12-17T17:49:55-08:00]
rchar: 64520234863
wchar: 29292121973
syscr: 7808767
syscw: 1119704
read_bytes: 20908789248
write_bytes: 29332688896
cancelled_write_bytes: 258048

[2018-12-17T17:49:58-08:00]
rchar: 65446959569
wchar: 29776926701
syscr: 7921119
syscw: 1132918
read_bytes: 21320273408
write_bytes: 29818122240
cancelled_write_bytes: 258048

[2018-12-17T17:50:01-08:00]
rchar: 66037987692
wchar: 30115080348
syscr: 7992761
syscw: 1140509
read_bytes: 21554834944
write_bytes: 30156730368
cancelled_write_bytes: 258048

[2018-12-17T17:50:04-08:00]
rchar: 66501186365
wchar: 30423115310
syscr: 8048894
syscw: 1145241
read_bytes: 21708422656
write_bytes: 30465216512
cancelled_write_bytes: 258048

[2018-12-17T17:50:07-08:00]
rchar: 66980738759
wchar: 30687712683
syscr: 8106998
syscw: 1151734
read_bytes: 21939006976
write_bytes: 30730178560
cancelled_write_bytes: 258048

[2018-12-17T17:50:10-08:00]
rchar: 67738975089
wchar: 31102329312
syscr: 8198915
syscw: 1162435
read_bytes: 22306033152
write_bytes: 31145365504
cancelled_write_bytes: 258048

[2018-12-17T17:50:13-08:00]
rchar: 68057903580
wchar: 31398603897
syscr: 8237585
syscw: 1167107
read_bytes: 22457994752
write_bytes: 31442104320
cancelled_write_bytes: 258048

[2018-12-17T17:50:16-08:00]
rchar: 68521894842
wchar: 31634208207
syscr: 8293751
syscw: 1172295
read_bytes: 22635552256
write_bytes: 31678050304
cancelled_write_bytes: 266240

[2018-12-17T17:50:19-08:00]
rchar: 69011148377
wchar: 31905049725
syscr: 8353039
syscw: 1177256
read_bytes: 22803664384
write_bytes: 31949295616
cancelled_write_bytes: 266240

[2018-12-17T17:50:22-08:00]
rchar: 69659747157
wchar: 32192060158
syscr: 8431671
syscw: 1185428
read_bytes: 23066316288
write_bytes: 32236675072
cancelled_write_bytes: 266240

[2018-12-17T17:50:25-08:00]
rchar: 70294123755
wchar: 32475550903
syscr: 8508552
syscw: 1193535
read_bytes: 23322308096
write_bytes: 32520572928
cancelled_write_bytes: 266240

[2018-12-17T17:50:28-08:00]
rchar: 71240310038
wchar: 32886194130
syscr: 8623251
syscw: 1206341
read_bytes: 23673191936
write_bytes: 32931737600
cancelled_write_bytes: 266240

[2018-12-17T17:50:31-08:00]
rchar: 71883035783
wchar: 33140965930
syscr: 8701153
syscw: 1215398
read_bytes: 23849573888
write_bytes: 33186861056
cancelled_write_bytes: 266240

[2018-12-17T17:50:34-08:00]
rchar: 72494702806
wchar: 33412902855
syscr: 8775239
syscw: 1224964
read_bytes: 23990308352
write_bytes: 33459265536
cancelled_write_bytes: 274432

[2018-12-17T17:50:37-08:00]
rchar: 75156410204
wchar: 33686429971
syscr: 9097963
syscw: 1257487
read_bytes: 24308379136
write_bytes: 33732956160
cancelled_write_bytes: 274432

[2018-12-17T17:50:40-08:00]
rchar: 75671703770
wchar: 34166905350
syscr: 9160388
syscw: 1260522
read_bytes: 24338537984
write_bytes: 34214207488
cancelled_write_bytes: 282624

[2018-12-17T17:50:43-08:00]
rchar: 76096910322
wchar: 34487735374
syscr: 9211929
syscw: 1262091
read_bytes: 24366202368
write_bytes: 34535555072
cancelled_write_bytes: 282624

[2018-12-17T17:50:46-08:00]
rchar: 76534458844
wchar: 34830796774
syscr: 9264967
syscw: 1263603
read_bytes: 24400199168
write_bytes: 34879176704
cancelled_write_bytes: 282624

[2018-12-17T17:50:49-08:00]
rchar: 77053554591
wchar: 35238804231
syscr: 9327654
syscw: 1265512
read_bytes: 24439127552
write_bytes: 35287822336
cancelled_write_bytes: 282624

[2018-12-17T17:50:52-08:00]
rchar: 77337752061
wchar: 35476704738
syscr: 9362084
syscw: 1266874
read_bytes: 24471641600
write_bytes: 35526201344
cancelled_write_bytes: 282624

[2018-12-17T17:50:55-08:00]
rchar: 77888201219
wchar: 35944601478
syscr: 9428790
syscw: 1269576
read_bytes: 24530288128
write_bytes: 35994701824
cancelled_write_bytes: 282624

[2018-12-17T17:50:58-08:00]
rchar: 78433834384
wchar: 36329521991
syscr: 9494908
syscw: 1274902
read_bytes: 24651329024
write_bytes: 36380188672
cancelled_write_bytes: 282624

[2018-12-17T17:51:01-08:00]
rchar: 78993113392
wchar: 36809586752
syscr: 9562663
syscw: 1277566
read_bytes: 24695504384
write_bytes: 36860977152
cancelled_write_bytes: 282624

[2018-12-17T17:51:04-08:00]
rchar: 79461785613
wchar: 37194274331
syscr: 9619464
syscw: 1280267
read_bytes: 24742661632
write_bytes: 37246255104
cancelled_write_bytes: 282624

[2018-12-17T17:51:07-08:00]
rchar: 80064889709
wchar: 37547464466
syscr: 9692551
syscw: 1288767
read_bytes: 24892624384
write_bytes: 37599973376
cancelled_write_bytes: 282624

[2018-12-17T17:51:10-08:00]
rchar: 80624427219
wchar: 37869671708
syscr: 9760379
syscw: 1296599
read_bytes: 24997420544
write_bytes: 37922623488
cancelled_write_bytes: 282624

[2018-12-17T17:51:13-08:00]
rchar: 81252705374
wchar: 38262533141
syscr: 9836518
syscw: 1304758
read_bytes: 25072295424
write_bytes: 38316056576
cancelled_write_bytes: 282624

[2018-12-17T17:51:16-08:00]
rchar: 81761358820
wchar: 38531790873
syscr: 9898135
syscw: 1313707
read_bytes: 25152425472
write_bytes: 38585741312
cancelled_write_bytes: 290816

[2018-12-17T17:51:19-08:00]
rchar: 83273225569
wchar: 38920126229
syscr: 10081425
syscw: 1338864
read_bytes: 25383603712
write_bytes: 38974488576
cancelled_write_bytes: 290816

[2018-12-17T17:51:22-08:00]
rchar: 83775810075
wchar: 39190195523
syscr: 10142300
syscw: 1347098
read_bytes: 25454304768
write_bytes: 39244972032
cancelled_write_bytes: 294912

[2018-12-17T17:51:25-08:00]
rchar: 85242503447
wchar: 39546603543
syscr: 10320111
syscw: 1366261
read_bytes: 25627643392
write_bytes: 39602798592
cancelled_write_bytes: 299008

[2018-12-17T17:51:28-08:00]
rchar: 87121263852
wchar: 39898033926
syscr: 10547904
syscw: 1392563
read_bytes: 25895419392
write_bytes: 39953600512
cancelled_write_bytes: 299008

[2018-12-17T17:51:31-08:00]
rchar: 87747001516
wchar: 40389537774
syscr: 10623721
syscw: 1395255
read_bytes: 25923464704
write_bytes: 40445849600
cancelled_write_bytes: 307200

[2018-12-17T17:51:34-08:00]
rchar: 88310027659
wchar: 40818795140
syscr: 10691831
syscw: 1397441
read_bytes: 25960402432
write_bytes: 40875831296
cancelled_write_bytes: 307200

[2018-12-17T17:51:37-08:00]
rchar: 88887866225
wchar: 41266313932
syscr: 10761726
syscw: 1399464
read_bytes: 25999343104
write_bytes: 41324064768
cancelled_write_bytes: 307200

[2018-12-17T17:51:40-08:00]
rchar: 89279003092
wchar: 41573174620
syscr: 10809058
syscw: 1400946
read_bytes: 26026884608
write_bytes: 41631408128
cancelled_write_bytes: 307200

[2018-12-17T17:51:43-08:00]
rchar: 89650694775
wchar: 41851502093
syscr: 10854028
syscw: 1402491
read_bytes: 26055130624
write_bytes: 41910202368
cancelled_write_bytes: 307200

[2018-12-17T17:51:46-08:00]
rchar: 90125029239
wchar: 42182714748
syscr: 10911471
syscw: 1407562
read_bytes: 26204130816
write_bytes: 42241892352
cancelled_write_bytes: 307200

[2018-12-17T17:51:49-08:00]
rchar: 90667916841
wchar: 42512496737
syscr: 10977277
syscw: 1416617
read_bytes: 26471869952
write_bytes: 42572251136
cancelled_write_bytes: 311296

[2018-12-17T17:51:52-08:00]
rchar: 91322566468
wchar: 42898377619
syscr: 11056622
syscw: 1428111
read_bytes: 26810740224
write_bytes: 42958512128
cancelled_write_bytes: 311296

[2018-12-17T17:51:55-08:00]
rchar: 91818511447
wchar: 43192873441
syscr: 11116749
syscw: 1436855
read_bytes: 27077926400
write_bytes: 43253411840
cancelled_write_bytes: 311296

[2018-12-17T17:51:58-08:00]
rchar: 92287672780
wchar: 43473187409
syscr: 11173590
syscw: 1444914
read_bytes: 27333123584
write_bytes: 43534102528
cancelled_write_bytes: 311296

[2018-12-17T17:52:01-08:00]
rchar: 92647211785
wchar: 43692986051
syscr: 11217184
syscw: 1451089
read_bytes: 27534495232
write_bytes: 43754192896
cancelled_write_bytes: 311296

[2018-12-17T17:52:04-08:00]
rchar: 92811344642
wchar: 43952051081
syscr: 11237040
syscw: 1453146
read_bytes: 27598986752
write_bytes: 44013690880
cancelled_write_bytes: 319488

[2018-12-17T17:52:07-08:00]
rchar: 93286036353
wchar: 44203423262
syscr: 11294559
syscw: 1459640
read_bytes: 27792907776
write_bytes: 44265439232
cancelled_write_bytes: 319488

[2018-12-17T17:52:10-08:00]
rchar: 94109118678
wchar: 44620672964
syscr: 11394324
syscw: 1471830
read_bytes: 28098649600
write_bytes: 44683247616
cancelled_write_bytes: 319488

[2018-12-17T17:52:13-08:00]
rchar: 94975208819
wchar: 44917871125
syscr: 11499309
syscw: 1488442
read_bytes: 28397022720
write_bytes: 44980801536
cancelled_write_bytes: 319488

[2018-12-17T17:52:16-08:00]
rchar: 95344990677
wchar: 45147845954
syscr: 11544087
syscw: 1495822
read_bytes: 28517760512
write_bytes: 45211152384
cancelled_write_bytes: 327680

[2018-12-17T17:52:19-08:00]
rchar: 96846858894
wchar: 45443833059
syscr: 11726170
syscw: 1520454
read_bytes: 28839898624
write_bytes: 45507461120
cancelled_write_bytes: 327680

[2018-12-17T17:52:22-08:00]
rchar: 98057954931
wchar: 45736850852
syscr: 11872951
syscw: 1541519
read_bytes: 29047365120
write_bytes: 45800841216
cancelled_write_bytes: 335872

[2018-12-17T17:52:25-08:00]
rchar: 101144151903
wchar: 46083689518
syscr: 12247125
syscw: 1584237
read_bytes: 29475036672
write_bytes: 46147911680
cancelled_write_bytes: 335872

[2018-12-17T17:52:28-08:00]
rchar: 101615809893
wchar: 46496986938
syscr: 12304262
syscw: 1587768
read_bytes: 29507333632
write_bytes: 46561853440
cancelled_write_bytes: 344064

[2018-12-17T17:52:31-08:00]
rchar: 102213522614
wchar: 46952673457
syscr: 12376713
syscw: 1589942
read_bytes: 29543685632
write_bytes: 47018270720
cancelled_write_bytes: 344064

[2018-12-17T17:52:34-08:00]
rchar: 102617432154
wchar: 47270512467
syscr: 12425672
syscw: 1591316
read_bytes: 29567340032
write_bytes: 47336636416
cancelled_write_bytes: 344064

[2018-12-17T17:52:37-08:00]
rchar: 103011739157
wchar: 47580718957
syscr: 12473470
syscw: 1592634
read_bytes: 29590879744
write_bytes: 47647342592
cancelled_write_bytes: 344064

[2018-12-17T17:52:40-08:00]
rchar: 103443656699
wchar: 47923394112
syscr: 12525561
syscw: 1594603
read_bytes: 29645630976
write_bytes: 47990530048
cancelled_write_bytes: 344064

[2018-12-17T17:52:43-08:00]
rchar: 103995122996
wchar: 48357810568
syscr: 12592389
syscw: 1598044
read_bytes: 29747437056
write_bytes: 48425611264
cancelled_write_bytes: 344064

[2018-12-17T17:52:46-08:00]
rchar: 104589246288
wchar: 48728521861
syscr: 12664381
syscw: 1605152
read_bytes: 29952876032
write_bytes: 48796860416
cancelled_write_bytes: 344064

[2018-12-17T17:52:49-08:00]
rchar: 105070736226
wchar: 49050083163
syscr: 12722726
syscw: 1610176
read_bytes: 30066408960
write_bytes: 49118896128
cancelled_write_bytes: 344064

[2018-12-17T17:52:52-08:00]
rchar: 105480794417
wchar: 49326953397
syscr: 12772432
syscw: 1614474
read_bytes: 30179372544
write_bytes: 49396191232
cancelled_write_bytes: 344064

[2018-12-17T17:52:55-08:00]
rchar: 106115349424
wchar: 49658022015
syscr: 12849343
syscw: 1624114
read_bytes: 30416453120
write_bytes: 49727680512
cancelled_write_bytes: 344064

[2018-12-17T17:52:58-08:00]
rchar: 106714941071
wchar: 50144650407
syscr: 12922002
syscw: 1627725
read_bytes: 30483529216
write_bytes: 50215022592
cancelled_write_bytes: 344064

[2018-12-17T17:53:01-08:00]
rchar: 107050643383
wchar: 50336533244
syscr: 12962679
syscw: 1632487
read_bytes: 30580604416
write_bytes: 50407198720
cancelled_write_bytes: 344064

[2018-12-17T17:53:04-08:00]
rchar: 107404229742
wchar: 50580453584
syscr: 13005481
syscw: 1638239
read_bytes: 30653337088
write_bytes: 50651545600
cancelled_write_bytes: 352256

[2018-12-17T17:53:07-08:00]
rchar: 109190905083
wchar: 51015504277
syscr: 13222088
syscw: 1668371
read_bytes: 30980451840
write_bytes: 51087085568
cancelled_write_bytes: 352256

[2018-12-17T17:53:10-08:00]
rchar: 111597203040
wchar: 51426329493
syscr: 13513796
syscw: 1696632
read_bytes: 31227153920
write_bytes: 51498885120
cancelled_write_bytes: 360448

[2018-12-17T17:53:13-08:00]
rchar: 112089804972
wchar: 51798405831
syscr: 13573407
syscw: 1698790
read_bytes: 31238696448
write_bytes: 51871080448
cancelled_write_bytes: 360448

[2018-12-17T17:53:16-08:00]
rchar: 112673093125
wchar: 52241465087
syscr: 13643929
syscw: 1701279
read_bytes: 31251725824
write_bytes: 52314894336
cancelled_write_bytes: 360448

[2018-12-17T17:53:19-08:00]
rchar: 113173512185
wchar: 52579010821
syscr: 13704436
syscw: 1705479
read_bytes: 31274868224
write_bytes: 52652982272
cancelled_write_bytes: 360448

[2018-12-17T17:53:22-08:00]
rchar: 113672871158
wchar: 52847577914
syscr: 13764960
syscw: 1714681
read_bytes: 31348059648
write_bytes: 52921909248
cancelled_write_bytes: 360448

[2018-12-17T17:53:25-08:00]
rchar: 113757425162
wchar: 53032839211
syscr: 13775139
syscw: 1717134
read_bytes: 31366188544
write_bytes: 53107494912
cancelled_write_bytes: 360448

[2018-12-17T17:53:28-08:00]
rchar: 114712147661
wchar: 53360268223
syscr: 13890882
syscw: 1733549
read_bytes: 31496027648
write_bytes: 53435338752
cancelled_write_bytes: 368640

[2018-12-17T17:53:31-08:00]
rchar: 115213668075
wchar: 53711936140
syscr: 13951661
syscw: 1737782
read_bytes: 31519305216
write_bytes: 53787553792
cancelled_write_bytes: 380928

[2018-12-17T17:53:34-08:00]
rchar: 115866305212
wchar: 54147294205
syscr: 14030760
syscw: 1743896
read_bytes: 31554137600
write_bytes: 54223589376
cancelled_write_bytes: 389120

[2018-12-17T17:53:37-08:00]
rchar: 116761655374
wchar: 54552857432
syscr: 14139289
syscw: 1757352
read_bytes: 31661633024
write_bytes: 54629695488
cancelled_write_bytes: 393216

[2018-12-17T17:53:40-08:00]
rchar: 117393760015
wchar: 54902275858
syscr: 14215907
syscw: 1765275
read_bytes: 31718919680
write_bytes: 54979608576
cancelled_write_bytes: 405504

[2018-12-17T17:53:43-08:00]
rchar: 117688814730
wchar: 55043884979
syscr: 14251678
syscw: 1769880
read_bytes: 31745129984
write_bytes: 55121420288
cancelled_write_bytes: 405504

[2018-12-17T17:53:46-08:00]
rchar: 118115700128
wchar: 55265017272
syscr: 14303365
syscw: 1778128
read_bytes: 31813611008
write_bytes: 55342899200
cancelled_write_bytes: 417792

[2018-12-17T17:53:49-08:00]
rchar: 120200001115
wchar: 55768184016
syscr: 14556054
syscw: 1810696
read_bytes: 32082324992
write_bytes: 55846641664
cancelled_write_bytes: 417792

[2018-12-17T17:53:52-08:00]
rchar: 121159287200
wchar: 56062662415
syscr: 14672287
syscw: 1826567
read_bytes: 32235818496
write_bytes: 56141516800
cancelled_write_bytes: 430080

[2018-12-17T17:53:55-08:00]
rchar: 124296662165
wchar: 56449019308
syscr: 15052681
syscw: 1870115
read_bytes: 32627813888
write_bytes: 56528154624
cancelled_write_bytes: 430080

[2018-12-17T17:53:58-08:00]
rchar: 124761938960
wchar: 56849663597
syscr: 15109042
syscw: 1874166
read_bytes: 32660901376
write_bytes: 56929415168
cancelled_write_bytes: 438272

[2018-12-17T17:54:01-08:00]
rchar: 125176471148
wchar: 57171989308
syscr: 15159306
syscw: 1875605
read_bytes: 32684641792
write_bytes: 57252216832
cancelled_write_bytes: 438272

[2018-12-17T17:54:04-08:00]
rchar: 125548459136
wchar: 57461344121
syscr: 15204258
syscw: 1876879
read_bytes: 32715845120
write_bytes: 57542082560
cancelled_write_bytes: 438272

[2018-12-17T17:54:07-08:00]
rchar: 125936332102
wchar: 57763012500
syscr: 15251186
syscw: 1878202
read_bytes: 32748699136
write_bytes: 57844228096
cancelled_write_bytes: 438272

[2018-12-17T17:54:10-08:00]
rchar: 126359283297
wchar: 58098137164
syscr: 15302371
syscw: 1879537
read_bytes: 32780668416
write_bytes: 58179907584
cancelled_write_bytes: 438272

[2018-12-17T17:54:13-08:00]
rchar: 126845997947
wchar: 58421527320
syscr: 15361244
syscw: 1883526
read_bytes: 32896966144
write_bytes: 58503835648
cancelled_write_bytes: 438272

[2018-12-17T17:54:16-08:00]
rchar: 127312592177
wchar: 58727331014
syscr: 15417795
syscw: 1890172
read_bytes: 33105104384
write_bytes: 58810048512
cancelled_write_bytes: 438272

[2018-12-17T17:54:19-08:00]
rchar: 127777139699
wchar: 59011947866
syscr: 15474116
syscw: 1897384
read_bytes: 33338027520
write_bytes: 59095060480
cancelled_write_bytes: 438272

[2018-12-17T17:54:22-08:00]
rchar: 128245635403
wchar: 59303196675
syscr: 15530884
syscw: 1904471
read_bytes: 33542835712
write_bytes: 59386707968
cancelled_write_bytes: 438272

[2018-12-17T17:54:25-08:00]
rchar: 128744876414
wchar: 59599172936
syscr: 15591388
syscw: 1912733
read_bytes: 33779658240
write_bytes: 59683078144
cancelled_write_bytes: 438272

[2018-12-17T17:54:28-08:00]
rchar: 129316012073
wchar: 59931473696
syscr: 15660627
syscw: 1922445
read_bytes: 34051845632
write_bytes: 60015828992
cancelled_write_bytes: 438272

[2018-12-17T17:54:31-08:00]
rchar: 129835236538
wchar: 60234189715
syscr: 15723563
syscw: 1931402
read_bytes: 34298224128
write_bytes: 60318932992
cancelled_write_bytes: 438272

[2018-12-17T17:54:34-08:00]
rchar: 130158383215
wchar: 60582446403
syscr: 15762659
syscw: 1937178
read_bytes: 34448813568
write_bytes: 60667760640
cancelled_write_bytes: 446464

[2018-12-17T17:54:37-08:00]
rchar: 130694345055
wchar: 60837561763
syscr: 15827603
syscw: 1944912
read_bytes: 34653658624
write_bytes: 60923215872
cancelled_write_bytes: 446464

[2018-12-17T17:54:40-08:00]
rchar: 131343754938
wchar: 61142054114
syscr: 15906339
syscw: 1954412
read_bytes: 34896121344
write_bytes: 61228113920
cancelled_write_bytes: 446464

[2018-12-17T17:54:43-08:00]
rchar: 132142722199
wchar: 61525761865
syscr: 16003179
syscw: 1966343
read_bytes: 35139448320
write_bytes: 61612359680
cancelled_write_bytes: 446464

[2018-12-17T17:54:46-08:00]
rchar: 132905724315
wchar: 61842057769
syscr: 16095664
syscw: 1979309
read_bytes: 35385966080
write_bytes: 61929050112
cancelled_write_bytes: 446464

[2018-12-17T17:54:49-08:00]
rchar: 133650785431
wchar: 62167656861
syscr: 16185979
syscw: 1991400
read_bytes: 35614146048
write_bytes: 62255075328
cancelled_write_bytes: 446464

[2018-12-17T17:54:52-08:00]
rchar: 134028165562
wchar: 62329671650
syscr: 16231732
syscw: 1997671
read_bytes: 35717307904
write_bytes: 62417309696
cancelled_write_bytes: 446464

[2018-12-17T17:54:55-08:00]
rchar: 134657200550
wchar: 62666296617
syscr: 16307893
syscw: 2007942
read_bytes: 35867475456
write_bytes: 62754463744
cancelled_write_bytes: 454656

[2018-12-17T17:54:58-08:00]
rchar: 135875900646
wchar: 62980493319
syscr: 16455644
syscw: 2026298
read_bytes: 36082462208
write_bytes: 63069040640
cancelled_write_bytes: 454656

[2018-12-17T17:55:01-08:00]
rchar: 137365230763
wchar: 63232041896
syscr: 16636215
syscw: 2051318
read_bytes: 36327202304
write_bytes: 63320793088
cancelled_write_bytes: 454656

[2018-12-17T17:55:04-08:00]
rchar: 137558200894
wchar: 63455429147
syscr: 16659535
syscw: 2054103
read_bytes: 36349939200
write_bytes: 63544582144
cancelled_write_bytes: 462848

[2018-12-17T17:55:07-08:00]
rchar: 141093160822
wchar: 63834501921
syscr: 17088121
syscw: 2100166
read_bytes: 36758195712
write_bytes: 63923908608
cancelled_write_bytes: 462848

[2018-12-17T17:55:10-08:00]
rchar: 141471652661
wchar: 64170602095
syscr: 17133947
syscw: 2103675
read_bytes: 36785679872
write_bytes: 64260542464
cancelled_write_bytes: 471040

[2018-12-17T17:55:13-08:00]
rchar: 142083400048
wchar: 64641349809
syscr: 17208127
syscw: 2105944
read_bytes: 36802555392
write_bytes: 64732020736
cancelled_write_bytes: 471040

[2018-12-17T17:55:16-08:00]
rchar: 142636189674
wchar: 65049615901
syscr: 17275090
syscw: 2108151
read_bytes: 36818497024
write_bytes: 65140940800
cancelled_write_bytes: 471040

[2018-12-17T17:55:19-08:00]
rchar: 143136535828
wchar: 65416851957
syscr: 17335753
syscw: 2110206
read_bytes: 36836396544
write_bytes: 65508745216
cancelled_write_bytes: 471040

[2018-12-17T17:55:22-08:00]
rchar: 143568838309
wchar: 65735402934
syscr: 17388127
syscw: 2111977
read_bytes: 36853067264
write_bytes: 65827803136
cancelled_write_bytes: 471040

[2018-12-17T17:55:25-08:00]
rchar: 144168776200
wchar: 66179428079
syscr: 17460842
syscw: 2114430
read_bytes: 36875251200
write_bytes: 66272538624
cancelled_write_bytes: 471040

[2018-12-17T17:55:28-08:00]
rchar: 144756781740
wchar: 66622921181
syscr: 17532111
syscw: 2116758
read_bytes: 36896620032
write_bytes: 66716696576
cancelled_write_bytes: 471040

[2018-12-17T17:55:31-08:00]
rchar: 145372032546
wchar: 67112998620
syscr: 17606353
syscw: 2118854
read_bytes: 36914535936
write_bytes: 67207540736
cancelled_write_bytes: 471040

[2018-12-17T17:55:34-08:00]
rchar: 145803314954
wchar: 67474513645
syscr: 17658623
syscw: 2120763
read_bytes: 36938821120
write_bytes: 67569614848
cancelled_write_bytes: 471040

[2018-12-17T17:55:37-08:00]
rchar: 146199969234
wchar: 67717387641
syscr: 17706682
syscw: 2125455
read_bytes: 37026364928
write_bytes: 67812859904
cancelled_write_bytes: 471040

[2018-12-17T17:55:40-08:00]
rchar: 146975663386
wchar: 68075440590
syscr: 17800713
syscw: 2138606
read_bytes: 37229669888
write_bytes: 68171399168
cancelled_write_bytes: 471040

[2018-12-17T17:55:43-08:00]
rchar: 147613023455
wchar: 68312303918
syscr: 17877973
syscw: 2151501
read_bytes: 37401067008
write_bytes: 68408852480
cancelled_write_bytes: 471040

[2018-12-17T17:55:46-08:00]
rchar: 148189633335
wchar: 68676244489
syscr: 17947887
syscw: 2163643
read_bytes: 37570637312
write_bytes: 68773027840
cancelled_write_bytes: 471040

[2018-12-17T17:55:49-08:00]
rchar: 149385478065
wchar: 68959591322
syscr: 18092775
syscw: 2185124
read_bytes: 37844983296
write_bytes: 69056720896
cancelled_write_bytes: 479232

[2018-12-17T17:55:52-08:00]
rchar: 151266922239
wchar: 69308403779
syscr: 18320907
syscw: 2218849
read_bytes: 38143163904
write_bytes: 69405839360
cancelled_write_bytes: 479232

[2018-12-17T17:55:55-08:00]
rchar: 151554306246
wchar: 69676092160
syscr: 18355636
syscw: 2220653
read_bytes: 38153182720
write_bytes: 69774184448
cancelled_write_bytes: 479232

[2018-12-17T17:55:58-08:00]
rchar: 151910910970
wchar: 69954150234
syscr: 18398722
syscw: 2222411
read_bytes: 38163254784
write_bytes: 70052704256
cancelled_write_bytes: 487424

[2018-12-17T17:56:01-08:00]
rchar: 152475420338
wchar: 70387063115
syscr: 18466997
syscw: 2224756
read_bytes: 38177336832
write_bytes: 70486351872
cancelled_write_bytes: 487424

[2018-12-17T17:56:04-08:00]
rchar: 153940170159
wchar: 70748398741
syscr: 18644463
syscw: 2250510
read_bytes: 38416215552
write_bytes: 70848126976
cancelled_write_bytes: 487424

[2018-12-17T17:56:07-08:00]
rchar: 154925064385
wchar: 70911773446
syscr: 18763880
syscw: 2271721
read_bytes: 38613298688
write_bytes: 71011606528
cancelled_write_bytes: 487424

[2018-12-17T17:56:10-08:00]
rchar: 156502254497
wchar: 71336353189
syscr: 18955022
syscw: 2297425
read_bytes: 38834580992
write_bytes: 71436734464
cancelled_write_bytes: 495616

[2018-12-17T17:56:13-08:00]
rchar: 157830494875
wchar: 71806944220
syscr: 19116040
syscw: 2315406
read_bytes: 38976491008
write_bytes: 71907926016
cancelled_write_bytes: 499712

[2018-12-17T17:56:16-08:00]
rchar: 158547621731
wchar: 72067911906
syscr: 19202987
syscw: 2327112
read_bytes: 39076359680
write_bytes: 72169267200
cancelled_write_bytes: 499712

[2018-12-17T17:56:19-08:00]
rchar: 158849302039
wchar: 72307597164
syscr: 19239467
syscw: 2329404
read_bytes: 39089339904
write_bytes: 72409341952
cancelled_write_bytes: 512000

[2018-12-17T17:56:22-08:00]
rchar: 161376629774
wchar: 72783116056
syscr: 19545869
syscw: 2360137
read_bytes: 39356714496
write_bytes: 72885383168
cancelled_write_bytes: 512000

[2018-12-17T17:56:25-08:00]
rchar: 162686096961
wchar: 73007569363
syscr: 19704632
syscw: 2378144
read_bytes: 39519280640
write_bytes: 73110093824
cancelled_write_bytes: 520192

[2018-12-17T17:56:28-08:00]
rchar: 162966282474
wchar: 73309865756
syscr: 19738526
syscw: 2380835
read_bytes: 39537602048
write_bytes: 73412898816
cancelled_write_bytes: 528384

[2018-12-17T17:56:31-08:00]
rchar: 163585578889
wchar: 73785646435
syscr: 19813582
syscw: 2382984
read_bytes: 39551487488
write_bytes: 73889452032
cancelled_write_bytes: 528384

[2018-12-17T17:56:34-08:00]
rchar: 164190109188
wchar: 74242211007
syscr: 19886852
syscw: 2385276
read_bytes: 39567842816
write_bytes: 74346733568
cancelled_write_bytes: 528384

[2018-12-17T17:56:37-08:00]
rchar: 164621910073
wchar: 74565360829
syscr: 19939192
syscw: 2387004
read_bytes: 39583006208
write_bytes: 74670399488
cancelled_write_bytes: 528384

[2018-12-17T17:56:40-08:00]
rchar: 165191390854
wchar: 74987311629
syscr: 20008211
syscw: 2389265
read_bytes: 39602064896
write_bytes: 75093012480
cancelled_write_bytes: 528384

[2018-12-17T17:56:43-08:00]
rchar: 165719812213
wchar: 75402836992
syscr: 20071947
syscw: 2391519
read_bytes: 39618055680
write_bytes: 75509190656
cancelled_write_bytes: 528384

[2018-12-17T17:56:46-08:00]
rchar: 166298572842
wchar: 75790031992
syscr: 20142084
syscw: 2397249
read_bytes: 39666728448
write_bytes: 75896975360
cancelled_write_bytes: 528384

[2018-12-17T17:56:49-08:00]
rchar: 166925523277
wchar: 76149209774
syscr: 20218062
syscw: 2405426
read_bytes: 39739538944
write_bytes: 76256653312
cancelled_write_bytes: 528384

[2018-12-17T17:56:52-08:00]
rchar: 168272015985
wchar: 76472323501
syscr: 20381320
syscw: 2436726
read_bytes: 39994543616
write_bytes: 76580069376
cancelled_write_bytes: 536576

[2018-12-17T17:56:55-08:00]
rchar: 169339636006
wchar: 76816932135
syscr: 20510690
syscw: 2457022
read_bytes: 40171970048
write_bytes: 76925145088
cancelled_write_bytes: 544768

[2018-12-17T17:56:58-08:00]
rchar: 171288280169
wchar: 77121475656
syscr: 20746959
syscw: 2493667
read_bytes: 40504823296
write_bytes: 77230108672
cancelled_write_bytes: 544768

[2018-12-17T17:57:01-08:00]
rchar: 171744838036
wchar: 77618548097
syscr: 20802259
syscw: 2496011
read_bytes: 40530210304
write_bytes: 77727752192
cancelled_write_bytes: 552960

[2018-12-17T17:57:04-08:00]
rchar: 172242237858
wchar: 78028341135
syscr: 20862446
syscw: 2497563
read_bytes: 40563641856
write_bytes: 78138212352
cancelled_write_bytes: 552960

[2018-12-17T17:57:07-08:00]
rchar: 172763143156
wchar: 78456312028
syscr: 20925461
syscw: 2499208
read_bytes: 40601177600
write_bytes: 78566883328
cancelled_write_bytes: 552960

[2018-12-17T17:57:10-08:00]
rchar: 173119170208
wchar: 78746111535
syscr: 20968508
syscw: 2500406
read_bytes: 40625967616
write_bytes: 78857142272
cancelled_write_bytes: 552960

[2018-12-17T17:57:13-08:00]
rchar: 173643366449
wchar: 79182041098
syscr: 21031956
syscw: 2502084
read_bytes: 40669237760
write_bytes: 79293788160
cancelled_write_bytes: 552960

[2018-12-17T17:57:16-08:00]
rchar: 174109480066
wchar: 79478331692
syscr: 21088387
syscw: 2507924
read_bytes: 40855192064
write_bytes: 79590518784
cancelled_write_bytes: 552960

[2018-12-17T17:57:19-08:00]
rchar: 174643861073
wchar: 79807123678
syscr: 21153149
syscw: 2515782
read_bytes: 41118831104
write_bytes: 79919738880
cancelled_write_bytes: 552960

[2018-12-17T17:57:22-08:00]
rchar: 175211921574
wchar: 80148947605
syscr: 21221999
syscw: 2524635
read_bytes: 41388048896
write_bytes: 80262037504
cancelled_write_bytes: 552960

[2018-12-17T17:57:25-08:00]
rchar: 175733138629
wchar: 80476504079
syscr: 21285176
syscw: 2532264
read_bytes: 41619255808
write_bytes: 80590053376
cancelled_write_bytes: 552960

[2018-12-17T17:57:28-08:00]
rchar: 176300258063
wchar: 80813564406
syscr: 21353925
syscw: 2541162
read_bytes: 41889346048
write_bytes: 80927567872
cancelled_write_bytes: 552960

[2018-12-17T17:57:31-08:00]
rchar: 176751619834
wchar: 81082980050
syscr: 21408637
syscw: 2548628
read_bytes: 42102161920
write_bytes: 81197342720
cancelled_write_bytes: 552960

[2018-12-17T17:57:34-08:00]
rchar: 177205043093
wchar: 81384662172
syscr: 21463572
syscw: 2554719
read_bytes: 42272399872
write_bytes: 81499467776
cancelled_write_bytes: 552960

[2018-12-17T17:57:37-08:00]
rchar: 177301576335
wchar: 81604495529
syscr: 21475195
syscw: 2556489
read_bytes: 42317226496
write_bytes: 81719689216
cancelled_write_bytes: 552960

[2018-12-17T17:57:40-08:00]
rchar: 178057607693
wchar: 81959570616
syscr: 21566858
syscw: 2567178
read_bytes: 42602164736
write_bytes: 82075217920
cancelled_write_bytes: 561152

[2018-12-17T17:57:43-08:00]
rchar: 178761559170
wchar: 82306403575
syscr: 21652185
syscw: 2576890
read_bytes: 42859745792
write_bytes: 82422513664
cancelled_write_bytes: 561152

[2018-12-17T17:57:46-08:00]
rchar: 179238436205
wchar: 82588932822
syscr: 21709975
syscw: 2582561
read_bytes: 42985116160
write_bytes: 82705457152
cancelled_write_bytes: 561152

[2018-12-17T17:57:49-08:00]
rchar: 179711840054
wchar: 82818198184
syscr: 21767341
syscw: 2589400
read_bytes: 43109163520
write_bytes: 82935054336
cancelled_write_bytes: 561152

[2018-12-17T17:57:52-08:00]
rchar: 180493414985
wchar: 83135515245
syscr: 21862099
syscw: 2602750
read_bytes: 43339571712
write_bytes: 83252752384
cancelled_write_bytes: 561152

[2018-12-17T17:57:55-08:00]
rchar: 181284545132
wchar: 83391801653
syscr: 21958002
syscw: 2618011
read_bytes: 43553022464
write_bytes: 83509358592
cancelled_write_bytes: 561152

[2018-12-17T17:57:58-08:00]
rchar: 181681657904
wchar: 83682263232
syscr: 22006064
syscw: 2624561
read_bytes: 43628347904
write_bytes: 83800301568
cancelled_write_bytes: 569344

[2018-12-17T17:58:01-08:00]
rchar: 184142499628
wchar: 84056904269
syscr: 22304426
syscw: 2660234
read_bytes: 43911135744
write_bytes: 84175269888
cancelled_write_bytes: 569344

[2018-12-17T17:58:04-08:00]
rchar: 184728838413
wchar: 84431157455
syscr: 22375486
syscw: 2664864
read_bytes: 43933110784
write_bytes: 84550082560
cancelled_write_bytes: 569344

[2018-12-17T17:58:07-08:00]
rchar: 185186946409
wchar: 84738855911
syscr: 22430997
syscw: 2668159
read_bytes: 43949191680
write_bytes: 84858241024
cancelled_write_bytes: 569344

[2018-12-17T17:58:10-08:00]
rchar: 185382100828
wchar: 85012040270
syscr: 22454653
syscw: 2670078
read_bytes: 43958395392
write_bytes: 85131878400
cancelled_write_bytes: 569344

[2018-12-17T17:58:13-08:00]
rchar: 185895084218
wchar: 85296840258
syscr: 22516755
syscw: 2674100
read_bytes: 43978994176
write_bytes: 85417123840
cancelled_write_bytes: 577536

[2018-12-17T17:58:16-08:00]
rchar: 186705972831
wchar: 85625751543
syscr: 22615051
syscw: 2680868
read_bytes: 44020912640
write_bytes: 85746511872
cancelled_write_bytes: 577536

[2018-12-17T17:58:19-08:00]
rchar: 187487155187
wchar: 86070464511
syscr: 22709733
syscw: 2686997
read_bytes: 44050596352
write_bytes: 86191898624
cancelled_write_bytes: 581632

[2018-12-17T17:58:22-08:00]
rchar: 188262078793
wchar: 86472091374
syscr: 22803650
syscw: 2693358
read_bytes: 44082541056
write_bytes: 86594134016
cancelled_write_bytes: 581632

[2018-12-17T17:58:25-08:00]
rchar: 189109008744
wchar: 86934171321
syscr: 22906307
syscw: 2700063
read_bytes: 44116783616
write_bytes: 87056916480
cancelled_write_bytes: 581632

[2018-12-17T17:58:29-08:00]
rchar: 189950747140
wchar: 87369813284
syscr: 23008324
syscw: 2707438
read_bytes: 44153483776
write_bytes: 87493197824
cancelled_write_bytes: 593920

[2018-12-17T17:58:32-08:00]
rchar: 190505786213
wchar: 87736270506
syscr: 23075619
syscw: 2710846
read_bytes: 44169912832
write_bytes: 87860224000
cancelled_write_bytes: 593920

[2018-12-17T17:58:35-08:00]
rchar: 191074927185
wchar: 88153965005
syscr: 23144394
syscw: 2713505
read_bytes: 44181680640
write_bytes: 88278622208
cancelled_write_bytes: 593920

[2018-12-17T17:58:38-08:00]
rchar: 191607955452
wchar: 88546324559
syscr: 23208864
syscw: 2716031
read_bytes: 44192395776
write_bytes: 88671637504
cancelled_write_bytes: 593920

[2018-12-17T17:58:41-08:00]
rchar: 192105630990
wchar: 88742499527
syscr: 23269108
syscw: 2725523
read_bytes: 44256309760
write_bytes: 88868114432
cancelled_write_bytes: 593920

[2018-12-17T17:58:44-08:00]
rchar: 193083942374
wchar: 89080487724
syscr: 23387651
syscw: 2743605
read_bytes: 44396884480
write_bytes: 89206546432
cancelled_write_bytes: 602112

[2018-12-17T17:58:47-08:00]
rchar: 194048402540
wchar: 89485718605
syscr: 23504558
syscw: 2757572
read_bytes: 44494840320
write_bytes: 89612308480
cancelled_write_bytes: 602112

[2018-12-17T17:58:50-08:00]
rchar: 194895761175
wchar: 89722922370
syscr: 23607299
syscw: 2773435
read_bytes: 44618232320
write_bytes: 89849790464
cancelled_write_bytes: 602112

[2018-12-17T17:58:53-08:00]
rchar: 195600838182
wchar: 90096683191
syscr: 23692697
syscw: 2781404
read_bytes: 44669313536
write_bytes: 90224115712
cancelled_write_bytes: 614400

[2018-12-17T17:58:56-08:00]
rchar: 196102295043
wchar: 90438514306
syscr: 23753465
syscw: 2784764
read_bytes: 44684952064
write_bytes: 90566463488
cancelled_write_bytes: 614400

[2018-12-17T17:58:59-08:00]
rchar: 196916251733
wchar: 90863127092
syscr: 23852111
syscw: 2792311
read_bytes: 44724208128
write_bytes: 90991689728
cancelled_write_bytes: 618496

[2018-12-17T17:59:02-08:00]
rchar: 197478709889
wchar: 91183047918
syscr: 23920286
syscw: 2797682
read_bytes: 44749177344
write_bytes: 91312099328
cancelled_write_bytes: 651264

[2018-12-17T17:59:05-08:00]
rchar: 198350953200
wchar: 91647108141
syscr: 24026008
syscw: 2805439
read_bytes: 44791431680
write_bytes: 91776851968
cancelled_write_bytes: 655360

[2018-12-17T17:59:08-08:00]
rchar: 198862022430
wchar: 91962849985
syscr: 24087951
syscw: 2809703
read_bytes: 44811653632
write_bytes: 92093063168
cancelled_write_bytes: 659456

[2018-12-17T17:59:11-08:00]
rchar: 199468960556
wchar: 92340805968
syscr: 24161508
syscw: 2814733
read_bytes: 44835357184
write_bytes: 92471574528
cancelled_write_bytes: 667648

[2018-12-17T17:59:14-08:00]
rchar: 200108936981
wchar: 92749155668
syscr: 24239069
syscw: 2820045
read_bytes: 44859855360
write_bytes: 92880547840
cancelled_write_bytes: 667648

[2018-12-17T17:59:17-08:00]
rchar: 200608469903
wchar: 93014432476
syscr: 24299628
syscw: 2828448
read_bytes: 44929565184
write_bytes: 93146243072
cancelled_write_bytes: 667648

[2018-12-17T17:59:20-08:00]
rchar: 203807653859
wchar: 93370493667
syscr: 24687440
syscw: 2869370
read_bytes: 45277102592
write_bytes: 93502529536
cancelled_write_bytes: 679936

[2018-12-17T17:59:23-08:00]
rchar: 204153072552
wchar: 93571178894
syscr: 24729248
syscw: 2874453
read_bytes: 45316960768
write_bytes: 93703532544
cancelled_write_bytes: 679936

[2018-12-17T17:59:26-08:00]
rchar: 204789946064
wchar: 94074880665
syscr: 24806492
syscw: 2876533
read_bytes: 45341913600
write_bytes: 94207979520
cancelled_write_bytes: 688128

[2018-12-17T17:59:29-08:00]
rchar: 205203402235
wchar: 94381628372
syscr: 24856503
syscw: 2878119
read_bytes: 45370171904
write_bytes: 94515228672
cancelled_write_bytes: 688128

[2018-12-17T17:59:32-08:00]
rchar: 205757201248
wchar: 94805691173
syscr: 24923530
syscw: 2880131
read_bytes: 45402853888
write_bytes: 94939967488
cancelled_write_bytes: 688128

[2018-12-17T17:59:35-08:00]
rchar: 206158760581
wchar: 95117846822
syscr: 24972097
syscw: 2881590
read_bytes: 45427839488
write_bytes: 95252623360
cancelled_write_bytes: 688128

[2018-12-17T17:59:38-08:00]
rchar: 206530985945
wchar: 95405898547
syscr: 25017144
syscw: 2882896
read_bytes: 45452890624
write_bytes: 95541166080
cancelled_write_bytes: 688128

[2018-12-17T17:59:41-08:00]
rchar: 206887251813
wchar: 95648248707
syscr: 25060293
syscw: 2886262
read_bytes: 45543096832
write_bytes: 95783849984
cancelled_write_bytes: 688128

[2018-12-17T17:59:44-08:00]
rchar: 207425066502
wchar: 95957268639
syscr: 25125480
syscw: 2894761
read_bytes: 45784367616
write_bytes: 96093327360
cancelled_write_bytes: 688128

[2018-12-17T17:59:47-08:00]
rchar: 208096966463
wchar: 96351699528
syscr: 25206900
syscw: 2905202
read_bytes: 46092935680
write_bytes: 96488312832
cancelled_write_bytes: 688128

[2018-12-17T17:59:50-08:00]
rchar: 208514280883
wchar: 96635284603
syscr: 25257496
syscw: 2910409
read_bytes: 46249611776
write_bytes: 96772272128
cancelled_write_bytes: 688128

[2018-12-17T17:59:53-08:00]
rchar: 209028057544
wchar: 96937552622
syscr: 25319768
syscw: 2918530
read_bytes: 46493946368
write_bytes: 97074958336
cancelled_write_bytes: 688128

[2018-12-17T17:59:56-08:00]
rchar: 209545835772
wchar: 97235554271
syscr: 25382504
syscw: 2927266
read_bytes: 46735983104
write_bytes: 97373384704
cancelled_write_bytes: 688128

[2018-12-17T17:59:59-08:00]
rchar: 210197902260
wchar: 97608461244
syscr: 25461562
syscw: 2938299
read_bytes: 47043973632
write_bytes: 97746763776
cancelled_write_bytes: 688128

[2018-12-17T18:00:02-08:00]
rchar: 210529339899
wchar: 97942341347
syscr: 25501652
syscw: 2943361
read_bytes: 47181402624
write_bytes: 98081189888
cancelled_write_bytes: 696320

[2018-12-17T18:00:05-08:00]
rchar: 211195609739
wchar: 98307805731
syscr: 25582395
syscw: 2951759
read_bytes: 47361737216
write_bytes: 98447192064
cancelled_write_bytes: 696320

[2018-12-17T18:00:08-08:00]
rchar: 212002550488
wchar: 98605400585
syscr: 25680212
syscw: 2966076
read_bytes: 47560499712
write_bytes: 98745167872
cancelled_write_bytes: 696320

[2018-12-17T18:00:11-08:00]
rchar: 213400264662
wchar: 98832074385
syscr: 25849685
syscw: 2996184
read_bytes: 47828861440
write_bytes: 98971992064
cancelled_write_bytes: 696320

[2018-12-17T18:00:14-08:00]
rchar: 214610243013
wchar: 99192615065
syscr: 25996305
syscw: 3014623
read_bytes: 48022503936
write_bytes: 99333009408
cancelled_write_bytes: 704512

[2018-12-17T18:00:17-08:00]
rchar: 216524484859
wchar: 99590250225
syscr: 26228393
syscw: 3044770
read_bytes: 48272290304
write_bytes: 99731087360
cancelled_write_bytes: 704512

[2018-12-17T18:00:20-08:00]
rchar: 216731148727
wchar: 99868073502
syscr: 26253438
syscw: 3046528
read_bytes: 48281625088
write_bytes: 100009361408
cancelled_write_bytes: 704512

[2018-12-17T18:00:23-08:00]
rchar: 218021825137
wchar: 100125922268
syscr: 26409833
syscw: 3061794
read_bytes: 48410096128
write_bytes: 100267528192
cancelled_write_bytes: 712704

[2018-12-17T18:00:26-08:00]
rchar: 219795639781
wchar: 100538005406
syscr: 26624880
syscw: 3081889
read_bytes: 48571429376
write_bytes: 100680110080
cancelled_write_bytes: 712704

[2018-12-17T18:00:29-08:00]
rchar: 220843840462
wchar: 100771716058
syscr: 26751966
syscw: 3096246
read_bytes: 48694776320
write_bytes: 100914110464
cancelled_write_bytes: 712704

[2018-12-17T18:00:32-08:00]
rchar: 221388840708
wchar: 101207320846
syscr: 26817968
syscw: 3098700
read_bytes: 48711299584
write_bytes: 101350424576
cancelled_write_bytes: 720896

[2018-12-17T18:00:35-08:00]
rchar: 221875106530
wchar: 101570848100
syscr: 26876913
syscw: 3100492
read_bytes: 48725590528
write_bytes: 101714526208
cancelled_write_bytes: 720896

[2018-12-17T18:00:38-08:00]
rchar: 222526393162
wchar: 102057678973
syscr: 26955840
syscw: 3102871
read_bytes: 48745869824
write_bytes: 102202167296
cancelled_write_bytes: 720896

[2018-12-17T18:00:41-08:00]
rchar: 223028501283
wchar: 102452103653
syscr: 27016387
syscw: 3104794
read_bytes: 48767861248
write_bytes: 102597218304
cancelled_write_bytes: 720896

[2018-12-17T18:00:44-08:00]
rchar: 223357405093
wchar: 102704250012
syscr: 27056236
syscw: 3107026
read_bytes: 48796660224
write_bytes: 102850375680
cancelled_write_bytes: 720896

[2018-12-17T18:00:47-08:00]
rchar: 224186452721
wchar: 102962589399
syscr: 27156750
syscw: 3124856
read_bytes: 48999391744
write_bytes: 103108395008
cancelled_write_bytes: 720896

[2018-12-17T18:00:50-08:00]
rchar: 224870203560
wchar: 103345146422
syscr: 27239624
syscw: 3134223
read_bytes: 49080234496
write_bytes: 103491493888
cancelled_write_bytes: 720896

[2018-12-17T18:00:53-08:00]
rchar: 225791102346
wchar: 103591066320
syscr: 27351264
syscw: 3154208
read_bytes: 49260200448
write_bytes: 103737675776
cancelled_write_bytes: 720896

[2018-12-17T18:00:56-08:00]
rchar: 226911551288
wchar: 103959433355
syscr: 27487028
syscw: 3174282
read_bytes: 49453904384
write_bytes: 104106545152
cancelled_write_bytes: 729088

[2018-12-17T18:00:59-08:00]
rchar: 227780096260
wchar: 104358044877
syscr: 27592317
syscw: 3184427
read_bytes: 49534079488
write_bytes: 104505696256
cancelled_write_bytes: 729088

[2018-12-17T18:01:02-08:00]
rchar: 228981596408
wchar: 104549049752
syscr: 27737991
syscw: 3204730
read_bytes: 49698902528
write_bytes: 104696868864
cancelled_write_bytes: 729088

[2018-12-17T18:01:05-08:00]
rchar: 231051350689
wchar: 105098274223
syscr: 27988877
syscw: 3230017
read_bytes: 49899483648
write_bytes: 105246826496
cancelled_write_bytes: 737280

[2018-12-17T18:01:08-08:00]
rchar: 231427561339
wchar: 105351804130
syscr: 28034377
syscw: 3232229
read_bytes: 49910764032
write_bytes: 105500811264
cancelled_write_bytes: 737280

[2018-12-17T18:01:11-08:00]
rchar: 231974285975
wchar: 105760615647
syscr: 28100491
syscw: 3234607
read_bytes: 49922081280
write_bytes: 105910304768
cancelled_write_bytes: 737280

[2018-12-17T18:01:14-08:00]
rchar: 232478723957
wchar: 106123273341
syscr: 28161453
syscw: 3237253
read_bytes: 49934922240
write_bytes: 106273579008
cancelled_write_bytes: 737280

[2018-12-17T18:01:17-08:00]
rchar: 233054247437
wchar: 106486695058
syscr: 28231151
syscw: 3244160
read_bytes: 49972634112
write_bytes: 106637565952
cancelled_write_bytes: 737280

[2018-12-17T18:01:20-08:00]
rchar: 233671885136
wchar: 106954134226
syscr: 28306002
syscw: 3250230
read_bytes: 50004226560
write_bytes: 107105697792
cancelled_write_bytes: 741376

[2018-12-17T18:01:23-08:00]
rchar: 234042058408
wchar: 107237232557
syscr: 28350862
syscw: 3253812
read_bytes: 50022695424
write_bytes: 107390197760
cancelled_write_bytes: 745472

[2018-12-17T18:01:26-08:00]
rchar: 234180751992
wchar: 107439858343
syscr: 28367674
syscw: 3255339
read_bytes: 50030092800
write_bytes: 107592204288
cancelled_write_bytes: 745472

[2018-12-17T18:01:29-08:00]
rchar: 234631293579
wchar: 107799635790
syscr: 28422198
syscw: 3260052
read_bytes: 50053726720
write_bytes: 107952566272
cancelled_write_bytes: 757760

[2018-12-17T18:01:32-08:00]
rchar: 235072263715
wchar: 108110017731
syscr: 28475643
syscw: 3263660
read_bytes: 50072363520
write_bytes: 108263403520
cancelled_write_bytes: 761856

[2018-12-17T18:01:35-08:00]
rchar: 235749929826
wchar: 108573181853
syscr: 28557768
syscw: 3269974
read_bytes: 50105336320
write_bytes: 108727259136
cancelled_write_bytes: 770048

[2018-12-17T18:01:38-08:00]
rchar: 236144600611
wchar: 108855430128
syscr: 28605590
syscw: 3273229
read_bytes: 50122449408
write_bytes: 109009940480
cancelled_write_bytes: 770048

[2018-12-17T18:01:41-08:00]
rchar: 236629978973
wchar: 109196475949
syscr: 28664418
syscw: 3277744
read_bytes: 50145124864
write_bytes: 109351481344
cancelled_write_bytes: 770048

[2018-12-17T18:01:44-08:00]
rchar: 237363290203
wchar: 109640195582
syscr: 28753301
syscw: 3285778
read_bytes: 50192413184
write_bytes: 109795848192
cancelled_write_bytes: 770048

[2018-12-17T18:01:47-08:00]
rchar: 238471443951
wchar: 109883712831
syscr: 28887648
syscw: 3307950
read_bytes: 50371736064
write_bytes: 110039560192
cancelled_write_bytes: 770048

[2018-12-17T18:01:50-08:00]
rchar: 238885346946
wchar: 110121437624
syscr: 28937761
syscw: 3316790
read_bytes: 50431746560
write_bytes: 110277677056
cancelled_write_bytes: 782336

[2018-12-17T18:01:53-08:00]
rchar: 241295479410
wchar: 110562632451
syscr: 29229971
syscw: 3353586
read_bytes: 50734498304
write_bytes: 110719262720
cancelled_write_bytes: 782336

[2018-12-17T18:01:56-08:00]
rchar: 241778245274
wchar: 110829574623
syscr: 29288493
syscw: 3359970
read_bytes: 50774671872
write_bytes: 110986608640
cancelled_write_bytes: 782336

[2018-12-17T18:01:59-08:00]
rchar: 243382955941
wchar: 111082484073
syscr: 29482980
syscw: 3382233
read_bytes: 50941755904
write_bytes: 111239806976
cancelled_write_bytes: 790528

[2018-12-17T18:02:02-08:00]
rchar: 245003811781
wchar: 111271534422
syscr: 29679503
syscw: 3403928
read_bytes: 51109511680
write_bytes: 111428984832
cancelled_write_bytes: 790528

[2018-12-17T18:02:05-08:00]
rchar: 245402145230
wchar: 111699563296
syscr: 29727743
syscw: 3406599
read_bytes: 51121168896
write_bytes: 111857733632
cancelled_write_bytes: 798720

[2018-12-17T18:02:08-08:00]
rchar: 245899035756
wchar: 112088640396
syscr: 29787882
syscw: 3408358
read_bytes: 51147436544
write_bytes: 112247365632
cancelled_write_bytes: 798720

[2018-12-17T18:02:11-08:00]
rchar: 246390124715
wchar: 112480755949
syscr: 29847318
syscw: 3410032
read_bytes: 51182948864
write_bytes: 112640122880
cancelled_write_bytes: 798720

[2018-12-17T18:02:14-08:00]
rchar: 246756547716
wchar: 112769525087
syscr: 29891653
syscw: 3411206
read_bytes: 51206251008
write_bytes: 112929378304
cancelled_write_bytes: 798720

[2018-12-17T18:02:17-08:00]
rchar: 247051528767
wchar: 112983484632
syscr: 29927321
syscw: 3412593
read_bytes: 51240550912
write_bytes: 113143713792
cancelled_write_bytes: 798720

[2018-12-17T18:02:20-08:00]
rchar: 247507839056
wchar: 113233285195
syscr: 29982631
syscw: 3418302
read_bytes: 51398054400
write_bytes: 113393860608
cancelled_write_bytes: 798720

[2018-12-17T18:02:23-08:00]
rchar: 248053859746
wchar: 113509457338
syscr: 30048810
syscw: 3425698
read_bytes: 51588968960
write_bytes: 113670377472
cancelled_write_bytes: 798720

[2018-12-17T18:02:26-08:00]
rchar: 248525454046
wchar: 113748863395
syscr: 30105997
syscw: 3432158
read_bytes: 51753701888
write_bytes: 113910099968
cancelled_write_bytes: 798720

[2018-12-17T18:02:29-08:00]
rchar: 249218439419
wchar: 114128048993
syscr: 30189992
syscw: 3440738
read_bytes: 51984421376
write_bytes: 114290298880
cancelled_write_bytes: 798720

[2018-12-17T18:02:32-08:00]
rchar: 249693868050
wchar: 114354831009
syscr: 30247598
syscw: 3447486
read_bytes: 52156903936
write_bytes: 114517561344
cancelled_write_bytes: 798720

[2018-12-17T18:02:35-08:00]
rchar: 250055906736
wchar: 114534968815
syscr: 30291477
syscw: 3452663
read_bytes: 52291219968
write_bytes: 114697293824
cancelled_write_bytes: 798720

[2018-12-17T18:02:38-08:00]
rchar: 250826624181
wchar: 114910871596
syscr: 30384913
syscw: 3463156
read_bytes: 52578652672
write_bytes: 115073691648
cancelled_write_bytes: 798720

[2018-12-17T18:02:41-08:00]
rchar: 251015005194
wchar: 115155577370
syscr: 30407756
syscw: 3466028
read_bytes: 52647825920
write_bytes: 115318808576
cancelled_write_bytes: 798720

[2018-12-17T18:02:44-08:00]
rchar: 251807090833
wchar: 115460340242
syscr: 30503703
syscw: 3476281
read_bytes: 52876415488
write_bytes: 115623993344
cancelled_write_bytes: 806912

[2018-12-17T18:02:47-08:00]
rchar: 252591409538
wchar: 115744998885
syscr: 30598754
syscw: 3486929
read_bytes: 53091328512
write_bytes: 115909025792
cancelled_write_bytes: 806912

[2018-12-17T18:02:50-08:00]
rchar: 253166214764
wchar: 115993769117
syscr: 30668435
syscw: 3494073
read_bytes: 53225099776
write_bytes: 116158136320
cancelled_write_bytes: 806912

[2018-12-17T18:02:53-08:00]
rchar: 253814653629
wchar: 116244494855
syscr: 30747039
syscw: 3503050
read_bytes: 53361095168
write_bytes: 116409217024
cancelled_write_bytes: 806912

[2018-12-17T18:02:56-08:00]
rchar: 254579493578
wchar: 116480180230
syscr: 30839766
syscw: 3514737
read_bytes: 53539926528
write_bytes: 116645199872
cancelled_write_bytes: 806912

[2018-12-17T18:02:59-08:00]
rchar: 255300044954
wchar: 116681120928
syscr: 30927117
syscw: 3526676
read_bytes: 53693710848
write_bytes: 116846383104
cancelled_write_bytes: 806912

[2018-12-17T18:03:02-08:00]
rchar: 255673299073
wchar: 116956946258
syscr: 30972278
syscw: 3531616
read_bytes: 53737353728
write_bytes: 117122682880
cancelled_write_bytes: 815104

[2018-12-17T18:03:05-08:00]
rchar: 257965370213
wchar: 117237577183
syscr: 31250176
syscw: 3561640
read_bytes: 53995385344
write_bytes: 117403525120
cancelled_write_bytes: 815104

[2018-12-17T18:03:08-08:00]
rchar: 259272117085
wchar: 117530598679
syscr: 31408614
syscw: 3578615
read_bytes: 54148989440
write_bytes: 117696913408
cancelled_write_bytes: 815104

[2018-12-17T18:03:11-08:00]
rchar: 259687675431
wchar: 117824749192
syscr: 31458927
syscw: 3580712
read_bytes: 54161322496
write_bytes: 117991550976
cancelled_write_bytes: 823296

[2018-12-17T18:03:14-08:00]
rchar: 260166792047
wchar: 118156846855
syscr: 31516845
syscw: 3582807
read_bytes: 54174982656
write_bytes: 118324424704
cancelled_write_bytes: 823296

[2018-12-17T18:03:17-08:00]
rchar: 260655998003
wchar: 118492345763
syscr: 31576013
syscw: 3584995
read_bytes: 54189224448
write_bytes: 118660255744
cancelled_write_bytes: 823296

[2018-12-17T18:03:20-08:00]
rchar: 261301488676
wchar: 118937781642
syscr: 31654102
syscw: 3587863
read_bytes: 54207107584
write_bytes: 119106420736
cancelled_write_bytes: 823296

[2018-12-17T18:03:23-08:00]
rchar: 262152449001
wchar: 119208462479
syscr: 31757146
syscw: 3607747
read_bytes: 54362993152
write_bytes: 119377453056
cancelled_write_bytes: 823296

[2018-12-17T18:03:26-08:00]
rchar: 263198845049
wchar: 119599876870
syscr: 31884003
syscw: 3632319
read_bytes: 54529593856
write_bytes: 119769337856
cancelled_write_bytes: 823296

[2018-12-17T18:03:29-08:00]
rchar: 263416843690
wchar: 119881796655
syscr: 31910427
syscw: 3635971
read_bytes: 54551831040
write_bytes: 120051716096
cancelled_write_bytes: 823296

[2018-12-17T18:03:32-08:00]
rchar: 264982088379
wchar: 120168189478
syscr: 32100139
syscw: 3666790
read_bytes: 54786695680
write_bytes: 120338337792
cancelled_write_bytes: 835584

[2018-12-17T18:03:35-08:00]
rchar: 265586193130
wchar: 120580392662
syscr: 32173352
syscw: 3672369
read_bytes: 54815113728
write_bytes: 120751161344
cancelled_write_bytes: 835584

[2018-12-17T18:03:38-08:00]
rchar: 266213003522
wchar: 120789845213
syscr: 32249354
syscw: 3685132
read_bytes: 54917202432
write_bytes: 120960876544
cancelled_write_bytes: 835584

[2018-12-17T18:03:41-08:00]
rchar: 267246513564
wchar: 121043069662
syscr: 32374587
syscw: 3701767
read_bytes: 55025934848
write_bytes: 121214431232
cancelled_write_bytes: 847872

[2018-12-17T18:03:44-08:00]
rchar: 269160237480
wchar: 121283917059
syscr: 32606616
syscw: 3730975
read_bytes: 55262147072
write_bytes: 121455411200
cancelled_write_bytes: 847872

[2018-12-17T18:03:47-08:00]
rchar: 271401551436
wchar: 121683473597
syscr: 32878291
syscw: 3758570
read_bytes: 55485444608
write_bytes: 121855418368
cancelled_write_bytes: 860160

[2018-12-17T18:03:50-08:00]
rchar: 272502251508
wchar: 122047378717
syscr: 33011723
syscw: 3769909
read_bytes: 55557149184
write_bytes: 122219810816
cancelled_write_bytes: 860160

[2018-12-17T18:03:53-08:00]
rchar: 273240044305
wchar: 122486732360
syscr: 33101140
syscw: 3775491
read_bytes: 55584567808
write_bytes: 122659840000
cancelled_write_bytes: 860160

[2018-12-17T18:03:56-08:00]
rchar: 273606871041
wchar: 122777028110
syscr: 33145592
syscw: 3778264
read_bytes: 55597728256
write_bytes: 122950590464
cancelled_write_bytes: 860160

[2018-12-17T18:03:59-08:00]
rchar: 273974879667
wchar: 123117511370
syscr: 33190134
syscw: 3780529
read_bytes: 55608308224
write_bytes: 123291607040
cancelled_write_bytes: 876544

[2018-12-17T18:04:02-08:00]
rchar: 274379723509
wchar: 123418338469
syscr: 33239225
syscw: 3782139
read_bytes: 55615902208
write_bytes: 123592892416
cancelled_write_bytes: 876544

[2018-12-17T18:04:05-08:00]
rchar: 274820738223
wchar: 123743684850
syscr: 33292648
syscw: 3783914
read_bytes: 55623692800
write_bytes: 123918786560
cancelled_write_bytes: 876544

[2018-12-17T18:04:08-08:00]
rchar: 275458376386
wchar: 124209624733
syscr: 33369950
syscw: 3786668
read_bytes: 55636148736
write_bytes: 124385439744
cancelled_write_bytes: 876544

[2018-12-17T18:04:11-08:00]
rchar: 275861441117
wchar: 124488625350
syscr: 33418761
syscw: 3788663
read_bytes: 55645360640
write_bytes: 124664889344
cancelled_write_bytes: 876544

[2018-12-17T18:04:14-08:00]
rchar: 276372738483
wchar: 124860994647
syscr: 33480748
syscw: 3790793
read_bytes: 55655653888
write_bytes: 125037842432
cancelled_write_bytes: 876544

[2018-12-17T18:04:17-08:00]
rchar: 276753396270
wchar: 125136508260
syscr: 33526866
syscw: 3792442
read_bytes: 55663407616
write_bytes: 125313822720
cancelled_write_bytes: 876544

[2018-12-17T18:04:20-08:00]
rchar: 277304269424
wchar: 125556636060
syscr: 33593351
syscw: 3794609
read_bytes: 55675396608
write_bytes: 125734653952
cancelled_write_bytes: 876544

[2018-12-17T18:04:23-08:00]
rchar: 277561137098
wchar: 125711173086
syscr: 33624471
syscw: 3797837
read_bytes: 55700644352
write_bytes: 125889458176
cancelled_write_bytes: 876544

[2018-12-17T18:04:26-08:00]
rchar: 278712477198
wchar: 125969836956
syscr: 33764066
syscw: 3828189
read_bytes: 55924777472
write_bytes: 126148337664
cancelled_write_bytes: 876544

[2018-12-17T18:04:29-08:00]
rchar: 279178196267
wchar: 126090133764
syscr: 33820531
syscw: 3839785
read_bytes: 56009585152
write_bytes: 126268768256
cancelled_write_bytes: 876544

[2018-12-17T18:04:32-08:00]
rchar: 280878205677
wchar: 126578663339
syscr: 34026576
syscw: 3867196
read_bytes: 56227377664
write_bytes: 126757904384
cancelled_write_bytes: 884736

[2018-12-17T18:04:35-08:00]
rchar: 281404889115
wchar: 126999090363
syscr: 34090291
syscw: 3869697
read_bytes: 56240304640
write_bytes: 127179030528
cancelled_write_bytes: 884736

[2018-12-17T18:04:38-08:00]
rchar: 281892137117
wchar: 127382687676
syscr: 34149189
syscw: 3872184
read_bytes: 56253149696
write_bytes: 127563280384
cancelled_write_bytes: 884736

[2018-12-17T18:04:41-08:00]
rchar: 282386837269
wchar: 127747116075
syscr: 34208990
syscw: 3875875
read_bytes: 56273404416
write_bytes: 127928320000
cancelled_write_bytes: 884736

[2018-12-17T18:04:44-08:00]
rchar: 282949609081
wchar: 127916961610
syscr: 34277218
syscw: 3890972
read_bytes: 56400179712
write_bytes: 128098353152
cancelled_write_bytes: 884736

[2018-12-17T18:04:47-08:00]
rchar: 284362223118
wchar: 128293405421
syscr: 34448422
syscw: 3919776
read_bytes: 56620610048
write_bytes: 128475222016
cancelled_write_bytes: 892928

[2018-12-17T18:04:50-08:00]
rchar: 285326286818
wchar: 128439635754
syscr: 34565313
syscw: 3938922
read_bytes: 56765194752
write_bytes: 128621535232
cancelled_write_bytes: 892928

[2018-12-17T18:04:53-08:00]
rchar: 285722155483
wchar: 128886573330
syscr: 34613252
syscw: 3941641
read_bytes: 56780145152
write_bytes: 129069191168
cancelled_write_bytes: 901120

[2018-12-17T18:04:56-08:00]
rchar: 286078876825
wchar: 129168638677
syscr: 34656456
syscw: 3943213
read_bytes: 56789312000
write_bytes: 129351696384
cancelled_write_bytes: 901120

[2018-12-17T18:04:59-08:00]
rchar: 286421755160
wchar: 129444176516
syscr: 34698017
syscw: 3944695
read_bytes: 56797757952
write_bytes: 129627668480
cancelled_write_bytes: 901120

[2018-12-17T18:05:02-08:00]
rchar: 286874729788
wchar: 129817617378
syscr: 34752894
syscw: 3946549
read_bytes: 56812450304
write_bytes: 130001690624
cancelled_write_bytes: 901120

[2018-12-17T18:05:05-08:00]
rchar: 287255930173
wchar: 130133650684
syscr: 34799103
syscw: 3948055
read_bytes: 56825967104
write_bytes: 130318229504
cancelled_write_bytes: 901120

[2018-12-17T18:05:08-08:00]
rchar: 287640716468
wchar: 130452517360
syscr: 34845720
syscw: 3949574
read_bytes: 56839819776
write_bytes: 130637582336
cancelled_write_bytes: 901120

[2018-12-17T18:05:11-08:00]
rchar: 288029571243
wchar: 130765717959
syscr: 34892831
syscw: 3951253
read_bytes: 56855622144
write_bytes: 130951245824
cancelled_write_bytes: 901120

[2018-12-17T18:05:14-08:00]
rchar: 288470829608
wchar: 131121586176
syscr: 34946296
syscw: 3953297
read_bytes: 56872497664
write_bytes: 131307687936
cancelled_write_bytes: 901120

[2018-12-17T18:05:17-08:00]
rchar: 289504277314
wchar: 131470836147
syscr: 35071577
syscw: 3969008
read_bytes: 57026724352
write_bytes: 131657408512
cancelled_write_bytes: 901120

[2018-12-17T18:05:20-08:00]
rchar: 289931472796
wchar: 131786812858
syscr: 35123340
syscw: 3971622
read_bytes: 57048670720
write_bytes: 131973853184
cancelled_write_bytes: 901120

[2018-12-17T18:05:23-08:00]
rchar: 290717612211
wchar: 132002878026
syscr: 35218624
syscw: 3985293
read_bytes: 57168306688
write_bytes: 132190191616
cancelled_write_bytes: 901120

[2018-12-17T18:05:26-08:00]
rchar: 291639831025
wchar: 132255115878
syscr: 35330438
syscw: 4001329
read_bytes: 57335611904
write_bytes: 132442738688
cancelled_write_bytes: 901120

[2018-12-17T18:05:29-08:00]
rchar: 292298206466
wchar: 132550884963
syscr: 35410162
syscw: 4011333
read_bytes: 57408143872
write_bytes: 132738973696
cancelled_write_bytes: 909312

[2018-12-17T18:05:32-08:00]
rchar: 293329943014
wchar: 132816566170
syscr: 35535255
syscw: 4026065
read_bytes: 57539752448
write_bytes: 133004976128
cancelled_write_bytes: 909312

[2018-12-17T18:05:35-08:00]
rchar: 294171849587
wchar: 133111754340
syscr: 35637327
syscw: 4036452
read_bytes: 57678242304
write_bytes: 133300568064
cancelled_write_bytes: 909312

[2018-12-17T18:05:38-08:00]
rchar: 295120598608
wchar: 133409693143
syscr: 35752325
syscw: 4049377
read_bytes: 57815319040
write_bytes: 133598924800
cancelled_write_bytes: 909312

[2018-12-17T18:05:41-08:00]
rchar: 296069640437
wchar: 133586022128
syscr: 35867392
syscw: 4064007
read_bytes: 57988518400
write_bytes: 133775425536
cancelled_write_bytes: 909312

[2018-12-17T18:05:44-08:00]
rchar: 296451001922
wchar: 133989061078
syscr: 35913567
syscw: 4066706
read_bytes: 58024460800
write_bytes: 134179143680
cancelled_write_bytes: 917504

[2018-12-17T18:05:47-08:00]
rchar: 297027429110
wchar: 134470048455
syscr: 35983456
syscw: 4068030
read_bytes: 58059727360
write_bytes: 134660939776
cancelled_write_bytes: 917504

[2018-12-17T18:05:50-08:00]
rchar: 297556562107
wchar: 134859622582
syscr: 36047314
syscw: 4072077
read_bytes: 58194620928
write_bytes: 135051120640
cancelled_write_bytes: 917504

[2018-12-17T18:05:53-08:00]
rchar: 297898675504
wchar: 135171385361
syscr: 36088672
syscw: 4073083
read_bytes: 58224861696
write_bytes: 135363407872
cancelled_write_bytes: 917504

[2018-12-17T18:05:56-08:00]
rchar: 298206884498
wchar: 135442615052
syscr: 36125927
syscw: 4074044
read_bytes: 58257756672
write_bytes: 135635095552
cancelled_write_bytes: 917504

[2018-12-17T18:05:59-08:00]
rchar: 298624932492
wchar: 135825469788
syscr: 36176449
syscw: 4075342
read_bytes: 58299023872
write_bytes: 136018595840
cancelled_write_bytes: 917504

[2018-12-17T18:06:02-08:00]
rchar: 298990541540
wchar: 136086076061
syscr: 36220737
syscw: 4079134
read_bytes: 58467922432
write_bytes: 136279556096
cancelled_write_bytes: 917504

[2018-12-17T18:06:05-08:00]
rchar: 299528580442
wchar: 136436729527
syscr: 36285968
syscw: 4086266
read_bytes: 58748080640
write_bytes: 136630697984
cancelled_write_bytes: 917504

[2018-12-17T18:06:08-08:00]
rchar: 299908355590
wchar: 136689810398
syscr: 36331991
syscw: 4090914
read_bytes: 58926043648
write_bytes: 136884142080
cancelled_write_bytes: 917504

[2018-12-17T18:06:11-08:00]
rchar: 300259769768
wchar: 136912047634
syscr: 36374562
syscw: 4095852
read_bytes: 59098956288
write_bytes: 137106702336
cancelled_write_bytes: 917504

[2018-12-17T18:06:14-08:00]
rchar: 300592474056
wchar: 137125824130
syscr: 36414888
syscw: 4100072
read_bytes: 59243708928
write_bytes: 137320943616
cancelled_write_bytes: 917504

[2018-12-17T18:06:17-08:00]
rchar: 301164425567
wchar: 137483598987
syscr: 36484209
syscw: 4107794
read_bytes: 59530936832
write_bytes: 137679048704
cancelled_write_bytes: 917504

[2018-12-17T18:06:20-08:00]
rchar: 301677149750
wchar: 137806591463
syscr: 36546386
syscw: 4114561
read_bytes: 59790250496
write_bytes: 138002440192
cancelled_write_bytes: 917504

[2018-12-17T18:06:23-08:00]
rchar: 302048326472
wchar: 138042122681
syscr: 36591362
syscw: 4119296
read_bytes: 59982811648
write_bytes: 138238328832
cancelled_write_bytes: 917504

[2018-12-17T18:06:26-08:00]
rchar: 302433141438
wchar: 138276958915
syscr: 36638005
syscw: 4124470
read_bytes: 60179177984
write_bytes: 138473504768
cancelled_write_bytes: 917504

[2018-12-17T18:06:29-08:00]
rchar: 302794054114
wchar: 138506969814
syscr: 36681719
syscw: 4129250
read_bytes: 60369367552
write_bytes: 138703835136
cancelled_write_bytes: 917504

[2018-12-17T18:06:32-08:00]
rchar: 303054117790
wchar: 138790925756
syscr: 36713244
syscw: 4132521
read_bytes: 60508746240
write_bytes: 138988220416
cancelled_write_bytes: 917504

[2018-12-17T18:06:35-08:00]
rchar: 303329204681
wchar: 138999495522
syscr: 36746524
syscw: 4135459
read_bytes: 60643873280
write_bytes: 139197136896
cancelled_write_bytes: 925696

[2018-12-17T18:06:38-08:00]
rchar: 303794779453
wchar: 139271141655
syscr: 36802964
syscw: 4140220
read_bytes: 60840600064
write_bytes: 139469148160
cancelled_write_bytes: 925696

[2018-12-17T18:06:41-08:00]
rchar: 304183176119
wchar: 139505923606
syscr: 36850020
syscw: 4144340
read_bytes: 60999397888
write_bytes: 139704291328
cancelled_write_bytes: 925696

[2018-12-17T18:06:44-08:00]
rchar: 304801939765
wchar: 139841202561
syscr: 36925024
syscw: 4151739
read_bytes: 61286294016
write_bytes: 140040028160
cancelled_write_bytes: 925696

[2018-12-17T18:06:47-08:00]
rchar: 305337806947
wchar: 140131534374
syscr: 36989975
syscw: 4158280
read_bytes: 61533274624
write_bytes: 140330749952
cancelled_write_bytes: 925696

[2018-12-17T18:06:50-08:00]
rchar: 305795366591
wchar: 140382589468
syscr: 37045414
syscw: 4163702
read_bytes: 61749912064
write_bytes: 140582182912
cancelled_write_bytes: 925696

[2018-12-17T18:06:53-08:00]
rchar: 306283287656
wchar: 140645832631
syscr: 37104566
syscw: 4169585
read_bytes: 61982056960
write_bytes: 140845768704
cancelled_write_bytes: 925696

[2018-12-17T18:06:56-08:00]
rchar: 306783170374
wchar: 140937085088
syscr: 37165169
syscw: 4175143
read_bytes: 62199022080
write_bytes: 141137432576
cancelled_write_bytes: 925696

[2018-12-17T18:06:59-08:00]
rchar: 307230567290
wchar: 141172964617
syscr: 37219385
syscw: 4180753
read_bytes: 62411219456
write_bytes: 141373648896
cancelled_write_bytes: 925696

[2018-12-17T18:07:02-08:00]
rchar: 307787656536
wchar: 141473037786
syscr: 37286900
syscw: 4187643
read_bytes: 62682616320
write_bytes: 141674119168
cancelled_write_bytes: 925696

[2018-12-17T18:07:05-08:00]
rchar: 308184943258
wchar: 141686791371
syscr: 37335079
syscw: 4192626
read_bytes: 62876668416
write_bytes: 141888155648
cancelled_write_bytes: 925696

[2018-12-17T18:07:08-08:00]
rchar: 308717607037
wchar: 141965818857
syscr: 37399611
syscw: 4199670
read_bytes: 63134347776
write_bytes: 142167609344
cancelled_write_bytes: 925696

[2018-12-17T18:07:11-08:00]
rchar: 309021296763
wchar: 142271652026
syscr: 37436351
syscw: 4203359
read_bytes: 63265747456
write_bytes: 142473916416
cancelled_write_bytes: 933888

[2018-12-17T18:07:14-08:00]
rchar: 309736277357
wchar: 142588484825
syscr: 37523018
syscw: 4211949
read_bytes: 63559696896
write_bytes: 142791188480
cancelled_write_bytes: 933888

[2018-12-17T18:07:17-08:00]
rchar: 310438549487
wchar: 142831071787
syscr: 37608136
syscw: 4221965
read_bytes: 63801434624
write_bytes: 143034097664
cancelled_write_bytes: 933888

[2018-12-17T18:07:20-08:00]
rchar: 311310354200
wchar: 143083738554
syscr: 37713827
syscw: 4235557
read_bytes: 64066068992
write_bytes: 143287062528
cancelled_write_bytes: 933888

[2018-12-17T18:07:23-08:00]
rchar: 312285037673
wchar: 143340524740
syscr: 37831986
syscw: 4251942
read_bytes: 64337318400
write_bytes: 143544143872
cancelled_write_bytes: 933888

[2018-12-17T18:07:26-08:00]
rchar: 312858064825
wchar: 143460559606
syscr: 37901454
syscw: 4262311
read_bytes: 64470094336
write_bytes: 143664328704
cancelled_write_bytes: 933888

[2018-12-17T18:07:29-08:00]
rchar: 315785460548
wchar: 143837616781
syscr: 38256311
syscw: 4304479
read_bytes: 64845054464
write_bytes: 144041738240
cancelled_write_bytes: 942080

[2018-12-17T18:07:32-08:00]
rchar: 316566198674
wchar: 144014140585
syscr: 38350970
syscw: 4314115
read_bytes: 64924279296
write_bytes: 144218468352
cancelled_write_bytes: 942080

[2018-12-17T18:07:35-08:00]
rchar: 317052601778
wchar: 144525345081
syscr: 38409877
syscw: 4316471
read_bytes: 64943206912
write_bytes: 144730517504
cancelled_write_bytes: 950272

[2018-12-17T18:07:38-08:00]
rchar: 317623713094
wchar: 144977162715
syscr: 38479089
syscw: 4318249
read_bytes: 64962789888
write_bytes: 145183080448
cancelled_write_bytes: 950272

[2018-12-17T18:07:41-08:00]
rchar: 318142454705
wchar: 145374852976
syscr: 38541654
syscw: 4320075
read_bytes: 64978932224
write_bytes: 145581432832
cancelled_write_bytes: 950272

[2018-12-17T18:07:44-08:00]
rchar: 319055693454
wchar: 145793944455
syscr: 38652385
syscw: 4334432
read_bytes: 65238393344
write_bytes: 146001096704
cancelled_write_bytes: 950272

[2018-12-17T18:07:47-08:00]
rchar: 319695482191
wchar: 146051846750
syscr: 38729926
syscw: 4346182
read_bytes: 65392103936
write_bytes: 146259337216
cancelled_write_bytes: 950272

[2018-12-17T18:07:50-08:00]
rchar: 320513659711
wchar: 146485455642
syscr: 38829093
syscw: 4358095
read_bytes: 65555284480
write_bytes: 146693550080
cancelled_write_bytes: 950272

[2018-12-17T18:07:53-08:00]
rchar: 321177951298
wchar: 146734060939
syscr: 38909618
syscw: 4371375
read_bytes: 65706164736
write_bytes: 146942472192
cancelled_write_bytes: 950272

[2018-12-17T18:07:56-08:00]
rchar: 321412666648
wchar: 146982072729
syscr: 38938064
syscw: 4376236
read_bytes: 65755664896
write_bytes: 147190886400
cancelled_write_bytes: 950272

[2018-12-17T18:07:59-08:00]
rchar: 322388829438
wchar: 147322235028
syscr: 39056315
syscw: 4390474
read_bytes: 65906409984
write_bytes: 147531517952
cancelled_write_bytes: 958464

[2018-12-17T18:08:02-08:00]
rchar: 323224721424
wchar: 147585825609
syscr: 39157656
syscw: 4404661
read_bytes: 66037740032
write_bytes: 147795443712
cancelled_write_bytes: 958464

[2018-12-17T18:08:05-08:00]
rchar: 323951875617
wchar: 147818801599
syscr: 39245809
syscw: 4417162
read_bytes: 66170135040
write_bytes: 148028731392
cancelled_write_bytes: 958464

[2018-12-17T18:08:08-08:00]
rchar: 324954330048
wchar: 148164649927
syscr: 39367325
syscw: 4432465
read_bytes: 66289164800
write_bytes: 148375031808
cancelled_write_bytes: 958464

[2018-12-17T18:08:11-08:00]
rchar: 325801888361
wchar: 148463353119
syscr: 39470008
syscw: 4447333
read_bytes: 66389332480
write_bytes: 148674170880
cancelled_write_bytes: 966656

[2018-12-17T18:08:15-08:00]
rchar: 328556123380
wchar: 148782041926
syscr: 39803953
syscw: 4486735
read_bytes: 66711904768
write_bytes: 148993105920
cancelled_write_bytes: 966656

[2018-12-17T18:08:18-08:00]
rchar: 329807548774
wchar: 149218397093
syscr: 39955614
syscw: 4499291
read_bytes: 66811859456
write_bytes: 149430104064
cancelled_write_bytes: 974848

[2018-12-17T18:08:21-08:00]
rchar: 330394671257
wchar: 149660718622
syscr: 40026685
syscw: 4501373
read_bytes: 66842767872
write_bytes: 149873143808
cancelled_write_bytes: 974848

[2018-12-17T18:08:24-08:00]
rchar: 330885247479
wchar: 150029251211
syscr: 40085993
syscw: 4503200
read_bytes: 66870505984
write_bytes: 150242308096
cancelled_write_bytes: 974848

[2018-12-17T18:08:27-08:00]
rchar: 331363681489
wchar: 150391497859
syscr: 40143851
syscw: 4504924
read_bytes: 66898551296
write_bytes: 150605135872
cancelled_write_bytes: 974848

[2018-12-17T18:08:30-08:00]
rchar: 331851052568
wchar: 150732249673
syscr: 40202753
syscw: 4507442
read_bytes: 66944242176
write_bytes: 150946480128
cancelled_write_bytes: 974848

[2018-12-17T18:08:33-08:00]
rchar: 332316109895
wchar: 150957388554
syscr: 40259134
syscw: 4517507
read_bytes: 67143979520
write_bytes: 151171887104
cancelled_write_bytes: 974848

[2018-12-17T18:08:36-08:00]
rchar: 332831267614
wchar: 151225442023
syscr: 40321577
syscw: 4527402
read_bytes: 67329577472
write_bytes: 151440289792
cancelled_write_bytes: 974848

[2018-12-17T18:08:39-08:00]
rchar: 333534531092
wchar: 151554739415
syscr: 40406820
syscw: 4542665
read_bytes: 67615371776
write_bytes: 151769997312
cancelled_write_bytes: 974848

[2018-12-17T18:08:42-08:00]
rchar: 333714474964
wchar: 151793758879
syscr: 40428639
syscw: 4547022
read_bytes: 67685429760
write_bytes: 152009400320
cancelled_write_bytes: 974848

[2018-12-17T18:08:45-08:00]
rchar: 334350273058
wchar: 152033803118
syscr: 40505638
syscw: 4558263
read_bytes: 67874935296
write_bytes: 152249782272
cancelled_write_bytes: 983040

[2018-12-17T18:08:48-08:00]
rchar: 335145819577
wchar: 152304291606
syscr: 40602082
syscw: 4573500
read_bytes: 68123476480
write_bytes: 152520581120
cancelled_write_bytes: 983040

[2018-12-17T18:08:51-08:00]
rchar: 335838823379
wchar: 152526101820
syscr: 40686104
syscw: 4587470
read_bytes: 68311044608
write_bytes: 152743624704
cancelled_write_bytes: 983040

[2018-12-17T18:08:54-08:00]
rchar: 336391243442
wchar: 152671529804
syscr: 40753072
syscw: 4600103
read_bytes: 68439224832
write_bytes: 152888266752
cancelled_write_bytes: 983040

[2018-12-17T18:08:57-08:00]
rchar: 336766944831
wchar: 152891693698
syscr: 40798632
syscw: 4607396
read_bytes: 68496900608
write_bytes: 153108754432
cancelled_write_bytes: 983040

[2018-12-17T18:09:00-08:00]
rchar: 339241148572
wchar: 153194333823
syscr: 41098538
syscw: 4648756
read_bytes: 68818526720
write_bytes: 153411612672
cancelled_write_bytes: 991232

[2018-12-17T18:09:03-08:00]
rchar: 340020413599
wchar: 153577452641
syscr: 41192962
syscw: 4659767
read_bytes: 68915151360
write_bytes: 153795289088
cancelled_write_bytes: 999424

[2018-12-17T18:09:06-08:00]
rchar: 340587236016
wchar: 154025638202
syscr: 41261655
syscw: 4661857
read_bytes: 68941656576
write_bytes: 154244284416
cancelled_write_bytes: 999424

[2018-12-17T18:09:09-08:00]
rchar: 340942337921
wchar: 154306448282
syscr: 41304687
syscw: 4663317
read_bytes: 68959478272
write_bytes: 154525384704
cancelled_write_bytes: 999424

[2018-12-17T18:09:12-08:00]
rchar: 341555693525
wchar: 154553353935
syscr: 41379032
syscw: 4669638
read_bytes: 69051036160
write_bytes: 154773237760
cancelled_write_bytes: 999424

[2018-12-17T18:09:15-08:00]
rchar: 342560557673
wchar: 154884321383
syscr: 41500861
syscw: 4681443
read_bytes: 69215977984
write_bytes: 155104063488
cancelled_write_bytes: 999424

[2018-12-17T18:09:18-08:00]
rchar: 343428970932
wchar: 155302459855
syscr: 41606090
syscw: 4689681
read_bytes: 69306544640
write_bytes: 155522813952
cancelled_write_bytes: 999424

[2018-12-17T18:09:21-08:00]
rchar: 343923286866
wchar: 155559604231
syscr: 41665989
syscw: 4694331
read_bytes: 69360026112
write_bytes: 155780345856
cancelled_write_bytes: 999424

[2018-12-17T18:09:24-08:00]
rchar: 344845783989
wchar: 155830123371
syscr: 41777830
syscw: 4706919
read_bytes: 69512573440
write_bytes: 156051189760
cancelled_write_bytes: 999424

[2018-12-17T18:09:27-08:00]
rchar: 345701076617
wchar: 156072142589
syscr: 41881520
syscw: 4718418
read_bytes: 69630681600
write_bytes: 156293529600
cancelled_write_bytes: 999424

[2018-12-17T18:09:30-08:00]
rchar: 345942423808
wchar: 156364096840
syscr: 41910692
syscw: 4720642
read_bytes: 69650539008
write_bytes: 156585984000
cancelled_write_bytes: 1007616

[2018-12-17T18:09:33-08:00]
rchar: 346479918661
wchar: 156780048474
syscr: 41975852
syscw: 4722355
read_bytes: 69665169920
write_bytes: 157002653696
cancelled_write_bytes: 1007616

[2018-12-17T18:09:36-08:00]
rchar: 346981884687
wchar: 157097701816
syscr: 42036396
syscw: 4726252
read_bytes: 69714547200
write_bytes: 157320818688
cancelled_write_bytes: 1007616

[2018-12-17T18:09:39-08:00]
rchar: 347774779607
wchar: 157424000382
syscr: 42132524
syscw: 4740161
read_bytes: 69899829760
write_bytes: 157647986688
cancelled_write_bytes: 1007616

[2018-12-17T18:09:42-08:00]
rchar: 348445903593
wchar: 157837702145
syscr: 42213866
syscw: 4747817
read_bytes: 69973897728
write_bytes: 158061858816
cancelled_write_bytes: 1007616

[2018-12-17T18:09:45-08:00]
rchar: 349083977318
wchar: 158127057432
syscr: 42291186
syscw: 4759235
read_bytes: 70075478528
write_bytes: 158351630336
cancelled_write_bytes: 1007616

[2018-12-17T18:09:48-08:00]
rchar: 349849313209
wchar: 158446847427
syscr: 42383977
syscw: 4773639
read_bytes: 70198579712
write_bytes: 158671843328
cancelled_write_bytes: 1007616

[2018-12-17T18:09:51-08:00]
rchar: 350247093542
wchar: 158695849353
syscr: 42432187
syscw: 4778576
read_bytes: 70229733888
write_bytes: 158921228288
cancelled_write_bytes: 1007616

[2018-12-17T18:09:54-08:00]
rchar: 350335964934
wchar: 158881626366
syscr: 42442959
syscw: 4780765
read_bytes: 70243500544
write_bytes: 159107346432
cancelled_write_bytes: 1007616

[2018-12-17T18:09:57-08:00]
rchar: 351722836302
wchar: 159179284606
syscr: 42611023
syscw: 4805990
read_bytes: 70429827584
write_bytes: 159405334528
cancelled_write_bytes: 1015808

[2018-12-17T18:10:00-08:00]
rchar: 353124952078
wchar: 159386278894
syscr: 42781021
syscw: 4831687
read_bytes: 70624633344
write_bytes: 159612502016
cancelled_write_bytes: 1019904

[2018-12-17T18:10:03-08:00]
rchar: 353429334107
wchar: 159657718568
syscr: 42817931
syscw: 4832410
read_bytes: 70627107328
write_bytes: 159884374016
cancelled_write_bytes: 1019904

[2018-12-17T18:10:06-08:00]
rchar: 353798964005
wchar: 160094433321
syscr: 42862633
syscw: 4834799
read_bytes: 70637306368
write_bytes: 160321835008
cancelled_write_bytes: 1019904

[2018-12-17T18:10:09-08:00]
rchar: 354233590156
wchar: 160441059430
syscr: 42915121
syscw: 4836707
read_bytes: 70653841920
write_bytes: 160669028352
cancelled_write_bytes: 1028096

[2018-12-17T18:10:12-08:00]
rchar: 354623357241
wchar: 160748594441
syscr: 42962269
syscw: 4838365
read_bytes: 70677737984
write_bytes: 160977055744
cancelled_write_bytes: 1028096

[2018-12-17T18:10:15-08:00]
rchar: 355041081661
wchar: 161041376523
syscr: 43012758
syscw: 4840962
read_bytes: 70725550592
write_bytes: 161270362112
cancelled_write_bytes: 1028096

[2018-12-17T18:10:18-08:00]
rchar: 355708187822
wchar: 161343311267
syscr: 43093645
syscw: 4851111
read_bytes: 70933803520
write_bytes: 161572675584
cancelled_write_bytes: 1028096

[2018-12-17T18:10:21-08:00]
rchar: 356207007737
wchar: 161746698007
syscr: 43154098
syscw: 4853762
read_bytes: 70974202368
write_bytes: 161976971264
cancelled_write_bytes: 1028096

[2018-12-17T18:10:24-08:00]
rchar: 356756626517
wchar: 162015772116
syscr: 43220724
syscw: 4861518
read_bytes: 71124410880
write_bytes: 162246074368
cancelled_write_bytes: 1028096

[2018-12-17T18:10:27-08:00]
rchar: 357348753878
wchar: 162270852992
syscr: 43292483
syscw: 4870963
read_bytes: 71299568128
write_bytes: 162501525504
cancelled_write_bytes: 1028096

[2018-12-17T18:10:30-08:00]
rchar: 358189851319
wchar: 162608984920
syscr: 43394443
syscw: 4885404
read_bytes: 71555547648
write_bytes: 162840080384
cancelled_write_bytes: 1028096

[2018-12-17T18:10:33-08:00]
rchar: 358784352422
wchar: 162836578684
syscr: 43466516
syscw: 4896097
read_bytes: 71729619456
write_bytes: 163067932672
cancelled_write_bytes: 1028096

[2018-12-17T18:10:36-08:00]
rchar: 359040079065
wchar: 162964719622
syscr: 43497522
syscw: 4899899
read_bytes: 71795454464
write_bytes: 163196252160
cancelled_write_bytes: 1028096

[2018-12-17T18:10:39-08:00]
rchar: 359493778703
wchar: 163486565718
syscr: 43552458
syscw: 4902408
read_bytes: 71834726912
write_bytes: 163718918144
cancelled_write_bytes: 1036288

[2018-12-17T18:10:42-08:00]
rchar: 359874859439
wchar: 163795208121
syscr: 43598642
syscw: 4903883
read_bytes: 71856488960
write_bytes: 164028047360
cancelled_write_bytes: 1036288

[2018-12-17T18:10:45-08:00]
rchar: 360394924156
wchar: 164230992418
syscr: 43661639
syscw: 4905768
read_bytes: 71882154496
write_bytes: 164464492544
cancelled_write_bytes: 1036288

[2018-12-17T18:10:48-08:00]
rchar: 360847509516
wchar: 164592657068
syscr: 43716476
syscw: 4907668
read_bytes: 71910343168
write_bytes: 164826726400
cancelled_write_bytes: 1036288

[2018-12-17T18:10:51-08:00]
rchar: 361301793474
wchar: 164965609214
syscr: 43771527
syscw: 4909403
read_bytes: 71938118144
write_bytes: 165200244736
cancelled_write_bytes: 1036288

[2018-12-17T18:10:54-08:00]
rchar: 361795783389
wchar: 165373765146
syscr: 43831389
syscw: 4911264
read_bytes: 71967474176
write_bytes: 165609046016
cancelled_write_bytes: 1036288

[2018-12-17T18:10:57-08:00]
rchar: 362138630567
wchar: 165656422214
syscr: 43872920
syscw: 4912610
read_bytes: 71987479040
write_bytes: 165892145152
cancelled_write_bytes: 1036288

[2018-12-17T18:11:00-08:00]
rchar: 362625807956
wchar: 166049853632
syscr: 43931947
syscw: 4914636
read_bytes: 72021230080
write_bytes: 166286888960
cancelled_write_bytes: 1036288

[2018-12-17T18:11:03-08:00]
rchar: 363085315117
wchar: 166412048421
syscr: 43987616
syscw: 4916885
read_bytes: 72059879936
write_bytes: 166648954880
cancelled_write_bytes: 1036288

[2018-12-17T18:11:06-08:00]
rchar: 363495965652
wchar: 166621938936
syscr: 44037373
syscw: 4921470
read_bytes: 72156688896
write_bytes: 166859149312
cancelled_write_bytes: 1036288

[2018-12-17T18:11:09-08:00]
rchar: 364170860036
wchar: 166893426572
syscr: 44119192
syscw: 4931071
read_bytes: 72359870976
write_bytes: 167130992640
cancelled_write_bytes: 1036288

[2018-12-17T18:11:12-08:00]
rchar: 364792841551
wchar: 167144005807
syscr: 44194572
syscw: 4939594
read_bytes: 72550199808
write_bytes: 167381925888
cancelled_write_bytes: 1036288

[2018-12-17T18:11:15-08:00]
rchar: 365461543475
wchar: 167413584420
syscr: 44275639
syscw: 4949249
read_bytes: 72754762240
write_bytes: 167651856384
cancelled_write_bytes: 1036288

[2018-12-17T18:11:18-08:00]
rchar: 366171269061
wchar: 167721593580
syscr: 44361676
syscw: 4958734
read_bytes: 72975999488
write_bytes: 167960260608
cancelled_write_bytes: 1036288

[2018-12-17T18:11:21-08:00]
rchar: 366750559612
wchar: 167936016069
syscr: 44431887
syscw: 4967709
read_bytes: 73154798080
write_bytes: 168174997504
cancelled_write_bytes: 1036288

[2018-12-17T18:11:24-08:00]
rchar: 367020051628
wchar: 168182956667
syscr: 44464488
syscw: 4971741
read_bytes: 73223332352
write_bytes: 168422334464
cancelled_write_bytes: 1044480

[2018-12-17T18:11:27-08:00]
rchar: 368034492880
wchar: 168464029274
syscr: 44587462
syscw: 4985652
read_bytes: 73474806272
write_bytes: 168703762432
cancelled_write_bytes: 1044480

[2018-12-17T18:11:30-08:00]
rchar: 369407034043
wchar: 168747392849
syscr: 44753865
syscw: 5006125
read_bytes: 73749152256
write_bytes: 168987430912
cancelled_write_bytes: 1044480

[2018-12-17T18:11:33-08:00]
rchar: 370366289341
wchar: 168931860150
syscr: 44870151
syscw: 5021678
read_bytes: 73935376896
write_bytes: 169172103168
cancelled_write_bytes: 1044480

[2018-12-17T18:11:36-08:00]
rchar: 370859215719
wchar: 169018011442
syscr: 44929922
syscw: 5030133
read_bytes: 74025394688
write_bytes: 169258344448
cancelled_write_bytes: 1044480

[2018-12-17T18:11:39-08:00]
rchar: 371384473601
wchar: 169546982312
syscr: 44993545
syscw: 5032920
read_bytes: 74058748416
write_bytes: 169788186624
cancelled_write_bytes: 1052672

[2018-12-17T18:11:42-08:00]
rchar: 372107751775
wchar: 170091391611
syscr: 45080993
syscw: 5035518
read_bytes: 74102600192
write_bytes: 170333491200
cancelled_write_bytes: 1052672

[2018-12-17T18:11:45-08:00]
rchar: 372503206798
wchar: 170402268369
syscr: 45128800
syscw: 5036877
read_bytes: 74128003584
write_bytes: 170644905984
cancelled_write_bytes: 1052672

[2018-12-17T18:11:48-08:00]
rchar: 372827687819
wchar: 170640300228
syscr: 45168010
syscw: 5038228
read_bytes: 74150965760
write_bytes: 170883342336
cancelled_write_bytes: 1052672

[2018-12-17T18:11:51-08:00]
rchar: 373572262789
wchar: 171033383768
syscr: 45258266
syscw: 5051440
read_bytes: 74472059392
write_bytes: 171276935168
cancelled_write_bytes: 1052672

[2018-12-17T18:11:54-08:00]
rchar: 374069760835
wchar: 171370573545
syscr: 45318538
syscw: 5057476
read_bytes: 74594353664
write_bytes: 171614617600
cancelled_write_bytes: 1052672

[2018-12-17T18:11:57-08:00]
rchar: 374579405540
wchar: 171629002956
syscr: 45380334
syscw: 5067431
read_bytes: 74818204160
write_bytes: 171873345536
cancelled_write_bytes: 1052672

[2018-12-17T18:12:00-08:00]
rchar: 375074907390
wchar: 171882097636
syscr: 45440391
syscw: 5076980
read_bytes: 75038544384
write_bytes: 172126773248
cancelled_write_bytes: 1052672

[2018-12-17T18:12:03-08:00]
rchar: 375882171958
wchar: 172292166819
syscr: 45538254
syscw: 5092812
read_bytes: 75394331136
write_bytes: 172537372672
cancelled_write_bytes: 1052672

[2018-12-17T18:12:06-08:00]
rchar: 376082604755
wchar: 172532874225
syscr: 45562549
syscw: 5097048
read_bytes: 75481756160
write_bytes: 172778463232
cancelled_write_bytes: 1052672

[2018-12-17T18:12:09-08:00]
rchar: 376846014904
wchar: 172886525071
syscr: 45655010
syscw: 5108868
read_bytes: 75765154304
write_bytes: 173132578816
cancelled_write_bytes: 1060864

[2018-12-17T18:12:12-08:00]
rchar: 377498132302
wchar: 173187476382
syscr: 45734037
syscw: 5118504
read_bytes: 75967271424
write_bytes: 173433942016
cancelled_write_bytes: 1060864

[2018-12-17T18:12:15-08:00]
rchar: 378584239413
wchar: 173604045240
syscr: 45865712
syscw: 5137793
read_bytes: 76332655104
write_bytes: 173851037696
cancelled_write_bytes: 1060864

[2018-12-17T18:12:18-08:00]
rchar: 379484972554
wchar: 173880785156
syscr: 45974912
syscw: 5156061
read_bytes: 76584874496
write_bytes: 174129115136
cancelled_write_bytes: 1060864

[2018-12-17T18:12:21-08:00]
rchar: 379718433831
wchar: 174116024205
syscr: 46003224
syscw: 5160858
read_bytes: 76650349056
write_bytes: 174363713536
cancelled_write_bytes: 1060864

[2018-12-17T18:12:24-08:00]
rchar: 380604974095
wchar: 174343782586
syscr: 46110610
syscw: 5175388
read_bytes: 76842439168
write_bytes: 174591737856
cancelled_write_bytes: 1069056

[2018-12-17T18:12:27-08:00]
rchar: 381527934887
wchar: 174547019870
syscr: 46222502
syscw: 5191521
read_bytes: 77035053568
write_bytes: 174795194368
cancelled_write_bytes: 1069056

[2018-12-17T18:12:30-08:00]
rchar: 383151354217
wchar: 174856996967
syscr: 46419334
syscw: 5219835
read_bytes: 77305893376
write_bytes: 175106166784
cancelled_write_bytes: 1069056

[2018-12-17T18:12:33-08:00]
rchar: 384413804587
wchar: 175114727625
syscr: 46572318
syscw: 5238295
read_bytes: 77460304384
write_bytes: 175363534848
cancelled_write_bytes: 1077248

[2018-12-17T18:12:36-08:00]
rchar: 386709415517
wchar: 175369480868
syscr: 46850657
syscw: 5271977
read_bytes: 77744124416
write_bytes: 175618461696
cancelled_write_bytes: 1077248

[2018-12-17T18:12:39-08:00]
rchar: 387172270892
wchar: 175788644651
syscr: 46906702
syscw: 5275793
read_bytes: 77765161472
write_bytes: 176038293504
cancelled_write_bytes: 1085440

[2018-12-17T18:12:42-08:00]
rchar: 387786058057
wchar: 176245540536
syscr: 46981119
syscw: 5278356
read_bytes: 77777826304
write_bytes: 176495882240
cancelled_write_bytes: 1085440

[2018-12-17T18:12:45-08:00]
rchar: 388386536531
wchar: 176693132970
syscr: 47053836
syscw: 5280782
read_bytes: 77789352448
write_bytes: 176944214016
cancelled_write_bytes: 1085440

[2018-12-17T18:12:48-08:00]
rchar: 389001377891
wchar: 177161409338
syscr: 47128389
syscw: 5283076
read_bytes: 77801816576
write_bytes: 177413214208
cancelled_write_bytes: 1085440

[2018-12-17T18:12:51-08:00]
rchar: 389602607449
wchar: 177599910919
syscr: 47201227
syscw: 5285545
read_bytes: 77818946048
write_bytes: 177852424192
cancelled_write_bytes: 1085440

[2018-12-17T18:12:54-08:00]
rchar: 390040296439
wchar: 177921572526
syscr: 47254302
syscw: 5287404
read_bytes: 77831180800
write_bytes: 178174570496
cancelled_write_bytes: 1085440

[2018-12-17T18:12:57-08:00]
rchar: 390650628654
wchar: 178364779093
syscr: 47328244
syscw: 5290114
read_bytes: 77851202048
write_bytes: 178618466304
cancelled_write_bytes: 1085440

[2018-12-17T18:13:00-08:00]
rchar: 391084142181
wchar: 178681034591
syscr: 47380790
syscw: 5291974
read_bytes: 77864186368
write_bytes: 178935226368
cancelled_write_bytes: 1085440

[2018-12-17T18:13:03-08:00]
rchar: 391449336239
wchar: 178995903816
syscr: 47425043
syscw: 5292836
read_bytes: 77870408192
write_bytes: 179250589696
cancelled_write_bytes: 1085440

[2018-12-17T18:13:06-08:00]
rchar: 391978114304
wchar: 179408151642
syscr: 47488816
syscw: 5295001
read_bytes: 77883384320
write_bytes: 179663470592
cancelled_write_bytes: 1085440

[2018-12-17T18:13:09-08:00]
rchar: 392397256908
wchar: 179750908327
syscr: 47539574
syscw: 5297285
read_bytes: 77901001216
write_bytes: 180006809600
cancelled_write_bytes: 1085440

[2018-12-17T18:13:12-08:00]
rchar: 392673738911
wchar: 179973695873
syscr: 47573081
syscw: 5299011
read_bytes: 77912400384
write_bytes: 180229951488
cancelled_write_bytes: 1085440

[2018-12-17T18:13:15-08:00]
rchar: 393220070164
wchar: 180272790068
syscr: 47639313
syscw: 5306961
read_bytes: 77978214912
write_bytes: 180529483776
cancelled_write_bytes: 1085440

[2018-12-17T18:13:18-08:00]
rchar: 393651760799
wchar: 180573974580
syscr: 47691620
syscw: 5311244
read_bytes: 78064108032
write_bytes: 180831125504
cancelled_write_bytes: 1085440

