Extracting RWBS and sectors to /tmp/ycsb-rocksdb/data/nvme0n1/output_myworkloada/sectors.dat
Parsing results...

SECTOR_SIZE   RW   COUNT         RATIO (in R/W)   RATIO (Overall)
----------------------------------------------------------------------
/tmp/ycsb-rocksdb/scripts/ioszdist.sh: line 84: bc: command not found
/tmp/ycsb-rocksdb/scripts/ioszdist.sh: line 84: bc: command not found
/tmp/ycsb-rocksdb/scripts/ioszdist.sh: line 84: bc: command not found
/tmp/ycsb-rocksdb/scripts/ioszdist.sh: line 84: bc: command not found
/tmp/ycsb-rocksdb/scripts/ioszdist.sh: line 84: bc: command not found
/tmp/ycsb-rocksdb/scripts/ioszdist.sh: line 84: bc: command not found
/tmp/ycsb-rocksdb/scripts/ioszdist.sh: line 84: bc: command not found
/tmp/ycsb-rocksdb/scripts/ioszdist.sh: line 84: bc: command not found
/tmp/ycsb-rocksdb/scripts/ioszdist.sh: line 84: bc: command not found
/tmp/ycsb-rocksdb/scripts/ioszdist.sh: line 84: bc: command not found
/tmp/ycsb-rocksdb/scripts/ioszdist.sh: line 84: bc: command not found
/tmp/ycsb-rocksdb/scripts/ioszdist.sh: line 84: bc: command not found
/tmp/ycsb-rocksdb/scripts/ioszdist.sh: line 84: bc: command not found
/tmp/ycsb-rocksdb/scripts/ioszdist.sh: line 84: bc: command not found
/tmp/ycsb-rocksdb/scripts/ioszdist.sh: line 84: bc: command not found
/tmp/ycsb-rocksdb/scripts/ioszdist.sh: line 84: bc: command not found
/tmp/ycsb-rocksdb/scripts/ioszdist.sh: line 84: bc: command not found
/tmp/ycsb-rocksdb/scripts/ioszdist.sh: line 84: bc: command not found
/tmp/ycsb-rocksdb/scripts/ioszdist.sh: line 84: bc: command not found
/tmp/ycsb-rocksdb/scripts/ioszdist.sh: line 84: bc: command not found
/tmp/ycsb-rocksdb/scripts/ioszdist.sh: line 84: bc: command not found
/tmp/ycsb-rocksdb/scripts/ioszdist.sh: line 84: bc: command not found
/tmp/ycsb-rocksdb/scripts/ioszdist.sh: line 84: bc: command not found
/tmp/ycsb-rocksdb/scripts/ioszdist.sh: line 84: bc: command not found
/tmp/ycsb-rocksdb/scripts/ioszdist.sh: line 84: bc: command not found
/tmp/ycsb-rocksdb/scripts/ioszdist.sh: line 84: bc: command not found
/tmp/ycsb-rocksdb/scripts/ioszdist.sh: line 84: bc: command not found
/tmp/ycsb-rocksdb/scripts/ioszdist.sh: line 84: bc: command not found
/tmp/ycsb-rocksdb/scripts/ioszdist.sh: line 84: bc: command not found
/tmp/ycsb-rocksdb/scripts/ioszdist.sh: line 84: bc: command not found
/tmp/ycsb-rocksdb/scripts/ioszdist.sh: line 84: bc: command not found
/tmp/ycsb-rocksdb/scripts/ioszdist.sh: line 84: bc: command not found
/tmp/ycsb-rocksdb/scripts/ioszdist.sh: line 84: bc: command not found
/tmp/ycsb-rocksdb/scripts/ioszdist.sh: line 84: bc: command not found
/tmp/ycsb-rocksdb/scripts/ioszdist.sh: line 84: bc: command not found
/tmp/ycsb-rocksdb/scripts/ioszdist.sh: line 84: bc: command not found
/tmp/ycsb-rocksdb/scripts/ioszdist.sh: line 84: bc: command not found
/tmp/ycsb-rocksdb/scripts/ioszdist.sh: line 84: bc: command not found
/tmp/ycsb-rocksdb/scripts/ioszdist.sh: line 84: bc: command not found
/tmp/ycsb-rocksdb/scripts/ioszdist.sh: line 84: bc: command not found
/tmp/ycsb-rocksdb/scripts/ioszdist.sh: line 84: bc: command not found
/tmp/ycsb-rocksdb/scripts/ioszdist.sh: line 84: bc: command not found
/tmp/ycsb-rocksdb/scripts/ioszdist.sh: line 84: bc: command not found
/tmp/ycsb-rocksdb/scripts/ioszdist.sh: line 84: bc: command not found
/tmp/ycsb-rocksdb/scripts/ioszdist.sh: line 84: bc: command not found
/tmp/ycsb-rocksdb/scripts/ioszdist.sh: line 84: bc: command not found
/tmp/ycsb-rocksdb/scripts/ioszdist.sh: line 84: bc: command not found
/tmp/ycsb-rocksdb/scripts/ioszdist.sh: line 84: bc: command not found
/tmp/ycsb-rocksdb/scripts/ioszdist.sh: line 84: bc: command not found
/tmp/ycsb-rocksdb/scripts/ioszdist.sh: line 84: bc: command not found
/tmp/ycsb-rocksdb/scripts/ioszdist.sh: line 84: bc: command not found
/tmp/ycsb-rocksdb/scripts/ioszdist.sh: line 84: bc: command not found
/tmp/ycsb-rocksdb/scripts/ioszdist.sh: line 84: bc: command not found
/tmp/ycsb-rocksdb/scripts/ioszdist.sh: line 84: bc: command not found
/tmp/ycsb-rocksdb/scripts/ioszdist.sh: line 84: bc: command not found
/tmp/ycsb-rocksdb/scripts/ioszdist.sh: line 84: bc: command not found
/tmp/ycsb-rocksdb/scripts/ioszdist.sh: line 84: bc: command not found
/tmp/ycsb-rocksdb/scripts/ioszdist.sh: line 84: bc: command not found
/tmp/ycsb-rocksdb/scripts/ioszdist.sh: line 84: bc: command not found
/tmp/ycsb-rocksdb/scripts/ioszdist.sh: line 84: bc: command not found
/tmp/ycsb-rocksdb/scripts/ioszdist.sh: line 84: bc: command not found
/tmp/ycsb-rocksdb/scripts/ioszdist.sh: line 84: bc: command not found
/tmp/ycsb-rocksdb/scripts/ioszdist.sh: line 84: bc: command not found
/tmp/ycsb-rocksdb/scripts/ioszdist.sh: line 84: bc: command not found
/tmp/ycsb-rocksdb/scripts/ioszdist.sh: line 84: bc: command not found
/tmp/ycsb-rocksdb/scripts/ioszdist.sh: line 84: bc: command not found
/tmp/ycsb-rocksdb/scripts/ioszdist.sh: line 84: bc: command not found
/tmp/ycsb-rocksdb/scripts/ioszdist.sh: line 84: bc: command not found
/tmp/ycsb-rocksdb/scripts/ioszdist.sh: line 84: bc: command not found
/tmp/ycsb-rocksdb/scripts/ioszdist.sh: line 84: bc: command not found
/tmp/ycsb-rocksdb/scripts/ioszdist.sh: line 84: bc: command not found
/tmp/ycsb-rocksdb/scripts/ioszdist.sh: line 84: bc: command not found
/tmp/ycsb-rocksdb/scripts/ioszdist.sh: line 84: bc: command not found
/tmp/ycsb-rocksdb/scripts/ioszdist.sh: line 84: bc: command not found
/tmp/ycsb-rocksdb/scripts/ioszdist.sh: line 84: bc: command not found
/tmp/ycsb-rocksdb/scripts/ioszdist.sh: line 84: bc: command not found
/tmp/ycsb-rocksdb/scripts/ioszdist.sh: line 84: bc: command not found
/tmp/ycsb-rocksdb/scripts/ioszdist.sh: line 84: bc: command not found
/tmp/ycsb-rocksdb/scripts/ioszdist.sh: line 84: bc: command not found
/tmp/ycsb-rocksdb/scripts/ioszdist.sh: line 84: bc: command not found
/tmp/ycsb-rocksdb/scripts/ioszdist.sh: line 84: bc: command not found
/tmp/ycsb-rocksdb/scripts/ioszdist.sh: line 84: bc: command not found
/tmp/ycsb-rocksdb/scripts/ioszdist.sh: line 84: bc: command not found
/tmp/ycsb-rocksdb/scripts/ioszdist.sh: line 84: bc: command not found
/tmp/ycsb-rocksdb/scripts/ioszdist.sh: line 84: bc: command not found
/tmp/ycsb-rocksdb/scripts/ioszdist.sh: line 84: bc: command not found
/tmp/ycsb-rocksdb/scripts/ioszdist.sh: line 84: bc: command not found
/tmp/ycsb-rocksdb/scripts/ioszdist.sh: line 84: bc: command not found
/tmp/ycsb-rocksdb/scripts/ioszdist.sh: line 84: bc: command not found
/tmp/ycsb-rocksdb/scripts/ioszdist.sh: line 84: bc: command not found
/tmp/ycsb-rocksdb/scripts/ioszdist.sh: line 84: bc: command not found
/tmp/ycsb-rocksdb/scripts/ioszdist.sh: line 84: bc: command not found
/tmp/ycsb-rocksdb/scripts/ioszdist.sh: line 84: bc: command not found
/tmp/ycsb-rocksdb/scripts/ioszdist.sh: line 84: bc: command not found
/tmp/ycsb-rocksdb/scripts/ioszdist.sh: line 84: bc: command not found
/tmp/ycsb-rocksdb/scripts/ioszdist.sh: line 84: bc: command not found
/tmp/ycsb-rocksdb/scripts/ioszdist.sh: line 84: bc: command not found
/tmp/ycsb-rocksdb/scripts/ioszdist.sh: line 84: bc: command not found
/tmp/ycsb-rocksdb/scripts/ioszdist.sh: line 84: bc: command not found
/tmp/ycsb-rocksdb/scripts/ioszdist.sh: line 84: bc: command not found
/tmp/ycsb-rocksdb/scripts/ioszdist.sh: line 84: bc: command not found
/tmp/ycsb-rocksdb/scripts/ioszdist.sh: line 84: bc: command not found
/tmp/ycsb-rocksdb/scripts/ioszdist.sh: line 84: bc: command not found
/tmp/ycsb-rocksdb/scripts/ioszdist.sh: line 84: bc: command not found
/tmp/ycsb-rocksdb/scripts/ioszdist.sh: line 84: bc: command not found
/tmp/ycsb-rocksdb/scripts/ioszdist.sh: line 84: bc: command not found
/tmp/ycsb-rocksdb/scripts/ioszdist.sh: line 84: bc: command not found
/tmp/ycsb-rocksdb/scripts/ioszdist.sh: line 84: bc: command not found
/tmp/ycsb-rocksdb/scripts/ioszdist.sh: line 84: bc: command not found
/tmp/ycsb-rocksdb/scripts/ioszdist.sh: line 84: bc: command not found
/tmp/ycsb-rocksdb/scripts/ioszdist.sh: line 84: bc: command not found
/tmp/ycsb-rocksdb/scripts/ioszdist.sh: line 84: bc: command not found
/tmp/ycsb-rocksdb/scripts/ioszdist.sh: line 84: bc: command not found
/tmp/ycsb-rocksdb/scripts/ioszdist.sh: line 84: bc: command not found
/tmp/ycsb-rocksdb/scripts/ioszdist.sh: line 84: bc: command not found
/tmp/ycsb-rocksdb/scripts/ioszdist.sh: line 84: bc: command not found
/tmp/ycsb-rocksdb/scripts/ioszdist.sh: line 84: bc: command not found
/tmp/ycsb-rocksdb/scripts/ioszdist.sh: line 84: bc: command not found
/tmp/ycsb-rocksdb/scripts/ioszdist.sh: line 84: bc: command not found
/tmp/ycsb-rocksdb/scripts/ioszdist.sh: line 84: bc: command not found
/tmp/ycsb-rocksdb/scripts/ioszdist.sh: line 84: bc: command not found
/tmp/ycsb-rocksdb/scripts/ioszdist.sh: line 84: bc: command not found
/tmp/ycsb-rocksdb/scripts/ioszdist.sh: line 84: bc: command not found
/tmp/ycsb-rocksdb/scripts/ioszdist.sh: line 84: bc: command not found
/tmp/ycsb-rocksdb/scripts/ioszdist.sh: line 84: bc: command not found
/tmp/ycsb-rocksdb/scripts/ioszdist.sh: line 84: bc: command not found
/tmp/ycsb-rocksdb/scripts/ioszdist.sh: line 84: bc: command not found
/tmp/ycsb-rocksdb/scripts/ioszdist.sh: line 84: bc: command not found
/tmp/ycsb-rocksdb/scripts/ioszdist.sh: line 84: bc: command not found
/tmp/ycsb-rocksdb/scripts/ioszdist.sh: line 84: bc: command not found
/tmp/ycsb-rocksdb/scripts/ioszdist.sh: line 84: bc: command not found
/tmp/ycsb-rocksdb/scripts/ioszdist.sh: line 84: bc: command not found
/tmp/ycsb-rocksdb/scripts/ioszdist.sh: line 84: bc: command not found
/tmp/ycsb-rocksdb/scripts/ioszdist.sh: line 84: bc: command not found
/tmp/ycsb-rocksdb/scripts/ioszdist.sh: line 84: bc: command not found
/tmp/ycsb-rocksdb/scripts/ioszdist.sh: line 84: bc: command not found
256           W    957110                0.000%            0.000%
8             W    32023                 0.000%            0.000%
248           W    24305                 0.000%            0.000%
152           W    693                   0.000%            0.000%
3             W    560                   0.000%            0.000%
120           W    406                   0.000%            0.000%
32            W    295                   0.000%            0.000%
24            W    285                   0.000%            0.000%
48            W    278                   0.000%            0.000%
192           W    265                   0.000%            0.000%
88            W    258                   0.000%            0.000%
112           W    232                   0.000%            0.000%
216           W    223                   0.000%            0.000%
128           W    205                   0.000%            0.000%
56            W    161                   0.000%            0.000%
184           W    128                   0.000%            0.000%
12            W    115                   0.000%            0.000%
16            W    113                   0.000%            0.000%
14            W    111                   0.000%            0.000%
18            W    103                   0.000%            0.000%
13            W    101                   0.000%            0.000%
15            W    96                    0.000%            0.000%
26            W    92                    0.000%            0.000%
23            W    87                    0.000%            0.000%
21            W    87                    0.000%            0.000%
20            W    87                    0.000%            0.000%
19            W    87                    0.000%            0.000%
11            W    78                    0.000%            0.000%
1             W    76                    0.000%            0.000%
17            W    75                    0.000%            0.000%
10            W    72                    0.000%            0.000%
4             W    71                    0.000%            0.000%
2             W    70                    0.000%            0.000%
25            W    69                    0.000%            0.000%
22            W    68                    0.000%            0.000%
27            W    67                    0.000%            0.000%
6             W    62                    0.000%            0.000%
104           W    60                    0.000%            0.000%
28            W    51                    0.000%            0.000%
96            W    50                    0.000%            0.000%
72            W    45                    0.000%            0.000%
9             W    44                    0.000%            0.000%
80            W    44                    0.000%            0.000%
208           W    43                    0.000%            0.000%
7             W    38                    0.000%            0.000%
40            W    35                    0.000%            0.000%
64            W    29                    0.000%            0.000%
34            W    24                    0.000%            0.000%
144           W    23                    0.000%            0.000%
136           W    23                    0.000%            0.000%
29            W    18                    0.000%            0.000%
168           W    18                    0.000%            0.000%
240           W    17                    0.000%            0.000%
33            W    16                    0.000%            0.000%
224           W    14                    0.000%            0.000%
160           W    12                    0.000%            0.000%
200           W    11                    0.000%            0.000%
176           W    11                    0.000%            0.000%
5             W    9                     0.000%            0.000%
232           W    9                     0.000%            0.000%
35            W    8                     0.000%            0.000%
31            W    6                     0.000%            0.000%
30            W    5                     0.000%            0.000%
8             R    2                     0.000%            0.000%
32            R    2                     0.000%            0.000%
1             R    2                     0.000%            0.000%
39            W    1                     0.000%            0.000%
38            W    1                     0.000%            0.000%


SUMMARY (512-byte sectors)
----------------------------------------------------------------------
/tmp/ycsb-rocksdb/scripts/ioszdist.sh: line 102: bc: command not found
Total read I/Os : 6              [  0.000%]
/tmp/ycsb-rocksdb/scripts/ioszdist.sh: line 106: bc: command not found
Total write I/Os: 1019879        [  0.000%]
/tmp/ycsb-rocksdb/scripts/ioszdist.sh: line 112: bc: command not found
/tmp/ycsb-rocksdb/scripts/ioszdist.sh: line 112: bc: command not found
Total read sectors : 82          [  0.000%,       0.000MB]
/tmp/ycsb-rocksdb/scripts/ioszdist.sh: line 117: bc: command not found
/tmp/ycsb-rocksdb/scripts/ioszdist.sh: line 117: bc: command not found
Total write sectors: 251783123   [  0.000%,       0.000MB]
