[2019-04-08T19:36:30-07:00]
rchar: 624869709
wchar: 330000676
syscr: 67118
syscw: 22845
read_bytes: 833946624
write_bytes: 330354688
cancelled_write_bytes: 0

[2019-04-08T19:36:33-07:00]
rchar: 1452416746
wchar: 946093093
syscr: 167306
syscw: 54256
read_bytes: 1574896640
write_bytes: 947236864
cancelled_write_bytes: 8192

[2019-04-08T19:36:36-07:00]
rchar: 3102322087
wchar: 1739847237
syscr: 367179
syscw: 98579
read_bytes: 2662372352
write_bytes: 1741922304
cancelled_write_bytes: 12288

[2019-04-08T19:36:39-07:00]
rchar: 5520899570
wchar: 2597180463
syscr: 660153
syscw: 134715
read_bytes: 3401598976
write_bytes: 2600329216
cancelled_write_bytes: 28672

[2019-04-08T19:36:42-07:00]
rchar: 7120202769
wchar: 3406340268
syscr: 853803
syscw: 164710
read_bytes: 3935180800
write_bytes: 3410571264
cancelled_write_bytes: 73728

[2019-04-08T19:36:45-07:00]
rchar: 10122607405
wchar: 4314484324
syscr: 1217684
syscw: 215629
read_bytes: 4994865152
write_bytes: 4319764480
cancelled_write_bytes: 106496

[2019-04-08T19:36:48-07:00]
rchar: 13405711978
wchar: 5443608184
syscr: 1615438
syscw: 253667
read_bytes: 5710776320
write_bytes: 5450522624
cancelled_write_bytes: 114688

[2019-04-08T19:36:51-07:00]
rchar: 15556416608
wchar: 6358578322
syscr: 1875969
syscw: 294830
read_bytes: 6438213632
write_bytes: 6366642176
cancelled_write_bytes: 176128

[2019-04-08T19:36:54-07:00]
rchar: 18208357033
wchar: 7153393128
syscr: 2197393
syscw: 340882
read_bytes: 7244732416
write_bytes: 7162327040
cancelled_write_bytes: 184320

[2019-04-08T19:36:57-07:00]
rchar: 21811026409
wchar: 7827797113
syscr: 2634099
syscw: 388697
read_bytes: 8136927232
write_bytes: 7837388800
cancelled_write_bytes: 217088

[2019-04-08T19:37:00-07:00]
rchar: 23334723616
wchar: 8709320314
syscr: 2818763
syscw: 403060
read_bytes: 8347846656
write_bytes: 8720322560
cancelled_write_bytes: 225280

[2019-04-08T19:37:03-07:00]
rchar: 25351267794
wchar: 9541810764
syscr: 3062916
syscw: 439107
read_bytes: 9264015360
write_bytes: 9554755584
cancelled_write_bytes: 225280

[2019-04-08T19:37:06-07:00]
rchar: 26873391216
wchar: 10262766523
syscr: 3247342
syscw: 464198
read_bytes: 9838671872
write_bytes: 10275766272
cancelled_write_bytes: 233472

[2019-04-08T19:37:09-07:00]
rchar: 28882698553
wchar: 11012843816
syscr: 3490918
syscw: 495314
read_bytes: 10484148224
write_bytes: 11026833408
cancelled_write_bytes: 233472

[2019-04-08T19:37:12-07:00]
rchar: 30954870357
wchar: 12200773770
syscr: 3741663
syscw: 510270
read_bytes: 10636621824
write_bytes: 12216684544
cancelled_write_bytes: 258048

[2019-04-08T19:37:15-07:00]
rchar: 32994696856
wchar: 12977986271
syscr: 3988748
syscw: 551165
read_bytes: 11300009984
write_bytes: 12994826240
cancelled_write_bytes: 319488

[2019-04-08T19:37:18-07:00]
rchar: 35768453556
wchar: 13701500265
syscr: 4324961
syscw: 596629
read_bytes: 12066670592
write_bytes: 13719126016
cancelled_write_bytes: 331776

[2019-04-08T19:37:21-07:00]
rchar: 39236293954
wchar: 14408910125
syscr: 4745324
syscw: 643524
read_bytes: 12785633280
write_bytes: 14427291648
cancelled_write_bytes: 344064

[2019-04-08T19:37:24-07:00]
rchar: 42009951372
wchar: 15536845446
syscr: 5081530
syscw: 669683
read_bytes: 13151123456
write_bytes: 15557799936
cancelled_write_bytes: 356352

[2019-04-08T19:37:27-07:00]
rchar: 43343289562
wchar: 16398774764
syscr: 5242821
syscw: 683790
read_bytes: 13448349696
write_bytes: 16420802560
cancelled_write_bytes: 356352

[2019-04-08T19:37:30-07:00]
rchar: 45315456011
wchar: 17324505606
syscr: 5481884
syscw: 716824
read_bytes: 14203729920
write_bytes: 17347743744
cancelled_write_bytes: 356352

[2019-04-08T19:37:33-07:00]
rchar: 47660382952
wchar: 18492231901
syscr: 5766040
syscw: 749400
read_bytes: 14784563200
write_bytes: 18517098496
cancelled_write_bytes: 364544

[2019-04-08T19:37:36-07:00]
rchar: 50382859433
wchar: 19553200531
syscr: 6095999
syscw: 790008
read_bytes: 15575971840
write_bytes: 19579449344
cancelled_write_bytes: 372736

[2019-04-08T19:37:39-07:00]
rchar: 53236027063
wchar: 21033119080
syscr: 6441731
syscw: 816344
read_bytes: 16224978944
write_bytes: 21061492736
cancelled_write_bytes: 434176

[2019-04-08T19:37:42-07:00]
rchar: 54963149148
wchar: 22281783376
syscr: 6650621
syscw: 830000
read_bytes: 16620169216
write_bytes: 22312112128
cancelled_write_bytes: 434176

[2019-04-08T19:37:45-07:00]
rchar: 56777428837
wchar: 23398235326
syscr: 6870427
syscw: 858022
read_bytes: 17427400704
write_bytes: 23430119424
cancelled_write_bytes: 442368

[2019-04-08T19:37:48-07:00]
rchar: 58958401999
wchar: 24494075721
syscr: 7134752
syscw: 889237
read_bytes: 18270513152
write_bytes: 24527450112
cancelled_write_bytes: 442368

[2019-04-08T19:37:51-07:00]
rchar: 60876102615
wchar: 26139385201
syscr: 7367049
syscw: 901990
read_bytes: 18523985920
write_bytes: 26175225856
cancelled_write_bytes: 450560

[2019-04-08T19:37:54-07:00]
rchar: 62797821021
wchar: 27523596912
syscr: 7599902
syscw: 915286
read_bytes: 18801285120
write_bytes: 27561455616
cancelled_write_bytes: 450560

[2019-04-08T19:37:57-07:00]
rchar: 65390755813
wchar: 28814513381
syscr: 7914131
syscw: 945911
read_bytes: 19394832384
write_bytes: 28854185984
cancelled_write_bytes: 450560

[2019-04-08T19:38:00-07:00]
rchar: 68642482134
wchar: 29879973246
syscr: 8308210
syscw: 986008
read_bytes: 20060194816
write_bytes: 29921075200
cancelled_write_bytes: 458752

[2019-04-08T19:38:03-07:00]
rchar: 71668063226
wchar: 31166218692
syscr: 8674803
syscw: 1016996
read_bytes: 20482631680
write_bytes: 31209177088
cancelled_write_bytes: 466944

[2019-04-08T19:38:06-07:00]
rchar: 73931566294
wchar: 32678491533
syscr: 8948789
syscw: 1036231
read_bytes: 20865644544
write_bytes: 32723734528
cancelled_write_bytes: 466944

[2019-04-08T19:38:09-07:00]
rchar: 75874395324
wchar: 34015977391
syscr: 9184239
syscw: 1068084
read_bytes: 21463504896
write_bytes: 34063073280
cancelled_write_bytes: 466944

[2019-04-08T19:38:12-07:00]
rchar: 78699025935
wchar: 35184924735
syscr: 9526514
syscw: 1112698
read_bytes: 22280222720
write_bytes: 35233497088
cancelled_write_bytes: 475136

[2019-04-08T19:38:15-07:00]
rchar: 82191395121
wchar: 36046030727
syscr: 9949817
syscw: 1158800
read_bytes: 22918576128
write_bytes: 36095614976
cancelled_write_bytes: 520192

[2019-04-08T19:38:18-07:00]
rchar: 86770539323
wchar: 37415593872
syscr: 10504860
syscw: 1206164
read_bytes: 23302273024
write_bytes: 37467004928
cancelled_write_bytes: 536576

[2019-04-08T19:38:21-07:00]
rchar: 88710880250
wchar: 39079844663
syscr: 10739971
syscw: 1210914
read_bytes: 23325009920
write_bytes: 39133884416
cancelled_write_bytes: 557056

[2019-04-08T19:38:24-07:00]
rchar: 90342167207
wchar: 40375873294
syscr: 10937286
syscw: 1218574
read_bytes: 23371783168
write_bytes: 40431894528
cancelled_write_bytes: 557056

[2019-04-08T19:38:27-07:00]
rchar: 92602013409
wchar: 41228340093
syscr: 11211138
syscw: 1258726
read_bytes: 23787314176
write_bytes: 41285451776
cancelled_write_bytes: 634880

[2019-04-08T19:38:30-07:00]
rchar: 96918875768
wchar: 42016770010
syscr: 11734443
syscw: 1316374
read_bytes: 24477010944
write_bytes: 42074644480
cancelled_write_bytes: 659456

[2019-04-08T19:38:33-07:00]
rchar: 99181707188
wchar: 43112648896
syscr: 12008594
syscw: 1337243
read_bytes: 24679676928
write_bytes: 43172147200
cancelled_write_bytes: 667648

[2019-04-08T19:38:36-07:00]
rchar: 100964817509
wchar: 44304587374
syscr: 12224283
syscw: 1346983
read_bytes: 24801586176
write_bytes: 44365996032
cancelled_write_bytes: 667648

[2019-04-08T19:38:39-07:00]
rchar: 102991724368
wchar: 45331277813
syscr: 12469942
syscw: 1387186
read_bytes: 25510009856
write_bytes: 45394014208
cancelled_write_bytes: 667648

[2019-04-08T19:38:42-07:00]
rchar: 105650966676
wchar: 46291741334
syscr: 12792204
syscw: 1428862
read_bytes: 26241391616
write_bytes: 46355660800
cancelled_write_bytes: 675840

[2019-04-08T19:38:45-07:00]
rchar: 109024786053
wchar: 47064187712
syscr: 13201160
syscw: 1479006
read_bytes: 26859117568
write_bytes: 47128944640
cancelled_write_bytes: 684032

[2019-04-08T19:38:48-07:00]
rchar: 113033711277
wchar: 47959761670
syscr: 13687122
syscw: 1524955
read_bytes: 27308051456
write_bytes: 48025632768
cancelled_write_bytes: 720896

[2019-04-08T19:38:51-07:00]
rchar: 115173607118
wchar: 49595888196
syscr: 13946437
syscw: 1533767
read_bytes: 27359161344
write_bytes: 49664315392
cancelled_write_bytes: 737280

[2019-04-08T19:38:54-07:00]
rchar: 116540250904
wchar: 50707588755
syscr: 14111691
syscw: 1539119
read_bytes: 27421453312
write_bytes: 50777731072
cancelled_write_bytes: 737280

[2019-04-08T19:38:57-07:00]
rchar: 118199590637
wchar: 51816518975
syscr: 14312726
syscw: 1556516
read_bytes: 27620518912
write_bytes: 51889319936
cancelled_write_bytes: 737280

[2019-04-08T19:39:00-07:00]
rchar: 120712725064
wchar: 52844606621
syscr: 14616007
syscw: 1594317
read_bytes: 28020354048
write_bytes: 52917780480
cancelled_write_bytes: 745472

[2019-04-08T19:39:03-07:00]
rchar: 123100380265
wchar: 53935919635
syscr: 14905175
syscw: 1617617
read_bytes: 28235140096
write_bytes: 54010744832
cancelled_write_bytes: 806912

[2019-04-08T19:39:06-07:00]
rchar: 126157035416
wchar: 54924164883
syscr: 15275468
syscw: 1655826
read_bytes: 28615568384
write_bytes: 55000317952
cancelled_write_bytes: 806912

[2019-04-08T19:39:09-07:00]
rchar: 127726600683
wchar: 56243162485
syscr: 15465554
syscw: 1662922
read_bytes: 28663815168
write_bytes: 56321343488
cancelled_write_bytes: 843776

[2019-04-08T19:39:12-07:00]
rchar: 129987323742
wchar: 57346978611
syscr: 15739539
syscw: 1685510
read_bytes: 28934802432
write_bytes: 57426763776
cancelled_write_bytes: 843776

[2019-04-08T19:39:15-07:00]
rchar: 133217405502
wchar: 58233604083
syscr: 16131040
syscw: 1728493
read_bytes: 29358607360
write_bytes: 58314498048
cancelled_write_bytes: 851968

[2019-04-08T19:39:18-07:00]
rchar: 136137864835
wchar: 59423942710
syscr: 16484881
syscw: 1755300
read_bytes: 29541489664
write_bytes: 59506614272
cancelled_write_bytes: 954368

[2019-04-08T19:39:21-07:00]
rchar: 137396227599
wchar: 60380330012
syscr: 16637128
syscw: 1761966
read_bytes: 29663460352
write_bytes: 60464451584
cancelled_write_bytes: 983040

[2019-04-08T19:39:24-07:00]
rchar: 139585652071
wchar: 61381224469
syscr: 16902473
syscw: 1792716
read_bytes: 30453328896
write_bytes: 61466652672
cancelled_write_bytes: 983040

[2019-04-08T19:39:27-07:00]
rchar: 141130412685
wchar: 62258577412
syscr: 17089738
syscw: 1815446
read_bytes: 31009532928
write_bytes: 62345195520
cancelled_write_bytes: 983040

[2019-04-08T19:39:30-07:00]
rchar: 142701119316
wchar: 63589253054
syscr: 17279987
syscw: 1820956
read_bytes: 31110949888
write_bytes: 63677874176
cancelled_write_bytes: 991232

[2019-04-08T19:39:33-07:00]
rchar: 144097165599
wchar: 64769957671
syscr: 17449089
syscw: 1825941
read_bytes: 31177292800
write_bytes: 64860409856
cancelled_write_bytes: 991232

[2019-04-08T19:39:36-07:00]
rchar: 145508510125
wchar: 65861129412
syscr: 17620039
syscw: 1833795
read_bytes: 31306537984
write_bytes: 65953304576
cancelled_write_bytes: 1003520

[2019-04-08T19:39:39-07:00]
rchar: 147706749659
wchar: 66860991314
syscr: 17886438
syscw: 1858626
read_bytes: 31709096960
write_bytes: 66954608640
cancelled_write_bytes: 1019904

[2019-04-08T19:39:42-07:00]
rchar: 150134889862
wchar: 67911004368
syscr: 18180535
syscw: 1887123
read_bytes: 31922211840
write_bytes: 68006232064
cancelled_write_bytes: 1122304

[2019-04-08T19:39:45-07:00]
rchar: 152107158054
wchar: 68852082455
syscr: 18419434
syscw: 1917811
read_bytes: 32167877632
write_bytes: 68948602880
cancelled_write_bytes: 1159168

[2019-04-08T19:39:48-07:00]
rchar: 155501465191
wchar: 69988868528
syscr: 18830756
syscw: 1964256
read_bytes: 32547662848
write_bytes: 70086848512
cancelled_write_bytes: 1220608

[2019-04-08T19:39:51-07:00]
rchar: 160115038672
wchar: 71012472772
syscr: 19390010
syscw: 2020840
read_bytes: 33022065664
write_bytes: 71111634944
cancelled_write_bytes: 1245184

[2019-04-08T19:39:54-07:00]
rchar: 162280466162
wchar: 72173183693
syscr: 19652155
syscw: 2036523
read_bytes: 33115626496
write_bytes: 72274198528
cancelled_write_bytes: 1245184

[2019-04-08T19:39:57-07:00]
rchar: 164457767303
wchar: 73097738131
syscr: 19915926
syscw: 2069952
read_bytes: 33354083328
write_bytes: 73200025600
cancelled_write_bytes: 1310720

[2019-04-08T19:40:00-07:00]
rchar: 167117831377
wchar: 73992796495
syscr: 20238324
syscw: 2108836
read_bytes: 33657424896
write_bytes: 74096238592
cancelled_write_bytes: 1347584

[2019-04-08T19:40:03-07:00]
rchar: 170093024352
wchar: 74902280231
syscr: 20598915
syscw: 2148162
read_bytes: 33911467008
write_bytes: 75006906368
cancelled_write_bytes: 1384448

[2019-04-08T19:40:06-07:00]
rchar: 172778694136
wchar: 76146645679
syscr: 20924115
syscw: 2169508
read_bytes: 34042010624
write_bytes: 76253233152
cancelled_write_bytes: 1384448

[2019-04-08T19:40:09-07:00]
rchar: 175229370848
wchar: 77117887154
syscr: 21221022
syscw: 2206675
read_bytes: 34293689344
write_bytes: 77226131456
cancelled_write_bytes: 1458176

[2019-04-08T19:40:12-07:00]
rchar: 177520505128
wchar: 78380376921
syscr: 21498691
syscw: 2234281
read_bytes: 34462546944
write_bytes: 78490095616
cancelled_write_bytes: 1474560

[2019-04-08T19:40:15-07:00]
rchar: 178688983641
wchar: 79341292099
syscr: 21640218
syscw: 2238825
read_bytes: 34480176128
write_bytes: 79453458432
cancelled_write_bytes: 1474560

[2019-04-08T19:40:18-07:00]
rchar: 180267153057
wchar: 80472270618
syscr: 21831413
syscw: 2249317
read_bytes: 34526518272
write_bytes: 80585216000
cancelled_write_bytes: 1474560

[2019-04-08T19:40:21-07:00]
rchar: 183346017232
wchar: 81204375571
syscr: 22204591
syscw: 2286870
read_bytes: 34856164352
write_bytes: 81318182912
cancelled_write_bytes: 1544192

[2019-04-08T19:40:24-07:00]
rchar: 186331549898
wchar: 82157958214
syscr: 22566303
syscw: 2314743
read_bytes: 35123731456
write_bytes: 82273910784
cancelled_write_bytes: 1544192

[2019-04-08T19:40:27-07:00]
rchar: 187700805387
wchar: 83240160040
syscr: 22732067
syscw: 2322405
read_bytes: 35245624320
write_bytes: 83357011968
cancelled_write_bytes: 1556480

[2019-04-08T19:40:30-07:00]
rchar: 189704719746
wchar: 84267877504
syscr: 22974985
syscw: 2348207
read_bytes: 35824282624
write_bytes: 84387332096
cancelled_write_bytes: 1556480

[2019-04-08T19:40:33-07:00]
rchar: 191551091375
wchar: 85125388882
syscr: 23198740
syscw: 2375211
read_bytes: 36403522560
write_bytes: 85244727296
cancelled_write_bytes: 1556480

[2019-04-08T19:40:36-07:00]
rchar: 193178193802
wchar: 86536667140
syscr: 23395839
syscw: 2384321
read_bytes: 36553387008
write_bytes: 86658195456
cancelled_write_bytes: 1564672

[2019-04-08T19:40:39-07:00]
rchar: 194657046907
wchar: 87575074704
syscr: 23575000
syscw: 2394434
read_bytes: 36706495488
write_bytes: 87698214912
cancelled_write_bytes: 1564672

[2019-04-08T19:40:42-07:00]
rchar: 197120626823
wchar: 88487727929
syscr: 23873595
syscw: 2426736
read_bytes: 37398002688
write_bytes: 88612061184
cancelled_write_bytes: 1585152

[2019-04-08T19:40:45-07:00]
rchar: 199364810561
wchar: 89366199838
syscr: 24145531
syscw: 2455620
read_bytes: 37853199360
write_bytes: 89492729856
cancelled_write_bytes: 1593344

[2019-04-08T19:40:48-07:00]
rchar: 202380853376
wchar: 90420704455
syscr: 24511083
syscw: 2489236
read_bytes: 38306212864
write_bytes: 90548334592
cancelled_write_bytes: 1601536

[2019-04-08T19:40:51-07:00]
rchar: 203953652964
wchar: 91409226799
syscr: 24701327
syscw: 2498225
read_bytes: 38429559808
write_bytes: 91537846272
cancelled_write_bytes: 1601536

[2019-04-08T19:40:54-07:00]
rchar: 205882267097
wchar: 92225553447
syscr: 24935045
syscw: 2534189
read_bytes: 39079599104
write_bytes: 92355178496
cancelled_write_bytes: 1601536

[2019-04-08T19:40:57-07:00]
rchar: 207598141550
wchar: 92985863316
syscr: 25142981
syscw: 2564628
read_bytes: 39617268736
write_bytes: 93116481536
cancelled_write_bytes: 1609728

[2019-04-08T19:41:00-07:00]
rchar: 209392977181
wchar: 93771940090
syscr: 25360522
syscw: 2594898
read_bytes: 40178867200
write_bytes: 93903613952
cancelled_write_bytes: 1609728

[2019-04-08T19:41:03-07:00]
rchar: 212477723914
wchar: 94538928005
syscr: 25734409
syscw: 2635277
read_bytes: 40958987264
write_bytes: 94671450112
cancelled_write_bytes: 1617920

[2019-04-08T19:41:06-07:00]
rchar: 216565044543
wchar: 95296161151
syscr: 26229872
syscw: 2682714
read_bytes: 41665797120
write_bytes: 95429509120
cancelled_write_bytes: 1626112

[2019-04-08T19:41:09-07:00]
rchar: 218694303091
wchar: 96472265049
syscr: 26487947
syscw: 2701308
read_bytes: 41875000320
write_bytes: 96607502336
cancelled_write_bytes: 1634304

[2019-04-08T19:41:12-07:00]
rchar: 220619035195
wchar: 97303246763
syscr: 26720920
syscw: 2727316
read_bytes: 42281470976
write_bytes: 97439617024
cancelled_write_bytes: 1634304

[2019-04-08T19:41:15-07:00]
rchar: 221725571056
wchar: 98086187066
syscr: 26854954
syscw: 2742502
read_bytes: 42512051200
write_bytes: 98223751168
cancelled_write_bytes: 1638400

[2019-04-08T19:41:18-07:00]
rchar: 224563511082
wchar: 99136302831
syscr: 27198907
syscw: 2779302
read_bytes: 43105610752
write_bytes: 99275276288
cancelled_write_bytes: 1650688

[2019-04-08T19:41:21-07:00]
rchar: 226291916017
wchar: 99942034760
syscr: 27408409
syscw: 2803848
read_bytes: 43454307328
write_bytes: 100082151424
cancelled_write_bytes: 1650688

[2019-04-08T19:41:24-07:00]
rchar: 229507911606
wchar: 100748509588
syscr: 27798187
syscw: 2842023
read_bytes: 44005506048
write_bytes: 100889718784
cancelled_write_bytes: 1658880

[2019-04-08T19:41:27-07:00]
rchar: 230723499328
wchar: 101641850269
syscr: 27945255
syscw: 2850078
read_bytes: 44069972992
write_bytes: 101784510464
cancelled_write_bytes: 1662976

[2019-04-08T19:41:30-07:00]
rchar: 232495680283
wchar: 102664601435
syscr: 28159774
syscw: 2864312
read_bytes: 44386982912
write_bytes: 102808829952
cancelled_write_bytes: 1667072

[2019-04-08T19:41:33-07:00]
rchar: 234648841086
wchar: 103525096716
syscr: 28420733
syscw: 2895940
read_bytes: 45143333888
write_bytes: 103670439936
cancelled_write_bytes: 1667072

[2019-04-08T19:41:36-07:00]
rchar: 237026808146
wchar: 104362113123
syscr: 28708953
syscw: 2928448
read_bytes: 45782260736
write_bytes: 104508526592
cancelled_write_bytes: 1675264

[2019-04-08T19:41:39-07:00]
rchar: 239462804724
wchar: 105322533138
syscr: 29004179
syscw: 2959041
read_bytes: 46331100160
write_bytes: 105470271488
cancelled_write_bytes: 1683456

[2019-04-08T19:41:42-07:00]
rchar: 241972083878
wchar: 106345131159
syscr: 29308340
syscw: 2984395
read_bytes: 46826167296
write_bytes: 106494283776
cancelled_write_bytes: 1683456

[2019-04-08T19:41:45-07:00]
rchar: 244125391680
wchar: 107253745493
syscr: 29569289
syscw: 3006556
read_bytes: 47244024832
write_bytes: 107404197888
cancelled_write_bytes: 1683456

[2019-04-08T19:41:48-07:00]
rchar: 245894612056
wchar: 108492737833
syscr: 29783676
syscw: 3019279
read_bytes: 47428287488
write_bytes: 108645163008
cancelled_write_bytes: 1691648

[2019-04-08T19:41:51-07:00]
rchar: 246979238433
wchar: 109201121792
syscr: 29914796
syscw: 3029706
read_bytes: 47583403008
write_bytes: 109355515904
cancelled_write_bytes: 1691648

[2019-04-08T19:41:54-07:00]
rchar: 248791798248
wchar: 110151013785
syscr: 30134437
syscw: 3055809
read_bytes: 47983340544
write_bytes: 110305824768
cancelled_write_bytes: 1691648

[2019-04-08T19:41:57-07:00]
rchar: 250287835917
wchar: 111035499549
syscr: 30315749
syscw: 3081616
read_bytes: 48342244352
write_bytes: 111191568384
cancelled_write_bytes: 1691648

[2019-04-08T19:42:00-07:00]
rchar: 253024854466
wchar: 111871308987
syscr: 30647460
syscw: 3121357
read_bytes: 48919747584
write_bytes: 112028401664
cancelled_write_bytes: 1699840

[2019-04-08T19:42:03-07:00]
rchar: 256540715472
wchar: 112590994678
syscr: 31073665
syscw: 3158969
read_bytes: 49318214656
write_bytes: 112748933120
cancelled_write_bytes: 1728512

[2019-04-08T19:42:06-07:00]
rchar: 257596126613
wchar: 113425117623
syscr: 31201264
syscw: 3165909
read_bytes: 49370479616
write_bytes: 113584435200
cancelled_write_bytes: 1736704

[2019-04-08T19:42:09-07:00]
rchar: 259333742883
wchar: 114376545884
syscr: 31411601
syscw: 3182167
read_bytes: 49715641344
write_bytes: 114537312256
cancelled_write_bytes: 1736704

[2019-04-08T19:42:12-07:00]
rchar: 261416726510
wchar: 115203024385
syscr: 31664090
syscw: 3214061
read_bytes: 50419436544
write_bytes: 115365617664
cancelled_write_bytes: 1736704

[2019-04-08T19:42:15-07:00]
rchar: 262662862106
wchar: 116206280980
syscr: 31815067
syscw: 3225200
read_bytes: 50614840320
write_bytes: 116369596416
cancelled_write_bytes: 1744896

[2019-04-08T19:42:18-07:00]
rchar: 263753389265
wchar: 117129938730
syscr: 31947129
syscw: 3228693
read_bytes: 50678815744
write_bytes: 117294686208
cancelled_write_bytes: 1744896

[2019-04-08T19:42:21-07:00]
rchar: 265478955220
wchar: 118219059784
syscr: 32156231
syscw: 3242844
read_bytes: 50995723264
write_bytes: 118386069504
cancelled_write_bytes: 1744896

[2019-04-08T19:42:24-07:00]
rchar: 267393753156
wchar: 119116231945
syscr: 32388264
syscw: 3265632
read_bytes: 51470683136
write_bytes: 119283879936
cancelled_write_bytes: 1744896

[2019-04-08T19:42:27-07:00]
rchar: 268953284276
wchar: 119906472225
syscr: 32577277
syscw: 3286167
read_bytes: 51788479488
write_bytes: 120075997184
cancelled_write_bytes: 1744896

[2019-04-08T19:42:30-07:00]
rchar: 272101902974
wchar: 120786326815
syscr: 32958876
syscw: 3323169
read_bytes: 52398316544
write_bytes: 120956264448
cancelled_write_bytes: 1753088

[2019-04-08T19:42:33-07:00]
rchar: 274302362824
wchar: 121845550422
syscr: 33225447
syscw: 3344289
read_bytes: 52622924800
write_bytes: 122017067008
cancelled_write_bytes: 1826816

[2019-04-08T19:42:36-07:00]
rchar: 275290468504
wchar: 122604781997
syscr: 33344894
syscw: 3347807
read_bytes: 52702071808
write_bytes: 122777522176
cancelled_write_bytes: 1826816

[2019-04-08T19:42:39-07:00]
rchar: 277219406490
wchar: 123571754126
syscr: 33578630
syscw: 3376851
read_bytes: 53222657024
write_bytes: 123746488320
cancelled_write_bytes: 1826816

[2019-04-08T19:42:42-07:00]
rchar: 278434517629
wchar: 124257583617
syscr: 33725834
syscw: 3401278
read_bytes: 53627649024
write_bytes: 124432846848
cancelled_write_bytes: 1835008

[2019-04-08T19:42:46-07:00]
rchar: 280978885703
wchar: 125063245864
syscr: 34034273
syscw: 3442087
read_bytes: 54320798720
write_bytes: 125239160832
cancelled_write_bytes: 1835008

[2019-04-08T19:42:49-07:00]
rchar: 284111017588
wchar: 125947486462
syscr: 34413903
syscw: 3481802
read_bytes: 54939810816
write_bytes: 126124515328
cancelled_write_bytes: 1843200

[2019-04-08T19:42:52-07:00]
rchar: 287866158798
wchar: 126528788814
syscr: 34869109
syscw: 3523245
read_bytes: 55320808448
write_bytes: 126706405376
cancelled_write_bytes: 1859584

[2019-04-08T19:42:55-07:00]
rchar: 289940515440
wchar: 128016758578
syscr: 35120529
syscw: 3535540
read_bytes: 55389166592
write_bytes: 128196739072
cancelled_write_bytes: 1871872

[2019-04-08T19:42:58-07:00]
rchar: 290691477631
wchar: 128705048536
syscr: 35211181
syscw: 3536682
read_bytes: 55391853568
write_bytes: 128886108160
cancelled_write_bytes: 1871872

[2019-04-08T19:43:01-07:00]
rchar: 291745972893
wchar: 129637599604
syscr: 35338856
syscw: 3539492
read_bytes: 55401151488
write_bytes: 129820340224
cancelled_write_bytes: 1871872

[2019-04-08T19:43:04-07:00]
rchar: 293803022383
wchar: 130507194566
syscr: 35588169
syscw: 3566289
read_bytes: 55612075008
write_bytes: 130690895872
cancelled_write_bytes: 1871872

[2019-04-08T19:43:07-07:00]
rchar: 296569358996
wchar: 131094445930
syscr: 35923502
syscw: 3607874
read_bytes: 56046447616
write_bytes: 131278753792
cancelled_write_bytes: 1921024

[2019-04-08T19:43:10-07:00]
rchar: 299274918200
wchar: 132025011097
syscr: 36251333
syscw: 3635663
read_bytes: 56314969088
write_bytes: 132210663424
cancelled_write_bytes: 1929216

[2019-04-08T19:43:13-07:00]
rchar: 301102635652
wchar: 132940656290
syscr: 36472473
syscw: 3653463
read_bytes: 56409349120
write_bytes: 133127766016
cancelled_write_bytes: 1933312

[2019-04-08T19:43:16-07:00]
rchar: 303253187600
wchar: 133828101901
syscr: 36733087
syscw: 3694137
read_bytes: 56666643456
write_bytes: 134016401408
cancelled_write_bytes: 1945600

[2019-04-08T19:43:19-07:00]
rchar: 305526530195
wchar: 134576436387
syscr: 37008634
syscw: 3728353
read_bytes: 56912325632
write_bytes: 134765719552
cancelled_write_bytes: 1970176

[2019-04-08T19:43:22-07:00]
rchar: 308190976161
wchar: 135515245803
syscr: 37331543
syscw: 3763468
read_bytes: 57154198528
write_bytes: 135705796608
cancelled_write_bytes: 2011136

[2019-04-08T19:43:25-07:00]
rchar: 310934693141
wchar: 136524305174
syscr: 37664089
syscw: 3792489
read_bytes: 57374448640
write_bytes: 136716255232
cancelled_write_bytes: 2011136

[2019-04-08T19:43:28-07:00]
rchar: 312658723870
wchar: 137427479477
syscr: 37873015
syscw: 3808021
read_bytes: 57515883520
write_bytes: 137620791296
cancelled_write_bytes: 2048000

[2019-04-08T19:43:31-07:00]
rchar: 313702347583
wchar: 138239784168
syscr: 37999150
syscw: 3811712
read_bytes: 57602001920
write_bytes: 138434461696
cancelled_write_bytes: 2048000

[2019-04-08T19:43:34-07:00]
rchar: 315098515670
wchar: 139100767596
syscr: 38168242
syscw: 3825413
read_bytes: 57971796992
write_bytes: 139296677888
cancelled_write_bytes: 2048000

[2019-04-08T19:43:37-07:00]
rchar: 316577564974
wchar: 139955942385
syscr: 38347469
syscw: 3848414
read_bytes: 58618653696
write_bytes: 140153012224
cancelled_write_bytes: 2048000

[2019-04-08T19:43:40-07:00]
rchar: 317604005487
wchar: 140672101094
syscr: 38471897
syscw: 3863689
read_bytes: 59045309440
write_bytes: 140870160384
cancelled_write_bytes: 2048000

[2019-04-08T19:43:43-07:00]
rchar: 319206546701
wchar: 141487844335
syscr: 38666024
syscw: 3885432
read_bytes: 59616103424
write_bytes: 141687029760
cancelled_write_bytes: 2056192

[2019-04-08T19:43:46-07:00]
rchar: 320861816363
wchar: 142314190820
syscr: 38866642
syscw: 3907286
read_bytes: 60168944640
write_bytes: 142514483200
cancelled_write_bytes: 2056192

[2019-04-08T19:43:49-07:00]
rchar: 322249555631
wchar: 143055061246
syscr: 39034853
syscw: 3929746
read_bytes: 60647828480
write_bytes: 143256399872
cancelled_write_bytes: 2056192

[2019-04-08T19:43:52-07:00]
rchar: 323575046849
wchar: 143993455228
syscr: 39195417
syscw: 3939912
read_bytes: 60827298816
write_bytes: 144196177920
cancelled_write_bytes: 2064384

[2019-04-08T19:43:55-07:00]
rchar: 324799101125
wchar: 145010809027
syscr: 39343704
syscw: 3944298
read_bytes: 60904258560
write_bytes: 145215098880
cancelled_write_bytes: 2064384

[2019-04-08T19:43:58-07:00]
rchar: 326145752660
wchar: 145914111073
syscr: 39506869
syscw: 3954517
read_bytes: 61054618624
write_bytes: 146119749632
cancelled_write_bytes: 2064384

[2019-04-08T19:44:01-07:00]
rchar: 328315058942
wchar: 146797535845
syscr: 39769772
syscw: 3983241
read_bytes: 61598358528
write_bytes: 147004358656
cancelled_write_bytes: 2064384

[2019-04-08T19:44:04-07:00]
rchar: 330427745412
wchar: 147750482124
syscr: 40025734
syscw: 4007944
read_bytes: 62004661248
write_bytes: 147958673408
cancelled_write_bytes: 2072576

[2019-04-08T19:44:07-07:00]
rchar: 333461985086
wchar: 148705559892
syscr: 40393543
syscw: 4045504
read_bytes: 62564699136
write_bytes: 148915015680
cancelled_write_bytes: 2072576

[2019-04-08T19:44:10-07:00]
rchar: 335077601897
wchar: 149893576322
syscr: 40589101
syscw: 4056292
read_bytes: 62720969728
write_bytes: 150104940544
cancelled_write_bytes: 2080768

[2019-04-08T19:44:13-07:00]
rchar: 336959582572
wchar: 150930277323
syscr: 40816982
syscw: 4081155
read_bytes: 63274859520
write_bytes: 151144022016
cancelled_write_bytes: 2080768

[2019-04-08T19:44:16-07:00]
rchar: 338480168945
wchar: 151835654893
syscr: 41001200
syscw: 4110243
read_bytes: 63886945280
write_bytes: 152049737728
cancelled_write_bytes: 2088960

[2019-04-08T19:44:19-07:00]
rchar: 341143748689
wchar: 152790371655
syscr: 41324056
syscw: 4152970
read_bytes: 64658217984
write_bytes: 153005613056
cancelled_write_bytes: 2109440

[2019-04-08T19:44:22-07:00]
rchar: 343947850651
wchar: 153738774506
syscr: 41663905
syscw: 4195353
read_bytes: 65330056192
write_bytes: 153956040704
cancelled_write_bytes: 2117632

[2019-04-08T19:44:25-07:00]
rchar: 347348743754
wchar: 154569555172
syscr: 42076120
syscw: 4238336
read_bytes: 65922509824
write_bytes: 154787033088
cancelled_write_bytes: 2129920

[2019-04-08T19:44:28-07:00]
rchar: 350367148799
wchar: 156064254860
syscr: 42442007
syscw: 4261031
read_bytes: 66125421568
write_bytes: 156283990016
cancelled_write_bytes: 2138112

[2019-04-08T19:44:31-07:00]
rchar: 351298044233
wchar: 156942751003
syscr: 42554739
syscw: 4262002
read_bytes: 66126240768
write_bytes: 157163859968
cancelled_write_bytes: 2138112

[2019-04-08T19:44:34-07:00]
rchar: 352380237398
wchar: 157789247537
syscr: 42685504
syscw: 4268162
read_bytes: 66156530688
write_bytes: 158011842560
cancelled_write_bytes: 2138112

[2019-04-08T19:44:37-07:00]
rchar: 354616112288
wchar: 158765604837
syscr: 42956484
syscw: 4304091
read_bytes: 66435128320
write_bytes: 158989402112
cancelled_write_bytes: 2138112

[2019-04-08T19:44:40-07:00]
rchar: 357654661842
wchar: 159723434217
syscr: 43324801
syscw: 4350663
read_bytes: 66733227008
write_bytes: 159948435456
cancelled_write_bytes: 2191360

[2019-04-08T19:44:43-07:00]
rchar: 358888743239
wchar: 160657146794
syscr: 43473985
syscw: 4361001
read_bytes: 66778459136
write_bytes: 160883712000
cancelled_write_bytes: 2199552

[2019-04-08T19:44:46-07:00]
rchar: 361903442715
wchar: 161557425118
syscr: 43839299
syscw: 4405943
read_bytes: 67076676608
write_bytes: 161785131008
cancelled_write_bytes: 2199552

[2019-04-08T19:44:49-07:00]
rchar: 365219428979
wchar: 162450145108
syscr: 44241202
syscw: 4454928
read_bytes: 67323321344
write_bytes: 162678910976
cancelled_write_bytes: 2215936

[2019-04-08T19:44:52-07:00]
rchar: 367006658140
wchar: 163659727827
syscr: 44457713
syscw: 4469689
read_bytes: 67385547776
write_bytes: 163890335744
cancelled_write_bytes: 2228224

[2019-04-08T19:44:55-07:00]
rchar: 369588029809
wchar: 164657112975
syscr: 44770567
syscw: 4490527
read_bytes: 67514342400
write_bytes: 164889178112
cancelled_write_bytes: 2297856

[2019-04-08T19:44:58-07:00]
rchar: 370990601765
wchar: 165695267880
syscr: 44940217
syscw: 4501008
read_bytes: 67555822592
write_bytes: 165929046016
cancelled_write_bytes: 2297856

[2019-04-08T19:45:01-07:00]
rchar: 373463615059
wchar: 166525870009
syscr: 45239833
syscw: 4540965
read_bytes: 67758124032
write_bytes: 166760726528
cancelled_write_bytes: 2387968

[2019-04-08T19:45:04-07:00]
rchar: 375301555690
wchar: 167822350383
syscr: 45462510
syscw: 4557670
read_bytes: 67835616256
write_bytes: 168059129856
cancelled_write_bytes: 2404352

[2019-04-08T19:45:07-07:00]
rchar: 376291197680
wchar: 168592289611
syscr: 45582398
syscw: 4562781
read_bytes: 67855358976
write_bytes: 168830275584
cancelled_write_bytes: 2404352

[2019-04-08T19:45:10-07:00]
rchar: 377721774630
wchar: 169604647690
syscr: 45755687
syscw: 4572075
read_bytes: 67896384512
write_bytes: 169844236288
cancelled_write_bytes: 2408448

[2019-04-08T19:45:13-07:00]
rchar: 380365735783
wchar: 170656803952
syscr: 46076086
syscw: 4604698
read_bytes: 68099173376
write_bytes: 170897866752
cancelled_write_bytes: 2523136

