[2019-03-20T23:06:47-07:00]
rchar: 148535
wchar: 8
syscr: 105
syscw: 8
read_bytes: 11104256
write_bytes: 32768
cancelled_write_bytes: 0

[2019-03-20T23:06:50-07:00]
rchar: 4369234
wchar: 203
syscr: 2340
syscw: 10
read_bytes: 24408064
write_bytes: 36864
cancelled_write_bytes: 0

[2019-03-20T23:06:53-07:00]
rchar: 4369234
wchar: 203
syscr: 2340
syscw: 10
read_bytes: 24408064
write_bytes: 36864
cancelled_write_bytes: 0

[2019-03-20T23:06:56-07:00]
rchar: 4369234
wchar: 203
syscr: 2340
syscw: 10
read_bytes: 24408064
write_bytes: 36864
cancelled_write_bytes: 0

[2019-03-20T23:06:59-07:00]
rchar: 215511486
wchar: 138129509
syscr: 11029
syscw: 1385
read_bytes: 332944896
write_bytes: 138350592
cancelled_write_bytes: 0

[2019-03-20T23:07:02-07:00]
rchar: 539623114
wchar: 360411118
syscr: 47465
syscw: 15532
read_bytes: 723683840
write_bytes: 360894464
cancelled_write_bytes: 0

[2019-03-20T23:07:05-07:00]
rchar: 1003306001
wchar: 667494825
syscr: 103677
syscw: 40143
read_bytes: 1158437376
write_bytes: 668327936
cancelled_write_bytes: 0

[2019-03-20T23:07:08-07:00]
rchar: 1263000688
wchar: 768357116
syscr: 135173
syscw: 66994
read_bytes: 1519565312
write_bytes: 769191936
cancelled_write_bytes: 0

[2019-03-20T23:07:11-07:00]
rchar: 1563169351
wchar: 1127347346
syscr: 171487
syscw: 73684
read_bytes: 1740601856
write_bytes: 1128738816
cancelled_write_bytes: 8192

[2019-03-20T23:07:14-07:00]
rchar: 2047838880
wchar: 1487566457
syscr: 230098
syscw: 81255
read_bytes: 2001275392
write_bytes: 1489526784
cancelled_write_bytes: 8192

[2019-03-20T23:07:17-07:00]
rchar: 2678220067
wchar: 1832952098
syscr: 306419
syscw: 98611
read_bytes: 2420054528
write_bytes: 1835360256
cancelled_write_bytes: 8192

[2019-03-20T23:07:20-07:00]
rchar: 3357922117
wchar: 2173380084
syscr: 388817
syscw: 119780
read_bytes: 2802133504
write_bytes: 2176200704
cancelled_write_bytes: 16384

[2019-03-20T23:07:23-07:00]
rchar: 3737242388
wchar: 2483871420
syscr: 434808
syscw: 133810
read_bytes: 3073489408
write_bytes: 2487132160
cancelled_write_bytes: 16384

[2019-03-20T23:07:26-07:00]
rchar: 4287858492
wchar: 2699909231
syscr: 501471
syscw: 146698
read_bytes: 3308268032
write_bytes: 2703450112
cancelled_write_bytes: 28672

[2019-03-20T23:07:29-07:00]
rchar: 5369998598
wchar: 3039344138
syscr: 632666
syscw: 174340
read_bytes: 3849325056
write_bytes: 3043233792
cancelled_write_bytes: 28672

[2019-03-20T23:07:32-07:00]
rchar: 6169124673
wchar: 3220008972
syscr: 729547
syscw: 197524
read_bytes: 4152035840
write_bytes: 3224051712
cancelled_write_bytes: 36864

[2019-03-20T23:07:35-07:00]
rchar: 6474758553
wchar: 3620191094
syscr: 766534
syscw: 200052
read_bytes: 4176865792
write_bytes: 3624886272
cancelled_write_bytes: 45056

[2019-03-20T23:07:38-07:00]
rchar: 6923471732
wchar: 4006024455
syscr: 820712
syscw: 201677
read_bytes: 4191812096
write_bytes: 4011347968
cancelled_write_bytes: 45056

[2019-03-20T23:07:41-07:00]
rchar: 7474535635
wchar: 4370064252
syscr: 887423
syscw: 208889
read_bytes: 4270705152
write_bytes: 4375977984
cancelled_write_bytes: 98304

[2019-03-20T23:07:44-07:00]
rchar: 8072662723
wchar: 4791763232
syscr: 959923
syscw: 219734
read_bytes: 4389431808
write_bytes: 4798238720
cancelled_write_bytes: 114688

[2019-03-20T23:07:47-07:00]
rchar: 8471658857
wchar: 5048692808
syscr: 1008277
syscw: 228596
read_bytes: 4540705280
write_bytes: 5055500288
cancelled_write_bytes: 114688

[2019-03-20T23:07:51-07:00]
rchar: 9215700784
wchar: 5531992399
syscr: 1098462
syscw: 245181
read_bytes: 4728138240
write_bytes: 5539446784
cancelled_write_bytes: 118784

[2019-03-20T23:07:54-07:00]
rchar: 9742070127
wchar: 5808977549
syscr: 1162261
syscw: 261133
read_bytes: 4964776448
write_bytes: 5816774656
cancelled_write_bytes: 143360

[2019-03-20T23:07:57-07:00]
rchar: 9921645089
wchar: 6040530764
syscr: 1183960
syscw: 267516
read_bytes: 5065501184
write_bytes: 6048698368
cancelled_write_bytes: 167936

[2019-03-20T23:08:00-07:00]
rchar: 10892436966
wchar: 6238169947
syscr: 1301657
syscw: 296012
read_bytes: 5400893952
write_bytes: 6246481920
cancelled_write_bytes: 167936

[2019-03-20T23:08:03-07:00]
rchar: 11831803495
wchar: 6356444257
syscr: 1415559
syscw: 327386
read_bytes: 5735758336
write_bytes: 6364753920
cancelled_write_bytes: 167936

[2019-03-20T23:08:06-07:00]
rchar: 12177312757
wchar: 6792705969
syscr: 1457380
syscw: 329637
read_bytes: 5755279872
write_bytes: 6801801216
cancelled_write_bytes: 180224

[2019-03-20T23:08:09-07:00]
rchar: 12728921087
wchar: 7258827709
syscr: 1524033
syscw: 331566
read_bytes: 5771172352
write_bytes: 7268724736
cancelled_write_bytes: 180224

[2019-03-20T23:08:12-07:00]
rchar: 13010675378
wchar: 7463724703
syscr: 1558091
syscw: 334348
read_bytes: 5802797568
write_bytes: 7473950720
cancelled_write_bytes: 180224

[2019-03-20T23:08:15-07:00]
rchar: 13633305284
wchar: 7720160299
syscr: 1633576
syscw: 356749
read_bytes: 6176029184
write_bytes: 7730663424
cancelled_write_bytes: 180224

[2019-03-20T23:08:18-07:00]
rchar: 14342452492
wchar: 8019658589
syscr: 1719548
syscw: 382558
read_bytes: 6600030720
write_bytes: 8030466048
cancelled_write_bytes: 180224

[2019-03-20T23:08:21-07:00]
rchar: 14593058111
wchar: 8186205579
syscr: 1749941
syscw: 392061
read_bytes: 6750177792
write_bytes: 8197238784
cancelled_write_bytes: 180224

[2019-03-20T23:08:24-07:00]
rchar: 15168535977
wchar: 8457526871
syscr: 1819629
syscw: 407067
read_bytes: 6992423424
write_bytes: 8469856256
cancelled_write_bytes: 192512

[2019-03-20T23:08:27-07:00]
rchar: 16292003241
wchar: 8816439879
syscr: 1955837
syscw: 436141
read_bytes: 7473912320
write_bytes: 8828215296
cancelled_write_bytes: 192512

[2019-03-20T23:08:30-07:00]
rchar: 16987386223
wchar: 9031995218
syscr: 2040143
syscw: 454544
read_bytes: 7769913856
write_bytes: 9043988480
cancelled_write_bytes: 192512

[2019-03-20T23:08:33-07:00]
rchar: 17887102030
wchar: 9419448737
syscr: 2149147
syscw: 472892
read_bytes: 8062265856
write_bytes: 9431986176
cancelled_write_bytes: 204800

[2019-03-20T23:08:36-07:00]
rchar: 19004617648
wchar: 9688636369
syscr: 2284632
syscw: 496176
read_bytes: 8424536576
write_bytes: 9701453824
cancelled_write_bytes: 204800

[2019-03-20T23:08:39-07:00]
rchar: 20070404493
wchar: 9951586868
syscr: 2413840
syscw: 518302
read_bytes: 8756337152
write_bytes: 9964683264
cancelled_write_bytes: 204800

[2019-03-20T23:08:42-07:00]
rchar: 20689253078
wchar: 10230282764
syscr: 2488789
syscw: 529611
read_bytes: 8914741760
write_bytes: 10243801088
cancelled_write_bytes: 212992

[2019-03-20T23:08:45-07:00]
rchar: 22246078542
wchar: 10618530324
syscr: 2677541
syscw: 554477
read_bytes: 9289162240
write_bytes: 10632511488
cancelled_write_bytes: 217088

[2019-03-20T23:08:48-07:00]
rchar: 22850398746
wchar: 11112095667
syscr: 2750640
syscw: 556636
read_bytes: 9304350208
write_bytes: 11126910976
cancelled_write_bytes: 217088

[2019-03-20T23:08:51-07:00]
rchar: 23195447010
wchar: 11390335735
syscr: 2792355
syscw: 557915
read_bytes: 9313754624
write_bytes: 11405635584
cancelled_write_bytes: 217088

[2019-03-20T23:08:54-07:00]
rchar: 23898018146
wchar: 11809729008
syscr: 2877424
syscw: 572300
read_bytes: 9452002816
write_bytes: 11825614848
cancelled_write_bytes: 217088

[2019-03-20T23:08:57-07:00]
rchar: 24224516358
wchar: 11941875596
syscr: 2917002
syscw: 582857
read_bytes: 9616129536
write_bytes: 11957903360
cancelled_write_bytes: 217088

[2019-03-20T23:09:00-07:00]
rchar: 24554171115
wchar: 12197179313
syscr: 2956891
syscw: 591006
read_bytes: 9735962112
write_bytes: 12214157312
cancelled_write_bytes: 225280

[2019-03-20T23:09:03-07:00]
rchar: 25419012740
wchar: 12486642047
syscr: 3061740
syscw: 610757
read_bytes: 10015112704
write_bytes: 12503396352
cancelled_write_bytes: 225280

[2019-03-20T23:09:06-07:00]
rchar: 26383659933
wchar: 12762745915
syscr: 3178696
syscw: 634907
read_bytes: 10360000000
write_bytes: 12779782144
cancelled_write_bytes: 225280

[2019-03-20T23:09:09-07:00]
rchar: 26847403963
wchar: 12904945848
syscr: 3234916
syscw: 646310
read_bytes: 10532597248
write_bytes: 12922134528
cancelled_write_bytes: 225280

[2019-03-20T23:09:12-07:00]
rchar: 27664786220
wchar: 13244900906
syscr: 3333937
syscw: 662402
read_bytes: 10750676480
write_bytes: 13262573568
cancelled_write_bytes: 237568

[2019-03-20T23:09:15-07:00]
rchar: 29141716682
wchar: 13599321076
syscr: 3512996
syscw: 691462
read_bytes: 11169320448
write_bytes: 13617369088
cancelled_write_bytes: 237568

[2019-03-20T23:09:18-07:00]
rchar: 29977980532
wchar: 13829006501
syscr: 3614380
syscw: 707386
read_bytes: 11365711360
write_bytes: 13847322624
cancelled_write_bytes: 241664

[2019-03-20T23:09:21-07:00]
rchar: 30907638764
wchar: 14154223407
syscr: 3727022
syscw: 722979
read_bytes: 11572702720
write_bytes: 14173011968
cancelled_write_bytes: 253952

[2019-03-20T23:09:24-07:00]
rchar: 32559801630
wchar: 14470263196
syscr: 3927322
syscw: 750080
read_bytes: 11945852416
write_bytes: 14489378816
cancelled_write_bytes: 253952

[2019-03-20T23:09:27-07:00]
rchar: 33552090365
wchar: 14922320049
syscr: 4047538
syscw: 761103
read_bytes: 12087127552
write_bytes: 14942113792
cancelled_write_bytes: 253952

[2019-03-20T23:09:30-07:00]
rchar: 33958336451
wchar: 15250047020
syscr: 4096677
syscw: 762557
read_bytes: 12096204288
write_bytes: 15270395904
cancelled_write_bytes: 253952

[2019-03-20T23:09:33-07:00]
rchar: 34422921678
wchar: 15614234979
syscr: 4152829
syscw: 764492
read_bytes: 12109037056
write_bytes: 15635218432
cancelled_write_bytes: 253952

[2019-03-20T23:09:36-07:00]
rchar: 34657463193
wchar: 15868917822
syscr: 4181216
syscw: 769485
read_bytes: 12159262208
write_bytes: 15890329600
cancelled_write_bytes: 253952

[2019-03-20T23:09:39-07:00]
rchar: 35601261303
wchar: 16119473532
syscr: 4295569
syscw: 791589
read_bytes: 12446481920
write_bytes: 16141144064
cancelled_write_bytes: 262144

[2019-03-20T23:09:42-07:00]
rchar: 36579923598
wchar: 16389123097
syscr: 4414226
syscw: 814730
read_bytes: 12752723456
write_bytes: 16411082752
cancelled_write_bytes: 262144

[2019-03-20T23:09:45-07:00]
rchar: 37233099745
wchar: 16563495985
syscr: 4493414
syscw: 830405
read_bytes: 12952882688
write_bytes: 16585629696
cancelled_write_bytes: 262144

[2019-03-20T23:09:48-07:00]
rchar: 37739014630
wchar: 16845711570
syscr: 4554675
syscw: 839995
read_bytes: 13064138240
write_bytes: 16868278272
cancelled_write_bytes: 274432

[2019-03-20T23:09:51-07:00]
rchar: 39000984464
wchar: 17197013681
syscr: 4707664
syscw: 862137
read_bytes: 13282295296
write_bytes: 17220300800
cancelled_write_bytes: 274432

[2019-03-20T23:09:54-07:00]
rchar: 40524000563
wchar: 17546334489
syscr: 4892312
syscw: 891199
read_bytes: 13642763776
write_bytes: 17570529280
cancelled_write_bytes: 278528

[2019-03-20T23:09:57-07:00]
rchar: 40678434034
wchar: 17738761809
syscr: 4911040
syscw: 894344
read_bytes: 13679988224
write_bytes: 17762463744
cancelled_write_bytes: 278528

[2019-03-20T23:10:00-07:00]
rchar: 42374105310
wchar: 18259436879
syscr: 5116541
syscw: 916998
read_bytes: 13948976640
write_bytes: 18283839488
cancelled_write_bytes: 290816

[2019-03-20T23:10:03-07:00]
rchar: 42902989368
wchar: 18663659212
syscr: 5180445
syscw: 919403
read_bytes: 13963406848
write_bytes: 18688745472
cancelled_write_bytes: 290816

[2019-03-20T23:10:06-07:00]
rchar: 43423757141
wchar: 19080410036
syscr: 5243452
syscw: 921309
read_bytes: 13974371840
write_bytes: 19106185216
cancelled_write_bytes: 290816

[2019-03-20T23:10:09-07:00]
rchar: 43977224255
wchar: 19358474411
syscr: 5310428
syscw: 931226
read_bytes: 14088351232
write_bytes: 19384676352
cancelled_write_bytes: 290816

[2019-03-20T23:10:12-07:00]
rchar: 44823715767
wchar: 19673110539
syscr: 5413045
syscw: 956644
read_bytes: 14408945152
write_bytes: 19699642368
cancelled_write_bytes: 290816

[2019-03-20T23:10:15-07:00]
rchar: 44933637313
wchar: 19876861918
syscr: 5426300
syscw: 959397
read_bytes: 14431227392
write_bytes: 19903750144
cancelled_write_bytes: 299008

[2019-03-20T23:10:18-07:00]
rchar: 45885290615
wchar: 20151807999
syscr: 5541671
syscw: 980186
read_bytes: 14660865536
write_bytes: 20178993152
cancelled_write_bytes: 299008

[2019-03-20T23:10:21-07:00]
rchar: 46749769715
wchar: 20529045142
syscr: 5646476
syscw: 995588
read_bytes: 14801047040
write_bytes: 20556738560
cancelled_write_bytes: 303104

[2019-03-20T23:10:24-07:00]
rchar: 47693534006
wchar: 20921733960
syscr: 5760881
syscw: 1013430
read_bytes: 14948879872
write_bytes: 20949925888
cancelled_write_bytes: 307200

[2019-03-20T23:10:27-07:00]
rchar: 48071566654
wchar: 21081885930
syscr: 5806700
syscw: 1020621
read_bytes: 15020244480
write_bytes: 21110284288
cancelled_write_bytes: 307200

[2019-03-20T23:10:30-07:00]
rchar: 48883542695
wchar: 21443534346
syscr: 5905073
syscw: 1035537
read_bytes: 15179517440
write_bytes: 21472460800
cancelled_write_bytes: 319488

[2019-03-20T23:10:33-07:00]
rchar: 50220513159
wchar: 21745257975
syscr: 6067157
syscw: 1060661
read_bytes: 15465074176
write_bytes: 21774512128
cancelled_write_bytes: 323584

[2019-03-20T23:10:36-07:00]
rchar: 51411701998
wchar: 22053644728
syscr: 6211568
syscw: 1082546
read_bytes: 15662214656
write_bytes: 22083260416
cancelled_write_bytes: 327680

[2019-03-20T23:10:39-07:00]
rchar: 51495158368
wchar: 22227125813
syscr: 6221688
syscw: 1084401
read_bytes: 15679708672
write_bytes: 22257037312
cancelled_write_bytes: 327680

[2019-03-20T23:10:42-07:00]
rchar: 52871786196
wchar: 22622831375
syscr: 6388493
syscw: 1103309
read_bytes: 15826877952
write_bytes: 22653243392
cancelled_write_bytes: 335872

[2019-03-20T23:10:45-07:00]
rchar: 53419426539
wchar: 23022563328
syscr: 6454892
syscw: 1106189
read_bytes: 15844367872
write_bytes: 23053611008
cancelled_write_bytes: 335872

[2019-03-20T23:10:48-07:00]
rchar: 54003025212
wchar: 23480194821
syscr: 6525419
syscw: 1108515
read_bytes: 15857081856
write_bytes: 23512014848
cancelled_write_bytes: 335872

[2019-03-20T23:10:51-07:00]
rchar: 54400551512
wchar: 23789297787
syscr: 6573481
syscw: 1110198
read_bytes: 15866744320
write_bytes: 23821647872
cancelled_write_bytes: 335872

[2019-03-20T23:10:54-07:00]
rchar: 54995441213
wchar: 24155092289
syscr: 6645489
syscw: 1119103
read_bytes: 15924719104
write_bytes: 24187985920
cancelled_write_bytes: 339968

[2019-03-20T23:10:57-07:00]
rchar: 55742213214
wchar: 24557218744
syscr: 6736011
syscw: 1134892
read_bytes: 16028851712
write_bytes: 24591052800
cancelled_write_bytes: 339968

[2019-03-20T23:11:00-07:00]
rchar: 56148012437
wchar: 24882780219
syscr: 6785190
syscw: 1138762
read_bytes: 16051596800
write_bytes: 24916680704
cancelled_write_bytes: 339968

[2019-03-20T23:11:03-07:00]
rchar: 56664114948
wchar: 25222196122
syscr: 6847739
syscw: 1147387
read_bytes: 16127974912
write_bytes: 25256566784
cancelled_write_bytes: 344064

[2019-03-20T23:11:06-07:00]
rchar: 56877471165
wchar: 25387326288
syscr: 6873601
syscw: 1149535
read_bytes: 16142282240
write_bytes: 25421946880
cancelled_write_bytes: 344064

[2019-03-20T23:11:09-07:00]
rchar: 57216165483
wchar: 25763035891
syscr: 6914574
syscw: 1154450
read_bytes: 16175943168
write_bytes: 25798275072
cancelled_write_bytes: 356352

[2019-03-20T23:11:12-07:00]
rchar: 58552181368
wchar: 26195458288
syscr: 7076544
syscw: 1183080
read_bytes: 16447421952
write_bytes: 26231185408
cancelled_write_bytes: 364544

[2019-03-20T23:11:15-07:00]
rchar: 59190521544
wchar: 26589469624
syscr: 7153912
syscw: 1191237
read_bytes: 16498712064
write_bytes: 26625744896
cancelled_write_bytes: 364544

[2019-03-20T23:11:18-07:00]
rchar: 60078861274
wchar: 26909114756
syscr: 7261604
syscw: 1210153
read_bytes: 16646508032
write_bytes: 26945777664
cancelled_write_bytes: 372736

[2019-03-20T23:11:21-07:00]
rchar: 60812057930
wchar: 27218116648
syscr: 7350418
syscw: 1224596
read_bytes: 16797707776
write_bytes: 27255250944
cancelled_write_bytes: 385024

[2019-03-20T23:11:24-07:00]
rchar: 62263421257
wchar: 27677308054
syscr: 7526360
syscw: 1248825
read_bytes: 16993525248
write_bytes: 27715006464
cancelled_write_bytes: 385024

[2019-03-20T23:11:27-07:00]
rchar: 62998621393
wchar: 27967458642
syscr: 7615492
syscw: 1260158
read_bytes: 17096023552
write_bytes: 28005531648
cancelled_write_bytes: 385024

[2019-03-20T23:11:30-07:00]
rchar: 63684690657
wchar: 28156546578
syscr: 7698670
syscw: 1274315
read_bytes: 17244700160
write_bytes: 28194840576
cancelled_write_bytes: 385024

[2019-03-20T23:11:33-07:00]
rchar: 64085543270
wchar: 28577449556
syscr: 7747225
syscw: 1276251
read_bytes: 17266585088
write_bytes: 28616396800
cancelled_write_bytes: 393216

[2019-03-20T23:11:36-07:00]
rchar: 64460678539
wchar: 28898044198
syscr: 7792654
syscw: 1277307
read_bytes: 17300934144
write_bytes: 28937486336
cancelled_write_bytes: 393216

[2019-03-20T23:11:39-07:00]
rchar: 64966643608
wchar: 29340834867
syscr: 7853829
syscw: 1278471
read_bytes: 17339788800
write_bytes: 29381005312
cancelled_write_bytes: 393216

[2019-03-20T23:11:42-07:00]
rchar: 65414063223
wchar: 29718255692
syscr: 7907923
syscw: 1279807
read_bytes: 17385434624
write_bytes: 29759025152
cancelled_write_bytes: 393216

[2019-03-20T23:11:45-07:00]
rchar: 65850403372
wchar: 30038464075
syscr: 7960780
syscw: 1284198
read_bytes: 17589083648
write_bytes: 30079700992
cancelled_write_bytes: 393216

[2019-03-20T23:11:48-07:00]
rchar: 66358078828
wchar: 30402429014
syscr: 8022328
syscw: 1290230
read_bytes: 17868541440
write_bytes: 30444158976
cancelled_write_bytes: 393216

[2019-03-20T23:11:51-07:00]
rchar: 66816130173
wchar: 30730323523
syscr: 8077835
syscw: 1295656
read_bytes: 18118417920
write_bytes: 30772527104
cancelled_write_bytes: 393216

[2019-03-20T23:11:54-07:00]
rchar: 67267161721
wchar: 31058071993
syscr: 8132463
syscw: 1300825
read_bytes: 18343460352
write_bytes: 31100764160
cancelled_write_bytes: 393216

[2019-03-20T23:11:57-07:00]
rchar: 67839093645
wchar: 31489033194
syscr: 8201802
syscw: 1306861
read_bytes: 18595593728
write_bytes: 31532298240
cancelled_write_bytes: 393216

[2019-03-20T23:12:00-07:00]
rchar: 68289956761
wchar: 31815345283
syscr: 8256455
syscw: 1312241
read_bytes: 18840436224
write_bytes: 31859064832
cancelled_write_bytes: 393216

[2019-03-20T23:12:03-07:00]
rchar: 68690806418
wchar: 32103632495
syscr: 8305027
syscw: 1317057
read_bytes: 19056668160
write_bytes: 32147759104
cancelled_write_bytes: 393216

[2019-03-20T23:12:06-07:00]
rchar: 69065234134
wchar: 32368582779
syscr: 8350385
syscw: 1321553
read_bytes: 19260308992
write_bytes: 32413106176
cancelled_write_bytes: 393216

[2019-03-20T23:12:09-07:00]
rchar: 69489298826
wchar: 32688392546
syscr: 8401768
syscw: 1326154
read_bytes: 19452935680
write_bytes: 32733356032
cancelled_write_bytes: 393216

[2019-03-20T23:12:12-07:00]
rchar: 69993403744
wchar: 33042946179
syscr: 8462894
syscw: 1332517
read_bytes: 19719601664
write_bytes: 33088360448
cancelled_write_bytes: 393216

[2019-03-20T23:12:15-07:00]
rchar: 70509266216
wchar: 33409121983
syscr: 8525411
syscw: 1338980
read_bytes: 19996216832
write_bytes: 33455300608
cancelled_write_bytes: 393216

[2019-03-20T23:12:18-07:00]
rchar: 70743728368
wchar: 33723961869
syscr: 8553823
syscw: 1342102
read_bytes: 20119264768
write_bytes: 33770393600
cancelled_write_bytes: 393216

[2019-03-20T23:12:21-07:00]
rchar: 71204504131
wchar: 34022734562
syscr: 8609573
syscw: 1347317
read_bytes: 20333284864
write_bytes: 34069622784
cancelled_write_bytes: 401408

[2019-03-20T23:12:24-07:00]
rchar: 71687544196
wchar: 34370825317
syscr: 8668131
syscw: 1351301
read_bytes: 20485914112
write_bytes: 34418180096
cancelled_write_bytes: 401408

[2019-03-20T23:12:27-07:00]
rchar: 72210941504
wchar: 34739976117
syscr: 8731553
syscw: 1355893
read_bytes: 20643044864
write_bytes: 34787897344
cancelled_write_bytes: 401408

[2019-03-20T23:12:30-07:00]
rchar: 72702434760
wchar: 35050580587
syscr: 8791107
syscw: 1361369
read_bytes: 20825931264
write_bytes: 35098931200
cancelled_write_bytes: 401408

[2019-03-20T23:12:33-07:00]
rchar: 73307342737
wchar: 35409186249
syscr: 8864413
syscw: 1368829
read_bytes: 21096754688
write_bytes: 35458027520
cancelled_write_bytes: 401408

[2019-03-20T23:12:36-07:00]
rchar: 73781675008
wchar: 35697812389
syscr: 8921905
syscw: 1374593
read_bytes: 21292416512
write_bytes: 35747033088
cancelled_write_bytes: 401408

[2019-03-20T23:12:39-07:00]
rchar: 74348880695
wchar: 36025454061
syscr: 8990673
syscw: 1381753
read_bytes: 21522619904
write_bytes: 36075130880
cancelled_write_bytes: 401408

[2019-03-20T23:12:42-07:00]
rchar: 74820600603
wchar: 36292909028
syscr: 9047819
syscw: 1388205
read_bytes: 21684280832
write_bytes: 36342984704
cancelled_write_bytes: 401408

[2019-03-20T23:12:45-07:00]
rchar: 75571492179
wchar: 36690058781
syscr: 9138840
syscw: 1399175
read_bytes: 21957299712
write_bytes: 36740665344
cancelled_write_bytes: 401408

[2019-03-20T23:12:48-07:00]
rchar: 76014514303
wchar: 36892906998
syscr: 9192519
syscw: 1406593
read_bytes: 22115253760
write_bytes: 36943790080
cancelled_write_bytes: 401408

[2019-03-20T23:12:51-07:00]
rchar: 76479332889
wchar: 37240093790
syscr: 9248801
syscw: 1413315
read_bytes: 22261272064
write_bytes: 37291532288
cancelled_write_bytes: 409600

[2019-03-20T23:12:54-07:00]
rchar: 77223809210
wchar: 37554184928
syscr: 9339031
syscw: 1423236
read_bytes: 22465887744
write_bytes: 37606068224
cancelled_write_bytes: 413696

[2019-03-20T23:12:57-07:00]
rchar: 78236484188
wchar: 37863082842
syscr: 9461790
syscw: 1439971
read_bytes: 22695595520
write_bytes: 37915353088
cancelled_write_bytes: 413696

[2019-03-20T23:13:00-07:00]
rchar: 79700679491
wchar: 38151446462
syscr: 9639306
syscw: 1468186
read_bytes: 22944181760
write_bytes: 38204006400
cancelled_write_bytes: 413696

[2019-03-20T23:13:03-07:00]
rchar: 79963594654
wchar: 38486119660
syscr: 9671174
syscw: 1470384
read_bytes: 22953430528
write_bytes: 38539218944
cancelled_write_bytes: 413696

[2019-03-20T23:13:06-07:00]
rchar: 80697342489
wchar: 38797283140
syscr: 9760043
syscw: 1478604
read_bytes: 22992895488
write_bytes: 38850826240
cancelled_write_bytes: 421888

[2019-03-20T23:13:09-07:00]
rchar: 81775138897
wchar: 39201830870
syscr: 9890688
syscw: 1491672
read_bytes: 23054675456
write_bytes: 39255920640
cancelled_write_bytes: 421888

[2019-03-20T23:13:12-07:00]
rchar: 83110503019
wchar: 39641844057
syscr: 10052574
syscw: 1509311
read_bytes: 23138622976
write_bytes: 39696510976
cancelled_write_bytes: 421888

[2019-03-20T23:13:15-07:00]
rchar: 84430840545
wchar: 40036335610
syscr: 10212629
syscw: 1527645
read_bytes: 23225753088
write_bytes: 40091512832
cancelled_write_bytes: 421888

[2019-03-20T23:13:18-07:00]
rchar: 84877197645
wchar: 40331056858
syscr: 10266742
syscw: 1533537
read_bytes: 23252631040
write_bytes: 40386678784
cancelled_write_bytes: 421888

[2019-03-20T23:13:21-07:00]
rchar: 85496622614
wchar: 40795185067
syscr: 10341753
syscw: 1536598
read_bytes: 23268781568
write_bytes: 40851578880
cancelled_write_bytes: 430080

[2019-03-20T23:13:24-07:00]
rchar: 86142523397
wchar: 41275640367
syscr: 10420047
syscw: 1539286
read_bytes: 23282753024
write_bytes: 41332781056
cancelled_write_bytes: 430080

[2019-03-20T23:13:27-07:00]
rchar: 86872589995
wchar: 41795761871
syscr: 10508238
syscw: 1543066
read_bytes: 23312117248
write_bytes: 41854689280
cancelled_write_bytes: 430080

[2019-03-20T23:13:30-07:00]
rchar: 87686643259
wchar: 42159256660
syscr: 10606915
syscw: 1558642
read_bytes: 23500643840
write_bytes: 42217680896
cancelled_write_bytes: 430080

[2019-03-20T23:13:33-07:00]
rchar: 88795898403
wchar: 42455737057
syscr: 10741409
syscw: 1587491
read_bytes: 23728852480
write_bytes: 42514472960
cancelled_write_bytes: 438272

[2019-03-20T23:13:36-07:00]
rchar: 89611458441
wchar: 42802543571
syscr: 10840213
syscw: 1606400
read_bytes: 23894056448
write_bytes: 42861752320
cancelled_write_bytes: 446464

[2019-03-20T23:13:39-07:00]
rchar: 91109394625
wchar: 43110065144
syscr: 11021823
syscw: 1636968
read_bytes: 24142081536
write_bytes: 43169566720
cancelled_write_bytes: 446464

[2019-03-20T23:13:42-07:00]
rchar: 92231547493
wchar: 43702771323
syscr: 11157762
syscw: 1650590
read_bytes: 24252067328
write_bytes: 43763159040
cancelled_write_bytes: 446464

[2019-03-20T23:13:45-07:00]
rchar: 92641542076
wchar: 44019423289
syscr: 11207330
syscw: 1652959
read_bytes: 24261307904
write_bytes: 44080349184
cancelled_write_bytes: 446464

[2019-03-20T23:13:48-07:00]
rchar: 93167154971
wchar: 44426284255
syscr: 11270857
syscw: 1655868
read_bytes: 24273186304
write_bytes: 44487905280
cancelled_write_bytes: 446464

[2019-03-20T23:13:51-07:00]
rchar: 93335978203
wchar: 44625365697
syscr: 11291302
syscw: 1661155
read_bytes: 24302382592
write_bytes: 44687335424
cancelled_write_bytes: 450560

[2019-03-20T23:13:54-07:00]
rchar: 94556915133
wchar: 44985618693
syscr: 11439249
syscw: 1687456
read_bytes: 24472980992
write_bytes: 45048012800
cancelled_write_bytes: 458752

[2019-03-20T23:13:57-07:00]
rchar: 95246437597
wchar: 45364700035
syscr: 11522824
syscw: 1697243
read_bytes: 24514072064
write_bytes: 45427617792
cancelled_write_bytes: 458752

[2019-03-20T23:14:00-07:00]
rchar: 96045901770
wchar: 45751379622
syscr: 11619723
syscw: 1710255
read_bytes: 24569794048
write_bytes: 45814833152
cancelled_write_bytes: 462848

[2019-03-20T23:14:03-07:00]
rchar: 96663854294
wchar: 46090386386
syscr: 11694619
syscw: 1719449
read_bytes: 24608964096
write_bytes: 46154305536
cancelled_write_bytes: 466944

[2019-03-20T23:14:06-07:00]
rchar: 97032015206
wchar: 46357221730
syscr: 11739250
syscw: 1725378
read_bytes: 24634912256
write_bytes: 46421528576
cancelled_write_bytes: 466944

[2019-03-20T23:14:09-07:00]
rchar: 97643891318
wchar: 46755785473
syscr: 11813343
syscw: 1733071
read_bytes: 24667401728
write_bytes: 46820716544
cancelled_write_bytes: 479232

[2019-03-20T23:14:12-07:00]
rchar: 98282251227
wchar: 47080974505
syscr: 11890710
syscw: 1740635
read_bytes: 24698674688
write_bytes: 47146369024
cancelled_write_bytes: 483328

[2019-03-20T23:14:15-07:00]
rchar: 99391200539
wchar: 47482304163
syscr: 12025149
syscw: 1758161
read_bytes: 24775810560
write_bytes: 47548219392
cancelled_write_bytes: 491520

[2019-03-20T23:14:18-07:00]
rchar: 99944316238
wchar: 47802292601
syscr: 12092189
syscw: 1764082
read_bytes: 24800062976
write_bytes: 47868678144
cancelled_write_bytes: 491520

[2019-03-20T23:14:21-07:00]
rchar: 101026497652
wchar: 48223306923
syscr: 12223371
syscw: 1781019
read_bytes: 24871685632
write_bytes: 48290279424
cancelled_write_bytes: 495616

[2019-03-20T23:14:24-07:00]
rchar: 101638105193
wchar: 48577044462
syscr: 12297502
syscw: 1787698
read_bytes: 24899481088
write_bytes: 48644501504
cancelled_write_bytes: 495616

[2019-03-20T23:14:27-07:00]
rchar: 101902122703
wchar: 48713821470
syscr: 12329504
syscw: 1791146
read_bytes: 24912825856
write_bytes: 48781475840
cancelled_write_bytes: 495616

[2019-03-20T23:14:30-07:00]
rchar: 102456960624
wchar: 49203759006
syscr: 12396694
syscw: 1796211
read_bytes: 24932515328
write_bytes: 49272225792
cancelled_write_bytes: 507904

[2019-03-20T23:14:33-07:00]
rchar: 102953875463
wchar: 49564350223
syscr: 12456769
syscw: 1798758
read_bytes: 24942087680
write_bytes: 49633419264
cancelled_write_bytes: 507904

[2019-03-20T23:14:36-07:00]
rchar: 103360970535
wchar: 49852555916
syscr: 12505963
syscw: 1801052
read_bytes: 24950906368
write_bytes: 49922125824
cancelled_write_bytes: 507904

[2019-03-20T23:14:39-07:00]
rchar: 103808489600
wchar: 50144083306
syscr: 12560149
syscw: 1805801
read_bytes: 24969661952
write_bytes: 50214109184
cancelled_write_bytes: 507904

[2019-03-20T23:14:42-07:00]
rchar: 104393711055
wchar: 50475463788
syscr: 12631081
syscw: 1816696
read_bytes: 25014324736
write_bytes: 50545934336
cancelled_write_bytes: 507904

[2019-03-20T23:14:45-07:00]
rchar: 105196299766
wchar: 50892423702
syscr: 12728372
syscw: 1833354
read_bytes: 25086422528
write_bytes: 50963484672
cancelled_write_bytes: 507904

[2019-03-20T23:14:48-07:00]
rchar: 106009660616
wchar: 51302296425
syscr: 12826961
syscw: 1852319
read_bytes: 25171009024
write_bytes: 51373875200
cancelled_write_bytes: 512000

[2019-03-20T23:14:51-07:00]
rchar: 106343233840
wchar: 51586103545
syscr: 12867326
syscw: 1859500
read_bytes: 25218129408
write_bytes: 51658141696
cancelled_write_bytes: 524288

[2019-03-20T23:14:54-07:00]
rchar: 107256673857
wchar: 51981476810
syscr: 12978050
syscw: 1875138
read_bytes: 25283948032
write_bytes: 52054024192
cancelled_write_bytes: 524288

[2019-03-20T23:14:57-07:00]
rchar: 107999338421
wchar: 52341314872
syscr: 13068072
syscw: 1887174
read_bytes: 25331830272
write_bytes: 52414357504
cancelled_write_bytes: 536576

[2019-03-20T23:15:00-07:00]
rchar: 108902626590
wchar: 52765233368
syscr: 13177557
syscw: 1902595
read_bytes: 25393823232
write_bytes: 52838830080
cancelled_write_bytes: 536576

[2019-03-20T23:15:03-07:00]
rchar: 109477719255
wchar: 53006841317
syscr: 13247286
syscw: 1916364
read_bytes: 25495449088
write_bytes: 53081526272
cancelled_write_bytes: 540672

[2019-03-20T23:15:06-07:00]
rchar: 110403093540
wchar: 53227960718
syscr: 13359406
syscw: 1934708
read_bytes: 25620827648
write_bytes: 53302136832
cancelled_write_bytes: 552960

[2019-03-20T23:15:09-07:00]
rchar: 112161873760
wchar: 53614319450
syscr: 13572636
syscw: 1967791
read_bytes: 25890971136
write_bytes: 53688885248
cancelled_write_bytes: 552960

[2019-03-20T23:15:12-07:00]
rchar: 112679607597
wchar: 53836777464
syscr: 13635413
syscw: 1978214
read_bytes: 25967656448
write_bytes: 53911646208
cancelled_write_bytes: 552960

[2019-03-20T23:15:15-07:00]
rchar: 114332711060
wchar: 54170990699
syscr: 13835753
syscw: 2004412
read_bytes: 26170445312
write_bytes: 54246240256
cancelled_write_bytes: 565248

[2019-03-20T23:15:18-07:00]
rchar: 116302661883
wchar: 54494160872
syscr: 14074588
syscw: 2036316
read_bytes: 26415824384
write_bytes: 54569717760
cancelled_write_bytes: 565248

[2019-03-20T23:15:21-07:00]
rchar: 116738126606
wchar: 54819774717
syscr: 14127330
syscw: 2038430
read_bytes: 26422541824
write_bytes: 54895890432
cancelled_write_bytes: 565248

[2019-03-20T23:15:24-07:00]
rchar: 117165982573
wchar: 55246467796
syscr: 14179053
syscw: 2041652
read_bytes: 26433576448
write_bytes: 55323320320
cancelled_write_bytes: 565248

[2019-03-20T23:15:27-07:00]
rchar: 117617609908
wchar: 55575057863
syscr: 14233667
syscw: 2044150
read_bytes: 26442280448
write_bytes: 55652417536
cancelled_write_bytes: 577536

[2019-03-20T23:15:30-07:00]
rchar: 118065441982
wchar: 55910937328
syscr: 14287941
syscw: 2046027
read_bytes: 26462645760
write_bytes: 55988813824
cancelled_write_bytes: 577536

[2019-03-20T23:15:33-07:00]
rchar: 118777281577
wchar: 56311211498
syscr: 14374157
syscw: 2053899
read_bytes: 26630544896
write_bytes: 56389652480
cancelled_write_bytes: 577536

[2019-03-20T23:15:36-07:00]
rchar: 119401765728
wchar: 56614739375
syscr: 14449851
syscw: 2063157
read_bytes: 26825457152
write_bytes: 56693583872
cancelled_write_bytes: 577536

[2019-03-20T23:15:39-07:00]
rchar: 120215357428
wchar: 57025495780
syscr: 14548440
syscw: 2074665
read_bytes: 27087654400
write_bytes: 57104896000
cancelled_write_bytes: 577536

[2019-03-20T23:15:42-07:00]
rchar: 120884809949
wchar: 57371860847
syscr: 14629611
syscw: 2084377
read_bytes: 27286572544
write_bytes: 57451683840
cancelled_write_bytes: 577536

[2019-03-20T23:15:45-07:00]
rchar: 121608850685
wchar: 57728815887
syscr: 14717394
syscw: 2095192
read_bytes: 27511983616
write_bytes: 57809104896
cancelled_write_bytes: 577536

[2019-03-20T23:15:48-07:00]
rchar: 122038676878
wchar: 57941944940
syscr: 14769461
syscw: 2101662
read_bytes: 27643309568
write_bytes: 58022555648
cancelled_write_bytes: 577536

[2019-03-20T23:15:51-07:00]
rchar: 122353013052
wchar: 58330973440
syscr: 14807501
syscw: 2103945
read_bytes: 27674086912
write_bytes: 58412212224
cancelled_write_bytes: 585728

[2019-03-20T23:15:54-07:00]
rchar: 122890853576
wchar: 58770831588
syscr: 14872680
syscw: 2106014
read_bytes: 27701861888
write_bytes: 58852720640
cancelled_write_bytes: 585728

[2019-03-20T23:15:57-07:00]
rchar: 123301453000
wchar: 59103890218
syscr: 14922428
syscw: 2107758
read_bytes: 27723189760
write_bytes: 59186282496
cancelled_write_bytes: 585728

[2019-03-20T23:16:00-07:00]
rchar: 123810108953
wchar: 59521461355
syscr: 14984062
syscw: 2109793
read_bytes: 27754933760
write_bytes: 59604500480
cancelled_write_bytes: 585728

[2019-03-20T23:16:03-07:00]
rchar: 124155288131
wchar: 59802351765
syscr: 15025872
syscw: 2111379
read_bytes: 27775446528
write_bytes: 59885846528
cancelled_write_bytes: 585728

[2019-03-20T23:16:06-07:00]
rchar: 124581931340
wchar: 60072758362
syscr: 15077576
syscw: 2115102
read_bytes: 27840798208
write_bytes: 60156669952
cancelled_write_bytes: 585728

[2019-03-20T23:16:09-07:00]
rchar: 125472568285
wchar: 60457702435
syscr: 15185569
syscw: 2126748
read_bytes: 28081364480
write_bytes: 60542078976
cancelled_write_bytes: 585728

[2019-03-20T23:16:12-07:00]
rchar: 126314596980
wchar: 60817040290
syscr: 15287618
syscw: 2137961
read_bytes: 28307197440
write_bytes: 60901916672
cancelled_write_bytes: 585728

[2019-03-20T23:16:15-07:00]
rchar: 127128072777
wchar: 61191336488
syscr: 15386214
syscw: 2148471
read_bytes: 28507151872
write_bytes: 61276708864
cancelled_write_bytes: 585728

[2019-03-20T23:16:18-07:00]
rchar: 127755493184
wchar: 61540251568
syscr: 15462254
syscw: 2155444
read_bytes: 28607266304
write_bytes: 61626146816
cancelled_write_bytes: 585728

[2019-03-20T23:16:21-07:00]
rchar: 128279001842
wchar: 61743828737
syscr: 15525706
syscw: 2163340
read_bytes: 28698381824
write_bytes: 61830004736
cancelled_write_bytes: 585728

[2019-03-20T23:16:24-07:00]
rchar: 128864878590
wchar: 62092283396
syscr: 15596652
syscw: 2172032
read_bytes: 28799393280
write_bytes: 62178988032
cancelled_write_bytes: 593920

[2019-03-20T23:16:27-07:00]
rchar: 130157639312
wchar: 62445279409
syscr: 15753363
syscw: 2190280
read_bytes: 29012315648
write_bytes: 62532435968
cancelled_write_bytes: 593920

[2019-03-20T23:16:30-07:00]
rchar: 131895714021
wchar: 62714129217
syscr: 15964079
syscw: 2218794
read_bytes: 29191314944
write_bytes: 62801551360
cancelled_write_bytes: 593920

[2019-03-20T23:16:33-07:00]
rchar: 132798882977
wchar: 63341509576
syscr: 16073416
syscw: 2224104
read_bytes: 29206221312
write_bytes: 63429955584
cancelled_write_bytes: 593920

[2019-03-20T23:16:36-07:00]
rchar: 133283455812
wchar: 63670863120
syscr: 16132013
syscw: 2227048
read_bytes: 29215031808
write_bytes: 63759855616
cancelled_write_bytes: 593920

[2019-03-20T23:16:39-07:00]
rchar: 133579935531
wchar: 63839057888
syscr: 16167860
syscw: 2229574
read_bytes: 29222765056
write_bytes: 63928336384
cancelled_write_bytes: 593920

[2019-03-20T23:16:42-07:00]
rchar: 133856623189
wchar: 64146209361
syscr: 16201306
syscw: 2233776
read_bytes: 29235057152
write_bytes: 64235982848
cancelled_write_bytes: 593920

[2019-03-20T23:16:45-07:00]
rchar: 134488019271
wchar: 64486061950
syscr: 16277840
syscw: 2242414
read_bytes: 29261296128
write_bytes: 64576331776
cancelled_write_bytes: 602112

[2019-03-20T23:16:48-07:00]
rchar: 135620352058
wchar: 64945081364
syscr: 16415101
syscw: 2262797
read_bytes: 29326025216
write_bytes: 65035952128
cancelled_write_bytes: 606208

[2019-03-20T23:16:51-07:00]
rchar: 136583676810
wchar: 65340167972
syscr: 16531876
syscw: 2280787
read_bytes: 29382672896
write_bytes: 65431560192
cancelled_write_bytes: 610304

[2019-03-20T23:16:54-07:00]
rchar: 137277269400
wchar: 65680035101
syscr: 16615953
syscw: 2292140
read_bytes: 29417644544
write_bytes: 65771896832
cancelled_write_bytes: 614400

[2019-03-20T23:16:57-07:00]
rchar: 137525363677
wchar: 65976333981
syscr: 16646022
syscw: 2295826
read_bytes: 29428580864
write_bytes: 66068672512
cancelled_write_bytes: 614400

[2019-03-20T23:17:00-07:00]
rchar: 138497346190
wchar: 66338503769
syscr: 16763770
syscw: 2310262
read_bytes: 29473960448
write_bytes: 66432143360
cancelled_write_bytes: 630784

[2019-03-20T23:17:03-07:00]
rchar: 139731264330
wchar: 66765784857
syscr: 16913348
syscw: 2329916
read_bytes: 29534429696
write_bytes: 66859180032
cancelled_write_bytes: 630784

[2019-03-20T23:17:06-07:00]
rchar: 141114214601
wchar: 67211880044
syscr: 17081010
syscw: 2353308
read_bytes: 29606744576
write_bytes: 67305824256
cancelled_write_bytes: 634880

[2019-03-20T23:17:09-07:00]
rchar: 141548986993
wchar: 67450897921
syscr: 17133710
syscw: 2358233
read_bytes: 29621359104
write_bytes: 67545190400
cancelled_write_bytes: 638976

[2019-03-20T23:17:12-07:00]
rchar: 142182488444
wchar: 67830821441
syscr: 17210425
syscw: 2367048
read_bytes: 29647319552
write_bytes: 67925716992
cancelled_write_bytes: 651264

[2019-03-20T23:17:15-07:00]
rchar: 143048454817
wchar: 68289858999
syscr: 17315310
syscw: 2375072
read_bytes: 29669921280
write_bytes: 68385464320
cancelled_write_bytes: 651264

[2019-03-20T23:17:18-07:00]
rchar: 143526726801
wchar: 68602682745
syscr: 17373156
syscw: 2378206
read_bytes: 29678584320
write_bytes: 68698816512
cancelled_write_bytes: 651264

[2019-03-20T23:17:21-07:00]
rchar: 143992384937
wchar: 68899133942
syscr: 17429472
syscw: 2381370
read_bytes: 29687476736
write_bytes: 68995780608
cancelled_write_bytes: 651264

[2019-03-20T23:17:24-07:00]
rchar: 144879094820
wchar: 69283508120
syscr: 17536954
syscw: 2402174
read_bytes: 29751763456
write_bytes: 69380653056
cancelled_write_bytes: 651264

[2019-03-20T23:17:27-07:00]
rchar: 145645014508
wchar: 69676492005
syscr: 17629805
syscw: 2418888
read_bytes: 29799866880
write_bytes: 69774151680
cancelled_write_bytes: 651264

[2019-03-20T23:17:30-07:00]
rchar: 145861037623
wchar: 69917197926
syscr: 17655985
syscw: 2422623
read_bytes: 29811008000
write_bytes: 70015234048
cancelled_write_bytes: 651264

[2019-03-20T23:17:33-07:00]
rchar: 146712457129
wchar: 70282143354
syscr: 17759116
syscw: 2439235
read_bytes: 29860872704
write_bytes: 70380683264
cancelled_write_bytes: 667648

[2019-03-20T23:17:36-07:00]
rchar: 147534814435
wchar: 70666661949
syscr: 17858799
syscw: 2452880
read_bytes: 29900538368
write_bytes: 70765731840
cancelled_write_bytes: 667648

[2019-03-20T23:17:39-07:00]
rchar: 148381896644
wchar: 71045885075
syscr: 17961484
syscw: 2467389
read_bytes: 29943820800
write_bytes: 71145439232
cancelled_write_bytes: 667648

[2019-03-20T23:17:42-07:00]
rchar: 148851439801
wchar: 71376793580
syscr: 18018398
syscw: 2475321
read_bytes: 29966455296
write_bytes: 71476842496
cancelled_write_bytes: 692224

[2019-03-20T23:17:45-07:00]
rchar: 149697871072
wchar: 71769344664
syscr: 18120928
syscw: 2487448
read_bytes: 30001799680
write_bytes: 71869960192
cancelled_write_bytes: 708608

[2019-03-20T23:17:48-07:00]
rchar: 150381554690
wchar: 72097190746
syscr: 18203803
syscw: 2495900
read_bytes: 30025216512
write_bytes: 72198262784
cancelled_write_bytes: 708608

[2019-03-20T23:17:51-07:00]
rchar: 151422514797
wchar: 72418486306
syscr: 18329991
syscw: 2513098
read_bytes: 30112031232
write_bytes: 72519999488
cancelled_write_bytes: 712704

[2019-03-20T23:17:54-07:00]
rchar: 152308307719
wchar: 72700388575
syscr: 18437391
syscw: 2530546
read_bytes: 30221795840
write_bytes: 72802246656
cancelled_write_bytes: 712704

[2019-03-20T23:17:57-07:00]
rchar: 153867495914
wchar: 73103020275
syscr: 18626357
syscw: 2553815
read_bytes: 30335558144
write_bytes: 73205387264
cancelled_write_bytes: 720896

[2019-03-20T23:18:00-07:00]
rchar: 154350985446
wchar: 73439624911
syscr: 18684864
syscw: 2556717
read_bytes: 30343492096
write_bytes: 73542553600
cancelled_write_bytes: 720896

[2019-03-20T23:18:03-07:00]
rchar: 154834681532
wchar: 73758429125
syscr: 18743391
syscw: 2559986
read_bytes: 30351413760
write_bytes: 73861894144
cancelled_write_bytes: 720896

[2019-03-20T23:18:06-07:00]
rchar: 155263455074
wchar: 74030722945
syscr: 18795227
syscw: 2563060
read_bytes: 30359372288
write_bytes: 74134650880
cancelled_write_bytes: 720896

[2019-03-20T23:18:09-07:00]
rchar: 155857472602
wchar: 74363166119
syscr: 18867206
syscw: 2573269
read_bytes: 30388728320
write_bytes: 74467561472
cancelled_write_bytes: 724992

[2019-03-20T23:18:12-07:00]
rchar: 156402492582
wchar: 74658047011
syscr: 18933263
syscw: 2584325
read_bytes: 30420361728
write_bytes: 74762842112
cancelled_write_bytes: 724992

[2019-03-20T23:18:15-07:00]
rchar: 157069899431
wchar: 75098789402
syscr: 19014103
syscw: 2595790
read_bytes: 30451053056
write_bytes: 75204268032
cancelled_write_bytes: 737280

[2019-03-20T23:18:18-07:00]
rchar: 158068142880
wchar: 75501883587
syscr: 19135102
syscw: 2613708
read_bytes: 30501302784
write_bytes: 75607904256
cancelled_write_bytes: 741376

[2019-03-20T23:18:21-07:00]
rchar: 158816116316
wchar: 75880150571
syscr: 19225769
syscw: 2625221
read_bytes: 30532620800
write_bytes: 75986710528
cancelled_write_bytes: 749568

[2019-03-20T23:18:24-07:00]
rchar: 159452090979
wchar: 76222839553
syscr: 19302851
syscw: 2634111
read_bytes: 30556865024
write_bytes: 76329885696
cancelled_write_bytes: 749568

[2019-03-20T23:18:27-07:00]
rchar: 159691328086
wchar: 76459228457
syscr: 19331798
syscw: 2638240
read_bytes: 30567559680
write_bytes: 76566679552
cancelled_write_bytes: 774144

[2019-03-20T23:18:30-07:00]
rchar: 160400207203
wchar: 76821109624
syscr: 19417713
syscw: 2646455
read_bytes: 30589587968
write_bytes: 76929069056
cancelled_write_bytes: 774144

[2019-03-20T23:18:33-07:00]
rchar: 161051952686
wchar: 77166880950
syscr: 19496708
syscw: 2653900
read_bytes: 30609617408
write_bytes: 77275332608
cancelled_write_bytes: 774144

[2019-03-20T23:18:36-07:00]
rchar: 162672856772
wchar: 77467481755
syscr: 19693228
syscw: 2686014
read_bytes: 30772560384
write_bytes: 77576200192
cancelled_write_bytes: 774144

[2019-03-20T23:18:39-07:00]
rchar: 162922659243
wchar: 77631807493
syscr: 19723453
syscw: 2691200
read_bytes: 30792372736
write_bytes: 77740806144
cancelled_write_bytes: 778240

[2019-03-20T23:18:42-07:00]
rchar: 165084808870
wchar: 78090597495
syscr: 19985595
syscw: 2723587
read_bytes: 30971355648
write_bytes: 78200135680
cancelled_write_bytes: 786432

[2019-03-20T23:18:45-07:00]
rchar: 165735415195
wchar: 78524257159
syscr: 20064306
syscw: 2727838
read_bytes: 30981849600
write_bytes: 78634512384
cancelled_write_bytes: 786432

[2019-03-20T23:18:48-07:00]
rchar: 166304050498
wchar: 78866648048
syscr: 20133072
syscw: 2732262
read_bytes: 30993007104
write_bytes: 78977478656
cancelled_write_bytes: 786432

[2019-03-20T23:18:51-07:00]
rchar: 166858090835
wchar: 79169498349
syscr: 20200204
syscw: 2740659
read_bytes: 31014961664
write_bytes: 79280771072
cancelled_write_bytes: 786432

[2019-03-20T23:18:54-07:00]
rchar: 167359322943
wchar: 79498498680
syscr: 20260904
syscw: 2750664
read_bytes: 31041536512
write_bytes: 79610298368
cancelled_write_bytes: 794624

[2019-03-20T23:18:57-07:00]
rchar: 168293823265
wchar: 79904706197
syscr: 20374182
syscw: 2766447
read_bytes: 31082275328
write_bytes: 80017039360
cancelled_write_bytes: 794624

[2019-03-20T23:19:00-07:00]
rchar: 168865853781
wchar: 80217758335
syscr: 20443516
syscw: 2774342
read_bytes: 31102493184
write_bytes: 80330530816
cancelled_write_bytes: 802816

[2019-03-20T23:19:03-07:00]
rchar: 169952267165
wchar: 80652537167
syscr: 20575213
syscw: 2794338
read_bytes: 31156724224
write_bytes: 80765882368
cancelled_write_bytes: 806912

[2019-03-20T23:19:06-07:00]
rchar: 170158182251
wchar: 80855452361
syscr: 20600167
syscw: 2797416
read_bytes: 31164793344
write_bytes: 80969113600
cancelled_write_bytes: 806912

[2019-03-20T23:19:09-07:00]
rchar: 170778656237
wchar: 81095462639
syscr: 20675323
syscw: 2808103
read_bytes: 31200801280
write_bytes: 81209466880
cancelled_write_bytes: 819200

[2019-03-20T23:19:12-07:00]
rchar: 172703542731
wchar: 81470051932
syscr: 20908700
syscw: 2844435
read_bytes: 31400686080
write_bytes: 81584410624
cancelled_write_bytes: 819200

[2019-03-20T23:19:15-07:00]
rchar: 173364203268
wchar: 81642043714
syscr: 20988800
syscw: 2857539
read_bytes: 31465411072
write_bytes: 81756610560
cancelled_write_bytes: 823296

[2019-03-20T23:19:18-07:00]
rchar: 174620355259
wchar: 81918558369
syscr: 21141024
syscw: 2878187
read_bytes: 31568458240
write_bytes: 82033463296
cancelled_write_bytes: 835584

[2019-03-20T23:19:21-07:00]
rchar: 176844429542
wchar: 82294483449
syscr: 21410666
syscw: 2913477
read_bytes: 31760204288
write_bytes: 82409779200
cancelled_write_bytes: 835584

[2019-03-20T23:19:24-07:00]
rchar: 177361567119
wchar: 82680135351
syscr: 21473323
syscw: 2919087
read_bytes: 31778333184
write_bytes: 82795986944
cancelled_write_bytes: 843776

[2019-03-20T23:19:27-07:00]
rchar: 178044297867
wchar: 83156304767
syscr: 21556107
syscw: 2922466
read_bytes: 31797920256
write_bytes: 83272863744
cancelled_write_bytes: 843776

[2019-03-20T23:19:30-07:00]
rchar: 178535246097
wchar: 83504456367
syscr: 21615497
syscw: 2924797
read_bytes: 31815971328
write_bytes: 83622211584
cancelled_write_bytes: 843776

[2019-03-20T23:19:33-07:00]
rchar: 179093441356
wchar: 83899144226
syscr: 21683059
syscw: 2927284
read_bytes: 31837520384
write_bytes: 84016893952
cancelled_write_bytes: 843776

[2019-03-20T23:19:36-07:00]
rchar: 179560985495
wchar: 84232930716
syscr: 21739641
syscw: 2929282
read_bytes: 31855202816
write_bytes: 84351229952
cancelled_write_bytes: 843776

[2019-03-20T23:19:39-07:00]
rchar: 180112533213
wchar: 84563047223
syscr: 21806364
syscw: 2933921
read_bytes: 31904158208
write_bytes: 84681863168
cancelled_write_bytes: 843776

[2019-03-20T23:19:42-07:00]
rchar: 181037997947
wchar: 85060251559
syscr: 21918576
syscw: 2951614
read_bytes: 32158253568
write_bytes: 85179691008
cancelled_write_bytes: 843776

[2019-03-20T23:19:45-07:00]
rchar: 181614509368
wchar: 85351102073
syscr: 21988417
syscw: 2963683
read_bytes: 32308507136
write_bytes: 85470932992
cancelled_write_bytes: 843776

[2019-03-20T23:19:48-07:00]
rchar: 182278398614
wchar: 85731170979
syscr: 22068890
syscw: 2975800
read_bytes: 32463127040
write_bytes: 85851496448
cancelled_write_bytes: 847872

[2019-03-20T23:19:51-07:00]
rchar: 182402787235
wchar: 85933445629
syscr: 22083905
syscw: 2978645
read_bytes: 32490213888
write_bytes: 86054711296
cancelled_write_bytes: 856064

[2019-03-20T23:19:54-07:00]
rchar: 183480477713
wchar: 86403189976
syscr: 22214564
syscw: 2995549
read_bytes: 32726913536
write_bytes: 86524452864
cancelled_write_bytes: 856064

[2019-03-20T23:19:57-07:00]
rchar: 184248644838
wchar: 86716529584
syscr: 22307667
syscw: 3008964
read_bytes: 32882520576
write_bytes: 86838206464
cancelled_write_bytes: 856064

[2019-03-20T23:20:00-07:00]
rchar: 185073351378
wchar: 87059625299
syscr: 22407625
syscw: 3022947
read_bytes: 33053110784
write_bytes: 87181754368
cancelled_write_bytes: 856064

[2019-03-20T23:20:03-07:00]
rchar: 185950510915
wchar: 87451710136
syscr: 22513975
syscw: 3036919
read_bytes: 33246482944
write_bytes: 87574302720
cancelled_write_bytes: 856064

[2019-03-20T23:20:06-07:00]
rchar: 186067918943
wchar: 87646876691
syscr: 22528213
syscw: 3039293
read_bytes: 33267659264
write_bytes: 87769804800
cancelled_write_bytes: 856064

[2019-03-20T23:20:09-07:00]
rchar: 186748479341
wchar: 88185650535
syscr: 22610638
syscw: 3042437
read_bytes: 33292386816
write_bytes: 88309366784
cancelled_write_bytes: 864256

[2019-03-20T23:20:12-07:00]
rchar: 187192501296
wchar: 88530973835
syscr: 22664455
syscw: 3044556
read_bytes: 33307345408
write_bytes: 88655196160
cancelled_write_bytes: 864256

[2019-03-20T23:20:15-07:00]
rchar: 187749427951
wchar: 88957990241
syscr: 22731930
syscw: 3047381
read_bytes: 33329234432
write_bytes: 89082859520
cancelled_write_bytes: 864256

[2019-03-20T23:20:18-07:00]
rchar: 188215553696
wchar: 89295849439
syscr: 22788406
syscw: 3050252
read_bytes: 33350693376
write_bytes: 89421266944
cancelled_write_bytes: 864256

[2019-03-20T23:20:21-07:00]
rchar: 188766937934
wchar: 89730617205
syscr: 22855250
syscw: 3053000
read_bytes: 33372180992
write_bytes: 89856692224
cancelled_write_bytes: 864256

[2019-03-20T23:20:24-07:00]
rchar: 189229145977
wchar: 90067113885
syscr: 22911244
syscw: 3055864
read_bytes: 33394913792
write_bytes: 90193719296
cancelled_write_bytes: 864256

[2019-03-20T23:20:27-07:00]
rchar: 190396779310
wchar: 90555271715
syscr: 23052748
syscw: 3071684
read_bytes: 33594999296
write_bytes: 90682585088
cancelled_write_bytes: 864256

[2019-03-20T23:20:30-07:00]
rchar: 191180571459
wchar: 90897663376
syscr: 23147760
syscw: 3082558
read_bytes: 33709232640
write_bytes: 91025424384
cancelled_write_bytes: 864256

[2019-03-20T23:20:33-07:00]
rchar: 192052557204
wchar: 91266577268
syscr: 23253442
syscw: 3095221
read_bytes: 33810518528
write_bytes: 91394867200
cancelled_write_bytes: 864256

[2019-03-20T23:20:36-07:00]
rchar: 192551138709
wchar: 91556231634
syscr: 23313880
syscw: 3104452
read_bytes: 33866494464
write_bytes: 91684974592
cancelled_write_bytes: 864256

[2019-03-20T23:20:39-07:00]
rchar: 193854523223
wchar: 91872062654
syscr: 23471813
syscw: 3123900
read_bytes: 34001592832
write_bytes: 92001193984
cancelled_write_bytes: 872448

[2019-03-20T23:20:42-07:00]
rchar: 196082323273
wchar: 92320119862
syscr: 23741915
syscw: 3159424
read_bytes: 34124538368
write_bytes: 92449751040
cancelled_write_bytes: 876544

[2019-03-20T23:20:45-07:00]
rchar: 196576100863
wchar: 92651691161
syscr: 23801670
syscw: 3162753
read_bytes: 34130395648
write_bytes: 92781871104
cancelled_write_bytes: 876544

[2019-03-20T23:20:48-07:00]
rchar: 197138303341
wchar: 93062847049
syscr: 23869662
syscw: 3166300
read_bytes: 34136814080
write_bytes: 93193711616
cancelled_write_bytes: 876544

[2019-03-20T23:20:51-07:00]
rchar: 197514418534
wchar: 93367240409
syscr: 23915149
syscw: 3170436
read_bytes: 34144420352
write_bytes: 93498646528
cancelled_write_bytes: 876544

[2019-03-20T23:20:54-07:00]
rchar: 198472162232
wchar: 93792547395
syscr: 24031157
syscw: 3184150
read_bytes: 34223661568
write_bytes: 93924671488
cancelled_write_bytes: 884736

[2019-03-20T23:20:57-07:00]
rchar: 199722439749
wchar: 94224109843
syscr: 24182722
syscw: 3208855
read_bytes: 34392146432
write_bytes: 94356586496
cancelled_write_bytes: 884736

[2019-03-20T23:21:00-07:00]
rchar: 200603852726
wchar: 94512901674
syscr: 24289579
syscw: 3226712
read_bytes: 34528952832
write_bytes: 94645719040
cancelled_write_bytes: 884736

[2019-03-20T23:21:03-07:00]
rchar: 201126329053
wchar: 94806960444
syscr: 24352845
syscw: 3236509
read_bytes: 34592158208
write_bytes: 94940209152
cancelled_write_bytes: 892928

[2019-03-20T23:21:06-07:00]
rchar: 202685235477
wchar: 95229853735
syscr: 24541832
syscw: 3262399
read_bytes: 34777096704
write_bytes: 95364448256
cancelled_write_bytes: 892928

[2019-03-20T23:21:09-07:00]
rchar: 204200210746
wchar: 95593264723
syscr: 24725512
syscw: 3289486
read_bytes: 34888069632
write_bytes: 95727435776
cancelled_write_bytes: 892928

[2019-03-20T23:21:12-07:00]
rchar: 204625991208
wchar: 95910348875
syscr: 24777123
syscw: 3296070
read_bytes: 34899317248
write_bytes: 96045015040
cancelled_write_bytes: 892928

[2019-03-20T23:21:15-07:00]
rchar: 205396643347
wchar: 96211802050
syscr: 24870452
syscw: 3305716
read_bytes: 34915385856
write_bytes: 96347131904
cancelled_write_bytes: 901120

[2019-03-20T23:21:18-07:00]
rchar: 207457866674
wchar: 96719395044
syscr: 25120342
syscw: 3334930
read_bytes: 34967421440
write_bytes: 96855121920
cancelled_write_bytes: 905216

[2019-03-20T23:21:21-07:00]
rchar: 208723818970
wchar: 97087447932
syscr: 25273812
syscw: 3352410
read_bytes: 34997588480
write_bytes: 97223659520
cancelled_write_bytes: 905216

[2019-03-20T23:21:24-07:00]
rchar: 209472367746
wchar: 97575205301
syscr: 25364488
syscw: 3360537
read_bytes: 35010609664
write_bytes: 97712185344
cancelled_write_bytes: 913408

[2019-03-20T23:21:27-07:00]
rchar: 210333186392
wchar: 98059804435
syscr: 25468822
syscw: 3366552
read_bytes: 35020354048
write_bytes: 98197532672
cancelled_write_bytes: 917504

[2019-03-20T23:21:30-07:00]
rchar: 211177001441
wchar: 98541995650
syscr: 25571095
syscw: 3372479
read_bytes: 35029787136
write_bytes: 98680459264
cancelled_write_bytes: 917504

[2019-03-20T23:21:33-07:00]
rchar: 212031915200
wchar: 99014865390
syscr: 25674724
syscw: 3378799
read_bytes: 35040006656
write_bytes: 99154063360
cancelled_write_bytes: 917504

[2019-03-20T23:21:36-07:00]
rchar: 212772939847
wchar: 99447819211
syscr: 25764549
syscw: 3383916
read_bytes: 35048436224
write_bytes: 99587678208
cancelled_write_bytes: 917504

[2019-03-20T23:21:39-07:00]
rchar: 213459153589
wchar: 99892283326
syscr: 25847418
syscw: 3389224
read_bytes: 35057193472
write_bytes: 100032811008
cancelled_write_bytes: 917504

[2019-03-20T23:21:42-07:00]
rchar: 214538676709
wchar: 100332437396
syscr: 25978297
syscw: 3411996
read_bytes: 35096728064
write_bytes: 100473569280
cancelled_write_bytes: 929792

[2019-03-20T23:21:45-07:00]
rchar: 215037007309
wchar: 100690949028
syscr: 26038606
syscw: 3417162
read_bytes: 35104674304
write_bytes: 100832661504
cancelled_write_bytes: 929792

[2019-03-20T23:21:48-07:00]
rchar: 215429609029
wchar: 101036343999
syscr: 26086049
syscw: 3421278
read_bytes: 35111076352
write_bytes: 101178626048
cancelled_write_bytes: 929792

[2019-03-20T23:21:51-07:00]
rchar: 215894148660
wchar: 101416580189
syscr: 26142151
syscw: 3427134
read_bytes: 35120919040
write_bytes: 101559525376
cancelled_write_bytes: 937984

[2019-03-20T23:21:54-07:00]
rchar: 216916331051
wchar: 101807253187
syscr: 26266053
syscw: 3446028
read_bytes: 35152028160
write_bytes: 101950713856
cancelled_write_bytes: 937984

[2019-03-20T23:21:57-07:00]
rchar: 217860176283
wchar: 102192319712
syscr: 26380464
syscw: 3463228
read_bytes: 35181122048
write_bytes: 102336290816
cancelled_write_bytes: 942080

[2019-03-20T23:22:00-07:00]
rchar: 218777684999
wchar: 102576331339
syscr: 26491682
syscw: 3480128
read_bytes: 35209531904
write_bytes: 102720815104
cancelled_write_bytes: 946176

[2019-03-20T23:22:03-07:00]
rchar: 219003707297
wchar: 102825852282
syscr: 26519083
syscw: 3484227
read_bytes: 35216265728
write_bytes: 102970740736
cancelled_write_bytes: 946176

[2019-03-20T23:22:06-07:00]
rchar: 220155114859
wchar: 103173041515
syscr: 26658592
syscw: 3504277
read_bytes: 35249504768
write_bytes: 103318388736
cancelled_write_bytes: 962560

[2019-03-20T23:22:09-07:00]
rchar: 221109920028
wchar: 103524572470
syscr: 26774329
syscw: 3518681
read_bytes: 35273957888
write_bytes: 103670378496
cancelled_write_bytes: 966656

[2019-03-20T23:22:12-07:00]
rchar: 222522212880
wchar: 103959190642
syscr: 26945546
syscw: 3542964
read_bytes: 35313951232
write_bytes: 104105537536
cancelled_write_bytes: 974848

[2019-03-20T23:22:15-07:00]
rchar: 222862134928
wchar: 104178622109
syscr: 26986752
syscw: 3548792
read_bytes: 35323335168
write_bytes: 104325304320
cancelled_write_bytes: 974848

[2019-03-20T23:22:18-07:00]
rchar: 223783895243
wchar: 104606388284
syscr: 27098428
syscw: 3559752
read_bytes: 35341054464
write_bytes: 104753733632
cancelled_write_bytes: 983040

[2019-03-20T23:22:21-07:00]
rchar: 224399930932
wchar: 104977275833
syscr: 27172916
syscw: 3564434
read_bytes: 35348103680
write_bytes: 105125253120
cancelled_write_bytes: 983040

[2019-03-20T23:22:24-07:00]
rchar: 225214867765
wchar: 105424994723
syscr: 27271519
syscw: 3571675
read_bytes: 35359371776
write_bytes: 105573699584
cancelled_write_bytes: 983040

[2019-03-20T23:22:27-07:00]
rchar: 225868545653
wchar: 105734930536
syscr: 27350728
syscw: 3584165
read_bytes: 35380273664
write_bytes: 105884065792
cancelled_write_bytes: 987136

[2019-03-20T23:22:30-07:00]
rchar: 226487259122
wchar: 106111325645
syscr: 27425716
syscw: 3595251
read_bytes: 35397272064
write_bytes: 106260971520
cancelled_write_bytes: 987136

[2019-03-20T23:22:33-07:00]
rchar: 227071713596
wchar: 106368036432
syscr: 27496576
syscw: 3610157
read_bytes: 35421606400
write_bytes: 106517983232
cancelled_write_bytes: 987136

[2019-03-20T23:22:36-07:00]
rchar: 227695363884
wchar: 106806866974
syscr: 27572098
syscw: 3621845
read_bytes: 35440685568
write_bytes: 106957488128
cancelled_write_bytes: 999424

[2019-03-20T23:22:39-07:00]
rchar: 228959570489
wchar: 107275240187
syscr: 27725350
syscw: 3646471
read_bytes: 35479798272
write_bytes: 107426439168
cancelled_write_bytes: 999424

[2019-03-20T23:22:42-07:00]
rchar: 230055358448
wchar: 107694607919
syscr: 27858183
syscw: 3668239
read_bytes: 35514757632
write_bytes: 107846344704
cancelled_write_bytes: 1007616

[2019-03-20T23:22:45-07:00]
rchar: 230265477973
wchar: 107899637228
syscr: 27883654
syscw: 3672353
read_bytes: 35520700928
write_bytes: 108051697664
cancelled_write_bytes: 1007616

[2019-03-20T23:22:48-07:00]
rchar: 231500269649
wchar: 108284759814
syscr: 28033275
syscw: 3693968
read_bytes: 35555779072
write_bytes: 108437327872
cancelled_write_bytes: 1024000

[2019-03-20T23:22:51-07:00]
rchar: 232424640039
wchar: 108630723556
syscr: 28145334
syscw: 3707813
read_bytes: 35577676288
write_bytes: 108783779840
cancelled_write_bytes: 1024000

[2019-03-20T23:22:54-07:00]
rchar: 233725805711
wchar: 109074800424
syscr: 28303060
syscw: 3729219
read_bytes: 35611611648
write_bytes: 109228421120
cancelled_write_bytes: 1036288

[2019-03-20T23:22:57-07:00]
rchar: 234082697641
wchar: 109294269899
syscr: 28346321
syscw: 3734798
read_bytes: 35620110848
write_bytes: 109448212480
cancelled_write_bytes: 1036288

[2019-03-20T23:23:00-07:00]
rchar: 234666457558
wchar: 109578535109
syscr: 28417012
syscw: 3743288
read_bytes: 35632869888
write_bytes: 109732929536
cancelled_write_bytes: 1044480

[2019-03-20T23:23:03-07:00]
rchar: 235657438871
wchar: 110022439612
syscr: 28537158
syscw: 3754068
read_bytes: 35649167872
write_bytes: 110177484800
cancelled_write_bytes: 1044480

[2019-03-20T23:23:06-07:00]
rchar: 236460539485
wchar: 110494633013
syscr: 28634300
syscw: 3760423
read_bytes: 35658584576
write_bytes: 110650445824
cancelled_write_bytes: 1044480

[2019-03-20T23:23:09-07:00]
rchar: 236969083158
wchar: 110755034839
syscr: 28695823
syscw: 3765392
read_bytes: 35665883648
write_bytes: 110911287296
cancelled_write_bytes: 1044480

[2019-03-20T23:23:12-07:00]
rchar: 237749355553
wchar: 111103895923
syscr: 28790374
syscw: 3781855
read_bytes: 35690422784
write_bytes: 111260618752
cancelled_write_bytes: 1044480

[2019-03-20T23:23:15-07:00]
rchar: 238322251998
wchar: 111434273614
syscr: 28859831
syscw: 3795378
read_bytes: 35711554048
write_bytes: 111592386560
cancelled_write_bytes: 1044480

[2019-03-20T23:23:18-07:00]
rchar: 239189615817
wchar: 111840320091
syscr: 28964898
syscw: 3812862
read_bytes: 35738292736
write_bytes: 111998058496
cancelled_write_bytes: 1056768

[2019-03-20T23:23:21-07:00]
rchar: 240494440300
wchar: 112305506074
syscr: 29123074
syscw: 3838222
read_bytes: 35777847808
write_bytes: 112464257024
cancelled_write_bytes: 1056768

[2019-03-20T23:23:24-07:00]
rchar: 241263922196
wchar: 112641520367
syscr: 29216353
syscw: 3851428
read_bytes: 35797701120
write_bytes: 112800292864
cancelled_write_bytes: 1064960

[2019-03-20T23:23:27-07:00]
rchar: 241630653425
wchar: 112948296572
syscr: 29260727
syscw: 3857665
read_bytes: 35807302144
write_bytes: 113107562496
cancelled_write_bytes: 1073152

[2019-03-20T23:23:30-07:00]
rchar: 242858196403
wchar: 113362503533
syscr: 29409538
syscw: 3876745
read_bytes: 35836256768
write_bytes: 113522319360
cancelled_write_bytes: 1081344

[2019-03-20T23:23:33-07:00]
rchar: 244768215164
wchar: 113776057589
syscr: 29641105
syscw: 3912501
read_bytes: 35908026880
write_bytes: 113936302080
cancelled_write_bytes: 1089536

[2019-03-20T23:23:36-07:00]
rchar: 245247550811
wchar: 114093951254
syscr: 29699176
syscw: 3920279
read_bytes: 35926114816
write_bytes: 114254671872
cancelled_write_bytes: 1097728

[2019-03-20T23:23:39-07:00]
rchar: 245762838342
wchar: 114455004850
syscr: 29761658
syscw: 3923096
read_bytes: 35937473024
write_bytes: 114616229888
cancelled_write_bytes: 1097728

[2019-03-20T23:23:42-07:00]
rchar: 246399860327
wchar: 114876823034
syscr: 29838751
syscw: 3927255
read_bytes: 35955094016
write_bytes: 115038720000
cancelled_write_bytes: 1097728

[2019-03-20T23:23:45-07:00]
rchar: 247136723033
wchar: 115366040551
syscr: 29928043
syscw: 3931693
read_bytes: 35973390848
write_bytes: 115528683520
cancelled_write_bytes: 1097728

[2019-03-20T23:23:48-07:00]
rchar: 247810728019
wchar: 115820319624
syscr: 30009623
syscw: 3935725
read_bytes: 35993100800
write_bytes: 115983642624
cancelled_write_bytes: 1097728

[2019-03-20T23:23:51-07:00]
rchar: 248462970091
wchar: 116240685030
syscr: 30088596
syscw: 3940010
read_bytes: 36010754560
write_bytes: 116404695040
cancelled_write_bytes: 1097728

[2019-03-20T23:23:54-07:00]
rchar: 248854421149
wchar: 116488230276
syscr: 30135985
syscw: 3942752
read_bytes: 36024615424
write_bytes: 116652617728
cancelled_write_bytes: 1097728

[2019-03-20T23:23:57-07:00]
rchar: 249416771346
wchar: 116787205190
syscr: 30204149
syscw: 3952905
read_bytes: 36090970624
write_bytes: 116951977984
cancelled_write_bytes: 1097728

[2019-03-20T23:24:00-07:00]
rchar: 250373183890
wchar: 117235374275
syscr: 30320120
syscw: 3974248
read_bytes: 36267373056
write_bytes: 117400645632
cancelled_write_bytes: 1097728

[2019-03-20T23:24:03-07:00]
rchar: 250616972797
wchar: 117493817120
syscr: 30349613
syscw: 3980026
read_bytes: 36308238848
write_bytes: 117659488256
cancelled_write_bytes: 1105920

[2019-03-20T23:24:06-07:00]
rchar: 251592706361
wchar: 117852904814
syscr: 30467905
syscw: 3997524
read_bytes: 36448035328
write_bytes: 118019026944
cancelled_write_bytes: 1105920

[2019-03-20T23:24:09-07:00]
rchar: 252711065089
wchar: 118323486303
syscr: 30603430
syscw: 4015935
read_bytes: 36584481280
write_bytes: 118490243072
cancelled_write_bytes: 1105920

[2019-03-20T23:24:12-07:00]
rchar: 253324126005
wchar: 118633720396
syscr: 30677740
syscw: 4024819
read_bytes: 36639994368
write_bytes: 118800883712
cancelled_write_bytes: 1105920

[2019-03-20T23:24:15-07:00]
rchar: 254066423881
wchar: 118911875257
syscr: 30767738
syscw: 4038325
read_bytes: 36737569280
write_bytes: 119079378944
cancelled_write_bytes: 1105920

[2019-03-20T23:24:18-07:00]
rchar: 254359490905
wchar: 119217300679
syscr: 30803206
syscw: 4042601
read_bytes: 36755288576
write_bytes: 119385300992
cancelled_write_bytes: 1114112

[2019-03-20T23:24:21-07:00]
rchar: 255001538153
wchar: 119665704474
syscr: 30881027
syscw: 4046981
read_bytes: 36774486528
write_bytes: 119834341376
cancelled_write_bytes: 1114112

[2019-03-20T23:24:24-07:00]
rchar: 255592095805
wchar: 120072321350
syscr: 30952577
syscw: 4051005
read_bytes: 36791071232
write_bytes: 120241577984
cancelled_write_bytes: 1114112

[2019-03-20T23:24:27-07:00]
rchar: 256121950913
wchar: 120409366102
syscr: 31016792
syscw: 4055341
read_bytes: 36808598016
write_bytes: 120579121152
cancelled_write_bytes: 1114112

[2019-03-20T23:24:30-07:00]
rchar: 256757796521
wchar: 120831674815
syscr: 31093844
syscw: 4060270
read_bytes: 36830986752
write_bytes: 121002061824
cancelled_write_bytes: 1114112

[2019-03-20T23:24:33-07:00]
rchar: 257569122060
wchar: 121276893629
syscr: 31192174
syscw: 4068754
read_bytes: 36876198400
write_bytes: 121447948288
cancelled_write_bytes: 1114112

[2019-03-20T23:24:36-07:00]
rchar: 258355477331
wchar: 121683254561
syscr: 31287496
syscw: 4077782
read_bytes: 36925452800
write_bytes: 121854881792
cancelled_write_bytes: 1114112

[2019-03-20T23:24:39-07:00]
rchar: 259550791971
wchar: 122079492852
syscr: 31432367
syscw: 4096739
read_bytes: 37059260928
write_bytes: 122252234752
cancelled_write_bytes: 1114112

[2019-03-20T23:24:42-07:00]
rchar: 260072120370
wchar: 122366873624
syscr: 31495572
syscw: 4104605
read_bytes: 37110100480
write_bytes: 122539405312
cancelled_write_bytes: 1114112

[2019-03-20T23:24:46-07:00]
rchar: 260558903371
wchar: 122731801793
syscr: 31554530
syscw: 4108472
read_bytes: 37126414848
write_bytes: 122904891392
cancelled_write_bytes: 1122304

[2019-03-20T23:24:49-07:00]
rchar: 261221836359
wchar: 123170297172
syscr: 31634773
syscw: 4112889
read_bytes: 37144674816
write_bytes: 123344097280
cancelled_write_bytes: 1122304

[2019-03-20T23:24:52-07:00]
rchar: 261934797719
wchar: 123618199013
syscr: 31721052
syscw: 4117750
read_bytes: 37163385344
write_bytes: 123792703488
cancelled_write_bytes: 1122304

[2019-03-20T23:24:55-07:00]
rchar: 262574510666
wchar: 124017741365
syscr: 31798478
syscw: 4122157
read_bytes: 37181100544
write_bytes: 124192899072
cancelled_write_bytes: 1122304

[2019-03-20T23:24:58-07:00]
rchar: 263403845940
wchar: 124385445091
syscr: 31898982
syscw: 4140252
read_bytes: 37316760064
write_bytes: 124561059840
cancelled_write_bytes: 1122304

[2019-03-20T23:25:01-07:00]
rchar: 264396657122
wchar: 124826211004
syscr: 32019346
syscw: 4163455
read_bytes: 37480399360
write_bytes: 125002338304
cancelled_write_bytes: 1122304

[2019-03-20T23:25:04-07:00]
rchar: 264803299647
wchar: 125116800396
syscr: 32068577
syscw: 4172701
read_bytes: 37530599936
write_bytes: 125294137344
cancelled_write_bytes: 1130496

[2019-03-20T23:25:07-07:00]
rchar: 265843842147
wchar: 125526130435
syscr: 32194690
syscw: 4191277
read_bytes: 37636739584
write_bytes: 125703241728
cancelled_write_bytes: 1130496

[2019-03-20T23:25:10-07:00]
rchar: 267152296285
wchar: 125993685676
syscr: 32353323
syscw: 4216181
read_bytes: 37787853312
write_bytes: 126171369472
cancelled_write_bytes: 1130496

[2019-03-20T23:25:13-07:00]
rchar: 267801702660
wchar: 126224258005
syscr: 32432047
syscw: 4228661
read_bytes: 37856899584
write_bytes: 126402211840
cancelled_write_bytes: 1130496

[2019-03-20T23:25:16-07:00]
rchar: 268359589647
wchar: 126685983455
syscr: 32499616
syscw: 4236001
read_bytes: 37880930816
write_bytes: 126864633856
cancelled_write_bytes: 1138688

[2019-03-20T23:25:19-07:00]
rchar: 269112105170
wchar: 127150579606
syscr: 32590806
syscw: 4242277
read_bytes: 37899932160
write_bytes: 127329927168
cancelled_write_bytes: 1138688

[2019-03-20T23:25:22-07:00]
rchar: 269788636084
wchar: 127550326673
syscr: 32672773
syscw: 4248407
read_bytes: 37917655552
write_bytes: 127730298880
cancelled_write_bytes: 1138688

[2019-03-20T23:25:25-07:00]
rchar: 270553038889
wchar: 128033044217
syscr: 32765429
syscw: 4255000
read_bytes: 37934932480
write_bytes: 128213737472
cancelled_write_bytes: 1138688

[2019-03-20T23:25:28-07:00]
rchar: 271273857375
wchar: 128494019425
syscr: 32852791
syscw: 4261130
read_bytes: 37952782848
write_bytes: 128675393536
cancelled_write_bytes: 1138688

[2019-03-20T23:25:31-07:00]
rchar: 271936750430
wchar: 128919326395
syscr: 32933125
syscw: 4266571
read_bytes: 37967925760
write_bytes: 129101320192
cancelled_write_bytes: 1138688

[2019-03-20T23:25:34-07:00]
rchar: 272835899485
wchar: 129440504103
syscr: 33042100
syscw: 4275651
read_bytes: 37995536896
write_bytes: 129623265280
cancelled_write_bytes: 1138688

[2019-03-20T23:25:37-07:00]
rchar: 273801285668
wchar: 129754796795
syscr: 33159110
syscw: 4291809
read_bytes: 38074364416
write_bytes: 129938022400
cancelled_write_bytes: 1138688

[2019-03-20T23:25:40-07:00]
rchar: 274378697660
wchar: 130053238299
syscr: 33229039
syscw: 4301934
read_bytes: 38102929920
write_bytes: 130236932096
cancelled_write_bytes: 1146880

[2019-03-20T23:25:43-07:00]
rchar: 276406766359
wchar: 130491351702
syscr: 33474909
syscw: 4332855
read_bytes: 38252810752
write_bytes: 130675527680
cancelled_write_bytes: 1146880

[2019-03-20T23:25:46-07:00]
rchar: 277729207944
wchar: 130789296853
syscr: 33635239
syscw: 4353716
read_bytes: 38344839680
write_bytes: 130973822976
cancelled_write_bytes: 1146880

[2019-03-20T23:25:49-07:00]
rchar: 279021053182
wchar: 131497924542
syscr: 33791757
syscw: 4365987
read_bytes: 38363902464
write_bytes: 131683532800
cancelled_write_bytes: 1155072

[2019-03-20T23:25:52-07:00]
rchar: 279912984835
wchar: 131924580651
syscr: 33899710
syscw: 4373611
read_bytes: 38378025472
write_bytes: 132110962688
cancelled_write_bytes: 1155072

[2019-03-20T23:25:55-07:00]
rchar: 280789853393
wchar: 132331815366
syscr: 34005841
syscw: 4381174
read_bytes: 38393225728
write_bytes: 132518760448
cancelled_write_bytes: 1155072

[2019-03-20T23:25:58-07:00]
rchar: 282053112327
wchar: 132793333021
syscr: 34158920
syscw: 4407206
read_bytes: 38506889728
write_bytes: 132980842496
cancelled_write_bytes: 1155072

[2019-03-20T23:26:01-07:00]
rchar: 282634039527
wchar: 133094697399
syscr: 34229280
syscw: 4423404
read_bytes: 38554944000
write_bytes: 133282631680
cancelled_write_bytes: 1163264

[2019-03-20T23:26:04-07:00]
rchar: 284201439009
wchar: 133569104460
syscr: 34419308
syscw: 4455899
read_bytes: 38699704832
write_bytes: 133757583360
cancelled_write_bytes: 1163264

[2019-03-20T23:26:07-07:00]
rchar: 285063652318
wchar: 133916377103
syscr: 34523771
syscw: 4476486
read_bytes: 38761095680
write_bytes: 134105300992
cancelled_write_bytes: 1163264

[2019-03-20T23:26:10-07:00]
rchar: 287109025689
wchar: 134399132432
syscr: 34771744
syscw: 4511606
read_bytes: 38889525760
write_bytes: 134588592128
cancelled_write_bytes: 1171456

[2019-03-20T23:26:13-07:00]
rchar: 288236080367
wchar: 134688753679
syscr: 34908385
syscw: 4531518
read_bytes: 38911472128
write_bytes: 134878576640
cancelled_write_bytes: 1171456

[2019-03-20T23:26:16-07:00]
rchar: 289183535850
wchar: 135110320245
syscr: 35023173
syscw: 4545952
read_bytes: 38923477504
write_bytes: 135300780032
cancelled_write_bytes: 1179648

[2019-03-20T23:26:19-07:00]
rchar: 291217019761
wchar: 135545367779
syscr: 35269702
syscw: 4576245
read_bytes: 38949769728
write_bytes: 135736332288
cancelled_write_bytes: 1183744

[2019-03-20T23:26:22-07:00]
rchar: 292180823909
wchar: 135811253518
syscr: 35386549
syscw: 4589793
read_bytes: 38961373696
write_bytes: 136002588672
cancelled_write_bytes: 1187840

[2019-03-20T23:26:25-07:00]
rchar: 293359321240
wchar: 136421010120
syscr: 35529361
syscw: 4602558
read_bytes: 38971191808
write_bytes: 136613249024
cancelled_write_bytes: 1196032

[2019-03-20T23:26:28-07:00]
rchar: 294292642722
wchar: 136795207122
syscr: 35642478
syscw: 4611478
read_bytes: 38978318848
write_bytes: 136988004352
cancelled_write_bytes: 1196032

[2019-03-20T23:26:31-07:00]
rchar: 295331793921
wchar: 137260640753
syscr: 35768472
syscw: 4620881
read_bytes: 38985724416
write_bytes: 137454104576
cancelled_write_bytes: 1196032

[2019-03-20T23:26:34-07:00]
rchar: 296492441659
wchar: 137743093631
syscr: 35909139
syscw: 4631959
read_bytes: 38994399744
write_bytes: 137937264640
cancelled_write_bytes: 1196032

[2019-03-20T23:26:37-07:00]
rchar: 297568395403
wchar: 138217500822
syscr: 36039544
syscw: 4641850
read_bytes: 39002636800
write_bytes: 138412396544
cancelled_write_bytes: 1196032

[2019-03-20T23:26:40-07:00]
rchar: 298338377852
wchar: 138605245545
syscr: 36132903
syscw: 4648365
read_bytes: 39007982080
write_bytes: 138800717824
cancelled_write_bytes: 1196032

[2019-03-20T23:26:43-07:00]
rchar: 298922745270
wchar: 138941748877
syscr: 36203423
syscw: 4652552
read_bytes: 39011136000
write_bytes: 139137753088
cancelled_write_bytes: 1196032

[2019-03-20T23:26:46-07:00]
rchar: 299549155675
wchar: 139317329178
syscr: 36279271
syscw: 4664063
read_bytes: 39020433920
write_bytes: 139513913344
cancelled_write_bytes: 1196032

[2019-03-20T23:26:49-07:00]
rchar: 301031587383
wchar: 140043698738
syscr: 36458788
syscw: 4683643
read_bytes: 39036318208
write_bytes: 140241395712
cancelled_write_bytes: 1208320

[2019-03-20T23:26:52-07:00]
rchar: 301930346166
wchar: 140512128242
syscr: 36567585
syscw: 4694718
read_bytes: 39045054976
write_bytes: 140710580224
cancelled_write_bytes: 1208320

[2019-03-20T23:26:55-07:00]
rchar: 302690366164
wchar: 140827017525
syscr: 36659661
syscw: 4712696
read_bytes: 39059829248
write_bytes: 141025878016
cancelled_write_bytes: 1208320

[2019-03-20T23:26:58-07:00]
rchar: 302971716977
wchar: 141095679209
syscr: 36693696
syscw: 4720300
read_bytes: 39066018304
write_bytes: 141294968832
cancelled_write_bytes: 1208320

[2019-03-20T23:27:01-07:00]
rchar: 304169722689
wchar: 141517505054
syscr: 36838921
syscw: 4743973
read_bytes: 39085076992
write_bytes: 141717352448
cancelled_write_bytes: 1216512

[2019-03-20T23:27:04-07:00]
rchar: 305539352259
wchar: 141998969103
syscr: 37004961
syscw: 4771254
read_bytes: 39107473920
write_bytes: 142199427072
cancelled_write_bytes: 1220608

[2019-03-20T23:27:07-07:00]
rchar: 306011533173
wchar: 142284103666
syscr: 37062202
syscw: 4782206
read_bytes: 39115907584
write_bytes: 142484983808
cancelled_write_bytes: 1220608

[2019-03-20T23:27:10-07:00]
rchar: 307039014287
wchar: 142615973578
syscr: 37186689
syscw: 4799396
read_bytes: 39129469440
write_bytes: 142817275904
cancelled_write_bytes: 1236992

[2019-03-20T23:27:13-07:00]
rchar: 308814154666
wchar: 143105506368
syscr: 37401885
syscw: 4830385
read_bytes: 39154766336
write_bytes: 143307399168
cancelled_write_bytes: 1236992

[2019-03-20T23:27:16-07:00]
rchar: 309257653394
wchar: 143260893624
syscr: 37455655
syscw: 4837478
read_bytes: 39160353280
write_bytes: 143462998016
cancelled_write_bytes: 1236992

[2019-03-20T23:27:19-07:00]
rchar: 310268279302
wchar: 143799929479
syscr: 37578097
syscw: 4851733
read_bytes: 39171269120
write_bytes: 144002875392
cancelled_write_bytes: 1249280

[2019-03-20T23:27:22-07:00]
rchar: 311313024274
wchar: 144291798914
syscr: 37704597
syscw: 4862555
read_bytes: 39180108288
write_bytes: 144495513600
cancelled_write_bytes: 1249280

[2019-03-20T23:27:25-07:00]
rchar: 312057283017
wchar: 144627294367
syscr: 37794687
syscw: 4870585
read_bytes: 39186108928
write_bytes: 144831549440
cancelled_write_bytes: 1249280

[2019-03-20T23:27:28-07:00]
rchar: 313158253799
wchar: 144984672781
syscr: 37928007
syscw: 4888256
read_bytes: 39199937024
write_bytes: 145189658624
cancelled_write_bytes: 1249280

[2019-03-20T23:27:31-07:00]
rchar: 313725815921
wchar: 145258532360
syscr: 37996806
syscw: 4901275
read_bytes: 39209705984
write_bytes: 145463648256
cancelled_write_bytes: 1249280

[2019-03-20T23:27:34-07:00]
rchar: 314231990766
wchar: 145624124493
syscr: 38058086
syscw: 4913272
read_bytes: 39218962944
write_bytes: 145829797888
cancelled_write_bytes: 1249280

[2019-03-20T23:27:37-07:00]
rchar: 315371454425
wchar: 146029152400
syscr: 38196215
syscw: 4935374
read_bytes: 39236846080
write_bytes: 146235334656
cancelled_write_bytes: 1257472

[2019-03-20T23:27:40-07:00]
rchar: 316536891553
wchar: 146437403336
syscr: 38337496
syscw: 4958675
read_bytes: 39255626240
write_bytes: 146644082688
cancelled_write_bytes: 1261568

[2019-03-20T23:27:43-07:00]
rchar: 317048627876
wchar: 146763250949
syscr: 38399543
syscw: 4970062
read_bytes: 39264166400
write_bytes: 146970415104
cancelled_write_bytes: 1265664

[2019-03-20T23:27:46-07:00]
rchar: 318511093832
wchar: 147163689310
syscr: 38576757
syscw: 4995297
read_bytes: 39284617728
write_bytes: 147371352064
cancelled_write_bytes: 1277952

[2019-03-20T23:27:49-07:00]
rchar: 320160501959
wchar: 147638202557
syscr: 38776714
syscw: 5023527
read_bytes: 39305667072
write_bytes: 147846434816
cancelled_write_bytes: 1277952

[2019-03-20T23:27:52-07:00]
rchar: 320659733764
wchar: 147839172961
syscr: 38837238
syscw: 5033157
read_bytes: 39312916992
write_bytes: 148047695872
cancelled_write_bytes: 1277952

[2019-03-20T23:27:55-07:00]
rchar: 321701408965
wchar: 148336629693
syscr: 38963459
syscw: 5046091
read_bytes: 39329292800
write_bytes: 148545863680
cancelled_write_bytes: 1290240

[2019-03-20T23:27:58-07:00]
rchar: 322880014209
wchar: 148773526993
syscr: 39106331
syscw: 5060789
read_bytes: 39355720192
write_bytes: 148983349248
cancelled_write_bytes: 1290240

[2019-03-20T23:28:01-07:00]
rchar: 324322609915
wchar: 149345252733
syscr: 39281234
syscw: 5077424
read_bytes: 39394365952
write_bytes: 149555834880
cancelled_write_bytes: 1290240

[2019-03-20T23:28:04-07:00]
rchar: 324994660485
wchar: 149710930336
syscr: 39362723
syscw: 5083540
read_bytes: 39404384768
write_bytes: 149922037760
cancelled_write_bytes: 1290240

[2019-03-20T23:28:07-07:00]
rchar: 325570075992
wchar: 150031588477
syscr: 39432351
syscw: 5088402
read_bytes: 39412376064
write_bytes: 150243196928
cancelled_write_bytes: 1290240

[2019-03-20T23:28:10-07:00]
rchar: 326108976742
wchar: 150397519105
syscr: 39497601
syscw: 5091622
read_bytes: 39417131520
write_bytes: 150609649664
cancelled_write_bytes: 1290240

[2019-03-20T23:28:13-07:00]
rchar: 326910229415
wchar: 150903251039
syscr: 39594610
syscw: 5098673
read_bytes: 39429919232
write_bytes: 151116185600
cancelled_write_bytes: 1290240

[2019-03-20T23:28:16-07:00]
rchar: 327702063665
wchar: 151381082671
syscr: 39690557
syscw: 5107122
read_bytes: 39445168640
write_bytes: 151594758144
cancelled_write_bytes: 1290240

[2019-03-20T23:28:19-07:00]
rchar: 328349509032
wchar: 151688994887
syscr: 39768873
syscw: 5113390
read_bytes: 39456535040
write_bytes: 151903133696
cancelled_write_bytes: 1298432

[2019-03-20T23:28:22-07:00]
rchar: 329780210723
wchar: 152231194039
syscr: 39942296
syscw: 5137471
read_bytes: 39538610688
write_bytes: 152446029824
cancelled_write_bytes: 1298432

[2019-03-20T23:28:25-07:00]
rchar: 330678617788
wchar: 152532251270
syscr: 40051221
syscw: 5156862
read_bytes: 39607378432
write_bytes: 152747454464
cancelled_write_bytes: 1302528

[2019-03-20T23:28:28-07:00]
rchar: 331464945350
wchar: 153059600655
syscr: 40146504
syscw: 5166139
read_bytes: 39624528384
write_bytes: 153275957248
cancelled_write_bytes: 1310720

[2019-03-20T23:28:31-07:00]
rchar: 332261407604
wchar: 153515433997
syscr: 40243012
syscw: 5174080
read_bytes: 39638397440
write_bytes: 153732104192
cancelled_write_bytes: 1310720

[2019-03-20T23:28:34-07:00]
rchar: 333005665384
wchar: 153926457364
syscr: 40333229
syscw: 5181519
read_bytes: 39652692480
write_bytes: 154143707136
cancelled_write_bytes: 1310720

[2019-03-20T23:28:37-07:00]
rchar: 333823751867
wchar: 154396674493
syscr: 40432350
syscw: 5189572
read_bytes: 39665775104
write_bytes: 154614624256
cancelled_write_bytes: 1310720

[2019-03-20T23:28:40-07:00]
rchar: 334667492361
wchar: 154848245684
syscr: 40534610
syscw: 5198749
read_bytes: 39679357440
write_bytes: 155066867712
cancelled_write_bytes: 1310720

[2019-03-20T23:28:43-07:00]
rchar: 335403997984
wchar: 155242098873
syscr: 40623872
syscw: 5206596
read_bytes: 39693832704
write_bytes: 155461304320
cancelled_write_bytes: 1310720

[2019-03-20T23:28:46-07:00]
rchar: 336121136933
wchar: 155648651125
syscr: 40710797
syscw: 5213868
read_bytes: 39707357696
write_bytes: 155868463104
cancelled_write_bytes: 1310720

[2019-03-20T23:28:49-07:00]
rchar: 336481397520
wchar: 155795654244
syscr: 40754462
syscw: 5218864
read_bytes: 39717302784
write_bytes: 156015693824
cancelled_write_bytes: 1310720

[2019-03-20T23:28:52-07:00]
rchar: 336923436634
wchar: 156128754186
syscr: 40808045
syscw: 5225496
read_bytes: 39728243200
write_bytes: 156349308928
cancelled_write_bytes: 1310720

[2019-03-20T23:28:55-07:00]
rchar: 337799743911
wchar: 156546146122
syscr: 40914221
syscw: 5234593
read_bytes: 39745229312
write_bytes: 156767334400
cancelled_write_bytes: 1318912

[2019-03-20T23:28:58-07:00]
rchar: 338664806157
wchar: 156997459400
syscr: 41018959
syscw: 5242384
read_bytes: 39760843264
write_bytes: 157219332096
cancelled_write_bytes: 1318912

[2019-03-20T23:29:01-07:00]
rchar: 339578123993
wchar: 157468808180
syscr: 41129524
syscw: 5250721
read_bytes: 39776948736
write_bytes: 157691408384
cancelled_write_bytes: 1318912

[2019-03-20T23:29:04-07:00]
rchar: 340336915574
wchar: 157918162591
syscr: 41221388
syscw: 5256794
read_bytes: 39787672064
write_bytes: 158141476864
cancelled_write_bytes: 1318912

[2019-03-20T23:29:07-07:00]
rchar: 340933925016
wchar: 158244260306
syscr: 41293730
syscw: 5264586
read_bytes: 39801668096
write_bytes: 158468026368
cancelled_write_bytes: 1318912

[2019-03-20T23:29:10-07:00]
rchar: 341640848475
wchar: 158659283715
syscr: 41379419
syscw: 5277010
read_bytes: 39831163392
write_bytes: 158883610624
cancelled_write_bytes: 1318912

[2019-03-20T23:29:13-07:00]
rchar: 341942164991
wchar: 158858854753
syscr: 41415937
syscw: 5282521
read_bytes: 39840944640
write_bytes: 159083450368
cancelled_write_bytes: 1318912

[2019-03-20T23:29:16-07:00]
rchar: 342606935880
wchar: 159269134723
syscr: 41496446
syscw: 5294760
read_bytes: 39867851264
write_bytes: 159494324224
cancelled_write_bytes: 1327104

[2019-03-20T23:29:19-07:00]
rchar: 343264436654
wchar: 159656269375
syscr: 41576140
syscw: 5302112
read_bytes: 39880794624
write_bytes: 159882305536
cancelled_write_bytes: 1327104

[2019-03-20T23:29:22-07:00]
rchar: 344215730755
wchar: 160075072464
syscr: 41691430
syscw: 5317797
read_bytes: 39923683840
write_bytes: 160301363200
cancelled_write_bytes: 1327104

[2019-03-20T23:29:25-07:00]
rchar: 345329037984
wchar: 160394169763
syscr: 41826388
syscw: 5341514
read_bytes: 40009568768
write_bytes: 160620810240
cancelled_write_bytes: 1327104

[2019-03-20T23:29:28-07:00]
rchar: 345652916213
wchar: 160630991446
syscr: 41865589
syscw: 5349077
read_bytes: 40025072128
write_bytes: 160858017792
cancelled_write_bytes: 1331200

[2019-03-20T23:29:31-07:00]
rchar: 346588462356
wchar: 161150690884
syscr: 41978997
syscw: 5358623
read_bytes: 40040710656
write_bytes: 161378463744
cancelled_write_bytes: 1335296

[2019-03-20T23:29:34-07:00]
rchar: 347226607222
wchar: 161487474974
syscr: 42056332
syscw: 5365582
read_bytes: 40052322816
write_bytes: 161715728384
cancelled_write_bytes: 1335296

[2019-03-20T23:29:37-07:00]
rchar: 348060999693
wchar: 161927035498
syscr: 42157459
syscw: 5374853
read_bytes: 40069616128
write_bytes: 162155937792
cancelled_write_bytes: 1335296

[2019-03-20T23:29:40-07:00]
rchar: 348819270374
wchar: 162329085707
syscr: 42249373
syscw: 5383245
read_bytes: 40081826304
write_bytes: 162558545920
cancelled_write_bytes: 1335296

[2019-03-20T23:29:43-07:00]
rchar: 349711304184
wchar: 162752386695
syscr: 42357489
syscw: 5394412
read_bytes: 40103592448
write_bytes: 162982440960
cancelled_write_bytes: 1335296

[2019-03-20T23:29:46-07:00]
rchar: 350430750261
wchar: 163134033412
syscr: 42444719
syscw: 5402695
read_bytes: 40118604288
write_bytes: 163364651008
cancelled_write_bytes: 1335296

[2019-03-20T23:29:49-07:00]
rchar: 350976800079
wchar: 163506353590
syscr: 42510808
syscw: 5406775
read_bytes: 40124379648
write_bytes: 163737587712
cancelled_write_bytes: 1335296

[2019-03-20T23:29:52-07:00]
rchar: 351439721122
wchar: 163819514050
syscr: 42566824
syscw: 5412435
read_bytes: 40134341120
write_bytes: 164051283968
cancelled_write_bytes: 1335296

[2019-03-20T23:29:55-07:00]
rchar: 352026355408
wchar: 164190130620
syscr: 42637791
syscw: 5419878
read_bytes: 40147730944
write_bytes: 164422483968
cancelled_write_bytes: 1335296

[2019-03-20T23:29:58-07:00]
rchar: 352590579083
wchar: 164470525388
syscr: 42706064
syscw: 5425686
read_bytes: 40159367680
write_bytes: 164704149504
cancelled_write_bytes: 1343488

[2019-03-20T23:30:01-07:00]
rchar: 354094164954
wchar: 164963065383
syscr: 42888351
syscw: 5454010
read_bytes: 40275755520
write_bytes: 165196476416
cancelled_write_bytes: 1343488

[2019-03-20T23:30:04-07:00]
rchar: 354898865386
wchar: 165336598431
syscr: 42985909
syscw: 5466363
read_bytes: 40303108608
write_bytes: 165570498560
cancelled_write_bytes: 1343488

[2019-03-20T23:30:07-07:00]
rchar: 355252556220
wchar: 165563737385
syscr: 43028777
syscw: 5474059
read_bytes: 40315060736
write_bytes: 165797974016
cancelled_write_bytes: 1343488

[2019-03-20T23:30:10-07:00]
rchar: 356052456989
wchar: 166041040415
syscr: 43125688
syscw: 5483423
read_bytes: 40331264512
write_bytes: 166275969024
cancelled_write_bytes: 1351680

[2019-03-20T23:30:13-07:00]
rchar: 356866227686
wchar: 166473216804
syscr: 43224290
syscw: 5492322
read_bytes: 40347632128
write_bytes: 166708793344
cancelled_write_bytes: 1351680

[2019-03-20T23:30:16-07:00]
rchar: 357645954885
wchar: 166923694996
syscr: 43318773
syscw: 5499698
read_bytes: 40364577280
write_bytes: 167160909824
cancelled_write_bytes: 1351680

[2019-03-20T23:30:19-07:00]
rchar: 358392073128
wchar: 167340741975
syscr: 43409191
syscw: 5507650
read_bytes: 40382095872
write_bytes: 167577595904
cancelled_write_bytes: 1351680

[2019-03-20T23:30:22-07:00]
rchar: 359100557958
wchar: 167723166919
syscr: 43495047
syscw: 5515407
read_bytes: 40403714560
write_bytes: 167960633344
cancelled_write_bytes: 1351680

[2019-03-20T23:30:25-07:00]
rchar: 359901074616
wchar: 168260223832
syscr: 43592020
syscw: 5521577
read_bytes: 40424206848
write_bytes: 168498520064
cancelled_write_bytes: 1351680

[2019-03-20T23:30:28-07:00]
rchar: 360750372293
wchar: 168842908907
syscr: 43694832
syscw: 5527734
read_bytes: 40450310656
write_bytes: 169082122240
cancelled_write_bytes: 1351680

[2019-03-20T23:30:31-07:00]
rchar: 361348521919
wchar: 169246992469
syscr: 43767178
syscw: 5532151
read_bytes: 40467300864
write_bytes: 169486864384
cancelled_write_bytes: 1351680

[2019-03-20T23:30:34-07:00]
rchar: 361622541177
wchar: 169505901756
syscr: 43800334
syscw: 5535350
read_bytes: 40484024832
write_bytes: 169746214912
cancelled_write_bytes: 1351680

[2019-03-20T23:30:37-07:00]
rchar: 362651700101
wchar: 170018727042
syscr: 43925032
syscw: 5551378
read_bytes: 40624390656
write_bytes: 170259722240
cancelled_write_bytes: 1359872

[2019-03-20T23:30:40-07:00]
rchar: 363624378294
wchar: 170392062584
syscr: 44042953
syscw: 5568792
read_bytes: 40745144832
write_bytes: 170633551872
cancelled_write_bytes: 1359872

[2019-03-20T23:30:43-07:00]
rchar: 364797325640
wchar: 170829162183
syscr: 44185145
syscw: 5590327
read_bytes: 40898462208
write_bytes: 171071172608
cancelled_write_bytes: 1359872

[2019-03-20T23:30:46-07:00]
rchar: 365150922734
wchar: 171093739215
syscr: 44227994
syscw: 5597811
read_bytes: 40943407616
write_bytes: 171336167424
cancelled_write_bytes: 1359872

[2019-03-20T23:30:49-07:00]
rchar: 365887173245
wchar: 171610750250
syscr: 44317208
syscw: 5603033
read_bytes: 40964178432
write_bytes: 171854356480
cancelled_write_bytes: 1368064

[2019-03-20T23:30:52-07:00]
rchar: 366529217180
wchar: 172054532165
syscr: 44394983
syscw: 5607328
read_bytes: 40980648448
write_bytes: 172298444800
cancelled_write_bytes: 1372160

[2019-03-20T23:30:55-07:00]
rchar: 367121516571
wchar: 172470045036
syscr: 44466752
syscw: 5611377
read_bytes: 40999137792
write_bytes: 172714586112
cancelled_write_bytes: 1372160

[2019-03-20T23:30:58-07:00]
rchar: 367690242723
wchar: 172872294327
syscr: 44535658
syscw: 5615066
read_bytes: 41015730688
write_bytes: 173117440000
cancelled_write_bytes: 1372160

[2019-03-20T23:31:01-07:00]
rchar: 368439925813
wchar: 173420913957
syscr: 44626518
syscw: 5619987
read_bytes: 41037459968
write_bytes: 173666893824
cancelled_write_bytes: 1372160

[2019-03-20T23:31:04-07:00]
rchar: 368927090704
wchar: 173771780107
syscr: 44685553
syscw: 5623133
read_bytes: 41054552576
write_bytes: 174018322432
cancelled_write_bytes: 1372160

[2019-03-20T23:31:07-07:00]
rchar: 369566326985
wchar: 174231185640
syscr: 44763008
syscw: 5627451
read_bytes: 41078137344
write_bytes: 174478401536
cancelled_write_bytes: 1372160

[2019-03-20T23:31:10-07:00]
rchar: 370814867149
wchar: 174765061414
syscr: 44914361
syscw: 5644277
read_bytes: 41261240832
write_bytes: 175012978688
cancelled_write_bytes: 1372160

[2019-03-20T23:31:13-07:00]
rchar: 371724534908
wchar: 175119256467
syscr: 45024594
syscw: 5657871
read_bytes: 41381196288
write_bytes: 175367655424
cancelled_write_bytes: 1372160

[2019-03-20T23:31:16-07:00]
rchar: 372268263961
wchar: 175457036843
syscr: 45090441
syscw: 5667105
read_bytes: 41469579776
write_bytes: 175705931776
cancelled_write_bytes: 1372160

[2019-03-20T23:31:19-07:00]
rchar: 373883290949
wchar: 175920818118
syscr: 45286230
syscw: 5689219
read_bytes: 41695896064
write_bytes: 176170283008
cancelled_write_bytes: 1380352

[2019-03-20T23:31:22-07:00]
rchar: 375475413321
wchar: 176355473632
syscr: 45479243
syscw: 5711697
read_bytes: 41914999296
write_bytes: 176605609984
cancelled_write_bytes: 1380352

[2019-03-20T23:31:25-07:00]
rchar: 376464653338
wchar: 176781482677
syscr: 45599173
syscw: 5725825
read_bytes: 42059555328
write_bytes: 177032077312
cancelled_write_bytes: 1380352

[2019-03-20T23:31:28-07:00]
rchar: 377197463513
wchar: 177292803861
syscr: 45687840
syscw: 5729414
read_bytes: 42085671424
write_bytes: 177544208384
cancelled_write_bytes: 1388544

[2019-03-20T23:31:31-07:00]
rchar: 377853366668
wchar: 177745232779
syscr: 45767224
syscw: 5732624
read_bytes: 42107159040
write_bytes: 177997393920
cancelled_write_bytes: 1388544

[2019-03-20T23:31:34-07:00]
rchar: 378583518068
wchar: 178222957845
syscr: 45855501
syscw: 5736927
read_bytes: 42148340224
write_bytes: 178475929600
cancelled_write_bytes: 1388544

[2019-03-20T23:31:37-07:00]
rchar: 379396468766
wchar: 178644943703
syscr: 45954055
syscw: 5753331
read_bytes: 42372743680
write_bytes: 178898432000
cancelled_write_bytes: 1388544

[2019-03-20T23:31:40-07:00]
rchar: 380176233473
wchar: 179025588728
syscr: 46048568
syscw: 5769718
read_bytes: 42586980864
write_bytes: 179279601664
cancelled_write_bytes: 1388544

[2019-03-20T23:31:43-07:00]
rchar: 380966972149
wchar: 179388352630
syscr: 46144420
syscw: 5787378
read_bytes: 42794308096
write_bytes: 179642814464
cancelled_write_bytes: 1388544

[2019-03-20T23:31:46-07:00]
rchar: 381262625646
wchar: 179672877901
syscr: 46180189
syscw: 5793402
read_bytes: 42844549632
write_bytes: 179927781376
cancelled_write_bytes: 1396736

[2019-03-20T23:31:49-07:00]
rchar: 382276068782
wchar: 180057166784
syscr: 46303030
syscw: 5811618
read_bytes: 43042460160
write_bytes: 180312555520
cancelled_write_bytes: 1396736

[2019-03-20T23:31:52-07:00]
rchar: 383528968751
wchar: 180478149121
syscr: 46454926
syscw: 5837057
read_bytes: 43270382080
write_bytes: 180734074880
cancelled_write_bytes: 1396736

[2019-03-20T23:31:55-07:00]
rchar: 384068693894
wchar: 180745032534
syscr: 46520367
syscw: 5850288
read_bytes: 43336684032
write_bytes: 181001326592
cancelled_write_bytes: 1396736

[2019-03-20T23:31:58-07:00]
rchar: 385612552568
wchar: 180980399005
syscr: 46707482
syscw: 5880816
read_bytes: 43474555392
write_bytes: 181236908032
cancelled_write_bytes: 1404928

[2019-03-20T23:32:01-07:00]
rchar: 387087530584
wchar: 181291702625
syscr: 46886301
syscw: 5908175
read_bytes: 43566817792
write_bytes: 181548539904
cancelled_write_bytes: 1404928

[2019-03-20T23:32:04-07:00]
rchar: 387801870106
wchar: 181593757529
syscr: 46972838
syscw: 5919590
read_bytes: 43605692928
write_bytes: 181851062272
cancelled_write_bytes: 1413120

[2019-03-20T23:32:07-07:00]
rchar: 388731995697
wchar: 181893890261
syscr: 47085592
syscw: 5931618
read_bytes: 43649171968
write_bytes: 182151626752
cancelled_write_bytes: 1417216

[2019-03-20T23:32:10-07:00]
rchar: 389058435701
wchar: 182164714093
syscr: 47125154
syscw: 5932703
read_bytes: 43651297792
write_bytes: 182422876160
cancelled_write_bytes: 1470464

[2019-03-20T23:32:13-07:00]
rchar: 389058435701
wchar: 182164714093
syscr: 47125154
syscw: 5932703
read_bytes: 43651297792
write_bytes: 182422876160
cancelled_write_bytes: 1470464

[2019-03-20T23:32:16-07:00]
rchar: 389058435701
wchar: 182164714093
syscr: 47125154
syscw: 5932703
read_bytes: 43651297792
write_bytes: 182422876160
cancelled_write_bytes: 1470464

[2019-03-20T23:32:19-07:00]
rchar: 389058443354
wchar: 182164714211
syscr: 47125164
syscw: 5932704
read_bytes: 43651379712
write_bytes: 182422880256
cancelled_write_bytes: 1470464

