Extracting RWBS and sectors to /tmp/ycsb-rocksdb/data/output_myworkloada/sectors.dat
Parsing results...

SECTOR_SIZE   RW   COUNT         RATIO (in R/W)   RATIO (Overall)
----------------------------------------------------------------------
24            R    1144213              54.772%           49.909%
16            R    433474               20.750%           18.907%
8             R    196406                9.402%            8.567%
1024          W    148138               72.780%            6.462%
40            R    54316                 2.600%            2.369%
32            R    39664                 1.899%            1.730%
56            R    37996                 1.819%            1.657%
8             W    29641                14.563%            1.293%
72            R    26482                 1.268%            1.155%
1016          W    21617                10.620%            0.943%
88            R    19694                 0.943%            0.859%
256           R    16929                 0.810%            0.738%
104           R    14480                 0.693%            0.632%
48            R    12821                 0.614%            0.559%
64            R    12080                 0.578%            0.527%
120           R    10731                 0.514%            0.468%
80            R    7772                  0.372%            0.339%
136           R    7628                  0.365%            0.333%
96            R    6274                  0.300%            0.274%
152           R    5803                  0.278%            0.253%
112           R    5221                  0.250%            0.228%
128           R    4997                  0.239%            0.218%
168           R    4107                  0.197%            0.179%
144           R    3312                  0.159%            0.144%
184           R    3251                  0.156%            0.142%
160           R    2924                  0.140%            0.128%
200           R    2428                  0.116%            0.106%
216           R    2376                  0.114%            0.104%
192           R    2201                  0.105%            0.096%
176           R    2162                  0.103%            0.094%
208           R    1527                  0.073%            0.067%
240           R    1524                  0.073%            0.066%
232           R    1481                  0.071%            0.065%
224           R    1383                  0.066%            0.060%
248           R    1085                  0.052%            0.047%
512           R    255                   0.012%            0.011%
408           W    239                   0.117%            0.010%
264           R    219                   0.010%            0.010%
64            W    205                   0.101%            0.009%
32            W    202                   0.099%            0.009%
416           W    194                   0.095%            0.008%
280           R    185                   0.009%            0.008%
3             W    158                   0.078%            0.007%
296           R    141                   0.007%            0.006%
272           R    133                   0.006%            0.006%
312           R    131                   0.006%            0.006%
16            W    128                   0.063%            0.006%
288           R    113                   0.005%            0.005%
400           W    111                   0.055%            0.005%
424           W    100                   0.049%            0.004%
328           R    99                    0.005%            0.004%
24            W    98                    0.048%            0.004%
304           R    97                    0.005%            0.004%
344           R    83                    0.004%            0.004%
25            W    79                    0.039%            0.003%
96            W    77                    0.038%            0.003%
23            W    75                    0.037%            0.003%
320           R    73                    0.003%            0.003%
22            W    73                    0.036%            0.003%
336           R    71                    0.003%            0.003%
15            W    71                    0.035%            0.003%
392           W    70                    0.034%            0.003%
360           R    70                    0.003%            0.003%
1             W    66                    0.032%            0.003%
744           W    64                    0.031%            0.003%
21            W    64                    0.031%            0.003%
26            W    63                    0.031%            0.003%
20            W    61                    0.030%            0.003%
376           R    59                    0.003%            0.003%
112           W    59                    0.029%            0.003%
29            W    58                    0.028%            0.003%
896           W    56                    0.028%            0.002%
120           W    56                    0.028%            0.002%
384           R    54                    0.003%            0.002%
952           W    53                    0.026%            0.002%
904           W    53                    0.026%            0.002%
27            W    53                    0.026%            0.002%
19            W    53                    0.026%            0.002%
920           W    52                    0.026%            0.002%
888           W    52                    0.026%            0.002%
392           R    52                    0.002%            0.002%
28            W    51                    0.025%            0.002%
352           R    49                    0.002%            0.002%
11            W    49                    0.024%            0.002%
128           W    47                    0.023%            0.002%
18            W    46                    0.023%            0.002%
408           R    45                    0.002%            0.002%
368           R    43                    0.002%            0.002%
424           R    42                    0.002%            0.002%
440           R    41                    0.002%            0.002%
2             W    39                    0.019%            0.002%
736           W    34                    0.017%            0.001%
456           R    34                    0.002%            0.001%
40            W    34                    0.017%            0.001%
400           R    34                    0.002%            0.001%
30            W    34                    0.017%            0.001%
14            W    32                    0.016%            0.001%
712           W    31                    0.015%            0.001%
448           R    29                    0.001%            0.001%
720           W    28                    0.014%            0.001%
432           R    28                    0.001%            0.001%
31            W    28                    0.014%            0.001%
472           R    27                    0.001%            0.001%
416           R    27                    0.001%            0.001%
12            W    27                    0.013%            0.001%
4             W    26                    0.013%            0.001%
728           W    25                    0.012%            0.001%
33            W    24                    0.012%            0.001%
17            W    24                    0.012%            0.001%
464           R    23                    0.001%            0.001%
13            W    23                    0.011%            0.001%
752           W    22                    0.011%            0.001%
72            W    22                    0.011%            0.001%
5             W    22                    0.011%            0.001%
56            W    21                    0.010%            0.001%
480           R    21                    0.001%            0.001%
48            W    20                    0.010%            0.001%
136           W    20                    0.010%            0.001%
38            W    19                    0.009%            0.001%
35            W    19                    0.009%            0.001%
42            W    18                    0.009%            0.001%
34            W    18                    0.009%            0.001%
10            W    18                    0.009%            0.001%
504           R    17                    0.001%            0.001%
432           W    17                    0.008%            0.001%
7             W    16                    0.008%            0.001%
36            W    16                    0.008%            0.001%
6             W    15                    0.007%            0.001%
488           R    15                    0.001%            0.001%
39            W    13                    0.006%            0.001%
45            W    11                    0.005%            0.000%
88            W    10                    0.005%            0.000%
784           W    10                    0.005%            0.000%
41            W    10                    0.005%            0.000%
160           W    10                    0.005%            0.000%
984           W    9                     0.004%            0.000%
928           W    9                     0.004%            0.000%
664           W    9                     0.004%            0.000%
49            W    9                     0.004%            0.000%
384           W    9                     0.004%            0.000%
1             R    9                     0.000%            0.000%
9             W    8                     0.004%            0.000%
968           W    8                     0.004%            0.000%
808           W    8                     0.004%            0.000%
768           W    8                     0.004%            0.000%
704           W    8                     0.004%            0.000%
688           W    8                     0.004%            0.000%
192           W    8                     0.004%            0.000%
168           W    8                     0.004%            0.000%
624           W    7                     0.003%            0.000%
512           W    7                     0.003%            0.000%
47            W    7                     0.003%            0.000%
37            W    7                     0.003%            0.000%
208           W    7                     0.003%            0.000%
144           W    7                     0.003%            0.000%
848           W    6                     0.003%            0.000%
824           W    6                     0.003%            0.000%
776           W    6                     0.003%            0.000%
680           W    6                     0.003%            0.000%
616           W    6                     0.003%            0.000%
608           W    6                     0.003%            0.000%
328           W    6                     0.003%            0.000%
248           W    6                     0.003%            0.000%
184           W    6                     0.003%            0.000%
104           W    6                     0.003%            0.000%
856           W    5                     0.002%            0.000%
57            W    5                     0.002%            0.000%
544           W    5                     0.002%            0.000%
53            W    5                     0.002%            0.000%
50            W    5                     0.002%            0.000%
46            W    5                     0.002%            0.000%
448           W    5                     0.002%            0.000%
352           W    5                     0.002%            0.000%
344           W    5                     0.002%            0.000%
320           W    5                     0.002%            0.000%
304           W    5                     0.002%            0.000%
272           W    5                     0.002%            0.000%
992           W    4                     0.002%            0.000%
872           W    4                     0.002%            0.000%
816           W    4                     0.002%            0.000%
800           W    4                     0.002%            0.000%
640           W    4                     0.002%            0.000%
600           W    4                     0.002%            0.000%
576           W    4                     0.002%            0.000%
52            W    4                     0.002%            0.000%
504           W    4                     0.002%            0.000%
496           R    4                     0.000%            0.000%
472           W    4                     0.002%            0.000%
44            W    4                     0.002%            0.000%
43            W    4                     0.002%            0.000%
376           W    4                     0.002%            0.000%
368           W    4                     0.002%            0.000%
312           W    4                     0.002%            0.000%
296           W    4                     0.002%            0.000%
288           W    4                     0.002%            0.000%
264           W    4                     0.002%            0.000%
256           W    4                     0.002%            0.000%
224           W    4                     0.002%            0.000%
960           W    3                     0.001%            0.000%
912           W    3                     0.001%            0.000%
880           W    3                     0.001%            0.000%
864           W    3                     0.001%            0.000%
80            W    3                     0.001%            0.000%
792           W    3                     0.001%            0.000%
760           W    3                     0.001%            0.000%
58            W    3                     0.001%            0.000%
568           W    3                     0.001%            0.000%
560           W    3                     0.001%            0.000%
552           W    3                     0.001%            0.000%
536           W    3                     0.001%            0.000%
51            W    3                     0.001%            0.000%
488           W    3                     0.001%            0.000%
464           W    3                     0.001%            0.000%
456           W    3                     0.001%            0.000%
336           W    3                     0.001%            0.000%
240           W    3                     0.001%            0.000%
216           W    3                     0.001%            0.000%
176           W    3                     0.001%            0.000%
152           W    3                     0.001%            0.000%
1008          W    3                     0.001%            0.000%
976           W    2                     0.001%            0.000%
944           W    2                     0.001%            0.000%
936           W    2                     0.001%            0.000%
840           W    2                     0.001%            0.000%
832           W    2                     0.001%            0.000%
696           W    2                     0.001%            0.000%
672           W    2                     0.001%            0.000%
656           W    2                     0.001%            0.000%
60            W    2                     0.001%            0.000%
54            W    2                     0.001%            0.000%
528           W    2                     0.001%            0.000%
520           W    2                     0.001%            0.000%
360           W    2                     0.001%            0.000%
280           W    2                     0.001%            0.000%
200           W    2                     0.001%            0.000%
648           W    1                     0.000%            0.000%
632           W    1                     0.000%            0.000%
59            W    1                     0.000%            0.000%
584           W    1                     0.000%            0.000%
55            W    1                     0.000%            0.000%
480           W    1                     0.000%            0.000%
232           W    1                     0.000%            0.000%
1000          W    1                     0.000%            0.000%


SUMMARY (512-byte sectors)
----------------------------------------------------------------------
Total read I/Os : 2089065        [ 91.122%]
Total write I/Os: 203543         [  8.878%]
Total read sectors : 64523777    [ 26.950%,   31505.750MB]
Total write sectors: 174893088   [ 73.050%,   85397.016MB]
