Extracting RWBS and sectors to /tmp/ycsb-rocksdb/data/output_myworkloada/sectors.dat
Parsing results...

SECTOR_SIZE   RW   COUNT         RATIO (in R/W)   RATIO (Overall)
----------------------------------------------------------------------
24            R    2215838              49.825%           45.681%
16            R    1005565              22.611%           20.731%
8             R    549736               12.361%           11.333%
1024          W    294319               72.962%            6.068%
40            R    126760                2.850%            2.613%
56            R    87267                 1.962%            1.799%
32            R    82315                 1.851%            1.697%
72            R    61961                 1.393%            1.277%
8             W    58489                14.499%            1.206%
88            R    45187                 1.016%            0.932%
1016          W    43072                10.678%            0.888%
104           R    33029                 0.743%            0.681%
48            R    28562                 0.642%            0.589%
120           R    25101                 0.564%            0.517%
64            R    24972                 0.562%            0.515%
136           R    17712                 0.398%            0.365%
80            R    17003                 0.382%            0.351%
256           R    14431                 0.324%            0.298%
96            R    13540                 0.304%            0.279%
152           R    12889                 0.290%            0.266%
112           R    10810                 0.243%            0.223%
168           R    9546                  0.215%            0.197%
128           R    9430                  0.212%            0.194%
184           R    7008                  0.158%            0.144%
144           R    6613                  0.149%            0.136%
160           R    5345                  0.120%            0.110%
200           R    5117                  0.115%            0.105%
192           R    4449                  0.100%            0.092%
216           R    4297                  0.097%            0.089%
176           R    4181                  0.094%            0.086%
208           R    2876                  0.065%            0.059%
232           R    2784                  0.063%            0.057%
224           R    2258                  0.051%            0.047%
240           R    2179                  0.049%            0.045%
248           R    2095                  0.047%            0.043%
264           R    843                   0.019%            0.017%
280           R    634                   0.014%            0.013%
408           W    618                   0.153%            0.013%
416           W    534                   0.132%            0.011%
296           R    494                   0.011%            0.010%
272           R    463                   0.010%            0.010%
312           R    424                   0.010%            0.009%
288           R    363                   0.008%            0.007%
512           R    330                   0.007%            0.007%
304           R    312                   0.007%            0.006%
328           R    271                   0.006%            0.006%
64            W    248                   0.061%            0.005%
344           R    245                   0.006%            0.005%
32            W    217                   0.054%            0.004%
16            W    212                   0.053%            0.004%
320           R    207                   0.005%            0.004%
24            W    196                   0.049%            0.004%
3             W    193                   0.048%            0.004%
360           R    190                   0.004%            0.004%
336           R    184                   0.004%            0.004%
23            W    172                   0.043%            0.004%
352           R    168                   0.004%            0.003%
26            W    168                   0.042%            0.003%
400           W    158                   0.039%            0.003%
27            W    157                   0.039%            0.003%
28            W    156                   0.039%            0.003%
376           R    152                   0.003%            0.003%
368           R    144                   0.003%            0.003%
12            W    144                   0.036%            0.003%
744           W    143                   0.035%            0.003%
29            W    137                   0.034%            0.003%
25            W    135                   0.033%            0.003%
22            W    127                   0.031%            0.003%
96            W    124                   0.031%            0.003%
392           R    123                   0.003%            0.003%
11            W    123                   0.030%            0.003%
384           R    115                   0.003%            0.002%
112           W    105                   0.026%            0.002%
30            W    100                   0.025%            0.002%
21            W    100                   0.025%            0.002%
424           W    99                    0.025%            0.002%
136           W    96                    0.024%            0.002%
952           W    95                    0.024%            0.002%
904           W    93                    0.023%            0.002%
120           W    93                    0.023%            0.002%
424           R    92                    0.002%            0.002%
13            W    92                    0.023%            0.002%
920           W    91                    0.023%            0.002%
400           R    90                    0.002%            0.002%
896           W    88                    0.022%            0.002%
888           W    85                    0.021%            0.002%
416           R    81                    0.002%            0.002%
31            W    79                    0.020%            0.002%
1             W    78                    0.019%            0.002%
408           R    77                    0.002%            0.002%
20            W    66                    0.016%            0.001%
264           W    63                    0.016%            0.001%
728           W    62                    0.015%            0.001%
33            W    60                    0.015%            0.001%
736           W    59                    0.015%            0.001%
440           R    58                    0.001%            0.001%
10            W    55                    0.014%            0.001%
448           R    53                    0.001%            0.001%
34            W    51                    0.013%            0.001%
19            W    48                    0.012%            0.001%
464           R    46                    0.001%            0.001%
9             W    45                    0.011%            0.001%
456           R    44                    0.001%            0.001%
712           W    43                    0.011%            0.001%
432           R    42                    0.001%            0.001%
18            W    42                    0.010%            0.001%
752           W    40                    0.010%            0.001%
392           W    40                    0.010%            0.001%
17            W    40                    0.010%            0.001%
472           R    39                    0.001%            0.001%
35            W    38                    0.009%            0.001%
2             W    37                    0.009%            0.001%
40            W    35                    0.009%            0.001%
480           R    32                    0.001%            0.001%
7             W    31                    0.008%            0.001%
720           W    29                    0.007%            0.001%
4             W    29                    0.007%            0.001%
36            W    29                    0.007%            0.001%
128           W    29                    0.007%            0.001%
48            W    26                    0.006%            0.001%
14            W    25                    0.006%            0.001%
5             W    24                    0.006%            0.000%
432           W    23                    0.006%            0.000%
39            W    23                    0.006%            0.000%
192           W    23                    0.006%            0.000%
15            W    23                    0.006%            0.000%
41            W    22                    0.005%            0.000%
504           R    21                    0.000%            0.000%
6             W    20                    0.005%            0.000%
56            W    20                    0.005%            0.000%
38            W    20                    0.005%            0.000%
37            W    20                    0.005%            0.000%
288           W    20                    0.005%            0.000%
272           W    20                    0.005%            0.000%
880           W    19                    0.005%            0.000%
488           R    19                    0.000%            0.000%
496           R    17                    0.000%            0.000%
768           W    16                    0.004%            0.000%
160           W    16                    0.004%            0.000%
80            W    15                    0.004%            0.000%
42            W    15                    0.004%            0.000%
344           W    15                    0.004%            0.000%
280           W    15                    0.004%            0.000%
152           W    15                    0.004%            0.000%
53            W    14                    0.003%            0.000%
51            W    14                    0.003%            0.000%
43            W    14                    0.003%            0.000%
144           W    14                    0.003%            0.000%
704           W    13                    0.003%            0.000%
600           W    13                    0.003%            0.000%
49            W    13                    0.003%            0.000%
168           W    13                    0.003%            0.000%
992           W    12                    0.003%            0.000%
872           W    12                    0.003%            0.000%
864           W    12                    0.003%            0.000%
800           W    12                    0.003%            0.000%
72            W    12                    0.003%            0.000%
640           W    12                    0.003%            0.000%
45            W    12                    0.003%            0.000%
296           W    12                    0.003%            0.000%
256           W    12                    0.003%            0.000%
176           W    12                    0.003%            0.000%
968           W    11                    0.003%            0.000%
928           W    11                    0.003%            0.000%
88            W    11                    0.003%            0.000%
808           W    11                    0.003%            0.000%
576           W    11                    0.003%            0.000%
480           W    11                    0.003%            0.000%
384           W    11                    0.003%            0.000%
1008          W    11                    0.003%            0.000%
960           W    10                    0.002%            0.000%
816           W    10                    0.002%            0.000%
528           W    10                    0.002%            0.000%
312           W    10                    0.002%            0.000%
248           W    10                    0.002%            0.000%
104           W    10                    0.002%            0.000%
912           W    9                     0.002%            0.000%
824           W    9                     0.002%            0.000%
784           W    9                     0.002%            0.000%
760           W    9                     0.002%            0.000%
648           W    9                     0.002%            0.000%
616           W    9                     0.002%            0.000%
608           W    9                     0.002%            0.000%
592           W    9                     0.002%            0.000%
536           W    9                     0.002%            0.000%
512           W    9                     0.002%            0.000%
47            W    9                     0.002%            0.000%
46            W    9                     0.002%            0.000%
44            W    9                     0.002%            0.000%
336           W    9                     0.002%            0.000%
1             R    9                     0.000%            0.000%
976           W    8                     0.002%            0.000%
936           W    8                     0.002%            0.000%
856           W    8                     0.002%            0.000%
776           W    8                     0.002%            0.000%
672           W    8                     0.002%            0.000%
624           W    8                     0.002%            0.000%
568           W    8                     0.002%            0.000%
552           W    8                     0.002%            0.000%
52            W    8                     0.002%            0.000%
520           W    8                     0.002%            0.000%
50            W    8                     0.002%            0.000%
456           W    8                     0.002%            0.000%
360           W    8                     0.002%            0.000%
352           W    8                     0.002%            0.000%
320           W    8                     0.002%            0.000%
304           W    8                     0.002%            0.000%
240           W    8                     0.002%            0.000%
200           W    8                     0.002%            0.000%
984           W    7                     0.002%            0.000%
944           W    7                     0.002%            0.000%
840           W    7                     0.002%            0.000%
680           W    7                     0.002%            0.000%
632           W    7                     0.002%            0.000%
496           W    7                     0.002%            0.000%
464           W    7                     0.002%            0.000%
368           W    7                     0.002%            0.000%
224           W    7                     0.002%            0.000%
216           W    7                     0.002%            0.000%
208           W    7                     0.002%            0.000%
664           W    6                     0.001%            0.000%
61            W    6                     0.001%            0.000%
58            W    6                     0.001%            0.000%
560           W    6                     0.001%            0.000%
232           W    6                     0.001%            0.000%
848           W    5                     0.001%            0.000%
832           W    5                     0.001%            0.000%
59            W    5                     0.001%            0.000%
584           W    5                     0.001%            0.000%
54            W    5                     0.001%            0.000%
472           W    5                     0.001%            0.000%
440           W    5                     0.001%            0.000%
376           W    5                     0.001%            0.000%
184           W    5                     0.001%            0.000%
1000          W    5                     0.001%            0.000%
792           W    4                     0.001%            0.000%
696           W    4                     0.001%            0.000%
688           W    4                     0.001%            0.000%
57            W    4                     0.001%            0.000%
55            W    4                     0.001%            0.000%
504           W    4                     0.001%            0.000%
448           W    4                     0.001%            0.000%
60            W    3                     0.001%            0.000%
488           W    3                     0.001%            0.000%
328           W    3                     0.001%            0.000%
62            W    2                     0.000%            0.000%
656           W    1                     0.000%            0.000%
63            W    1                     0.000%            0.000%
544           W    1                     0.000%            0.000%


SUMMARY (512-byte sectors)
----------------------------------------------------------------------
Total read I/Os : 4447238        [ 91.684%]
Total write I/Os: 403387         [  8.316%]
Total read sectors : 130402433   [ 27.285%,   63673.063MB]
Total write sectors: 347524636   [ 72.715%,  169689.764MB]
