Extracting RWBS and sectors to /tmp/ycsb-rocksdb/data/output_myworkloada/sectors.dat
Parsing results...

SECTOR_SIZE   RW   COUNT         RATIO (in R/W)   RATIO (Overall)
----------------------------------------------------------------------
1024          W    320547               74.316%           51.950%
256           R    124227               66.896%           20.133%
8             W    51694                11.985%            8.378%
1016          W    43737                10.140%            7.088%
512           R    22673                12.209%            3.675%
264           W    3066                  0.711%            0.497%
56            W    1998                  0.463%            0.324%
16            R    1477                  0.795%            0.239%
32            R    1428                  0.769%            0.231%
8             R    1316                  0.709%            0.213%
24            R    1303                  0.702%            0.211%
240           R    1282                  0.690%            0.208%
48            R    1230                  0.662%            0.199%
40            R    1218                  0.656%            0.197%
56            R    1172                  0.631%            0.190%
192           R    1148                  0.618%            0.186%
64            R    1145                  0.617%            0.186%
248           R    1145                  0.617%            0.186%
232           R    1135                  0.611%            0.184%
200           R    1129                  0.608%            0.183%
176           R    1095                  0.590%            0.177%
224           R    1089                  0.586%            0.176%
208           R    1087                  0.585%            0.176%
168           R    1079                  0.581%            0.175%
152           R    1078                  0.581%            0.175%
216           R    1077                  0.580%            0.175%
160           R    1077                  0.580%            0.175%
128           R    1014                  0.546%            0.164%
184           R    1012                  0.545%            0.164%
88            R    962                   0.518%            0.156%
80            R    955                   0.514%            0.155%
136           R    949                   0.511%            0.154%
96            R    942                   0.507%            0.153%
72            R    928                   0.500%            0.150%
144           R    928                   0.500%            0.150%
112           R    920                   0.495%            0.149%
104           R    915                   0.493%            0.148%
120           R    869                   0.468%            0.141%
64            W    853                   0.198%            0.138%
48            W    359                   0.083%            0.058%
488           R    333                   0.179%            0.054%
480           R    332                   0.179%            0.054%
496           R    311                   0.167%            0.050%
424           W    307                   0.071%            0.050%
32            W    303                   0.070%            0.049%
456           R    294                   0.158%            0.048%
472           R    288                   0.155%            0.047%
448           R    285                   0.153%            0.046%
464           R    279                   0.150%            0.045%
16            W    257                   0.060%            0.042%
120           W    248                   0.057%            0.040%
88            W    246                   0.057%            0.040%
768           W    238                   0.055%            0.039%
784           W    235                   0.054%            0.038%
416           W    233                   0.054%            0.038%
112           W    217                   0.050%            0.035%
304           R    212                   0.114%            0.034%
968           W    210                   0.049%            0.034%
896           W    206                   0.048%            0.033%
312           R    196                   0.106%            0.032%
24            W    192                   0.045%            0.031%
928           W    189                   0.044%            0.031%
984           W    185                   0.043%            0.030%
408           W    183                   0.042%            0.030%
336           R    180                   0.097%            0.029%
320           R    170                   0.092%            0.028%
72            W    169                   0.039%            0.027%
904           W    168                   0.039%            0.027%
264           R    167                   0.090%            0.027%
328           R    166                   0.089%            0.027%
296           R    166                   0.089%            0.027%
344           R    163                   0.088%            0.026%
288           R    155                   0.083%            0.025%
272           R    155                   0.083%            0.025%
280           R    140                   0.075%            0.023%
40            W    138                   0.032%            0.022%
384           R    137                   0.074%            0.022%
344           W    130                   0.030%            0.021%
80            W    128                   0.030%            0.021%
352           R    128                   0.069%            0.021%
824           W    116                   0.027%            0.019%
192           W    115                   0.027%            0.019%
352           W    107                   0.025%            0.017%
816           W    100                   0.023%            0.016%
336           W    99                    0.023%            0.016%
200           W    99                    0.023%            0.016%
128           W    99                    0.023%            0.016%
216           W    97                    0.022%            0.016%
19            W    93                    0.022%            0.015%
3             W    92                    0.021%            0.015%
224           W    77                    0.018%            0.012%
432           W    76                    0.018%            0.012%
2             W    72                    0.017%            0.012%
280           W    72                    0.017%            0.012%
328           W    71                    0.016%            0.012%
22            W    69                    0.016%            0.011%
152           W    67                    0.016%            0.011%
144           W    64                    0.015%            0.010%
136           W    63                    0.015%            0.010%
20            W    62                    0.014%            0.010%
12            W    60                    0.014%            0.010%
104           W    60                    0.014%            0.010%
296           W    59                    0.014%            0.010%
96            W    58                    0.013%            0.009%
1             W    57                    0.013%            0.009%
21            W    56                    0.013%            0.009%
18            W    56                    0.013%            0.009%
17            W    56                    0.013%            0.009%
440           R    55                    0.030%            0.009%
272           W    55                    0.013%            0.009%
23            W    55                    0.013%            0.009%
4             W    54                    0.013%            0.009%
25            W    54                    0.013%            0.009%
6             W    53                    0.012%            0.009%
360           R    53                    0.029%            0.009%
13            W    53                    0.012%            0.009%
368           R    48                    0.026%            0.008%
360           W    46                    0.011%            0.007%
416           R    45                    0.024%            0.007%
312           W    45                    0.010%            0.007%
28            W    45                    0.010%            0.007%
26            W    45                    0.010%            0.007%
14            W    45                    0.010%            0.007%
432           R    43                    0.023%            0.007%
5             W    42                    0.010%            0.007%
7             W    41                    0.010%            0.007%
288           W    41                    0.010%            0.007%
376           R    40                    0.022%            0.006%
936           W    39                    0.009%            0.006%
528           W    39                    0.009%            0.006%
15            W    38                    0.009%            0.006%
424           R    37                    0.020%            0.006%
376           W    37                    0.009%            0.006%
320           W    36                    0.008%            0.006%
11            W    36                    0.008%            0.006%
10            W    36                    0.008%            0.006%
888           W    35                    0.008%            0.006%
496           W    35                    0.008%            0.006%
232           W    35                    0.008%            0.006%
9             W    34                    0.008%            0.006%
584           W    34                    0.008%            0.006%
304           W    34                    0.008%            0.006%
27            W    34                    0.008%            0.006%
168           W    34                    0.008%            0.006%
512           W    32                    0.007%            0.005%
992           W    31                    0.007%            0.005%
248           W    31                    0.007%            0.005%
392           W    30                    0.007%            0.005%
408           R    29                    0.016%            0.005%
400           R    29                    0.016%            0.005%
848           W    28                    0.006%            0.005%
840           W    28                    0.006%            0.005%
720           W    28                    0.006%            0.005%
504           W    28                    0.006%            0.005%
448           W    28                    0.006%            0.005%
392           R    28                    0.015%            0.005%
256           W    28                    0.006%            0.005%
176           W    28                    0.006%            0.005%
160           W    28                    0.006%            0.005%
736           W    26                    0.006%            0.004%
592           W    26                    0.006%            0.004%
488           W    26                    0.006%            0.004%
912           W    25                    0.006%            0.004%
688           W    25                    0.006%            0.004%
504           R    25                    0.013%            0.004%
464           W    25                    0.006%            0.004%
440           W    25                    0.006%            0.004%
952           W    24                    0.006%            0.004%
864           W    24                    0.006%            0.004%
744           W    24                    0.006%            0.004%
520           W    24                    0.006%            0.004%
976           W    23                    0.005%            0.004%
368           W    23                    0.005%            0.004%
208           W    23                    0.005%            0.004%
184           W    23                    0.005%            0.004%
536           W    22                    0.005%            0.004%
656           W    21                    0.005%            0.003%
544           W    21                    0.005%            0.003%
472           W    21                    0.005%            0.003%
384           W    21                    0.005%            0.003%
792           W    20                    0.005%            0.003%
760           W    20                    0.005%            0.003%
1000          W    20                    0.005%            0.003%
920           W    19                    0.004%            0.003%
640           W    19                    0.004%            0.003%
480           W    19                    0.004%            0.003%
29            W    19                    0.004%            0.003%
872           W    18                    0.004%            0.003%
832           W    18                    0.004%            0.003%
800           W    18                    0.004%            0.003%
608           W    18                    0.004%            0.003%
400           W    18                    0.004%            0.003%
240           W    18                    0.004%            0.003%
632           W    17                    0.004%            0.003%
552           W    17                    0.004%            0.003%
456           W    17                    0.004%            0.003%
33            W    17                    0.004%            0.003%
34            W    16                    0.004%            0.003%
31            W    16                    0.004%            0.003%
672           W    15                    0.003%            0.002%
30            W    15                    0.003%            0.002%
960           W    14                    0.003%            0.002%
616           W    14                    0.003%            0.002%
560           W    14                    0.003%            0.002%
696           W    13                    0.003%            0.002%
648           W    13                    0.003%            0.002%
704           W    12                    0.003%            0.002%
624           W    12                    0.003%            0.002%
37            W    12                    0.003%            0.002%
36            W    12                    0.003%            0.002%
808           W    11                    0.003%            0.002%
752           W    11                    0.003%            0.002%
600           W    11                    0.003%            0.002%
39            W    11                    0.003%            0.002%
776           W    10                    0.002%            0.002%
680           W    10                    0.002%            0.002%
664           W    10                    0.002%            0.002%
568           W    10                    0.002%            0.002%
576           W    9                     0.002%            0.001%
35            W    9                     0.002%            0.001%
856           W    8                     0.002%            0.001%
45            W    8                     0.002%            0.001%
38            W    8                     0.002%            0.001%
1             R    8                     0.004%            0.001%
944           W    7                     0.002%            0.001%
880           W    7                     0.002%            0.001%
728           W    7                     0.002%            0.001%
42            W    7                     0.002%            0.001%
712           W    6                     0.001%            0.001%
46            W    6                     0.001%            0.001%
41            W    5                     0.001%            0.001%
1008          W    5                     0.001%            0.001%
49            W    4                     0.001%            0.001%
52            W    3                     0.001%            0.000%
47            W    3                     0.001%            0.000%
44            W    3                     0.001%            0.000%
43            W    3                     0.001%            0.000%
54            W    2                     0.000%            0.000%
50            W    2                     0.000%            0.000%
62            W    1                     0.000%            0.000%
55            W    1                     0.000%            0.000%
53            W    1                     0.000%            0.000%
51            W    1                     0.000%            0.000%


SUMMARY (512-byte sectors)
----------------------------------------------------------------------
Total read I/Os : 185701         [ 30.096%]
Total write I/Os: 431328         [ 69.904%]
Total read sectors : 49529104    [ 11.603%,   24184.133MB]
Total write sectors: 377353047   [ 88.397%,  184254.417MB]
