Extracting RWBS and sectors to /tmp/ycsb-rocksdb/data/sdc/output_myworkloada/sectors.dat
Parsing results...

SECTOR_SIZE   RW   COUNT         RATIO (in R/W)   RATIO (Overall)
----------------------------------------------------------------------
24            R    4441631              58.689%           55.779%
16            R    1173703              15.508%           14.740%
8             R    913104               12.065%           11.467%
1024          W    288211               73.000%            3.619%
40            R    131785                1.741%            1.655%
32            R    125242                1.655%            1.573%
56            R    84429                 1.116%            1.060%
72            R    60042                 0.793%            0.754%
8             W    57341                14.524%            0.720%
256           R    56817                 0.751%            0.714%
88            R    46185                 0.610%            0.580%
1016          W    41980                10.633%            0.527%
104           R    37263                 0.492%            0.468%
48            R    32114                 0.424%            0.403%
120           R    31629                 0.418%            0.397%
512           R    30735                 0.406%            0.386%
64            R    28173                 0.372%            0.354%
136           R    26137                 0.345%            0.328%
152           R    22691                 0.300%            0.285%
80            R    21619                 0.286%            0.271%
168           R    19321                 0.255%            0.243%
96            R    18888                 0.250%            0.237%
112           R    16890                 0.223%            0.212%
184           R    16589                 0.219%            0.208%
128           R    16431                 0.217%            0.206%
200           R    14433                 0.191%            0.181%
144           R    13922                 0.184%            0.175%
192           R    13381                 0.177%            0.168%
216           R    13366                 0.177%            0.168%
160           R    12499                 0.165%            0.157%
232           R    12368                 0.163%            0.155%
176           R    11343                 0.150%            0.142%
248           R    10744                 0.142%            0.135%
208           R    9709                  0.128%            0.122%
240           R    9271                  0.123%            0.116%
224           R    8473                  0.112%            0.106%
264           R    5757                  0.076%            0.072%
280           R    5258                  0.069%            0.066%
296           R    4834                  0.064%            0.061%
312           R    4230                  0.056%            0.053%
272           R    4166                  0.055%            0.052%
328           R    3905                  0.052%            0.049%
288           R    3799                  0.050%            0.048%
344           R    3593                  0.047%            0.045%
304           R    3547                  0.047%            0.045%
320           R    3264                  0.043%            0.041%
360           R    3260                  0.043%            0.041%
336           R    3079                  0.041%            0.039%
376           R    2859                  0.038%            0.036%
352           R    2859                  0.038%            0.036%
384           R    2701                  0.036%            0.034%
368           R    2691                  0.036%            0.034%
392           R    2651                  0.035%            0.033%
408           R    2506                  0.033%            0.031%
400           R    2391                  0.032%            0.030%
424           R    2191                  0.029%            0.028%
416           R    2156                  0.028%            0.027%
440           R    2067                  0.027%            0.026%
432           R    2014                  0.027%            0.025%
448           R    1872                  0.025%            0.024%
456           R    1835                  0.024%            0.023%
472           R    1725                  0.023%            0.022%
464           R    1717                  0.023%            0.022%
480           R    1591                  0.021%            0.020%
488           R    992                   0.013%            0.012%
496           R    941                   0.012%            0.012%
504           R    749                   0.010%            0.009%
408           W    611                   0.155%            0.008%
416           W    492                   0.125%            0.006%
64            W    342                   0.087%            0.004%
32            W    265                   0.067%            0.003%
16            W    195                   0.049%            0.002%
24            W    170                   0.043%            0.002%
30            W    154                   0.039%            0.002%
3             W    148                   0.037%            0.002%
26            W    148                   0.037%            0.002%
400           W    145                   0.037%            0.002%
29            W    137                   0.035%            0.002%
27            W    131                   0.033%            0.002%
96            W    126                   0.032%            0.002%
31            W    126                   0.032%            0.002%
14            W    124                   0.031%            0.002%
744           W    120                   0.030%            0.002%
28            W    113                   0.029%            0.001%
25            W    113                   0.029%            0.001%
920           W    111                   0.028%            0.001%
13            W    109                   0.028%            0.001%
120           W    108                   0.027%            0.001%
112           W    102                   0.026%            0.001%
904           W    100                   0.025%            0.001%
136           W    99                    0.025%            0.001%
896           W    98                    0.025%            0.001%
888           W    98                    0.025%            0.001%
952           W    96                    0.024%            0.001%
23            W    93                    0.024%            0.001%
736           W    87                    0.022%            0.001%
33            W    79                    0.020%            0.001%
1             W    76                    0.019%            0.001%
4             W    75                    0.019%            0.001%
34            W    74                    0.019%            0.001%
128           W    71                    0.018%            0.001%
424           W    70                    0.018%            0.001%
15            W    68                    0.017%            0.001%
7             W    62                    0.016%            0.001%
35            W    62                    0.016%            0.001%
9             W    60                    0.015%            0.001%
22            W    60                    0.015%            0.001%
10            W    53                    0.013%            0.001%
12            W    49                    0.012%            0.001%
36            W    47                    0.012%            0.001%
40            W    45                    0.011%            0.001%
37            W    45                    0.011%            0.001%
392           W    44                    0.011%            0.001%
38            W    43                    0.011%            0.001%
21            W    43                    0.011%            0.001%
5             W    41                    0.010%            0.001%
20            W    41                    0.010%            0.001%
39            W    39                    0.010%            0.000%
6             W    37                    0.009%            0.000%
41            W    35                    0.009%            0.000%
712           W    34                    0.009%            0.000%
2             W    31                    0.008%            0.000%
11            W    31                    0.008%            0.000%
752           W    30                    0.008%            0.000%
17            W    29                    0.007%            0.000%
720           W    26                    0.007%            0.000%
48            W    24                    0.006%            0.000%
18            W    24                    0.006%            0.000%
976           W    22                    0.006%            0.000%
19            W    21                    0.005%            0.000%
776           W    19                    0.005%            0.000%
42            W    19                    0.005%            0.000%
984           W    17                    0.004%            0.000%
728           W    17                    0.004%            0.000%
43            W    17                    0.004%            0.000%
240           W    17                    0.004%            0.000%
192           W    17                    0.004%            0.000%
872           W    16                    0.004%            0.000%
144           W    16                    0.004%            0.000%
104           W    16                    0.004%            0.000%
824           W    14                    0.004%            0.000%
352           W    14                    0.004%            0.000%
224           W    14                    0.004%            0.000%
1008          W    14                    0.004%            0.000%
296           W    13                    0.003%            0.000%
88            W    12                    0.003%            0.000%
376           W    12                    0.003%            0.000%
288           W    12                    0.003%            0.000%
232           W    12                    0.003%            0.000%
800           W    11                    0.003%            0.000%
664           W    11                    0.003%            0.000%
480           W    11                    0.003%            0.000%
336           W    11                    0.003%            0.000%
784           W    10                    0.003%            0.000%
768           W    10                    0.003%            0.000%
656           W    10                    0.003%            0.000%
616           W    10                    0.003%            0.000%
592           W    10                    0.003%            0.000%
464           W    10                    0.003%            0.000%
448           W    10                    0.003%            0.000%
432           W    10                    0.003%            0.000%
360           W    10                    0.003%            0.000%
344           W    10                    0.003%            0.000%
328           W    10                    0.003%            0.000%
160           W    10                    0.003%            0.000%
912           W    9                     0.002%            0.000%
72            W    9                     0.002%            0.000%
56            W    9                     0.002%            0.000%
544           W    9                     0.002%            0.000%
46            W    9                     0.002%            0.000%
44            W    9                     0.002%            0.000%
384           W    9                     0.002%            0.000%
368           W    9                     0.002%            0.000%
264           W    9                     0.002%            0.000%
256           W    9                     0.002%            0.000%
248           W    9                     0.002%            0.000%
1             R    9                     0.000%            0.000%
992           W    8                     0.002%            0.000%
960           W    8                     0.002%            0.000%
944           W    8                     0.002%            0.000%
936           W    8                     0.002%            0.000%
880           W    8                     0.002%            0.000%
856           W    8                     0.002%            0.000%
792           W    8                     0.002%            0.000%
624           W    8                     0.002%            0.000%
504           W    8                     0.002%            0.000%
440           W    8                     0.002%            0.000%
280           W    8                     0.002%            0.000%
272           W    8                     0.002%            0.000%
176           W    8                     0.002%            0.000%
968           W    7                     0.002%            0.000%
864           W    7                     0.002%            0.000%
760           W    7                     0.002%            0.000%
640           W    7                     0.002%            0.000%
584           W    7                     0.002%            0.000%
45            W    7                     0.002%            0.000%
320           W    7                     0.002%            0.000%
312           W    7                     0.002%            0.000%
216           W    7                     0.002%            0.000%
168           W    7                     0.002%            0.000%
848           W    6                     0.002%            0.000%
816           W    6                     0.002%            0.000%
80            W    6                     0.002%            0.000%
808           W    6                     0.002%            0.000%
680           W    6                     0.002%            0.000%
608           W    6                     0.002%            0.000%
568           W    6                     0.002%            0.000%
560           W    6                     0.002%            0.000%
552           W    6                     0.002%            0.000%
536           W    6                     0.002%            0.000%
512           W    6                     0.002%            0.000%
472           W    6                     0.002%            0.000%
304           W    6                     0.002%            0.000%
928           W    5                     0.001%            0.000%
832           W    5                     0.001%            0.000%
648           W    5                     0.001%            0.000%
632           W    5                     0.001%            0.000%
600           W    5                     0.001%            0.000%
456           W    5                     0.001%            0.000%
208           W    5                     0.001%            0.000%
200           W    5                     0.001%            0.000%
184           W    5                     0.001%            0.000%
840           W    4                     0.001%            0.000%
704           W    4                     0.001%            0.000%
696           W    4                     0.001%            0.000%
688           W    4                     0.001%            0.000%
672           W    4                     0.001%            0.000%
54            W    4                     0.001%            0.000%
528           W    4                     0.001%            0.000%
50            W    4                     0.001%            0.000%
496           W    4                     0.001%            0.000%
47            W    4                     0.001%            0.000%
1000          W    4                     0.001%            0.000%
576           W    3                     0.001%            0.000%
51            W    3                     0.001%            0.000%
49            W    3                     0.001%            0.000%
488           W    3                     0.001%            0.000%
152           W    3                     0.001%            0.000%
61            W    2                     0.001%            0.000%
58            W    2                     0.001%            0.000%
55            W    2                     0.001%            0.000%
53            W    2                     0.001%            0.000%
52            W    2                     0.001%            0.000%
520           W    2                     0.001%            0.000%
63            W    1                     0.000%            0.000%
62            W    1                     0.000%            0.000%
60            W    1                     0.000%            0.000%
59            W    1                     0.000%            0.000%
57            W    1                     0.000%            0.000%


SUMMARY (512-byte sectors)
----------------------------------------------------------------------
Total read I/Os : 7568136        [ 95.042%]
Total write I/Os: 394808         [  4.958%]
Total read sectors : 274162577   [ 44.634%,  133868.446MB]
Total write sectors: 340084655   [ 55.366%,  166056.960MB]
