[2019-04-09T13:11:57-07:00]
rchar: 336841117
wchar: 196222512
syscr: 22146
syscw: 5305
read_bytes: 420413952
write_bytes: 196509696
cancelled_write_bytes: 0

[2019-04-09T13:12:00-07:00]
rchar: 1681488818
wchar: 1043613393
syscr: 185082
syscw: 63551
read_bytes: 1937179136
write_bytes: 1044787200
cancelled_write_bytes: 8192

[2019-04-09T13:12:03-07:00]
rchar: 3624296613
wchar: 1886924172
syscr: 420411
syscw: 112155
read_bytes: 3032147456
write_bytes: 1889067008
cancelled_write_bytes: 16384

[2019-04-09T13:12:06-07:00]
rchar: 5983384981
wchar: 2926913500
syscr: 706113
syscw: 148628
read_bytes: 3674310144
write_bytes: 2930790400
cancelled_write_bytes: 24576

[2019-04-09T13:12:09-07:00]
rchar: 7780566225
wchar: 3875360607
syscr: 923807
syscw: 186402
read_bytes: 4322727424
write_bytes: 3880247296
cancelled_write_bytes: 73728

[2019-04-09T13:12:12-07:00]
rchar: 11195797329
wchar: 4742155580
syscr: 1337704
syscw: 247856
read_bytes: 5634885120
write_bytes: 4747894784
cancelled_write_bytes: 94208

[2019-04-09T13:12:15-07:00]
rchar: 15442683299
wchar: 5739027921
syscr: 1852502
syscw: 300078
read_bytes: 6669985280
write_bytes: 5745909760
cancelled_write_bytes: 106496

[2019-04-09T13:12:19-07:00]
rchar: 16979968486
wchar: 6804857085
syscr: 2038411
syscw: 313463
read_bytes: 6883116544
write_bytes: 6813470720
cancelled_write_bytes: 118784

[2019-04-09T13:12:22-07:00]
rchar: 19090974973
wchar: 7639073913
syscr: 2294297
syscw: 352121
read_bytes: 7798879744
write_bytes: 7648653312
cancelled_write_bytes: 118784

[2019-04-09T13:12:25-07:00]
rchar: 22267588531
wchar: 8466850454
syscr: 2679316
syscw: 399993
read_bytes: 8578438656
write_bytes: 8477360128
cancelled_write_bytes: 184320

[2019-04-09T13:12:28-07:00]
rchar: 25656125735
wchar: 9147516178
syscr: 3090062
syscw: 443212
read_bytes: 9339135488
write_bytes: 9158987776
cancelled_write_bytes: 208896

[2019-04-09T13:12:31-07:00]
rchar: 27018806127
wchar: 10132248675
syscr: 3254892
syscw: 453855
read_bytes: 9568265728
write_bytes: 10145132544
cancelled_write_bytes: 217088

[2019-04-09T13:12:34-07:00]
rchar: 29083171714
wchar: 11117782034
syscr: 3505126
syscw: 494534
read_bytes: 10462111232
write_bytes: 11131932672
cancelled_write_bytes: 217088

[2019-04-09T13:12:37-07:00]
rchar: 31967579087
wchar: 11951361805
syscr: 3854710
syscw: 539760
read_bytes: 11370624512
write_bytes: 11966451712
cancelled_write_bytes: 225280

[2019-04-09T13:12:40-07:00]
rchar: 35338911834
wchar: 12734241644
syscr: 4263349
syscw: 584414
read_bytes: 12145792512
write_bytes: 12750233600
cancelled_write_bytes: 233472

[2019-04-09T13:12:43-07:00]
rchar: 39112858254
wchar: 13656323016
syscr: 4720828
syscw: 619244
read_bytes: 12718671360
write_bytes: 13673480192
cancelled_write_bytes: 262144

[2019-04-09T13:12:46-07:00]
rchar: 40546985993
wchar: 14862627579
syscr: 4894305
syscw: 625910
read_bytes: 12820612608
write_bytes: 14881755136
cancelled_write_bytes: 262144

[2019-04-09T13:12:49-07:00]
rchar: 42560430692
wchar: 15931585907
syscr: 5137999
syscw: 645434
read_bytes: 13093701120
write_bytes: 15952302080
cancelled_write_bytes: 270336

[2019-04-09T13:12:52-07:00]
rchar: 45299436699
wchar: 17245884157
syscr: 5469972
syscw: 689205
read_bytes: 13809985024
write_bytes: 17268277248
cancelled_write_bytes: 270336

[2019-04-09T13:12:55-07:00]
rchar: 48803000433
wchar: 18421316666
syscr: 5894547
syscw: 739575
read_bytes: 14756554240
write_bytes: 18445221888
cancelled_write_bytes: 286720

[2019-04-09T13:12:58-07:00]
rchar: 53905328545
wchar: 20153151751
syscr: 6513081
syscw: 784770
read_bytes: 15295501824
write_bytes: 20180152320
cancelled_write_bytes: 356352

[2019-04-09T13:13:01-07:00]
rchar: 55361195910
wchar: 21299040124
syscr: 6689177
syscw: 793902
read_bytes: 15534007808
write_bytes: 21327794176
cancelled_write_bytes: 356352

[2019-04-09T13:13:04-07:00]
rchar: 56946608863
wchar: 22396001902
syscr: 6881277
syscw: 812497
read_bytes: 15915255296
write_bytes: 22425690112
cancelled_write_bytes: 356352

[2019-04-09T13:13:07-07:00]
rchar: 58496459901
wchar: 23329236718
syscr: 7069037
syscw: 840678
read_bytes: 16515765760
write_bytes: 23360282624
cancelled_write_bytes: 364544

[2019-04-09T13:13:10-07:00]
rchar: 61400973082
wchar: 24410852008
syscr: 7421105
syscw: 885012
read_bytes: 17341933056
write_bytes: 24443973632
cancelled_write_bytes: 364544

[2019-04-09T13:13:13-07:00]
rchar: 65217428373
wchar: 25415522151
syscr: 7883727
syscw: 930225
read_bytes: 17922016768
write_bytes: 25449201664
cancelled_write_bytes: 446464

[2019-04-09T13:13:16-07:00]
rchar: 66989904060
wchar: 26816094530
syscr: 8098033
syscw: 940120
read_bytes: 18074437120
write_bytes: 26852052992
cancelled_write_bytes: 458752

[2019-04-09T13:13:19-07:00]
rchar: 69044524165
wchar: 27844535772
syscr: 8347003
syscw: 967231
read_bytes: 18786166272
write_bytes: 27882414080
cancelled_write_bytes: 458752

[2019-04-09T13:13:22-07:00]
rchar: 70585987092
wchar: 28738418098
syscr: 8533865
syscw: 991376
read_bytes: 19385337344
write_bytes: 28776976384
cancelled_write_bytes: 458752

[2019-04-09T13:13:25-07:00]
rchar: 72157227644
wchar: 30039778085
syscr: 8724207
syscw: 999212
read_bytes: 19523200512
write_bytes: 30081089536
cancelled_write_bytes: 466944

[2019-04-09T13:13:28-07:00]
rchar: 74066078578
wchar: 31420496006
syscr: 8955445
syscw: 1012373
read_bytes: 19830863360
write_bytes: 31463133184
cancelled_write_bytes: 466944

[2019-04-09T13:13:31-07:00]
rchar: 76461676772
wchar: 32556501280
syscr: 9245740
syscw: 1042874
read_bytes: 20518663680
write_bytes: 32600702976
cancelled_write_bytes: 466944

[2019-04-09T13:13:34-07:00]
rchar: 78881810991
wchar: 33561331056
syscr: 9539054
syscw: 1075801
read_bytes: 21181761024
write_bytes: 33606881280
cancelled_write_bytes: 475136

[2019-04-09T13:13:37-07:00]
rchar: 81582593932
wchar: 34421416503
syscr: 9866396
syscw: 1110483
read_bytes: 21810681344
write_bytes: 34468958208
cancelled_write_bytes: 475136

[2019-04-09T13:13:40-07:00]
rchar: 83791495418
wchar: 35945833316
syscr: 10133772
syscw: 1129873
read_bytes: 22042461696
write_bytes: 35995803648
cancelled_write_bytes: 483328

[2019-04-09T13:13:43-07:00]
rchar: 87727439402
wchar: 36918591088
syscr: 10610869
syscw: 1192993
read_bytes: 22774138368
write_bytes: 36968669184
cancelled_write_bytes: 528384

[2019-04-09T13:13:46-07:00]
rchar: 91829514794
wchar: 38114882216
syscr: 11108072
syscw: 1237486
read_bytes: 23244617216
write_bytes: 38166487040
cancelled_write_bytes: 544768

[2019-04-09T13:13:49-07:00]
rchar: 94501765525
wchar: 39918800266
syscr: 11431430
syscw: 1251920
read_bytes: 23479010816
write_bytes: 39973224448
cancelled_write_bytes: 544768

[2019-04-09T13:13:52-07:00]
rchar: 96701705792
wchar: 41110646154
syscr: 11698017
syscw: 1292518
read_bytes: 24169952768
write_bytes: 41166610432
cancelled_write_bytes: 544768

[2019-04-09T13:13:55-07:00]
rchar: 99477071389
wchar: 42398957583
syscr: 12034349
syscw: 1339475
read_bytes: 24961893888
write_bytes: 42456600576
cancelled_write_bytes: 552960

[2019-04-09T13:13:58-07:00]
rchar: 101413740338
wchar: 43892376125
syscr: 12268975
syscw: 1357593
read_bytes: 25195148800
write_bytes: 43952230400
cancelled_write_bytes: 561152

[2019-04-09T13:14:01-07:00]
rchar: 103236496528
wchar: 45492968248
syscr: 12489772
syscw: 1362930
read_bytes: 25248060928
write_bytes: 45555257344
cancelled_write_bytes: 565248

[2019-04-09T13:14:04-07:00]
rchar: 106202313800
wchar: 46743655253
syscr: 12849197
syscw: 1400045
read_bytes: 25760122368
write_bytes: 46807621632
cancelled_write_bytes: 565248

[2019-04-09T13:14:07-07:00]
rchar: 110136248405
wchar: 48023917174
syscr: 13326005
syscw: 1450422
read_bytes: 26325116416
write_bytes: 48089563136
cancelled_write_bytes: 577536

[2019-04-09T13:14:10-07:00]
rchar: 112894367004
wchar: 49280227158
syscr: 13660188
syscw: 1480940
read_bytes: 26568869376
write_bytes: 49347698688
cancelled_write_bytes: 585728

[2019-04-09T13:14:13-07:00]
rchar: 115376764841
wchar: 50582246216
syscr: 13960651
syscw: 1507665
read_bytes: 26916668928
write_bytes: 50651684864
cancelled_write_bytes: 589824

[2019-04-09T13:14:16-07:00]
rchar: 117302380463
wchar: 51610843941
syscr: 14193989
syscw: 1542661
read_bytes: 27343918592
write_bytes: 51681665024
cancelled_write_bytes: 598016

[2019-04-09T13:14:19-07:00]
rchar: 119648911858
wchar: 52548602898
syscr: 14478433
syscw: 1585885
read_bytes: 27877697024
write_bytes: 52620591104
cancelled_write_bytes: 598016

[2019-04-09T13:14:22-07:00]
rchar: 121511009843
wchar: 53958580918
syscr: 14704001
syscw: 1597045
read_bytes: 27981125120
write_bytes: 54032658432
cancelled_write_bytes: 606208

[2019-04-09T13:14:25-07:00]
rchar: 123598253069
wchar: 55154771052
syscr: 14956891
syscw: 1618105
read_bytes: 28180223488
write_bytes: 55230619648
cancelled_write_bytes: 606208

[2019-04-09T13:14:28-07:00]
rchar: 128052787664
wchar: 56126702032
syscr: 15495588
syscw: 1680698
read_bytes: 28696409600
write_bytes: 56203632640
cancelled_write_bytes: 614400

[2019-04-09T13:14:31-07:00]
rchar: 130550061346
wchar: 57640812080
syscr: 15797889
syscw: 1699406
read_bytes: 28816913920
write_bytes: 57720131584
cancelled_write_bytes: 622592

[2019-04-09T13:14:34-07:00]
rchar: 133325129057
wchar: 58834826093
syscr: 16133998
syscw: 1748064
read_bytes: 29290309120
write_bytes: 58916499456
cancelled_write_bytes: 630784

[2019-04-09T13:14:37-07:00]
rchar: 136354427285
wchar: 60409109657
syscr: 16501187
syscw: 1788449
read_bytes: 29681845760
write_bytes: 60492173312
cancelled_write_bytes: 638976

[2019-04-09T13:14:40-07:00]
rchar: 137874831687
wchar: 61672717018
syscr: 16685334
syscw: 1794124
read_bytes: 29714491904
write_bytes: 61759037440
cancelled_write_bytes: 638976

[2019-04-09T13:14:43-07:00]
rchar: 138934544019
wchar: 62594753376
syscr: 16813686
syscw: 1797522
read_bytes: 29732686336
write_bytes: 62681174016
cancelled_write_bytes: 638976

[2019-04-09T13:14:46-07:00]
rchar: 140652409567
wchar: 63528418368
syscr: 17021843
syscw: 1816285
read_bytes: 29866260992
write_bytes: 63616225280
cancelled_write_bytes: 643072

[2019-04-09T13:14:49-07:00]
rchar: 143164700863
wchar: 64389093596
syscr: 17326311
syscw: 1857483
read_bytes: 30191389184
write_bytes: 64478031872
cancelled_write_bytes: 651264

[2019-04-09T13:14:52-07:00]
rchar: 146446885858
wchar: 65486017696
syscr: 17724165
syscw: 1893951
read_bytes: 30487280128
write_bytes: 65576411136
cancelled_write_bytes: 659456

[2019-04-09T13:14:55-07:00]
rchar: 148259286470
wchar: 66430860517
syscr: 17943524
syscw: 1908127
read_bytes: 30604225024
write_bytes: 66523607040
cancelled_write_bytes: 659456

[2019-04-09T13:14:58-07:00]
rchar: 150105133804
wchar: 67167988960
syscr: 18167137
syscw: 1939179
read_bytes: 30922246656
write_bytes: 67260833792
cancelled_write_bytes: 659456

[2019-04-09T13:15:01-07:00]
rchar: 152458953846
wchar: 68099199463
syscr: 18452402
syscw: 1983061
read_bytes: 31378680320
write_bytes: 68193177600
cancelled_write_bytes: 667648

[2019-04-09T13:15:04-07:00]
rchar: 154548912387
wchar: 69280407138
syscr: 18705695
syscw: 2013024
read_bytes: 31662737920
write_bytes: 69376024576
cancelled_write_bytes: 675840

[2019-04-09T13:15:07-07:00]
rchar: 155451166367
wchar: 70030123482
syscr: 18814978
syscw: 2016345
read_bytes: 31681272320
write_bytes: 70126915584
cancelled_write_bytes: 675840

[2019-04-09T13:15:10-07:00]
rchar: 157355252188
wchar: 71440620162
syscr: 19045650
syscw: 2027839
read_bytes: 31758584320
write_bytes: 71539564544
cancelled_write_bytes: 675840

[2019-04-09T13:15:13-07:00]
rchar: 160090379433
wchar: 72529242586
syscr: 19377169
syscw: 2069335
read_bytes: 32211192320
write_bytes: 72629788672
cancelled_write_bytes: 675840

[2019-04-09T13:15:16-07:00]
rchar: 164144149192
wchar: 73731831081
syscr: 19868467
syscw: 2114235
read_bytes: 32556845568
write_bytes: 73833840640
cancelled_write_bytes: 765952

[2019-04-09T13:15:19-07:00]
rchar: 166938202755
wchar: 75204110606
syscr: 20206642
syscw: 2140323
read_bytes: 32810281472
write_bytes: 75309092864
cancelled_write_bytes: 765952

[2019-04-09T13:15:22-07:00]
rchar: 169580900545
wchar: 76199268897
syscr: 20526931
syscw: 2190843
read_bytes: 33360722432
write_bytes: 76305465344
cancelled_write_bytes: 774144

[2019-04-09T13:15:25-07:00]
rchar: 172335298783
wchar: 77085597563
syscr: 20860763
syscw: 2236800
read_bytes: 33743165952
write_bytes: 77192118272
cancelled_write_bytes: 782336

[2019-04-09T13:15:28-07:00]
rchar: 176947587770
wchar: 77859041881
syscr: 21419881
syscw: 2291275
read_bytes: 34085890560
write_bytes: 77966663680
cancelled_write_bytes: 815104

[2019-04-09T13:15:31-07:00]
rchar: 178831437922
wchar: 79432444696
syscr: 21648195
syscw: 2299651
read_bytes: 34107836928
write_bytes: 79542300672
cancelled_write_bytes: 827392

[2019-04-09T13:15:34-07:00]
rchar: 179689696941
wchar: 80141736413
syscr: 21751860
syscw: 2302694
read_bytes: 34114435584
write_bytes: 80252694528
cancelled_write_bytes: 827392

[2019-04-09T13:15:37-07:00]
rchar: 181021295996
wchar: 81176627800
syscr: 21913107
syscw: 2311292
read_bytes: 34137729536
write_bytes: 81289183232
cancelled_write_bytes: 827392

[2019-04-09T13:15:40-07:00]
rchar: 182347393405
wchar: 82243051029
syscr: 22073803
syscw: 2319992
read_bytes: 34159602176
write_bytes: 82357252096
cancelled_write_bytes: 827392

[2019-04-09T13:15:43-07:00]
rchar: 185729993858
wchar: 83118563347
syscr: 22483800
syscw: 2371577
read_bytes: 34464172544
write_bytes: 83233722368
cancelled_write_bytes: 942080

[2019-04-09T13:15:46-07:00]
rchar: 189509357630
wchar: 83839331926
syscr: 22941958
syscw: 2421233
read_bytes: 34766469632
write_bytes: 83955888128
cancelled_write_bytes: 950272

[2019-04-09T13:15:49-07:00]
rchar: 190911196671
wchar: 84800939912
syscr: 23111663
syscw: 2429319
read_bytes: 34801289728
write_bytes: 84918337536
cancelled_write_bytes: 958464

[2019-04-09T13:15:52-07:00]
rchar: 192613129449
wchar: 85797900841
syscr: 23317570
syscw: 2440741
read_bytes: 34870270464
write_bytes: 85916868608
cancelled_write_bytes: 958464

[2019-04-09T13:15:55-07:00]
rchar: 195179835871
wchar: 86794949896
syscr: 23628615
syscw: 2492207
read_bytes: 35369421312
write_bytes: 86915137536
cancelled_write_bytes: 966656

[2019-04-09T13:15:58-07:00]
rchar: 198197642581
wchar: 88261932334
syscr: 23994413
syscw: 2535949
read_bytes: 35720006144
write_bytes: 88384086016
cancelled_write_bytes: 974848

[2019-04-09T13:16:01-07:00]
rchar: 198999458250
wchar: 88954911700
syscr: 24091534
syscw: 2538352
read_bytes: 35728951808
write_bytes: 89078145024
cancelled_write_bytes: 974848

[2019-04-09T13:16:04-07:00]
rchar: 199921747800
wchar: 89709240298
syscr: 24203231
syscw: 2542069
read_bytes: 35745503744
write_bytes: 89833639936
cancelled_write_bytes: 974848

[2019-04-09T13:16:07-07:00]
rchar: 201270105986
wchar: 90749316213
syscr: 24366574
syscw: 2549153
read_bytes: 35778873856
write_bytes: 90875351040
cancelled_write_bytes: 974848

[2019-04-09T13:16:10-07:00]
rchar: 203738043453
wchar: 91535188333
syscr: 24665686
syscw: 2587807
read_bytes: 36026350080
write_bytes: 91662249984
cancelled_write_bytes: 987136

[2019-04-09T13:16:13-07:00]
rchar: 207227877582
wchar: 92530118594
syscr: 25088682
syscw: 2635932
read_bytes: 36197808640
write_bytes: 92658483200
cancelled_write_bytes: 1032192

[2019-04-09T13:16:16-07:00]
rchar: 208774722789
wchar: 93648443456
syscr: 25275819
syscw: 2643201
read_bytes: 36234234368
write_bytes: 93778595840
cancelled_write_bytes: 1040384

[2019-04-09T13:16:19-07:00]
rchar: 211628941904
wchar: 94475559451
syscr: 25621729
syscw: 2692739
read_bytes: 36614326784
write_bytes: 94606696448
cancelled_write_bytes: 1040384

[2019-04-09T13:16:22-07:00]
rchar: 214596699398
wchar: 95431377297
syscr: 25981429
syscw: 2743649
read_bytes: 36905089536
write_bytes: 95563714560
cancelled_write_bytes: 1048576

[2019-04-09T13:16:25-07:00]
rchar: 219308730386
wchar: 96402874148
syscr: 26552615
syscw: 2804119
read_bytes: 37306722816
write_bytes: 96536309760
cancelled_write_bytes: 1056768

[2019-04-09T13:16:28-07:00]
rchar: 221678114153
wchar: 97545938748
syscr: 26839462
syscw: 2823399
read_bytes: 37384395264
write_bytes: 97681178624
cancelled_write_bytes: 1064960

[2019-04-09T13:16:31-07:00]
rchar: 223822074436
wchar: 98425792474
syscr: 27099081
syscw: 2845405
read_bytes: 37469948416
write_bytes: 98562355200
cancelled_write_bytes: 1064960

[2019-04-09T13:16:34-07:00]
rchar: 227985779956
wchar: 99377418325
syscr: 27603693
syscw: 2899902
read_bytes: 37693446656
write_bytes: 99515027456
cancelled_write_bytes: 1179648

[2019-04-09T13:16:37-07:00]
rchar: 230771494308
wchar: 100636983210
syscr: 27941357
syscw: 2931459
read_bytes: 37772970496
write_bytes: 100776353792
cancelled_write_bytes: 1200128

[2019-04-09T13:16:40-07:00]
rchar: 231725473161
wchar: 101329762820
syscr: 28056923
syscw: 2936189
read_bytes: 37781965312
write_bytes: 101470187520
cancelled_write_bytes: 1200128

[2019-04-09T13:16:43-07:00]
rchar: 233130568510
wchar: 102329551574
syscr: 28227131
syscw: 2943968
read_bytes: 37796342272
write_bytes: 102471540736
cancelled_write_bytes: 1200128

[2019-04-09T13:16:46-07:00]
rchar: 234994909731
wchar: 103338208705
syscr: 28453020
syscw: 2960426
read_bytes: 37828758016
write_bytes: 103481737216
cancelled_write_bytes: 1200128

[2019-04-09T13:16:49-07:00]
rchar: 236788377820
wchar: 104337801665
syscr: 28670224
syscw: 2976718
read_bytes: 37872704000
write_bytes: 104482893824
cancelled_write_bytes: 1257472

[2019-04-09T13:16:52-07:00]
rchar: 238584838577
wchar: 105290300007
syscr: 28887659
syscw: 2990382
read_bytes: 37931764224
write_bytes: 105436860416
cancelled_write_bytes: 1257472

[2019-04-09T13:16:55-07:00]
rchar: 240965755901
wchar: 106081865589
syscr: 29176231
syscw: 3033057
read_bytes: 38191565312
write_bytes: 106229374976
cancelled_write_bytes: 1257472

[2019-04-09T13:16:58-07:00]
rchar: 244218346931
wchar: 106949888443
syscr: 29570506
syscw: 3081381
read_bytes: 38437575168
write_bytes: 107098415104
cancelled_write_bytes: 1265664

[2019-04-09T13:17:01-07:00]
rchar: 248246070919
wchar: 107762059366
syscr: 30058750
syscw: 3134743
read_bytes: 38731700736
write_bytes: 107911491584
cancelled_write_bytes: 1273856

[2019-04-09T13:17:04-07:00]
rchar: 250544040290
wchar: 109343338297
syscr: 30337258
syscw: 3149449
read_bytes: 38773500416
write_bytes: 109495263232
cancelled_write_bytes: 1282048

[2019-04-09T13:17:07-07:00]
rchar: 251243312254
wchar: 109946551910
syscr: 30421952
syscw: 3151109
read_bytes: 38777141760
write_bytes: 110099390464
cancelled_write_bytes: 1282048

[2019-04-09T13:17:10-07:00]
rchar: 252787378711
wchar: 110972953690
syscr: 30608689
syscw: 3163873
read_bytes: 38813485568
write_bytes: 111127367680
cancelled_write_bytes: 1282048

[2019-04-09T13:17:13-07:00]
rchar: 255115623421
wchar: 111969120182
syscr: 30890846
syscw: 3205289
read_bytes: 38971632128
write_bytes: 112124891136
cancelled_write_bytes: 1306624

[2019-04-09T13:17:16-07:00]
rchar: 258315021937
wchar: 113082265107
syscr: 31278458
syscw: 3244651
read_bytes: 39071218176
write_bytes: 113239564288
cancelled_write_bytes: 1376256

[2019-04-09T13:17:19-07:00]
rchar: 260964626288
wchar: 114088376533
syscr: 31599333
syscw: 3273205
read_bytes: 39134259712
write_bytes: 114247155712
cancelled_write_bytes: 1376256

[2019-04-09T13:17:22-07:00]
rchar: 264486784576
wchar: 115067956208
syscr: 32026236
syscw: 3317206
read_bytes: 39242254848
write_bytes: 115227963392
cancelled_write_bytes: 1429504

[2019-04-09T13:17:25-07:00]
rchar: 266286866862
wchar: 116223602470
syscr: 32244344
syscw: 3332725
read_bytes: 39268444672
write_bytes: 116385366016
cancelled_write_bytes: 1474560

[2019-04-09T13:17:28-07:00]
rchar: 268380755331
wchar: 117116614956
syscr: 32498073
syscw: 3354531
read_bytes: 39305980416
write_bytes: 117279698944
cancelled_write_bytes: 1474560

[2019-04-09T13:17:31-07:00]
rchar: 269953042015
wchar: 118098513198
syscr: 32688489
syscw: 3368249
read_bytes: 39329323520
write_bytes: 118263201792
cancelled_write_bytes: 1515520

[2019-04-09T13:17:34-07:00]
rchar: 271036683311
wchar: 118873103383
syscr: 32819579
syscw: 3373536
read_bytes: 39345379840
write_bytes: 119038971904
cancelled_write_bytes: 1536000

[2019-04-09T13:17:37-07:00]
rchar: 273618606460
wchar: 119696473028
syscr: 33132494
syscw: 3415727
read_bytes: 39587170816
write_bytes: 119863320576
cancelled_write_bytes: 1536000

[2019-04-09T13:17:40-07:00]
rchar: 275383680758
wchar: 120809832937
syscr: 33346423
syscw: 3438037
read_bytes: 39681882624
write_bytes: 120978280448
cancelled_write_bytes: 1544192

[2019-04-09T13:17:43-07:00]
rchar: 276336499733
wchar: 121554690352
syscr: 33461761
syscw: 3442315
read_bytes: 39694301696
write_bytes: 121725874176
cancelled_write_bytes: 1544192

[2019-04-09T13:17:46-07:00]
rchar: 277978017503
wchar: 122927300535
syscr: 33660671
syscw: 3448592
read_bytes: 39712913920
write_bytes: 123098992640
cancelled_write_bytes: 1544192

[2019-04-09T13:17:49-07:00]
rchar: 279366907968
wchar: 123686958236
syscr: 33828939
syscw: 3463287
read_bytes: 39769799168
write_bytes: 123860828160
cancelled_write_bytes: 1548288

[2019-04-09T13:17:52-07:00]
rchar: 281964392925
wchar: 124477392348
syscr: 34143718
syscw: 3504425
read_bytes: 39942531584
write_bytes: 124651270144
cancelled_write_bytes: 1581056

[2019-04-09T13:17:55-07:00]
rchar: 285542274983
wchar: 125582649996
syscr: 34577440
syscw: 3547629
read_bytes: 40133151232
write_bytes: 125757988864
cancelled_write_bytes: 1589248

[2019-04-09T13:17:58-07:00]
rchar: 287097853282
wchar: 126514174381
syscr: 34765701
syscw: 3557941
read_bytes: 40165947904
write_bytes: 126691205120
cancelled_write_bytes: 1589248

[2019-04-09T13:18:01-07:00]
rchar: 289685767193
wchar: 127630740283
syscr: 35079175
syscw: 3590821
read_bytes: 40280906240
write_bytes: 127809589248
cancelled_write_bytes: 1589248

[2019-04-09T13:18:04-07:00]
rchar: 293422262853
wchar: 128600821899
syscr: 35532037
syscw: 3652853
read_bytes: 40594082304
write_bytes: 128780296192
cancelled_write_bytes: 1605632

[2019-04-09T13:18:07-07:00]
rchar: 298775291580
wchar: 129560546333
syscr: 36180972
syscw: 3723221
read_bytes: 40921733632
write_bytes: 129740976128
cancelled_write_bytes: 1613824

[2019-04-09T13:18:10-07:00]
rchar: 301100695732
wchar: 131055452934
syscr: 36462824
syscw: 3738651
read_bytes: 40965130752
write_bytes: 131238223872
cancelled_write_bytes: 1622016

[2019-04-09T13:18:13-07:00]
rchar: 302525244588
wchar: 131991051539
syscr: 36635115
syscw: 3749849
read_bytes: 40991013376
write_bytes: 132175224832
cancelled_write_bytes: 1622016

[2019-04-09T13:18:16-07:00]
rchar: 304912480449
wchar: 133179373408
syscr: 36924354
syscw: 3785481
read_bytes: 41101130240
write_bytes: 133365268480
cancelled_write_bytes: 1630208

[2019-04-09T13:18:19-07:00]
rchar: 308292061352
wchar: 134259064118
syscr: 37334025
syscw: 3828158
read_bytes: 41291737600
write_bytes: 134446325760
cancelled_write_bytes: 1638400

[2019-04-09T13:18:22-07:00]
rchar: 309772090426
wchar: 135119644488
syscr: 37513150
syscw: 3839606
read_bytes: 41317513728
write_bytes: 135308259328
cancelled_write_bytes: 1638400

[2019-04-09T13:18:25-07:00]
rchar: 312480071130
wchar: 136050813905
syscr: 37841107
syscw: 3879133
read_bytes: 41448749568
write_bytes: 136240750592
cancelled_write_bytes: 1638400

[2019-04-09T13:18:28-07:00]
rchar: 315085796961
wchar: 137111024018
syscr: 38156880
syscw: 3926176
read_bytes: 41648384512
write_bytes: 137302286336
cancelled_write_bytes: 1654784

[2019-04-09T13:18:31-07:00]
rchar: 316699264793
wchar: 138397764301
syscr: 38352423
syscw: 3933266
read_bytes: 41663552000
write_bytes: 138590986240
cancelled_write_bytes: 1654784

[2019-04-09T13:18:34-07:00]
rchar: 317842593251
wchar: 139228938628
syscr: 38490926
syscw: 3940267
read_bytes: 41677101568
write_bytes: 139423395840
cancelled_write_bytes: 1654784

[2019-04-09T13:18:37-07:00]
rchar: 319511293265
wchar: 140318725226
syscr: 38693104
syscw: 3953544
read_bytes: 41704053248
write_bytes: 140514893824
cancelled_write_bytes: 1654784

[2019-04-09T13:18:40-07:00]
rchar: 320707439680
wchar: 140956905169
syscr: 38838021
syscw: 3966466
read_bytes: 41735502336
write_bytes: 141154013184
cancelled_write_bytes: 1654784

[2019-04-09T13:18:43-07:00]
rchar: 321865269213
wchar: 141774574045
syscr: 38978317
syscw: 3978941
read_bytes: 41773378048
write_bytes: 141972930560
cancelled_write_bytes: 1654784

[2019-04-09T13:18:46-07:00]
rchar: 325415888490
wchar: 142618272093
syscr: 39408646
syscw: 4027893
read_bytes: 41954036224
write_bytes: 142817632256
cancelled_write_bytes: 1662976

[2019-04-09T13:18:49-07:00]
rchar: 327420772484
wchar: 143660502489
syscr: 39651563
syscw: 4048315
read_bytes: 42043767296
write_bytes: 143861387264
cancelled_write_bytes: 1671168

[2019-04-09T13:18:52-07:00]
rchar: 329877471426
wchar: 144856963862
syscr: 39948979
syscw: 4068614
read_bytes: 42161138176
write_bytes: 145059708928
cancelled_write_bytes: 1671168

[2019-04-09T13:18:55-07:00]
rchar: 331794924305
wchar: 145651264499
syscr: 40181331
syscw: 4106673
read_bytes: 42459429376
write_bytes: 145855029248
cancelled_write_bytes: 1679360

[2019-04-09T13:18:58-07:00]
rchar: 334123446804
wchar: 146717883526
syscr: 40463579
syscw: 4144821
read_bytes: 42718685696
write_bytes: 146923073536
cancelled_write_bytes: 1687552

[2019-04-09T13:19:01-07:00]
rchar: 335364543393
wchar: 147607847741
syscr: 40613914
syscw: 4152645
read_bytes: 42754771456
write_bytes: 147814383616
cancelled_write_bytes: 1687552

[2019-04-09T13:19:04-07:00]
rchar: 337366932817
wchar: 148544528693
syscr: 40856564
syscw: 4175974
read_bytes: 42881321472
write_bytes: 148752392192
cancelled_write_bytes: 1687552

[2019-04-09T13:19:07-07:00]
rchar: 339725087838
wchar: 149586490664
syscr: 41142256
syscw: 4208438
read_bytes: 43072322048
write_bytes: 149795868672
cancelled_write_bytes: 1695744

[2019-04-09T13:19:10-07:00]
rchar: 341123796962
wchar: 150556408441
syscr: 41311534
syscw: 4216444
read_bytes: 43117636096
write_bytes: 150767366144
cancelled_write_bytes: 1695744

[2019-04-09T13:19:13-07:00]
rchar: 343149489440
wchar: 151423534927
syscr: 41556997
syscw: 4259378
read_bytes: 43373656576
write_bytes: 151635595264
cancelled_write_bytes: 1695744

[2019-04-09T13:19:16-07:00]
rchar: 345500684999
wchar: 152195933063
syscr: 41841941
syscw: 4300807
read_bytes: 43620116992
write_bytes: 152409534464
cancelled_write_bytes: 1703936

[2019-04-09T13:19:19-07:00]
rchar: 347101604509
wchar: 153455256819
syscr: 42035902
syscw: 4314256
read_bytes: 43670833664
write_bytes: 153670115328
cancelled_write_bytes: 1712128

[2019-04-09T13:19:22-07:00]
rchar: 348359774470
wchar: 154307990223
syscr: 42188296
syscw: 4323597
read_bytes: 43703712256
write_bytes: 154525007872
cancelled_write_bytes: 1712128

[2019-04-09T13:19:25-07:00]
rchar: 349783210242
wchar: 155220597266
syscr: 42360774
syscw: 4335219
read_bytes: 43747240448
write_bytes: 155438145536
cancelled_write_bytes: 1712128

[2019-04-09T13:19:28-07:00]
rchar: 351867367510
wchar: 155937551929
syscr: 42613339
syscw: 4368869
read_bytes: 43922438656
write_bytes: 156156076032
cancelled_write_bytes: 1716224

[2019-04-09T13:19:31-07:00]
rchar: 356063023080
wchar: 156819446613
syscr: 43121992
syscw: 4427913
read_bytes: 44242397696
write_bytes: 157038948352
cancelled_write_bytes: 1720320

[2019-04-09T13:19:34-07:00]
rchar: 357793438581
wchar: 157779664391
syscr: 43331566
syscw: 4440915
read_bytes: 44305119744
write_bytes: 158000599040
cancelled_write_bytes: 1728512

[2019-04-09T13:19:37-07:00]
rchar: 360160791400
wchar: 158766316646
syscr: 43618177
syscw: 4465097
read_bytes: 44435970560
write_bytes: 158989176832
cancelled_write_bytes: 1728512

[2019-04-09T13:19:40-07:00]
rchar: 362578865237
wchar: 159693955764
syscr: 43911216
syscw: 4512509
read_bytes: 44830669312
write_bytes: 159917547520
cancelled_write_bytes: 1736704

[2019-04-09T13:19:43-07:00]
rchar: 364065975667
wchar: 160750074607
syscr: 44091386
syscw: 4528192
read_bytes: 44934040064
write_bytes: 160975237120
cancelled_write_bytes: 1744896

[2019-04-09T13:19:46-07:00]
rchar: 365130450213
wchar: 161579497197
syscr: 44220348
syscw: 4533517
read_bytes: 44963580416
write_bytes: 161805897728
cancelled_write_bytes: 1744896

[2019-04-09T13:19:49-07:00]
rchar: 366460513526
wchar: 162527060087
syscr: 44381495
syscw: 4542310
read_bytes: 45022370304
write_bytes: 162754912256
cancelled_write_bytes: 1744896

[2019-04-09T13:19:52-07:00]
rchar: 368064902146
wchar: 163447516763
syscr: 44575887
syscw: 4558059
read_bytes: 45118986752
write_bytes: 163677360128
cancelled_write_bytes: 1744896

[2019-04-09T13:19:55-07:00]
rchar: 370758427018
wchar: 164576935905
syscr: 44902320
syscw: 4595289
read_bytes: 45393771008
write_bytes: 164807729152
cancelled_write_bytes: 1753088

[2019-04-09T13:19:58-07:00]
rchar: 372414611453
wchar: 165538459586
syscr: 45102734
syscw: 4608765
read_bytes: 45472926208
write_bytes: 165770809344
cancelled_write_bytes: 1753088

[2019-04-09T13:20:01-07:00]
rchar: 374058890913
wchar: 166257415698
syscr: 45301973
syscw: 4644360
read_bytes: 45713369600
write_bytes: 166490664960
cancelled_write_bytes: 1753088

[2019-04-09T13:20:04-07:00]
rchar: 376425607045
wchar: 167016785624
syscr: 45588789
syscw: 4686890
read_bytes: 46054361600
write_bytes: 167250948096
cancelled_write_bytes: 1761280

[2019-04-09T13:20:07-07:00]
rchar: 378075401346
wchar: 168052149821
syscr: 45788753
syscw: 4709257
read_bytes: 46190639616
write_bytes: 168287789056
cancelled_write_bytes: 1769472

[2019-04-09T13:20:10-07:00]
rchar: 379109267718
wchar: 168857826048
syscr: 45913979
syscw: 4714325
read_bytes: 46220458496
write_bytes: 169094733824
cancelled_write_bytes: 1769472

[2019-04-09T13:20:13-07:00]
rchar: 380473014866
wchar: 169870846308
syscr: 46079176
syscw: 4722336
read_bytes: 46276520448
write_bytes: 170109284352
cancelled_write_bytes: 1769472

[2019-04-09T13:20:16-07:00]
rchar: 382581484163
wchar: 170609485787
syscr: 46334710
syscw: 4752951
read_bytes: 46543084032
write_bytes: 170848923648
cancelled_write_bytes: 1769472

[2019-04-09T13:20:19-07:00]
rchar: 385948672776
wchar: 171556878723
syscr: 46742826
syscw: 4797768
read_bytes: 46997015040
write_bytes: 171797504000
cancelled_write_bytes: 1777664

[2019-04-09T13:20:22-07:00]
rchar: 387229325867
wchar: 172479384561
syscr: 46897898
syscw: 4806896
read_bytes: 47075179008
write_bytes: 172721487872
cancelled_write_bytes: 1785856

[2019-04-09T13:20:25-07:00]
rchar: 388921763345
wchar: 173550766149
syscr: 47102690
syscw: 4816873
read_bytes: 47161465344
write_bytes: 173794570240
cancelled_write_bytes: 1785856

[2019-04-09T13:20:28-07:00]
rchar: 390448557322
wchar: 174406334453
syscr: 47287694
syscw: 4840000
read_bytes: 47568222720
write_bytes: 174651334656
cancelled_write_bytes: 1785856

[2019-04-09T13:20:31-07:00]
rchar: 391171001078
wchar: 174884486573
syscr: 47375239
syscw: 4848333
read_bytes: 47821384192
write_bytes: 175130181632
cancelled_write_bytes: 1826816

