[2019-04-22T05:00:43-07:00]
rchar: 14997535
wchar: 209
syscr: 2274
syscw: 10
read_bytes: 3874816
write_bytes: 98304
cancelled_write_bytes: 0

[2019-04-22T05:00:46-07:00]
rchar: 14997535
wchar: 209
syscr: 2274
syscw: 10
read_bytes: 3874816
write_bytes: 114688
cancelled_write_bytes: 0

[2019-04-22T05:00:49-07:00]
rchar: 14997535
wchar: 209
syscr: 2274
syscw: 10
read_bytes: 3874816
write_bytes: 114688
cancelled_write_bytes: 0

[2019-04-22T05:00:52-07:00]
rchar: 52163338
wchar: 8234161
syscr: 5139
syscw: 1260
read_bytes: 60605952
write_bytes: 8384512
cancelled_write_bytes: 0

[2019-04-22T05:00:55-07:00]
rchar: 487601827
wchar: 309508986
syscr: 38681
syscw: 13362
read_bytes: 481810944
write_bytes: 310046720
cancelled_write_bytes: 0

[2019-04-22T05:00:58-07:00]
rchar: 995801786
wchar: 627655819
syscr: 100298
syscw: 41495
read_bytes: 913934848
write_bytes: 628543488
cancelled_write_bytes: 0

[2019-04-22T05:01:01-07:00]
rchar: 1417844725
wchar: 897395275
syscr: 151457
syscw: 66819
read_bytes: 1366448640
write_bytes: 898564096
cancelled_write_bytes: 0

[2019-04-22T05:01:04-07:00]
rchar: 1533686123
wchar: 1160798301
syscr: 165401
syscw: 69404
read_bytes: 1394477568
write_bytes: 1162416128
cancelled_write_bytes: 8192

[2019-04-22T05:01:07-07:00]
rchar: 2293276623
wchar: 1544530642
syscr: 257373
syscw: 91166
read_bytes: 1823721984
write_bytes: 1546592256
cancelled_write_bytes: 8192

[2019-04-22T05:01:10-07:00]
rchar: 2916775693
wchar: 1859174304
syscr: 332900
syscw: 110516
read_bytes: 2028169728
write_bytes: 1861689344
cancelled_write_bytes: 12288

[2019-04-22T05:01:13-07:00]
rchar: 3385608210
wchar: 2048331517
syscr: 389751
syscw: 133256
read_bytes: 2266143232
write_bytes: 2051043328
cancelled_write_bytes: 12288

[2019-04-22T05:01:16-07:00]
rchar: 4116364931
wchar: 2202490492
syscr: 478273
syscw: 153820
read_bytes: 2497251840
write_bytes: 2205339648
cancelled_write_bytes: 20480

[2019-04-22T05:01:19-07:00]
rchar: 5396670487
wchar: 2360981127
syscr: 633512
syscw: 191891
read_bytes: 2903349760
write_bytes: 2363830272
cancelled_write_bytes: 20480

[2019-04-22T05:01:22-07:00]
rchar: 5708040464
wchar: 2746926957
syscr: 671189
syscw: 195194
read_bytes: 2931338752
write_bytes: 2750414848
cancelled_write_bytes: 28672

[2019-04-22T05:01:25-07:00]
rchar: 6266569518
wchar: 3226578888
syscr: 738681
syscw: 197214
read_bytes: 2946616832
write_bytes: 3230846976
cancelled_write_bytes: 28672

[2019-04-22T05:01:28-07:00]
rchar: 6894490626
wchar: 3596450026
syscr: 814704
syscw: 210363
read_bytes: 3106590208
write_bytes: 3601252352
cancelled_write_bytes: 77824

[2019-04-22T05:01:31-07:00]
rchar: 7737501552
wchar: 3955684843
syscr: 916902
syscw: 239898
read_bytes: 3535187456
write_bytes: 3960860672
cancelled_write_bytes: 81920

[2019-04-22T05:01:34-07:00]
rchar: 8245332378
wchar: 4149294112
syscr: 978473
syscw: 259890
read_bytes: 3790016000
write_bytes: 4154642432
cancelled_write_bytes: 81920

[2019-04-22T05:01:37-07:00]
rchar: 8988056688
wchar: 4577942596
syscr: 1068430
syscw: 276965
read_bytes: 4038950400
write_bytes: 4583911424
cancelled_write_bytes: 94208

[2019-04-22T05:01:40-07:00]
rchar: 9944757898
wchar: 4862230768
syscr: 1184414
syscw: 301223
read_bytes: 4291022336
write_bytes: 4868485120
cancelled_write_bytes: 94208

[2019-04-22T05:01:43-07:00]
rchar: 10825618952
wchar: 5116544755
syscr: 1291209
syscw: 324344
read_bytes: 4613766656
write_bytes: 5123031040
cancelled_write_bytes: 94208

[2019-04-22T05:01:46-07:00]
rchar: 11142670683
wchar: 5362168144
syscr: 1329564
syscw: 330713
read_bytes: 4691738112
write_bytes: 5369057280
cancelled_write_bytes: 106496

[2019-04-22T05:01:49-07:00]
rchar: 12443237339
wchar: 5692602999
syscr: 1487239
syscw: 355247
read_bytes: 5051166208
write_bytes: 5699854336
cancelled_write_bytes: 106496

[2019-04-22T05:01:52-07:00]
rchar: 13679443096
wchar: 5983694763
syscr: 1637108
syscw: 380065
read_bytes: 5343309312
write_bytes: 5991223296
cancelled_write_bytes: 106496

[2019-04-22T05:01:55-07:00]
rchar: 14350956002
wchar: 6295127590
syscr: 1718438
syscw: 392796
read_bytes: 5519629824
write_bytes: 6303125504
cancelled_write_bytes: 122880

[2019-04-22T05:01:58-07:00]
rchar: 15900682968
wchar: 6575179920
syscr: 1906325
syscw: 417178
read_bytes: 5807193600
write_bytes: 6583439360
cancelled_write_bytes: 122880

[2019-04-22T05:02:01-07:00]
rchar: 17325916431
wchar: 6831808522
syscr: 2079112
syscw: 440025
read_bytes: 6067465728
write_bytes: 6840307712
cancelled_write_bytes: 122880

[2019-04-22T05:02:04-07:00]
rchar: 18056964262
wchar: 7302213563
syscr: 2167631
syscw: 445178
read_bytes: 6126525952
write_bytes: 7311462400
cancelled_write_bytes: 122880

[2019-04-22T05:02:07-07:00]
rchar: 18467398425
wchar: 7637262770
syscr: 2217278
syscw: 446625
read_bytes: 6135569920
write_bytes: 7647064064
cancelled_write_bytes: 122880

[2019-04-22T05:02:10-07:00]
rchar: 18910671538
wchar: 7963708695
syscr: 2270848
syscw: 450281
read_bytes: 6162394624
write_bytes: 7974051840
cancelled_write_bytes: 122880

[2019-04-22T05:02:13-07:00]
rchar: 19080553704
wchar: 8256382413
syscr: 2291356
syscw: 452812
read_bytes: 6180707840
write_bytes: 8267223040
cancelled_write_bytes: 122880

[2019-04-22T05:02:16-07:00]
rchar: 20056971288
wchar: 8596004360
syscr: 2409721
syscw: 476385
read_bytes: 6404025856
write_bytes: 8607232000
cancelled_write_bytes: 131072

[2019-04-22T05:02:19-07:00]
rchar: 21128317913
wchar: 8936221393
syscr: 2539602
syscw: 502184
read_bytes: 6790815232
write_bytes: 8947806208
cancelled_write_bytes: 131072

[2019-04-22T05:02:22-07:00]
rchar: 21761362582
wchar: 9208723400
syscr: 2616351
syscw: 516320
read_bytes: 6958878208
write_bytes: 9220640768
cancelled_write_bytes: 135168

[2019-04-22T05:02:25-07:00]
rchar: 21868988158
wchar: 9452543254
syscr: 2629393
syscw: 517850
read_bytes: 6969261568
write_bytes: 9464868864
cancelled_write_bytes: 135168

[2019-04-22T05:02:28-07:00]
rchar: 23112847543
wchar: 9774946765
syscr: 2780103
syscw: 542083
read_bytes: 7297965568
write_bytes: 9787621376
cancelled_write_bytes: 147456

[2019-04-22T05:02:31-07:00]
rchar: 24378992206
wchar: 10084598673
syscr: 2933607
syscw: 567838
read_bytes: 7599226368
write_bytes: 10097598464
cancelled_write_bytes: 147456

[2019-04-22T05:02:34-07:00]
rchar: 24950724228
wchar: 10347892322
syscr: 3002926
syscw: 580596
read_bytes: 7742279168
write_bytes: 10361257984
cancelled_write_bytes: 147456

[2019-04-22T05:02:37-07:00]
rchar: 26125094252
wchar: 10609924045
syscr: 3145217
syscw: 598856
read_bytes: 7984414208
write_bytes: 10623594496
cancelled_write_bytes: 155648

[2019-04-22T05:02:40-07:00]
rchar: 26829363625
wchar: 11066725676
syscr: 3230492
syscw: 603668
read_bytes: 8035896832
write_bytes: 11081134080
cancelled_write_bytes: 155648

[2019-04-22T05:02:43-07:00]
rchar: 27235433537
wchar: 11393640380
syscr: 3279610
syscw: 605154
read_bytes: 8044846592
write_bytes: 11408609280
cancelled_write_bytes: 155648

[2019-04-22T05:02:46-07:00]
rchar: 27735953039
wchar: 11776007451
syscr: 3340063
syscw: 607398
read_bytes: 8059420160
write_bytes: 11791650816
cancelled_write_bytes: 155648

[2019-04-22T05:02:49-07:00]
rchar: 28490151959
wchar: 12064840239
syscr: 3431509
syscw: 631898
read_bytes: 8361065984
write_bytes: 12080771072
cancelled_write_bytes: 155648

[2019-04-22T05:02:52-07:00]
rchar: 28829695943
wchar: 12342105795
syscr: 3472597
syscw: 644585
read_bytes: 8496606720
write_bytes: 12358438912
cancelled_write_bytes: 155648

[2019-04-22T05:02:55-07:00]
rchar: 29866335248
wchar: 12665386671
syscr: 3598276
syscw: 669004
read_bytes: 8769170944
write_bytes: 12682096640
cancelled_write_bytes: 163840

[2019-04-22T05:02:58-07:00]
rchar: 31036590679
wchar: 13015904799
syscr: 3740148
syscw: 696409
read_bytes: 9104805376
write_bytes: 13032980480
cancelled_write_bytes: 163840

[2019-04-22T05:03:01-07:00]
rchar: 31379021396
wchar: 13273977781
syscr: 3781669
syscw: 705427
read_bytes: 9200074240
write_bytes: 13291446272
cancelled_write_bytes: 167936

[2019-04-22T05:03:04-07:00]
rchar: 32600445179
wchar: 13542599453
syscr: 3929672
syscw: 729162
read_bytes: 9443909120
write_bytes: 13560344576
cancelled_write_bytes: 180224

[2019-04-22T05:03:07-07:00]
rchar: 34068987106
wchar: 13891518937
syscr: 4107718
syscw: 758041
read_bytes: 9784319488
write_bytes: 13909819392
cancelled_write_bytes: 180224

[2019-04-22T05:03:10-07:00]
rchar: 34629807060
wchar: 14016257826
syscr: 4175713
syscw: 769745
read_bytes: 9909829120
write_bytes: 14034485248
cancelled_write_bytes: 180224

[2019-04-22T05:03:13-07:00]
rchar: 35359450403
wchar: 14319924936
syscr: 4264086
syscw: 781954
read_bytes: 10000752128
write_bytes: 14338621440
cancelled_write_bytes: 192512

[2019-04-22T05:03:16-07:00]
rchar: 37140707731
wchar: 14664966650
syscr: 4480046
syscw: 809974
read_bytes: 10250173952
write_bytes: 14684020736
cancelled_write_bytes: 192512

[2019-04-22T05:03:19-07:00]
rchar: 38444870634
wchar: 14876653414
syscr: 4638163
syscw: 832467
read_bytes: 10484153856
write_bytes: 14895906816
cancelled_write_bytes: 192512

[2019-04-22T05:03:22-07:00]
rchar: 38844941744
wchar: 15310780968
syscr: 4686595
syscw: 834997
read_bytes: 10510528000
write_bytes: 15330783232
cancelled_write_bytes: 200704

[2019-04-22T05:03:25-07:00]
rchar: 39361890853
wchar: 15710902795
syscr: 4749271
syscw: 836776
read_bytes: 10535521792
write_bytes: 15732125696
cancelled_write_bytes: 200704

[2019-04-22T05:03:28-07:00]
rchar: 40060555557
wchar: 16041031827
syscr: 4833661
syscw: 849678
read_bytes: 10770365952
write_bytes: 16062140416
cancelled_write_bytes: 200704

[2019-04-22T05:03:31-07:00]
rchar: 40849481893
wchar: 16452551315
syscr: 4929290
syscw: 863639
read_bytes: 11053440512
write_bytes: 16474206208
cancelled_write_bytes: 200704

[2019-04-22T05:03:34-07:00]
rchar: 41677512369
wchar: 16895074119
syscr: 5029651
syscw: 877889
read_bytes: 11352075776
write_bytes: 16917319680
cancelled_write_bytes: 200704

[2019-04-22T05:03:37-07:00]
rchar: 42418411334
wchar: 17243267827
syscr: 5119466
syscw: 892699
read_bytes: 11580751360
write_bytes: 17265963008
cancelled_write_bytes: 200704

[2019-04-22T05:03:40-07:00]
rchar: 42787325024
wchar: 17600365502
syscr: 5164181
syscw: 899627
read_bytes: 11676773888
write_bytes: 17623617536
cancelled_write_bytes: 200704

[2019-04-22T05:03:43-07:00]
rchar: 43661832557
wchar: 17983111763
syscr: 5270135
syscw: 912023
read_bytes: 11811102208
write_bytes: 18006945792
cancelled_write_bytes: 208896

[2019-04-22T05:03:46-07:00]
rchar: 44264793929
wchar: 18475498836
syscr: 5342991
syscw: 914590
read_bytes: 11823803904
write_bytes: 18500165632
cancelled_write_bytes: 208896

[2019-04-22T05:03:49-07:00]
rchar: 44839830513
wchar: 18933283089
syscr: 5412493
syscw: 917615
read_bytes: 11838991872
write_bytes: 18958721024
cancelled_write_bytes: 208896

[2019-04-22T05:03:52-07:00]
rchar: 45688389935
wchar: 19300894146
syscr: 5515335
syscw: 937792
read_bytes: 11996614144
write_bytes: 19326775296
cancelled_write_bytes: 208896

[2019-04-22T05:03:55-07:00]
rchar: 46532520892
wchar: 19618344169
syscr: 5617677
syscw: 962051
read_bytes: 12234821120
write_bytes: 19644567552
cancelled_write_bytes: 208896

[2019-04-22T05:03:58-07:00]
rchar: 46681537233
wchar: 19895997200
syscr: 5635732
syscw: 964007
read_bytes: 12244725248
write_bytes: 19922690048
cancelled_write_bytes: 208896

[2019-04-22T05:04:01-07:00]
rchar: 47591188211
wchar: 20283895399
syscr: 5745921
syscw: 979486
read_bytes: 12344643072
write_bytes: 20311101440
cancelled_write_bytes: 221184

[2019-04-22T05:04:04-07:00]
rchar: 48829028860
wchar: 20624768320
syscr: 5895993
syscw: 1008068
read_bytes: 12634758656
write_bytes: 20652335104
cancelled_write_bytes: 237568

[2019-04-22T05:04:07-07:00]
rchar: 49920951110
wchar: 21112475449
syscr: 6028352
syscw: 1027702
read_bytes: 12746685952
write_bytes: 21140688896
cancelled_write_bytes: 241664

[2019-04-22T05:04:10-07:00]
rchar: 50199594436
wchar: 21335965486
syscr: 6062057
syscw: 1033991
read_bytes: 12800417280
write_bytes: 21364543488
cancelled_write_bytes: 258048

[2019-04-22T05:04:13-07:00]
rchar: 51667153550
wchar: 21670731858
syscr: 6239970
syscw: 1061399
read_bytes: 13028838912
write_bytes: 21699678208
cancelled_write_bytes: 258048

[2019-04-22T05:04:16-07:00]
rchar: 52895866980
wchar: 22008656728
syscr: 6388942
syscw: 1083766
read_bytes: 13209013760
write_bytes: 22038007808
cancelled_write_bytes: 258048

[2019-04-22T05:04:19-07:00]
rchar: 53508264814
wchar: 22337305721
syscr: 6463167
syscw: 1090755
read_bytes: 13247778304
write_bytes: 22367797248
cancelled_write_bytes: 258048

[2019-04-22T05:04:22-07:00]
rchar: 53960638920
wchar: 22611991546
syscr: 6518000
syscw: 1095299
read_bytes: 13271567872
write_bytes: 22642192384
cancelled_write_bytes: 258048

[2019-04-22T05:04:25-07:00]
rchar: 54300656107
wchar: 23021038424
syscr: 6559156
syscw: 1098044
read_bytes: 13286379008
write_bytes: 23051890688
cancelled_write_bytes: 270336

[2019-04-22T05:04:28-07:00]
rchar: 54869820114
wchar: 23490704402
syscr: 6628154
syscw: 1100145
read_bytes: 13323664896
write_bytes: 23522226176
cancelled_write_bytes: 270336

[2019-04-22T05:04:31-07:00]
rchar: 55174458810
wchar: 23738630803
syscr: 6665058
syscw: 1101444
read_bytes: 13354454528
write_bytes: 23770533888
cancelled_write_bytes: 270336

[2019-04-22T05:04:34-07:00]
rchar: 55811146521
wchar: 24065008029
syscr: 6742254
syscw: 1107777
read_bytes: 13548600832
write_bytes: 24097312768
cancelled_write_bytes: 270336

[2019-04-22T05:04:37-07:00]
rchar: 56494153584
wchar: 24392940477
syscr: 6825027
syscw: 1115110
read_bytes: 13753875968
write_bytes: 24425717760
cancelled_write_bytes: 270336

[2019-04-22T05:04:40-07:00]
rchar: 57409067679
wchar: 24851078105
syscr: 6935916
syscw: 1124492
read_bytes: 14037806592
write_bytes: 24884453376
cancelled_write_bytes: 270336

[2019-04-22T05:04:43-07:00]
rchar: 58012231617
wchar: 25145262166
syscr: 7009044
syscw: 1130768
read_bytes: 14225296896
write_bytes: 25179066368
cancelled_write_bytes: 270336

[2019-04-22T05:04:46-07:00]
rchar: 58660842151
wchar: 25457295912
syscr: 7087645
syscw: 1137715
read_bytes: 14432165376
write_bytes: 25491525632
cancelled_write_bytes: 270336

[2019-04-22T05:04:49-07:00]
rchar: 59549054266
wchar: 25900736222
syscr: 7195304
syscw: 1146752
read_bytes: 14697524736
write_bytes: 25935585280
cancelled_write_bytes: 270336

[2019-04-22T05:04:52-07:00]
rchar: 60353263805
wchar: 26282075456
syscr: 7292792
syscw: 1155622
read_bytes: 14959934976
write_bytes: 26317430784
cancelled_write_bytes: 270336

[2019-04-22T05:04:55-07:00]
rchar: 60921343172
wchar: 26558002216
syscr: 7361637
syscw: 1161678
read_bytes: 15138491904
write_bytes: 26593734656
cancelled_write_bytes: 270336

[2019-04-22T05:04:58-07:00]
rchar: 61317088753
wchar: 26911275171
syscr: 7409591
syscw: 1166015
read_bytes: 15235751424
write_bytes: 26947579904
cancelled_write_bytes: 270336

[2019-04-22T05:05:01-07:00]
rchar: 61743960755
wchar: 27256747871
syscr: 7461274
syscw: 1167701
read_bytes: 15267524096
write_bytes: 27293593600
cancelled_write_bytes: 278528

[2019-04-22T05:05:04-07:00]
rchar: 62343852338
wchar: 27718537058
syscr: 7533797
syscw: 1169789
read_bytes: 15307410944
write_bytes: 27756142592
cancelled_write_bytes: 278528

[2019-04-22T05:05:07-07:00]
rchar: 62872447077
wchar: 28136066640
syscr: 7597726
syscw: 1171571
read_bytes: 15339425280
write_bytes: 28174372864
cancelled_write_bytes: 278528

[2019-04-22T05:05:10-07:00]
rchar: 63362544293
wchar: 28516459831
syscr: 7657029
syscw: 1173367
read_bytes: 15372475904
write_bytes: 28555386880
cancelled_write_bytes: 278528

[2019-04-22T05:05:13-07:00]
rchar: 63870722293
wchar: 28861953024
syscr: 7718568
syscw: 1179949
read_bytes: 15527751168
write_bytes: 28901376000
cancelled_write_bytes: 278528

[2019-04-22T05:05:16-07:00]
rchar: 64500551560
wchar: 29263428768
syscr: 7794885
syscw: 1190013
read_bytes: 15760244224
write_bytes: 29303402496
cancelled_write_bytes: 278528

[2019-04-22T05:05:19-07:00]
rchar: 65188200540
wchar: 29701510704
syscr: 7878250
syscw: 1201152
read_bytes: 15995899392
write_bytes: 29742071808
cancelled_write_bytes: 278528

[2019-04-22T05:05:22-07:00]
rchar: 65914895707
wchar: 30138820582
syscr: 7966308
syscw: 1213758
read_bytes: 16215244288
write_bytes: 30179975168
cancelled_write_bytes: 278528

[2019-04-22T05:05:25-07:00]
rchar: 66656592451
wchar: 30569416010
syscr: 8056215
syscw: 1227751
read_bytes: 16449400320
write_bytes: 30611152896
cancelled_write_bytes: 278528

[2019-04-22T05:05:28-07:00]
rchar: 67008440421
wchar: 30802049830
syscr: 8098844
syscw: 1233811
read_bytes: 16548957696
write_bytes: 30844133376
cancelled_write_bytes: 278528

[2019-04-22T05:05:31-07:00]
rchar: 67420995634
wchar: 31113322508
syscr: 8148783
syscw: 1242408
read_bytes: 16651881984
write_bytes: 31155884032
cancelled_write_bytes: 286720

[2019-04-22T05:05:34-07:00]
rchar: 68547919205
wchar: 31381938898
syscr: 8285396
syscw: 1269333
read_bytes: 16829132288
write_bytes: 31424782336
cancelled_write_bytes: 286720

[2019-04-22T05:05:37-07:00]
rchar: 69393259972
wchar: 31805223283
syscr: 8387861
syscw: 1282828
read_bytes: 16888405504
write_bytes: 31848628224
cancelled_write_bytes: 286720

[2019-04-22T05:05:40-07:00]
rchar: 70353834284
wchar: 32217316610
syscr: 8504313
syscw: 1300728
read_bytes: 16997387776
write_bytes: 32261263360
cancelled_write_bytes: 286720

[2019-04-22T05:05:43-07:00]
rchar: 70582814258
wchar: 32498656484
syscr: 8532064
syscw: 1303583
read_bytes: 17009069568
write_bytes: 32543047680
cancelled_write_bytes: 286720

[2019-04-22T05:05:46-07:00]
rchar: 71408942977
wchar: 32840568289
syscr: 8632126
syscw: 1316237
read_bytes: 17063923200
write_bytes: 32885444608
cancelled_write_bytes: 294912

[2019-04-22T05:05:49-07:00]
rchar: 72511132006
wchar: 33344446557
syscr: 8765729
syscw: 1330570
read_bytes: 17127542272
write_bytes: 33390010368
cancelled_write_bytes: 294912

[2019-04-22T05:05:52-07:00]
rchar: 73715979074
wchar: 33736696220
syscr: 8911789
syscw: 1350411
read_bytes: 17257287168
write_bytes: 33782771712
cancelled_write_bytes: 294912

[2019-04-22T05:05:55-07:00]
rchar: 74613222645
wchar: 34079765414
syscr: 9020573
syscw: 1367549
read_bytes: 17378328064
write_bytes: 34126299136
cancelled_write_bytes: 299008

[2019-04-22T05:05:58-07:00]
rchar: 75724726893
wchar: 34475257581
syscr: 9155233
syscw: 1381830
read_bytes: 17440509440
write_bytes: 34522341376
cancelled_write_bytes: 307200

[2019-04-22T05:06:01-07:00]
rchar: 76988596703
wchar: 34937623904
syscr: 9308435
syscw: 1398027
read_bytes: 17510612480
write_bytes: 34985328640
cancelled_write_bytes: 307200

[2019-04-22T05:06:04-07:00]
rchar: 77876744173
wchar: 35499163418
syscr: 9416001
syscw: 1404556
read_bytes: 17536650752
write_bytes: 35547758592
cancelled_write_bytes: 311296

[2019-04-22T05:06:07-07:00]
rchar: 78529642109
wchar: 35973698094
syscr: 9494960
syscw: 1408200
read_bytes: 17549905408
write_bytes: 36023078912
cancelled_write_bytes: 311296

[2019-04-22T05:06:10-07:00]
rchar: 79132750122
wchar: 36264866100
syscr: 9567902
syscw: 1415819
read_bytes: 17582599680
write_bytes: 36314714112
cancelled_write_bytes: 315392

[2019-04-22T05:06:13-07:00]
rchar: 79840904551
wchar: 36627047504
syscr: 9653746
syscw: 1431528
read_bytes: 17650875904
write_bytes: 36677361664
cancelled_write_bytes: 315392

[2019-04-22T05:06:16-07:00]
rchar: 80273760016
wchar: 37013071123
syscr: 9706132
syscw: 1438559
read_bytes: 17680010752
write_bytes: 37063995392
cancelled_write_bytes: 327680

[2019-04-22T05:06:19-07:00]
rchar: 81075724822
wchar: 37382299219
syscr: 9803342
syscw: 1451551
read_bytes: 17734856192
write_bytes: 37433729024
cancelled_write_bytes: 327680

[2019-04-22T05:06:22-07:00]
rchar: 81876423379
wchar: 37776075062
syscr: 9900402
syscw: 1463724
read_bytes: 17787366912
write_bytes: 37828034560
cancelled_write_bytes: 327680

[2019-04-22T05:06:25-07:00]
rchar: 83047189115
wchar: 38170589799
syscr: 10042332
syscw: 1488320
read_bytes: 17949281792
write_bytes: 38223020032
cancelled_write_bytes: 331776

[2019-04-22T05:06:28-07:00]
rchar: 83658543583
wchar: 38519172919
syscr: 10116441
syscw: 1496886
read_bytes: 17984773632
write_bytes: 38572097536
cancelled_write_bytes: 335872

[2019-04-22T05:06:31-07:00]
rchar: 84008594002
wchar: 38820926796
syscr: 10158790
syscw: 1502531
read_bytes: 18008395264
write_bytes: 38874607616
cancelled_write_bytes: 356352

[2019-04-22T05:06:34-07:00]
rchar: 84702655839
wchar: 39177885032
syscr: 10242912
syscw: 1510758
read_bytes: 18040733184
write_bytes: 39231815680
cancelled_write_bytes: 356352

[2019-04-22T05:06:37-07:00]
rchar: 85772537528
wchar: 39527212729
syscr: 10372617
syscw: 1528620
read_bytes: 18136616448
write_bytes: 39581577216
cancelled_write_bytes: 360448

[2019-04-22T05:06:40-07:00]
rchar: 87280083979
wchar: 39884431632
syscr: 10555395
syscw: 1557741
read_bytes: 18321391104
write_bytes: 39939178496
cancelled_write_bytes: 364544

[2019-04-22T05:06:43-07:00]
rchar: 87706765994
wchar: 40073724288
syscr: 10607110
syscw: 1563878
read_bytes: 18346319360
write_bytes: 40128749568
cancelled_write_bytes: 364544

[2019-04-22T05:06:46-07:00]
rchar: 88161769232
wchar: 40311916609
syscr: 10662200
syscw: 1572233
read_bytes: 18406600192
write_bytes: 40367304704
cancelled_write_bytes: 372736

[2019-04-22T05:06:49-07:00]
rchar: 89956691977
wchar: 40618831490
syscr: 10879815
syscw: 1601474
read_bytes: 18637196800
write_bytes: 40674529280
cancelled_write_bytes: 372736

[2019-04-22T05:06:52-07:00]
rchar: 91148524725
wchar: 41139554756
syscr: 11024198
syscw: 1614573
read_bytes: 18736393728
write_bytes: 41196019712
cancelled_write_bytes: 372736

[2019-04-22T05:06:55-07:00]
rchar: 91763438953
wchar: 41602208535
syscr: 11098593
syscw: 1617547
read_bytes: 18748665344
write_bytes: 41659453440
cancelled_write_bytes: 372736

[2019-04-22T05:06:58-07:00]
rchar: 92442550457
wchar: 41996749939
syscr: 11180793
syscw: 1627565
read_bytes: 18797411840
write_bytes: 42054590464
cancelled_write_bytes: 376832

[2019-04-22T05:07:01-07:00]
rchar: 92560498354
wchar: 42206873000
syscr: 11195009
syscw: 1630927
read_bytes: 18819583488
write_bytes: 42265083904
cancelled_write_bytes: 376832

[2019-04-22T05:07:04-07:00]
rchar: 93814150142
wchar: 42600242969
syscr: 11346991
syscw: 1655861
read_bytes: 19004784128
write_bytes: 42658922496
cancelled_write_bytes: 385024

[2019-04-22T05:07:07-07:00]
rchar: 94972782415
wchar: 43051241131
syscr: 11487442
syscw: 1676862
read_bytes: 19122142720
write_bytes: 43110502400
cancelled_write_bytes: 393216

[2019-04-22T05:07:10-07:00]
rchar: 95855419137
wchar: 43396212678
syscr: 11594432
syscw: 1693858
read_bytes: 19243900416
write_bytes: 43455897600
cancelled_write_bytes: 393216

[2019-04-22T05:07:13-07:00]
rchar: 96150295581
wchar: 43772933064
syscr: 11630174
syscw: 1696858
read_bytes: 19257601536
write_bytes: 43833217024
cancelled_write_bytes: 393216

[2019-04-22T05:07:16-07:00]
rchar: 97304158576
wchar: 44192243774
syscr: 11769962
syscw: 1713307
read_bytes: 19377737216
write_bytes: 44253093888
cancelled_write_bytes: 405504

[2019-04-22T05:07:19-07:00]
rchar: 98170479768
wchar: 44564111643
syscr: 11874973
syscw: 1724968
read_bytes: 19447033344
write_bytes: 44625498112
cancelled_write_bytes: 417792

[2019-04-22T05:07:22-07:00]
rchar: 99703425768
wchar: 44856316649
syscr: 12060834
syscw: 1754736
read_bytes: 19723800064
write_bytes: 44917960704
cancelled_write_bytes: 417792

[2019-04-22T05:07:25-07:00]
rchar: 100529876371
wchar: 45152172181
syscr: 12160954
syscw: 1769652
read_bytes: 19848101376
write_bytes: 45214244864
cancelled_write_bytes: 425984

[2019-04-22T05:07:28-07:00]
rchar: 102447451031
wchar: 45482751702
syscr: 12393431
syscw: 1800034
read_bytes: 20122222080
write_bytes: 45545144320
cancelled_write_bytes: 425984

[2019-04-22T05:07:31-07:00]
rchar: 103213359348
wchar: 46007509573
syscr: 12486187
syscw: 1804574
read_bytes: 20149796352
write_bytes: 46070759424
cancelled_write_bytes: 425984

[2019-04-22T05:07:34-07:00]
rchar: 103875854682
wchar: 46488394636
syscr: 12566274
syscw: 1807869
read_bytes: 20164795904
write_bytes: 46553034752
cancelled_write_bytes: 425984

[2019-04-22T05:07:37-07:00]
rchar: 104546628959
wchar: 46851309199
syscr: 12647505
syscw: 1819485
read_bytes: 20223585792
write_bytes: 46915907584
cancelled_write_bytes: 425984

[2019-04-22T05:07:40-07:00]
rchar: 105016012264
wchar: 47147481271
syscr: 12704403
syscw: 1826823
read_bytes: 20260089344
write_bytes: 47212478464
cancelled_write_bytes: 425984

[2019-04-22T05:07:43-07:00]
rchar: 105505035376
wchar: 47517345203
syscr: 12763598
syscw: 1835944
read_bytes: 20305255936
write_bytes: 47582912512
cancelled_write_bytes: 442368

[2019-04-22T05:07:46-07:00]
rchar: 106021452228
wchar: 47849607659
syscr: 12826190
syscw: 1841432
read_bytes: 20331388416
write_bytes: 47915642880
cancelled_write_bytes: 442368

[2019-04-22T05:07:49-07:00]
rchar: 106977981580
wchar: 48284692885
syscr: 12942133
syscw: 1856756
read_bytes: 20409155072
write_bytes: 48351330304
cancelled_write_bytes: 442368

[2019-04-22T05:07:52-07:00]
rchar: 107570333826
wchar: 48626834409
syscr: 13013930
syscw: 1864531
read_bytes: 20446883328
write_bytes: 48693968896
cancelled_write_bytes: 446464

[2019-04-22T05:07:55-07:00]
rchar: 108448972987
wchar: 49039373599
syscr: 13120432
syscw: 1878153
read_bytes: 20520066560
write_bytes: 49107075072
cancelled_write_bytes: 454656

[2019-04-22T05:07:58-07:00]
rchar: 109153376066
wchar: 49418576568
syscr: 13205812
syscw: 1888423
read_bytes: 20570869248
write_bytes: 49486798848
cancelled_write_bytes: 454656

[2019-04-22T05:08:01-07:00]
rchar: 109455522781
wchar: 49690557017
syscr: 13242439
syscw: 1892970
read_bytes: 20592778752
write_bytes: 49759203328
cancelled_write_bytes: 458752

[2019-04-22T05:08:04-07:00]
rchar: 110001645066
wchar: 50009014046
syscr: 13308547
syscw: 1899757
read_bytes: 20627099136
write_bytes: 50078154752
cancelled_write_bytes: 466944

[2019-04-22T05:08:07-07:00]
rchar: 111448067096
wchar: 50316811363
syscr: 13483908
syscw: 1926707
read_bytes: 20869357056
write_bytes: 50386255872
cancelled_write_bytes: 466944

[2019-04-22T05:08:10-07:00]
rchar: 113010910285
wchar: 50642568441
syscr: 13673392
syscw: 1956342
read_bytes: 21147745792
write_bytes: 50712326144
cancelled_write_bytes: 466944

[2019-04-22T05:08:13-07:00]
rchar: 113289130991
wchar: 50966065947
syscr: 13707069
syscw: 1959654
read_bytes: 21169663488
write_bytes: 51036323840
cancelled_write_bytes: 471040

[2019-04-22T05:08:16-07:00]
rchar: 113730950499
wchar: 51325255724
syscr: 13760644
syscw: 1961374
read_bytes: 21186952704
write_bytes: 51396009984
cancelled_write_bytes: 479232

[2019-04-22T05:08:19-07:00]
rchar: 114034001988
wchar: 51564312045
syscr: 13797391
syscw: 1962506
read_bytes: 21205159424
write_bytes: 51635466240
cancelled_write_bytes: 479232

[2019-04-22T05:08:22-07:00]
rchar: 114493378045
wchar: 51948137173
syscr: 13852946
syscw: 1963901
read_bytes: 21239049728
write_bytes: 52019916800
cancelled_write_bytes: 479232

[2019-04-22T05:08:25-07:00]
rchar: 114892929885
wchar: 52275818105
syscr: 13901236
syscw: 1965179
read_bytes: 21269421568
write_bytes: 52348157952
cancelled_write_bytes: 479232

[2019-04-22T05:08:28-07:00]
rchar: 115377413110
wchar: 52633104404
syscr: 13959837
syscw: 1968634
read_bytes: 21378895360
write_bytes: 52706000896
cancelled_write_bytes: 479232

[2019-04-22T05:08:31-07:00]
rchar: 115866838593
wchar: 52948684249
syscr: 14019172
syscw: 1975668
read_bytes: 21607190016
write_bytes: 53021999104
cancelled_write_bytes: 479232

[2019-04-22T05:08:34-07:00]
rchar: 116283571201
wchar: 53214693185
syscr: 14069660
syscw: 1981717
read_bytes: 21800144384
write_bytes: 53288370176
cancelled_write_bytes: 479232

[2019-04-22T05:08:37-07:00]
rchar: 116838987546
wchar: 53577590077
syscr: 14136967
syscw: 1989737
read_bytes: 22054723072
write_bytes: 53651775488
cancelled_write_bytes: 479232

[2019-04-22T05:08:40-07:00]
rchar: 117352319575
wchar: 53938677370
syscr: 14199186
syscw: 1995863
read_bytes: 22247026176
write_bytes: 54013341696
cancelled_write_bytes: 479232

[2019-04-22T05:08:43-07:00]
rchar: 117815417574
wchar: 54237555865
syscr: 14255338
syscw: 2002369
read_bytes: 22452375040
write_bytes: 54312620032
cancelled_write_bytes: 479232

[2019-04-22T05:08:46-07:00]
rchar: 118355713137
wchar: 54586282032
syscr: 14320803
syscw: 2010171
read_bytes: 22702693888
write_bytes: 54661840896
cancelled_write_bytes: 479232

[2019-04-22T05:08:49-07:00]
rchar: 118871994181
wchar: 54919969241
syscr: 14383356
syscw: 2017553
read_bytes: 22937304576
write_bytes: 54996008960
cancelled_write_bytes: 479232

[2019-04-22T05:08:52-07:00]
rchar: 119464463383
wchar: 55312753937
syscr: 14455191
syscw: 2025965
read_bytes: 23187541504
write_bytes: 55389323264
cancelled_write_bytes: 479232

[2019-04-22T05:08:55-07:00]
rchar: 119791874440
wchar: 55657812675
syscr: 14494801
syscw: 2030399
read_bytes: 23317306880
write_bytes: 55734931456
cancelled_write_bytes: 487424

[2019-04-22T05:08:58-07:00]
rchar: 120562116258
wchar: 56083438750
syscr: 14588143
syscw: 2039926
read_bytes: 23623110144
write_bytes: 56161128448
cancelled_write_bytes: 487424

[2019-04-22T05:09:01-07:00]
rchar: 121100902246
wchar: 56388490249
syscr: 14653425
syscw: 2046743
read_bytes: 23830691328
write_bytes: 56466612224
cancelled_write_bytes: 487424

[2019-04-22T05:09:04-07:00]
rchar: 121846306436
wchar: 56821163215
syscr: 14743789
syscw: 2055795
read_bytes: 24080563712
write_bytes: 56899874816
cancelled_write_bytes: 487424

[2019-04-22T05:09:07-07:00]
rchar: 122458455305
wchar: 57188731295
syscr: 14817955
syscw: 2063112
read_bytes: 24260763136
write_bytes: 57268019200
cancelled_write_bytes: 487424

[2019-04-22T05:09:10-07:00]
rchar: 123109529022
wchar: 57540947141
syscr: 14896865
syscw: 2072166
read_bytes: 24448151040
write_bytes: 57620713472
cancelled_write_bytes: 487424

[2019-04-22T05:09:13-07:00]
rchar: 123945548728
wchar: 57906250702
syscr: 14998212
syscw: 2086278
read_bytes: 24710991360
write_bytes: 57986490368
cancelled_write_bytes: 487424

[2019-04-22T05:09:16-07:00]
rchar: 124410213972
wchar: 58105376187
syscr: 15054522
syscw: 2094451
read_bytes: 24859594240
write_bytes: 58185879552
cancelled_write_bytes: 487424

[2019-04-22T05:09:19-07:00]
rchar: 125062894422
wchar: 58472547983
syscr: 15133577
syscw: 2104861
read_bytes: 25015635456
write_bytes: 58553614336
cancelled_write_bytes: 495616

[2019-04-22T05:09:22-07:00]
rchar: 126406923983
wchar: 58931449198
syscr: 15296494
syscw: 2123925
read_bytes: 25310551552
write_bytes: 59013103616
cancelled_write_bytes: 495616

[2019-04-22T05:09:25-07:00]
rchar: 127792824367
wchar: 59339318566
syscr: 15464513
syscw: 2146382
read_bytes: 25635040768
write_bytes: 59421442048
cancelled_write_bytes: 495616

[2019-04-22T05:09:28-07:00]
rchar: 128686724098
wchar: 59677877535
syscr: 15572884
syscw: 2161036
read_bytes: 25840848384
write_bytes: 59761274880
cancelled_write_bytes: 495616

[2019-04-22T05:09:31-07:00]
rchar: 129885263598
wchar: 60041755466
syscr: 15718105
syscw: 2177913
read_bytes: 26071887360
write_bytes: 60124807168
cancelled_write_bytes: 503808

[2019-04-22T05:09:34-07:00]
rchar: 131683288902
wchar: 60458024014
syscr: 15936079
syscw: 2202520
read_bytes: 26403941888
write_bytes: 60542840832
cancelled_write_bytes: 503808

[2019-04-22T05:09:37-07:00]
rchar: 133076948552
wchar: 60743627903
syscr: 16105047
syscw: 2221584
read_bytes: 26594356736
write_bytes: 60827496448
cancelled_write_bytes: 503808

[2019-04-22T05:09:40-07:00]
rchar: 133590218967
wchar: 61265868772
syscr: 16167194
syscw: 2224815
read_bytes: 26607476224
write_bytes: 61350559744
cancelled_write_bytes: 512000

[2019-04-22T05:09:43-07:00]
rchar: 134595362102
wchar: 62010321160
syscr: 16289019
syscw: 2229010
read_bytes: 26626235904
write_bytes: 62096179200
cancelled_write_bytes: 512000

[2019-04-22T05:09:46-07:00]
rchar: 135143371680
wchar: 62411565675
syscr: 16355418
syscw: 2231326
read_bytes: 26638638592
write_bytes: 62498357248
cancelled_write_bytes: 512000

[2019-04-22T05:09:49-07:00]
rchar: 135911885885
wchar: 62974012070
syscr: 16448559
syscw: 2234725
read_bytes: 26656792064
write_bytes: 63061397504
cancelled_write_bytes: 512000

[2019-04-22T05:09:52-07:00]
rchar: 136745550557
wchar: 63606504519
syscr: 16549614
syscw: 2238148
read_bytes: 26675179008
write_bytes: 63694897152
cancelled_write_bytes: 512000

[2019-04-22T05:09:55-07:00]
rchar: 137256027407
wchar: 64039523135
syscr: 16611155
syscw: 2239578
read_bytes: 26681687552
write_bytes: 64128585728
cancelled_write_bytes: 512000

[2019-04-22T05:09:58-07:00]
rchar: 138194936620
wchar: 64667846853
syscr: 16724924
syscw: 2249667
read_bytes: 26747227648
write_bytes: 64758837248
cancelled_write_bytes: 512000

[2019-04-22T05:10:01-07:00]
rchar: 139082975794
wchar: 65158271218
syscr: 16832588
syscw: 2263458
read_bytes: 26819665408
write_bytes: 65249013760
cancelled_write_bytes: 524288

[2019-04-22T05:10:04-07:00]
rchar: 139587368478
wchar: 65580497629
syscr: 16893542
syscw: 2266272
read_bytes: 26831461888
write_bytes: 65672728576
cancelled_write_bytes: 524288

[2019-04-22T05:10:07-07:00]
rchar: 140064567202
wchar: 65972407764
syscr: 16951172
syscw: 2269500
read_bytes: 26845167104
write_bytes: 66064531456
cancelled_write_bytes: 524288

[2019-04-22T05:10:10-07:00]
rchar: 140603983038
wchar: 66323010110
syscr: 17016539
syscw: 2277820
read_bytes: 26882780672
write_bytes: 66415636480
cancelled_write_bytes: 524288

[2019-04-22T05:10:13-07:00]
rchar: 141315421788
wchar: 66841672545
syscr: 17102784
syscw: 2293265
read_bytes: 26953694720
write_bytes: 66935066624
cancelled_write_bytes: 528384

[2019-04-22T05:10:16-07:00]
rchar: 141833557354
wchar: 67135037197
syscr: 17165506
syscw: 2301069
read_bytes: 26990571008
write_bytes: 67228860416
cancelled_write_bytes: 548864

[2019-04-22T05:10:19-07:00]
rchar: 142616408105
wchar: 67535690977
syscr: 17260402
syscw: 2312488
read_bytes: 27043909120
write_bytes: 67630088192
cancelled_write_bytes: 552960

[2019-04-22T05:10:22-07:00]
rchar: 143581166997
wchar: 67992073161
syscr: 17377349
syscw: 2327564
read_bytes: 27118620160
write_bytes: 68087087104
cancelled_write_bytes: 561152

[2019-04-22T05:10:25-07:00]
rchar: 144587778584
wchar: 68435922687
syscr: 17499373
syscw: 2345648
read_bytes: 27202887168
write_bytes: 68531519488
cancelled_write_bytes: 565248

[2019-04-22T05:10:28-07:00]
rchar: 145154986102
wchar: 68767977420
syscr: 17568121
syscw: 2353293
read_bytes: 27236904448
write_bytes: 68864040960
cancelled_write_bytes: 569344

[2019-04-22T05:10:31-07:00]
rchar: 145604909473
wchar: 69042713306
syscr: 17622652
syscw: 2359121
read_bytes: 27263430144
write_bytes: 69139169280
cancelled_write_bytes: 577536

[2019-04-22T05:10:34-07:00]
rchar: 146137254250
wchar: 69297397924
syscr: 17687112
syscw: 2370475
read_bytes: 27347627520
write_bytes: 69394243584
cancelled_write_bytes: 585728

[2019-04-22T05:10:37-07:00]
rchar: 147798226449
wchar: 69597749188
syscr: 17888498
syscw: 2403931
read_bytes: 27631640064
write_bytes: 69694857216
cancelled_write_bytes: 585728

[2019-04-22T05:10:40-07:00]
rchar: 148914586297
wchar: 69813250063
syscr: 18023849
syscw: 2425923
read_bytes: 27822726656
write_bytes: 69911515136
cancelled_write_bytes: 585728

[2019-04-22T05:10:43-07:00]
rchar: 149752381968
wchar: 70309482939
syscr: 18125348
syscw: 2436065
read_bytes: 27889065472
write_bytes: 70407573504
cancelled_write_bytes: 593920

[2019-04-22T05:10:46-07:00]
rchar: 150388641499
wchar: 70769969682
syscr: 18202262
syscw: 2439303
read_bytes: 27901914624
write_bytes: 70868848640
cancelled_write_bytes: 593920

[2019-04-22T05:10:49-07:00]
rchar: 150805416441
wchar: 71060708100
syscr: 18252653
syscw: 2441563
read_bytes: 27910659584
write_bytes: 71160082432
cancelled_write_bytes: 593920

[2019-04-22T05:10:52-07:00]
rchar: 151688793995
wchar: 71474634648
syscr: 18359694
syscw: 2459961
read_bytes: 27992411648
write_bytes: 71574585344
cancelled_write_bytes: 598016

[2019-04-22T05:10:55-07:00]
rchar: 152273033579
wchar: 71829055418
syscr: 18430500
syscw: 2470098
read_bytes: 28036492800
write_bytes: 71929499648
cancelled_write_bytes: 598016

[2019-04-22T05:10:58-07:00]
rchar: 153043777576
wchar: 72287600340
syscr: 18523922
syscw: 2484400
read_bytes: 28099210752
write_bytes: 72388673536
cancelled_write_bytes: 602112

[2019-04-22T05:11:01-07:00]
rchar: 153438825342
wchar: 72568575352
syscr: 18571803
syscw: 2489671
read_bytes: 28122492416
write_bytes: 72670060544
cancelled_write_bytes: 606208

[2019-04-22T05:11:04-07:00]
rchar: 153652265017
wchar: 72876561992
syscr: 18597669
syscw: 2493016
read_bytes: 28136185344
write_bytes: 72978542592
cancelled_write_bytes: 606208

[2019-04-22T05:11:07-07:00]
rchar: 154494490037
wchar: 73262973488
syscr: 18699683
syscw: 2506836
read_bytes: 28200754688
write_bytes: 73365487616
cancelled_write_bytes: 618496

[2019-04-22T05:11:10-07:00]
rchar: 155907743998
wchar: 73644974459
syscr: 18871016
syscw: 2538963
read_bytes: 28448009728
write_bytes: 73747890176
cancelled_write_bytes: 626688

[2019-04-22T05:11:13-07:00]
rchar: 156590743060
wchar: 73985921017
syscr: 18953801
syscw: 2549699
read_bytes: 28507373056
write_bytes: 74089316352
cancelled_write_bytes: 634880

[2019-04-22T05:11:16-07:00]
rchar: 156882354297
wchar: 74223728101
syscr: 18989164
syscw: 2557191
read_bytes: 28574133760
write_bytes: 74327482368
cancelled_write_bytes: 634880

[2019-04-22T05:11:19-07:00]
rchar: 158408395379
wchar: 74551937787
syscr: 19174089
syscw: 2585041
read_bytes: 28836478464
write_bytes: 74656051200
cancelled_write_bytes: 643072

[2019-04-22T05:11:22-07:00]
rchar: 159949058200
wchar: 74840517562
syscr: 19360883
syscw: 2615376
read_bytes: 29105229312
write_bytes: 74945171456
cancelled_write_bytes: 643072

[2019-04-22T05:11:25-07:00]
rchar: 160495134040
wchar: 75100704905
syscr: 19427019
syscw: 2625681
read_bytes: 29191110144
write_bytes: 75205472256
cancelled_write_bytes: 655360

[2019-04-22T05:11:28-07:00]
rchar: 162326962795
wchar: 75378267489
syscr: 19649107
syscw: 2655508
read_bytes: 29447659008
write_bytes: 75483283456
cancelled_write_bytes: 655360

[2019-04-22T05:11:31-07:00]
rchar: 163980047561
wchar: 75972712016
syscr: 19849418
syscw: 2676253
read_bytes: 29606403584
write_bytes: 76078579712
cancelled_write_bytes: 655360

[2019-04-22T05:11:34-07:00]
rchar: 164424969044
wchar: 76304897272
syscr: 19903232
syscw: 2678379
read_bytes: 29615119872
write_bytes: 76411330560
cancelled_write_bytes: 655360

[2019-04-22T05:11:37-07:00]
rchar: 165067558178
wchar: 76695026107
syscr: 19980956
syscw: 2684116
read_bytes: 29640158720
write_bytes: 76802244608
cancelled_write_bytes: 655360

[2019-04-22T05:11:40-07:00]
rchar: 165398305533
wchar: 76936601003
syscr: 20021041
syscw: 2688144
read_bytes: 29658795520
write_bytes: 77044019200
cancelled_write_bytes: 655360

[2019-04-22T05:11:43-07:00]
rchar: 165671588364
wchar: 77311003745
syscr: 20054159
syscw: 2691260
read_bytes: 29671849472
write_bytes: 77419020288
cancelled_write_bytes: 655360

[2019-04-22T05:11:46-07:00]
rchar: 166181171635
wchar: 77616996799
syscr: 20115832
syscw: 2697267
read_bytes: 29699010048
write_bytes: 77725478912
cancelled_write_bytes: 663552

[2019-04-22T05:11:49-07:00]
rchar: 167097589891
wchar: 78036022172
syscr: 20226914
syscw: 2711712
read_bytes: 29768490496
write_bytes: 78145089536
cancelled_write_bytes: 663552

[2019-04-22T05:11:52-07:00]
rchar: 167853951692
wchar: 78412354646
syscr: 20318593
syscw: 2723111
read_bytes: 29823032832
write_bytes: 78521942016
cancelled_write_bytes: 667648

[2019-04-22T05:11:55-07:00]
rchar: 168744959272
wchar: 78844000960
syscr: 20426595
syscw: 2737109
read_bytes: 29891116544
write_bytes: 78954192896
cancelled_write_bytes: 671744

[2019-04-22T05:11:58-07:00]
rchar: 169302127946
wchar: 79188925560
syscr: 20494113
syscw: 2744005
read_bytes: 29922196992
write_bytes: 79299620864
cancelled_write_bytes: 671744

[2019-04-22T05:12:01-07:00]
rchar: 170005711618
wchar: 79524150988
syscr: 20579400
syscw: 2756198
read_bytes: 29979418112
write_bytes: 79635308544
cancelled_write_bytes: 679936

[2019-04-22T05:12:04-07:00]
rchar: 170299409494
wchar: 79876473004
syscr: 20614912
syscw: 2759836
read_bytes: 29994958336
write_bytes: 79988215808
cancelled_write_bytes: 692224

[2019-04-22T05:12:07-07:00]
rchar: 171023088333
wchar: 80204060342
syscr: 20702636
syscw: 2769429
read_bytes: 30043688448
write_bytes: 80316260352
cancelled_write_bytes: 696320

[2019-04-22T05:12:10-07:00]
rchar: 172493977109
wchar: 80477718495
syscr: 20880969
syscw: 2798769
read_bytes: 30296452608
write_bytes: 80590168064
cancelled_write_bytes: 696320

[2019-04-22T05:12:13-07:00]
rchar: 173715313259
wchar: 80753226778
syscr: 21029042
syscw: 2822013
read_bytes: 30509837824
write_bytes: 80865964032
cancelled_write_bytes: 700416

[2019-04-22T05:12:16-07:00]
rchar: 174548155129
wchar: 81056331961
syscr: 21129939
syscw: 2835847
read_bytes: 30631624192
write_bytes: 81169506304
cancelled_write_bytes: 708608

[2019-04-22T05:12:19-07:00]
rchar: 176460699300
wchar: 81491527355
syscr: 21361818
syscw: 2863863
read_bytes: 30889901568
write_bytes: 81605214208
cancelled_write_bytes: 708608

[2019-04-22T05:12:22-07:00]
rchar: 177092891531
wchar: 81957138620
syscr: 21438323
syscw: 2867011
read_bytes: 30902164992
write_bytes: 82071609344
cancelled_write_bytes: 708608

[2019-04-22T05:12:25-07:00]
rchar: 177528864697
wchar: 82273196511
syscr: 21491043
syscw: 2869302
read_bytes: 30911331840
write_bytes: 82388205568
cancelled_write_bytes: 708608

[2019-04-22T05:12:28-07:00]
rchar: 178230762178
wchar: 82668510143
syscr: 21575979
syscw: 2879665
read_bytes: 30957530624
write_bytes: 82784133120
cancelled_write_bytes: 708608

[2019-04-22T05:12:31-07:00]
rchar: 178686011180
wchar: 82985655224
syscr: 21631158
syscw: 2885623
read_bytes: 30983904768
write_bytes: 83101724672
cancelled_write_bytes: 708608

[2019-04-22T05:12:34-07:00]
rchar: 178835616498
wchar: 83256952898
syscr: 21649292
syscw: 2887907
read_bytes: 30992145920
write_bytes: 83373473792
cancelled_write_bytes: 708608

[2019-04-22T05:12:37-07:00]
rchar: 179401358016
wchar: 83586297925
syscr: 21717779
syscw: 2894795
read_bytes: 31023070720
write_bytes: 83703296000
cancelled_write_bytes: 720896

[2019-04-22T05:12:40-07:00]
rchar: 180433704323
wchar: 84051321734
syscr: 21842913
syscw: 2911676
read_bytes: 31097814528
write_bytes: 84168945664
cancelled_write_bytes: 720896

[2019-04-22T05:12:43-07:00]
rchar: 181255604899
wchar: 84426814276
syscr: 21942532
syscw: 2925560
read_bytes: 31157005824
write_bytes: 84544958464
cancelled_write_bytes: 724992

[2019-04-22T05:12:46-07:00]
rchar: 182022869342
wchar: 84827144615
syscr: 22035539
syscw: 2937314
read_bytes: 31206948352
write_bytes: 84945838080
cancelled_write_bytes: 729088

[2019-04-22T05:12:49-07:00]
rchar: 182927069797
wchar: 85244470439
syscr: 22145148
syscw: 2953134
read_bytes: 31276191232
write_bytes: 85363728384
cancelled_write_bytes: 737280

[2019-04-22T05:12:52-07:00]
rchar: 183073058391
wchar: 85491050679
syscr: 22162843
syscw: 2955666
read_bytes: 31286013440
write_bytes: 85610717184
cancelled_write_bytes: 737280

[2019-04-22T05:12:55-07:00]
rchar: 183946006126
wchar: 85753993912
syscr: 22268586
syscw: 2969963
read_bytes: 31369281024
write_bytes: 85874024448
cancelled_write_bytes: 749568

[2019-04-22T05:12:58-07:00]
rchar: 185623553298
wchar: 86141121389
syscr: 22471968
syscw: 3000408
read_bytes: 31594249728
write_bytes: 86261551104
cancelled_write_bytes: 757760

[2019-04-22T05:13:01-07:00]
rchar: 186585735649
wchar: 86315207835
syscr: 22588621
syscw: 3019669
read_bytes: 31745543680
write_bytes: 86435790848
cancelled_write_bytes: 757760

[2019-04-22T05:13:04-07:00]
rchar: 187091756264
wchar: 86862713103
syscr: 22649921
syscw: 3022659
read_bytes: 31777463808
write_bytes: 86984454144
cancelled_write_bytes: 770048

[2019-04-22T05:13:07-07:00]
rchar: 187629960668
wchar: 87307352735
syscr: 22715057
syscw: 3024419
read_bytes: 31813955072
write_bytes: 87429484544
cancelled_write_bytes: 770048

[2019-04-22T05:13:10-07:00]
rchar: 188205462255
wchar: 87775979264
syscr: 22784688
syscw: 3026332
read_bytes: 31851494912
write_bytes: 87898857472
cancelled_write_bytes: 770048

[2019-04-22T05:13:13-07:00]
rchar: 188637496791
wchar: 88136733860
syscr: 22836968
syscw: 3027733
read_bytes: 31878426112
write_bytes: 88260194304
cancelled_write_bytes: 770048

[2019-04-22T05:13:16-07:00]
rchar: 189096310893
wchar: 88495596141
syscr: 22892480
syscw: 3030230
read_bytes: 31942196736
write_bytes: 88619618304
cancelled_write_bytes: 770048

[2019-04-22T05:13:19-07:00]
rchar: 189626142598
wchar: 88832639052
syscr: 22956731
syscw: 3037396
read_bytes: 32180641280
write_bytes: 88957091840
cancelled_write_bytes: 770048

[2019-04-22T05:13:22-07:00]
rchar: 190389960723
wchar: 89322192067
syscr: 23049309
syscw: 3047631
read_bytes: 32516824576
write_bytes: 89447297024
cancelled_write_bytes: 770048

[2019-04-22T05:13:25-07:00]
rchar: 190935455764
wchar: 89690724919
syscr: 23115398
syscw: 3054629
read_bytes: 32712351232
write_bytes: 89816670208
cancelled_write_bytes: 770048

[2019-04-22T05:13:28-07:00]
rchar: 191520701068
wchar: 90069303468
syscr: 23186336
syscw: 3062642
read_bytes: 32944664064
write_bytes: 90195484672
cancelled_write_bytes: 770048

[2019-04-22T05:13:31-07:00]
rchar: 192054832104
wchar: 90389265604
syscr: 23251070
syscw: 3071180
read_bytes: 33174781440
write_bytes: 90515873792
cancelled_write_bytes: 770048

[2019-04-22T05:13:34-07:00]
rchar: 192612282593
wchar: 90726478752
syscr: 23318655
syscw: 3079819
read_bytes: 33418599936
write_bytes: 90853543936
cancelled_write_bytes: 770048

[2019-04-22T05:13:37-07:00]
rchar: 192914221724
wchar: 91064288241
syscr: 23355236
syscw: 3084897
read_bytes: 33549925888
write_bytes: 91191877632
cancelled_write_bytes: 770048

[2019-04-22T05:13:40-07:00]
rchar: 193563569994
wchar: 91432668003
syscr: 23433890
syscw: 3092654
read_bytes: 33760038400
write_bytes: 91560738816
cancelled_write_bytes: 778240

[2019-04-22T05:13:43-07:00]
rchar: 194277663259
wchar: 91824155195
syscr: 23520428
syscw: 3101492
read_bytes: 34017152512
write_bytes: 91952766976
cancelled_write_bytes: 778240

[2019-04-22T05:13:46-07:00]
rchar: 195041351120
wchar: 92234291679
syscr: 23612992
syscw: 3111208
read_bytes: 34308320768
write_bytes: 92363456512
cancelled_write_bytes: 778240

[2019-04-22T05:13:49-07:00]
rchar: 195665318488
wchar: 92620892459
syscr: 23688600
syscw: 3118106
read_bytes: 34484149760
write_bytes: 92750626816
cancelled_write_bytes: 782336

[2019-04-22T05:13:52-07:00]
rchar: 196280226836
wchar: 92958213007
syscr: 23763137
syscw: 3126138
read_bytes: 34658647552
write_bytes: 93088411648
cancelled_write_bytes: 782336

[2019-04-22T05:13:55-07:00]
rchar: 197039744589
wchar: 93340861512
syscr: 23855195
syscw: 3137112
read_bytes: 34909789696
write_bytes: 93471592448
cancelled_write_bytes: 782336

[2019-04-22T05:13:58-07:00]
rchar: 197877327176
wchar: 93676405551
syscr: 23956720
syscw: 3152317
read_bytes: 35159764480
write_bytes: 93807587328
cancelled_write_bytes: 782336

[2019-04-22T05:14:01-07:00]
rchar: 198067344812
wchar: 93895071784
syscr: 23979673
syscw: 3156434
read_bytes: 35200892416
write_bytes: 94026629120
cancelled_write_bytes: 790528

[2019-04-22T05:14:04-07:00]
rchar: 199287034880
wchar: 94211829983
syscr: 24127532
syscw: 3176278
read_bytes: 35436506624
write_bytes: 94343749632
cancelled_write_bytes: 790528

[2019-04-22T05:14:07-07:00]
rchar: 200826673597
wchar: 94611218166
syscr: 24314192
syscw: 3200980
read_bytes: 35750977024
write_bytes: 94743584768
cancelled_write_bytes: 790528

[2019-04-22T05:14:10-07:00]
rchar: 201848402896
wchar: 94861791081
syscr: 24438068
syscw: 3217457
read_bytes: 35960585728
write_bytes: 94994423808
cancelled_write_bytes: 790528

[2019-04-22T05:14:13-07:00]
rchar: 202656307641
wchar: 95158227624
syscr: 24535929
syscw: 3230293
read_bytes: 36073016832
write_bytes: 95291322368
cancelled_write_bytes: 798720

[2019-04-22T05:14:16-07:00]
rchar: 204693527934
wchar: 95532755261
syscr: 24782920
syscw: 3260841
read_bytes: 36237753856
write_bytes: 95666237440
cancelled_write_bytes: 798720

[2019-04-22T05:14:19-07:00]
rchar: 205838076458
wchar: 95919011204
syscr: 24921661
syscw: 3275110
read_bytes: 36302151168
write_bytes: 96053018624
cancelled_write_bytes: 798720

[2019-04-22T05:14:22-07:00]
rchar: 206445329142
wchar: 96091334260
syscr: 24995287
syscw: 3284348
read_bytes: 36355702272
write_bytes: 96225570816
cancelled_write_bytes: 798720

[2019-04-22T05:14:25-07:00]
rchar: 207071242727
wchar: 96629552783
syscr: 25071107
syscw: 3287790
read_bytes: 36375297536
write_bytes: 96764653568
cancelled_write_bytes: 806912

[2019-04-22T05:14:28-07:00]
rchar: 207702287770
wchar: 97090755187
syscr: 25147577
syscw: 3290546
read_bytes: 36389826048
write_bytes: 97226592256
cancelled_write_bytes: 806912

[2019-04-22T05:14:31-07:00]
rchar: 208374094400
wchar: 97569727855
syscr: 25228991
syscw: 3293730
read_bytes: 36408638976
write_bytes: 97706332160
cancelled_write_bytes: 806912

[2019-04-22T05:14:34-07:00]
rchar: 208832154566
wchar: 97895271499
syscr: 25284516
syscw: 3295805
read_bytes: 36419927552
write_bytes: 98032398336
cancelled_write_bytes: 806912

[2019-04-22T05:14:37-07:00]
rchar: 209398285910
wchar: 98334919418
syscr: 25353106
syscw: 3297915
read_bytes: 36432002560
write_bytes: 98472734720
cancelled_write_bytes: 806912

[2019-04-22T05:14:40-07:00]
rchar: 210176248092
wchar: 98890509121
syscr: 25447077
syscw: 3304485
read_bytes: 36495474176
write_bytes: 99029708800
cancelled_write_bytes: 806912

[2019-04-22T05:14:43-07:00]
rchar: 211182274567
wchar: 99291689799
syscr: 25569021
syscw: 3325115
read_bytes: 36668464640
write_bytes: 99430875136
cancelled_write_bytes: 806912

[2019-04-22T05:14:46-07:00]
rchar: 212247182657
wchar: 99609578620
syscr: 25698120
syscw: 3351787
read_bytes: 36864531968
write_bytes: 99749113856
cancelled_write_bytes: 806912

[2019-04-22T05:14:49-07:00]
rchar: 212580455701
wchar: 99828053634
syscr: 25738449
syscw: 3359660
read_bytes: 36909772288
write_bytes: 99967938560
cancelled_write_bytes: 815104

[2019-04-22T05:14:52-07:00]
rchar: 213384037657
wchar: 100329587077
syscr: 25835770
syscw: 3367148
read_bytes: 36940647936
write_bytes: 100470251520
cancelled_write_bytes: 815104

[2019-04-22T05:14:55-07:00]
rchar: 213998526393
wchar: 100796037851
syscr: 25910102
syscw: 3370741
read_bytes: 36954000896
write_bytes: 100937502720
cancelled_write_bytes: 815104

[2019-04-22T05:14:58-07:00]
rchar: 214570527245
wchar: 101193720219
syscr: 25979208
syscw: 3376127
read_bytes: 36974841344
write_bytes: 101335851008
cancelled_write_bytes: 815104

[2019-04-22T05:15:01-07:00]
rchar: 215439075579
wchar: 101633827601
syscr: 26084494
syscw: 3395483
read_bytes: 37056290304
write_bytes: 101776539648
cancelled_write_bytes: 815104

[2019-04-22T05:15:04-07:00]
rchar: 216173087138
wchar: 102041526391
syscr: 26173463
syscw: 3409918
read_bytes: 37118053888
write_bytes: 102184783872
cancelled_write_bytes: 815104

[2019-04-22T05:15:07-07:00]
rchar: 216673887512
wchar: 102355572724
syscr: 26234170
syscw: 3418474
read_bytes: 37154536960
write_bytes: 102499266560
cancelled_write_bytes: 819200

[2019-04-22T05:15:10-07:00]
rchar: 216906754989
wchar: 102679258845
syscr: 26262396
syscw: 3422250
read_bytes: 37169765888
write_bytes: 102824202240
cancelled_write_bytes: 819200

[2019-04-22T05:15:13-07:00]
rchar: 217447778059
wchar: 102992051434
syscr: 26327887
syscw: 3429302
read_bytes: 37199511040
write_bytes: 103136735232
cancelled_write_bytes: 835584

[2019-04-22T05:15:16-07:00]
rchar: 218349141540
wchar: 103308333542
syscr: 26437157
syscw: 3447454
read_bytes: 37278916096
write_bytes: 103453433856
cancelled_write_bytes: 843776

[2019-04-22T05:15:19-07:00]
rchar: 219665918711
wchar: 103770752196
syscr: 26596790
syscw: 3474986
read_bytes: 37420731904
write_bytes: 103916396544
cancelled_write_bytes: 847872

[2019-04-22T05:15:22-07:00]
rchar: 220265607615
wchar: 104024254382
syscr: 26669483
syscw: 3486548
read_bytes: 37481434624
write_bytes: 104170217472
cancelled_write_bytes: 847872

[2019-04-22T05:15:25-07:00]
rchar: 220841927608
wchar: 104334881402
syscr: 26739278
syscw: 3497976
read_bytes: 37547167232
write_bytes: 104481333248
cancelled_write_bytes: 856064

[2019-04-22T05:15:28-07:00]
rchar: 221588952958
wchar: 104701057878
syscr: 26829818
syscw: 3506880
read_bytes: 37584264704
write_bytes: 104848031744
cancelled_write_bytes: 856064

[2019-04-22T05:15:31-07:00]
rchar: 222375816545
wchar: 105064955957
syscr: 26925197
syscw: 3517329
read_bytes: 37626285568
write_bytes: 105212444672
cancelled_write_bytes: 860160

[2019-04-22T05:15:34-07:00]
rchar: 223115183254
wchar: 105421260483
syscr: 27014821
syscw: 3526831
read_bytes: 37665570304
write_bytes: 105569267712
cancelled_write_bytes: 864256

[2019-04-22T05:15:37-07:00]
rchar: 224079240707
wchar: 105836232077
syscr: 27131684
syscw: 3540414
read_bytes: 37721349632
write_bytes: 105984815104
cancelled_write_bytes: 864256

[2019-04-22T05:15:40-07:00]
rchar: 224600474386
wchar: 106014969823
syscr: 27194878
syscw: 3550123
read_bytes: 37793713664
write_bytes: 106163785728
cancelled_write_bytes: 868352

[2019-04-22T05:15:43-07:00]
rchar: 225657292569
wchar: 106279567779
syscr: 27322933
syscw: 3567729
read_bytes: 37927398912
write_bytes: 106428715008
cancelled_write_bytes: 884736

[2019-04-22T05:15:46-07:00]
rchar: 227509064271
wchar: 106763023084
syscr: 27547446
syscw: 3595093
read_bytes: 38154259968
write_bytes: 106913521664
cancelled_write_bytes: 884736

[2019-04-22T05:15:49-07:00]
rchar: 227946806428
wchar: 107078443808
syscr: 27600381
syscw: 3597609
read_bytes: 38163168768
write_bytes: 107228725248
cancelled_write_bytes: 884736

[2019-04-22T05:15:52-07:00]
rchar: 228390314445
wchar: 107398581522
syscr: 27654010
syscw: 3599959
read_bytes: 38172012032
write_bytes: 107549401088
cancelled_write_bytes: 884736

[2019-04-22T05:15:55-07:00]
rchar: 229071474804
wchar: 107805487041
syscr: 27736457
syscw: 3609403
read_bytes: 38209584640
write_bytes: 107956953088
cancelled_write_bytes: 884736

[2019-04-22T05:15:59-07:00]
rchar: 229473615198
wchar: 108050828026
syscr: 27785207
syscw: 3616523
read_bytes: 38236368384
write_bytes: 108202635264
cancelled_write_bytes: 884736

[2019-04-22T05:16:02-07:00]
rchar: 229729867375
wchar: 108401159085
syscr: 27816174
syscw: 3619933
read_bytes: 38248648192
write_bytes: 108553543680
cancelled_write_bytes: 897024

[2019-04-22T05:16:05-07:00]
rchar: 230469073875
wchar: 108789810620
syscr: 27905767
syscw: 3630352
read_bytes: 38288592384
write_bytes: 108943568896
cancelled_write_bytes: 897024

[2019-04-22T05:16:08-07:00]
rchar: 231342653507
wchar: 109194158275
syscr: 28011660
syscw: 3644430
read_bytes: 38345350656
write_bytes: 109347627008
cancelled_write_bytes: 897024

[2019-04-22T05:16:11-07:00]
rchar: 232631993527
wchar: 109701520258
syscr: 28167947
syscw: 3668853
read_bytes: 38448422400
write_bytes: 109856133120
cancelled_write_bytes: 901120

[2019-04-22T05:16:14-07:00]
rchar: 233480583737
wchar: 110105376939
syscr: 28270815
syscw: 3683328
read_bytes: 38509690368
write_bytes: 110260043776
cancelled_write_bytes: 905216

[2019-04-22T05:16:17-07:00]
rchar: 233678099104
wchar: 110402045617
syscr: 28294750
syscw: 3685970
read_bytes: 38519848448
write_bytes: 110557200384
cancelled_write_bytes: 905216

[2019-04-22T05:16:20-07:00]
rchar: 234177051582
wchar: 110693872154
syscr: 28355140
syscw: 3691405
read_bytes: 38541614592
write_bytes: 110849458176
cancelled_write_bytes: 921600

[2019-04-22T05:16:23-07:00]
rchar: 235367742499
wchar: 111053726261
syscr: 28499478
syscw: 3711323
read_bytes: 38642839040
write_bytes: 111209758720
cancelled_write_bytes: 921600

[2019-04-22T05:16:26-07:00]
rchar: 236257882299
wchar: 111451442303
syscr: 28607379
syscw: 3723692
read_bytes: 38706249216
write_bytes: 111608029184
cancelled_write_bytes: 921600

[2019-04-22T05:16:29-07:00]
rchar: 237650721449
wchar: 111781656279
syscr: 28776245
syscw: 3750029
read_bytes: 38900841984
write_bytes: 111938600960
cancelled_write_bytes: 921600

[2019-04-22T05:16:32-07:00]
rchar: 238089116672
wchar: 112012335975
syscr: 28829313
syscw: 3757924
read_bytes: 38959877632
write_bytes: 112169639936
cancelled_write_bytes: 929792

[2019-04-22T05:16:35-07:00]
rchar: 239210052512
wchar: 112413313000
syscr: 28965221
syscw: 3771727
read_bytes: 39066340864
write_bytes: 112571179008
cancelled_write_bytes: 929792

[2019-04-22T05:16:38-07:00]
rchar: 239625146006
wchar: 112714967848
syscr: 29015394
syscw: 3773829
read_bytes: 39075573248
write_bytes: 112873340928
cancelled_write_bytes: 929792

[2019-04-22T05:16:41-07:00]
rchar: 240073395950
wchar: 113046946081
syscr: 29069572
syscw: 3775952
read_bytes: 39084690944
write_bytes: 113206353920
cancelled_write_bytes: 929792

[2019-04-22T05:16:44-07:00]
rchar: 240572377078
wchar: 113346768474
syscr: 29129959
syscw: 3781335
read_bytes: 39110667776
write_bytes: 113506172928
cancelled_write_bytes: 929792

[2019-04-22T05:16:47-07:00]
rchar: 241391499113
wchar: 113779998586
syscr: 29229244
syscw: 3797613
read_bytes: 39193837056
write_bytes: 113939992576
cancelled_write_bytes: 929792

[2019-04-22T05:16:50-07:00]
rchar: 242037680536
wchar: 114022197114
syscr: 29307591
syscw: 3815815
read_bytes: 39308762624
write_bytes: 114182459392
cancelled_write_bytes: 929792

[2019-04-22T05:16:53-07:00]
rchar: 242534873390
wchar: 114299676181
syscr: 29367791
syscw: 3827528
read_bytes: 39381593600
write_bytes: 114460352512
cancelled_write_bytes: 942080

[2019-04-22T05:16:56-07:00]
rchar: 243878922780
wchar: 114649552526
syscr: 29530737
syscw: 3856613
read_bytes: 39603031552
write_bytes: 114810626048
cancelled_write_bytes: 942080

[2019-04-22T05:16:59-07:00]
rchar: 244636868951
wchar: 115047638669
syscr: 29622610
syscw: 3867276
read_bytes: 39659294208
write_bytes: 115209256960
cancelled_write_bytes: 946176

[2019-04-22T05:17:02-07:00]
rchar: 245204899494
wchar: 115349625292
syscr: 29691455
syscw: 3875363
read_bytes: 39705239040
write_bytes: 115511656448
cancelled_write_bytes: 950272

[2019-04-22T05:17:05-07:00]
rchar: 246078138833
wchar: 115727385436
syscr: 29797244
syscw: 3891689
read_bytes: 39808372224
write_bytes: 115889971200
cancelled_write_bytes: 962560

[2019-04-22T05:17:08-07:00]
rchar: 246668374444
wchar: 116080810925
syscr: 29868776
syscw: 3897320
read_bytes: 39836188160
write_bytes: 116243918848
cancelled_write_bytes: 962560

[2019-04-22T05:17:11-07:00]
rchar: 247695321705
wchar: 116463233921
syscr: 29993260
syscw: 3912304
read_bytes: 39932460544
write_bytes: 116626849792
cancelled_write_bytes: 966656

[2019-04-22T05:17:14-07:00]
rchar: 249105341718
wchar: 116723959585
syscr: 30164217
syscw: 3939775
read_bytes: 40165047808
write_bytes: 116887793664
cancelled_write_bytes: 966656

[2019-04-22T05:17:17-07:00]
rchar: 249528880364
wchar: 117157231075
syscr: 30215510
syscw: 3943360
read_bytes: 40194162176
write_bytes: 117321748480
cancelled_write_bytes: 978944

[2019-04-22T05:17:20-07:00]
rchar: 250217217773
wchar: 117733719587
syscr: 30298781
syscw: 3945250
read_bytes: 40243158528
write_bytes: 117899182080
cancelled_write_bytes: 978944

[2019-04-22T05:17:23-07:00]
rchar: 250745164386
wchar: 118170517345
syscr: 30362634
syscw: 3946870
read_bytes: 40284638720
write_bytes: 118336716800
cancelled_write_bytes: 978944

[2019-04-22T05:17:26-07:00]
rchar: 251184716206
wchar: 118470398261
syscr: 30415855
syscw: 3951779
read_bytes: 40462650880
write_bytes: 118637031424
cancelled_write_bytes: 978944

[2019-04-22T05:17:29-07:00]
rchar: 251746928917
wchar: 118831324639
syscr: 30484008
syscw: 3959420
read_bytes: 40724438528
write_bytes: 118998482944
cancelled_write_bytes: 978944

[2019-04-22T05:17:32-07:00]
rchar: 252430059471
wchar: 119269728919
syscr: 30566840
syscw: 3968632
read_bytes: 41045491200
write_bytes: 119437430784
cancelled_write_bytes: 978944

[2019-04-22T05:17:35-07:00]
rchar: 252900234956
wchar: 119588509731
syscr: 30623791
syscw: 3974447
read_bytes: 41217240576
write_bytes: 119756673024
cancelled_write_bytes: 978944

[2019-04-22T05:17:38-07:00]
rchar: 253408750913
wchar: 119906861333
syscr: 30685425
syscw: 3981445
read_bytes: 41448463872
write_bytes: 120075452416
cancelled_write_bytes: 978944

[2019-04-22T05:17:41-07:00]
rchar: 253957943576
wchar: 120249616082
syscr: 30751992
syscw: 3988959
read_bytes: 41698434560
write_bytes: 120418746368
cancelled_write_bytes: 978944

[2019-04-22T05:17:44-07:00]
rchar: 254573951291
wchar: 120637855947
syscr: 30826654
syscw: 3997690
read_bytes: 41976102400
write_bytes: 120807464960
cancelled_write_bytes: 978944

[2019-04-22T05:17:47-07:00]
rchar: 255056179309
wchar: 120968080692
syscr: 30885096
syscw: 4003368
read_bytes: 42158730752
write_bytes: 121138114560
cancelled_write_bytes: 978944

[2019-04-22T05:17:50-07:00]
rchar: 255641917170
wchar: 121371018238
syscr: 30956095
syscw: 4010473
read_bytes: 42377121280
write_bytes: 121541619712
cancelled_write_bytes: 978944

[2019-04-22T05:17:53-07:00]
rchar: 255730818327
wchar: 121593824437
syscr: 30966795
syscw: 4011925
read_bytes: 42415963648
write_bytes: 121764814848
cancelled_write_bytes: 987136

[2019-04-22T05:17:56-07:00]
rchar: 256311972974
wchar: 121901557892
syscr: 31037229
syscw: 4019227
read_bytes: 42639445504
write_bytes: 122072969216
cancelled_write_bytes: 987136

[2019-04-22T05:17:59-07:00]
rchar: 257077790888
wchar: 122336915547
syscr: 31130040
syscw: 4028076
read_bytes: 42924793344
write_bytes: 122508926976
cancelled_write_bytes: 987136

[2019-04-22T05:18:02-07:00]
rchar: 257642576624
wchar: 122663742715
syscr: 31198493
syscw: 4034603
read_bytes: 43126050304
write_bytes: 122836213760
cancelled_write_bytes: 987136

[2019-04-22T05:18:05-07:00]
rchar: 258120304913
wchar: 122943913203
syscr: 31256395
syscw: 4040301
read_bytes: 43288239616
write_bytes: 123116793856
cancelled_write_bytes: 987136

[2019-04-22T05:18:08-07:00]
rchar: 258762617694
wchar: 123292659822
syscr: 31334251
syscw: 4048771
read_bytes: 43526131200
write_bytes: 123466027008
cancelled_write_bytes: 987136

[2019-04-22T05:18:11-07:00]
rchar: 259423947093
wchar: 123717838570
syscr: 31414384
syscw: 4055828
read_bytes: 43707612672
write_bytes: 123891806208
cancelled_write_bytes: 987136

[2019-04-22T05:18:14-07:00]
rchar: 260023275050
wchar: 124049191642
syscr: 31487030
syscw: 4063783
read_bytes: 43887472128
write_bytes: 124223614976
cancelled_write_bytes: 987136

[2019-04-22T05:18:17-07:00]
rchar: 260827089435
wchar: 124448479102
syscr: 31584464
syscw: 4075837
read_bytes: 44153425408
write_bytes: 124623429632
cancelled_write_bytes: 987136

[2019-04-22T05:18:20-07:00]
rchar: 261107331230
wchar: 124743684333
syscr: 31618435
syscw: 4080648
read_bytes: 44252941824
write_bytes: 124919115776
cancelled_write_bytes: 987136

[2019-04-22T05:18:23-07:00]
rchar: 261987693431
wchar: 125120981314
syscr: 31725063
syscw: 4091465
read_bytes: 44509330944
write_bytes: 125296922624
cancelled_write_bytes: 995328

[2019-04-22T05:18:26-07:00]
rchar: 262976046568
wchar: 125532768266
syscr: 31844871
syscw: 4104203
read_bytes: 44776934912
write_bytes: 125709254656
cancelled_write_bytes: 995328

[2019-04-22T05:18:29-07:00]
rchar: 264019723045
wchar: 125962875402
syscr: 31971389
syscw: 4117141
read_bytes: 45084806656
write_bytes: 126139920384
cancelled_write_bytes: 995328

[2019-04-22T05:18:32-07:00]
rchar: 264990770142
wchar: 126316217465
syscr: 32089096
syscw: 4130397
read_bytes: 45370973696
write_bytes: 126493741056
cancelled_write_bytes: 995328

[2019-04-22T05:18:35-07:00]
rchar: 265904855279
wchar: 126587772392
syscr: 32199908
syscw: 4144764
read_bytes: 45603372544
write_bytes: 126765645824
cancelled_write_bytes: 995328

[2019-04-22T05:18:38-07:00]
rchar: 266595464506
wchar: 126911189057
syscr: 32283557
syscw: 4154961
read_bytes: 45744872960
write_bytes: 127089557504
cancelled_write_bytes: 1003520

[2019-04-22T05:18:41-07:00]
rchar: 268189065968
wchar: 127203353860
syscr: 32476760
syscw: 4178320
read_bytes: 45950758400
write_bytes: 127382040576
cancelled_write_bytes: 1003520

[2019-04-22T05:18:44-07:00]
rchar: 270091209785
wchar: 127508049721
syscr: 32707374
syscw: 4207426
read_bytes: 46149996032
write_bytes: 127687032832
cancelled_write_bytes: 1003520

[2019-04-22T05:18:47-07:00]
rchar: 270283664175
wchar: 127707708293
syscr: 32730637
syscw: 4210377
read_bytes: 46170066432
write_bytes: 127887028224
cancelled_write_bytes: 1003520

[2019-04-22T05:18:50-07:00]
rchar: 270970277034
wchar: 128242663556
syscr: 32813877
syscw: 4212767
read_bytes: 46187265536
write_bytes: 128422866944
cancelled_write_bytes: 1011712

[2019-04-22T05:18:53-07:00]
rchar: 271548159835
wchar: 128674797975
syscr: 32883928
syscw: 4215112
read_bytes: 46203026944
write_bytes: 128855691264
cancelled_write_bytes: 1011712

[2019-04-22T05:18:56-07:00]
rchar: 272178139364
wchar: 129125769635
syscr: 32959971
syscw: 4220553
read_bytes: 46273752576
write_bytes: 129307709440
cancelled_write_bytes: 1011712

[2019-04-22T05:18:59-07:00]
rchar: 273009396518
wchar: 129562173387
syscr: 33060715
syscw: 4233197
read_bytes: 46449815040
write_bytes: 129744379904
cancelled_write_bytes: 1011712

[2019-04-22T05:19:02-07:00]
rchar: 273927660783
wchar: 129972913455
syscr: 33172024
syscw: 4249443
read_bytes: 46673645056
write_bytes: 130155667456
cancelled_write_bytes: 1011712

[2019-04-22T05:19:05-07:00]
rchar: 274897112883
wchar: 130433631623
syscr: 33289519
syscw: 4266339
read_bytes: 46857281024
write_bytes: 130617004032
cancelled_write_bytes: 1011712

[2019-04-22T05:19:08-07:00]
rchar: 275430922829
wchar: 130684584615
syscr: 33354236
syscw: 4275878
read_bytes: 46979526144
write_bytes: 130868293632
cancelled_write_bytes: 1011712

[2019-04-22T05:19:11-07:00]
rchar: 275861172548
wchar: 130983141738
syscr: 33406308
syscw: 4283288
read_bytes: 47051218432
write_bytes: 131167326208
cancelled_write_bytes: 1019904

[2019-04-22T05:19:14-07:00]
rchar: 277104570699
wchar: 131468659193
syscr: 33557038
syscw: 4300816
read_bytes: 47217774080
write_bytes: 131653500928
cancelled_write_bytes: 1019904

[2019-04-22T05:19:17-07:00]
rchar: 278461585065
wchar: 131838329355
syscr: 33721542
syscw: 4325651
read_bytes: 47396597248
write_bytes: 132023623680
cancelled_write_bytes: 1019904

[2019-04-22T05:19:20-07:00]
rchar: 279333785419
wchar: 132334526267
syscr: 33827174
syscw: 4335487
read_bytes: 47441116672
write_bytes: 132520611840
cancelled_write_bytes: 1019904

[2019-04-22T05:19:23-07:00]
rchar: 279758170934
wchar: 132693765118
syscr: 33878468
syscw: 4337022
read_bytes: 47446892032
write_bytes: 132880474112
cancelled_write_bytes: 1019904

[2019-04-22T05:19:26-07:00]
rchar: 280085897141
wchar: 133032413452
syscr: 33918084
syscw: 4338861
read_bytes: 47454281216
write_bytes: 133219700736
cancelled_write_bytes: 1019904

[2019-04-22T05:19:29-07:00]
rchar: 280857649135
wchar: 133375216927
syscr: 34011478
syscw: 4353034
read_bytes: 47524916736
write_bytes: 133563043840
cancelled_write_bytes: 1028096

[2019-04-22T05:19:32-07:00]
rchar: 282229632413
wchar: 133749305385
syscr: 34177822
syscw: 4382982
read_bytes: 47694405120
write_bytes: 133937557504
cancelled_write_bytes: 1028096

[2019-04-22T05:19:35-07:00]
rchar: 283116060049
wchar: 134180300397
syscr: 34285264
syscw: 4396810
read_bytes: 47758290432
write_bytes: 134369136640
cancelled_write_bytes: 1028096

[2019-04-22T05:19:38-07:00]
rchar: 283592597575
wchar: 134413352251
syscr: 34343024
syscw: 4404377
read_bytes: 47792238080
write_bytes: 134602502144
cancelled_write_bytes: 1028096

[2019-04-22T05:19:41-07:00]
rchar: 284219918967
wchar: 134844223129
syscr: 34418982
syscw: 4413386
read_bytes: 47831371264
write_bytes: 135034056704
cancelled_write_bytes: 1040384

[2019-04-22T05:19:44-07:00]
rchar: 284852760830
wchar: 135187090766
syscr: 34495676
syscw: 4419993
read_bytes: 47860121088
write_bytes: 135377424384
cancelled_write_bytes: 1040384

[2019-04-22T05:19:47-07:00]
rchar: 286490710599
wchar: 135611449615
syscr: 34694254
syscw: 4448038
read_bytes: 48017481216
write_bytes: 135803056128
cancelled_write_bytes: 1060864

[2019-04-22T05:19:50-07:00]
rchar: 287192603845
wchar: 135956668366
syscr: 34779319
syscw: 4456720
read_bytes: 48055737856
write_bytes: 136147968000
cancelled_write_bytes: 1069056

[2019-04-22T05:19:53-07:00]
rchar: 287935022351
wchar: 136309175253
syscr: 34869310
syscw: 4466437
read_bytes: 48097701376
write_bytes: 136500989952
cancelled_write_bytes: 1073152

[2019-04-22T05:19:56-07:00]
rchar: 288236779269
wchar: 136484302435
syscr: 34905886
syscw: 4469629
read_bytes: 48111681024
write_bytes: 136676376576
cancelled_write_bytes: 1073152

[2019-04-22T05:19:59-07:00]
rchar: 288793822960
wchar: 136986535346
syscr: 34973329
syscw: 4474431
read_bytes: 48131407360
write_bytes: 137179422720
cancelled_write_bytes: 1085440

[2019-04-22T05:20:02-07:00]
rchar: 289417189251
wchar: 137458320372
syscr: 35048766
syscw: 4477266
read_bytes: 48142028288
write_bytes: 137652002816
cancelled_write_bytes: 1085440

[2019-04-22T05:20:05-07:00]
rchar: 289951929206
wchar: 137844139031
syscr: 35113398
syscw: 4480099
read_bytes: 48152628736
write_bytes: 138038480896
cancelled_write_bytes: 1085440

[2019-04-22T05:20:08-07:00]
rchar: 290499106508
wchar: 138178969949
syscr: 35179575
syscw: 4485874
read_bytes: 48177090048
write_bytes: 138373840896
cancelled_write_bytes: 1085440

[2019-04-22T05:20:11-07:00]
rchar: 291203923136
wchar: 138587953653
syscr: 35264997
syscw: 4498392
read_bytes: 48233922048
write_bytes: 138783395840
cancelled_write_bytes: 1085440

[2019-04-22T05:20:14-07:00]
rchar: 292198707658
wchar: 138870315951
syscr: 35385610
syscw: 4530972
read_bytes: 48426216960
write_bytes: 139066011648
cancelled_write_bytes: 1085440

[2019-04-22T05:20:17-07:00]
rchar: 292497208578
wchar: 139128536743
syscr: 35421802
syscw: 4538954
read_bytes: 48462405120
write_bytes: 139324641280
cancelled_write_bytes: 1089536

[2019-04-22T05:20:20-07:00]
rchar: 293375656636
wchar: 139365649915
syscr: 35528227
syscw: 4560433
read_bytes: 48586272256
write_bytes: 139562016768
cancelled_write_bytes: 1101824

[2019-04-22T05:20:23-07:00]
rchar: 294674743829
wchar: 139656138630
syscr: 35685725
syscw: 4591102
read_bytes: 48789392896
write_bytes: 139852771328
cancelled_write_bytes: 1101824

[2019-04-22T05:20:26-07:00]
rchar: 295274730838
wchar: 139969280522
syscr: 35758469
syscw: 4605552
read_bytes: 48882880000
write_bytes: 140166373376
cancelled_write_bytes: 1101824

[2019-04-22T05:20:29-07:00]
rchar: 295713352793
wchar: 140319027825
syscr: 35811581
syscw: 4607758
read_bytes: 48897916416
write_bytes: 140516642816
cancelled_write_bytes: 1114112

[2019-04-22T05:20:32-07:00]
rchar: 296302153468
wchar: 140785778815
syscr: 35882912
syscw: 4610751
read_bytes: 48922344960
write_bytes: 140984094720
cancelled_write_bytes: 1114112

[2019-04-22T05:20:35-07:00]
rchar: 296878699917
wchar: 141243363023
syscr: 35952773
syscw: 4613580
read_bytes: 48946146816
write_bytes: 141442367488
cancelled_write_bytes: 1114112

[2019-04-22T05:20:38-07:00]
rchar: 297447482879
wchar: 141697351866
syscr: 36021690
syscw: 4616556
read_bytes: 48969104896
write_bytes: 141897068544
cancelled_write_bytes: 1114112

[2019-04-22T05:20:41-07:00]
rchar: 297866201371
wchar: 141980602344
syscr: 36072424
syscw: 4619544
read_bytes: 48996265472
write_bytes: 142180757504
cancelled_write_bytes: 1114112

[2019-04-22T05:20:44-07:00]
rchar: 298715007461
wchar: 142424029768
syscr: 36175295
syscw: 4629305
read_bytes: 49089629696
write_bytes: 142624821248
cancelled_write_bytes: 1114112

[2019-04-22T05:20:47-07:00]
rchar: 299219261595
wchar: 142742898972
syscr: 36236402
syscw: 4633800
read_bytes: 49129602560
write_bytes: 142944149504
cancelled_write_bytes: 1114112

[2019-04-22T05:20:50-07:00]
rchar: 299983000949
wchar: 143227403380
syscr: 36328954
syscw: 4640862
read_bytes: 49209269760
write_bytes: 143429369856
cancelled_write_bytes: 1114112

[2019-04-22T05:20:53-07:00]
rchar: 301003177111
wchar: 143592677072
syscr: 36452622
syscw: 4657751
read_bytes: 49362824704
write_bytes: 143795159040
cancelled_write_bytes: 1114112

[2019-04-22T05:20:56-07:00]
rchar: 301696006534
wchar: 143884148247
syscr: 36536615
syscw: 4671622
read_bytes: 49449520640
write_bytes: 144087031808
cancelled_write_bytes: 1114112

[2019-04-22T05:20:59-07:00]
rchar: 303164633565
wchar: 144244615532
syscr: 36714610
syscw: 4694022
read_bytes: 49611558400
write_bytes: 144447983616
cancelled_write_bytes: 1122304

[2019-04-22T05:21:02-07:00]
rchar: 303816896519
wchar: 144753838744
syscr: 36793493
syscw: 4696883
read_bytes: 49624223232
write_bytes: 144958054400
cancelled_write_bytes: 1122304

[2019-04-22T05:21:05-07:00]
rchar: 304173945923
wchar: 145017452623
syscr: 36836635
syscw: 4698801
read_bytes: 49633029632
write_bytes: 145222127616
cancelled_write_bytes: 1122304

[2019-04-22T05:21:08-07:00]
rchar: 304792186049
wchar: 145374138354
syscr: 36911534
syscw: 4708856
read_bytes: 49686572544
write_bytes: 145579339776
cancelled_write_bytes: 1122304

[2019-04-22T05:21:11-07:00]
rchar: 305354246070
wchar: 145722151938
syscr: 36979665
syscw: 4717761
read_bytes: 49736027648
write_bytes: 145927831552
cancelled_write_bytes: 1122304

[2019-04-22T05:21:14-07:00]
rchar: 306129851854
wchar: 146187321166
syscr: 37073665
syscw: 4730298
read_bytes: 49808231936
write_bytes: 146393645056
cancelled_write_bytes: 1122304

[2019-04-22T05:21:17-07:00]
rchar: 306588412607
wchar: 146487464244
syscr: 37129244
syscw: 4737120
read_bytes: 49844637184
write_bytes: 146694209536
cancelled_write_bytes: 1126400

[2019-04-22T05:21:20-07:00]
rchar: 306739950381
wchar: 146760643284
syscr: 37147607
syscw: 4739463
read_bytes: 49855786496
write_bytes: 146967842816
cancelled_write_bytes: 1126400

[2019-04-22T05:21:23-07:00]
rchar: 308021032961
wchar: 147172134892
syscr: 37302824
syscw: 4766530
read_bytes: 50016226816
write_bytes: 147379830784
cancelled_write_bytes: 1138688

[2019-04-22T05:21:26-07:00]
rchar: 308521429621
wchar: 147510779597
syscr: 37363471
syscw: 4771597
read_bytes: 50042228224
write_bytes: 147718959104
cancelled_write_bytes: 1138688

[2019-04-22T05:21:29-07:00]
rchar: 309464337819
wchar: 147878828488
syscr: 37477766
syscw: 4790210
read_bytes: 50199469568
write_bytes: 148087484416
cancelled_write_bytes: 1142784

[2019-04-22T05:21:32-07:00]
rchar: 310039130910
wchar: 148034401799
syscr: 37547458
syscw: 4803756
read_bytes: 50319719936
write_bytes: 148243206144
cancelled_write_bytes: 1142784

[2019-04-22T05:21:35-07:00]
rchar: 310464692581
wchar: 148520552905
syscr: 37598976
syscw: 4806894
read_bytes: 50362215936
write_bytes: 148730122240
cancelled_write_bytes: 1150976

[2019-04-22T05:21:38-07:00]
rchar: 310845920246
wchar: 148830543563
syscr: 37645155
syscw: 4808569
read_bytes: 50398244352
write_bytes: 149041532928
cancelled_write_bytes: 1150976

[2019-04-22T05:21:41-07:00]
rchar: 311419553762
wchar: 149259451710
syscr: 37714678
syscw: 4812041
read_bytes: 50477551104
write_bytes: 149470162944
cancelled_write_bytes: 1150976

[2019-04-22T05:21:44-07:00]
rchar: 312160423035
wchar: 149613585213
syscr: 37804500
syscw: 4820949
read_bytes: 50719915520
write_bytes: 149824741376
cancelled_write_bytes: 1150976

[2019-04-22T05:21:47-07:00]
rchar: 312927981733
wchar: 150008104778
syscr: 37897527
syscw: 4829523
read_bytes: 50937077248
write_bytes: 150219812864
cancelled_write_bytes: 1150976

[2019-04-22T05:21:50-07:00]
rchar: 313856569579
wchar: 150404758190
syscr: 38010073
syscw: 4841657
read_bytes: 51232747008
write_bytes: 150617006080
cancelled_write_bytes: 1150976

[2019-04-22T05:21:53-07:00]
rchar: 314782801732
wchar: 150815039776
syscr: 38122357
syscw: 4853755
read_bytes: 51522801152
write_bytes: 151027818496
cancelled_write_bytes: 1150976

[2019-04-22T05:21:56-07:00]
rchar: 315566343456
wchar: 151161083618
syscr: 38217335
syscw: 4864089
read_bytes: 51762642432
write_bytes: 151374344192
cancelled_write_bytes: 1150976

[2019-04-22T05:21:59-07:00]
rchar: 316041477103
wchar: 151386865986
syscr: 38274916
syscw: 4869968
read_bytes: 51874885120
write_bytes: 151600443392
cancelled_write_bytes: 1150976

[2019-04-22T05:22:02-07:00]
rchar: 316900625162
wchar: 151780094901
syscr: 38378993
syscw: 4882755
read_bytes: 52003741184
write_bytes: 151994273792
cancelled_write_bytes: 1159168

[2019-04-22T05:22:05-07:00]
rchar: 318655221638
wchar: 152164574849
syscr: 38591733
syscw: 4909533
read_bytes: 52239900160
write_bytes: 152379195392
cancelled_write_bytes: 1159168

[2019-04-22T05:22:08-07:00]
rchar: 319130025361
wchar: 152505013379
syscr: 38649188
syscw: 4912021
read_bytes: 52250652160
write_bytes: 152720224256
cancelled_write_bytes: 1159168

[2019-04-22T05:22:11-07:00]
rchar: 319741283131
wchar: 152955645014
syscr: 38723073
syscw: 4915070
read_bytes: 52262948352
write_bytes: 153171623936
cancelled_write_bytes: 1159168

[2019-04-22T05:22:14-07:00]
rchar: 320559744373
wchar: 153402766186
syscr: 38822230
syscw: 4930734
read_bytes: 52336614912
write_bytes: 153619374080
cancelled_write_bytes: 1159168

[2019-04-22T05:22:17-07:00]
rchar: 320921766797
wchar: 153639662381
syscr: 38866099
syscw: 4936236
read_bytes: 52361514496
write_bytes: 153856618496
cancelled_write_bytes: 1159168

[2019-04-22T05:22:20-07:00]
rchar: 321381557615
wchar: 153895398012
syscr: 38921771
syscw: 4947806
read_bytes: 52434664960
write_bytes: 154113011712
cancelled_write_bytes: 1171456

[2019-04-22T05:22:23-07:00]
rchar: 322714428511
wchar: 154362136852
syscr: 39083350
syscw: 4973878
read_bytes: 52559752704
write_bytes: 154580041728
cancelled_write_bytes: 1171456

[2019-04-22T05:22:26-07:00]
rchar: 323490542930
wchar: 154720094750
syscr: 39177415
syscw: 4986862
read_bytes: 52624788992
write_bytes: 154938490880
cancelled_write_bytes: 1171456

[2019-04-22T05:22:29-07:00]
rchar: 324235188402
wchar: 155028391083
syscr: 39267700
syscw: 5004828
read_bytes: 52715945472
write_bytes: 155247185920
cancelled_write_bytes: 1171456

[2019-04-22T05:22:32-07:00]
rchar: 324848786642
wchar: 155373308157
syscr: 39341988
syscw: 5012300
read_bytes: 52749082112
write_bytes: 155592622080
cancelled_write_bytes: 1187840

[2019-04-22T05:22:35-07:00]
rchar: 326068219531
wchar: 155812183755
syscr: 39489807
syscw: 5030102
read_bytes: 52831985152
write_bytes: 156032086016
cancelled_write_bytes: 1191936

[2019-04-22T05:22:38-07:00]
rchar: 326880107354
wchar: 156134620187
syscr: 39588220
syscw: 5041817
read_bytes: 52900883968
write_bytes: 156354969600
cancelled_write_bytes: 1196032

[2019-04-22T05:22:41-07:00]
rchar: 328149111020
wchar: 156383810025
syscr: 39742078
syscw: 5065730
read_bytes: 53106494976
write_bytes: 156604391424
cancelled_write_bytes: 1196032

[2019-04-22T05:22:44-07:00]
rchar: 329233689381
wchar: 156777503565
syscr: 39873495
syscw: 5081769
read_bytes: 53231427072
write_bytes: 156998656000
cancelled_write_bytes: 1204224

[2019-04-22T05:22:47-07:00]
rchar: 329816594650
wchar: 157201050694
syscr: 39944026
syscw: 5084627
read_bytes: 53242658304
write_bytes: 157422911488
cancelled_write_bytes: 1204224

[2019-04-22T05:22:50-07:00]
rchar: 330345614092
wchar: 157597040294
syscr: 40008007
syscw: 5087064
read_bytes: 53251882496
write_bytes: 157819564032
cancelled_write_bytes: 1204224

[2019-04-22T05:22:53-07:00]
rchar: 330875755336
wchar: 157900912688
syscr: 40072143
syscw: 5093853
read_bytes: 53282090496
write_bytes: 158123917312
cancelled_write_bytes: 1208320

[2019-04-22T05:22:56-07:00]
rchar: 331742631866
wchar: 158356967715
syscr: 40177226
syscw: 5110748
read_bytes: 53360991744
write_bytes: 158580584448
cancelled_write_bytes: 1208320

[2019-04-22T05:22:59-07:00]
rchar: 332291253734
wchar: 158699393040
syscr: 40243726
syscw: 5119980
read_bytes: 53401013760
write_bytes: 158923505664
cancelled_write_bytes: 1212416

[2019-04-22T05:23:02-07:00]
rchar: 332943869207
wchar: 159069677511
syscr: 40322826
syscw: 5132637
read_bytes: 53457157632
write_bytes: 159294300160
cancelled_write_bytes: 1220608

[2019-04-22T05:23:05-07:00]
rchar: 333128365596
wchar: 159320315129
syscr: 40345183
syscw: 5134819
read_bytes: 53466164736
write_bytes: 159545335808
cancelled_write_bytes: 1220608

[2019-04-22T05:23:08-07:00]
rchar: 333870096003
wchar: 159688720437
syscr: 40435008
syscw: 5148001
read_bytes: 53525425664
write_bytes: 159914291200
cancelled_write_bytes: 1236992

[2019-04-22T05:23:11-07:00]
rchar: 334447521972
wchar: 160038211983
syscr: 40504985
syscw: 5154948
read_bytes: 53554404864
write_bytes: 160264278016
cancelled_write_bytes: 1236992

[2019-04-22T05:23:14-07:00]
rchar: 335455017782
wchar: 160381832243
syscr: 40627117
syscw: 5175262
read_bytes: 53678534144
write_bytes: 160608301056
cancelled_write_bytes: 1241088

[2019-04-22T05:23:17-07:00]
rchar: 336341175001
wchar: 160611571613
syscr: 40734559
syscw: 5195349
read_bytes: 53842505216
write_bytes: 160838266880
cancelled_write_bytes: 1245184

[2019-04-22T05:23:20-07:00]
rchar: 336661060724
wchar: 160828007716
syscr: 40773268
syscw: 5202140
read_bytes: 53890743808
write_bytes: 161055047680
cancelled_write_bytes: 1253376

[2019-04-22T05:23:23-07:00]
rchar: 338195929372
wchar: 161118173070
syscr: 40959360
syscw: 5231135
read_bytes: 54125735424
write_bytes: 161345490944
cancelled_write_bytes: 1253376

[2019-04-22T05:23:26-07:00]
rchar: 339741967344
wchar: 161428837847
syscr: 41146801
syscw: 5261042
read_bytes: 54389632512
write_bytes: 161656455168
cancelled_write_bytes: 1257472

[2019-04-22T05:23:29-07:00]
rchar: 340079294251
wchar: 161789424804
syscr: 41187644
syscw: 5264466
read_bytes: 54421290496
write_bytes: 162017607680
cancelled_write_bytes: 1265664

[2019-04-22T05:23:32-07:00]
rchar: 340555158166
wchar: 162187420886
syscr: 41245227
syscw: 5265850
read_bytes: 54450339328
write_bytes: 162416250880
cancelled_write_bytes: 1265664

[2019-04-22T05:23:35-07:00]
rchar: 340953500590
wchar: 162512343965
syscr: 41293438
syscw: 5267134
read_bytes: 54476946944
write_bytes: 162741694464
cancelled_write_bytes: 1265664

[2019-04-22T05:23:38-07:00]
rchar: 341353758246
wchar: 162842998091
syscr: 41341825
syscw: 5268285
read_bytes: 54502108672
write_bytes: 163072946176
cancelled_write_bytes: 1265664

[2019-04-22T05:23:41-07:00]
rchar: 341894274721
wchar: 163202970527
syscr: 41407278
syscw: 5274349
read_bytes: 54702345728
write_bytes: 163433418752
cancelled_write_bytes: 1265664

[2019-04-22T05:23:44-07:00]
rchar: 342404285612
wchar: 163524378006
syscr: 41469110
syscw: 5281263
read_bytes: 54940343808
write_bytes: 163755229184
cancelled_write_bytes: 1265664

[2019-04-22T05:23:47-07:00]
rchar: 343082604711
wchar: 163954884931
syscr: 41551352
syscw: 5289968
read_bytes: 55262170624
write_bytes: 164187197440
cancelled_write_bytes: 1265664

[2019-04-22T05:23:50-07:00]
rchar: 343550238567
wchar: 164272701782
syscr: 41608001
syscw: 5295282
read_bytes: 55441088000
write_bytes: 164504596480
cancelled_write_bytes: 1265664

[2019-04-22T05:23:53-07:00]
rchar: 344115627982
wchar: 164699090053
syscr: 41676492
syscw: 5299951
read_bytes: 55604379136
write_bytes: 164931612672
cancelled_write_bytes: 1265664

[2019-04-22T05:23:56-07:00]
rchar: 344618364720
wchar: 165019454017
syscr: 41737442
syscw: 5306297
read_bytes: 55846108672
write_bytes: 165252386816
cancelled_write_bytes: 1265664

[2019-04-22T05:23:59-07:00]
rchar: 345115696241
wchar: 165334996959
syscr: 41797730
syscw: 5312411
read_bytes: 56080936448
write_bytes: 165568389120
cancelled_write_bytes: 1265664

[2019-04-22T05:24:02-07:00]
rchar: 345463713569
wchar: 165557345072
syscr: 41839902
syscw: 5316700
read_bytes: 56249056768
write_bytes: 165791027200
cancelled_write_bytes: 1265664

[2019-04-22T05:24:05-07:00]
rchar: 345962398167
wchar: 165876522380
syscr: 41900353
syscw: 5322981
read_bytes: 56492035584
write_bytes: 166110625792
cancelled_write_bytes: 1265664

[2019-04-22T05:24:08-07:00]
rchar: 346568152420
wchar: 166265607831
syscr: 41973760
syscw: 5330395
read_bytes: 56788446720
write_bytes: 166500282368
cancelled_write_bytes: 1265664

[2019-04-22T05:24:11-07:00]
rchar: 346750586412
wchar: 166554071405
syscr: 41995878
syscw: 5332732
read_bytes: 56880397824
write_bytes: 166789197824
cancelled_write_bytes: 1265664

[2019-04-22T05:24:14-07:00]
rchar: 347279011532
wchar: 166864075726
syscr: 42059835
syscw: 5338086
read_bytes: 57117994496
write_bytes: 167099658240
cancelled_write_bytes: 1277952

[2019-04-22T05:24:17-07:00]
rchar: 347887482468
wchar: 167211352036
syscr: 42133584
syscw: 5344512
read_bytes: 57389940224
write_bytes: 167447412736
cancelled_write_bytes: 1277952

[2019-04-22T05:24:20-07:00]
rchar: 348446496294
wchar: 167530295061
syscr: 42201359
syscw: 5350400
read_bytes: 57638989312
write_bytes: 167766777856
cancelled_write_bytes: 1277952

[2019-04-22T05:24:23-07:00]
rchar: 348914775953
wchar: 167809409250
syscr: 42258090
syscw: 5355243
read_bytes: 57828535808
write_bytes: 168047710208
cancelled_write_bytes: 1277952

[2019-04-22T05:24:26-07:00]
rchar: 349619391366
wchar: 168205751282
syscr: 42343481
syscw: 5363253
read_bytes: 58137837056
write_bytes: 168443199488
cancelled_write_bytes: 1277952

[2019-04-22T05:24:29-07:00]
rchar: 350234621964
wchar: 168549841159
syscr: 42418082
syscw: 5370156
read_bytes: 58405527040
write_bytes: 168788246528
cancelled_write_bytes: 1277952

[2019-04-22T05:24:32-07:00]
rchar: 350911650128
wchar: 168930505457
syscr: 42500145
syscw: 5378159
read_bytes: 58691444224
write_bytes: 169168941056
cancelled_write_bytes: 1277952

[2019-04-22T05:24:35-07:00]
rchar: 351477647360
wchar: 169242345084
syscr: 42568719
syscw: 5384991
read_bytes: 58929090048
write_bytes: 169481228288
cancelled_write_bytes: 1277952

[2019-04-22T05:24:38-07:00]
rchar: 352098051397
wchar: 169581516744
syscr: 42643929
syscw: 5392673
read_bytes: 59187486208
write_bytes: 169820868608
cancelled_write_bytes: 1277952

[2019-04-22T05:24:41-07:00]
rchar: 352669833533
wchar: 169897872476
syscr: 42713242
syscw: 5399815
read_bytes: 59416788480
write_bytes: 170137653248
cancelled_write_bytes: 1277952

[2019-04-22T05:24:44-07:00]
rchar: 352974698538
wchar: 170281929252
syscr: 42750132
syscw: 5402528
read_bytes: 59487235584
write_bytes: 170522345472
cancelled_write_bytes: 1290240

[2019-04-22T05:24:47-07:00]
rchar: 353499963378
wchar: 170726588479
syscr: 42813776
syscw: 5404196
read_bytes: 59525393920
write_bytes: 170967670784
cancelled_write_bytes: 1290240

[2019-04-22T05:24:50-07:00]
rchar: 354002132948
wchar: 171132151966
syscr: 42874639
syscw: 5406286
read_bytes: 59588787712
write_bytes: 171373879296
cancelled_write_bytes: 1294336

[2019-04-22T05:24:53-07:00]
rchar: 354551322130
wchar: 171498928792
syscr: 42941161
syscw: 5410370
read_bytes: 59738148352
write_bytes: 171741220864
cancelled_write_bytes: 1294336

[2019-04-22T05:24:56-07:00]
rchar: 355205556322
wchar: 171838444163
syscr: 43020468
syscw: 5417239
read_bytes: 59973197312
write_bytes: 172081192960
cancelled_write_bytes: 1294336

[2019-04-22T05:24:59-07:00]
rchar: 355925937264
wchar: 172214682306
syscr: 43107776
syscw: 5425149
read_bytes: 60223602176
write_bytes: 172457975808
cancelled_write_bytes: 1294336

[2019-04-22T05:25:02-07:00]
rchar: 356740533934
wchar: 172619444446
syscr: 43206497
syscw: 5434058
read_bytes: 60493491712
write_bytes: 172863320064
cancelled_write_bytes: 1294336

[2019-04-22T05:25:05-07:00]
rchar: 357513520171
wchar: 173000992024
syscr: 43300190
syscw: 5443360
read_bytes: 60755324416
write_bytes: 173245394944
cancelled_write_bytes: 1294336

[2019-04-22T05:25:08-07:00]
rchar: 358234496753
wchar: 173339222594
syscr: 43387577
syscw: 5452443
read_bytes: 60987608576
write_bytes: 173584105472
cancelled_write_bytes: 1294336

[2019-04-22T05:25:11-07:00]
rchar: 359341414043
wchar: 173851646143
syscr: 43521746
syscw: 5466505
read_bytes: 61311831552
write_bytes: 174097244160
cancelled_write_bytes: 1294336

[2019-04-22T05:25:14-07:00]
rchar: 359419379623
wchar: 174035721713
syscr: 43531193
syscw: 5467903
read_bytes: 61326560768
write_bytes: 174281678848
cancelled_write_bytes: 1294336

[2019-04-22T05:25:17-07:00]
rchar: 360576961433
wchar: 174431209389
syscr: 43671435
syscw: 5482354
read_bytes: 61513436672
write_bytes: 174677721088
cancelled_write_bytes: 1302528

[2019-04-22T05:25:20-07:00]
rchar: 362072447601
wchar: 174796972435
syscr: 43852734
syscw: 5503920
read_bytes: 61753753088
write_bytes: 175043932160
cancelled_write_bytes: 1302528

[2019-04-22T05:25:23-07:00]
rchar: 363792798917
wchar: 175099353293
syscr: 44061307
syscw: 5531255
read_bytes: 61989928448
write_bytes: 175346626560
cancelled_write_bytes: 1302528

[2019-04-22T05:25:26-07:00]
rchar: 364153294259
wchar: 175413286429
syscr: 44104900
syscw: 5532195
read_bytes: 61993758208
write_bytes: 175661088768
cancelled_write_bytes: 1302528

[2019-04-22T05:25:29-07:00]
rchar: 364548926596
wchar: 175863309044
syscr: 44152764
syscw: 5534420
read_bytes: 62004350464
write_bytes: 176112791552
cancelled_write_bytes: 1302528

[2019-04-22T05:25:32-07:00]
rchar: 365128653682
wchar: 176304663138
syscr: 44222793
syscw: 5536688
read_bytes: 62029008384
write_bytes: 176554004480
cancelled_write_bytes: 1310720

[2019-04-22T05:25:35-07:00]
rchar: 365932657561
wchar: 176648782273
syscr: 44320230
syscw: 5548494
read_bytes: 62304374272
write_bytes: 176898568192
cancelled_write_bytes: 1310720

[2019-04-22T05:25:38-07:00]
rchar: 366936884739
wchar: 177065360217
syscr: 44441969
syscw: 5564810
read_bytes: 62655438336
write_bytes: 177315688448
cancelled_write_bytes: 1310720

[2019-04-22T05:25:41-07:00]
rchar: 367756376505
wchar: 177390455930
syscr: 44541306
syscw: 5579362
read_bytes: 62922759680
write_bytes: 177641205760
cancelled_write_bytes: 1310720

[2019-04-22T05:25:44-07:00]
rchar: 368487177888
wchar: 177528317926
syscr: 44629912
syscw: 5597928
read_bytes: 63080123904
write_bytes: 177779179520
cancelled_write_bytes: 1310720

[2019-04-22T05:25:47-07:00]
rchar: 369418731753
wchar: 177919605584
syscr: 44742767
syscw: 5613957
read_bytes: 63197953536
write_bytes: 178171047936
cancelled_write_bytes: 1323008

[2019-04-22T05:25:50-07:00]
rchar: 370875307828
wchar: 178224047885
syscr: 44919358
syscw: 5640247
read_bytes: 63418490368
write_bytes: 178475802624
cancelled_write_bytes: 1323008

[2019-04-22T05:25:53-07:00]
rchar: 371958141249
wchar: 178468358753
syscr: 45050633
syscw: 5660364
read_bytes: 63555124736
write_bytes: 178720391168
cancelled_write_bytes: 1323008

[2019-04-22T05:25:56-07:00]
rchar: 373270599883
wchar: 178814239195
syscr: 45209682
syscw: 5681823
read_bytes: 63690923520
write_bytes: 179066740736
cancelled_write_bytes: 1335296

[2019-04-22T05:25:59-07:00]
rchar: 375093224416
wchar: 179121180488
syscr: 45430656
syscw: 5711101
read_bytes: 63889104384
write_bytes: 179373977600
cancelled_write_bytes: 1335296

[2019-04-22T05:26:02-07:00]
rchar: 376062855977
wchar: 179430877069
syscr: 45548218
syscw: 5727334
read_bytes: 63997206016
write_bytes: 179684106240
cancelled_write_bytes: 1335296

[2019-04-22T05:26:05-07:00]
rchar: 376808759293
wchar: 179987852605
syscr: 45638566
syscw: 5730407
read_bytes: 64020831744
write_bytes: 180241969152
cancelled_write_bytes: 1347584

[2019-04-22T05:26:08-07:00]
rchar: 377443749281
wchar: 180463563586
syscr: 45715532
syscw: 5732983
read_bytes: 64042376704
write_bytes: 180718477312
cancelled_write_bytes: 1347584

[2019-04-22T05:26:11-07:00]
rchar: 377824942831
wchar: 180742098845
syscr: 45761415
syscw: 5734725
read_bytes: 64057974272
write_bytes: 180997472256
cancelled_write_bytes: 1347584

[2019-04-22T05:26:14-07:00]
rchar: 378569268949
wchar: 181147500765
syscr: 45851618
syscw: 5745621
read_bytes: 64177724928
write_bytes: 181403566080
cancelled_write_bytes: 1347584

[2019-04-22T05:26:17-07:00]
rchar: 379396908923
wchar: 181514750812
syscr: 45951955
syscw: 5760517
read_bytes: 64329436672
write_bytes: 181771194368
cancelled_write_bytes: 1347584

[2019-04-22T05:26:20-07:00]
rchar: 380252114644
wchar: 181918837959
syscr: 46055608
syscw: 5775861
read_bytes: 64480390656
write_bytes: 182175846400
cancelled_write_bytes: 1347584

[2019-04-22T05:26:23-07:00]
rchar: 380753289159
wchar: 182330333206
syscr: 46116335
syscw: 5779072
read_bytes: 64529939968
write_bytes: 182587990016
cancelled_write_bytes: 1347584

[2019-04-22T05:26:26-07:00]
rchar: 380837047276
wchar: 182403845311
syscr: 46126482
syscw: 5779516
read_bytes: 64542309888
write_bytes: 182661652480
cancelled_write_bytes: 1388544

[2019-04-22T05:26:29-07:00]
rchar: 380837047276
wchar: 182403845311
syscr: 46126482
syscw: 5779516
read_bytes: 64542309888
write_bytes: 182661652480
cancelled_write_bytes: 1388544

[2019-04-22T05:26:32-07:00]
rchar: 380837047276
wchar: 182403845311
syscr: 46126482
syscw: 5779516
read_bytes: 64542309888
write_bytes: 182661652480
cancelled_write_bytes: 1388544

[2019-04-22T05:26:35-07:00]
rchar: 380837047276
wchar: 182403845311
syscr: 46126482
syscw: 5779516
read_bytes: 64542309888
write_bytes: 182661652480
cancelled_write_bytes: 1388544

[2019-04-22T05:26:38-07:00]
rchar: 380837047276
wchar: 182403845311
syscr: 46126482
syscw: 5779516
read_bytes: 64542309888
write_bytes: 182661652480
cancelled_write_bytes: 1388544

[2019-04-22T05:26:41-07:00]
rchar: 380837047276
wchar: 182403845311
syscr: 46126482
syscw: 5779516
read_bytes: 64542309888
write_bytes: 182661652480
cancelled_write_bytes: 1388544

[2019-04-22T05:26:44-07:00]
rchar: 380837047276
wchar: 182403845311
syscr: 46126482
syscw: 5779516
read_bytes: 64542309888
write_bytes: 182661660672
cancelled_write_bytes: 1388544

[2019-04-22T05:26:47-07:00]
rchar: 380837047276
wchar: 182403845311
syscr: 46126482
syscw: 5779516
read_bytes: 64542309888
write_bytes: 182661660672
cancelled_write_bytes: 1388544

[2019-04-22T05:26:50-07:00]
rchar: 380837047276
wchar: 182403845311
syscr: 46126482
syscw: 5779516
read_bytes: 64542309888
write_bytes: 182661660672
cancelled_write_bytes: 1388544

[2019-04-22T05:26:53-07:00]
rchar: 380837047276
wchar: 182403845311
syscr: 46126482
syscw: 5779516
read_bytes: 64542309888
write_bytes: 182661660672
cancelled_write_bytes: 1388544

[2019-04-22T05:26:56-07:00]
rchar: 380837047276
wchar: 182403845311
syscr: 46126482
syscw: 5779516
read_bytes: 64542309888
write_bytes: 182661660672
cancelled_write_bytes: 1388544

[2019-04-22T05:26:59-07:00]
rchar: 380837047276
wchar: 182403845311
syscr: 46126482
syscw: 5779516
read_bytes: 64542309888
write_bytes: 182661660672
cancelled_write_bytes: 1388544

[2019-04-22T05:27:02-07:00]
rchar: 380837047276
wchar: 182403845311
syscr: 46126482
syscw: 5779516
read_bytes: 64542309888
write_bytes: 182661660672
cancelled_write_bytes: 1388544

[2019-04-22T05:27:05-07:00]
rchar: 380837047276
wchar: 182403845311
syscr: 46126482
syscw: 5779516
read_bytes: 64542309888
write_bytes: 182661660672
cancelled_write_bytes: 1388544

[2019-04-22T05:27:08-07:00]
rchar: 380837054929
wchar: 182403845429
syscr: 46126492
syscw: 5779517
read_bytes: 64543079936
write_bytes: 182661672960
cancelled_write_bytes: 1388544

