[2018-12-02T03:08:12-08:00]
rchar: 202181757
wchar: 8745804
syscr: 10548
syscw: 1336
read_bytes: 286380544
write_bytes: 8781824
cancelled_write_bytes: 0

[2018-12-02T03:08:15-08:00]
rchar: 432552191
wchar: 290029870
syscr: 33570
syscw: 10144
read_bytes: 559854592
write_bytes: 290897920
cancelled_write_bytes: 0

[2018-12-02T03:08:18-08:00]
rchar: 743111427
wchar: 480874398
syscr: 71215
syscw: 28379
read_bytes: 947971072
write_bytes: 481472512
cancelled_write_bytes: 0

[2018-12-02T03:08:21-08:00]
rchar: 1117292502
wchar: 624129739
syscr: 116599
syscw: 65562
read_bytes: 1470092288
write_bytes: 624730112
cancelled_write_bytes: 0

[2018-12-02T03:08:24-08:00]
rchar: 1235202912
wchar: 895787047
syscr: 130823
syscw: 67141
read_bytes: 1488774144
write_bytes: 896884736
cancelled_write_bytes: 8192

[2018-12-02T03:08:27-08:00]
rchar: 1745914154
wchar: 1262134041
syscr: 192620
syscw: 75446
read_bytes: 1707222016
write_bytes: 1263779840
cancelled_write_bytes: 8192

[2018-12-02T03:08:30-08:00]
rchar: 2283715580
wchar: 1542394292
syscr: 257712
syscw: 90305
read_bytes: 2116772864
write_bytes: 1544368128
cancelled_write_bytes: 8192

[2018-12-02T03:08:33-08:00]
rchar: 3181162203
wchar: 1906955690
syscr: 366462
syscw: 122380
read_bytes: 2554188800
write_bytes: 1909354496
cancelled_write_bytes: 20480

[2018-12-02T03:08:36-08:00]
rchar: 3334149323
wchar: 2099821895
syscr: 385015
syscw: 129994
read_bytes: 2649134080
write_bytes: 2102517760
cancelled_write_bytes: 20480

[2018-12-02T03:08:39-08:00]
rchar: 5129704635
wchar: 2317986744
syscr: 602648
syscw: 185849
read_bytes: 3345310720
write_bytes: 2320711680
cancelled_write_bytes: 28672

[2018-12-02T03:08:42-08:00]
rchar: 5405471278
wchar: 2681742682
syscr: 636023
syscw: 188063
read_bytes: 3367764992
write_bytes: 2685120512
cancelled_write_bytes: 36864

[2018-12-02T03:08:45-08:00]
rchar: 5896106294
wchar: 3105983253
syscr: 695336
syscw: 189675
read_bytes: 3382653952
write_bytes: 3110068224
cancelled_write_bytes: 36864

[2018-12-02T03:08:48-08:00]
rchar: 6269203821
wchar: 3409117452
syscr: 740423
syscw: 192496
read_bytes: 3413533696
write_bytes: 3413704704
cancelled_write_bytes: 73728

[2018-12-02T03:08:51-08:00]
rchar: 7108807377
wchar: 3849701365
syscr: 842190
syscw: 216443
read_bytes: 3803079680
write_bytes: 3855253504
cancelled_write_bytes: 86016

[2018-12-02T03:08:54-08:00]
rchar: 7567922381
wchar: 4193899748
syscr: 897830
syscw: 223411
read_bytes: 3909624832
write_bytes: 4199518208
cancelled_write_bytes: 98304

[2018-12-02T03:08:57-08:00]
rchar: 8164098443
wchar: 4412549068
syscr: 970110
syscw: 246304
read_bytes: 4297843712
write_bytes: 4418383872
cancelled_write_bytes: 98304

[2018-12-02T03:09:01-08:00]
rchar: 8377057526
wchar: 4628036278
syscr: 995857
syscw: 252416
read_bytes: 4397847552
write_bytes: 4634218496
cancelled_write_bytes: 114688

[2018-12-02T03:09:04-08:00]
rchar: 9584801524
wchar: 4977392069
syscr: 1142276
syscw: 283466
read_bytes: 4895753216
write_bytes: 4983967744
cancelled_write_bytes: 114688

[2018-12-02T03:09:07-08:00]
rchar: 10048929284
wchar: 5226326178
syscr: 1198549
syscw: 296402
read_bytes: 5101827072
write_bytes: 5233254400
cancelled_write_bytes: 114688

[2018-12-02T03:09:10-08:00]
rchar: 10962259351
wchar: 5399671382
syscr: 1309221
syscw: 315493
read_bytes: 5400183808
write_bytes: 5406752768
cancelled_write_bytes: 126976

[2018-12-02T03:09:13-08:00]
rchar: 11742597690
wchar: 6008014111
syscr: 1403688
syscw: 319768
read_bytes: 5447754752
write_bytes: 6016135168
cancelled_write_bytes: 126976

[2018-12-02T03:09:16-08:00]
rchar: 12368303533
wchar: 6339506038
syscr: 1479413
syscw: 335320
read_bytes: 5669889536
write_bytes: 6348124160
cancelled_write_bytes: 131072

[2018-12-02T03:09:19-08:00]
rchar: 12790888281
wchar: 6616770434
syscr: 1530643
syscw: 348195
read_bytes: 5861189120
write_bytes: 6625775616
cancelled_write_bytes: 143360

[2018-12-02T03:09:22-08:00]
rchar: 13535491513
wchar: 6881451271
syscr: 1620850
syscw: 368100
read_bytes: 6164723200
write_bytes: 6890774528
cancelled_write_bytes: 155648

[2018-12-02T03:09:25-08:00]
rchar: 14759753565
wchar: 7209067127
syscr: 1769279
syscw: 400798
read_bytes: 6650926592
write_bytes: 7218728960
cancelled_write_bytes: 155648

[2018-12-02T03:09:28-08:00]
rchar: 14952626976
wchar: 7394978398
syscr: 1792598
syscw: 405039
read_bytes: 6711768576
write_bytes: 7404957696
cancelled_write_bytes: 163840

[2018-12-02T03:09:31-08:00]
rchar: 16463432938
wchar: 7691661938
syscr: 1975765
syscw: 436358
read_bytes: 7164237312
write_bytes: 7701917696
cancelled_write_bytes: 163840

[2018-12-02T03:09:34-08:00]
rchar: 17195104017
wchar: 7972270239
syscr: 2064446
syscw: 451600
read_bytes: 7386498560
write_bytes: 7982931968
cancelled_write_bytes: 172032

[2018-12-02T03:09:37-08:00]
rchar: 19029585501
wchar: 8264240201
syscr: 2286859
syscw: 482106
read_bytes: 7824201216
write_bytes: 8275177472
cancelled_write_bytes: 176128

[2018-12-02T03:09:40-08:00]
rchar: 19768189808
wchar: 8840278536
syscr: 2376271
syscw: 485258
read_bytes: 7851554304
write_bytes: 8852168704
cancelled_write_bytes: 176128

[2018-12-02T03:09:43-08:00]
rchar: 20223339220
wchar: 9184960802
syscr: 2431238
syscw: 487365
read_bytes: 7869023744
write_bytes: 9197469696
cancelled_write_bytes: 176128

[2018-12-02T03:09:46-08:00]
rchar: 20832345106
wchar: 9488964355
syscr: 2505078
syscw: 508438
read_bytes: 8158647808
write_bytes: 9501839360
cancelled_write_bytes: 180224

[2018-12-02T03:09:49-08:00]
rchar: 21624967002
wchar: 9731861290
syscr: 2601107
syscw: 528430
read_bytes: 8430188032
write_bytes: 9745035264
cancelled_write_bytes: 188416

[2018-12-02T03:09:52-08:00]
rchar: 22948043317
wchar: 10044706358
syscr: 2761531
syscw: 562534
read_bytes: 8880760320
write_bytes: 10058174464
cancelled_write_bytes: 188416

[2018-12-02T03:09:55-08:00]
rchar: 23673879852
wchar: 10320209160
syscr: 2849463
syscw: 577077
read_bytes: 9074812416
write_bytes: 10334085120
cancelled_write_bytes: 196608

[2018-12-02T03:09:58-08:00]
rchar: 25257998827
wchar: 10617453935
syscr: 3041525
syscw: 608500
read_bytes: 9488877056
write_bytes: 10631593984
cancelled_write_bytes: 196608

[2018-12-02T03:10:01-08:00]
rchar: 25932296903
wchar: 10880867168
syscr: 3123210
syscw: 621383
read_bytes: 9657177600
write_bytes: 10895396864
cancelled_write_bytes: 208896

[2018-12-02T03:10:04-08:00]
rchar: 28034192292
wchar: 11176451538
syscr: 3378043
syscw: 655705
read_bytes: 10099021312
write_bytes: 11191246848
cancelled_write_bytes: 208896

[2018-12-02T03:10:07-08:00]
rchar: 29136878449
wchar: 11573973334
syscr: 3511670
syscw: 672155
read_bytes: 10307790336
write_bytes: 11589353472
cancelled_write_bytes: 217088

[2018-12-02T03:10:10-08:00]
rchar: 29720170835
wchar: 12042843437
syscr: 3582390
syscw: 673855
read_bytes: 10336499200
write_bytes: 12059062272
cancelled_write_bytes: 217088

[2018-12-02T03:10:13-08:00]
rchar: 30314837716
wchar: 12293655343
syscr: 3654211
syscw: 685032
read_bytes: 10596210176
write_bytes: 12310159360
cancelled_write_bytes: 217088

[2018-12-02T03:10:16-08:00]
rchar: 31370656365
wchar: 12754657635
syscr: 3782188
syscw: 706056
read_bytes: 11046458880
write_bytes: 12771737600
cancelled_write_bytes: 217088

[2018-12-02T03:10:19-08:00]
rchar: 32067839286
wchar: 13058716000
syscr: 3866707
syscw: 720305
read_bytes: 11352069632
write_bytes: 13076168704
cancelled_write_bytes: 221184

[2018-12-02T03:10:22-08:00]
rchar: 32764989278
wchar: 13443984594
syscr: 3951148
syscw: 731987
read_bytes: 11596903936
write_bytes: 13462712320
cancelled_write_bytes: 229376

[2018-12-02T03:10:25-08:00]
rchar: 33691204357
wchar: 13765564821
syscr: 4063432
syscw: 747291
read_bytes: 11909940736
write_bytes: 13783994368
cancelled_write_bytes: 229376

[2018-12-02T03:10:28-08:00]
rchar: 35412381771
wchar: 14191899995
syscr: 4272104
syscw: 779939
read_bytes: 12390360576
write_bytes: 14210826240
cancelled_write_bytes: 229376

[2018-12-02T03:10:31-08:00]
rchar: 35575616025
wchar: 14381125323
syscr: 4291822
syscw: 782997
read_bytes: 12430976512
write_bytes: 14400380928
cancelled_write_bytes: 237568

[2018-12-02T03:10:34-08:00]
rchar: 37866767844
wchar: 14705599231
syscr: 4569612
syscw: 820508
read_bytes: 12877915648
write_bytes: 14725128192
cancelled_write_bytes: 237568

[2018-12-02T03:10:37-08:00]
rchar: 39342529595
wchar: 15299706394
syscr: 4748423
syscw: 837713
read_bytes: 13052937728
write_bytes: 15320117248
cancelled_write_bytes: 237568

[2018-12-02T03:10:40-08:00]
rchar: 39576800825
wchar: 15485796419
syscr: 4776770
syscw: 838556
read_bytes: 13058217472
write_bytes: 15506513920
cancelled_write_bytes: 237568

[2018-12-02T03:10:43-08:00]
rchar: 39902899105
wchar: 15834252712
syscr: 4816165
syscw: 839984
read_bytes: 13067195904
write_bytes: 15855566848
cancelled_write_bytes: 237568

[2018-12-02T03:10:46-08:00]
rchar: 40392397380
wchar: 16285114285
syscr: 4875319
syscw: 841837
read_bytes: 13081433600
write_bytes: 16307175424
cancelled_write_bytes: 245760

[2018-12-02T03:10:49-08:00]
rchar: 40919720751
wchar: 16582059372
syscr: 4939208
syscw: 848251
read_bytes: 13303236096
write_bytes: 16604549120
cancelled_write_bytes: 245760

[2018-12-02T03:10:52-08:00]
rchar: 41638942714
wchar: 16968831406
syscr: 5026370
syscw: 858770
read_bytes: 13651375616
write_bytes: 16991846400
cancelled_write_bytes: 245760

[2018-12-02T03:10:55-08:00]
rchar: 42402415399
wchar: 17383694890
syscr: 5118926
syscw: 869715
read_bytes: 14024365568
write_bytes: 17407266816
cancelled_write_bytes: 245760

[2018-12-02T03:10:58-08:00]
rchar: 42964540641
wchar: 17688316336
syscr: 5187056
syscw: 877976
read_bytes: 14295578112
write_bytes: 17712300032
cancelled_write_bytes: 245760

[2018-12-02T03:11:01-08:00]
rchar: 43589092560
wchar: 18034288964
syscr: 5262750
syscw: 886916
read_bytes: 14603298304
write_bytes: 18058739712
cancelled_write_bytes: 245760

[2018-12-02T03:11:04-08:00]
rchar: 44345016113
wchar: 18464191965
syscr: 5354387
syscw: 897367
read_bytes: 14937818624
write_bytes: 18489217024
cancelled_write_bytes: 245760

[2018-12-02T03:11:07-08:00]
rchar: 44672138968
wchar: 18780801566
syscr: 5394033
syscw: 902512
read_bytes: 15092389376
write_bytes: 18806312960
cancelled_write_bytes: 245760

[2018-12-02T03:11:10-08:00]
rchar: 45173049350
wchar: 19042306775
syscr: 5454668
syscw: 908720
read_bytes: 15284299264
write_bytes: 19068194816
cancelled_write_bytes: 253952

[2018-12-02T03:11:13-08:00]
rchar: 45912355786
wchar: 19379864754
syscr: 5544286
syscw: 918007
read_bytes: 15582983680
write_bytes: 19406204928
cancelled_write_bytes: 253952

[2018-12-02T03:11:16-08:00]
rchar: 46899433849
wchar: 19864211979
syscr: 5663922
syscw: 929989
read_bytes: 15901103616
write_bytes: 19891228672
cancelled_write_bytes: 253952

[2018-12-02T03:11:19-08:00]
rchar: 47817238313
wchar: 20193437085
syscr: 5775175
syscw: 943794
read_bytes: 16190604800
write_bytes: 20220862464
cancelled_write_bytes: 253952

[2018-12-02T03:11:22-08:00]
rchar: 48894396529
wchar: 20554149717
syscr: 5905751
syscw: 960951
read_bytes: 16533329408
write_bytes: 20582031360
cancelled_write_bytes: 253952

[2018-12-02T03:11:25-08:00]
rchar: 49311099324
wchar: 20852381239
syscr: 5956265
syscw: 967967
read_bytes: 16659011072
write_bytes: 20880736256
cancelled_write_bytes: 253952

[2018-12-02T03:11:28-08:00]
rchar: 50675917718
wchar: 21183964366
syscr: 6121632
syscw: 986507
read_bytes: 16925705728
write_bytes: 21212737536
cancelled_write_bytes: 262144

[2018-12-02T03:11:31-08:00]
rchar: 53033508495
wchar: 21459697164
syscr: 6407476
syscw: 1022965
read_bytes: 17265165824
write_bytes: 21488652288
cancelled_write_bytes: 262144

[2018-12-02T03:11:34-08:00]
rchar: 53516997214
wchar: 21873610363
syscr: 6466037
syscw: 1027144
read_bytes: 17306781184
write_bytes: 21903233024
cancelled_write_bytes: 270336

[2018-12-02T03:11:37-08:00]
rchar: 54275106953
wchar: 22482913919
syscr: 6557924
syscw: 1029543
read_bytes: 17341978112
write_bytes: 22513455104
cancelled_write_bytes: 270336

[2018-12-02T03:11:40-08:00]
rchar: 54646687511
wchar: 22770070016
syscr: 6602947
syscw: 1030948
read_bytes: 17361729024
write_bytes: 22801084416
cancelled_write_bytes: 270336

[2018-12-02T03:11:43-08:00]
rchar: 55246272791
wchar: 23246124867
syscr: 6675624
syscw: 1032978
read_bytes: 17390908928
write_bytes: 23277883392
cancelled_write_bytes: 270336

[2018-12-02T03:11:46-08:00]
rchar: 55834408115
wchar: 23707812360
syscr: 6746609
syscw: 1035022
read_bytes: 17428731392
write_bytes: 23740297216
cancelled_write_bytes: 270336

[2018-12-02T03:11:49-08:00]
rchar: 56317728828
wchar: 24135183392
syscr: 6805179
syscw: 1036861
read_bytes: 17463793152
write_bytes: 24168308736
cancelled_write_bytes: 270336

[2018-12-02T03:11:52-08:00]
rchar: 56855076431
wchar: 24489236369
syscr: 6870294
syscw: 1042973
read_bytes: 17620071936
write_bytes: 24522878976
cancelled_write_bytes: 270336

[2018-12-02T03:11:55-08:00]
rchar: 57712668818
wchar: 25040587419
syscr: 6974235
syscw: 1053299
read_bytes: 17879393792
write_bytes: 25075027968
cancelled_write_bytes: 270336

[2018-12-02T03:11:58-08:00]
rchar: 58322216508
wchar: 25322204841
syscr: 7048099
syscw: 1064684
read_bytes: 18102212096
write_bytes: 25357279232
cancelled_write_bytes: 270336

[2018-12-02T03:12:01-08:00]
rchar: 59179640046
wchar: 25660689370
syscr: 7152036
syscw: 1082837
read_bytes: 18357155328
write_bytes: 25695969280
cancelled_write_bytes: 270336

[2018-12-02T03:12:04-08:00]
rchar: 59600850168
wchar: 25913006431
syscr: 7203030
syscw: 1092087
read_bytes: 18461976064
write_bytes: 25948680192
cancelled_write_bytes: 278528

[2018-12-02T03:12:07-08:00]
rchar: 61134501541
wchar: 26241196779
syscr: 7388968
syscw: 1120740
read_bytes: 18782258688
write_bytes: 26277195776
cancelled_write_bytes: 278528

[2018-12-02T03:12:10-08:00]
rchar: 62396446032
wchar: 26506352014
syscr: 7541960
syscw: 1144537
read_bytes: 19047192064
write_bytes: 26542608384
cancelled_write_bytes: 278528

[2018-12-02T03:12:13-08:00]
rchar: 63105884857
wchar: 26917674113
syscr: 7627908
syscw: 1153706
read_bytes: 19113133568
write_bytes: 26954592256
cancelled_write_bytes: 286720

[2018-12-02T03:12:16-08:00]
rchar: 63551151373
wchar: 27254734012
syscr: 7681757
syscw: 1155627
read_bytes: 19123676672
write_bytes: 27292229632
cancelled_write_bytes: 286720

[2018-12-02T03:12:19-08:00]
rchar: 64150043143
wchar: 27718146328
syscr: 7754159
syscw: 1157938
read_bytes: 19136157184
write_bytes: 27756425216
cancelled_write_bytes: 286720

[2018-12-02T03:12:22-08:00]
rchar: 64521818018
wchar: 27990100616
syscr: 7799120
syscw: 1159650
read_bytes: 19145418240
write_bytes: 28028858368
cancelled_write_bytes: 286720

[2018-12-02T03:12:25-08:00]
rchar: 64970810753
wchar: 28329461301
syscr: 7853451
syscw: 1163107
read_bytes: 19165070848
write_bytes: 28368744448
cancelled_write_bytes: 286720

[2018-12-02T03:12:28-08:00]
rchar: 65631489444
wchar: 28704680235
syscr: 7933536
syscw: 1174768
read_bytes: 19245827584
write_bytes: 28744486912
cancelled_write_bytes: 286720

[2018-12-02T03:12:31-08:00]
rchar: 65914413082
wchar: 28908892875
syscr: 7967837
syscw: 1178190
read_bytes: 19266725376
write_bytes: 28949004288
cancelled_write_bytes: 294912

[2018-12-02T03:12:34-08:00]
rchar: 66475226218
wchar: 29340709311
syscr: 8035800
syscw: 1183389
read_bytes: 19298076160
write_bytes: 29382225920
cancelled_write_bytes: 299008

[2018-12-02T03:12:37-08:00]
rchar: 66847927611
wchar: 29628582078
syscr: 8080968
syscw: 1187233
read_bytes: 19320432128
write_bytes: 29669748736
cancelled_write_bytes: 307200

[2018-12-02T03:12:40-08:00]
rchar: 67403220060
wchar: 29976708030
syscr: 8148285
syscw: 1196133
read_bytes: 19387692544
write_bytes: 30018359296
cancelled_write_bytes: 311296

[2018-12-02T03:12:43-08:00]
rchar: 67764211408
wchar: 30269196023
syscr: 8192035
syscw: 1199125
read_bytes: 19405075968
write_bytes: 30311288832
cancelled_write_bytes: 311296

[2018-12-02T03:12:46-08:00]
rchar: 68229900234
wchar: 30567460820
syscr: 8248476
syscw: 1206317
read_bytes: 19459036672
write_bytes: 30609969152
cancelled_write_bytes: 315392

[2018-12-02T03:12:49-08:00]
rchar: 68822064361
wchar: 30838272243
syscr: 8320198
syscw: 1220176
read_bytes: 19584038400
write_bytes: 30881161216
cancelled_write_bytes: 335872

[2018-12-02T03:12:52-08:00]
rchar: 69567627732
wchar: 31286102041
syscr: 8410561
syscw: 1228992
read_bytes: 19646567936
write_bytes: 31329648640
cancelled_write_bytes: 335872

[2018-12-02T03:12:55-08:00]
rchar: 70193142906
wchar: 31652180791
syscr: 8486375
syscw: 1236797
read_bytes: 19701790208
write_bytes: 31696248832
cancelled_write_bytes: 335872

[2018-12-02T03:12:58-08:00]
rchar: 71168133008
wchar: 31832308087
syscr: 8604592
syscw: 1259758
read_bytes: 19904730624
write_bytes: 31876505600
cancelled_write_bytes: 335872

[2018-12-02T03:13:01-08:00]
rchar: 72288678576
wchar: 32158434621
syscr: 8740377
syscw: 1280074
read_bytes: 20083705344
write_bytes: 32203059200
cancelled_write_bytes: 352256

[2018-12-02T03:13:04-08:00]
rchar: 74068472442
wchar: 32420155922
syscr: 8956168
syscw: 1312350
read_bytes: 20367672832
write_bytes: 32464977920
cancelled_write_bytes: 352256

[2018-12-02T03:13:07-08:00]
rchar: 74754975060
wchar: 32816983977
syscr: 9039332
syscw: 1320210
read_bytes: 20431197696
write_bytes: 32862429184
cancelled_write_bytes: 360448

[2018-12-02T03:13:10-08:00]
rchar: 75255083070
wchar: 33195898860
syscr: 9099823
syscw: 1322331
read_bytes: 20442109440
write_bytes: 33241989120
cancelled_write_bytes: 360448

[2018-12-02T03:13:13-08:00]
rchar: 75810465575
wchar: 33594456479
syscr: 9166978
syscw: 1325168
read_bytes: 20456723968
write_bytes: 33641230336
cancelled_write_bytes: 360448

[2018-12-02T03:13:16-08:00]
rchar: 76350887053
wchar: 33856184558
syscr: 9232398
syscw: 1334205
read_bytes: 20525258240
write_bytes: 33903341568
cancelled_write_bytes: 360448

[2018-12-02T03:13:19-08:00]
rchar: 77499562698
wchar: 34269303640
syscr: 9371656
syscw: 1361684
read_bytes: 20741301760
write_bytes: 34316914688
cancelled_write_bytes: 360448

[2018-12-02T03:13:22-08:00]
rchar: 77927100435
wchar: 34591784172
syscr: 9423463
syscw: 1365699
read_bytes: 20763854336
write_bytes: 34639867904
cancelled_write_bytes: 360448

[2018-12-02T03:13:25-08:00]
rchar: 78240516105
wchar: 34834101235
syscr: 9461454
syscw: 1368559
read_bytes: 20779795968
write_bytes: 34882560000
cancelled_write_bytes: 364544

[2018-12-02T03:13:28-08:00]
rchar: 78508205588
wchar: 35198716688
syscr: 9493893
syscw: 1371252
read_bytes: 20795041280
write_bytes: 35247755264
cancelled_write_bytes: 364544

[2018-12-02T03:13:31-08:00]
rchar: 79038583564
wchar: 35582248062
syscr: 9558083
syscw: 1375296
read_bytes: 20817024512
write_bytes: 35631853568
cancelled_write_bytes: 376832

[2018-12-02T03:13:34-08:00]
rchar: 79635783806
wchar: 36003918298
syscr: 9630461
syscw: 1380124
read_bytes: 20842804736
write_bytes: 36054151168
cancelled_write_bytes: 376832

[2018-12-02T03:13:37-08:00]
rchar: 80314402868
wchar: 36425007703
syscr: 9712710
syscw: 1387327
read_bytes: 20883076608
write_bytes: 36475875328
cancelled_write_bytes: 389120

[2018-12-02T03:13:40-08:00]
rchar: 81560066340
wchar: 36827993645
syscr: 9863742
syscw: 1410538
read_bytes: 21060425216
write_bytes: 36879343616
cancelled_write_bytes: 401408

[2018-12-02T03:13:43-08:00]
rchar: 82551088279
wchar: 37142208163
syscr: 9983826
syscw: 1432444
read_bytes: 21234456064
write_bytes: 37193940992
cancelled_write_bytes: 409600

[2018-12-02T03:13:46-08:00]
rchar: 85132540578
wchar: 37479296512
syscr: 10296814
syscw: 1475561
read_bytes: 21604447744
write_bytes: 37531246592
cancelled_write_bytes: 409600

[2018-12-02T03:13:49-08:00]
rchar: 85439350140
wchar: 37797933687
syscr: 10333963
syscw: 1478910
read_bytes: 21628904960
write_bytes: 37850390528
cancelled_write_bytes: 417792

[2018-12-02T03:13:52-08:00]
rchar: 86018921175
wchar: 38283387163
syscr: 10404242
syscw: 1480690
read_bytes: 21660390912
write_bytes: 38336548864
cancelled_write_bytes: 417792

[2018-12-02T03:13:55-08:00]
rchar: 86546450886
wchar: 38712307635
syscr: 10468046
syscw: 1482431
read_bytes: 21703988736
write_bytes: 38766194688
cancelled_write_bytes: 417792

[2018-12-02T03:13:58-08:00]
rchar: 86932366032
wchar: 39040776139
syscr: 10514736
syscw: 1483447
read_bytes: 21732365824
write_bytes: 39095197696
cancelled_write_bytes: 417792

[2018-12-02T03:14:01-08:00]
rchar: 87359436149
wchar: 39369362263
syscr: 10566338
syscw: 1485374
read_bytes: 21785314816
write_bytes: 39424352256
cancelled_write_bytes: 417792

[2018-12-02T03:14:04-08:00]
rchar: 88017819722
wchar: 39855073549
syscr: 10646146
syscw: 1491927
read_bytes: 22005466624
write_bytes: 39910711296
cancelled_write_bytes: 417792

[2018-12-02T03:14:07-08:00]
rchar: 88604461118
wchar: 40223035125
syscr: 10717270
syscw: 1500427
read_bytes: 22272488960
write_bytes: 40279162880
cancelled_write_bytes: 417792

[2018-12-02T03:14:10-08:00]
rchar: 89202433598
wchar: 40602345467
syscr: 10789724
syscw: 1509125
read_bytes: 22541293056
write_bytes: 40659001344
cancelled_write_bytes: 417792

[2018-12-02T03:14:13-08:00]
rchar: 89826121293
wchar: 41007003112
syscr: 10865287
syscw: 1518064
read_bytes: 22803940864
write_bytes: 41064226816
cancelled_write_bytes: 417792

[2018-12-02T03:14:16-08:00]
rchar: 90371600067
wchar: 41349754467
syscr: 10931435
syscw: 1526086
read_bytes: 23050368512
write_bytes: 41407422464
cancelled_write_bytes: 417792

[2018-12-02T03:14:19-08:00]
rchar: 90742973855
wchar: 41584210896
syscr: 10976463
syscw: 1531668
read_bytes: 23218054656
write_bytes: 41642168320
cancelled_write_bytes: 417792

[2018-12-02T03:14:22-08:00]
rchar: 91218914284
wchar: 41974000916
syscr: 11034159
syscw: 1538952
read_bytes: 23426713088
write_bytes: 42032553984
cancelled_write_bytes: 417792

[2018-12-02T03:14:25-08:00]
rchar: 91630594025
wchar: 42258485832
syscr: 11083949
syscw: 1544397
read_bytes: 23579940352
write_bytes: 42318311424
cancelled_write_bytes: 425984

[2018-12-02T03:14:28-08:00]
rchar: 92172940150
wchar: 42587044998
syscr: 11149657
syscw: 1550244
read_bytes: 23744894464
write_bytes: 42647044096
cancelled_write_bytes: 425984

[2018-12-02T03:14:31-08:00]
rchar: 92838263714
wchar: 42941141289
syscr: 11230323
syscw: 1558868
read_bytes: 23990560256
write_bytes: 43001049088
cancelled_write_bytes: 425984

[2018-12-02T03:14:34-08:00]
rchar: 93664873989
wchar: 43372233745
syscr: 11330524
syscw: 1569953
read_bytes: 24291747328
write_bytes: 43432706048
cancelled_write_bytes: 425984

[2018-12-02T03:14:37-08:00]
rchar: 94290839760
wchar: 43701079977
syscr: 11406415
syscw: 1578156
read_bytes: 24521602560
write_bytes: 43762012160
cancelled_write_bytes: 425984

[2018-12-02T03:14:40-08:00]
rchar: 94958444959
wchar: 44110790522
syscr: 11487289
syscw: 1585551
read_bytes: 24719218176
write_bytes: 44172304384
cancelled_write_bytes: 425984

[2018-12-02T03:14:43-08:00]
rchar: 95311839815
wchar: 44354165642
syscr: 11530116
syscw: 1588846
read_bytes: 24791803392
write_bytes: 44416049152
cancelled_write_bytes: 425984

[2018-12-02T03:14:46-08:00]
rchar: 95733345065
wchar: 44613871990
syscr: 11581196
syscw: 1593689
read_bytes: 24880236032
write_bytes: 44676161536
cancelled_write_bytes: 425984

[2018-12-02T03:14:49-08:00]
rchar: 96219741125
wchar: 44809645166
syscr: 11640147
syscw: 1602095
read_bytes: 25021408768
write_bytes: 44872196096
cancelled_write_bytes: 425984

[2018-12-02T03:14:52-08:00]
rchar: 96322270028
wchar: 45025662404
syscr: 11652513
syscw: 1603721
read_bytes: 25046431232
write_bytes: 45088608256
cancelled_write_bytes: 425984

[2018-12-02T03:14:55-08:00]
rchar: 97016543964
wchar: 45294899761
syscr: 11736676
syscw: 1613127
read_bytes: 25186723328
write_bytes: 45358202880
cancelled_write_bytes: 434176

[2018-12-02T03:14:58-08:00]
rchar: 98737523626
wchar: 45768302293
syscr: 11945316
syscw: 1639465
read_bytes: 25530131968
write_bytes: 45832138752
cancelled_write_bytes: 434176

[2018-12-02T03:15:01-08:00]
rchar: 99551902501
wchar: 46078737881
syscr: 12044041
syscw: 1650437
read_bytes: 25659557376
write_bytes: 46142963712
cancelled_write_bytes: 434176

[2018-12-02T03:15:04-08:00]
rchar: 100163322827
wchar: 46199739956
syscr: 12118149
syscw: 1660589
read_bytes: 25754490368
write_bytes: 46264111104
cancelled_write_bytes: 434176

[2018-12-02T03:15:07-08:00]
rchar: 101082411110
wchar: 46502886205
syscr: 12229508
syscw: 1673242
read_bytes: 25866761728
write_bytes: 46567686144
cancelled_write_bytes: 442368

[2018-12-02T03:15:10-08:00]
rchar: 103680132367
wchar: 46823350958
syscr: 12544467
syscw: 1704316
read_bytes: 26112173568
write_bytes: 46888398848
cancelled_write_bytes: 442368

[2018-12-02T03:15:13-08:00]
rchar: 104186375653
wchar: 47233841980
syscr: 12605782
syscw: 1708483
read_bytes: 26132810240
write_bytes: 47299575808
cancelled_write_bytes: 450560

[2018-12-02T03:15:16-08:00]
rchar: 104785927789
wchar: 47626184073
syscr: 12678293
syscw: 1711338
read_bytes: 26145835520
write_bytes: 47692591104
cancelled_write_bytes: 450560

[2018-12-02T03:15:19-08:00]
rchar: 105299626318
wchar: 47966986798
syscr: 12740462
syscw: 1713773
read_bytes: 26157201920
write_bytes: 48033931264
cancelled_write_bytes: 450560

[2018-12-02T03:15:22-08:00]
rchar: 105791445612
wchar: 48293125150
syscr: 12799919
syscw: 1716154
read_bytes: 26167474688
write_bytes: 48360611840
cancelled_write_bytes: 450560

[2018-12-02T03:15:25-08:00]
rchar: 106513539652
wchar: 48643419120
syscr: 12887292
syscw: 1724632
read_bytes: 26218023424
write_bytes: 48711454720
cancelled_write_bytes: 454656

[2018-12-02T03:15:28-08:00]
rchar: 107674873063
wchar: 49049427765
syscr: 13028087
syscw: 1747412
read_bytes: 26357438976
write_bytes: 49118474240
cancelled_write_bytes: 454656

[2018-12-02T03:15:31-08:00]
rchar: 108155074243
wchar: 49378294855
syscr: 13086298
syscw: 1753831
read_bytes: 26384366080
write_bytes: 49447272448
cancelled_write_bytes: 454656

[2018-12-02T03:15:34-08:00]
rchar: 108280335325
wchar: 49615915889
syscr: 13101487
syscw: 1755891
read_bytes: 26393025024
write_bytes: 49685315584
cancelled_write_bytes: 458752

[2018-12-02T03:15:37-08:00]
rchar: 108955638709
wchar: 50046112816
syscr: 13183255
syscw: 1762472
read_bytes: 26421066240
write_bytes: 50116141056
cancelled_write_bytes: 475136

[2018-12-02T03:15:40-08:00]
rchar: 110745055780
wchar: 50567187685
syscr: 13400197
syscw: 1790528
read_bytes: 26619464192
write_bytes: 50637787136
cancelled_write_bytes: 479232

[2018-12-02T03:15:43-08:00]
rchar: 111229242298
wchar: 50882215961
syscr: 13458879
syscw: 1795311
read_bytes: 26639444480
write_bytes: 50953281536
cancelled_write_bytes: 491520

[2018-12-02T03:15:46-08:00]
rchar: 111757498557
wchar: 51221430601
syscr: 13522903
syscw: 1800904
read_bytes: 26663016960
write_bytes: 51292991488
cancelled_write_bytes: 499712

[2018-12-02T03:15:49-08:00]
rchar: 112074260623
wchar: 51592603132
syscr: 13561215
syscw: 1804020
read_bytes: 26675153408
write_bytes: 51664764928
cancelled_write_bytes: 503808

[2018-12-02T03:15:52-08:00]
rchar: 112771594752
wchar: 51982648634
syscr: 13645734
syscw: 1810645
read_bytes: 26703006208
write_bytes: 52055416832
cancelled_write_bytes: 507904

[2018-12-02T03:15:55-08:00]
rchar: 113626191217
wchar: 52467491985
syscr: 13749312
syscw: 1818343
read_bytes: 26735606272
write_bytes: 52540944384
cancelled_write_bytes: 507904

[2018-12-02T03:15:58-08:00]
rchar: 114478439070
wchar: 52882397378
syscr: 13852631
syscw: 1827448
read_bytes: 26776910336
write_bytes: 52956450816
cancelled_write_bytes: 512000

[2018-12-02T03:16:01-08:00]
rchar: 115216529134
wchar: 53309699010
syscr: 13942090
syscw: 1834494
read_bytes: 26806450688
write_bytes: 53384384512
cancelled_write_bytes: 512000

[2018-12-02T03:16:04-08:00]
rchar: 116086518270
wchar: 53774945381
syscr: 14047535
syscw: 1842310
read_bytes: 26846312960
write_bytes: 53850300416
cancelled_write_bytes: 512000

[2018-12-02T03:16:07-08:00]
rchar: 116810274817
wchar: 54200271722
syscr: 14135244
syscw: 1849221
read_bytes: 26875656704
write_bytes: 54276247552
cancelled_write_bytes: 520192

[2018-12-02T03:16:10-08:00]
rchar: 118355153811
wchar: 54540137139
syscr: 14322475
syscw: 1869576
read_bytes: 27029084672
write_bytes: 54616506368
cancelled_write_bytes: 528384

[2018-12-02T03:16:13-08:00]
rchar: 120357587146
wchar: 54865783647
syscr: 14565265
syscw: 1892479
read_bytes: 27214551552
write_bytes: 54942461952
cancelled_write_bytes: 528384

[2018-12-02T03:16:16-08:00]
rchar: 120832104836
wchar: 55218219409
syscr: 14622742
syscw: 1895413
read_bytes: 27230829056
write_bytes: 55295447040
cancelled_write_bytes: 536576

[2018-12-02T03:16:19-08:00]
rchar: 121421145329
wchar: 55661221155
syscr: 14694017
syscw: 1897667
read_bytes: 27255474688
write_bytes: 55739371520
cancelled_write_bytes: 536576

[2018-12-02T03:16:22-08:00]
rchar: 121848326385
wchar: 55976777724
syscr: 14745697
syscw: 1899495
read_bytes: 27274316288
write_bytes: 56055271424
cancelled_write_bytes: 536576

[2018-12-02T03:16:25-08:00]
rchar: 122195615066
wchar: 56222419728
syscr: 14787693
syscw: 1901110
read_bytes: 27292854784
write_bytes: 56301309952
cancelled_write_bytes: 536576

[2018-12-02T03:16:28-08:00]
rchar: 123067650238
wchar: 56641322046
syscr: 14893330
syscw: 1916601
read_bytes: 27512216064
write_bytes: 56720756736
cancelled_write_bytes: 536576

[2018-12-02T03:16:31-08:00]
rchar: 123984119353
wchar: 57065049431
syscr: 15004430
syscw: 1935301
read_bytes: 27781024256
write_bytes: 57145020416
cancelled_write_bytes: 536576

[2018-12-02T03:16:34-08:00]
rchar: 124688885587
wchar: 57408201648
syscr: 15089857
syscw: 1949585
read_bytes: 27977914880
write_bytes: 57488605184
cancelled_write_bytes: 536576

[2018-12-02T03:16:37-08:00]
rchar: 124897642484
wchar: 57653141704
syscr: 15115088
syscw: 1954097
read_bytes: 28030151168
write_bytes: 57733939200
cancelled_write_bytes: 544768

[2018-12-02T03:16:40-08:00]
rchar: 125876867101
wchar: 57995037101
syscr: 15233796
syscw: 1970668
read_bytes: 28249602560
write_bytes: 58076258304
cancelled_write_bytes: 544768

[2018-12-02T03:16:43-08:00]
rchar: 127085102355
wchar: 58415937421
syscr: 15380266
syscw: 1991238
read_bytes: 28513470976
write_bytes: 58497658880
cancelled_write_bytes: 548864

[2018-12-02T03:16:46-08:00]
rchar: 128042554452
wchar: 58733676783
syscr: 15496332
syscw: 2007914
read_bytes: 28708358656
write_bytes: 58815778816
cancelled_write_bytes: 548864

[2018-12-02T03:16:49-08:00]
rchar: 128402492714
wchar: 59000954425
syscr: 15539899
syscw: 2013601
read_bytes: 28774902272
write_bytes: 59083472896
cancelled_write_bytes: 557056

[2018-12-02T03:16:52-08:00]
rchar: 129538486399
wchar: 59345649632
syscr: 15677607
syscw: 2029434
read_bytes: 28951255552
write_bytes: 59428605952
cancelled_write_bytes: 557056

[2018-12-02T03:16:55-08:00]
rchar: 130679630638
wchar: 59636843650
syscr: 15815947
syscw: 2046290
read_bytes: 29102971392
write_bytes: 59720146944
cancelled_write_bytes: 557056

[2018-12-02T03:16:58-08:00]
rchar: 131808327973
wchar: 59889589763
syscr: 15952787
syscw: 2063271
read_bytes: 29240191488
write_bytes: 59973152768
cancelled_write_bytes: 557056

[2018-12-02T03:17:01-08:00]
rchar: 132375933636
wchar: 60149234267
syscr: 16021526
syscw: 2070960
read_bytes: 29301811712
write_bytes: 60233220096
cancelled_write_bytes: 565248

[2018-12-02T03:17:04-08:00]
rchar: 134930393367
wchar: 60621610413
syscr: 16331209
syscw: 2097441
read_bytes: 29465405952
write_bytes: 60706123776
cancelled_write_bytes: 565248

[2018-12-02T03:17:07-08:00]
rchar: 135948250174
wchar: 61080441701
syscr: 16454587
syscw: 2106304
read_bytes: 29497530880
write_bytes: 61165621248
cancelled_write_bytes: 565248

[2018-12-02T03:17:10-08:00]
rchar: 136270678374
wchar: 61379175683
syscr: 16493671
syscw: 2109539
read_bytes: 29508065792
write_bytes: 61464834048
cancelled_write_bytes: 565248

[2018-12-02T03:17:13-08:00]
rchar: 137023149715
wchar: 61876821492
syscr: 16584831
syscw: 2113524
read_bytes: 29520374272
write_bytes: 61963214848
cancelled_write_bytes: 573440

[2018-12-02T03:17:16-08:00]
rchar: 137740915706
wchar: 62332713448
syscr: 16671811
syscw: 2117276
read_bytes: 29531101696
write_bytes: 62419824640
cancelled_write_bytes: 573440

[2018-12-02T03:17:19-08:00]
rchar: 138238345388
wchar: 62659039417
syscr: 16732128
syscw: 2119747
read_bytes: 29538597376
write_bytes: 62746640384
cancelled_write_bytes: 573440

[2018-12-02T03:17:22-08:00]
rchar: 138923296848
wchar: 63121598303
syscr: 16815124
syscw: 2123133
read_bytes: 29548521984
write_bytes: 63209910272
cancelled_write_bytes: 573440

[2018-12-02T03:17:25-08:00]
rchar: 139606648415
wchar: 63565394705
syscr: 16897928
syscw: 2126647
read_bytes: 29558704640
write_bytes: 63654424576
cancelled_write_bytes: 573440

[2018-12-02T03:17:28-08:00]
rchar: 140267259921
wchar: 64012637386
syscr: 16977988
syscw: 2129997
read_bytes: 29568383488
write_bytes: 64102383616
cancelled_write_bytes: 573440

[2018-12-02T03:17:31-08:00]
rchar: 140647098938
wchar: 64261747825
syscr: 17023735
syscw: 2132790
read_bytes: 29576571392
write_bytes: 64351907840
cancelled_write_bytes: 573440

[2018-12-02T03:17:34-08:00]
rchar: 141153279471
wchar: 64656418426
syscr: 17085071
syscw: 2136174
read_bytes: 29587614208
write_bytes: 64747180032
cancelled_write_bytes: 573440

[2018-12-02T03:17:37-08:00]
rchar: 142004183952
wchar: 64955089372
syscr: 17188239
syscw: 2150281
read_bytes: 29649586688
write_bytes: 65046249472
cancelled_write_bytes: 581632

[2018-12-02T03:17:40-08:00]
rchar: 142586827086
wchar: 65213001350
syscr: 17258863
syscw: 2158238
read_bytes: 29692103168
write_bytes: 65304477696
cancelled_write_bytes: 581632

[2018-12-02T03:17:43-08:00]
rchar: 145015447188
wchar: 65678308994
syscr: 17553258
syscw: 2194445
read_bytes: 29915548160
write_bytes: 65770246144
cancelled_write_bytes: 589824

[2018-12-02T03:17:46-08:00]
rchar: 145598409990
wchar: 65908313361
syscr: 17623869
syscw: 2202715
read_bytes: 29966264832
write_bytes: 66000580608
cancelled_write_bytes: 598016

[2018-12-02T03:17:49-08:00]
rchar: 148019783378
wchar: 66424394822
syscr: 17917451
syscw: 2225347
read_bytes: 30120376832
write_bytes: 66517262336
cancelled_write_bytes: 598016

[2018-12-02T03:17:52-08:00]
rchar: 148544050261
wchar: 66784022983
syscr: 17980843
syscw: 2228318
read_bytes: 30128810496
write_bytes: 66877861888
cancelled_write_bytes: 598016

[2018-12-02T03:17:55-08:00]
rchar: 149240299603
wchar: 67264674692
syscr: 18065057
syscw: 2232231
read_bytes: 30140123648
write_bytes: 67358953472
cancelled_write_bytes: 598016

[2018-12-02T03:17:58-08:00]
rchar: 149882589217
wchar: 67554733701
syscr: 18142772
syscw: 2238768
read_bytes: 30168836608
write_bytes: 67649470464
cancelled_write_bytes: 598016

[2018-12-02T03:18:01-08:00]
rchar: 150139874934
wchar: 67827889162
syscr: 18173955
syscw: 2242378
read_bytes: 30179928576
write_bytes: 67923050496
cancelled_write_bytes: 598016

[2018-12-02T03:18:04-08:00]
rchar: 150645432298
wchar: 68179918829
syscr: 18235158
syscw: 2248046
read_bytes: 30197725696
write_bytes: 68275642368
cancelled_write_bytes: 606208

[2018-12-02T03:18:07-08:00]
rchar: 151462744212
wchar: 68608726107
syscr: 18334218
syscw: 2256840
read_bytes: 30230018560
write_bytes: 68705042432
cancelled_write_bytes: 610304

[2018-12-02T03:18:10-08:00]
rchar: 152042695379
wchar: 68965835344
syscr: 18404511
syscw: 2262693
read_bytes: 30248819200
write_bytes: 69062664192
cancelled_write_bytes: 610304

[2018-12-02T03:18:13-08:00]
rchar: 152693636115
wchar: 69299122378
syscr: 18483407
syscw: 2269820
read_bytes: 30276803072
write_bytes: 69396426752
cancelled_write_bytes: 614400

[2018-12-02T03:18:16-08:00]
rchar: 153682429667
wchar: 69796276063
syscr: 18603267
syscw: 2280458
read_bytes: 30319356416
write_bytes: 69894254592
cancelled_write_bytes: 622592

[2018-12-02T03:18:19-08:00]
rchar: 154332435630
wchar: 70156222169
syscr: 18682055
syscw: 2288196
read_bytes: 30345677312
write_bytes: 70254710784
cancelled_write_bytes: 626688

[2018-12-02T03:18:22-08:00]
rchar: 154580642458
wchar: 70461481694
syscr: 18712139
syscw: 2291167
read_bytes: 30354668032
write_bytes: 70560456704
cancelled_write_bytes: 626688

[2018-12-02T03:18:25-08:00]
rchar: 155157984842
wchar: 70723774541
syscr: 18782048
syscw: 2297214
read_bytes: 30376049152
write_bytes: 70823149568
cancelled_write_bytes: 643072

[2018-12-02T03:18:28-08:00]
rchar: 155814422954
wchar: 71031270051
syscr: 18861615
syscw: 2303261
read_bytes: 30398880256
write_bytes: 71131086848
cancelled_write_bytes: 643072

[2018-12-02T03:18:31-08:00]
rchar: 156996898066
wchar: 71415829058
syscr: 19004967
syscw: 2315204
read_bytes: 30459542016
write_bytes: 71516135424
cancelled_write_bytes: 655360

[2018-12-02T03:18:34-08:00]
rchar: 157546265343
wchar: 71744375205
syscr: 19071544
syscw: 2319881
read_bytes: 30474037760
write_bytes: 71845167104
cancelled_write_bytes: 655360

[2018-12-02T03:18:37-08:00]
rchar: 158106721133
wchar: 72036891761
syscr: 19139477
syscw: 2325543
read_bytes: 30492764672
write_bytes: 72138084352
cancelled_write_bytes: 655360

[2018-12-02T03:18:40-08:00]
rchar: 158911427897
wchar: 72277892601
syscr: 19237043
syscw: 2335943
read_bytes: 30558042624
write_bytes: 72379387904
cancelled_write_bytes: 655360

[2018-12-02T03:18:43-08:00]
rchar: 161890498051
wchar: 72709712094
syscr: 19598163
syscw: 2366053
read_bytes: 30757353984
write_bytes: 72811610112
cancelled_write_bytes: 663552

[2018-12-02T03:18:46-08:00]
rchar: 162376462339
wchar: 73022876857
syscr: 19656968
syscw: 2369034
read_bytes: 30766082560
write_bytes: 73125306368
cancelled_write_bytes: 663552

[2018-12-02T03:18:49-08:00]
rchar: 163049554617
wchar: 73472498463
syscr: 19738410
syscw: 2372912
read_bytes: 30776490496
write_bytes: 73575677952
cancelled_write_bytes: 663552

[2018-12-02T03:18:52-08:00]
rchar: 163289184129
wchar: 73625792071
syscr: 19767381
syscw: 2374481
read_bytes: 30780873216
write_bytes: 73729232896
cancelled_write_bytes: 663552

[2018-12-02T03:18:55-08:00]
rchar: 163528206983
wchar: 73892073465
syscr: 19796306
syscw: 2377745
read_bytes: 30790998528
write_bytes: 73995972608
cancelled_write_bytes: 663552

[2018-12-02T03:18:58-08:00]
rchar: 164115877753
wchar: 74209005793
syscr: 19867458
syscw: 2384786
read_bytes: 30813456896
write_bytes: 74313367552
cancelled_write_bytes: 671744

[2018-12-02T03:19:01-08:00]
rchar: 164798654079
wchar: 74619102632
syscr: 19950211
syscw: 2391294
read_bytes: 30834653696
write_bytes: 74724048896
cancelled_write_bytes: 671744

[2018-12-02T03:19:04-08:00]
rchar: 165546944591
wchar: 75041173284
syscr: 20040909
syscw: 2399758
read_bytes: 30860245504
write_bytes: 75146735616
cancelled_write_bytes: 675840

[2018-12-02T03:19:07-08:00]
rchar: 166374514455
wchar: 75492900830
syscr: 20141216
syscw: 2409213
read_bytes: 30891031040
write_bytes: 75599093760
cancelled_write_bytes: 684032

[2018-12-02T03:19:10-08:00]
rchar: 167179256830
wchar: 75964093897
syscr: 20238755
syscw: 2418344
read_bytes: 30918433280
write_bytes: 76070985728
cancelled_write_bytes: 696320

[2018-12-02T03:19:13-08:00]
rchar: 167777812113
wchar: 76294883858
syscr: 20311306
syscw: 2425213
read_bytes: 30940838400
write_bytes: 76402237440
cancelled_write_bytes: 700416

[2018-12-02T03:19:16-08:00]
rchar: 168045250687
wchar: 76568231442
syscr: 20343722
syscw: 2429617
read_bytes: 30954924544
write_bytes: 76676034560
cancelled_write_bytes: 712704

[2018-12-02T03:19:19-08:00]
rchar: 170829484827
wchar: 76897177123
syscr: 20681235
syscw: 2465418
read_bytes: 31166736896
write_bytes: 77005148160
cancelled_write_bytes: 729088

[2018-12-02T03:19:22-08:00]
rchar: 173891256693
wchar: 77364117383
syscr: 21052383
syscw: 2498923
read_bytes: 31355320832
write_bytes: 77472563200
cancelled_write_bytes: 737280

[2018-12-02T03:19:25-08:00]
rchar: 174569643230
wchar: 77796157773
syscr: 21134551
syscw: 2502895
read_bytes: 31366134272
write_bytes: 77905297408
cancelled_write_bytes: 737280

[2018-12-02T03:19:28-08:00]
rchar: 174902744977
wchar: 78018107493
syscr: 21174880
syscw: 2504817
read_bytes: 31371147776
write_bytes: 78127611904
cancelled_write_bytes: 737280

[2018-12-02T03:19:31-08:00]
rchar: 175456194431
wchar: 78472819788
syscr: 21241794
syscw: 2508799
read_bytes: 31380945408
write_bytes: 78583099392
cancelled_write_bytes: 737280

[2018-12-02T03:19:34-08:00]
rchar: 175946468461
wchar: 78805777458
syscr: 21301092
syscw: 2512154
read_bytes: 31393573376
write_bytes: 78916575232
cancelled_write_bytes: 749568

[2018-12-02T03:19:37-08:00]
rchar: 176800842378
wchar: 79194814376
syscr: 21404677
syscw: 2524122
read_bytes: 31531883008
write_bytes: 79306096640
cancelled_write_bytes: 749568

[2018-12-02T03:19:40-08:00]
rchar: 177787141718
wchar: 79561819374
syscr: 21524262
syscw: 2540776
read_bytes: 31724890624
write_bytes: 79673556992
cancelled_write_bytes: 749568

[2018-12-02T03:19:43-08:00]
rchar: 178753342056
wchar: 79923045660
syscr: 21641392
syscw: 2557151
read_bytes: 31911295488
write_bytes: 80035201024
cancelled_write_bytes: 749568

[2018-12-02T03:19:46-08:00]
rchar: 179215750923
wchar: 80263952100
syscr: 21697460
syscw: 2565166
read_bytes: 32001579520
write_bytes: 80376614912
cancelled_write_bytes: 749568

[2018-12-02T03:19:49-08:00]
rchar: 179656495204
wchar: 80616729201
syscr: 21750827
syscw: 2567339
read_bytes: 32021944832
write_bytes: 80729903104
cancelled_write_bytes: 757760

[2018-12-02T03:19:52-08:00]
rchar: 180104473621
wchar: 80950170418
syscr: 21805095
syscw: 2569633
read_bytes: 32042519040
write_bytes: 81063858176
cancelled_write_bytes: 757760

[2018-12-02T03:19:55-08:00]
rchar: 180627155391
wchar: 81350042970
syscr: 21868413
syscw: 2572323
read_bytes: 32063830528
write_bytes: 81464356864
cancelled_write_bytes: 757760

[2018-12-02T03:19:58-08:00]
rchar: 181177061903
wchar: 81768536203
syscr: 21935035
syscw: 2575117
read_bytes: 32086116864
write_bytes: 81883508736
cancelled_write_bytes: 757760

[2018-12-02T03:20:01-08:00]
rchar: 181629037946
wchar: 82105367383
syscr: 21989818
syscw: 2577565
read_bytes: 32107854336
write_bytes: 82220871680
cancelled_write_bytes: 757760

[2018-12-02T03:20:04-08:00]
rchar: 182104718276
wchar: 82453964296
syscr: 22047442
syscw: 2580331
read_bytes: 32130775552
write_bytes: 82570428416
cancelled_write_bytes: 757760

[2018-12-02T03:20:07-08:00]
rchar: 183240448552
wchar: 82889422403
syscr: 22185140
syscw: 2595326
read_bytes: 32296012288
write_bytes: 83006046208
cancelled_write_bytes: 757760

[2018-12-02T03:20:10-08:00]
rchar: 184439479759
wchar: 83255632185
syscr: 22330504
syscw: 2613347
read_bytes: 32482761216
write_bytes: 83372695552
cancelled_write_bytes: 757760

[2018-12-02T03:20:13-08:00]
rchar: 185195652821
wchar: 83597390605
syscr: 22422160
syscw: 2625270
read_bytes: 32596343296
write_bytes: 83714957312
cancelled_write_bytes: 757760

[2018-12-02T03:20:16-08:00]
rchar: 185605513368
wchar: 83928690160
syscr: 22471782
syscw: 2627675
read_bytes: 32616196608
write_bytes: 84046794752
cancelled_write_bytes: 765952

[2018-12-02T03:20:19-08:00]
rchar: 186209926869
wchar: 84369901854
syscr: 22544884
syscw: 2630592
read_bytes: 32640825856
write_bytes: 84488744960
cancelled_write_bytes: 765952

[2018-12-02T03:20:22-08:00]
rchar: 186617544217
wchar: 84673061076
syscr: 22594197
syscw: 2632461
read_bytes: 32655407616
write_bytes: 84792401920
cancelled_write_bytes: 765952

[2018-12-02T03:20:25-08:00]
rchar: 187212153027
wchar: 85095069776
syscr: 22666137
syscw: 2635792
read_bytes: 32679160320
write_bytes: 85215096832
cancelled_write_bytes: 765952

[2018-12-02T03:20:28-08:00]
rchar: 187711367371
wchar: 85374916716
syscr: 22726599
syscw: 2642809
read_bytes: 32737823232
write_bytes: 85495394304
cancelled_write_bytes: 765952

[2018-12-02T03:20:31-08:00]
rchar: 188870585949
wchar: 85841696252
syscr: 22867147
syscw: 2667292
read_bytes: 32935377408
write_bytes: 85962678272
cancelled_write_bytes: 765952

[2018-12-02T03:20:34-08:00]
rchar: 189352906319
wchar: 86051580670
syscr: 22925630
syscw: 2678809
read_bytes: 33017956864
write_bytes: 86172807168
cancelled_write_bytes: 765952

[2018-12-02T03:20:37-08:00]
rchar: 189669334159
wchar: 86286595422
syscr: 22963897
syscw: 2684575
read_bytes: 33050176000
write_bytes: 86408208384
cancelled_write_bytes: 774144

[2018-12-02T03:20:40-08:00]
rchar: 191496152675
wchar: 86683985881
syscr: 23185381
syscw: 2717339
read_bytes: 33254242816
write_bytes: 86805979136
cancelled_write_bytes: 774144

[2018-12-02T03:20:43-08:00]
rchar: 192106685310
wchar: 86978472047
syscr: 23259409
syscw: 2727534
read_bytes: 33323305472
write_bytes: 87100895232
cancelled_write_bytes: 774144

[2018-12-02T03:20:46-08:00]
rchar: 194165702118
wchar: 87371184916
syscr: 23508964
syscw: 2755238
read_bytes: 33498036736
write_bytes: 87494004736
cancelled_write_bytes: 782336

[2018-12-02T03:20:49-08:00]
rchar: 195522886603
wchar: 87747231286
syscr: 23673497
syscw: 2772647
read_bytes: 33614776832
write_bytes: 87870537728
cancelled_write_bytes: 782336

[2018-12-02T03:20:52-08:00]
rchar: 197855265776
wchar: 88079628253
syscr: 23956221
syscw: 2800345
read_bytes: 33768188416
write_bytes: 88203243520
cancelled_write_bytes: 790528

[2018-12-02T03:20:55-08:00]
rchar: 199182699231
wchar: 88288982143
syscr: 24117142
syscw: 2816247
read_bytes: 33851251200
write_bytes: 88412811264
cancelled_write_bytes: 790528

[2018-12-02T03:20:58-08:00]
rchar: 200143761978
wchar: 88936038590
syscr: 24233482
syscw: 2823364
read_bytes: 33876453888
write_bytes: 89060913152
cancelled_write_bytes: 798720

[2018-12-02T03:21:01-08:00]
rchar: 201130736988
wchar: 89502554227
syscr: 24352917
syscw: 2829279
read_bytes: 33895197184
write_bytes: 89628364800
cancelled_write_bytes: 798720

[2018-12-02T03:21:04-08:00]
rchar: 201881877735
wchar: 89912785069
syscr: 24443849
syscw: 2834048
read_bytes: 33909795328
write_bytes: 90039263232
cancelled_write_bytes: 798720

[2018-12-02T03:21:07-08:00]
rchar: 203328728392
wchar: 90425070281
syscr: 24619112
syscw: 2856850
read_bytes: 34020813312
write_bytes: 90552180736
cancelled_write_bytes: 798720

[2018-12-02T03:21:10-08:00]
rchar: 203822476879
wchar: 90681695653
syscr: 24678950
syscw: 2865203
read_bytes: 34049083904
write_bytes: 90809135104
cancelled_write_bytes: 798720

[2018-12-02T03:21:13-08:00]
rchar: 206087359356
wchar: 91227714140
syscr: 24953489
syscw: 2897417
read_bytes: 34240752128
write_bytes: 91355729920
cancelled_write_bytes: 806912

[2018-12-02T03:21:16-08:00]
rchar: 206737167155
wchar: 91480519630
syscr: 25032204
syscw: 2907067
read_bytes: 34286356992
write_bytes: 91608879104
cancelled_write_bytes: 815104

[2018-12-02T03:21:19-08:00]
rchar: 209241730955
wchar: 91888545492
syscr: 25335876
syscw: 2938182
read_bytes: 34442422784
write_bytes: 92017258496
cancelled_write_bytes: 815104

[2018-12-02T03:21:22-08:00]
rchar: 210132760889
wchar: 92511924788
syscr: 25443858
syscw: 2944272
read_bytes: 34458900992
write_bytes: 92641550336
cancelled_write_bytes: 823296

[2018-12-02T03:21:25-08:00]
rchar: 210836874336
wchar: 92959482791
syscr: 25529136
syscw: 2948568
read_bytes: 34471053824
write_bytes: 93089808384
cancelled_write_bytes: 823296

[2018-12-02T03:21:28-08:00]
rchar: 211374383389
wchar: 93309630244
syscr: 25594307
syscw: 2951638
read_bytes: 34480998912
write_bytes: 93440450560
cancelled_write_bytes: 823296

[2018-12-02T03:21:31-08:00]
rchar: 212098197393
wchar: 93748633653
syscr: 25682027
syscw: 2956314
read_bytes: 34497464832
write_bytes: 93880115200
cancelled_write_bytes: 823296

[2018-12-02T03:21:34-08:00]
rchar: 212560808285
wchar: 94060007298
syscr: 25738085
syscw: 2959024
read_bytes: 34506537472
write_bytes: 94191947776
cancelled_write_bytes: 823296

[2018-12-02T03:21:37-08:00]
rchar: 213229634013
wchar: 94488806094
syscr: 25819123
syscw: 2963248
read_bytes: 34521979392
write_bytes: 94621401088
cancelled_write_bytes: 823296

[2018-12-02T03:21:40-08:00]
rchar: 213803850395
wchar: 94866017623
syscr: 25888720
syscw: 2966686
read_bytes: 34535737856
write_bytes: 94999203840
cancelled_write_bytes: 823296

[2018-12-02T03:21:43-08:00]
rchar: 214299155286
wchar: 95175069305
syscr: 25948741
syscw: 2970041
read_bytes: 34555189760
write_bytes: 95308759040
cancelled_write_bytes: 823296

[2018-12-02T03:21:46-08:00]
rchar: 214952164751
wchar: 95534530742
syscr: 26027878
syscw: 2975515
read_bytes: 34580883968
write_bytes: 95668785152
cancelled_write_bytes: 823296

[2018-12-02T03:21:49-08:00]
rchar: 216242923424
wchar: 95922664343
syscr: 26184338
syscw: 2989568
read_bytes: 34660764160
write_bytes: 96057442304
cancelled_write_bytes: 823296

[2018-12-02T03:21:52-08:00]
rchar: 216737219618
wchar: 96312580086
syscr: 26244214
syscw: 2994408
read_bytes: 34687187456
write_bytes: 96447967232
cancelled_write_bytes: 831488

[2018-12-02T03:21:55-08:00]
rchar: 217596265786
wchar: 96886543079
syscr: 26348274
syscw: 2998799
read_bytes: 34731047424
write_bytes: 97022820352
cancelled_write_bytes: 831488

[2018-12-02T03:21:58-08:00]
rchar: 218257000220
wchar: 97312683128
syscr: 26428252
syscw: 3002438
read_bytes: 34771089920
write_bytes: 97449611264
cancelled_write_bytes: 831488

[2018-12-02T03:22:01-08:00]
rchar: 218822298162
wchar: 97690129198
syscr: 26496702
syscw: 3005456
read_bytes: 34804365824
write_bytes: 97827667968
cancelled_write_bytes: 831488

[2018-12-02T03:22:04-08:00]
rchar: 219509916777
wchar: 98010007344
syscr: 26579941
syscw: 3011373
read_bytes: 34866625024
write_bytes: 98148040704
cancelled_write_bytes: 831488

[2018-12-02T03:22:07-08:00]
rchar: 220609148693
wchar: 98422577068
syscr: 26713074
syscw: 3022066
read_bytes: 34984065536
write_bytes: 98561220608
cancelled_write_bytes: 831488

[2018-12-02T03:22:10-08:00]
rchar: 221428714938
wchar: 98830812139
syscr: 26812421
syscw: 3037854
read_bytes: 35148990976
write_bytes: 98969985024
cancelled_write_bytes: 831488

[2018-12-02T03:22:13-08:00]
rchar: 222079176519
wchar: 99219928791
syscr: 26891267
syscw: 3048204
read_bytes: 35244608000
write_bytes: 99359637504
cancelled_write_bytes: 831488

[2018-12-02T03:22:16-08:00]
rchar: 222258734975
wchar: 99439886285
syscr: 26912959
syscw: 3052818
read_bytes: 35283966464
write_bytes: 99579961344
cancelled_write_bytes: 839680

[2018-12-02T03:22:19-08:00]
rchar: 223453230533
wchar: 99783128750
syscr: 27057758
syscw: 3073696
read_bytes: 35492932096
write_bytes: 99923582976
cancelled_write_bytes: 839680

[2018-12-02T03:22:22-08:00]
rchar: 224923996397
wchar: 100103236701
syscr: 27236083
syscw: 3097692
read_bytes: 35668814336
write_bytes: 100243992576
cancelled_write_bytes: 839680

[2018-12-02T03:22:25-08:00]
rchar: 226018607119
wchar: 100425273227
syscr: 27368723
syscw: 3112499
read_bytes: 35773708800
write_bytes: 100566466560
cancelled_write_bytes: 847872

[2018-12-02T03:22:28-08:00]
rchar: 228104085711
wchar: 100758040426
syscr: 27621577
syscw: 3140747
read_bytes: 35950287360
write_bytes: 100899520512
cancelled_write_bytes: 847872

[2018-12-02T03:22:31-08:00]
rchar: 231560133915
wchar: 101192788757
syscr: 28040530
syscw: 3177167
read_bytes: 36176886272
write_bytes: 101335388160
cancelled_write_bytes: 856064

[2018-12-02T03:22:34-08:00]
rchar: 232086460983
wchar: 101515423656
syscr: 28104284
syscw: 3182573
read_bytes: 36203633152
write_bytes: 101657772032
cancelled_write_bytes: 864256

[2018-12-02T03:22:37-08:00]
rchar: 232738382479
wchar: 101933860313
syscr: 28183333
syscw: 3185847
read_bytes: 36216605184
write_bytes: 102076833792
cancelled_write_bytes: 864256

[2018-12-02T03:22:40-08:00]
rchar: 233178769382
wchar: 102225887433
syscr: 28236712
syscw: 3188025
read_bytes: 36224662016
write_bytes: 102369333248
cancelled_write_bytes: 864256

[2018-12-02T03:22:43-08:00]
rchar: 233986262539
wchar: 102746547020
syscr: 28334567
syscw: 3192121
read_bytes: 36240218624
write_bytes: 102890790912
cancelled_write_bytes: 864256

[2018-12-02T03:22:46-08:00]
rchar: 234704052630
wchar: 103192447908
syscr: 28421561
syscw: 3196094
read_bytes: 36258179584
write_bytes: 103337373696
cancelled_write_bytes: 864256

[2018-12-02T03:22:49-08:00]
rchar: 235156929276
wchar: 103468044568
syscr: 28476448
syscw: 3198742
read_bytes: 36270258688
write_bytes: 103613394944
cancelled_write_bytes: 864256

[2018-12-02T03:22:52-08:00]
rchar: 235759338642
wchar: 103848194396
syscr: 28549451
syscw: 3202094
read_bytes: 36286347776
write_bytes: 103994126336
cancelled_write_bytes: 864256

[2018-12-02T03:22:55-08:00]
rchar: 236483622045
wchar: 104300783238
syscr: 28637218
syscw: 3206092
read_bytes: 36304468480
write_bytes: 104447410176
cancelled_write_bytes: 864256

[2018-12-02T03:22:58-08:00]
rchar: 237134607173
wchar: 104738651105
syscr: 28715826
syscw: 3209384
read_bytes: 36320311808
write_bytes: 104885972992
cancelled_write_bytes: 864256

[2018-12-02T03:23:01-08:00]
rchar: 237721097696
wchar: 105154504326
syscr: 28786887
syscw: 3213228
read_bytes: 36336085504
write_bytes: 105302478848
cancelled_write_bytes: 864256

[2018-12-02T03:23:04-08:00]
rchar: 238027338258
wchar: 105361023364
syscr: 28824013
syscw: 3216263
read_bytes: 36352199168
write_bytes: 105509351424
cancelled_write_bytes: 864256

[2018-12-02T03:23:07-08:00]
rchar: 239043250474
wchar: 105732041814
syscr: 28947099
syscw: 3233817
read_bytes: 36456442368
write_bytes: 105880879104
cancelled_write_bytes: 872448

[2018-12-02T03:23:10-08:00]
rchar: 241715361083
wchar: 106124870687
syscr: 29271090
syscw: 3267940
read_bytes: 36653001216
write_bytes: 106273980416
cancelled_write_bytes: 872448

[2018-12-02T03:23:13-08:00]
rchar: 242163386298
wchar: 106539625485
syscr: 29325297
syscw: 3271589
read_bytes: 36663151104
write_bytes: 106689433600
cancelled_write_bytes: 872448

[2018-12-02T03:23:16-08:00]
rchar: 242574068866
wchar: 106845211633
syscr: 29374961
syscw: 3274637
read_bytes: 36671072768
write_bytes: 106995523584
cancelled_write_bytes: 872448

[2018-12-02T03:23:19-08:00]
rchar: 243263287896
wchar: 107305104141
syscr: 29458318
syscw: 3278715
read_bytes: 36681611776
write_bytes: 107456192512
cancelled_write_bytes: 880640

[2018-12-02T03:23:23-08:00]
rchar: 244037705393
wchar: 107673521798
syscr: 29552065
syscw: 3286281
read_bytes: 36706703872
write_bytes: 107825192960
cancelled_write_bytes: 880640

[2018-12-02T03:23:26-08:00]
rchar: 245656520354
wchar: 108197267282
syscr: 29748313
syscw: 3305119
read_bytes: 36794423808
write_bytes: 108349554688
cancelled_write_bytes: 880640

[2018-12-02T03:23:29-08:00]
rchar: 246080307164
wchar: 108436440592
syscr: 29799671
syscw: 3310153
read_bytes: 36808231424
write_bytes: 108589080576
cancelled_write_bytes: 880640

[2018-12-02T03:23:32-08:00]
rchar: 246533835190
wchar: 108819174167
syscr: 29854574
syscw: 3315660
read_bytes: 36823665152
write_bytes: 108972408832
cancelled_write_bytes: 901120

[2018-12-02T03:23:35-08:00]
rchar: 247380514057
wchar: 109250354330
syscr: 29957197
syscw: 3323392
read_bytes: 36847245824
write_bytes: 109404209152
cancelled_write_bytes: 901120

[2018-12-02T03:23:38-08:00]
rchar: 248298270727
wchar: 109651908258
syscr: 30068435
syscw: 3332699
read_bytes: 36878187008
write_bytes: 109806338048
cancelled_write_bytes: 909312

[2018-12-02T03:23:41-08:00]
rchar: 249028422279
wchar: 110004518601
syscr: 30156938
syscw: 3339888
read_bytes: 36900260352
write_bytes: 110159446016
cancelled_write_bytes: 913408

[2018-12-02T03:23:44-08:00]
rchar: 249771043077
wchar: 110337448761
syscr: 30246955
syscw: 3347767
read_bytes: 36924275200
write_bytes: 110492831744
cancelled_write_bytes: 913408

[2018-12-02T03:23:47-08:00]
rchar: 250750330022
wchar: 110664881574
syscr: 30365667
syscw: 3359386
read_bytes: 36968126976
write_bytes: 110820708352
cancelled_write_bytes: 917504

[2018-12-02T03:23:50-08:00]
rchar: 251339219270
wchar: 111063696635
syscr: 30436982
syscw: 3365595
read_bytes: 36986776064
write_bytes: 111220150272
cancelled_write_bytes: 937984

[2018-12-02T03:23:53-08:00]
rchar: 252409371936
wchar: 111498912274
syscr: 30566726
syscw: 3375222
read_bytes: 37017270784
write_bytes: 111655993344
cancelled_write_bytes: 937984

[2018-12-02T03:23:56-08:00]
rchar: 252895490356
wchar: 111805766501
syscr: 30625501
syscw: 3378359
read_bytes: 37025548800
write_bytes: 111963357184
cancelled_write_bytes: 937984

[2018-12-02T03:23:59-08:00]
rchar: 253392984890
wchar: 112131659726
syscr: 30685705
syscw: 3381361
read_bytes: 37033294336
write_bytes: 112289779712
cancelled_write_bytes: 937984

[2018-12-02T03:24:02-08:00]
rchar: 254072652373
wchar: 112502839328
syscr: 30767934
syscw: 3387527
read_bytes: 37051128320
write_bytes: 112661561344
cancelled_write_bytes: 937984

[2018-12-02T03:24:05-08:00]
rchar: 255237716562
wchar: 112997061587
syscr: 30909165
syscw: 3404741
read_bytes: 37126281728
write_bytes: 113156386816
cancelled_write_bytes: 937984

[2018-12-02T03:24:08-08:00]
rchar: 255485784242
wchar: 113305275788
syscr: 30939230
syscw: 3408579
read_bytes: 37136353792
write_bytes: 113465102336
cancelled_write_bytes: 937984

[2018-12-02T03:24:11-08:00]
rchar: 256256011190
wchar: 113745160071
syscr: 31032505
syscw: 3417119
read_bytes: 37161089536
write_bytes: 113905815552
cancelled_write_bytes: 954368

[2018-12-02T03:24:14-08:00]
rchar: 257020407888
wchar: 114149532094
syscr: 31125153
syscw: 3425556
read_bytes: 37186017792
write_bytes: 114310590464
cancelled_write_bytes: 954368

[2018-12-02T03:24:17-08:00]
rchar: 258346515836
wchar: 114700941193
syscr: 31285902
syscw: 3441368
read_bytes: 37243755008
write_bytes: 114862776320
cancelled_write_bytes: 970752

[2018-12-02T03:24:20-08:00]
rchar: 259217578996
wchar: 115174455534
syscr: 31391482
syscw: 3451199
read_bytes: 37273442816
write_bytes: 115336957952
cancelled_write_bytes: 978944

[2018-12-02T03:24:23-08:00]
rchar: 259527319417
wchar: 115487876490
syscr: 31429025
syscw: 3455742
read_bytes: 37286189568
write_bytes: 115650875392
cancelled_write_bytes: 978944

[2018-12-02T03:24:26-08:00]
rchar: 260047919988
wchar: 115776687059
syscr: 31492042
syscw: 3460892
read_bytes: 37300300288
write_bytes: 115940118528
cancelled_write_bytes: 991232

[2018-12-02T03:24:29-08:00]
rchar: 261593703120
wchar: 116248493622
syscr: 31679436
syscw: 3477998
read_bytes: 37366774272
write_bytes: 116412514304
cancelled_write_bytes: 991232

[2018-12-02T03:24:32-08:00]
rchar: 262898925768
wchar: 116465585457
syscr: 31837683
syscw: 3498119
read_bytes: 37445908992
write_bytes: 116629790720
cancelled_write_bytes: 995328

[2018-12-02T03:24:35-08:00]
rchar: 263534235742
wchar: 117016844294
syscr: 31914666
syscw: 3503342
read_bytes: 37469039104
write_bytes: 117181878272
cancelled_write_bytes: 1007616

[2018-12-02T03:24:38-08:00]
rchar: 263932421008
wchar: 117294463670
syscr: 31962949
syscw: 3505583
read_bytes: 37486156288
write_bytes: 117459918848
cancelled_write_bytes: 1007616

[2018-12-02T03:24:41-08:00]
rchar: 264585382104
wchar: 117789280380
syscr: 32041851
syscw: 3508411
read_bytes: 37513251328
write_bytes: 117955567616
cancelled_write_bytes: 1007616

[2018-12-02T03:24:44-08:00]
rchar: 264970060491
wchar: 118085197818
syscr: 32088408
syscw: 3510235
read_bytes: 37532387840
write_bytes: 118251962368
cancelled_write_bytes: 1007616

[2018-12-02T03:24:47-08:00]
rchar: 265363653994
wchar: 118343615574
syscr: 32136020
syscw: 3513536
read_bytes: 37572315648
write_bytes: 118510780416
cancelled_write_bytes: 1007616

[2018-12-02T03:24:50-08:00]
rchar: 266229530249
wchar: 118851443900
syscr: 32241000
syscw: 3526638
read_bytes: 37722958336
write_bytes: 119019257856
cancelled_write_bytes: 1007616

[2018-12-02T03:24:53-08:00]
rchar: 266828080062
wchar: 119152482614
syscr: 32313559
syscw: 3538162
read_bytes: 37845805568
write_bytes: 119320670208
cancelled_write_bytes: 1007616

[2018-12-02T03:24:56-08:00]
rchar: 267529034014
wchar: 119509481091
syscr: 32398521
syscw: 3551303
read_bytes: 38003165696
write_bytes: 119679000576
cancelled_write_bytes: 1007616

[2018-12-02T03:24:59-08:00]
rchar: 267920336532
wchar: 119765091907
syscr: 32445944
syscw: 3556224
read_bytes: 38054218240
write_bytes: 119934103552
cancelled_write_bytes: 1007616

[2018-12-02T03:25:02-08:00]
rchar: 268297456675
wchar: 120096644763
syscr: 32491601
syscw: 3562259
read_bytes: 38120245760
write_bytes: 120266182656
cancelled_write_bytes: 1015808

[2018-12-02T03:25:05-08:00]
rchar: 268921245250
wchar: 120421211224
syscr: 32567205
syscw: 3570256
read_bytes: 38206851584
write_bytes: 120591179776
cancelled_write_bytes: 1015808

[2018-12-02T03:25:08-08:00]
rchar: 269641804159
wchar: 120780714768
syscr: 32654517
syscw: 3579792
read_bytes: 38302755328
write_bytes: 120951230464
cancelled_write_bytes: 1015808

[2018-12-02T03:25:11-08:00]
rchar: 270839289544
wchar: 121210326973
syscr: 32799699
syscw: 3600228
read_bytes: 38513535488
write_bytes: 121381335040
cancelled_write_bytes: 1015808

[2018-12-02T03:25:14-08:00]
rchar: 271794834893
wchar: 121591617336
syscr: 32915530
syscw: 3615882
read_bytes: 38666299904
write_bytes: 121763090432
cancelled_write_bytes: 1015808

[2018-12-02T03:25:17-08:00]
rchar: 272072550728
wchar: 121872528340
syscr: 32949127
syscw: 3620341
read_bytes: 38707997184
write_bytes: 122045239296
cancelled_write_bytes: 1015808

[2018-12-02T03:25:20-08:00]
rchar: 272544620763
wchar: 122257528087
syscr: 33006345
syscw: 3622310
read_bytes: 38723586560
write_bytes: 122430029824
cancelled_write_bytes: 1024000

[2018-12-02T03:25:23-08:00]
rchar: 272959048974
wchar: 122579877738
syscr: 33056558
syscw: 3624253
read_bytes: 38741207552
write_bytes: 122752884736
cancelled_write_bytes: 1024000

[2018-12-02T03:25:26-08:00]
rchar: 273536660249
wchar: 123021013646
syscr: 33126547
syscw: 3627171
read_bytes: 38765791744
write_bytes: 123194691584
cancelled_write_bytes: 1024000

[2018-12-02T03:25:29-08:00]
rchar: 274123465514
wchar: 123471862929
syscr: 33197658
syscw: 3630101
read_bytes: 38790507008
write_bytes: 123646226432
cancelled_write_bytes: 1024000

[2018-12-02T03:25:32-08:00]
rchar: 274675700628
wchar: 123884133450
syscr: 33264593
syscw: 3633057
read_bytes: 38813108736
write_bytes: 124059148288
cancelled_write_bytes: 1024000

[2018-12-02T03:25:35-08:00]
rchar: 275247274371
wchar: 124313227690
syscr: 33333849
syscw: 3636138
read_bytes: 38835075584
write_bytes: 124488888320
cancelled_write_bytes: 1024000

[2018-12-02T03:25:38-08:00]
rchar: 275665796964
wchar: 124592538816
syscr: 33384563
syscw: 3639293
read_bytes: 38865787392
write_bytes: 124769300480
cancelled_write_bytes: 1024000

[2018-12-02T03:25:41-08:00]
rchar: 276281418102
wchar: 124956492406
syscr: 33459171
syscw: 3645147
read_bytes: 38917171712
write_bytes: 125133131776
cancelled_write_bytes: 1024000

[2018-12-02T03:25:44-08:00]
rchar: 276730964680
wchar: 125275983429
syscr: 33513641
syscw: 3648179
read_bytes: 38942034432
write_bytes: 125453074432
cancelled_write_bytes: 1024000

[2018-12-02T03:25:47-08:00]
rchar: 277501479408
wchar: 125577498553
syscr: 33607009
syscw: 3658238
read_bytes: 39040686592
write_bytes: 125755039744
cancelled_write_bytes: 1024000

[2018-12-02T03:25:50-08:00]
rchar: 278772864777
wchar: 125979685559
syscr: 33761158
syscw: 3677644
read_bytes: 39220603392
write_bytes: 126157697024
cancelled_write_bytes: 1024000

[2018-12-02T03:25:53-08:00]
rchar: 279272831548
wchar: 126404694585
syscr: 33821702
syscw: 3682816
read_bytes: 39264152064
write_bytes: 126583398400
cancelled_write_bytes: 1032192

[2018-12-02T03:25:56-08:00]
rchar: 279761781095
wchar: 126748937750
syscr: 33880873
syscw: 3685349
read_bytes: 39283255808
write_bytes: 126928220160
cancelled_write_bytes: 1032192

[2018-12-02T03:25:59-08:00]
rchar: 280316699245
wchar: 127154437293
syscr: 33947971
syscw: 3688063
read_bytes: 39306684928
write_bytes: 127334400000
cancelled_write_bytes: 1032192

[2018-12-02T03:26:02-08:00]
rchar: 280783414213
wchar: 127442938069
syscr: 34004437
syscw: 3691907
read_bytes: 39344118272
write_bytes: 127623401472
cancelled_write_bytes: 1032192

[2018-12-02T03:26:05-08:00]
rchar: 281577953862
wchar: 127837588428
syscr: 34100747
syscw: 3706492
read_bytes: 39493028352
write_bytes: 128018501632
cancelled_write_bytes: 1032192

[2018-12-02T03:26:08-08:00]
rchar: 282307890249
wchar: 128197310221
syscr: 34189257
syscw: 3720350
read_bytes: 39630047744
write_bytes: 128378699776
cancelled_write_bytes: 1032192

[2018-12-02T03:26:11-08:00]
rchar: 283121251239
wchar: 128556672735
syscr: 34287851
syscw: 3737795
read_bytes: 39805520384
write_bytes: 128738484224
cancelled_write_bytes: 1032192

[2018-12-02T03:26:14-08:00]
rchar: 283326034263
wchar: 128688967165
syscr: 34312650
syscw: 3742003
read_bytes: 39853525504
write_bytes: 128870993920
cancelled_write_bytes: 1032192

[2018-12-02T03:26:17-08:00]
rchar: 283966866480
wchar: 129053940722
syscr: 34390279
syscw: 3752868
read_bytes: 39973132800
write_bytes: 129236475904
cancelled_write_bytes: 1040384

[2018-12-02T03:26:20-08:00]
rchar: 284937407516
wchar: 129460484625
syscr: 34507923
syscw: 3767910
read_bytes: 40148572672
write_bytes: 129643536384
cancelled_write_bytes: 1040384

[2018-12-02T03:26:23-08:00]
rchar: 285708475929
wchar: 129773093595
syscr: 34601392
syscw: 3780351
read_bytes: 40288000512
write_bytes: 129956556800
cancelled_write_bytes: 1040384

[2018-12-02T03:26:26-08:00]
rchar: 286841701499
wchar: 130223335189
syscr: 34738773
syscw: 3799000
read_bytes: 40525851136
write_bytes: 130407358464
cancelled_write_bytes: 1040384

[2018-12-02T03:26:29-08:00]
rchar: 286969171017
wchar: 130372242750
syscr: 34754226
syscw: 3801391
read_bytes: 40551455232
write_bytes: 130557198336
cancelled_write_bytes: 1040384

[2018-12-02T03:26:32-08:00]
rchar: 287371132213
wchar: 130665318821
syscr: 34802881
syscw: 3805142
read_bytes: 40595307008
write_bytes: 130850078720
cancelled_write_bytes: 1048576

[2018-12-02T03:26:35-08:00]
rchar: 287823102537
wchar: 130939416398
syscr: 34857631
syscw: 3808914
read_bytes: 40635984384
write_bytes: 131124609024
cancelled_write_bytes: 1048576

[2018-12-02T03:26:38-08:00]
rchar: 288456176001
wchar: 131263247786
syscr: 34934372
syscw: 3815392
read_bytes: 40714922496
write_bytes: 131448909824
cancelled_write_bytes: 1048576

[2018-12-02T03:26:41-08:00]
rchar: 289196260714
wchar: 131651011828
syscr: 35024060
syscw: 3822969
read_bytes: 40802695680
write_bytes: 131837247488
cancelled_write_bytes: 1048576

[2018-12-02T03:26:44-08:00]
rchar: 289730579783
wchar: 131975920222
syscr: 35088823
syscw: 3827570
read_bytes: 40855611904
write_bytes: 132162863104
cancelled_write_bytes: 1048576

[2018-12-02T03:26:47-08:00]
rchar: 290579479564
wchar: 132476225344
syscr: 35191722
syscw: 3835308
read_bytes: 40944241152
write_bytes: 132663705600
cancelled_write_bytes: 1048576

[2018-12-02T03:26:50-08:00]
rchar: 290975061295
wchar: 132743937217
syscr: 35239657
syscw: 3838134
read_bytes: 40976644608
write_bytes: 132931805184
cancelled_write_bytes: 1048576

[2018-12-02T03:26:53-08:00]
rchar: 291462518772
wchar: 133071998063
syscr: 35298725
syscw: 3841937
read_bytes: 41020156416
write_bytes: 133260337152
cancelled_write_bytes: 1048576

[2018-12-02T03:26:56-08:00]
rchar: 292548148752
wchar: 133487640091
syscr: 35430330
syscw: 3856935
read_bytes: 41216895488
write_bytes: 133676515328
cancelled_write_bytes: 1048576

[2018-12-02T03:26:59-08:00]
rchar: 292963459987
wchar: 133795450263
syscr: 35480662
syscw: 3861289
read_bytes: 41272560128
write_bytes: 133984804864
cancelled_write_bytes: 1048576

[2018-12-02T03:27:02-08:00]
rchar: 293592015514
wchar: 134138541307
syscr: 35556769
syscw: 3868011
read_bytes: 41361971712
write_bytes: 134328459264
cancelled_write_bytes: 1056768

[2018-12-02T03:27:05-08:00]
rchar: 294520442348
wchar: 134620986650
syscr: 35669274
syscw: 3876049
read_bytes: 41465801216
write_bytes: 134811611136
cancelled_write_bytes: 1056768

[2018-12-02T03:27:08-08:00]
rchar: 295070949078
wchar: 134997978163
syscr: 35735895
syscw: 3879075
read_bytes: 41509415424
write_bytes: 135189209088
cancelled_write_bytes: 1056768

[2018-12-02T03:27:11-08:00]
rchar: 295717949382
wchar: 135420769312
syscr: 35814225
syscw: 3883190
read_bytes: 41566489088
write_bytes: 135612682240
cancelled_write_bytes: 1056768

[2018-12-02T03:27:14-08:00]
rchar: 296346072598
wchar: 135802860771
syscr: 35890200
syscw: 3887590
read_bytes: 41628006912
write_bytes: 135995416576
cancelled_write_bytes: 1056768

[2018-12-02T03:27:17-08:00]
rchar: 297115785392
wchar: 136193146628
syscr: 35983492
syscw: 3901099
read_bytes: 41858034176
write_bytes: 136386183168
cancelled_write_bytes: 1056768

[2018-12-02T03:27:20-08:00]
rchar: 297921886990
wchar: 136593735896
syscr: 36081186
syscw: 3917026
read_bytes: 42116745728
write_bytes: 136787337216
cancelled_write_bytes: 1056768

[2018-12-02T03:27:23-08:00]
rchar: 298220023110
wchar: 136816916698
syscr: 36117343
syscw: 3923366
read_bytes: 42209270272
write_bytes: 137010810880
cancelled_write_bytes: 1056768

[2018-12-02T03:27:26-08:00]
rchar: 299253509172
wchar: 137278829830
syscr: 36242547
syscw: 3940779
read_bytes: 42462693888
write_bytes: 137473392640
cancelled_write_bytes: 1064960

[2018-12-02T03:27:29-08:00]
rchar: 300427461712
wchar: 137674237529
syscr: 36384876
syscw: 3961639
read_bytes: 42731657728
write_bytes: 137869242368
cancelled_write_bytes: 1064960

[2018-12-02T03:27:32-08:00]
rchar: 301411527804
wchar: 137994978795
syscr: 36504154
syscw: 3979689
read_bytes: 42927700480
write_bytes: 138190381056
cancelled_write_bytes: 1064960

[2018-12-02T03:27:35-08:00]
rchar: 301794930894
wchar: 138240234171
syscr: 36550560
syscw: 3986560
read_bytes: 42987747840
write_bytes: 138436026368
cancelled_write_bytes: 1073152

[2018-12-02T03:27:38-08:00]
rchar: 304535171150
wchar: 138756832375
syscr: 36882783
syscw: 4027416
read_bytes: 43371264512
write_bytes: 138953101312
cancelled_write_bytes: 1073152

[2018-12-02T03:27:41-08:00]
rchar: 304767621681
wchar: 138955991243
syscr: 36910964
syscw: 4031429
read_bytes: 43405236736
write_bytes: 139152617472
cancelled_write_bytes: 1073152

[2018-12-02T03:27:44-08:00]
rchar: 308396189189
wchar: 139305401450
syscr: 37350826
syscw: 4072047
read_bytes: 43724397056
write_bytes: 139502239744
cancelled_write_bytes: 1081344

[2018-12-02T03:27:47-08:00]
rchar: 308901293267
wchar: 139697146516
syscr: 37411996
syscw: 4076524
read_bytes: 43745425920
write_bytes: 139894595584
cancelled_write_bytes: 1081344

[2018-12-02T03:27:50-08:00]
rchar: 309367471603
wchar: 140027013011
syscr: 37468521
syscw: 4078568
read_bytes: 43758049792
write_bytes: 140224999424
cancelled_write_bytes: 1089536

[2018-12-02T03:27:53-08:00]
rchar: 310014517736
wchar: 140479759025
syscr: 37546927
syscw: 4081497
read_bytes: 43779811840
write_bytes: 140678463488
cancelled_write_bytes: 1089536

[2018-12-02T03:27:56-08:00]
rchar: 310679843329
wchar: 140965909257
syscr: 37627582
syscw: 4084190
read_bytes: 43794176512
write_bytes: 141165375488
cancelled_write_bytes: 1089536

[2018-12-02T03:27:59-08:00]
rchar: 311060263408
wchar: 141219653580
syscr: 37673691
syscw: 4086047
read_bytes: 43804293632
write_bytes: 141419524096
cancelled_write_bytes: 1089536

[2018-12-02T03:28:02-08:00]
rchar: 311687198807
wchar: 141655580056
syscr: 37749353
syscw: 4090855
read_bytes: 43843176960
write_bytes: 141856120832
cancelled_write_bytes: 1089536

[2018-12-02T03:28:05-08:00]
rchar: 312092320419
wchar: 141964071329
syscr: 37798443
syscw: 4093594
read_bytes: 43873102336
write_bytes: 142165090304
cancelled_write_bytes: 1089536

[2018-12-02T03:28:08-08:00]
rchar: 312730459116
wchar: 142440099299
syscr: 37875767
syscw: 4098479
read_bytes: 43914201600
write_bytes: 142641840128
cancelled_write_bytes: 1089536

[2018-12-02T03:28:11-08:00]
rchar: 313144273549
wchar: 142703107328
syscr: 37925915
syscw: 4102994
read_bytes: 43959720448
write_bytes: 142905253888
cancelled_write_bytes: 1089536

[2018-12-02T03:28:14-08:00]
rchar: 313948510647
wchar: 143155564511
syscr: 38023397
syscw: 4113577
read_bytes: 44043823616
write_bytes: 143358386176
cancelled_write_bytes: 1089536

[2018-12-02T03:28:17-08:00]
rchar: 314630599755
wchar: 143449930542
syscr: 38106075
syscw: 4124641
read_bytes: 44115773952
write_bytes: 143653134336
cancelled_write_bytes: 1089536

[2018-12-02T03:28:20-08:00]
rchar: 314830986189
wchar: 143648790662
syscr: 38130367
syscw: 4129953
read_bytes: 44146362880
write_bytes: 143852331008
cancelled_write_bytes: 1089536

[2018-12-02T03:28:23-08:00]
rchar: 316544607906
wchar: 143951205256
syscr: 38338053
syscw: 4156256
read_bytes: 44299893248
write_bytes: 144155033600
cancelled_write_bytes: 1097728

[2018-12-02T03:28:26-08:00]
rchar: 317803842536
wchar: 144258971121
syscr: 38490744
syscw: 4171069
read_bytes: 44393314816
write_bytes: 144463159296
cancelled_write_bytes: 1097728

[2018-12-02T03:28:29-08:00]
rchar: 318210823329
wchar: 144696021164
syscr: 38539969
syscw: 4174199
read_bytes: 44404337152
write_bytes: 144900947968
cancelled_write_bytes: 1097728

[2018-12-02T03:28:32-08:00]
rchar: 318822365699
wchar: 145104906985
syscr: 38613846
syscw: 4178221
read_bytes: 44419385856
write_bytes: 145310527488
cancelled_write_bytes: 1105920

[2018-12-02T03:28:35-08:00]
rchar: 319644252415
wchar: 145533401178
syscr: 38713326
syscw: 4186110
read_bytes: 44452751872
write_bytes: 145739710464
cancelled_write_bytes: 1105920

[2018-12-02T03:28:38-08:00]
rchar: 320622872053
wchar: 146013695161
syscr: 38831942
syscw: 4198367
read_bytes: 44508649984
write_bytes: 146220675072
cancelled_write_bytes: 1105920

[2018-12-02T03:28:41-08:00]
rchar: 321456990109
wchar: 146464240789
syscr: 38933031
syscw: 4207407
read_bytes: 44550482432
write_bytes: 146671861760
cancelled_write_bytes: 1105920

[2018-12-02T03:28:44-08:00]
rchar: 322116826754
wchar: 146816463092
syscr: 39013007
syscw: 4215275
read_bytes: 44583852544
write_bytes: 147024580608
cancelled_write_bytes: 1114112

[2018-12-02T03:28:47-08:00]
rchar: 322529233445
wchar: 147033399815
syscr: 39063016
syscw: 4223761
read_bytes: 44626098688
write_bytes: 147241836544
cancelled_write_bytes: 1114112

[2018-12-02T03:28:50-08:00]
rchar: 323662831954
wchar: 147439744955
syscr: 39200354
syscw: 4236700
read_bytes: 44689717760
write_bytes: 147648733184
cancelled_write_bytes: 1126400

[2018-12-02T03:28:53-08:00]
rchar: 324966463420
wchar: 147946567035
syscr: 39358382
syscw: 4250210
read_bytes: 44757215744
write_bytes: 148156256256
cancelled_write_bytes: 1138688

[2018-12-02T03:28:56-08:00]
rchar: 325517875552
wchar: 148246638223
syscr: 39425205
syscw: 4255684
read_bytes: 44777896448
write_bytes: 148456783872
cancelled_write_bytes: 1146880

[2018-12-02T03:28:59-08:00]
rchar: 326332369080
wchar: 148444062492
syscr: 39523958
syscw: 4269388
read_bytes: 44853217792
write_bytes: 148654436352
cancelled_write_bytes: 1146880

[2018-12-02T03:29:02-08:00]
rchar: 327503770408
wchar: 148810935710
syscr: 39665909
syscw: 4281879
read_bytes: 44915321344
write_bytes: 149021851648
cancelled_write_bytes: 1159168

[2018-12-02T03:29:05-08:00]
rchar: 328140498225
wchar: 149244516993
syscr: 39742960
syscw: 4285388
read_bytes: 44927285760
write_bytes: 149456154624
cancelled_write_bytes: 1159168

[2018-12-02T03:29:08-08:00]
rchar: 328642832609
wchar: 149602292693
syscr: 39803711
syscw: 4287862
read_bytes: 44935653888
write_bytes: 149814530048
cancelled_write_bytes: 1159168

[2018-12-02T03:29:11-08:00]
rchar: 329247850801
wchar: 149880207279
syscr: 39876931
syscw: 4294486
read_bytes: 44973304320
write_bytes: 150092869632
cancelled_write_bytes: 1159168

[2018-12-02T03:29:14-08:00]
rchar: 330024673605
wchar: 150348080561
syscr: 39971081
syscw: 4305720
read_bytes: 45017209344
write_bytes: 150561398784
cancelled_write_bytes: 1159168

[2018-12-02T03:29:17-08:00]
rchar: 330621053599
wchar: 150686563983
syscr: 40043367
syscw: 4314905
read_bytes: 45055420928
write_bytes: 150900355072
cancelled_write_bytes: 1167360

[2018-12-02T03:29:20-08:00]
rchar: 331931062933
wchar: 151100021709
syscr: 40202125
syscw: 4338187
read_bytes: 45181696512
write_bytes: 151314305024
cancelled_write_bytes: 1179648

[2018-12-02T03:29:23-08:00]
rchar: 332604653858
wchar: 151500698857
syscr: 40283765
syscw: 4345212
read_bytes: 45209655808
write_bytes: 151715565568
cancelled_write_bytes: 1179648

[2018-12-02T03:29:26-08:00]
rchar: 333138151180
wchar: 151817942507
syscr: 40348424
syscw: 4350914
read_bytes: 45230979584
write_bytes: 152033284096
cancelled_write_bytes: 1183744

[2018-12-02T03:29:29-08:00]
rchar: 333644091069
wchar: 152139077379
syscr: 40409732
syscw: 4355869
read_bytes: 45249042944
write_bytes: 152354885632
cancelled_write_bytes: 1183744

[2018-12-02T03:29:32-08:00]
rchar: 334196845456
wchar: 152495266984
syscr: 40476727
syscw: 4361334
read_bytes: 45268666880
write_bytes: 152711610368
cancelled_write_bytes: 1191936

[2018-12-02T03:29:35-08:00]
rchar: 334496301700
wchar: 152615572619
syscr: 40513030
syscw: 4366149
read_bytes: 45287766528
write_bytes: 152832086016
cancelled_write_bytes: 1191936

[2018-12-02T03:29:38-08:00]
rchar: 334906957971
wchar: 152901648457
syscr: 40562738
syscw: 4372335
read_bytes: 45314927104
write_bytes: 153118625792
cancelled_write_bytes: 1208320

[2018-12-02T03:29:41-08:00]
rchar: 336794032686
wchar: 153359199444
syscr: 40791509
syscw: 4395513
read_bytes: 45447944704
write_bytes: 153576693760
cancelled_write_bytes: 1208320

[2018-12-02T03:29:44-08:00]
rchar: 338146660895
wchar: 153683087796
syscr: 40955432
syscw: 4414033
read_bytes: 45569731072
write_bytes: 153900982272
cancelled_write_bytes: 1216512

[2018-12-02T03:29:47-08:00]
rchar: 341267176078
wchar: 153999831723
syscr: 41333779
syscw: 4447388
read_bytes: 45809433088
write_bytes: 154217893888
cancelled_write_bytes: 1216512

[2018-12-02T03:29:50-08:00]
rchar: 341824592208
wchar: 154483931618
syscr: 41401313
syscw: 4451309
read_bytes: 45834627584
write_bytes: 154702778368
cancelled_write_bytes: 1224704

[2018-12-02T03:29:53-08:00]
rchar: 342250119408
wchar: 154821886411
syscr: 41452756
syscw: 4452679
read_bytes: 45854325248
write_bytes: 155041296384
cancelled_write_bytes: 1224704

[2018-12-02T03:29:56-08:00]
rchar: 342812230533
wchar: 155256834044
syscr: 41520757
syscw: 4454580
read_bytes: 45882231296
write_bytes: 155476951040
cancelled_write_bytes: 1224704

[2018-12-02T03:29:59-08:00]
rchar: 343164581696
wchar: 155506757398
syscr: 41563349
syscw: 4456151
read_bytes: 45901781504
write_bytes: 155727306752
cancelled_write_bytes: 1224704

[2018-12-02T03:30:02-08:00]
rchar: 343764094793
wchar: 155890730830
syscr: 41635977
syscw: 4462957
read_bytes: 46012725760
write_bytes: 156111798272
cancelled_write_bytes: 1224704

[2018-12-02T03:30:05-08:00]
rchar: 344834721883
wchar: 156461430576
syscr: 41765806
syscw: 4482294
read_bytes: 46335257088
write_bytes: 156683198464
cancelled_write_bytes: 1224704

[2018-12-02T03:30:08-08:00]
rchar: 345574306765
wchar: 156860675677
syscr: 41855483
syscw: 4495186
read_bytes: 46539606528
write_bytes: 157082959872
cancelled_write_bytes: 1224704

[2018-12-02T03:30:11-08:00]
rchar: 346243051980
wchar: 157198375753
syscr: 41936474
syscw: 4507712
read_bytes: 46729665024
write_bytes: 157421142016
cancelled_write_bytes: 1224704

[2018-12-02T03:30:14-08:00]
rchar: 346453744022
wchar: 157467489509
syscr: 41961949
syscw: 4511387
read_bytes: 46781454848
write_bytes: 157690687488
cancelled_write_bytes: 1232896

[2018-12-02T03:30:17-08:00]
rchar: 347441342697
wchar: 157900921717
syscr: 42081668
syscw: 4525350
read_bytes: 46991968768
write_bytes: 158124687360
cancelled_write_bytes: 1232896

[2018-12-02T03:30:20-08:00]
rchar: 348191052787
wchar: 158247166395
syscr: 42172563
syscw: 4535792
read_bytes: 47142111744
write_bytes: 158471331840
cancelled_write_bytes: 1232896

[2018-12-02T03:30:23-08:00]
rchar: 349321697417
wchar: 158706062924
syscr: 42309630
syscw: 4553047
read_bytes: 47399610880
write_bytes: 158930841600
cancelled_write_bytes: 1232896

[2018-12-02T03:30:26-08:00]
rchar: 350272734572
wchar: 159113114060
syscr: 42424902
syscw: 4567386
read_bytes: 47610247680
write_bytes: 159338414080
cancelled_write_bytes: 1232896

[2018-12-02T03:30:29-08:00]
rchar: 350432630934
wchar: 159335985431
syscr: 42444271
syscw: 4570216
read_bytes: 47645485568
write_bytes: 159561666560
cancelled_write_bytes: 1232896

[2018-12-02T03:30:32-08:00]
rchar: 351149491614
wchar: 159914486973
syscr: 42531070
syscw: 4573228
read_bytes: 47678880256
write_bytes: 160141025280
cancelled_write_bytes: 1241088

[2018-12-02T03:30:35-08:00]
rchar: 351531425913
wchar: 160207426759
syscr: 42577367
syscw: 4575058
read_bytes: 47697238528
write_bytes: 160434397184
cancelled_write_bytes: 1241088

[2018-12-02T03:30:38-08:00]
rchar: 352024147402
wchar: 160604457801
syscr: 42637061
syscw: 4577071
read_bytes: 47720499712
write_bytes: 160832028672
cancelled_write_bytes: 1241088

[2018-12-02T03:30:41-08:00]
rchar: 352450691122
wchar: 160930977347
syscr: 42688758
syscw: 4579205
read_bytes: 47746746880
write_bytes: 161159053312
cancelled_write_bytes: 1241088

[2018-12-02T03:30:44-08:00]
rchar: 352819180792
wchar: 161203613661
syscr: 42733402
syscw: 4581266
read_bytes: 47773084160
write_bytes: 161432113152
cancelled_write_bytes: 1241088

[2018-12-02T03:30:47-08:00]
rchar: 353894965492
wchar: 161646793178
syscr: 42863830
syscw: 4594375
read_bytes: 47965235712
write_bytes: 161876164608
cancelled_write_bytes: 1241088

[2018-12-02T03:30:50-08:00]
rchar: 354841574231
wchar: 161992631427
syscr: 42978598
syscw: 4607029
read_bytes: 48143387136
write_bytes: 162222170112
cancelled_write_bytes: 1241088

[2018-12-02T03:30:53-08:00]
rchar: 355636579834
wchar: 162363836676
syscr: 43074931
syscw: 4616017
read_bytes: 48257432064
write_bytes: 162593914880
cancelled_write_bytes: 1241088

[2018-12-02T03:30:56-08:00]
rchar: 356147020349
wchar: 162667259751
syscr: 43136780
syscw: 4620720
read_bytes: 48311474688
write_bytes: 162897797120
cancelled_write_bytes: 1241088

[2018-12-02T03:30:59-08:00]
rchar: 356623285522
wchar: 163008967906
syscr: 43194510
syscw: 4623846
read_bytes: 48344259072
write_bytes: 163240034304
cancelled_write_bytes: 1241088

[2018-12-02T03:31:02-08:00]
rchar: 357064455142
wchar: 163358296364
syscr: 43247989
syscw: 4626060
read_bytes: 48364546560
write_bytes: 163589853184
cancelled_write_bytes: 1241088

[2018-12-02T03:31:05-08:00]
rchar: 357469676665
wchar: 163692949110
syscr: 43297001
syscw: 4627639
read_bytes: 48382159360
write_bytes: 163925041152
cancelled_write_bytes: 1241088

[2018-12-02T03:31:08-08:00]
rchar: 358057297590
wchar: 164166405595
syscr: 43368106
syscw: 4630001
read_bytes: 48409467392
write_bytes: 164399312896
cancelled_write_bytes: 1241088

[2018-12-02T03:31:11-08:00]
rchar: 358449891025
wchar: 164448258128
syscr: 43415551
syscw: 4633220
read_bytes: 48449645056
write_bytes: 164681625600
cancelled_write_bytes: 1241088

[2018-12-02T03:31:14-08:00]
rchar: 358671836472
wchar: 164700702364
syscr: 43442373
syscw: 4637148
read_bytes: 48500926976
write_bytes: 164934492160
cancelled_write_bytes: 1249280

[2018-12-02T03:31:17-08:00]
rchar: 359568261147
wchar: 165058213157
syscr: 43551052
syscw: 4650648
read_bytes: 48689187328
write_bytes: 165292449792
cancelled_write_bytes: 1249280

[2018-12-02T03:31:20-08:00]
rchar: 360351958062
wchar: 165382382572
syscr: 43646044
syscw: 4662385
read_bytes: 48857930240
write_bytes: 165617057792
cancelled_write_bytes: 1249280

[2018-12-02T03:31:23-08:00]
rchar: 361263090798
wchar: 165858216964
syscr: 43756488
syscw: 4673602
read_bytes: 49004759552
write_bytes: 166093537280
cancelled_write_bytes: 1249280

[2018-12-02T03:31:26-08:00]
rchar: 362102387189
wchar: 166209568586
syscr: 43858223
syscw: 4686691
read_bytes: 49180830208
write_bytes: 166446010368
cancelled_write_bytes: 1249280

[2018-12-02T03:31:29-08:00]
rchar: 362575491548
wchar: 166535592065
syscr: 43915573
syscw: 4694231
read_bytes: 49283873280
write_bytes: 166771843072
cancelled_write_bytes: 1249280

[2018-12-02T03:31:32-08:00]
rchar: 362819459395
wchar: 166746236016
syscr: 43945084
syscw: 4696034
read_bytes: 49305516544
write_bytes: 166982856704
cancelled_write_bytes: 1257472

[2018-12-02T03:31:35-08:00]
rchar: 363273345594
wchar: 167105913285
syscr: 44000071
syscw: 4698029
read_bytes: 49326086656
write_bytes: 167343067136
cancelled_write_bytes: 1257472

[2018-12-02T03:31:38-08:00]
rchar: 363808550993
wchar: 167524155117
syscr: 44064920
syscw: 4700725
read_bytes: 49351100928
write_bytes: 167761948672
cancelled_write_bytes: 1257472

[2018-12-02T03:31:41-08:00]
rchar: 364398243559
wchar: 167942982682
syscr: 44136373
syscw: 4704523
read_bytes: 49393240576
write_bytes: 168182214656
cancelled_write_bytes: 1257472

[2018-12-02T03:31:44-08:00]
rchar: 365053881158
wchar: 168455457941
syscr: 44215850
syscw: 4707661
read_bytes: 49426778624
write_bytes: 168694681600
cancelled_write_bytes: 1257472

[2018-12-02T03:31:47-08:00]
rchar: 365469939962
wchar: 168783806457
syscr: 44266137
syscw: 4709682
read_bytes: 49446926848
write_bytes: 169023578112
cancelled_write_bytes: 1257472

[2018-12-02T03:31:50-08:00]
rchar: 366107616556
wchar: 169291322761
syscr: 44343265
syscw: 4712437
read_bytes: 49477794304
write_bytes: 169531936768
cancelled_write_bytes: 1257472

[2018-12-02T03:31:53-08:00]
rchar: 366866444380
wchar: 169737829951
syscr: 44435148
syscw: 4719145
read_bytes: 49576786432
write_bytes: 169979113472
cancelled_write_bytes: 1257472

[2018-12-02T03:31:56-08:00]
rchar: 367207226909
wchar: 170003702087
syscr: 44476441
syscw: 4721828
read_bytes: 49615546880
write_bytes: 170246123520
cancelled_write_bytes: 1257472

[2018-12-02T03:31:59-08:00]
rchar: 367573792882
wchar: 170262502628
syscr: 44520867
syscw: 4725677
read_bytes: 49674349056
write_bytes: 170504585216
cancelled_write_bytes: 1257472

[2018-12-02T03:32:02-08:00]
rchar: 368133991578
wchar: 170667861095
syscr: 44588753
syscw: 4731285
read_bytes: 49774569984
write_bytes: 170910531584
cancelled_write_bytes: 1257472

[2018-12-02T03:32:05-08:00]
rchar: 368674082045
wchar: 171057598636
syscr: 44654193
syscw: 4737284
read_bytes: 49889217024
write_bytes: 171300864000
cancelled_write_bytes: 1257472

[2018-12-02T03:32:08-08:00]
rchar: 369045662309
wchar: 171325103458
syscr: 44699204
syscw: 4741460
read_bytes: 49968577024
write_bytes: 171568799744
cancelled_write_bytes: 1257472

[2018-12-02T03:32:11-08:00]
rchar: 369477780917
wchar: 171626612379
syscr: 44751570
syscw: 4746518
read_bytes: 50054773248
write_bytes: 171870744576
cancelled_write_bytes: 1257472

[2018-12-02T03:32:14-08:00]
rchar: 370085447773
wchar: 171955396970
syscr: 44825252
syscw: 4757779
read_bytes: 50244893184
write_bytes: 172199956480
cancelled_write_bytes: 1257472

[2018-12-02T03:32:17-08:00]
rchar: 370190838191
wchar: 172169988084
syscr: 44837951
syscw: 4759918
read_bytes: 50275600896
write_bytes: 172414926848
cancelled_write_bytes: 1265664

[2018-12-02T03:32:20-08:00]
rchar: 370918515739
wchar: 172494727375
syscr: 44926143
syscw: 4771002
read_bytes: 50437425664
write_bytes: 172740669440
cancelled_write_bytes: 1265664

[2018-12-02T03:32:23-08:00]
rchar: 371818430059
wchar: 172848226587
syscr: 45035235
syscw: 4786522
read_bytes: 50650769920
write_bytes: 173094080512
cancelled_write_bytes: 1265664

[2018-12-02T03:32:26-08:00]
rchar: 373086101574
wchar: 173319598931
syscr: 45188911
syscw: 4808433
read_bytes: 50940627456
write_bytes: 173566013440
cancelled_write_bytes: 1265664

[2018-12-02T03:32:29-08:00]
rchar: 373591252868
wchar: 173510797860
syscr: 45250161
syscw: 4817375
read_bytes: 51059382784
write_bytes: 173757444096
cancelled_write_bytes: 1265664

[2018-12-02T03:32:32-08:00]
rchar: 373845827241
wchar: 173753733666
syscr: 45280947
syscw: 4821545
read_bytes: 51109558784
write_bytes: 174000766976
cancelled_write_bytes: 1273856

[2018-12-02T03:32:35-08:00]
rchar: 375099993686
wchar: 174151887442
syscr: 45432978
syscw: 4839599
read_bytes: 51345222144
write_bytes: 174399442944
cancelled_write_bytes: 1273856

[2018-12-02T03:32:38-08:00]
rchar: 376263860438
wchar: 174462391159
syscr: 45574082
syscw: 4857423
read_bytes: 51532892672
write_bytes: 174711681024
cancelled_write_bytes: 1273856

[2018-12-02T03:32:41-08:00]
rchar: 377352778522
wchar: 174785298979
syscr: 45706093
syscw: 4873745
read_bytes: 51666176512
write_bytes: 175033655296
cancelled_write_bytes: 1273856

[2018-12-02T03:32:44-08:00]
rchar: 380250597333
wchar: 175118628258
syscr: 46057345
syscw: 4906276
read_bytes: 51901274624
write_bytes: 175367258112
cancelled_write_bytes: 1282048

[2018-12-02T03:32:47-08:00]
rchar: 380939709807
wchar: 175389095157
syscr: 46140904
syscw: 4914151
read_bytes: 51946600960
write_bytes: 175638114304
cancelled_write_bytes: 1282048

[2018-12-02T03:32:50-08:00]
rchar: 381518059361
wchar: 175825618587
syscr: 46210954
syscw: 4916378
read_bytes: 51955513856
write_bytes: 176075313152
cancelled_write_bytes: 1290240

[2018-12-02T03:32:53-08:00]
rchar: 382128834822
wchar: 176305039659
syscr: 46284960
syscw: 4918424
read_bytes: 51965508096
write_bytes: 176555536384
cancelled_write_bytes: 1290240

[2018-12-02T03:32:56-08:00]
rchar: 382568040674
wchar: 176646922410
syscr: 46338208
syscw: 4920021
read_bytes: 51972979200
write_bytes: 176897953792
cancelled_write_bytes: 1290240

[2018-12-02T03:32:59-08:00]
rchar: 382905813716
wchar: 176914796194
syscr: 46379118
syscw: 4921123
read_bytes: 51977161216
write_bytes: 177166266368
cancelled_write_bytes: 1290240

[2018-12-02T03:33:02-08:00]
rchar: 383330037074
wchar: 177274011657
syscr: 46430535
syscw: 4922270
read_bytes: 51981924864
write_bytes: 177526054912
cancelled_write_bytes: 1290240

[2018-12-02T03:33:05-08:00]
rchar: 383673490264
wchar: 177574497314
syscr: 46471850
syscw: 4923106
read_bytes: 51986131456
write_bytes: 177827020800
cancelled_write_bytes: 1290240

[2018-12-02T03:33:08-08:00]
rchar: 384172334068
wchar: 178020548838
syscr: 46532283
syscw: 4924650
read_bytes: 51993709056
write_bytes: 178273775616
cancelled_write_bytes: 1290240

[2018-12-02T03:33:11-08:00]
rchar: 384475578462
wchar: 178298880772
syscr: 46569018
syscw: 4925327
read_bytes: 51998202368
write_bytes: 178552553472
cancelled_write_bytes: 1290240

[2018-12-02T03:33:14-08:00]
rchar: 384733442383
wchar: 178525271382
syscr: 46600249
syscw: 4926587
read_bytes: 52009142784
write_bytes: 178779340800
cancelled_write_bytes: 1290240

