[2018-12-15T02:11:22-08:00]
rchar: 108745663
wchar: 8745865
syscr: 6864
syscw: 1338
read_bytes: 181941248
write_bytes: 8790016
cancelled_write_bytes: 0

[2018-12-15T02:11:25-08:00]
rchar: 1119177685
wchar: 597802512
syscr: 118114
syscw: 48561
read_bytes: 1472885760
write_bytes: 598372352
cancelled_write_bytes: 0

[2018-12-15T02:11:28-08:00]
rchar: 2757636601
wchar: 1618329697
syscr: 316403
syscw: 88075
read_bytes: 2480264192
write_bytes: 1620307968
cancelled_write_bytes: 8192

[2018-12-15T02:11:31-08:00]
rchar: 4941026755
wchar: 2240016094
syscr: 581042
syscw: 127034
read_bytes: 3324556288
write_bytes: 2242633728
cancelled_write_bytes: 28672

[2018-12-15T02:11:34-08:00]
rchar: 6055247370
wchar: 3026323645
syscr: 715858
syscw: 141726
read_bytes: 3516377088
write_bytes: 3030188032
cancelled_write_bytes: 36864

[2018-12-15T02:11:37-08:00]
rchar: 7532634064
wchar: 3672630558
syscr: 894837
syscw: 174321
read_bytes: 4182026240
write_bytes: 3677270016
cancelled_write_bytes: 77824

[2018-12-15T02:11:40-08:00]
rchar: 9373844665
wchar: 4274404280
syscr: 1117974
syscw: 210673
read_bytes: 4987058176
write_bytes: 4279697408
cancelled_write_bytes: 90112

[2018-12-15T02:11:43-08:00]
rchar: 11327017468
wchar: 4802338637
syscr: 1354698
syscw: 244043
read_bytes: 5643175936
write_bytes: 4808241152
cancelled_write_bytes: 98304

[2018-12-15T02:11:46-08:00]
rchar: 13699471438
wchar: 5582532464
syscr: 1642255
syscw: 276982
read_bytes: 6245595136
write_bytes: 5589442560
cancelled_write_bytes: 106496

[2018-12-15T02:11:49-08:00]
rchar: 14614651862
wchar: 6233660554
syscr: 1752890
syscw: 282089
read_bytes: 6292142080
write_bytes: 6241665024
cancelled_write_bytes: 106496

[2018-12-15T02:11:52-08:00]
rchar: 16073857928
wchar: 6968138787
syscr: 1929680
syscw: 314771
read_bytes: 6793185280
write_bytes: 6977085440
cancelled_write_bytes: 155648

[2018-12-15T02:11:55-08:00]
rchar: 18071274854
wchar: 7561299540
syscr: 2171764
syscw: 353537
read_bytes: 7519963136
write_bytes: 7570886656
cancelled_write_bytes: 176128

[2018-12-15T02:11:58-08:00]
rchar: 21111944710
wchar: 8134708079
syscr: 2540336
syscw: 398753
read_bytes: 8337778688
write_bytes: 8144826368
cancelled_write_bytes: 192512

[2018-12-15T02:12:01-08:00]
rchar: 22740775188
wchar: 9001048018
syscr: 2737499
syscw: 413674
read_bytes: 8543717376
write_bytes: 9012514816
cancelled_write_bytes: 204800

[2018-12-15T02:12:04-08:00]
rchar: 24180915379
wchar: 9726012464
syscr: 2911847
syscw: 433144
read_bytes: 8870053888
write_bytes: 9738555392
cancelled_write_bytes: 208896

[2018-12-15T02:12:07-08:00]
rchar: 26221411094
wchar: 10337191441
syscr: 3159166
syscw: 475867
read_bytes: 9588905984
write_bytes: 10350370816
cancelled_write_bytes: 274432

[2018-12-15T02:12:10-08:00]
rchar: 28922184584
wchar: 10959207718
syscr: 3486533
syscw: 516380
read_bytes: 10269087744
write_bytes: 10973048832
cancelled_write_bytes: 282624

[2018-12-15T02:12:13-08:00]
rchar: 32486961053
wchar: 11607606771
syscr: 3918662
syscw: 561283
read_bytes: 10979620864
write_bytes: 11622141952
cancelled_write_bytes: 294912

[2018-12-15T02:12:16-08:00]
rchar: 33997250466
wchar: 12510892375
syscr: 4101690
syscw: 575534
read_bytes: 11175200768
write_bytes: 12526878720
cancelled_write_bytes: 307200

[2018-12-15T02:12:19-08:00]
rchar: 35189643374
wchar: 13099272689
syscr: 4245905
syscw: 594052
read_bytes: 11643496448
write_bytes: 13116092416
cancelled_write_bytes: 307200

[2018-12-15T02:12:22-08:00]
rchar: 36590381510
wchar: 13764471736
syscr: 4415731
syscw: 618232
read_bytes: 12188129280
write_bytes: 13782171648
cancelled_write_bytes: 307200

[2018-12-15T02:12:25-08:00]
rchar: 37473271524
wchar: 14264204463
syscr: 4522666
syscw: 635197
read_bytes: 12491708416
write_bytes: 14282625024
cancelled_write_bytes: 315392

[2018-12-15T02:12:28-08:00]
rchar: 39627070676
wchar: 14945005745
syscr: 4783750
syscw: 666689
read_bytes: 13072525312
write_bytes: 14964228096
cancelled_write_bytes: 315392

[2018-12-15T02:12:31-08:00]
rchar: 41345856405
wchar: 15748879738
syscr: 4992041
syscw: 690076
read_bytes: 13408249856
write_bytes: 15769190400
cancelled_write_bytes: 323584

[2018-12-15T02:12:34-08:00]
rchar: 43811981569
wchar: 16492297170
syscr: 5290955
syscw: 720111
read_bytes: 14081431552
write_bytes: 16513544192
cancelled_write_bytes: 323584

[2018-12-15T02:12:37-08:00]
rchar: 45279438251
wchar: 17349852586
syscr: 5468798
syscw: 735231
read_bytes: 14308472832
write_bytes: 17372381184
cancelled_write_bytes: 335872

[2018-12-15T02:12:40-08:00]
rchar: 46414850079
wchar: 18213762059
syscr: 5606075
syscw: 739541
read_bytes: 14429042688
write_bytes: 18237714432
cancelled_write_bytes: 335872

[2018-12-15T02:12:43-08:00]
rchar: 47502254639
wchar: 18938102907
syscr: 5737646
syscw: 745695
read_bytes: 14623127552
write_bytes: 18963210240
cancelled_write_bytes: 335872

[2018-12-15T02:12:46-08:00]
rchar: 48752337766
wchar: 19739009233
syscr: 5889128
syscw: 765632
read_bytes: 15159900160
write_bytes: 19765182464
cancelled_write_bytes: 335872

[2018-12-15T02:12:49-08:00]
rchar: 49801408793
wchar: 20358309463
syscr: 6016246
syscw: 785192
read_bytes: 15707232256
write_bytes: 20385325056
cancelled_write_bytes: 335872

[2018-12-15T02:12:52-08:00]
rchar: 50632679680
wchar: 20987221386
syscr: 6116909
syscw: 800687
read_bytes: 16118532096
write_bytes: 21015154688
cancelled_write_bytes: 344064

[2018-12-15T02:12:55-08:00]
rchar: 52185118246
wchar: 21736456635
syscr: 6305067
syscw: 825059
read_bytes: 16700909568
write_bytes: 21765386240
cancelled_write_bytes: 344064

[2018-12-15T02:12:58-08:00]
rchar: 53795475059
wchar: 22422444808
syscr: 6500262
syscw: 852833
read_bytes: 17294624768
write_bytes: 22452215808
cancelled_write_bytes: 344064

[2018-12-15T02:13:01-08:00]
rchar: 54833013193
wchar: 23352726491
syscr: 6625954
syscw: 861367
read_bytes: 17496549376
write_bytes: 23383871488
cancelled_write_bytes: 352256

[2018-12-15T02:13:04-08:00]
rchar: 56486464399
wchar: 24735000657
syscr: 6826249
syscw: 868050
read_bytes: 17602955264
write_bytes: 24768221184
cancelled_write_bytes: 352256

[2018-12-15T02:13:07-08:00]
rchar: 57831151946
wchar: 25777866999
syscr: 6989146
syscw: 875687
read_bytes: 17755006976
write_bytes: 25812680704
cancelled_write_bytes: 352256

[2018-12-15T02:13:10-08:00]
rchar: 60099243858
wchar: 26924887406
syscr: 7264005
syscw: 903449
read_bytes: 18291103744
write_bytes: 26961317888
cancelled_write_bytes: 352256

[2018-12-15T02:13:13-08:00]
rchar: 61454806598
wchar: 27573184300
syscr: 7428255
syscw: 925259
read_bytes: 18658326528
write_bytes: 27610525696
cancelled_write_bytes: 360448

[2018-12-15T02:13:16-08:00]
rchar: 64308317418
wchar: 28449340359
syscr: 7774138
syscw: 960993
read_bytes: 19246483456
write_bytes: 28487802880
cancelled_write_bytes: 360448

[2018-12-15T02:13:19-08:00]
rchar: 66209497769
wchar: 29444903750
syscr: 8004530
syscw: 981431
read_bytes: 19498616832
write_bytes: 29485154304
cancelled_write_bytes: 368640

[2018-12-15T02:13:22-08:00]
rchar: 67436416892
wchar: 30011030180
syscr: 8152949
syscw: 997918
read_bytes: 19766110208
write_bytes: 30052659200
cancelled_write_bytes: 368640

[2018-12-15T02:13:25-08:00]
rchar: 69361626039
wchar: 30739202833
syscr: 8386262
syscw: 1032964
read_bytes: 20218091520
write_bytes: 30781181952
cancelled_write_bytes: 376832

[2018-12-15T02:13:28-08:00]
rchar: 72314163210
wchar: 31299318244
syscr: 8744175
syscw: 1076689
read_bytes: 20690229248
write_bytes: 31341617152
cancelled_write_bytes: 385024

[2018-12-15T02:13:31-08:00]
rchar: 75476135252
wchar: 32252096068
syscr: 9127372
syscw: 1111672
read_bytes: 21100492800
write_bytes: 32296017920
cancelled_write_bytes: 401408

[2018-12-15T02:13:34-08:00]
rchar: 77249177607
wchar: 33374864589
syscr: 9341985
syscw: 1122675
read_bytes: 21369022464
write_bytes: 33420140544
cancelled_write_bytes: 405504

[2018-12-15T02:13:37-08:00]
rchar: 78595415014
wchar: 34123432903
syscr: 9504982
syscw: 1138527
read_bytes: 21710665728
write_bytes: 34169819136
cancelled_write_bytes: 405504

[2018-12-15T02:13:40-08:00]
rchar: 79612731282
wchar: 34680473979
syscr: 9628281
syscw: 1158032
read_bytes: 22136354816
write_bytes: 34727563264
cancelled_write_bytes: 405504

[2018-12-15T02:13:43-08:00]
rchar: 80907045229
wchar: 35483553774
syscr: 9785053
syscw: 1177480
read_bytes: 22545135616
write_bytes: 35531808768
cancelled_write_bytes: 413696

[2018-12-15T02:13:46-08:00]
rchar: 82495623160
wchar: 36139772153
syscr: 9977643
syscw: 1203865
read_bytes: 23052941312
write_bytes: 36190380032
cancelled_write_bytes: 413696

[2018-12-15T02:13:49-08:00]
rchar: 83407765707
wchar: 36658581593
syscr: 10088143
syscw: 1216049
read_bytes: 23307773952
write_bytes: 36709040128
cancelled_write_bytes: 413696

[2018-12-15T02:13:52-08:00]
rchar: 84317843056
wchar: 37546948126
syscr: 10197145
syscw: 1220980
read_bytes: 23413921792
write_bytes: 37598093312
cancelled_write_bytes: 421888

[2018-12-15T02:13:55-08:00]
rchar: 84971389456
wchar: 38094262745
syscr: 10276318
syscw: 1223554
read_bytes: 23441786880
write_bytes: 38146252800
cancelled_write_bytes: 421888

[2018-12-15T02:13:58-08:00]
rchar: 85968455706
wchar: 38966883884
syscr: 10397098
syscw: 1226468
read_bytes: 23480612864
write_bytes: 39020195840
cancelled_write_bytes: 421888

[2018-12-15T02:14:01-08:00]
rchar: 87016963474
wchar: 39814894328
syscr: 10524119
syscw: 1231386
read_bytes: 23537145856
write_bytes: 39869534208
cancelled_write_bytes: 421888

[2018-12-15T02:14:04-08:00]
rchar: 88295015295
wchar: 40576555153
syscr: 10678967
syscw: 1244306
read_bytes: 23729620992
write_bytes: 40632360960
cancelled_write_bytes: 421888

[2018-12-15T02:14:07-08:00]
rchar: 90434392675
wchar: 41207196041
syscr: 10938280
syscw: 1277881
read_bytes: 24185575424
write_bytes: 41263759360
cancelled_write_bytes: 421888

[2018-12-15T02:14:10-08:00]
rchar: 93313800978
wchar: 41951462536
syscr: 11287270
syscw: 1315477
read_bytes: 24642590720
write_bytes: 42008940544
cancelled_write_bytes: 430080

[2018-12-15T02:14:13-08:00]
rchar: 95631185848
wchar: 42907242289
syscr: 11568165
syscw: 1344485
read_bytes: 24886499328
write_bytes: 42966028288
cancelled_write_bytes: 438272

[2018-12-15T02:14:16-08:00]
rchar: 96277393104
wchar: 43359958160
syscr: 11646289
syscw: 1347627
read_bytes: 24931067904
write_bytes: 43419508736
cancelled_write_bytes: 438272

[2018-12-15T02:14:19-08:00]
rchar: 97540977805
wchar: 44167415854
syscr: 11799254
syscw: 1355072
read_bytes: 25019590656
write_bytes: 44228227072
cancelled_write_bytes: 438272

[2018-12-15T02:14:22-08:00]
rchar: 98878803940
wchar: 44940188335
syscr: 11961271
syscw: 1372282
read_bytes: 25257228288
write_bytes: 45003046912
cancelled_write_bytes: 438272

[2018-12-15T02:14:25-08:00]
rchar: 99694765931
wchar: 45451182292
syscr: 12060184
syscw: 1385879
read_bytes: 25447704576
write_bytes: 45513756672
cancelled_write_bytes: 438272

[2018-12-15T02:14:28-08:00]
rchar: 101238829351
wchar: 46252861819
syscr: 12247255
syscw: 1414481
read_bytes: 25857927168
write_bytes: 46316523520
cancelled_write_bytes: 446464

[2018-12-15T02:14:31-08:00]
rchar: 102850631796
wchar: 46922984392
syscr: 12442626
syscw: 1440215
read_bytes: 26276231168
write_bytes: 46987513856
cancelled_write_bytes: 446464

[2018-12-15T02:14:34-08:00]
rchar: 104413964002
wchar: 47636560911
syscr: 12632018
syscw: 1462000
read_bytes: 26555332608
write_bytes: 47702110208
cancelled_write_bytes: 454656

[2018-12-15T02:14:37-08:00]
rchar: 106691067293
wchar: 48265343869
syscr: 12908073
syscw: 1495570
read_bytes: 26883835904
write_bytes: 48331677696
cancelled_write_bytes: 454656

[2018-12-15T02:14:40-08:00]
rchar: 110721664238
wchar: 49070467401
syscr: 13396650
syscw: 1540976
read_bytes: 27369773056
write_bytes: 49137688576
cancelled_write_bytes: 462848

[2018-12-15T02:14:43-08:00]
rchar: 112318599850
wchar: 50438285783
syscr: 13590174
syscw: 1544932
read_bytes: 27382528000
write_bytes: 50507714560
cancelled_write_bytes: 471040

[2018-12-15T02:14:46-08:00]
rchar: 113441338261
wchar: 51383280885
syscr: 13725885
syscw: 1548869
read_bytes: 27406510080
write_bytes: 51454144512
cancelled_write_bytes: 471040

[2018-12-15T02:14:49-08:00]
rchar: 114514211611
wchar: 52318633446
syscr: 13855848
syscw: 1553345
read_bytes: 27438221312
write_bytes: 52390891520
cancelled_write_bytes: 471040

[2018-12-15T02:14:52-08:00]
rchar: 116945157551
wchar: 53458039971
syscr: 14150442
syscw: 1588805
read_bytes: 27782903808
write_bytes: 53531844608
cancelled_write_bytes: 471040

[2018-12-15T02:14:55-08:00]
rchar: 118936240438
wchar: 54245078742
syscr: 14391714
syscw: 1621975
read_bytes: 28058925056
write_bytes: 54319927296
cancelled_write_bytes: 479232

[2018-12-15T02:14:58-08:00]
rchar: 122869975976
wchar: 55072363280
syscr: 14868559
syscw: 1675872
read_bytes: 28476078080
write_bytes: 55148093440
cancelled_write_bytes: 487424

[2018-12-15T02:15:01-08:00]
rchar: 124398793397
wchar: 55816672407
syscr: 15053836
syscw: 1692237
read_bytes: 28585306112
write_bytes: 55893499904
cancelled_write_bytes: 495616

[2018-12-15T02:15:04-08:00]
rchar: 125896115504
wchar: 56861424687
syscr: 15235041
syscw: 1699818
read_bytes: 28648552448
write_bytes: 56939884544
cancelled_write_bytes: 495616

[2018-12-15T02:15:07-08:00]
rchar: 127808546430
wchar: 57867681166
syscr: 15466567
syscw: 1714556
read_bytes: 28765644800
write_bytes: 57947680768
cancelled_write_bytes: 495616

[2018-12-15T02:15:10-08:00]
rchar: 129603749838
wchar: 58689750908
syscr: 15684068
syscw: 1749047
read_bytes: 29178529792
write_bytes: 58770825216
cancelled_write_bytes: 503808

[2018-12-15T02:15:13-08:00]
rchar: 132665316931
wchar: 59786419887
syscr: 16055187
syscw: 1803902
read_bytes: 29641041920
write_bytes: 59868803072
cancelled_write_bytes: 503808

[2018-12-15T02:15:16-08:00]
rchar: 135295904979
wchar: 60495882123
syscr: 16374012
syscw: 1846420
read_bytes: 29950511104
write_bytes: 60579131392
cancelled_write_bytes: 512000

[2018-12-15T02:15:19-08:00]
rchar: 138436731368
wchar: 61062092937
syscr: 16754732
syscw: 1891160
read_bytes: 30228080640
write_bytes: 61145931776
cancelled_write_bytes: 520192

[2018-12-15T02:15:22-08:00]
rchar: 140369788692
wchar: 62671402171
syscr: 16989045
syscw: 1899640
read_bytes: 30262073344
write_bytes: 62757801984
cancelled_write_bytes: 528384

[2018-12-15T02:15:25-08:00]
rchar: 140785956557
wchar: 63049874426
syscr: 17039437
syscw: 1900316
read_bytes: 30262994944
write_bytes: 63136870400
cancelled_write_bytes: 528384

[2018-12-15T02:15:28-08:00]
rchar: 141457304507
wchar: 63656875478
syscr: 17120731
syscw: 1901497
read_bytes: 30264948736
write_bytes: 63744806912
cancelled_write_bytes: 528384

[2018-12-15T02:15:31-08:00]
rchar: 142437982619
wchar: 64465029807
syscr: 17239261
syscw: 1905938
read_bytes: 30275663872
write_bytes: 64554242048
cancelled_write_bytes: 528384

[2018-12-15T02:15:34-08:00]
rchar: 143349398026
wchar: 65210284842
syscr: 17349626
syscw: 1910940
read_bytes: 30288291840
write_bytes: 65300647936
cancelled_write_bytes: 528384

[2018-12-15T02:15:37-08:00]
rchar: 144370763304
wchar: 65977565865
syscr: 17473366
syscw: 1919151
read_bytes: 30313424896
write_bytes: 66069123072
cancelled_write_bytes: 528384

[2018-12-15T02:15:40-08:00]
rchar: 147193027693
wchar: 66570151616
syscr: 17815474
syscw: 1961698
read_bytes: 30581721088
write_bytes: 66662285312
cancelled_write_bytes: 536576

[2018-12-15T02:15:43-08:00]
rchar: 150934325817
wchar: 67187505873
syscr: 18269016
syscw: 2009391
read_bytes: 30884005888
write_bytes: 67280216064
cancelled_write_bytes: 544768

[2018-12-15T02:15:46-08:00]
rchar: 152513369804
wchar: 68300982865
syscr: 18460268
syscw: 2020879
read_bytes: 30924261376
write_bytes: 68395401216
cancelled_write_bytes: 557056

[2018-12-15T02:15:49-08:00]
rchar: 153479363106
wchar: 68952724486
syscr: 18577129
syscw: 2026134
read_bytes: 30962960384
write_bytes: 69048700928
cancelled_write_bytes: 557056

[2018-12-15T02:15:52-08:00]
rchar: 154896140283
wchar: 69616422600
syscr: 18748649
syscw: 2040740
read_bytes: 31069984768
write_bytes: 69712912384
cancelled_write_bytes: 557056

[2018-12-15T02:15:55-08:00]
rchar: 156906973481
wchar: 70266680992
syscr: 18992431
syscw: 2079535
read_bytes: 31382546432
write_bytes: 70363885568
cancelled_write_bytes: 557056

[2018-12-15T02:15:58-08:00]
rchar: 157725835052
wchar: 70981750341
syscr: 19091642
syscw: 2083857
read_bytes: 31416039424
write_bytes: 71080038400
cancelled_write_bytes: 565248

[2018-12-15T02:16:01-08:00]
rchar: 158925703214
wchar: 71981511063
syscr: 19236959
syscw: 2088127
read_bytes: 31436482560
write_bytes: 72081399808
cancelled_write_bytes: 565248

[2018-12-15T02:16:04-08:00]
rchar: 160198107520
wchar: 72899113859
syscr: 19391130
syscw: 2096156
read_bytes: 31477906432
write_bytes: 73000386560
cancelled_write_bytes: 565248

[2018-12-15T02:16:07-08:00]
rchar: 161972140256
wchar: 73701890205
syscr: 19606091
syscw: 2118097
read_bytes: 31621037056
write_bytes: 73804320768
cancelled_write_bytes: 577536

[2018-12-15T02:16:10-08:00]
rchar: 163707212698
wchar: 74276742869
syscr: 19816349
syscw: 2143907
read_bytes: 31811431424
write_bytes: 74379997184
cancelled_write_bytes: 589824

[2018-12-15T02:16:13-08:00]
rchar: 167788365568
wchar: 75514916977
syscr: 20311052
syscw: 2188417
read_bytes: 32053570560
write_bytes: 75619827712
cancelled_write_bytes: 598016

[2018-12-15T02:16:16-08:00]
rchar: 168744669726
wchar: 76116032138
syscr: 20426816
syscw: 2194204
read_bytes: 32079223808
write_bytes: 76221865984
cancelled_write_bytes: 598016

[2018-12-15T02:16:19-08:00]
rchar: 170219722376
wchar: 76997591110
syscr: 20605328
syscw: 2204052
read_bytes: 32125725696
write_bytes: 77104824320
cancelled_write_bytes: 598016

[2018-12-15T02:16:22-08:00]
rchar: 171687873298
wchar: 77569954834
syscr: 20783191
syscw: 2230292
read_bytes: 32271109120
write_bytes: 77677936640
cancelled_write_bytes: 598016

[2018-12-15T02:16:25-08:00]
rchar: 174005731495
wchar: 78339052813
syscr: 21064116
syscw: 2275874
read_bytes: 32586583040
write_bytes: 78447935488
cancelled_write_bytes: 606208

[2018-12-15T02:16:28-08:00]
rchar: 177193165663
wchar: 79188816254
syscr: 21450466
syscw: 2327315
read_bytes: 32890375168
write_bytes: 79298703360
cancelled_write_bytes: 614400

[2018-12-15T02:16:31-08:00]
rchar: 180838127619
wchar: 79919512165
syscr: 21892310
syscw: 2374461
read_bytes: 33118067712
write_bytes: 80030285824
cancelled_write_bytes: 622592

[2018-12-15T02:16:34-08:00]
rchar: 182394200968
wchar: 81255562870
syscr: 22080916
syscw: 2378130
read_bytes: 33124641792
write_bytes: 81368457216
cancelled_write_bytes: 630784

[2018-12-15T02:16:37-08:00]
rchar: 182882392673
wchar: 81615336883
syscr: 22139988
syscw: 2380158
read_bytes: 33128074240
write_bytes: 81729884160
cancelled_write_bytes: 630784

[2018-12-15T02:16:40-08:00]
rchar: 183968925727
wchar: 82450834229
syscr: 22271323
syscw: 2384313
read_bytes: 33139244032
write_bytes: 82565603328
cancelled_write_bytes: 630784

[2018-12-15T02:16:43-08:00]
rchar: 185016772909
wchar: 83302749570
syscr: 22398280
syscw: 2390432
read_bytes: 33152203776
write_bytes: 83418836992
cancelled_write_bytes: 630784

[2018-12-15T02:16:46-08:00]
rchar: 186690228621
wchar: 83911798841
syscr: 22601113
syscw: 2419981
read_bytes: 33248312320
write_bytes: 84028719104
cancelled_write_bytes: 630784

[2018-12-15T02:16:49-08:00]
rchar: 189626497548
wchar: 84676053581
syscr: 22957048
syscw: 2460507
read_bytes: 33396161536
write_bytes: 84793856000
cancelled_write_bytes: 663552

[2018-12-15T02:16:52-08:00]
rchar: 190771376554
wchar: 85478429480
syscr: 23095437
syscw: 2472167
read_bytes: 33421405184
write_bytes: 85597585408
cancelled_write_bytes: 671744

[2018-12-15T02:16:55-08:00]
rchar: 193436420366
wchar: 86312031932
syscr: 23418348
syscw: 2509616
read_bytes: 33520376832
write_bytes: 86432276480
cancelled_write_bytes: 671744

[2018-12-15T02:16:58-08:00]
rchar: 196198374363
wchar: 87105328382
syscr: 23753115
syscw: 2559601
read_bytes: 33647348736
write_bytes: 87226531840
cancelled_write_bytes: 696320

[2018-12-15T02:17:01-08:00]
rchar: 197657247185
wchar: 87878542462
syscr: 23929897
syscw: 2577472
read_bytes: 33686469632
write_bytes: 88000888832
cancelled_write_bytes: 708608

[2018-12-15T02:17:04-08:00]
rchar: 199129304086
wchar: 88616069967
syscr: 24108263
syscw: 2591424
read_bytes: 33713466368
write_bytes: 88739561472
cancelled_write_bytes: 708608

[2018-12-15T02:17:07-08:00]
rchar: 200963477744
wchar: 89307862534
syscr: 24330560
syscw: 2612061
read_bytes: 33759362048
write_bytes: 89432330240
cancelled_write_bytes: 708608

[2018-12-15T02:17:10-08:00]
rchar: 202639839415
wchar: 90502896079
syscr: 24533597
syscw: 2624223
read_bytes: 33784245248
write_bytes: 90629218304
cancelled_write_bytes: 774144

[2018-12-15T02:17:13-08:00]
rchar: 203221696680
wchar: 90956818932
syscr: 24603950
syscw: 2626252
read_bytes: 33792625664
write_bytes: 91084599296
cancelled_write_bytes: 774144

[2018-12-15T02:17:16-08:00]
rchar: 204283707003
wchar: 91721946278
syscr: 24732588
syscw: 2631113
read_bytes: 33806855168
write_bytes: 91850452992
cancelled_write_bytes: 774144

[2018-12-15T02:17:19-08:00]
rchar: 205365264846
wchar: 92370158449
syscr: 24863547
syscw: 2638295
read_bytes: 33831382016
write_bytes: 92499333120
cancelled_write_bytes: 774144

[2018-12-15T02:17:22-08:00]
rchar: 206950154794
wchar: 93184131560
syscr: 25055626
syscw: 2659730
read_bytes: 33944251392
write_bytes: 93314396160
cancelled_write_bytes: 774144

[2018-12-15T02:17:25-08:00]
rchar: 209018953179
wchar: 93837366421
syscr: 25306370
syscw: 2697642
read_bytes: 34184027136
write_bytes: 93968437248
cancelled_write_bytes: 786432

[2018-12-15T02:17:28-08:00]
rchar: 212103028980
wchar: 94645929382
syscr: 25680250
syscw: 2747255
read_bytes: 34479156224
write_bytes: 94777962496
cancelled_write_bytes: 786432

[2018-12-15T02:17:31-08:00]
rchar: 214103488159
wchar: 95745058474
syscr: 25922629
syscw: 2765028
read_bytes: 34558979072
write_bytes: 95878922240
cancelled_write_bytes: 794624

[2018-12-15T02:17:34-08:00]
rchar: 215507501629
wchar: 96533311506
syscr: 26092766
syscw: 2776941
read_bytes: 34607287296
write_bytes: 96668184576
cancelled_write_bytes: 794624

[2018-12-15T02:17:37-08:00]
rchar: 216812776207
wchar: 97145792024
syscr: 26250956
syscw: 2793313
read_bytes: 34674879488
write_bytes: 97281609728
cancelled_write_bytes: 798720

[2018-12-15T02:17:40-08:00]
rchar: 218231415484
wchar: 98094924249
syscr: 26422745
syscw: 2800947
read_bytes: 34717690880
write_bytes: 98232176640
cancelled_write_bytes: 819200

[2018-12-15T02:17:43-08:00]
rchar: 219183868130
wchar: 98728885166
syscr: 26537992
syscw: 2806180
read_bytes: 34738826240
write_bytes: 98867843072
cancelled_write_bytes: 819200

[2018-12-15T02:17:46-08:00]
rchar: 221120598143
wchar: 99502174150
syscr: 26772491
syscw: 2826059
read_bytes: 34805279744
write_bytes: 99641602048
cancelled_write_bytes: 819200

[2018-12-15T02:17:49-08:00]
rchar: 223449868705
wchar: 100285971210
syscr: 27054806
syscw: 2875114
read_bytes: 35030752256
write_bytes: 100426301440
cancelled_write_bytes: 827392

[2018-12-15T02:17:52-08:00]
rchar: 224970443511
wchar: 101085402300
syscr: 27239115
syscw: 2899768
read_bytes: 35100888064
write_bytes: 101226835968
cancelled_write_bytes: 827392

[2018-12-15T02:17:55-08:00]
rchar: 227953229513
wchar: 101700273645
syscr: 27600643
syscw: 2942480
read_bytes: 35269422080
write_bytes: 101842341888
cancelled_write_bytes: 835584

[2018-12-15T02:17:58-08:00]
rchar: 232683082926
wchar: 102407697831
syscr: 28173965
syscw: 2997490
read_bytes: 35455106048
write_bytes: 102550487040
cancelled_write_bytes: 843776

[2018-12-15T02:18:01-08:00]
rchar: 234497485318
wchar: 103986923492
syscr: 28393906
syscw: 3001189
read_bytes: 35459881984
write_bytes: 104132239360
cancelled_write_bytes: 851968

[2018-12-15T02:18:04-08:00]
rchar: 235666873273
wchar: 104783974736
syscr: 28535289
syscw: 3007054
read_bytes: 35470269440
write_bytes: 104930508800
cancelled_write_bytes: 851968

[2018-12-15T02:18:07-08:00]
rchar: 236541887105
wchar: 105376659802
syscr: 28641240
syscw: 3015357
read_bytes: 35484822528
write_bytes: 105525219328
cancelled_write_bytes: 851968

[2018-12-15T02:18:10-08:00]
rchar: 239083323603
wchar: 106451603433
syscr: 28949238
syscw: 3055509
read_bytes: 35592842240
write_bytes: 106600534016
cancelled_write_bytes: 860160

[2018-12-15T02:18:13-08:00]
rchar: 243605722534
wchar: 107062925623
syscr: 29497515
syscw: 3110887
read_bytes: 35773606912
write_bytes: 107212337152
cancelled_write_bytes: 905216

[2018-12-15T02:18:16-08:00]
rchar: 245313752673
wchar: 108232216606
syscr: 29704400
syscw: 3121686
read_bytes: 35795790848
write_bytes: 108383412224
cancelled_write_bytes: 913408

[2018-12-15T02:18:19-08:00]
rchar: 246563931012
wchar: 108929563083
syscr: 29855723
syscw: 3130418
read_bytes: 35816340480
write_bytes: 109081845760
cancelled_write_bytes: 913408

[2018-12-15T02:18:22-08:00]
rchar: 248709232978
wchar: 109822540598
syscr: 30115494
syscw: 3150942
read_bytes: 35871403008
write_bytes: 109976162304
cancelled_write_bytes: 913408

[2018-12-15T02:18:25-08:00]
rchar: 251227427774
wchar: 110548597290
syscr: 30420647
syscw: 3197820
read_bytes: 36075424768
write_bytes: 110703042560
cancelled_write_bytes: 921600

[2018-12-15T02:18:28-08:00]
rchar: 252986720016
wchar: 111646239694
syscr: 30633895
syscw: 3220025
read_bytes: 36130716672
write_bytes: 111802261504
cancelled_write_bytes: 929792

[2018-12-15T02:18:31-08:00]
rchar: 253801397728
wchar: 112363462616
syscr: 30732571
syscw: 3222142
read_bytes: 36133170176
write_bytes: 112520597504
cancelled_write_bytes: 929792

[2018-12-15T02:18:34-08:00]
rchar: 254811705263
wchar: 113056458959
syscr: 30854966
syscw: 3229242
read_bytes: 36144757760
write_bytes: 113214652416
cancelled_write_bytes: 929792

[2018-12-15T02:18:37-08:00]
rchar: 255818342495
wchar: 113738485827
syscr: 30976913
syscw: 3236404
read_bytes: 36156455936
write_bytes: 113897697280
cancelled_write_bytes: 929792

[2018-12-15T02:18:40-08:00]
rchar: 257201623485
wchar: 114544927010
syscr: 31144481
syscw: 3249725
read_bytes: 36184153088
write_bytes: 114705403904
cancelled_write_bytes: 929792

[2018-12-15T02:18:43-08:00]
rchar: 260338246134
wchar: 115328589184
syscr: 31524656
syscw: 3295223
read_bytes: 36310375424
write_bytes: 115490033664
cancelled_write_bytes: 937984

[2018-12-15T02:18:46-08:00]
rchar: 262697329395
wchar: 116166143294
syscr: 31810496
syscw: 3320938
read_bytes: 36378696704
write_bytes: 116329127936
cancelled_write_bytes: 946176

[2018-12-15T02:18:49-08:00]
rchar: 264764230856
wchar: 117169794644
syscr: 32060775
syscw: 3338419
read_bytes: 36445105152
write_bytes: 117333958656
cancelled_write_bytes: 946176

[2018-12-15T02:18:52-08:00]
rchar: 266383603254
wchar: 117790054848
syscr: 32256951
syscw: 3367140
read_bytes: 36558420992
write_bytes: 117955096576
cancelled_write_bytes: 946176

[2018-12-15T02:18:55-08:00]
rchar: 269011233702
wchar: 118557242458
syscr: 32575456
syscw: 3418376
read_bytes: 36783733760
write_bytes: 118723170304
cancelled_write_bytes: 954368

[2018-12-15T02:18:58-08:00]
rchar: 270637138852
wchar: 119921790872
syscr: 32772421
syscw: 3424214
read_bytes: 36798753792
write_bytes: 120089784320
cancelled_write_bytes: 962560

[2018-12-15T02:19:01-08:00]
rchar: 271447986330
wchar: 120544057949
syscr: 32870646
syscw: 3428441
read_bytes: 36807871488
write_bytes: 120712994816
cancelled_write_bytes: 962560

[2018-12-15T02:19:04-08:00]
rchar: 272377399825
wchar: 121211368832
syscr: 32983263
syscw: 3434696
read_bytes: 36821732352
write_bytes: 121381322752
cancelled_write_bytes: 962560

[2018-12-15T02:19:07-08:00]
rchar: 274011120985
wchar: 122206668515
syscr: 33181167
syscw: 3449954
read_bytes: 36852751360
write_bytes: 122378162176
cancelled_write_bytes: 962560

[2018-12-15T02:19:10-08:00]
rchar: 275460332057
wchar: 122958499619
syscr: 33356811
syscw: 3470721
read_bytes: 36927994880
write_bytes: 123131097088
cancelled_write_bytes: 962560

[2018-12-15T02:19:13-08:00]
rchar: 279164941163
wchar: 123652270839
syscr: 33805882
syscw: 3521837
read_bytes: 37111348224
write_bytes: 123825594368
cancelled_write_bytes: 970752

[2018-12-15T02:19:16-08:00]
rchar: 281080057169
wchar: 124575106270
syscr: 34037873
syscw: 3540331
read_bytes: 37165734912
write_bytes: 124749819904
cancelled_write_bytes: 978944

[2018-12-15T02:19:19-08:00]
rchar: 282779179877
wchar: 125338923411
syscr: 34243566
syscw: 3555821
read_bytes: 37205998592
write_bytes: 125515952128
cancelled_write_bytes: 978944

[2018-12-15T02:19:22-08:00]
rchar: 284425836047
wchar: 126009243904
syscr: 34443083
syscw: 3585656
read_bytes: 37298879488
write_bytes: 126186012672
cancelled_write_bytes: 978944

[2018-12-15T02:19:25-08:00]
rchar: 286514580666
wchar: 126656517999
syscr: 34696253
syscw: 3631513
read_bytes: 37462293504
write_bytes: 126834036736
cancelled_write_bytes: 987136

[2018-12-15T02:19:28-08:00]
rchar: 289224834173
wchar: 127483252737
syscr: 35024717
syscw: 3679714
read_bytes: 37592087552
write_bytes: 127661805568
cancelled_write_bytes: 995328

[2018-12-15T02:19:31-08:00]
rchar: 291394918876
wchar: 128324971743
syscr: 35287711
syscw: 3708668
read_bytes: 37661871104
write_bytes: 128504688640
cancelled_write_bytes: 1003520

[2018-12-15T02:19:34-08:00]
rchar: 293227533169
wchar: 129309419150
syscr: 35509797
syscw: 3724455
read_bytes: 37688994816
write_bytes: 129490587648
cancelled_write_bytes: 1003520

[2018-12-15T02:19:37-08:00]
rchar: 294414937721
wchar: 129919947788
syscr: 35653710
syscw: 3735489
read_bytes: 37711817728
write_bytes: 130102005760
cancelled_write_bytes: 1003520

[2018-12-15T02:19:40-08:00]
rchar: 296714711493
wchar: 131136414531
syscr: 35932395
syscw: 3758322
read_bytes: 37763214336
write_bytes: 131320315904
cancelled_write_bytes: 1011712

[2018-12-15T02:19:43-08:00]
rchar: 297696991624
wchar: 131802309355
syscr: 36051453
syscw: 3763379
read_bytes: 37770025984
write_bytes: 131987316736
cancelled_write_bytes: 1011712

[2018-12-15T02:19:46-08:00]
rchar: 299876904514
wchar: 132742416601
syscr: 36315344
syscw: 3796260
read_bytes: 37835435008
write_bytes: 132928724992
cancelled_write_bytes: 1011712

[2018-12-15T02:19:49-08:00]
rchar: 303144741811
wchar: 133677284449
syscr: 36711428
syscw: 3850301
read_bytes: 38001048576
write_bytes: 133864747008
cancelled_write_bytes: 1019904

[2018-12-15T02:19:52-08:00]
rchar: 305278206919
wchar: 134898368103
syscr: 36969852
syscw: 3870227
read_bytes: 38043429888
write_bytes: 135087636480
cancelled_write_bytes: 1028096

[2018-12-15T02:19:55-08:00]
rchar: 306836685387
wchar: 135822024223
syscr: 37158553
syscw: 3882526
read_bytes: 38071901184
write_bytes: 136012664832
cancelled_write_bytes: 1028096

[2018-12-15T02:19:58-08:00]
rchar: 308707152197
wchar: 136872149999
syscr: 37384997
syscw: 3901704
read_bytes: 38142520320
write_bytes: 137064443904
cancelled_write_bytes: 1036288

[2018-12-15T02:20:01-08:00]
rchar: 311734701217
wchar: 137694426185
syscr: 37752057
syscw: 3962317
read_bytes: 38440844288
write_bytes: 137888055296
cancelled_write_bytes: 1036288

[2018-12-15T02:20:04-08:00]
rchar: 312949932147
wchar: 138588115515
syscr: 37899287
syscw: 3971919
read_bytes: 38484950016
write_bytes: 138782588928
cancelled_write_bytes: 1044480

[2018-12-15T02:20:07-08:00]
rchar: 314034096225
wchar: 139426121824
syscr: 38030627
syscw: 3977419
read_bytes: 38502194176
write_bytes: 139621863424
cancelled_write_bytes: 1044480

[2018-12-15T02:20:10-08:00]
rchar: 315144755812
wchar: 140152962508
syscr: 38165174
syscw: 3986296
read_bytes: 38549101568
write_bytes: 140349820928
cancelled_write_bytes: 1044480

[2018-12-15T02:20:13-08:00]
rchar: 316403464120
wchar: 140957755629
syscr: 38317678
syscw: 3997282
read_bytes: 38599216128
write_bytes: 141155844096
cancelled_write_bytes: 1044480

[2018-12-15T02:20:16-08:00]
rchar: 318275823692
wchar: 142005200689
syscr: 38544560
syscw: 4017779
read_bytes: 38728993792
write_bytes: 142204882944
cancelled_write_bytes: 1052672

[2018-12-15T02:20:19-08:00]
rchar: 320118887595
wchar: 143110254867
syscr: 38767554
syscw: 4031470
read_bytes: 38840081408
write_bytes: 143311687680
cancelled_write_bytes: 1052672

[2018-12-15T02:20:22-08:00]
rchar: 321734375653
wchar: 143901356555
syscr: 38963361
syscw: 4067797
read_bytes: 39183764480
write_bytes: 144103800832
cancelled_write_bytes: 1052672

[2018-12-15T02:20:25-08:00]
rchar: 323735886005
wchar: 144604962351
syscr: 39205902
syscw: 4106159
read_bytes: 39562660864
write_bytes: 144808275968
cancelled_write_bytes: 1060864

[2018-12-15T02:20:28-08:00]
rchar: 325313346164
wchar: 145600756337
syscr: 39397084
syscw: 4126155
read_bytes: 39781075968
write_bytes: 145805512704
cancelled_write_bytes: 1069056

[2018-12-15T02:20:31-08:00]
rchar: 326154697543
wchar: 146239120880
syscr: 39498981
syscw: 4130553
read_bytes: 39833926656
write_bytes: 146444865536
cancelled_write_bytes: 1069056

[2018-12-15T02:20:34-08:00]
rchar: 327839496887
wchar: 147079762714
syscr: 39703128
syscw: 4148795
read_bytes: 40054889472
write_bytes: 147286757376
cancelled_write_bytes: 1069056

[2018-12-15T02:20:37-08:00]
rchar: 329650603447
wchar: 147751263580
syscr: 39922665
syscw: 4176754
read_bytes: 40380570624
write_bytes: 147959156736
cancelled_write_bytes: 1069056

[2018-12-15T02:20:40-08:00]
rchar: 330855974592
wchar: 148527533112
syscr: 40068558
syscw: 4185419
read_bytes: 40479665152
write_bytes: 148736638976
cancelled_write_bytes: 1077248

[2018-12-15T02:20:43-08:00]
rchar: 332072054656
wchar: 149261177852
syscr: 40215702
syscw: 4194501
read_bytes: 40600730624
write_bytes: 149471481856
cancelled_write_bytes: 1077248

[2018-12-15T02:20:46-08:00]
rchar: 333653092490
wchar: 149964357614
syscr: 40407302
syscw: 4225286
read_bytes: 40962714624
write_bytes: 150175543296
cancelled_write_bytes: 1077248

[2018-12-15T02:20:49-08:00]
rchar: 334580828917
wchar: 150590567252
syscr: 40519745
syscw: 4244286
read_bytes: 41168841728
write_bytes: 150802640896
cancelled_write_bytes: 1077248

[2018-12-15T02:20:52-08:00]
rchar: 336416611181
wchar: 151208861101
syscr: 40742210
syscw: 4279092
read_bytes: 41543412736
write_bytes: 151421644800
cancelled_write_bytes: 1085440

[2018-12-15T02:20:55-08:00]
rchar: 337450974381
wchar: 151789481310
syscr: 40867590
syscw: 4296687
read_bytes: 41756580864
write_bytes: 152003096576
cancelled_write_bytes: 1085440

[2018-12-15T02:20:58-08:00]
rchar: 338746018786
wchar: 152882244378
syscr: 41024439
syscw: 4301447
read_bytes: 41804610560
write_bytes: 153097506816
cancelled_write_bytes: 1093632

[2018-12-15T02:21:01-08:00]
rchar: 339541524375
wchar: 153466210024
syscr: 41120818
syscw: 4306278
read_bytes: 41835584512
write_bytes: 153682366464
cancelled_write_bytes: 1093632

[2018-12-15T02:21:04-08:00]
rchar: 340811150994
wchar: 154521390941
syscr: 41274627
syscw: 4311298
read_bytes: 41880038400
write_bytes: 154739150848
cancelled_write_bytes: 1093632

[2018-12-15T02:21:07-08:00]
rchar: 341638594575
wchar: 155105929977
syscr: 41374845
syscw: 4317033
read_bytes: 41923390464
write_bytes: 155324596224
cancelled_write_bytes: 1093632

[2018-12-15T02:21:10-08:00]
rchar: 343571337714
wchar: 155767378639
syscr: 41609095
syscw: 4345435
read_bytes: 42198047744
write_bytes: 155986915328
cancelled_write_bytes: 1093632

[2018-12-15T02:21:13-08:00]
rchar: 345476695230
wchar: 156425681632
syscr: 41840015
syscw: 4373836
read_bytes: 42473044992
write_bytes: 156646105088
cancelled_write_bytes: 1101824

[2018-12-15T02:21:16-08:00]
rchar: 348504087223
wchar: 157119854759
syscr: 42206992
syscw: 4414294
read_bytes: 42805689344
write_bytes: 157341089792
cancelled_write_bytes: 1101824

[2018-12-15T02:21:19-08:00]
rchar: 349911196779
wchar: 158128493409
syscr: 42377387
syscw: 4424481
read_bytes: 42869308416
write_bytes: 158351314944
cancelled_write_bytes: 1110016

[2018-12-15T02:21:22-08:00]
rchar: 350751974125
wchar: 158708051684
syscr: 42479098
syscw: 4428632
read_bytes: 42897808384
write_bytes: 158932807680
cancelled_write_bytes: 1110016

[2018-12-15T02:21:25-08:00]
rchar: 352100905779
wchar: 159497883529
syscr: 42642365
syscw: 4442369
read_bytes: 43041463296
write_bytes: 159723077632
cancelled_write_bytes: 1110016

[2018-12-15T02:21:28-08:00]
rchar: 353282819983
wchar: 160102712798
syscr: 42785592
syscw: 4472049
read_bytes: 43294837760
write_bytes: 160328417280
cancelled_write_bytes: 1110016

[2018-12-15T02:21:31-08:00]
rchar: 355563758554
wchar: 160802399710
syscr: 43062093
syscw: 4511515
read_bytes: 43676212224
write_bytes: 161028919296
cancelled_write_bytes: 1118208

[2018-12-15T02:21:34-08:00]
rchar: 357787055404
wchar: 161442758715
syscr: 43331541
syscw: 4547941
read_bytes: 43947211776
write_bytes: 161670057984
cancelled_write_bytes: 1126400

[2018-12-15T02:21:37-08:00]
rchar: 359938346336
wchar: 162340383703
syscr: 43592280
syscw: 4574936
read_bytes: 44141431808
write_bytes: 162568908800
cancelled_write_bytes: 1134592

[2018-12-15T02:21:40-08:00]
rchar: 360919025462
wchar: 163012879578
syscr: 43711080
syscw: 4580711
read_bytes: 44166589440
write_bytes: 163242483712
cancelled_write_bytes: 1134592

[2018-12-15T02:21:43-08:00]
rchar: 362762899714
wchar: 163836908879
syscr: 43934521
syscw: 4599797
read_bytes: 44259531776
write_bytes: 164067733504
cancelled_write_bytes: 1134592

[2018-12-15T02:21:46-08:00]
rchar: 365477484006
wchar: 164741221000
syscr: 44263571
syscw: 4633643
read_bytes: 44467248128
write_bytes: 164973273088
cancelled_write_bytes: 1142784

[2018-12-15T02:21:49-08:00]
rchar: 366692417804
wchar: 165460262012
syscr: 44410615
syscw: 4641287
read_bytes: 44511349760
write_bytes: 165693456384
cancelled_write_bytes: 1142784

[2018-12-15T02:21:52-08:00]
rchar: 367758767183
wchar: 166099119328
syscr: 44539618
syscw: 4648030
read_bytes: 44544760832
write_bytes: 166333734912
cancelled_write_bytes: 1142784

[2018-12-15T02:21:55-08:00]
rchar: 369129482885
wchar: 166832954544
syscr: 44705654
syscw: 4660860
read_bytes: 44618648576
write_bytes: 167068237824
cancelled_write_bytes: 1142784

[2018-12-15T02:21:58-08:00]
rchar: 370081136124
wchar: 167374383985
syscr: 44820997
syscw: 4684971
read_bytes: 44754033664
write_bytes: 167610404864
cancelled_write_bytes: 1142784

[2018-12-15T02:22:01-08:00]
rchar: 372642799257
wchar: 168025353855
syscr: 45131478
syscw: 4732028
read_bytes: 45094988800
write_bytes: 168262066176
cancelled_write_bytes: 1150976

[2018-12-15T02:22:04-08:00]
rchar: 374129736571
wchar: 169055027134
syscr: 45311708
syscw: 4749260
read_bytes: 45169802240
write_bytes: 169293209600
cancelled_write_bytes: 1159168

[2018-12-15T02:22:07-08:00]
rchar: 375216779654
wchar: 169949251005
syscr: 45443365
syscw: 4753440
read_bytes: 45182360576
write_bytes: 170188828672
cancelled_write_bytes: 1159168

[2018-12-15T02:22:10-08:00]
rchar: 376252863965
wchar: 170728307132
syscr: 45568874
syscw: 4759055
read_bytes: 45204966400
write_bytes: 170969059328
cancelled_write_bytes: 1159168

[2018-12-15T02:22:13-08:00]
rchar: 377094547753
wchar: 171319417366
syscr: 45670802
syscw: 4764723
read_bytes: 45231557632
write_bytes: 171561107456
cancelled_write_bytes: 1159168

[2018-12-15T02:22:16-08:00]
rchar: 378898307399
wchar: 172203133903
syscr: 45889403
syscw: 4788583
read_bytes: 45360528384
write_bytes: 172446134272
cancelled_write_bytes: 1159168

[2018-12-15T02:22:19-08:00]
rchar: 382121868038
wchar: 172691381932
syscr: 46280130
syscw: 4831714
read_bytes: 45607599104
write_bytes: 172934848512
cancelled_write_bytes: 1167360

[2018-12-15T02:22:22-08:00]
rchar: 383380318404
wchar: 173605782430
syscr: 46432456
syscw: 4840316
read_bytes: 45649722368
write_bytes: 173850705920
cancelled_write_bytes: 1175552

[2018-12-15T02:22:25-08:00]
rchar: 384641071795
wchar: 174364851157
syscr: 46584969
syscw: 4849012
read_bytes: 45726555136
write_bytes: 174611017728
cancelled_write_bytes: 1175552

[2018-12-15T02:22:28-08:00]
rchar: 386093504216
wchar: 175232818563
syscr: 46761006
syscw: 4870849
read_bytes: 46112504832
write_bytes: 175480135680
cancelled_write_bytes: 1179648

