Extracting RWBS and sectors to /tmp/ycsb-rocksdb/data/nvme0n1/output_myworkloada/sectors.dat
Parsing results...

SECTOR_SIZE   RW   COUNT         RATIO (in R/W)   RATIO (Overall)
----------------------------------------------------------------------
/tmp/ycsb-rocksdb/scripts/ioszdist.sh: line 84: bc: command not found
/tmp/ycsb-rocksdb/scripts/ioszdist.sh: line 84: bc: command not found
/tmp/ycsb-rocksdb/scripts/ioszdist.sh: line 84: bc: command not found
/tmp/ycsb-rocksdb/scripts/ioszdist.sh: line 84: bc: command not found
/tmp/ycsb-rocksdb/scripts/ioszdist.sh: line 84: bc: command not found
/tmp/ycsb-rocksdb/scripts/ioszdist.sh: line 84: bc: command not found
/tmp/ycsb-rocksdb/scripts/ioszdist.sh: line 84: bc: command not found
/tmp/ycsb-rocksdb/scripts/ioszdist.sh: line 84: bc: command not found
/tmp/ycsb-rocksdb/scripts/ioszdist.sh: line 84: bc: command not found
/tmp/ycsb-rocksdb/scripts/ioszdist.sh: line 84: bc: command not found
/tmp/ycsb-rocksdb/scripts/ioszdist.sh: line 84: bc: command not found
/tmp/ycsb-rocksdb/scripts/ioszdist.sh: line 84: bc: command not found
/tmp/ycsb-rocksdb/scripts/ioszdist.sh: line 84: bc: command not found
/tmp/ycsb-rocksdb/scripts/ioszdist.sh: line 84: bc: command not found
/tmp/ycsb-rocksdb/scripts/ioszdist.sh: line 84: bc: command not found
/tmp/ycsb-rocksdb/scripts/ioszdist.sh: line 84: bc: command not found
/tmp/ycsb-rocksdb/scripts/ioszdist.sh: line 84: bc: command not found
/tmp/ycsb-rocksdb/scripts/ioszdist.sh: line 84: bc: command not found
/tmp/ycsb-rocksdb/scripts/ioszdist.sh: line 84: bc: command not found
/tmp/ycsb-rocksdb/scripts/ioszdist.sh: line 84: bc: command not found
/tmp/ycsb-rocksdb/scripts/ioszdist.sh: line 84: bc: command not found
/tmp/ycsb-rocksdb/scripts/ioszdist.sh: line 84: bc: command not found
/tmp/ycsb-rocksdb/scripts/ioszdist.sh: line 84: bc: command not found
/tmp/ycsb-rocksdb/scripts/ioszdist.sh: line 84: bc: command not found
/tmp/ycsb-rocksdb/scripts/ioszdist.sh: line 84: bc: command not found
/tmp/ycsb-rocksdb/scripts/ioszdist.sh: line 84: bc: command not found
/tmp/ycsb-rocksdb/scripts/ioszdist.sh: line 84: bc: command not found
/tmp/ycsb-rocksdb/scripts/ioszdist.sh: line 84: bc: command not found
/tmp/ycsb-rocksdb/scripts/ioszdist.sh: line 84: bc: command not found
/tmp/ycsb-rocksdb/scripts/ioszdist.sh: line 84: bc: command not found
/tmp/ycsb-rocksdb/scripts/ioszdist.sh: line 84: bc: command not found
/tmp/ycsb-rocksdb/scripts/ioszdist.sh: line 84: bc: command not found
/tmp/ycsb-rocksdb/scripts/ioszdist.sh: line 84: bc: command not found
/tmp/ycsb-rocksdb/scripts/ioszdist.sh: line 84: bc: command not found
/tmp/ycsb-rocksdb/scripts/ioszdist.sh: line 84: bc: command not found
/tmp/ycsb-rocksdb/scripts/ioszdist.sh: line 84: bc: command not found
/tmp/ycsb-rocksdb/scripts/ioszdist.sh: line 84: bc: command not found
/tmp/ycsb-rocksdb/scripts/ioszdist.sh: line 84: bc: command not found
/tmp/ycsb-rocksdb/scripts/ioszdist.sh: line 84: bc: command not found
/tmp/ycsb-rocksdb/scripts/ioszdist.sh: line 84: bc: command not found
/tmp/ycsb-rocksdb/scripts/ioszdist.sh: line 84: bc: command not found
/tmp/ycsb-rocksdb/scripts/ioszdist.sh: line 84: bc: command not found
/tmp/ycsb-rocksdb/scripts/ioszdist.sh: line 84: bc: command not found
/tmp/ycsb-rocksdb/scripts/ioszdist.sh: line 84: bc: command not found
/tmp/ycsb-rocksdb/scripts/ioszdist.sh: line 84: bc: command not found
/tmp/ycsb-rocksdb/scripts/ioszdist.sh: line 84: bc: command not found
/tmp/ycsb-rocksdb/scripts/ioszdist.sh: line 84: bc: command not found
/tmp/ycsb-rocksdb/scripts/ioszdist.sh: line 84: bc: command not found
/tmp/ycsb-rocksdb/scripts/ioszdist.sh: line 84: bc: command not found
/tmp/ycsb-rocksdb/scripts/ioszdist.sh: line 84: bc: command not found
/tmp/ycsb-rocksdb/scripts/ioszdist.sh: line 84: bc: command not found
/tmp/ycsb-rocksdb/scripts/ioszdist.sh: line 84: bc: command not found
/tmp/ycsb-rocksdb/scripts/ioszdist.sh: line 84: bc: command not found
/tmp/ycsb-rocksdb/scripts/ioszdist.sh: line 84: bc: command not found
/tmp/ycsb-rocksdb/scripts/ioszdist.sh: line 84: bc: command not found
/tmp/ycsb-rocksdb/scripts/ioszdist.sh: line 84: bc: command not found
/tmp/ycsb-rocksdb/scripts/ioszdist.sh: line 84: bc: command not found
/tmp/ycsb-rocksdb/scripts/ioszdist.sh: line 84: bc: command not found
/tmp/ycsb-rocksdb/scripts/ioszdist.sh: line 84: bc: command not found
/tmp/ycsb-rocksdb/scripts/ioszdist.sh: line 84: bc: command not found
/tmp/ycsb-rocksdb/scripts/ioszdist.sh: line 84: bc: command not found
/tmp/ycsb-rocksdb/scripts/ioszdist.sh: line 84: bc: command not found
/tmp/ycsb-rocksdb/scripts/ioszdist.sh: line 84: bc: command not found
/tmp/ycsb-rocksdb/scripts/ioszdist.sh: line 84: bc: command not found
/tmp/ycsb-rocksdb/scripts/ioszdist.sh: line 84: bc: command not found
/tmp/ycsb-rocksdb/scripts/ioszdist.sh: line 84: bc: command not found
/tmp/ycsb-rocksdb/scripts/ioszdist.sh: line 84: bc: command not found
/tmp/ycsb-rocksdb/scripts/ioszdist.sh: line 84: bc: command not found
/tmp/ycsb-rocksdb/scripts/ioszdist.sh: line 84: bc: command not found
/tmp/ycsb-rocksdb/scripts/ioszdist.sh: line 84: bc: command not found
/tmp/ycsb-rocksdb/scripts/ioszdist.sh: line 84: bc: command not found
/tmp/ycsb-rocksdb/scripts/ioszdist.sh: line 84: bc: command not found
/tmp/ycsb-rocksdb/scripts/ioszdist.sh: line 84: bc: command not found
/tmp/ycsb-rocksdb/scripts/ioszdist.sh: line 84: bc: command not found
/tmp/ycsb-rocksdb/scripts/ioszdist.sh: line 84: bc: command not found
/tmp/ycsb-rocksdb/scripts/ioszdist.sh: line 84: bc: command not found
/tmp/ycsb-rocksdb/scripts/ioszdist.sh: line 84: bc: command not found
/tmp/ycsb-rocksdb/scripts/ioszdist.sh: line 84: bc: command not found
/tmp/ycsb-rocksdb/scripts/ioszdist.sh: line 84: bc: command not found
/tmp/ycsb-rocksdb/scripts/ioszdist.sh: line 84: bc: command not found
/tmp/ycsb-rocksdb/scripts/ioszdist.sh: line 84: bc: command not found
/tmp/ycsb-rocksdb/scripts/ioszdist.sh: line 84: bc: command not found
/tmp/ycsb-rocksdb/scripts/ioszdist.sh: line 84: bc: command not found
/tmp/ycsb-rocksdb/scripts/ioszdist.sh: line 84: bc: command not found
/tmp/ycsb-rocksdb/scripts/ioszdist.sh: line 84: bc: command not found
/tmp/ycsb-rocksdb/scripts/ioszdist.sh: line 84: bc: command not found
/tmp/ycsb-rocksdb/scripts/ioszdist.sh: line 84: bc: command not found
/tmp/ycsb-rocksdb/scripts/ioszdist.sh: line 84: bc: command not found
/tmp/ycsb-rocksdb/scripts/ioszdist.sh: line 84: bc: command not found
/tmp/ycsb-rocksdb/scripts/ioszdist.sh: line 84: bc: command not found
/tmp/ycsb-rocksdb/scripts/ioszdist.sh: line 84: bc: command not found
/tmp/ycsb-rocksdb/scripts/ioszdist.sh: line 84: bc: command not found
/tmp/ycsb-rocksdb/scripts/ioszdist.sh: line 84: bc: command not found
/tmp/ycsb-rocksdb/scripts/ioszdist.sh: line 84: bc: command not found
/tmp/ycsb-rocksdb/scripts/ioszdist.sh: line 84: bc: command not found
/tmp/ycsb-rocksdb/scripts/ioszdist.sh: line 84: bc: command not found
/tmp/ycsb-rocksdb/scripts/ioszdist.sh: line 84: bc: command not found
/tmp/ycsb-rocksdb/scripts/ioszdist.sh: line 84: bc: command not found
/tmp/ycsb-rocksdb/scripts/ioszdist.sh: line 84: bc: command not found
/tmp/ycsb-rocksdb/scripts/ioszdist.sh: line 84: bc: command not found
/tmp/ycsb-rocksdb/scripts/ioszdist.sh: line 84: bc: command not found
/tmp/ycsb-rocksdb/scripts/ioszdist.sh: line 84: bc: command not found
/tmp/ycsb-rocksdb/scripts/ioszdist.sh: line 84: bc: command not found
/tmp/ycsb-rocksdb/scripts/ioszdist.sh: line 84: bc: command not found
/tmp/ycsb-rocksdb/scripts/ioszdist.sh: line 84: bc: command not found
/tmp/ycsb-rocksdb/scripts/ioszdist.sh: line 84: bc: command not found
/tmp/ycsb-rocksdb/scripts/ioszdist.sh: line 84: bc: command not found
/tmp/ycsb-rocksdb/scripts/ioszdist.sh: line 84: bc: command not found
/tmp/ycsb-rocksdb/scripts/ioszdist.sh: line 84: bc: command not found
/tmp/ycsb-rocksdb/scripts/ioszdist.sh: line 84: bc: command not found
/tmp/ycsb-rocksdb/scripts/ioszdist.sh: line 84: bc: command not found
/tmp/ycsb-rocksdb/scripts/ioszdist.sh: line 84: bc: command not found
/tmp/ycsb-rocksdb/scripts/ioszdist.sh: line 84: bc: command not found
/tmp/ycsb-rocksdb/scripts/ioszdist.sh: line 84: bc: command not found
/tmp/ycsb-rocksdb/scripts/ioszdist.sh: line 84: bc: command not found
/tmp/ycsb-rocksdb/scripts/ioszdist.sh: line 84: bc: command not found
/tmp/ycsb-rocksdb/scripts/ioszdist.sh: line 84: bc: command not found
/tmp/ycsb-rocksdb/scripts/ioszdist.sh: line 84: bc: command not found
/tmp/ycsb-rocksdb/scripts/ioszdist.sh: line 84: bc: command not found
/tmp/ycsb-rocksdb/scripts/ioszdist.sh: line 84: bc: command not found
/tmp/ycsb-rocksdb/scripts/ioszdist.sh: line 84: bc: command not found
/tmp/ycsb-rocksdb/scripts/ioszdist.sh: line 84: bc: command not found
/tmp/ycsb-rocksdb/scripts/ioszdist.sh: line 84: bc: command not found
/tmp/ycsb-rocksdb/scripts/ioszdist.sh: line 84: bc: command not found
/tmp/ycsb-rocksdb/scripts/ioszdist.sh: line 84: bc: command not found
/tmp/ycsb-rocksdb/scripts/ioszdist.sh: line 84: bc: command not found
/tmp/ycsb-rocksdb/scripts/ioszdist.sh: line 84: bc: command not found
/tmp/ycsb-rocksdb/scripts/ioszdist.sh: line 84: bc: command not found
/tmp/ycsb-rocksdb/scripts/ioszdist.sh: line 84: bc: command not found
/tmp/ycsb-rocksdb/scripts/ioszdist.sh: line 84: bc: command not found
/tmp/ycsb-rocksdb/scripts/ioszdist.sh: line 84: bc: command not found
/tmp/ycsb-rocksdb/scripts/ioszdist.sh: line 84: bc: command not found
/tmp/ycsb-rocksdb/scripts/ioszdist.sh: line 84: bc: command not found
/tmp/ycsb-rocksdb/scripts/ioszdist.sh: line 84: bc: command not found
256           W    956786                0.000%            0.000%
8             W    31889                 0.000%            0.000%
248           W    24312                 0.000%            0.000%
152           W    709                   0.000%            0.000%
3             W    626                   0.000%            0.000%
120           W    424                   0.000%            0.000%
48            W    376                   0.000%            0.000%
192           W    357                   0.000%            0.000%
32            W    339                   0.000%            0.000%
24            W    335                   0.000%            0.000%
216           W    302                   0.000%            0.000%
88            W    224                   0.000%            0.000%
112           W    224                   0.000%            0.000%
128           W    221                   0.000%            0.000%
16            W    158                   0.000%            0.000%
14            W    148                   0.000%            0.000%
15            W    121                   0.000%            0.000%
56            W    112                   0.000%            0.000%
13            W    102                   0.000%            0.000%
25            W    95                    0.000%            0.000%
17            W    88                    0.000%            0.000%
11            W    88                    0.000%            0.000%
184           W    81                    0.000%            0.000%
26            W    78                    0.000%            0.000%
21            W    75                    0.000%            0.000%
23            W    73                    0.000%            0.000%
22            W    72                    0.000%            0.000%
31            W    71                    0.000%            0.000%
20            W    70                    0.000%            0.000%
1             W    69                    0.000%            0.000%
19            W    68                    0.000%            0.000%
2             W    67                    0.000%            0.000%
12            W    67                    0.000%            0.000%
7             W    61                    0.000%            0.000%
224           W    50                    0.000%            0.000%
240           W    47                    0.000%            0.000%
18            W    47                    0.000%            0.000%
72            W    43                    0.000%            0.000%
30            W    43                    0.000%            0.000%
27            W    43                    0.000%            0.000%
136           W    41                    0.000%            0.000%
6             W    39                    0.000%            0.000%
10            W    39                    0.000%            0.000%
96            W    34                    0.000%            0.000%
28            W    34                    0.000%            0.000%
160           W    32                    0.000%            0.000%
144           W    32                    0.000%            0.000%
40            W    30                    0.000%            0.000%
232           W    27                    0.000%            0.000%
29            W    26                    0.000%            0.000%
176           W    24                    0.000%            0.000%
80            W    23                    0.000%            0.000%
64            W    23                    0.000%            0.000%
9             W    21                    0.000%            0.000%
200           W    20                    0.000%            0.000%
104           W    18                    0.000%            0.000%
208           W    17                    0.000%            0.000%
168           W    14                    0.000%            0.000%
5             W    13                    0.000%            0.000%
33            W    9                     0.000%            0.000%
8             R    4                     0.000%            0.000%
1             R    4                     0.000%            0.000%
34            W    3                     0.000%            0.000%
32            R    2                     0.000%            0.000%
4             W    1                     0.000%            0.000%
39            W    1                     0.000%            0.000%
36            W    1                     0.000%            0.000%


SUMMARY (512-byte sectors)
----------------------------------------------------------------------
/tmp/ycsb-rocksdb/scripts/ioszdist.sh: line 102: bc: command not found
Total read I/Os : 10             [  0.000%]
/tmp/ycsb-rocksdb/scripts/ioszdist.sh: line 106: bc: command not found
Total write I/Os: 1019683        [  0.000%]
/tmp/ycsb-rocksdb/scripts/ioszdist.sh: line 112: bc: command not found
/tmp/ycsb-rocksdb/scripts/ioszdist.sh: line 112: bc: command not found
Total read sectors : 100         [  0.000%,       0.000MB]
/tmp/ycsb-rocksdb/scripts/ioszdist.sh: line 117: bc: command not found
/tmp/ycsb-rocksdb/scripts/ioszdist.sh: line 117: bc: command not found
Total write sectors: 251750242   [  0.000%,       0.000MB]
