Extracting RWBS and sectors to /tmp/ycsb-rocksdb/data/nvme0n1/output_myworkloada/sectors.dat
Parsing results...

SECTOR_SIZE   RW   COUNT         RATIO (in R/W)   RATIO (Overall)
----------------------------------------------------------------------
/tmp/ycsb-rocksdb/scripts/ioszdist.sh: line 84: bc: command not found
/tmp/ycsb-rocksdb/scripts/ioszdist.sh: line 84: bc: command not found
/tmp/ycsb-rocksdb/scripts/ioszdist.sh: line 84: bc: command not found
/tmp/ycsb-rocksdb/scripts/ioszdist.sh: line 84: bc: command not found
/tmp/ycsb-rocksdb/scripts/ioszdist.sh: line 84: bc: command not found
/tmp/ycsb-rocksdb/scripts/ioszdist.sh: line 84: bc: command not found
/tmp/ycsb-rocksdb/scripts/ioszdist.sh: line 84: bc: command not found
/tmp/ycsb-rocksdb/scripts/ioszdist.sh: line 84: bc: command not found
/tmp/ycsb-rocksdb/scripts/ioszdist.sh: line 84: bc: command not found
/tmp/ycsb-rocksdb/scripts/ioszdist.sh: line 84: bc: command not found
/tmp/ycsb-rocksdb/scripts/ioszdist.sh: line 84: bc: command not found
/tmp/ycsb-rocksdb/scripts/ioszdist.sh: line 84: bc: command not found
/tmp/ycsb-rocksdb/scripts/ioszdist.sh: line 84: bc: command not found
/tmp/ycsb-rocksdb/scripts/ioszdist.sh: line 84: bc: command not found
/tmp/ycsb-rocksdb/scripts/ioszdist.sh: line 84: bc: command not found
/tmp/ycsb-rocksdb/scripts/ioszdist.sh: line 84: bc: command not found
/tmp/ycsb-rocksdb/scripts/ioszdist.sh: line 84: bc: command not found
/tmp/ycsb-rocksdb/scripts/ioszdist.sh: line 84: bc: command not found
/tmp/ycsb-rocksdb/scripts/ioszdist.sh: line 84: bc: command not found
/tmp/ycsb-rocksdb/scripts/ioszdist.sh: line 84: bc: command not found
/tmp/ycsb-rocksdb/scripts/ioszdist.sh: line 84: bc: command not found
/tmp/ycsb-rocksdb/scripts/ioszdist.sh: line 84: bc: command not found
/tmp/ycsb-rocksdb/scripts/ioszdist.sh: line 84: bc: command not found
/tmp/ycsb-rocksdb/scripts/ioszdist.sh: line 84: bc: command not found
/tmp/ycsb-rocksdb/scripts/ioszdist.sh: line 84: bc: command not found
/tmp/ycsb-rocksdb/scripts/ioszdist.sh: line 84: bc: command not found
/tmp/ycsb-rocksdb/scripts/ioszdist.sh: line 84: bc: command not found
/tmp/ycsb-rocksdb/scripts/ioszdist.sh: line 84: bc: command not found
/tmp/ycsb-rocksdb/scripts/ioszdist.sh: line 84: bc: command not found
/tmp/ycsb-rocksdb/scripts/ioszdist.sh: line 84: bc: command not found
/tmp/ycsb-rocksdb/scripts/ioszdist.sh: line 84: bc: command not found
/tmp/ycsb-rocksdb/scripts/ioszdist.sh: line 84: bc: command not found
/tmp/ycsb-rocksdb/scripts/ioszdist.sh: line 84: bc: command not found
/tmp/ycsb-rocksdb/scripts/ioszdist.sh: line 84: bc: command not found
/tmp/ycsb-rocksdb/scripts/ioszdist.sh: line 84: bc: command not found
/tmp/ycsb-rocksdb/scripts/ioszdist.sh: line 84: bc: command not found
/tmp/ycsb-rocksdb/scripts/ioszdist.sh: line 84: bc: command not found
/tmp/ycsb-rocksdb/scripts/ioszdist.sh: line 84: bc: command not found
/tmp/ycsb-rocksdb/scripts/ioszdist.sh: line 84: bc: command not found
/tmp/ycsb-rocksdb/scripts/ioszdist.sh: line 84: bc: command not found
/tmp/ycsb-rocksdb/scripts/ioszdist.sh: line 84: bc: command not found
/tmp/ycsb-rocksdb/scripts/ioszdist.sh: line 84: bc: command not found
/tmp/ycsb-rocksdb/scripts/ioszdist.sh: line 84: bc: command not found
/tmp/ycsb-rocksdb/scripts/ioszdist.sh: line 84: bc: command not found
/tmp/ycsb-rocksdb/scripts/ioszdist.sh: line 84: bc: command not found
/tmp/ycsb-rocksdb/scripts/ioszdist.sh: line 84: bc: command not found
/tmp/ycsb-rocksdb/scripts/ioszdist.sh: line 84: bc: command not found
/tmp/ycsb-rocksdb/scripts/ioszdist.sh: line 84: bc: command not found
/tmp/ycsb-rocksdb/scripts/ioszdist.sh: line 84: bc: command not found
/tmp/ycsb-rocksdb/scripts/ioszdist.sh: line 84: bc: command not found
/tmp/ycsb-rocksdb/scripts/ioszdist.sh: line 84: bc: command not found
/tmp/ycsb-rocksdb/scripts/ioszdist.sh: line 84: bc: command not found
/tmp/ycsb-rocksdb/scripts/ioszdist.sh: line 84: bc: command not found
/tmp/ycsb-rocksdb/scripts/ioszdist.sh: line 84: bc: command not found
/tmp/ycsb-rocksdb/scripts/ioszdist.sh: line 84: bc: command not found
/tmp/ycsb-rocksdb/scripts/ioszdist.sh: line 84: bc: command not found
/tmp/ycsb-rocksdb/scripts/ioszdist.sh: line 84: bc: command not found
/tmp/ycsb-rocksdb/scripts/ioszdist.sh: line 84: bc: command not found
/tmp/ycsb-rocksdb/scripts/ioszdist.sh: line 84: bc: command not found
/tmp/ycsb-rocksdb/scripts/ioszdist.sh: line 84: bc: command not found
/tmp/ycsb-rocksdb/scripts/ioszdist.sh: line 84: bc: command not found
/tmp/ycsb-rocksdb/scripts/ioszdist.sh: line 84: bc: command not found
/tmp/ycsb-rocksdb/scripts/ioszdist.sh: line 84: bc: command not found
/tmp/ycsb-rocksdb/scripts/ioszdist.sh: line 84: bc: command not found
/tmp/ycsb-rocksdb/scripts/ioszdist.sh: line 84: bc: command not found
/tmp/ycsb-rocksdb/scripts/ioszdist.sh: line 84: bc: command not found
/tmp/ycsb-rocksdb/scripts/ioszdist.sh: line 84: bc: command not found
/tmp/ycsb-rocksdb/scripts/ioszdist.sh: line 84: bc: command not found
/tmp/ycsb-rocksdb/scripts/ioszdist.sh: line 84: bc: command not found
/tmp/ycsb-rocksdb/scripts/ioszdist.sh: line 84: bc: command not found
/tmp/ycsb-rocksdb/scripts/ioszdist.sh: line 84: bc: command not found
/tmp/ycsb-rocksdb/scripts/ioszdist.sh: line 84: bc: command not found
/tmp/ycsb-rocksdb/scripts/ioszdist.sh: line 84: bc: command not found
/tmp/ycsb-rocksdb/scripts/ioszdist.sh: line 84: bc: command not found
/tmp/ycsb-rocksdb/scripts/ioszdist.sh: line 84: bc: command not found
/tmp/ycsb-rocksdb/scripts/ioszdist.sh: line 84: bc: command not found
/tmp/ycsb-rocksdb/scripts/ioszdist.sh: line 84: bc: command not found
/tmp/ycsb-rocksdb/scripts/ioszdist.sh: line 84: bc: command not found
/tmp/ycsb-rocksdb/scripts/ioszdist.sh: line 84: bc: command not found
/tmp/ycsb-rocksdb/scripts/ioszdist.sh: line 84: bc: command not found
/tmp/ycsb-rocksdb/scripts/ioszdist.sh: line 84: bc: command not found
/tmp/ycsb-rocksdb/scripts/ioszdist.sh: line 84: bc: command not found
/tmp/ycsb-rocksdb/scripts/ioszdist.sh: line 84: bc: command not found
/tmp/ycsb-rocksdb/scripts/ioszdist.sh: line 84: bc: command not found
/tmp/ycsb-rocksdb/scripts/ioszdist.sh: line 84: bc: command not found
/tmp/ycsb-rocksdb/scripts/ioszdist.sh: line 84: bc: command not found
/tmp/ycsb-rocksdb/scripts/ioszdist.sh: line 84: bc: command not found
/tmp/ycsb-rocksdb/scripts/ioszdist.sh: line 84: bc: command not found
/tmp/ycsb-rocksdb/scripts/ioszdist.sh: line 84: bc: command not found
/tmp/ycsb-rocksdb/scripts/ioszdist.sh: line 84: bc: command not found
/tmp/ycsb-rocksdb/scripts/ioszdist.sh: line 84: bc: command not found
/tmp/ycsb-rocksdb/scripts/ioszdist.sh: line 84: bc: command not found
/tmp/ycsb-rocksdb/scripts/ioszdist.sh: line 84: bc: command not found
/tmp/ycsb-rocksdb/scripts/ioszdist.sh: line 84: bc: command not found
/tmp/ycsb-rocksdb/scripts/ioszdist.sh: line 84: bc: command not found
/tmp/ycsb-rocksdb/scripts/ioszdist.sh: line 84: bc: command not found
/tmp/ycsb-rocksdb/scripts/ioszdist.sh: line 84: bc: command not found
/tmp/ycsb-rocksdb/scripts/ioszdist.sh: line 84: bc: command not found
/tmp/ycsb-rocksdb/scripts/ioszdist.sh: line 84: bc: command not found
/tmp/ycsb-rocksdb/scripts/ioszdist.sh: line 84: bc: command not found
/tmp/ycsb-rocksdb/scripts/ioszdist.sh: line 84: bc: command not found
/tmp/ycsb-rocksdb/scripts/ioszdist.sh: line 84: bc: command not found
/tmp/ycsb-rocksdb/scripts/ioszdist.sh: line 84: bc: command not found
/tmp/ycsb-rocksdb/scripts/ioszdist.sh: line 84: bc: command not found
/tmp/ycsb-rocksdb/scripts/ioszdist.sh: line 84: bc: command not found
/tmp/ycsb-rocksdb/scripts/ioszdist.sh: line 84: bc: command not found
/tmp/ycsb-rocksdb/scripts/ioszdist.sh: line 84: bc: command not found
/tmp/ycsb-rocksdb/scripts/ioszdist.sh: line 84: bc: command not found
/tmp/ycsb-rocksdb/scripts/ioszdist.sh: line 84: bc: command not found
/tmp/ycsb-rocksdb/scripts/ioszdist.sh: line 84: bc: command not found
/tmp/ycsb-rocksdb/scripts/ioszdist.sh: line 84: bc: command not found
/tmp/ycsb-rocksdb/scripts/ioszdist.sh: line 84: bc: command not found
/tmp/ycsb-rocksdb/scripts/ioszdist.sh: line 84: bc: command not found
/tmp/ycsb-rocksdb/scripts/ioszdist.sh: line 84: bc: command not found
/tmp/ycsb-rocksdb/scripts/ioszdist.sh: line 84: bc: command not found
/tmp/ycsb-rocksdb/scripts/ioszdist.sh: line 84: bc: command not found
/tmp/ycsb-rocksdb/scripts/ioszdist.sh: line 84: bc: command not found
/tmp/ycsb-rocksdb/scripts/ioszdist.sh: line 84: bc: command not found
/tmp/ycsb-rocksdb/scripts/ioszdist.sh: line 84: bc: command not found
/tmp/ycsb-rocksdb/scripts/ioszdist.sh: line 84: bc: command not found
/tmp/ycsb-rocksdb/scripts/ioszdist.sh: line 84: bc: command not found
/tmp/ycsb-rocksdb/scripts/ioszdist.sh: line 84: bc: command not found
/tmp/ycsb-rocksdb/scripts/ioszdist.sh: line 84: bc: command not found
/tmp/ycsb-rocksdb/scripts/ioszdist.sh: line 84: bc: command not found
/tmp/ycsb-rocksdb/scripts/ioszdist.sh: line 84: bc: command not found
/tmp/ycsb-rocksdb/scripts/ioszdist.sh: line 84: bc: command not found
/tmp/ycsb-rocksdb/scripts/ioszdist.sh: line 84: bc: command not found
/tmp/ycsb-rocksdb/scripts/ioszdist.sh: line 84: bc: command not found
/tmp/ycsb-rocksdb/scripts/ioszdist.sh: line 84: bc: command not found
/tmp/ycsb-rocksdb/scripts/ioszdist.sh: line 84: bc: command not found
/tmp/ycsb-rocksdb/scripts/ioszdist.sh: line 84: bc: command not found
/tmp/ycsb-rocksdb/scripts/ioszdist.sh: line 84: bc: command not found
/tmp/ycsb-rocksdb/scripts/ioszdist.sh: line 84: bc: command not found
/tmp/ycsb-rocksdb/scripts/ioszdist.sh: line 84: bc: command not found
256           W    954550                0.000%            0.000%
8             W    31718                 0.000%            0.000%
248           W    24435                 0.000%            0.000%
152           W    681                   0.000%            0.000%
3             W    626                   0.000%            0.000%
120           W    364                   0.000%            0.000%
48            W    266                   0.000%            0.000%
32            W    262                   0.000%            0.000%
24            W    261                   0.000%            0.000%
192           W    244                   0.000%            0.000%
88            W    209                   0.000%            0.000%
112           W    202                   0.000%            0.000%
128           W    182                   0.000%            0.000%
216           W    174                   0.000%            0.000%
56            W    143                   0.000%            0.000%
16            W    123                   0.000%            0.000%
184           W    119                   0.000%            0.000%
25            W    107                   0.000%            0.000%
17            W    103                   0.000%            0.000%
19            W    94                    0.000%            0.000%
15            W    94                    0.000%            0.000%
18            W    90                    0.000%            0.000%
26            W    80                    0.000%            0.000%
96            W    75                    0.000%            0.000%
14            W    73                    0.000%            0.000%
23            W    72                    0.000%            0.000%
104           W    72                    0.000%            0.000%
12            W    71                    0.000%            0.000%
1             W    70                    0.000%            0.000%
13            W    65                    0.000%            0.000%
20            W    64                    0.000%            0.000%
27            W    60                    0.000%            0.000%
2             W    59                    0.000%            0.000%
11            W    57                    0.000%            0.000%
21            W    55                    0.000%            0.000%
22            W    51                    0.000%            0.000%
240           W    46                    0.000%            0.000%
10            W    46                    0.000%            0.000%
6             W    44                    0.000%            0.000%
28            W    44                    0.000%            0.000%
176           W    42                    0.000%            0.000%
29            W    41                    0.000%            0.000%
30            W    35                    0.000%            0.000%
160           W    33                    0.000%            0.000%
9             W    32                    0.000%            0.000%
7             W    30                    0.000%            0.000%
40            W    29                    0.000%            0.000%
168           W    27                    0.000%            0.000%
80            W    26                    0.000%            0.000%
31            W    26                    0.000%            0.000%
64            W    18                    0.000%            0.000%
5             W    15                    0.000%            0.000%
72            W    14                    0.000%            0.000%
224           W    14                    0.000%            0.000%
232           W    13                    0.000%            0.000%
208           W    13                    0.000%            0.000%
200           W    12                    0.000%            0.000%
144           W    12                    0.000%            0.000%
136           W    12                    0.000%            0.000%
33            W    11                    0.000%            0.000%
34            W    3                     0.000%            0.000%
8             R    2                     0.000%            0.000%
4             W    2                     0.000%            0.000%
32            R    2                     0.000%            0.000%
1             R    2                     0.000%            0.000%
37            W    1                     0.000%            0.000%
35            W    1                     0.000%            0.000%


SUMMARY (512-byte sectors)
----------------------------------------------------------------------
/tmp/ycsb-rocksdb/scripts/ioszdist.sh: line 102: bc: command not found
Total read I/Os : 6              [  0.000%]
/tmp/ycsb-rocksdb/scripts/ioszdist.sh: line 106: bc: command not found
Total write I/Os: 1016613        [  0.000%]
/tmp/ycsb-rocksdb/scripts/ioszdist.sh: line 112: bc: command not found
/tmp/ycsb-rocksdb/scripts/ioszdist.sh: line 112: bc: command not found
Total read sectors : 82          [  0.000%,       0.000MB]
/tmp/ycsb-rocksdb/scripts/ioszdist.sh: line 117: bc: command not found
/tmp/ycsb-rocksdb/scripts/ioszdist.sh: line 117: bc: command not found
Total write sectors: 251126286   [  0.000%,       0.000MB]
