[2019-03-10T14:27:36-07:00]
rchar: 148127
wchar: 8
syscr: 109
syscw: 8
read_bytes: 10407936
write_bytes: 32768
cancelled_write_bytes: 0

[2019-03-10T14:27:39-07:00]
rchar: 4366824
wchar: 127
syscr: 2343
syscw: 9
read_bytes: 23277568
write_bytes: 36864
cancelled_write_bytes: 0

[2019-03-10T14:27:42-07:00]
rchar: 4366824
wchar: 127
syscr: 2343
syscw: 9
read_bytes: 23277568
write_bytes: 36864
cancelled_write_bytes: 0

[2019-03-10T14:27:45-07:00]
rchar: 215333712
wchar: 33879431
syscr: 11065
syscw: 1343
read_bytes: 332071424
write_bytes: 33955840
cancelled_write_bytes: 0

[2019-03-10T14:27:48-07:00]
rchar: 598782989
wchar: 425276921
syscr: 49337
syscw: 14617
read_bytes: 777749504
write_bytes: 425852928
cancelled_write_bytes: 0

[2019-03-10T14:27:51-07:00]
rchar: 946890640
wchar: 660178035
syscr: 91539
syscw: 31884
read_bytes: 1198212096
write_bytes: 661045248
cancelled_write_bytes: 0

[2019-03-10T14:27:54-07:00]
rchar: 1417001099
wchar: 920416993
syscr: 148540
syscw: 64210
read_bytes: 1799214080
write_bytes: 921534464
cancelled_write_bytes: 0

[2019-03-10T14:27:57-07:00]
rchar: 1534176601
wchar: 1191659227
syscr: 162678
syscw: 66435
read_bytes: 1825465344
write_bytes: 1193242624
cancelled_write_bytes: 4096

[2019-03-10T14:28:00-07:00]
rchar: 1923765426
wchar: 1494928240
syscr: 209785
syscw: 71174
read_bytes: 1924105216
write_bytes: 1496977408
cancelled_write_bytes: 8192

[2019-03-10T14:28:03-07:00]
rchar: 2660547286
wchar: 1867185237
syscr: 299010
syscw: 91616
read_bytes: 2375586816
write_bytes: 1869684736
cancelled_write_bytes: 8192

[2019-03-10T14:28:06-07:00]
rchar: 3440347484
wchar: 2068433960
syscr: 393555
syscw: 122024
read_bytes: 2815714304
write_bytes: 2071060480
cancelled_write_bytes: 16384

[2019-03-10T14:28:09-07:00]
rchar: 3798490934
wchar: 2274864179
syscr: 436903
syscw: 132870
read_bytes: 2961179648
write_bytes: 2277797888
cancelled_write_bytes: 24576

[2019-03-10T14:28:12-07:00]
rchar: 5338878423
wchar: 2469626344
syscr: 623679
syscw: 174580
read_bytes: 3556422656
write_bytes: 2473586688
cancelled_write_bytes: 24576

[2019-03-10T14:28:15-07:00]
rchar: 5733748831
wchar: 2956472078
syscr: 671434
syscw: 176305
read_bytes: 3571860480
write_bytes: 2960273408
cancelled_write_bytes: 32768

[2019-03-10T14:28:18-07:00]
rchar: 6129171929
wchar: 3298626558
syscr: 719214
syscw: 177661
read_bytes: 3584754688
write_bytes: 3302981632
cancelled_write_bytes: 32768

[2019-03-10T14:28:21-07:00]
rchar: 6506140454
wchar: 3601889630
syscr: 764825
syscw: 180990
read_bytes: 3621524480
write_bytes: 3606740992
cancelled_write_bytes: 81920

[2019-03-10T14:28:24-07:00]
rchar: 6771443469
wchar: 3821364366
syscr: 796965
syscw: 183721
read_bytes: 3651507200
write_bytes: 3827560448
cancelled_write_bytes: 94208

[2019-03-10T14:28:27-07:00]
rchar: 7235341211
wchar: 4009676890
syscr: 853206
syscw: 198510
read_bytes: 3842257920
write_bytes: 4015050752
cancelled_write_bytes: 110592

[2019-03-10T14:28:30-07:00]
rchar: 8010377418
wchar: 4260565239
syscr: 947192
syscw: 232109
read_bytes: 4288271360
write_bytes: 4266127360
cancelled_write_bytes: 110592

[2019-03-10T14:28:33-07:00]
rchar: 9212650631
wchar: 4466171534
syscr: 1092898
syscw: 264135
read_bytes: 4718158848
write_bytes: 4471861248
cancelled_write_bytes: 118784

[2019-03-10T14:28:36-07:00]
rchar: 9996931718
wchar: 4731125071
syscr: 1187997
syscw: 285567
read_bytes: 5001430016
write_bytes: 4737122304
cancelled_write_bytes: 118784

[2019-03-10T14:28:39-07:00]
rchar: 10580464100
wchar: 5225807085
syscr: 1258527
syscw: 287678
read_bytes: 5019449344
write_bytes: 5232664576
cancelled_write_bytes: 126976

[2019-03-10T14:28:42-07:00]
rchar: 11065097305
wchar: 5567937393
syscr: 1317120
syscw: 293203
read_bytes: 5103687680
write_bytes: 5575368704
cancelled_write_bytes: 126976

[2019-03-10T14:28:45-07:00]
rchar: 11818007728
wchar: 5870181487
syscr: 1408397
syscw: 318458
read_bytes: 5551130624
write_bytes: 5877903360
cancelled_write_bytes: 131072

[2019-03-10T14:28:48-07:00]
rchar: 12556236299
wchar: 6172740844
syscr: 1497897
syscw: 342756
read_bytes: 5996070912
write_bytes: 6180769792
cancelled_write_bytes: 131072

[2019-03-10T14:28:51-07:00]
rchar: 12608228599
wchar: 6374278913
syscr: 1504199
syscw: 343993
read_bytes: 6009214976
write_bytes: 6382682112
cancelled_write_bytes: 131072

[2019-03-10T14:28:54-07:00]
rchar: 13421598431
wchar: 6595625648
syscr: 1602727
syscw: 363680
read_bytes: 6342903808
write_bytes: 6604247040
cancelled_write_bytes: 143360

[2019-03-10T14:28:57-07:00]
rchar: 14537010590
wchar: 6915386287
syscr: 1737958
syscw: 390440
read_bytes: 6810884096
write_bytes: 6924312576
cancelled_write_bytes: 143360

[2019-03-10T14:29:00-07:00]
rchar: 15019759391
wchar: 7051492657
syscr: 1796489
syscw: 402180
read_bytes: 7009802240
write_bytes: 7060541440
cancelled_write_bytes: 143360

[2019-03-10T14:29:03-07:00]
rchar: 15509442961
wchar: 7337465202
syscr: 1855776
syscw: 411434
read_bytes: 7165753344
write_bytes: 7346958336
cancelled_write_bytes: 151552

[2019-03-10T14:29:06-07:00]
rchar: 16780500008
wchar: 7633041391
syscr: 2009875
syscw: 435180
read_bytes: 7574763520
write_bytes: 7642828800
cancelled_write_bytes: 151552

[2019-03-10T14:29:09-07:00]
rchar: 18069410835
wchar: 7933042108
syscr: 2166136
syscw: 459562
read_bytes: 7987005440
write_bytes: 7943131136
cancelled_write_bytes: 151552

[2019-03-10T14:29:12-07:00]
rchar: 18187972313
wchar: 8128323174
syscr: 2180515
syscw: 461953
read_bytes: 8022861824
write_bytes: 8138743808
cancelled_write_bytes: 151552

[2019-03-10T14:29:15-07:00]
rchar: 19467006963
wchar: 8709682335
syscr: 2335388
syscw: 474783
read_bytes: 8225515520
write_bytes: 8720986112
cancelled_write_bytes: 159744

[2019-03-10T14:29:18-07:00]
rchar: 20015728828
wchar: 9163698152
syscr: 2401730
syscw: 476551
read_bytes: 8238303232
write_bytes: 9175789568
cancelled_write_bytes: 159744

[2019-03-10T14:29:21-07:00]
rchar: 20406029774
wchar: 9352444554
syscr: 2448946
syscw: 485088
read_bytes: 8362977280
write_bytes: 9364819968
cancelled_write_bytes: 159744

[2019-03-10T14:29:24-07:00]
rchar: 21271721256
wchar: 9681301043
syscr: 2553892
syscw: 511715
read_bytes: 8792610816
write_bytes: 9694007296
cancelled_write_bytes: 159744

[2019-03-10T14:29:27-07:00]
rchar: 21578548957
wchar: 9798089073
syscr: 2591093
syscw: 521502
read_bytes: 8947025920
write_bytes: 9810915328
cancelled_write_bytes: 159744

[2019-03-10T14:29:30-07:00]
rchar: 21985491550
wchar: 10073032310
syscr: 2640355
syscw: 531039
read_bytes: 9091418112
write_bytes: 10086285312
cancelled_write_bytes: 167936

[2019-03-10T14:29:33-07:00]
rchar: 23054641873
wchar: 10353596390
syscr: 2769973
syscw: 555327
read_bytes: 9464055808
write_bytes: 10367123456
cancelled_write_bytes: 167936

[2019-03-10T14:29:36-07:00]
rchar: 24088822318
wchar: 10629454305
syscr: 2895359
syscw: 578602
read_bytes: 9824761856
write_bytes: 10643243008
cancelled_write_bytes: 167936

[2019-03-10T14:29:39-07:00]
rchar: 24348681549
wchar: 10847579740
syscr: 2926786
syscw: 583929
read_bytes: 9896720384
write_bytes: 10862141440
cancelled_write_bytes: 184320

[2019-03-10T14:29:42-07:00]
rchar: 25856376781
wchar: 11182675745
syscr: 3109574
syscw: 610297
read_bytes: 10308245504
write_bytes: 11197165568
cancelled_write_bytes: 184320

[2019-03-10T14:29:45-07:00]
rchar: 27215346975
wchar: 11490055778
syscr: 3274324
syscw: 634832
read_bytes: 10686896128
write_bytes: 11504869376
cancelled_write_bytes: 184320

[2019-03-10T14:29:48-07:00]
rchar: 27389545351
wchar: 11639250250
syscr: 3295449
syscw: 637997
read_bytes: 10736273408
write_bytes: 11654303744
cancelled_write_bytes: 184320

[2019-03-10T14:29:51-07:00]
rchar: 28301871950
wchar: 11858769206
syscr: 3405978
syscw: 651549
read_bytes: 10934011904
write_bytes: 11874099200
cancelled_write_bytes: 192512

[2019-03-10T14:29:54-07:00]
rchar: 29720286016
wchar: 12302677703
syscr: 3577942
syscw: 668661
read_bytes: 11187279872
write_bytes: 12318601216
cancelled_write_bytes: 192512

[2019-03-10T14:29:57-07:00]
rchar: 30116163390
wchar: 12625002422
syscr: 3625798
syscw: 670036
read_bytes: 11196696576
write_bytes: 12641480704
cancelled_write_bytes: 192512

[2019-03-10T14:30:00-07:00]
rchar: 30645616647
wchar: 13051248622
syscr: 3689820
syscw: 671896
read_bytes: 11209529344
write_bytes: 13068464128
cancelled_write_bytes: 192512

[2019-03-10T14:30:03-07:00]
rchar: 31343309853
wchar: 13389015028
syscr: 3774253
syscw: 686044
read_bytes: 11400730624
write_bytes: 13406720000
cancelled_write_bytes: 192512

[2019-03-10T14:30:06-07:00]
rchar: 31712671593
wchar: 13685611430
syscr: 3819037
syscw: 697220
read_bytes: 11558107136
write_bytes: 13703745536
cancelled_write_bytes: 192512

[2019-03-10T14:30:09-07:00]
rchar: 32846038140
wchar: 13966938337
syscr: 3956376
syscw: 720964
read_bytes: 11889248256
write_bytes: 13985357824
cancelled_write_bytes: 200704

[2019-03-10T14:30:12-07:00]
rchar: 33442057628
wchar: 14352706124
syscr: 4028613
syscw: 727471
read_bytes: 11961616384
write_bytes: 14371672064
cancelled_write_bytes: 200704

[2019-03-10T14:30:15-07:00]
rchar: 34668943922
wchar: 14738248129
syscr: 4177350
syscw: 751445
read_bytes: 12307433472
write_bytes: 14757658624
cancelled_write_bytes: 204800

[2019-03-10T14:30:18-07:00]
rchar: 34724316197
wchar: 14916736341
syscr: 4184065
syscw: 753009
read_bytes: 12324182016
write_bytes: 14936461312
cancelled_write_bytes: 204800

[2019-03-10T14:30:21-07:00]
rchar: 36008429795
wchar: 15185413511
syscr: 4339668
syscw: 774327
read_bytes: 12629993472
write_bytes: 15205425152
cancelled_write_bytes: 217088

[2019-03-10T14:30:24-07:00]
rchar: 37634601678
wchar: 15519627838
syscr: 4536822
syscw: 802518
read_bytes: 13027022848
write_bytes: 15539970048
cancelled_write_bytes: 217088

[2019-03-10T14:30:27-07:00]
rchar: 38192943148
wchar: 15800661961
syscr: 4604438
syscw: 811870
read_bytes: 13153949696
write_bytes: 15821434880
cancelled_write_bytes: 229376

[2019-03-10T14:30:30-07:00]
rchar: 40283130531
wchar: 16176313504
syscr: 4857849
syscw: 840508
read_bytes: 13568837632
write_bytes: 16197464064
cancelled_write_bytes: 229376

[2019-03-10T14:30:33-07:00]
rchar: 41658335801
wchar: 16633644105
syscr: 5024585
syscw: 856539
read_bytes: 13786343424
write_bytes: 16655421440
cancelled_write_bytes: 229376

[2019-03-10T14:30:36-07:00]
rchar: 42206473034
wchar: 17073609445
syscr: 5090814
syscw: 858499
read_bytes: 13798385664
write_bytes: 17096122368
cancelled_write_bytes: 229376

[2019-03-10T14:30:39-07:00]
rchar: 42764918341
wchar: 17520761202
syscr: 5158331
syscw: 860516
read_bytes: 13810468864
write_bytes: 17544032256
cancelled_write_bytes: 229376

[2019-03-10T14:30:42-07:00]
rchar: 43065839443
wchar: 17739267532
syscr: 5194729
syscw: 863004
read_bytes: 13829572608
write_bytes: 17762877440
cancelled_write_bytes: 229376

[2019-03-10T14:30:45-07:00]
rchar: 43250168229
wchar: 17847340481
syscr: 5217068
syscw: 866329
read_bytes: 13867948032
write_bytes: 17871101952
cancelled_write_bytes: 229376

[2019-03-10T14:30:48-07:00]
rchar: 43282694110
wchar: 18022712939
syscr: 5221013
syscw: 867679
read_bytes: 13879846912
write_bytes: 18046795776
cancelled_write_bytes: 229376

[2019-03-10T14:30:51-07:00]
rchar: 44607167586
wchar: 18353078503
syscr: 5381517
syscw: 894170
read_bytes: 14234466304
write_bytes: 18377498624
cancelled_write_bytes: 237568

[2019-03-10T14:30:54-07:00]
rchar: 45258225162
wchar: 18757378610
syscr: 5460424
syscw: 901247
read_bytes: 14307026944
write_bytes: 18782375936
cancelled_write_bytes: 237568

[2019-03-10T14:30:57-07:00]
rchar: 46285992929
wchar: 19032668522
syscr: 5585030
syscw: 921337
read_bytes: 14569932800
write_bytes: 19057954816
cancelled_write_bytes: 241664

[2019-03-10T14:31:00-07:00]
rchar: 46483564083
wchar: 19232384329
syscr: 5608908
syscw: 925383
read_bytes: 14614476800
write_bytes: 19258007552
cancelled_write_bytes: 253952

[2019-03-10T14:31:03-07:00]
rchar: 46936612039
wchar: 19490137746
syscr: 5663812
syscw: 929497
read_bytes: 14651144192
write_bytes: 19516137472
cancelled_write_bytes: 253952

[2019-03-10T14:31:06-07:00]
rchar: 47814937066
wchar: 19877285644
syscr: 5770281
syscw: 939860
read_bytes: 14771197952
write_bytes: 19903795200
cancelled_write_bytes: 253952

[2019-03-10T14:31:09-07:00]
rchar: 49513931858
wchar: 20306146172
syscr: 5976262
syscw: 966191
read_bytes: 15113201664
write_bytes: 20333129728
cancelled_write_bytes: 262144

[2019-03-10T14:31:12-07:00]
rchar: 50282192136
wchar: 20674950886
syscr: 6069381
syscw: 974940
read_bytes: 15211747328
write_bytes: 20702437376
cancelled_write_bytes: 262144

[2019-03-10T14:31:15-07:00]
rchar: 50494161584
wchar: 20857327807
syscr: 6095077
syscw: 979115
read_bytes: 15258155008
write_bytes: 20885127168
cancelled_write_bytes: 262144

[2019-03-10T14:31:18-07:00]
rchar: 50948924675
wchar: 21069192132
syscr: 6150150
syscw: 984285
read_bytes: 15398877184
write_bytes: 21097287680
cancelled_write_bytes: 270336

[2019-03-10T14:31:21-07:00]
rchar: 51848575989
wchar: 21416961912
syscr: 6259222
syscw: 994922
read_bytes: 15690897408
write_bytes: 21445513216
cancelled_write_bytes: 270336

[2019-03-10T14:31:24-07:00]
rchar: 52662366738
wchar: 21736178973
syscr: 6357862
syscw: 1004727
read_bytes: 15955679232
write_bytes: 21765132288
cancelled_write_bytes: 270336

[2019-03-10T14:31:27-07:00]
rchar: 53421309458
wchar: 22044429045
syscr: 6449845
syscw: 1013774
read_bytes: 16210188288
write_bytes: 22073823232
cancelled_write_bytes: 270336

[2019-03-10T14:31:30-07:00]
rchar: 54214111177
wchar: 22411959008
syscr: 6545953
syscw: 1022523
read_bytes: 16445569024
write_bytes: 22441836544
cancelled_write_bytes: 270336

[2019-03-10T14:31:33-07:00]
rchar: 55111970859
wchar: 22831394882
syscr: 6654780
syscw: 1032230
read_bytes: 16682899456
write_bytes: 22861828096
cancelled_write_bytes: 270336

[2019-03-10T14:31:36-07:00]
rchar: 55838985831
wchar: 23093559241
syscr: 6742894
syscw: 1041559
read_bytes: 16909109248
write_bytes: 23124340736
cancelled_write_bytes: 270336

[2019-03-10T14:31:39-07:00]
rchar: 56032425326
wchar: 23327044912
syscr: 6766353
syscw: 1044277
read_bytes: 16968525824
write_bytes: 23358201856
cancelled_write_bytes: 270336

[2019-03-10T14:31:42-07:00]
rchar: 56570962179
wchar: 23750653610
syscr: 6831587
syscw: 1046178
read_bytes: 17014990848
write_bytes: 23782457344
cancelled_write_bytes: 278528

[2019-03-10T14:31:45-07:00]
rchar: 57158045184
wchar: 24237103946
syscr: 6902536
syscw: 1047668
read_bytes: 17059874816
write_bytes: 24269733888
cancelled_write_bytes: 278528

[2019-03-10T14:31:48-07:00]
rchar: 57543172188
wchar: 24557201988
syscr: 6949117
syscw: 1048713
read_bytes: 17093687296
write_bytes: 24591077376
cancelled_write_bytes: 278528

[2019-03-10T14:31:51-07:00]
rchar: 58002527031
wchar: 24932724364
syscr: 7004650
syscw: 1050001
read_bytes: 17137551360
write_bytes: 24966512640
cancelled_write_bytes: 278528

[2019-03-10T14:31:54-07:00]
rchar: 58372256027
wchar: 25204078492
syscr: 7049446
syscw: 1053939
read_bytes: 17311406080
write_bytes: 25238237184
cancelled_write_bytes: 278528

[2019-03-10T14:31:57-07:00]
rchar: 58774665410
wchar: 25490486616
syscr: 7098214
syscw: 1058864
read_bytes: 17537366016
write_bytes: 25525043200
cancelled_write_bytes: 278528

[2019-03-10T14:32:00-07:00]
rchar: 59141683888
wchar: 25750358779
syscr: 7142674
syscw: 1063518
read_bytes: 17740552192
write_bytes: 25785294848
cancelled_write_bytes: 278528

[2019-03-10T14:32:03-07:00]
rchar: 59592577971
wchar: 26069563217
syscr: 7197311
syscw: 1069376
read_bytes: 17986856960
write_bytes: 26104942592
cancelled_write_bytes: 282624

[2019-03-10T14:32:06-07:00]
rchar: 60054303689
wchar: 26397024707
syscr: 7253304
syscw: 1075157
read_bytes: 18245376000
write_bytes: 26432823296
cancelled_write_bytes: 282624

[2019-03-10T14:32:09-07:00]
rchar: 60442669168
wchar: 26669520179
syscr: 7300362
syscw: 1080219
read_bytes: 18457548800
write_bytes: 26705723392
cancelled_write_bytes: 282624

[2019-03-10T14:32:12-07:00]
rchar: 60675782678
wchar: 26837025883
syscr: 7328599
syscw: 1083214
read_bytes: 18586875904
write_bytes: 26873462784
cancelled_write_bytes: 282624

[2019-03-10T14:32:15-07:00]
rchar: 61159067625
wchar: 27223609700
syscr: 7387137
syscw: 1087455
read_bytes: 18745370624
write_bytes: 27260624896
cancelled_write_bytes: 282624

[2019-03-10T14:32:18-07:00]
rchar: 61587034718
wchar: 27535995092
syscr: 7439022
syscw: 1092872
read_bytes: 18946955264
write_bytes: 27573440512
cancelled_write_bytes: 282624

[2019-03-10T14:32:21-07:00]
rchar: 62015822298
wchar: 27834203469
syscr: 7491010
syscw: 1098879
read_bytes: 19157387264
write_bytes: 27872055296
cancelled_write_bytes: 282624

[2019-03-10T14:32:24-07:00]
rchar: 62591866744
wchar: 28271457446
syscr: 7560796
syscw: 1105079
read_bytes: 19359918080
write_bytes: 28309942272
cancelled_write_bytes: 282624

[2019-03-10T14:32:27-07:00]
rchar: 62926780209
wchar: 28550717883
syscr: 7601369
syscw: 1107524
read_bytes: 19429373952
write_bytes: 28589617152
cancelled_write_bytes: 282624

[2019-03-10T14:32:30-07:00]
rchar: 63324597698
wchar: 28836397650
syscr: 7649599
syscw: 1112857
read_bytes: 19584227328
write_bytes: 28875677696
cancelled_write_bytes: 282624

[2019-03-10T14:32:33-07:00]
rchar: 63537392499
wchar: 29119031826
syscr: 7675305
syscw: 1116085
read_bytes: 19677956096
write_bytes: 29158793216
cancelled_write_bytes: 294912

[2019-03-10T14:32:36-07:00]
rchar: 64197647986
wchar: 29465340741
syscr: 7755329
syscw: 1125411
read_bytes: 19954468864
write_bytes: 29506162688
cancelled_write_bytes: 294912

[2019-03-10T14:32:39-07:00]
rchar: 64788609285
wchar: 29771897686
syscr: 7826960
syscw: 1133919
read_bytes: 20196128768
write_bytes: 29812523008
cancelled_write_bytes: 294912

[2019-03-10T14:32:42-07:00]
rchar: 65486302176
wchar: 30129981250
syscr: 7911525
syscw: 1144360
read_bytes: 20478920704
write_bytes: 30171058176
cancelled_write_bytes: 294912

[2019-03-10T14:32:45-07:00]
rchar: 66132780635
wchar: 30464207602
syscr: 7989885
syscw: 1154035
read_bytes: 20728227840
write_bytes: 30505779200
cancelled_write_bytes: 294912

[2019-03-10T14:32:48-07:00]
rchar: 66672480564
wchar: 30731294620
syscr: 8055288
syscw: 1162516
read_bytes: 20923668480
write_bytes: 30773583872
cancelled_write_bytes: 294912

[2019-03-10T14:32:51-07:00]
rchar: 67371205647
wchar: 30950742324
syscr: 8139986
syscw: 1176089
read_bytes: 21063235584
write_bytes: 30992961536
cancelled_write_bytes: 294912

[2019-03-10T14:32:54-07:00]
rchar: 67964795566
wchar: 31230805007
syscr: 8211874
syscw: 1186520
read_bytes: 21162711040
write_bytes: 31273443328
cancelled_write_bytes: 303104

[2019-03-10T14:32:57-07:00]
rchar: 69310635119
wchar: 31738374521
syscr: 8375020
syscw: 1203512
read_bytes: 21314861056
write_bytes: 31781687296
cancelled_write_bytes: 303104

[2019-03-10T14:33:00-07:00]
rchar: 70251008879
wchar: 32116264803
syscr: 8489024
syscw: 1214579
read_bytes: 21419735040
write_bytes: 32160079872
cancelled_write_bytes: 303104

[2019-03-10T14:33:03-07:00]
rchar: 71341831539
wchar: 32375705157
syscr: 8621270
syscw: 1232090
read_bytes: 21590063104
write_bytes: 32419803136
cancelled_write_bytes: 303104

[2019-03-10T14:33:06-07:00]
rchar: 72536415309
wchar: 32739836559
syscr: 8766016
syscw: 1249232
read_bytes: 21753010176
write_bytes: 32784441344
cancelled_write_bytes: 311296

[2019-03-10T14:33:09-07:00]
rchar: 73852462504
wchar: 33199817894
syscr: 8925557
syscw: 1263757
read_bytes: 21877475328
write_bytes: 33245028352
cancelled_write_bytes: 311296

[2019-03-10T14:33:12-07:00]
rchar: 74694557584
wchar: 33603032925
syscr: 9027632
syscw: 1271318
read_bytes: 21930481664
write_bytes: 33648812032
cancelled_write_bytes: 311296

[2019-03-10T14:33:15-07:00]
rchar: 75488389131
wchar: 34042045813
syscr: 9123847
syscw: 1277406
read_bytes: 21965772800
write_bytes: 34088460288
cancelled_write_bytes: 311296

[2019-03-10T14:33:18-07:00]
rchar: 76553269511
wchar: 34534309452
syscr: 9252941
syscw: 1286873
read_bytes: 22046332928
write_bytes: 34581430272
cancelled_write_bytes: 311296

[2019-03-10T14:33:21-07:00]
rchar: 77125139403
wchar: 35006426978
syscr: 9322060
syscw: 1288835
read_bytes: 22053836800
write_bytes: 35054350336
cancelled_write_bytes: 311296

[2019-03-10T14:33:24-07:00]
rchar: 77461891165
wchar: 35340479626
syscr: 9362775
syscw: 1290578
read_bytes: 22061176832
write_bytes: 35388964864
cancelled_write_bytes: 311296

[2019-03-10T14:33:27-07:00]
rchar: 77847023494
wchar: 35672606950
syscr: 9409255
syscw: 1293218
read_bytes: 22075320320
write_bytes: 35721670656
cancelled_write_bytes: 319488

[2019-03-10T14:33:30-07:00]
rchar: 78648056389
wchar: 36009614511
syscr: 9506376
syscw: 1306072
read_bytes: 22336186368
write_bytes: 36059078656
cancelled_write_bytes: 319488

[2019-03-10T14:33:33-07:00]
rchar: 79432002487
wchar: 36378805546
syscr: 9601384
syscw: 1318256
read_bytes: 22573209600
write_bytes: 36428754944
cancelled_write_bytes: 319488

[2019-03-10T14:33:36-07:00]
rchar: 80437887167
wchar: 36815509427
syscr: 9723315
syscw: 1334578
read_bytes: 22903093248
write_bytes: 36866023424
cancelled_write_bytes: 323584

[2019-03-10T14:33:39-07:00]
rchar: 81161941396
wchar: 37150297091
syscr: 9811109
syscw: 1346032
read_bytes: 23117895680
write_bytes: 37201219584
cancelled_write_bytes: 323584

[2019-03-10T14:33:42-07:00]
rchar: 81621043706
wchar: 37459756819
syscr: 9866744
syscw: 1354090
read_bytes: 23265626112
write_bytes: 37511139328
cancelled_write_bytes: 323584

[2019-03-10T14:33:45-07:00]
rchar: 82041592392
wchar: 37691285720
syscr: 9917646
syscw: 1359576
read_bytes: 23359707136
write_bytes: 37743022080
cancelled_write_bytes: 331776

[2019-03-10T14:33:48-07:00]
rchar: 82851241140
wchar: 37994801923
syscr: 10015806
syscw: 1370676
read_bytes: 23565539328
write_bytes: 38046932992
cancelled_write_bytes: 331776

[2019-03-10T14:33:51-07:00]
rchar: 83818753234
wchar: 38461783917
syscr: 10133061
syscw: 1381927
read_bytes: 23771748352
write_bytes: 38514532352
cancelled_write_bytes: 331776

[2019-03-10T14:33:54-07:00]
rchar: 84246507319
wchar: 38752217161
syscr: 10184914
syscw: 1385283
read_bytes: 23812159488
write_bytes: 38805381120
cancelled_write_bytes: 331776

[2019-03-10T14:33:57-07:00]
rchar: 85328070736
wchar: 39060375925
syscr: 10316019
syscw: 1401925
read_bytes: 24044455936
write_bytes: 39113920512
cancelled_write_bytes: 331776

[2019-03-10T14:34:00-07:00]
rchar: 86130065645
wchar: 39240563851
syscr: 10413246
syscw: 1415387
read_bytes: 24178915328
write_bytes: 39294312448
cancelled_write_bytes: 331776

[2019-03-10T14:34:03-07:00]
rchar: 87348602348
wchar: 39542053616
syscr: 10560910
syscw: 1431686
read_bytes: 24298801152
write_bytes: 39596204032
cancelled_write_bytes: 339968

[2019-03-10T14:34:06-07:00]
rchar: 87992054228
wchar: 39939161058
syscr: 10638900
syscw: 1436009
read_bytes: 24319268864
write_bytes: 39993880576
cancelled_write_bytes: 339968

[2019-03-10T14:34:09-07:00]
rchar: 88816115554
wchar: 40393905600
syscr: 10738779
syscw: 1442249
read_bytes: 24349677568
write_bytes: 40449294336
cancelled_write_bytes: 339968

[2019-03-10T14:34:12-07:00]
rchar: 89457821480
wchar: 40715153640
syscr: 10816559
syscw: 1447911
read_bytes: 24376985600
write_bytes: 40771006464
cancelled_write_bytes: 339968

[2019-03-10T14:34:15-07:00]
rchar: 91113615354
wchar: 41162734198
syscr: 11017287
syscw: 1466692
read_bytes: 24543209472
write_bytes: 41219956736
cancelled_write_bytes: 348160

[2019-03-10T14:34:18-07:00]
rchar: 91464738878
wchar: 41379014584
syscr: 11059842
syscw: 1469321
read_bytes: 24554739712
write_bytes: 41435750400
cancelled_write_bytes: 348160

[2019-03-10T14:34:21-07:00]
rchar: 91884167459
wchar: 41743106169
syscr: 11110678
syscw: 1473624
read_bytes: 24573900800
write_bytes: 41800409088
cancelled_write_bytes: 348160

[2019-03-10T14:34:24-07:00]
rchar: 92574084828
wchar: 42262267209
syscr: 11194255
syscw: 1476562
read_bytes: 24585295872
write_bytes: 42320351232
cancelled_write_bytes: 356352

[2019-03-10T14:34:27-07:00]
rchar: 93020126511
wchar: 42577539770
syscr: 11248292
syscw: 1478711
read_bytes: 24593520640
write_bytes: 42636124160
cancelled_write_bytes: 356352

[2019-03-10T14:34:30-07:00]
rchar: 93469064202
wchar: 42895705376
syscr: 11302728
syscw: 1480845
read_bytes: 24601638912
write_bytes: 42954772480
cancelled_write_bytes: 356352

[2019-03-10T14:34:33-07:00]
rchar: 94089415230
wchar: 43346589772
syscr: 11377900
syscw: 1483500
read_bytes: 24611911680
write_bytes: 43406368768
cancelled_write_bytes: 356352

[2019-03-10T14:34:36-07:00]
rchar: 94702267525
wchar: 43788265074
syscr: 11452161
syscw: 1486242
read_bytes: 24622495744
write_bytes: 43848724480
cancelled_write_bytes: 356352

[2019-03-10T14:34:39-07:00]
rchar: 95146607311
wchar: 44110540268
syscr: 11506020
syscw: 1488353
read_bytes: 24630405120
write_bytes: 44171501568
cancelled_write_bytes: 356352

[2019-03-10T14:34:42-07:00]
rchar: 95730596935
wchar: 44543596828
syscr: 11576477
syscw: 1491147
read_bytes: 24640481280
write_bytes: 44605214720
cancelled_write_bytes: 356352

[2019-03-10T14:34:45-07:00]
rchar: 96094554936
wchar: 44842948511
syscr: 11620565
syscw: 1493214
read_bytes: 24649054208
write_bytes: 44905041920
cancelled_write_bytes: 356352

[2019-03-10T14:34:48-07:00]
rchar: 96946012874
wchar: 45322497254
syscr: 11723789
syscw: 1505024
read_bytes: 24709011456
write_bytes: 45385269248
cancelled_write_bytes: 356352

[2019-03-10T14:34:51-07:00]
rchar: 97448446522
wchar: 45747091042
syscr: 11784534
syscw: 1507933
read_bytes: 24720537600
write_bytes: 45810577408
cancelled_write_bytes: 356352

[2019-03-10T14:34:54-07:00]
rchar: 97709748004
wchar: 45950490500
syscr: 11816122
syscw: 1509943
read_bytes: 24728856576
write_bytes: 46014308352
cancelled_write_bytes: 356352

[2019-03-10T14:34:57-07:00]
rchar: 98336683312
wchar: 46381237300
syscr: 11891958
syscw: 1517110
read_bytes: 24764766208
write_bytes: 46445735936
cancelled_write_bytes: 356352

[2019-03-10T14:35:00-07:00]
rchar: 98729552717
wchar: 46673688862
syscr: 11939558
syscw: 1520976
read_bytes: 24782350336
write_bytes: 46738608128
cancelled_write_bytes: 356352

[2019-03-10T14:35:03-07:00]
rchar: 99220521542
wchar: 46936247622
syscr: 11999085
syscw: 1531908
read_bytes: 24852662272
write_bytes: 47001690112
cancelled_write_bytes: 356352

[2019-03-10T14:35:06-07:00]
rchar: 99408294805
wchar: 47116027361
syscr: 12021766
syscw: 1535485
read_bytes: 24873752576
write_bytes: 47181594624
cancelled_write_bytes: 372736

[2019-03-10T14:35:09-07:00]
rchar: 100058047804
wchar: 47546328094
syscr: 12100524
syscw: 1541293
read_bytes: 24900888576
write_bytes: 47612522496
cancelled_write_bytes: 372736

[2019-03-10T14:35:12-07:00]
rchar: 100741556475
wchar: 48020826378
syscr: 12183352
syscw: 1546998
read_bytes: 24926717952
write_bytes: 48087691264
cancelled_write_bytes: 372736

[2019-03-10T14:35:15-07:00]
rchar: 101521192369
wchar: 48351619085
syscr: 12277861
syscw: 1558515
read_bytes: 25001674752
write_bytes: 48418938880
cancelled_write_bytes: 376832

[2019-03-10T14:35:18-07:00]
rchar: 102131561463
wchar: 48701950135
syscr: 12351847
syscw: 1565666
read_bytes: 25035843584
write_bytes: 48769761280
cancelled_write_bytes: 397312

[2019-03-10T14:35:21-07:00]
rchar: 102754522068
wchar: 49086956229
syscr: 12427350
syscw: 1572212
read_bytes: 25066715136
write_bytes: 49155313664
cancelled_write_bytes: 401408

[2019-03-10T14:35:24-07:00]
rchar: 103556034634
wchar: 49437618437
syscr: 12524510
syscw: 1584715
read_bytes: 25149974528
write_bytes: 49506435072
cancelled_write_bytes: 405504

[2019-03-10T14:35:27-07:00]
rchar: 104074683810
wchar: 49803199182
syscr: 12587366
syscw: 1589398
read_bytes: 25170589696
write_bytes: 49872543744
cancelled_write_bytes: 405504

[2019-03-10T14:35:30-07:00]
rchar: 104139526287
wchar: 49976632352
syscr: 12595223
syscw: 1591424
read_bytes: 25178765312
write_bytes: 50046291968
cancelled_write_bytes: 409600

[2019-03-10T14:35:33-07:00]
rchar: 106035950571
wchar: 50282591724
syscr: 12825080
syscw: 1623225
read_bytes: 25443334144
write_bytes: 50352488448
cancelled_write_bytes: 421888

[2019-03-10T14:35:36-07:00]
rchar: 107196544215
wchar: 50505629896
syscr: 12965794
syscw: 1641793
read_bytes: 25609459712
write_bytes: 50575732736
cancelled_write_bytes: 421888

[2019-03-10T14:35:39-07:00]
rchar: 108017173743
wchar: 50786439847
syscr: 13065210
syscw: 1653681
read_bytes: 25706334208
write_bytes: 50856947712
cancelled_write_bytes: 430080

[2019-03-10T14:35:42-07:00]
rchar: 109368448545
wchar: 51331311317
syscr: 13228930
syscw: 1666408
read_bytes: 25811585024
write_bytes: 51402612736
cancelled_write_bytes: 430080

[2019-03-10T14:35:45-07:00]
rchar: 109802148811
wchar: 51642492192
syscr: 13281402
syscw: 1668765
read_bytes: 25820022784
write_bytes: 51714326528
cancelled_write_bytes: 430080

[2019-03-10T14:35:48-07:00]
rchar: 110216638485
wchar: 51938793461
syscr: 13331541
syscw: 1671048
read_bytes: 25828005888
write_bytes: 52011122688
cancelled_write_bytes: 430080

[2019-03-10T14:35:51-07:00]
rchar: 110969561889
wchar: 52176010941
syscr: 13422755
syscw: 1688746
read_bytes: 25947543552
write_bytes: 52248604672
cancelled_write_bytes: 430080

[2019-03-10T14:35:54-07:00]
rchar: 111372757907
wchar: 52432873781
syscr: 13471635
syscw: 1697099
read_bytes: 26013526016
write_bytes: 52505825280
cancelled_write_bytes: 430080

[2019-03-10T14:35:57-07:00]
rchar: 111855329696
wchar: 52856800200
syscr: 13530033
syscw: 1701424
read_bytes: 26030471168
write_bytes: 52930412544
cancelled_write_bytes: 442368

[2019-03-10T14:36:00-07:00]
rchar: 112776547518
wchar: 53208953781
syscr: 13641711
syscw: 1715769
read_bytes: 26116229120
write_bytes: 53283016704
cancelled_write_bytes: 446464

[2019-03-10T14:36:03-07:00]
rchar: 113383655767
wchar: 53606584170
syscr: 13715286
syscw: 1721475
read_bytes: 26139977728
write_bytes: 53681221632
cancelled_write_bytes: 446464

[2019-03-10T14:36:06-07:00]
rchar: 113972294401
wchar: 53968248516
syscr: 13786634
syscw: 1727687
read_bytes: 26166454272
write_bytes: 54043398144
cancelled_write_bytes: 450560

[2019-03-10T14:36:09-07:00]
rchar: 114825668738
wchar: 54402017888
syscr: 13890074
syscw: 1738814
read_bytes: 26235725824
write_bytes: 54477774848
cancelled_write_bytes: 454656

[2019-03-10T14:36:12-07:00]
rchar: 115248410408
wchar: 54692315465
syscr: 13941308
syscw: 1742805
read_bytes: 26251569152
write_bytes: 54768492544
cancelled_write_bytes: 454656

[2019-03-10T14:36:15-07:00]
rchar: 115848724650
wchar: 54915812630
syscr: 14014082
syscw: 1753446
read_bytes: 26316519424
write_bytes: 54992285696
cancelled_write_bytes: 458752

[2019-03-10T14:36:18-07:00]
rchar: 117228483223
wchar: 55303430849
syscr: 14181286
syscw: 1776816
read_bytes: 26491717632
write_bytes: 55380393984
cancelled_write_bytes: 471040

[2019-03-10T14:36:21-07:00]
rchar: 119008647465
wchar: 55608117775
syscr: 14397125
syscw: 1806211
read_bytes: 26719627264
write_bytes: 55685324800
cancelled_write_bytes: 471040

[2019-03-10T14:36:24-07:00]
rchar: 120268833519
wchar: 56104202627
syscr: 14549834
syscw: 1822193
read_bytes: 26820462592
write_bytes: 56182624256
cancelled_write_bytes: 479232

[2019-03-10T14:36:27-07:00]
rchar: 120818388277
wchar: 56495389753
syscr: 14616290
syscw: 1825088
read_bytes: 26830481408
write_bytes: 56574001152
cancelled_write_bytes: 479232

[2019-03-10T14:36:30-07:00]
rchar: 121448667706
wchar: 56933554755
syscr: 14692515
syscw: 1828712
read_bytes: 26842679296
write_bytes: 57012891648
cancelled_write_bytes: 479232

[2019-03-10T14:36:33-07:00]
rchar: 121960638783
wchar: 57255413416
syscr: 14754505
syscw: 1834303
read_bytes: 26866571264
write_bytes: 57335234560
cancelled_write_bytes: 483328

[2019-03-10T14:36:36-07:00]
rchar: 122605694486
wchar: 57676146570
syscr: 14832687
syscw: 1842772
read_bytes: 26902157312
write_bytes: 57756565504
cancelled_write_bytes: 483328

[2019-03-10T14:36:39-07:00]
rchar: 123238343027
wchar: 58091125406
syscr: 14909355
syscw: 1850837
read_bytes: 26937427968
write_bytes: 58172153856
cancelled_write_bytes: 487424

[2019-03-10T14:36:42-07:00]
rchar: 123823025838
wchar: 58495507107
syscr: 14980217
syscw: 1857796
read_bytes: 26967050240
write_bytes: 58577108992
cancelled_write_bytes: 491520

[2019-03-10T14:36:45-07:00]
rchar: 124203839811
wchar: 58770525759
syscr: 15026378
syscw: 1862010
read_bytes: 26984118272
write_bytes: 58852540416
cancelled_write_bytes: 495616

[2019-03-10T14:36:48-07:00]
rchar: 124520988955
wchar: 59150969984
syscr: 15064740
syscw: 1865951
read_bytes: 26998446080
write_bytes: 59233615872
cancelled_write_bytes: 507904

[2019-03-10T14:36:51-07:00]
rchar: 125182899417
wchar: 59554960365
syscr: 15144958
syscw: 1872748
read_bytes: 27026782208
write_bytes: 59638202368
cancelled_write_bytes: 507904

[2019-03-10T14:36:54-07:00]
rchar: 126915927227
wchar: 59938978276
syscr: 15355077
syscw: 1906961
read_bytes: 27288524800
write_bytes: 60022554624
cancelled_write_bytes: 512000

[2019-03-10T14:36:57-07:00]
rchar: 127386496626
wchar: 60179760447
syscr: 15412132
syscw: 1916915
read_bytes: 27362084864
write_bytes: 60264235008
cancelled_write_bytes: 512000

[2019-03-10T14:37:00-07:00]
rchar: 129135348654
wchar: 60518094298
syscr: 15624089
syscw: 1944964
read_bytes: 27560642560
write_bytes: 60602339328
cancelled_write_bytes: 528384

[2019-03-10T14:37:03-07:00]
rchar: 130581898308
wchar: 60862949896
syscr: 15799475
syscw: 1967653
read_bytes: 27747870720
write_bytes: 60947570688
cancelled_write_bytes: 528384

[2019-03-10T14:37:06-07:00]
rchar: 131004477370
wchar: 61242686601
syscr: 15850661
syscw: 1970236
read_bytes: 27763718144
write_bytes: 61327859712
cancelled_write_bytes: 540672

[2019-03-10T14:37:09-07:00]
rchar: 131554527487
wchar: 61676780389
syscr: 15917359
syscw: 1972495
read_bytes: 27788228608
write_bytes: 61762625536
cancelled_write_bytes: 540672

[2019-03-10T14:37:12-07:00]
rchar: 132127860833
wchar: 62128520263
syscr: 15986687
syscw: 1974666
read_bytes: 27817728000
write_bytes: 62215094272
cancelled_write_bytes: 540672

[2019-03-10T14:37:15-07:00]
rchar: 132672504749
wchar: 62567647563
syscr: 16052569
syscw: 1976637
read_bytes: 27847632896
write_bytes: 62654926848
cancelled_write_bytes: 540672

[2019-03-10T14:37:18-07:00]
rchar: 133179856359
wchar: 62952012587
syscr: 16113958
syscw: 1979004
read_bytes: 27887638528
write_bytes: 63039950848
cancelled_write_bytes: 540672

[2019-03-10T14:37:21-07:00]
rchar: 133838505236
wchar: 63349903105
syscr: 16193812
syscw: 1989989
read_bytes: 28121298944
write_bytes: 63438344192
cancelled_write_bytes: 540672

[2019-03-10T14:37:24-07:00]
rchar: 134448107591
wchar: 63765787185
syscr: 16267702
syscw: 1997735
read_bytes: 28279130112
write_bytes: 63854817280
cancelled_write_bytes: 540672

[2019-03-10T14:37:27-07:00]
rchar: 135152622968
wchar: 64178391584
syscr: 16353066
syscw: 2009642
read_bytes: 28526499840
write_bytes: 64267960320
cancelled_write_bytes: 540672

[2019-03-10T14:37:30-07:00]
rchar: 135837998331
wchar: 64611599112
syscr: 16436156
syscw: 2020123
read_bytes: 28743759872
write_bytes: 64701730816
cancelled_write_bytes: 540672

[2019-03-10T14:37:33-07:00]
rchar: 136481085662
wchar: 64997627913
syscr: 16514109
syscw: 2030495
read_bytes: 28951910400
write_bytes: 65088290816
cancelled_write_bytes: 540672

[2019-03-10T14:37:36-07:00]
rchar: 136631790573
wchar: 65208144764
syscr: 16532379
syscw: 2033119
read_bytes: 29005457408
write_bytes: 65299165184
cancelled_write_bytes: 540672

[2019-03-10T14:37:39-07:00]
rchar: 137076540984
wchar: 65471025527
syscr: 16586176
syscw: 2039580
read_bytes: 29136836608
write_bytes: 65562447872
cancelled_write_bytes: 548864

[2019-03-10T14:37:42-07:00]
rchar: 137840665888
wchar: 65846974999
syscr: 16678803
syscw: 2050231
read_bytes: 29358270464
write_bytes: 65938919424
cancelled_write_bytes: 548864

[2019-03-10T14:37:45-07:00]
rchar: 138693293207
wchar: 66259977633
syscr: 16782169
syscw: 2062238
read_bytes: 29601273856
write_bytes: 66352459776
cancelled_write_bytes: 548864

[2019-03-10T14:37:48-07:00]
rchar: 139586256654
wchar: 66707915393
syscr: 16890423
syscw: 2074762
read_bytes: 29851969536
write_bytes: 66800992256
cancelled_write_bytes: 552960

[2019-03-10T14:37:52-07:00]
rchar: 140328918829
wchar: 67063146046
syscr: 16980408
syscw: 2085850
read_bytes: 30060316672
write_bytes: 67156729856
cancelled_write_bytes: 552960

[2019-03-10T14:37:55-07:00]
rchar: 140983088207
wchar: 67435009953
syscr: 17059695
syscw: 2094204
read_bytes: 30213539840
write_bytes: 67529093120
cancelled_write_bytes: 552960

[2019-03-10T14:37:58-07:00]
rchar: 141286290760
wchar: 67610727723
syscr: 17096458
syscw: 2097828
read_bytes: 30275692544
write_bytes: 67705081856
cancelled_write_bytes: 552960

[2019-03-10T14:38:01-07:00]
rchar: 141917015583
wchar: 68129583186
syscr: 17172812
syscw: 2104730
read_bytes: 30365165568
write_bytes: 68224770048
cancelled_write_bytes: 561152

[2019-03-10T14:38:04-07:00]
rchar: 142914715868
wchar: 68529540442
syscr: 17293758
syscw: 2117706
read_bytes: 30550165504
write_bytes: 68625264640
cancelled_write_bytes: 561152

[2019-03-10T14:38:07-07:00]
rchar: 144049385558
wchar: 68913848985
syscr: 17431291
syscw: 2134152
read_bytes: 30772471808
write_bytes: 69010092032
cancelled_write_bytes: 561152

[2019-03-10T14:38:10-07:00]
rchar: 145475688126
wchar: 69318693909
syscr: 17604193
syscw: 2155930
read_bytes: 30986909696
write_bytes: 69415440384
cancelled_write_bytes: 561152

[2019-03-10T14:38:13-07:00]
rchar: 145900146709
wchar: 69592412930
syscr: 17655574
syscw: 2162709
read_bytes: 31028684800
write_bytes: 69689606144
cancelled_write_bytes: 569344

[2019-03-10T14:38:16-07:00]
rchar: 148576464540
wchar: 69925955080
syscr: 17980052
syscw: 2197393
read_bytes: 31223838720
write_bytes: 70023438336
cancelled_write_bytes: 569344

[2019-03-10T14:38:19-07:00]
rchar: 149720400744
wchar: 70127950828
syscr: 18118748
syscw: 2211132
read_bytes: 31271806976
write_bytes: 70225633280
cancelled_write_bytes: 569344

[2019-03-10T14:38:22-07:00]
rchar: 150336954717
wchar: 70683462408
syscr: 18193418
syscw: 2215100
read_bytes: 31281264640
write_bytes: 70782029824
cancelled_write_bytes: 577536

[2019-03-10T14:38:25-07:00]
rchar: 151005961134
wchar: 71155939332
syscr: 18274537
syscw: 2218101
read_bytes: 31288440832
write_bytes: 71255236608
cancelled_write_bytes: 577536

[2019-03-10T14:38:28-07:00]
rchar: 151702482370
wchar: 71627515593
syscr: 18358928
syscw: 2221597
read_bytes: 31296591872
write_bytes: 71728013312
cancelled_write_bytes: 577536

[2019-03-10T14:38:31-07:00]
rchar: 152204135798
wchar: 71940166877
syscr: 18419748
syscw: 2224580
read_bytes: 31303989248
write_bytes: 72040693760
cancelled_write_bytes: 577536

[2019-03-10T14:38:34-07:00]
rchar: 152801889620
wchar: 72332596512
syscr: 18492171
syscw: 2227668
read_bytes: 31311665152
write_bytes: 72433733632
cancelled_write_bytes: 577536

[2019-03-10T14:38:37-07:00]
rchar: 153443815842
wchar: 72732080678
syscr: 18569964
syscw: 2231395
read_bytes: 31320909824
write_bytes: 72833851392
cancelled_write_bytes: 577536

[2019-03-10T14:38:40-07:00]
rchar: 154071023288
wchar: 73188698951
syscr: 18645644
syscw: 2234143
read_bytes: 31327430656
write_bytes: 73291173888
cancelled_write_bytes: 577536

[2019-03-10T14:38:43-07:00]
rchar: 154669346558
wchar: 73631544915
syscr: 18718171
syscw: 2238452
read_bytes: 31337551872
write_bytes: 73735639040
cancelled_write_bytes: 577536

[2019-03-10T14:38:46-07:00]
rchar: 155337768707
wchar: 73949386189
syscr: 18799182
syscw: 2248983
read_bytes: 31369353216
write_bytes: 74053009408
cancelled_write_bytes: 577536

[2019-03-10T14:38:49-07:00]
rchar: 156037721564
wchar: 74455568522
syscr: 18883915
syscw: 2255079
read_bytes: 31385835520
write_bytes: 74560016384
cancelled_write_bytes: 577536

[2019-03-10T14:38:52-07:00]
rchar: 156551151275
wchar: 74849532773
syscr: 18946017
syscw: 2259288
read_bytes: 31395624960
write_bytes: 74954633216
cancelled_write_bytes: 577536

[2019-03-10T14:38:55-07:00]
rchar: 157396512419
wchar: 75321467701
syscr: 19048363
syscw: 2271614
read_bytes: 31435864064
write_bytes: 75427278848
cancelled_write_bytes: 577536

[2019-03-10T14:38:58-07:00]
rchar: 157667303885
wchar: 75659235271
syscr: 19081105
syscw: 2275714
read_bytes: 31446398976
write_bytes: 75765608448
cancelled_write_bytes: 589824

[2019-03-10T14:39:01-07:00]
rchar: 158316528030
wchar: 76024671186
syscr: 19159795
syscw: 2283339
read_bytes: 31466829824
write_bytes: 76131577856
cancelled_write_bytes: 589824

[2019-03-10T14:39:04-07:00]
rchar: 159421766690
wchar: 76631751047
syscr: 19293753
syscw: 2295962
read_bytes: 31505700864
write_bytes: 76739518464
cancelled_write_bytes: 593920

[2019-03-10T14:39:07-07:00]
rchar: 160032521714
wchar: 76951649294
syscr: 19367781
syscw: 2303904
read_bytes: 31528024064
write_bytes: 77059874816
cancelled_write_bytes: 598016

[2019-03-10T14:39:10-07:00]
rchar: 160814037729
wchar: 77391923161
syscr: 19462503
syscw: 2313099
read_bytes: 31556155392
write_bytes: 77500772352
cancelled_write_bytes: 602112

[2019-03-10T14:39:13-07:00]
rchar: 161908210537
wchar: 78002098735
syscr: 19595128
syscw: 2326165
read_bytes: 31595034624
write_bytes: 78111797248
cancelled_write_bytes: 606208

[2019-03-10T14:39:16-07:00]
rchar: 162123881066
wchar: 78228362805
syscr: 19621275
syscw: 2330785
read_bytes: 31610312704
write_bytes: 78338433024
cancelled_write_bytes: 610304

[2019-03-10T14:39:19-07:00]
rchar: 164559444858
wchar: 78611108588
syscr: 19916498
syscw: 2370279
read_bytes: 31836907520
write_bytes: 78721474560
cancelled_write_bytes: 622592

[2019-03-10T14:39:22-07:00]
rchar: 165352348533
wchar: 78886295519
syscr: 20012629
syscw: 2381228
read_bytes: 31884056576
write_bytes: 78997000192
cancelled_write_bytes: 622592

[2019-03-10T14:39:25-07:00]
rchar: 166713753633
wchar: 79228176659
syscr: 20177605
syscw: 2400817
read_bytes: 31987976192
write_bytes: 79339327488
cancelled_write_bytes: 634880

[2019-03-10T14:39:28-07:00]
rchar: 169012091243
wchar: 79518105605
syscr: 20456270
syscw: 2432620
read_bytes: 32157140992
write_bytes: 79629484032
cancelled_write_bytes: 634880

[2019-03-10T14:39:31-07:00]
rchar: 169575502740
wchar: 79997731320
syscr: 20524521
syscw: 2436991
read_bytes: 32174053376
write_bytes: 80109846528
cancelled_write_bytes: 643072

[2019-03-10T14:39:34-07:00]
rchar: 170022192518
wchar: 80283020890
syscr: 20578624
syscw: 2439455
read_bytes: 32189876224
write_bytes: 80395587584
cancelled_write_bytes: 643072

[2019-03-10T14:39:37-07:00]
rchar: 170722382053
wchar: 80763553438
syscr: 20663329
syscw: 2442845
read_bytes: 32213731328
write_bytes: 80876929024
cancelled_write_bytes: 643072

[2019-03-10T14:39:40-07:00]
rchar: 171185104684
wchar: 81070848037
syscr: 20719317
syscw: 2445237
read_bytes: 32230287360
write_bytes: 81184718848
cancelled_write_bytes: 643072

[2019-03-10T14:39:43-07:00]
rchar: 171696674260
wchar: 81311609284
syscr: 20781233
syscw: 2453000
read_bytes: 32311490560
write_bytes: 81425825792
cancelled_write_bytes: 643072

[2019-03-10T14:39:46-07:00]
rchar: 172673800369
wchar: 81755189484
syscr: 20899686
syscw: 2473888
read_bytes: 32544040960
write_bytes: 81869955072
cancelled_write_bytes: 643072

[2019-03-10T14:39:49-07:00]
rchar: 173590394279
wchar: 82191126626
syscr: 21010804
syscw: 2493038
read_bytes: 32753571840
write_bytes: 82306420736
cancelled_write_bytes: 643072

[2019-03-10T14:39:52-07:00]
rchar: 173899048859
wchar: 82464901217
syscr: 21048145
syscw: 2499482
read_bytes: 32811378688
write_bytes: 82580627456
cancelled_write_bytes: 651264

[2019-03-10T14:39:55-07:00]
rchar: 175127105818
wchar: 82883998241
syscr: 21197004
syscw: 2521187
read_bytes: 33028483072
write_bytes: 83000217600
cancelled_write_bytes: 651264

[2019-03-10T14:39:58-07:00]
rchar: 176260466892
wchar: 83297417806
syscr: 21334423
syscw: 2540908
read_bytes: 33222174720
write_bytes: 83414138880
cancelled_write_bytes: 655360

[2019-03-10T14:40:01-07:00]
rchar: 176922013539
wchar: 83512891851
syscr: 21414602
syscw: 2553246
read_bytes: 33334618112
write_bytes: 83629867008
cancelled_write_bytes: 655360

[2019-03-10T14:40:04-07:00]
rchar: 177504994286
wchar: 83841871750
syscr: 21485197
syscw: 2562690
read_bytes: 33418164224
write_bytes: 83959345152
cancelled_write_bytes: 663552

[2019-03-10T14:40:07-07:00]
rchar: 178418751764
wchar: 84180314300
syscr: 21595964
syscw: 2574950
read_bytes: 33513879552
write_bytes: 84298260480
cancelled_write_bytes: 667648

[2019-03-10T14:40:10-07:00]
rchar: 180037436588
wchar: 84600805948
syscr: 21792190
syscw: 2598151
read_bytes: 33708320768
write_bytes: 84719230976
cancelled_write_bytes: 671744

[2019-03-10T14:40:13-07:00]
rchar: 180888508050
wchar: 84806146643
syscr: 21895379
syscw: 2611226
read_bytes: 33762969600
write_bytes: 84924825600
cancelled_write_bytes: 671744

[2019-03-10T14:40:16-07:00]
rchar: 181128367735
wchar: 85073183622
syscr: 21924447
syscw: 2614597
read_bytes: 33769670656
write_bytes: 85192310784
cancelled_write_bytes: 671744

[2019-03-10T14:40:19-07:00]
rchar: 182030690691
wchar: 85489634185
syscr: 22033750
syscw: 2622842
read_bytes: 33788270592
write_bytes: 85609381888
cancelled_write_bytes: 679936

[2019-03-10T14:40:22-07:00]
rchar: 182937157276
wchar: 85856846503
syscr: 22143620
syscw: 2631668
read_bytes: 33808889856
write_bytes: 85977112576
cancelled_write_bytes: 679936

[2019-03-10T14:40:25-07:00]
rchar: 183988664698
wchar: 86285167794
syscr: 22271076
syscw: 2642363
read_bytes: 33832560640
write_bytes: 86406049792
cancelled_write_bytes: 679936

[2019-03-10T14:40:28-07:00]
rchar: 185064346624
wchar: 86773691891
syscr: 22401462
syscw: 2652495
read_bytes: 33855031296
write_bytes: 86895284224
cancelled_write_bytes: 684032

[2019-03-10T14:40:31-07:00]
rchar: 186133096782
wchar: 87280322827
syscr: 22531019
syscw: 2662358
read_bytes: 33876572160
write_bytes: 87402639360
cancelled_write_bytes: 684032

[2019-03-10T14:40:34-07:00]
rchar: 186702253413
wchar: 87643076716
syscr: 22599883
syscw: 2666256
read_bytes: 33884133376
write_bytes: 87765983232
cancelled_write_bytes: 684032

[2019-03-10T14:40:37-07:00]
rchar: 187254088712
wchar: 87996023849
syscr: 22666649
syscw: 2670072
read_bytes: 33891612672
write_bytes: 88119521280
cancelled_write_bytes: 684032

[2019-03-10T14:40:40-07:00]
rchar: 187476446917
wchar: 88146213178
syscr: 22693522
syscw: 2671432
read_bytes: 33894262784
write_bytes: 88269963264
cancelled_write_bytes: 684032

[2019-03-10T14:40:43-07:00]
rchar: 187802602844
wchar: 88465887728
syscr: 22732962
syscw: 2674648
read_bytes: 33900378112
write_bytes: 88590729216
cancelled_write_bytes: 684032

[2019-03-10T14:40:46-07:00]
rchar: 189123927542
wchar: 88863567050
syscr: 22893073
syscw: 2697003
read_bytes: 34049722368
write_bytes: 88988327936
cancelled_write_bytes: 696320

[2019-03-10T14:40:49-07:00]
rchar: 190021162376
wchar: 89257798306
syscr: 23001839
syscw: 2709918
read_bytes: 34126198784
write_bytes: 89383071744
cancelled_write_bytes: 696320

[2019-03-10T14:40:52-07:00]
rchar: 190977650788
wchar: 89512494043
syscr: 23117796
syscw: 2727119
read_bytes: 34249775104
write_bytes: 89638027264
cancelled_write_bytes: 696320

[2019-03-10T14:40:55-07:00]
rchar: 191776210131
wchar: 89824747295
syscr: 23214546
syscw: 2740629
read_bytes: 34321045504
write_bytes: 89950732288
cancelled_write_bytes: 704512

[2019-03-10T14:40:58-07:00]
rchar: 193504185815
wchar: 90253336479
syscr: 23424031
syscw: 2765476
read_bytes: 34428246016
write_bytes: 90379825152
cancelled_write_bytes: 712704

[2019-03-10T14:41:01-07:00]
rchar: 194466666160
wchar: 90695235473
syscr: 23540695
syscw: 2776247
read_bytes: 34450929664
write_bytes: 90822344704
cancelled_write_bytes: 712704

[2019-03-10T14:41:04-07:00]
rchar: 195036824315
wchar: 90919953611
syscr: 23609813
syscw: 2783493
read_bytes: 34467178496
write_bytes: 91047362560
cancelled_write_bytes: 716800

[2019-03-10T14:41:07-07:00]
rchar: 195381285751
wchar: 91234809908
syscr: 23651485
syscw: 2788014
read_bytes: 34475960320
write_bytes: 91362738176
cancelled_write_bytes: 716800

[2019-03-10T14:41:10-07:00]
rchar: 196196083794
wchar: 91566917486
syscr: 23750247
syscw: 2796128
read_bytes: 34492999680
write_bytes: 91695329280
cancelled_write_bytes: 724992

[2019-03-10T14:41:13-07:00]
rchar: 197052949110
wchar: 91840632206
syscr: 23854113
syscw: 2805519
read_bytes: 34512967680
write_bytes: 91969409024
cancelled_write_bytes: 729088

[2019-03-10T14:41:16-07:00]
rchar: 197941705415
wchar: 92274491707
syscr: 23961840
syscw: 2813517
read_bytes: 34528348160
write_bytes: 92403867648
cancelled_write_bytes: 729088

[2019-03-10T14:41:19-07:00]
rchar: 198999404270
wchar: 92695772122
syscr: 24090047
syscw: 2824501
read_bytes: 34551257088
write_bytes: 92825731072
cancelled_write_bytes: 729088

[2019-03-10T14:41:22-07:00]
rchar: 199936374275
wchar: 93207704578
syscr: 24203537
syscw: 2832141
read_bytes: 34566240256
write_bytes: 93338451968
cancelled_write_bytes: 729088

[2019-03-10T14:41:25-07:00]
rchar: 200629092437
wchar: 93630461340
syscr: 24287353
syscw: 2837150
read_bytes: 34575304704
write_bytes: 93761916928
cancelled_write_bytes: 729088

[2019-03-10T14:41:28-07:00]
rchar: 201108776513
wchar: 93927232227
syscr: 24345361
syscw: 2840633
read_bytes: 34581239808
write_bytes: 94059184128
cancelled_write_bytes: 729088

[2019-03-10T14:41:31-07:00]
rchar: 201427690937
wchar: 94217778332
syscr: 24383960
syscw: 2844731
read_bytes: 34588485632
write_bytes: 94350241792
cancelled_write_bytes: 733184

[2019-03-10T14:41:34-07:00]
rchar: 202175627416
wchar: 94610851551
syscr: 24474527
syscw: 2854394
read_bytes: 34607802368
write_bytes: 94743916544
cancelled_write_bytes: 741376

[2019-03-10T14:41:37-07:00]
rchar: 203066184616
wchar: 95082907774
syscr: 24582474
syscw: 2865586
read_bytes: 34630559744
write_bytes: 95216656384
cancelled_write_bytes: 745472

[2019-03-10T14:41:40-07:00]
rchar: 203908064053
wchar: 95527769987
syscr: 24684515
syscw: 2876509
read_bytes: 34653272064
write_bytes: 95662125056
cancelled_write_bytes: 749568

[2019-03-10T14:41:43-07:00]
rchar: 204770656433
wchar: 96006805166
syscr: 24789075
syscw: 2887059
read_bytes: 34674046976
write_bytes: 96141840384
cancelled_write_bytes: 757760

[2019-03-10T14:41:46-07:00]
rchar: 205671014442
wchar: 96428320620
syscr: 24898207
syscw: 2900321
read_bytes: 34702153728
write_bytes: 96564768768
cancelled_write_bytes: 782336

[2019-03-10T14:41:49-07:00]
rchar: 205932376827
wchar: 96719879279
syscr: 24929892
syscw: 2904725
read_bytes: 34710411264
write_bytes: 96855941120
cancelled_write_bytes: 782336

[2019-03-10T14:41:52-07:00]
rchar: 206609414633
wchar: 96995333825
syscr: 25011877
syscw: 2913630
read_bytes: 34728617984
write_bytes: 97131794432
cancelled_write_bytes: 794624

[2019-03-10T14:41:55-07:00]
rchar: 207355130716
wchar: 97395567022
syscr: 25102261
syscw: 2921140
read_bytes: 34743953408
write_bytes: 97532653568
cancelled_write_bytes: 794624

[2019-03-10T14:41:58-07:00]
rchar: 208195777414
wchar: 97744981461
syscr: 25204161
syscw: 2931626
read_bytes: 34765649920
write_bytes: 97882546176
cancelled_write_bytes: 802816

[2019-03-10T14:42:01-07:00]
rchar: 209242157880
wchar: 98180794004
syscr: 25330998
syscw: 2944850
read_bytes: 34792978432
write_bytes: 98318974976
cancelled_write_bytes: 811008

[2019-03-10T14:42:04-07:00]
rchar: 210343527876
wchar: 98482855599
syscr: 25464465
syscw: 2963581
read_bytes: 34856876032
write_bytes: 98621427712
cancelled_write_bytes: 823296

[2019-03-10T14:42:07-07:00]
rchar: 213402758520
wchar: 98886118977
syscr: 25835375
syscw: 3005029
read_bytes: 35029465088
write_bytes: 99024994304
cancelled_write_bytes: 823296

[2019-03-10T14:42:10-07:00]
rchar: 213988171148
wchar: 99278875609
syscr: 25906285
syscw: 3011628
read_bytes: 35046545408
write_bytes: 99418349568
cancelled_write_bytes: 831488

[2019-03-10T14:42:13-07:00]
rchar: 214469382559
wchar: 99578138044
syscr: 25964634
syscw: 3014451
read_bytes: 35058808832
write_bytes: 99718053888
cancelled_write_bytes: 831488

[2019-03-10T14:42:16-07:00]
rchar: 215205024836
wchar: 100039829381
syscr: 26053574
syscw: 3018765
read_bytes: 35080501248
write_bytes: 100180508672
cancelled_write_bytes: 831488

[2019-03-10T14:42:19-07:00]
rchar: 215856791746
wchar: 100437164979
syscr: 26132436
syscw: 3022689
read_bytes: 35100620800
write_bytes: 100579131392
cancelled_write_bytes: 831488

[2019-03-10T14:42:22-07:00]
rchar: 216463984467
wchar: 100714165003
syscr: 26205966
syscw: 3032489
read_bytes: 35168454656
write_bytes: 100855926784
cancelled_write_bytes: 831488

[2019-03-10T14:42:25-07:00]
rchar: 217657156722
wchar: 101228697043
syscr: 26350632
syscw: 3057849
read_bytes: 35396442112
write_bytes: 101371047936
cancelled_write_bytes: 831488

[2019-03-10T14:42:28-07:00]
rchar: 218003872655
wchar: 101367614121
syscr: 26392656
syscw: 3066443
read_bytes: 35456153600
write_bytes: 101510115328
cancelled_write_bytes: 831488

[2019-03-10T14:42:31-07:00]
rchar: 218858040192
wchar: 101814454001
syscr: 26496116
syscw: 3081806
read_bytes: 35580672000
write_bytes: 101957591040
cancelled_write_bytes: 839680

[2019-03-10T14:42:34-07:00]
rchar: 220095256790
wchar: 102200377787
syscr: 26646131
syscw: 3104531
read_bytes: 35748587520
write_bytes: 102343933952
cancelled_write_bytes: 839680

[2019-03-10T14:42:37-07:00]
rchar: 221198766889
wchar: 102574210969
syscr: 26779885
syscw: 3124157
read_bytes: 35891513344
write_bytes: 102718226432
cancelled_write_bytes: 839680

[2019-03-10T14:42:40-07:00]
rchar: 221371623083
wchar: 102779848849
syscr: 26800846
syscw: 3128233
read_bytes: 35909986304
write_bytes: 102924210176
cancelled_write_bytes: 839680

[2019-03-10T14:42:43-07:00]
rchar: 221982657103
wchar: 103205270841
syscr: 26874867
syscw: 3132544
read_bytes: 35926980608
write_bytes: 103350239232
cancelled_write_bytes: 847872

[2019-03-10T14:42:46-07:00]
rchar: 222648289889
wchar: 103656879984
syscr: 26955506
syscw: 3137251
read_bytes: 35946088448
write_bytes: 103802535936
cancelled_write_bytes: 847872

[2019-03-10T14:42:49-07:00]
rchar: 223116617006
wchar: 103975095579
syscr: 27012262
syscw: 3140483
read_bytes: 35959871488
write_bytes: 104121217024
cancelled_write_bytes: 847872

[2019-03-10T14:42:52-07:00]
rchar: 223579802401
wchar: 104282547658
syscr: 27068388
syscw: 3143981
read_bytes: 35973859328
write_bytes: 104429907968
cancelled_write_bytes: 847872

[2019-03-10T14:42:55-07:00]
rchar: 224228566785
wchar: 104734688205
syscr: 27147004
syscw: 3148490
read_bytes: 35991468032
write_bytes: 104881954816
cancelled_write_bytes: 847872

[2019-03-10T14:42:58-07:00]
rchar: 224981105333
wchar: 105242573226
syscr: 27238207
syscw: 3153937
read_bytes: 36013840384
write_bytes: 105390616576
cancelled_write_bytes: 847872

[2019-03-10T14:43:01-07:00]
rchar: 225543731483
wchar: 105524238362
syscr: 27306402
syscw: 3160238
read_bytes: 36049041408
write_bytes: 105672728576
cancelled_write_bytes: 847872

[2019-03-10T14:43:04-07:00]
rchar: 227072944264
wchar: 105997343467
syscr: 27491786
syscw: 3183063
read_bytes: 36215207936
write_bytes: 106146402304
cancelled_write_bytes: 847872

[2019-03-10T14:43:07-07:00]
rchar: 227406725160
wchar: 106276594949
syscr: 27532252
syscw: 3188494
read_bytes: 36238129152
write_bytes: 106426101760
cancelled_write_bytes: 847872

[2019-03-10T14:43:10-07:00]
rchar: 228473854328
wchar: 106565174584
syscr: 27661532
syscw: 3202663
read_bytes: 36315297792
write_bytes: 106715054080
cancelled_write_bytes: 856064

[2019-03-10T14:43:13-07:00]
rchar: 230485844921
wchar: 106990152544
syscr: 27905444
syscw: 3230106
read_bytes: 36483999744
write_bytes: 107140497408
cancelled_write_bytes: 856064

[2019-03-10T14:43:16-07:00]
rchar: 231400604482
wchar: 107161908249
syscr: 28016354
syscw: 3243213
read_bytes: 36525049856
write_bytes: 107312439296
cancelled_write_bytes: 856064

[2019-03-10T14:43:19-07:00]
rchar: 232246981185
wchar: 107723426419
syscr: 28118911
syscw: 3250920
read_bytes: 36543907840
write_bytes: 107874832384
cancelled_write_bytes: 864256

[2019-03-10T14:43:22-07:00]
rchar: 232850921795
wchar: 108052592722
syscr: 28191991
syscw: 3255317
read_bytes: 36556302336
write_bytes: 108204523520
cancelled_write_bytes: 864256

[2019-03-10T14:43:25-07:00]
rchar: 233433856491
wchar: 108367377677
syscr: 28262493
syscw: 3259713
read_bytes: 36567628800
write_bytes: 108519817216
cancelled_write_bytes: 864256

[2019-03-10T14:43:28-07:00]
rchar: 234279958647
wchar: 108834074575
syscr: 28364931
syscw: 3265677
read_bytes: 36584770560
write_bytes: 108987269120
cancelled_write_bytes: 864256

[2019-03-10T14:43:31-07:00]
rchar: 235409419440
wchar: 109219563622
syscr: 28501787
syscw: 3290462
read_bytes: 36730334208
write_bytes: 109373194240
cancelled_write_bytes: 864256

[2019-03-10T14:43:34-07:00]
rchar: 235786437607
wchar: 109327464946
syscr: 28547488
syscw: 3301411
read_bytes: 36771494912
write_bytes: 109481222144
cancelled_write_bytes: 864256

[2019-03-10T14:43:37-07:00]
rchar: 236448501530
wchar: 109672900941
syscr: 28627687
syscw: 3314487
read_bytes: 36844125184
write_bytes: 109827137536
cancelled_write_bytes: 872448

[2019-03-10T14:43:40-07:00]
rchar: 238173000835
wchar: 110100375872
syscr: 28836763
syscw: 3346861
read_bytes: 37009452032
write_bytes: 110255026176
cancelled_write_bytes: 872448

[2019-03-10T14:43:43-07:00]
rchar: 238800484777
wchar: 110396688281
syscr: 28912766
syscw: 3359895
read_bytes: 37060086784
write_bytes: 110551760896
cancelled_write_bytes: 880640

[2019-03-10T14:43:46-07:00]
rchar: 240716162561
wchar: 110840503993
syscr: 29145014
syscw: 3388582
read_bytes: 37191293952
write_bytes: 110996049920
cancelled_write_bytes: 880640

[2019-03-10T14:43:49-07:00]
rchar: 241954041771
wchar: 111095742224
syscr: 29295099
syscw: 3407973
read_bytes: 37259234304
write_bytes: 111251542016
cancelled_write_bytes: 880640

[2019-03-10T14:43:52-07:00]
rchar: 243616878805
wchar: 111486427564
syscr: 29496614
syscw: 3431680
read_bytes: 37342104576
write_bytes: 111642746880
cancelled_write_bytes: 888832

[2019-03-10T14:43:55-07:00]
rchar: 245941427655
wchar: 111777637011
syscr: 29778447
syscw: 3461688
read_bytes: 37446614016
write_bytes: 111934185472
cancelled_write_bytes: 888832

[2019-03-10T14:43:58-07:00]
rchar: 246722915035
wchar: 112242484023
syscr: 29873137
syscw: 3469866
read_bytes: 37459622912
write_bytes: 112399720448
cancelled_write_bytes: 897024

[2019-03-10T14:44:01-07:00]
rchar: 247411505849
wchar: 112596491415
syscr: 29956630
syscw: 3475046
read_bytes: 37466717184
write_bytes: 112754237440
cancelled_write_bytes: 897024

[2019-03-10T14:44:04-07:00]
rchar: 248051731472
wchar: 112904612998
syscr: 30034197
syscw: 3480275
read_bytes: 37473197056
write_bytes: 113063350272
cancelled_write_bytes: 897024

[2019-03-10T14:44:07-07:00]
rchar: 248991003093
wchar: 113429077539
syscr: 30148064
syscw: 3486683
read_bytes: 37481487360
write_bytes: 113588101120
cancelled_write_bytes: 897024

[2019-03-10T14:44:10-07:00]
rchar: 249924122114
wchar: 113876940920
syscr: 30261131
syscw: 3494163
read_bytes: 37491588096
write_bytes: 114036654080
cancelled_write_bytes: 897024

[2019-03-10T14:44:13-07:00]
rchar: 250580757299
wchar: 114201709489
syscr: 30340750
syscw: 3499259
read_bytes: 37498489856
write_bytes: 114361896960
cancelled_write_bytes: 897024

[2019-03-10T14:44:16-07:00]
rchar: 251492531577
wchar: 114671634615
syscr: 30451243
syscw: 3506292
read_bytes: 37508361216
write_bytes: 114832535552
cancelled_write_bytes: 897024

[2019-03-10T14:44:19-07:00]
rchar: 252411002190
wchar: 115145409621
syscr: 30562561
syscw: 3513140
read_bytes: 37517605888
write_bytes: 115307028480
cancelled_write_bytes: 897024

[2019-03-10T14:44:22-07:00]
rchar: 253143581736
wchar: 115596858745
syscr: 30651368
syscw: 3517757
read_bytes: 37523844096
write_bytes: 115759161344
cancelled_write_bytes: 897024

[2019-03-10T14:44:25-07:00]
rchar: 253756952537
wchar: 116023543350
syscr: 30725384
syscw: 3521121
read_bytes: 37527944192
write_bytes: 116186537984
cancelled_write_bytes: 897024

[2019-03-10T14:44:28-07:00]
rchar: 254110713089
wchar: 116293719347
syscr: 30768249
syscw: 3523884
read_bytes: 37531507712
write_bytes: 116457144320
cancelled_write_bytes: 897024

[2019-03-10T14:44:31-07:00]
rchar: 254489384576
wchar: 116616377975
syscr: 30814047
syscw: 3531059
read_bytes: 37541669888
write_bytes: 116780335104
cancelled_write_bytes: 897024

[2019-03-10T14:44:34-07:00]
rchar: 257008169235
wchar: 117083337590
syscr: 31119453
syscw: 3570842
read_bytes: 37613075456
write_bytes: 117247729664
cancelled_write_bytes: 909312

[2019-03-10T14:44:37-07:00]
rchar: 257290071443
wchar: 117272460593
syscr: 31153635
syscw: 3573195
read_bytes: 37616262144
write_bytes: 117437149184
cancelled_write_bytes: 909312

[2019-03-10T14:44:40-07:00]
rchar: 257735803922
wchar: 117589715430
syscr: 31207535
syscw: 3578518
read_bytes: 37622578176
write_bytes: 117754908672
cancelled_write_bytes: 909312

[2019-03-10T14:44:43-07:00]
rchar: 258444112611
wchar: 118069831697
syscr: 31293204
syscw: 3586875
read_bytes: 37631753216
write_bytes: 118235815936
cancelled_write_bytes: 917504

[2019-03-10T14:44:46-07:00]
rchar: 259187242673
wchar: 118459860876
syscr: 31383133
syscw: 3593874
read_bytes: 37639248896
write_bytes: 118626463744
cancelled_write_bytes: 917504

[2019-03-10T14:44:49-07:00]
rchar: 260091336897
wchar: 118840554704
syscr: 31492630
syscw: 3605518
read_bytes: 37653675008
write_bytes: 119007707136
cancelled_write_bytes: 917504

[2019-03-10T14:44:52-07:00]
rchar: 261305038686
wchar: 119306068820
syscr: 31639755
syscw: 3624220
read_bytes: 37679455232
write_bytes: 119474712576
cancelled_write_bytes: 917504

[2019-03-10T14:44:55-07:00]
rchar: 261787817471
wchar: 119560383699
syscr: 31698272
syscw: 3630919
read_bytes: 37687917568
write_bytes: 119728488448
cancelled_write_bytes: 917504

[2019-03-10T14:44:58-07:00]
rchar: 262232780103
wchar: 119883328636
syscr: 31752135
syscw: 3639164
read_bytes: 37697584128
write_bytes: 120051941376
cancelled_write_bytes: 925696

[2019-03-10T14:45:01-07:00]
rchar: 263734949230
wchar: 120473975004
syscr: 31934215
syscw: 3657671
read_bytes: 37721750528
write_bytes: 120643395584
cancelled_write_bytes: 933888

[2019-03-10T14:45:04-07:00]
rchar: 264959733146
wchar: 120982054149
syscr: 32082681
syscw: 3672744
read_bytes: 37740956672
write_bytes: 121152176128
cancelled_write_bytes: 933888

[2019-03-10T14:45:07-07:00]
rchar: 265883495723
wchar: 121339026602
syscr: 32194659
syscw: 3684956
read_bytes: 37757053952
write_bytes: 121509613568
cancelled_write_bytes: 937984

[2019-03-10T14:45:10-07:00]
rchar: 266394638110
wchar: 121718461702
syscr: 32256617
syscw: 3692256
read_bytes: 37765377024
write_bytes: 121889644544
cancelled_write_bytes: 937984

[2019-03-10T14:45:13-07:00]
rchar: 267450791411
wchar: 122266478283
syscr: 32384551
syscw: 3701836
read_bytes: 37775830016
write_bytes: 122438455296
cancelled_write_bytes: 950272

[2019-03-10T14:45:16-07:00]
rchar: 268358088022
wchar: 122689831924
syscr: 32494521
syscw: 3710862
read_bytes: 37786049536
write_bytes: 122862428160
cancelled_write_bytes: 950272

[2019-03-10T14:45:19-07:00]
rchar: 269696522442
wchar: 123119102081
syscr: 32656781
syscw: 3725914
read_bytes: 37806300160
write_bytes: 123292327936
cancelled_write_bytes: 954368

[2019-03-10T14:45:22-07:00]
rchar: 270399322351
wchar: 123512788421
syscr: 32741850
syscw: 3731972
read_bytes: 37812993024
write_bytes: 123686645760
cancelled_write_bytes: 954368

[2019-03-10T14:45:25-07:00]
rchar: 271317856157
wchar: 123998125053
syscr: 32853031
syscw: 3740658
read_bytes: 37822323712
write_bytes: 124172767232
cancelled_write_bytes: 954368

[2019-03-10T14:45:28-07:00]
rchar: 271737333777
wchar: 124210332735
syscr: 32903782
syscw: 3744721
read_bytes: 37827001344
write_bytes: 124385312768
cancelled_write_bytes: 954368

[2019-03-10T14:45:31-07:00]
rchar: 272034551799
wchar: 124410198536
syscr: 32939772
syscw: 3750380
read_bytes: 37833915392
write_bytes: 124585529344
cancelled_write_bytes: 962560

[2019-03-10T14:45:34-07:00]
rchar: 272647798682
wchar: 124707684606
syscr: 33014031
syscw: 3759796
read_bytes: 37845617664
write_bytes: 124883415040
cancelled_write_bytes: 970752

[2019-03-10T14:45:37-07:00]
rchar: 273448856000
wchar: 125056397053
syscr: 33111129
syscw: 3771787
read_bytes: 37860326400
write_bytes: 125232607232
cancelled_write_bytes: 970752

[2019-03-10T14:45:40-07:00]
rchar: 274490388957
wchar: 125552920404
syscr: 33237380
syscw: 3786129
read_bytes: 37878676480
write_bytes: 125729812480
cancelled_write_bytes: 974848

[2019-03-10T14:45:43-07:00]
rchar: 275508880335
wchar: 126031921057
syscr: 33360836
syscw: 3800864
read_bytes: 37897137152
write_bytes: 126209470464
cancelled_write_bytes: 987136

[2019-03-10T14:45:46-07:00]
rchar: 275949493048
wchar: 126348497722
syscr: 33414253
syscw: 3809733
read_bytes: 37906742272
write_bytes: 126526529536
cancelled_write_bytes: 991232

[2019-03-10T14:45:49-07:00]
rchar: 276683808502
wchar: 126654234442
syscr: 33503181
syscw: 3819588
read_bytes: 37918104576
write_bytes: 126832676864
cancelled_write_bytes: 1003520

[2019-03-10T14:45:52-07:00]
rchar: 277581995040
wchar: 127003694554
syscr: 33612054
syscw: 3831203
read_bytes: 37931670528
write_bytes: 127182618624
cancelled_write_bytes: 1003520

[2019-03-10T14:45:55-07:00]
rchar: 278739325427
wchar: 127424436744
syscr: 33752339
syscw: 3846785
read_bytes: 37951298560
write_bytes: 127603908608
cancelled_write_bytes: 1007616

[2019-03-10T14:45:58-07:00]
rchar: 279624755733
wchar: 127743267194
syscr: 33859696
syscw: 3861766
read_bytes: 37975555072
write_bytes: 127923183616
cancelled_write_bytes: 1011712

[2019-03-10T14:46:01-07:00]
rchar: 280427819266
wchar: 128215564371
syscr: 33957017
syscw: 3868564
read_bytes: 37989907456
write_bytes: 128396124160
cancelled_write_bytes: 1028096

[2019-03-10T14:46:04-07:00]
rchar: 281199101001
wchar: 128648998800
syscr: 34050541
syscw: 3874868
read_bytes: 38006238208
write_bytes: 128830193664
cancelled_write_bytes: 1028096

[2019-03-10T14:46:07-07:00]
rchar: 282009827940
wchar: 129133006121
syscr: 34148653
syscw: 3880695
read_bytes: 38021381120
write_bytes: 129314947072
cancelled_write_bytes: 1028096

[2019-03-10T14:46:10-07:00]
rchar: 282633272351
wchar: 129495492214
syscr: 34224155
syscw: 3885368
read_bytes: 38035311616
write_bytes: 129677963264
cancelled_write_bytes: 1028096

[2019-03-10T14:46:13-07:00]
rchar: 283430025172
wchar: 129964627568
syscr: 34320643
syscw: 3891321
read_bytes: 38051609600
write_bytes: 130147930112
cancelled_write_bytes: 1028096

[2019-03-10T14:46:16-07:00]
rchar: 283965604203
wchar: 130274731851
syscr: 34385540
syscw: 3895608
read_bytes: 38063463424
write_bytes: 130458357760
cancelled_write_bytes: 1028096

[2019-03-10T14:46:19-07:00]
rchar: 284737851706
wchar: 130725053438
syscr: 34479074
syscw: 3901468
read_bytes: 38080756736
write_bytes: 130909736960
cancelled_write_bytes: 1028096

[2019-03-10T14:46:22-07:00]
rchar: 285251137274
wchar: 131058151708
syscr: 34541276
syscw: 3905766
read_bytes: 38092123136
write_bytes: 131242942464
cancelled_write_bytes: 1028096

[2019-03-10T14:46:25-07:00]
rchar: 285675852593
wchar: 131365921489
syscr: 34592750
syscw: 3909917
read_bytes: 38104955904
write_bytes: 131551125504
cancelled_write_bytes: 1028096

[2019-03-10T14:46:28-07:00]
rchar: 286326147040
wchar: 131834098576
syscr: 34671567
syscw: 3915756
read_bytes: 38121942016
write_bytes: 132019961856
cancelled_write_bytes: 1028096

[2019-03-10T14:46:31-07:00]
rchar: 286711479432
wchar: 132081597804
syscr: 34718260
syscw: 3921339
read_bytes: 38140840960
write_bytes: 132267823104
cancelled_write_bytes: 1028096

[2019-03-10T14:46:34-07:00]
rchar: 286895790250
wchar: 132329443903
syscr: 34740605
syscw: 3925539
read_bytes: 38153870336
write_bytes: 132516069376
cancelled_write_bytes: 1028096

[2019-03-10T14:46:37-07:00]
rchar: 288316309103
wchar: 132793393932
syscr: 34912744
syscw: 3950494
read_bytes: 38311758848
write_bytes: 132980592640
cancelled_write_bytes: 1036288

[2019-03-10T14:46:40-07:00]
rchar: 289534255189
wchar: 133138164807
syscr: 35060367
syscw: 3974103
read_bytes: 38423649280
write_bytes: 133325762560
cancelled_write_bytes: 1036288

[2019-03-10T14:46:43-07:00]
rchar: 289958501036
wchar: 133354636662
syscr: 35111801
syscw: 3982687
read_bytes: 38462036992
write_bytes: 133542514688
cancelled_write_bytes: 1036288

[2019-03-10T14:46:46-07:00]
rchar: 290463735255
wchar: 133729052521
syscr: 35172987
syscw: 3987770
read_bytes: 38478183424
write_bytes: 133918478336
cancelled_write_bytes: 1044480

[2019-03-10T14:46:49-07:00]
rchar: 291000633123
wchar: 134061136141
syscr: 35238041
syscw: 3992460
read_bytes: 38491667456
write_bytes: 134250053632
cancelled_write_bytes: 1044480

[2019-03-10T14:46:52-07:00]
rchar: 291543527737
wchar: 134397125642
syscr: 35303846
syscw: 3996925
read_bytes: 38504397824
write_bytes: 134586556416
cancelled_write_bytes: 1044480

[2019-03-10T14:46:55-07:00]
rchar: 292435443797
wchar: 134970227994
syscr: 35411932
syscw: 4003775
read_bytes: 38525594624
write_bytes: 135160500224
cancelled_write_bytes: 1044480

[2019-03-10T14:46:58-07:00]
rchar: 292897670465
wchar: 135245501924
syscr: 35467962
syscw: 4008231
read_bytes: 38538038272
write_bytes: 135436206080
cancelled_write_bytes: 1044480

[2019-03-10T14:47:01-07:00]
rchar: 293383468016
wchar: 135521899697
syscr: 35526833
syscw: 4013051
read_bytes: 38553402368
write_bytes: 135713021952
cancelled_write_bytes: 1044480

[2019-03-10T14:47:04-07:00]
rchar: 294274216368
wchar: 136035210409
syscr: 35634807
syscw: 4022006
read_bytes: 38583176192
write_bytes: 136227749888
cancelled_write_bytes: 1044480

[2019-03-10T14:47:07-07:00]
rchar: 295005813321
wchar: 136503255360
syscr: 35723415
syscw: 4028134
read_bytes: 38599625728
write_bytes: 136696209408
cancelled_write_bytes: 1044480

[2019-03-10T14:47:10-07:00]
rchar: 295772942070
wchar: 136997664750
syscr: 35816286
syscw: 4034519
read_bytes: 38618926080
write_bytes: 137191034880
cancelled_write_bytes: 1044480

[2019-03-10T14:47:13-07:00]
rchar: 296474668208
wchar: 137439451575
syscr: 35901236
syscw: 4040381
read_bytes: 38637480960
write_bytes: 137634422784
cancelled_write_bytes: 1044480

[2019-03-10T14:47:16-07:00]
rchar: 296761556343
wchar: 137592229250
syscr: 35935958
syscw: 4043418
read_bytes: 38646389760
write_bytes: 137786552320
cancelled_write_bytes: 1044480

[2019-03-10T14:47:19-07:00]
rchar: 297041520433
wchar: 137849174447
syscr: 35969897
syscw: 4047430
read_bytes: 38660623360
write_bytes: 138043887616
cancelled_write_bytes: 1044480

[2019-03-10T14:47:22-07:00]
rchar: 297569499657
wchar: 138072382467
syscr: 36033826
syscw: 4058312
read_bytes: 38711671808
write_bytes: 138267422720
cancelled_write_bytes: 1052672

[2019-03-10T14:47:25-07:00]
rchar: 299083792257
wchar: 138530620586
syscr: 36217432
syscw: 4086425
read_bytes: 38857112576
write_bytes: 138726162432
cancelled_write_bytes: 1052672

[2019-03-10T14:47:28-07:00]
rchar: 300167049465
wchar: 138873611936
syscr: 36348733
syscw: 4106139
read_bytes: 38964325376
write_bytes: 139069542400
cancelled_write_bytes: 1052672

[2019-03-10T14:47:31-07:00]
rchar: 300371028719
wchar: 139082877373
syscr: 36373391
syscw: 4110933
read_bytes: 38979431424
write_bytes: 139279171584
cancelled_write_bytes: 1052672

[2019-03-10T14:47:34-07:00]
rchar: 301190288271
wchar: 139596596940
syscr: 36472676
syscw: 4117720
read_bytes: 39000894464
write_bytes: 139793670144
cancelled_write_bytes: 1060864

[2019-03-10T14:47:37-07:00]
rchar: 301911300423
wchar: 140040304455
syscr: 36560056
syscw: 4123953
read_bytes: 39021009920
write_bytes: 140238045184
cancelled_write_bytes: 1060864

[2019-03-10T14:47:40-07:00]
rchar: 302512827093
wchar: 140369519803
syscr: 36632961
syscw: 4130239
read_bytes: 39041186816
write_bytes: 140567736320
cancelled_write_bytes: 1060864

[2019-03-10T14:47:43-07:00]
rchar: 303293952591
wchar: 140860144732
syscr: 36727651
syscw: 4136914
read_bytes: 39059893248
write_bytes: 141059117056
cancelled_write_bytes: 1060864

[2019-03-10T14:47:46-07:00]
rchar: 303832914826
wchar: 141214893923
syscr: 36792871
syscw: 4141169
read_bytes: 39071538176
write_bytes: 141414416384
cancelled_write_bytes: 1060864

[2019-03-10T14:47:49-07:00]
rchar: 304611483240
wchar: 141706583130
syscr: 36887115
syscw: 4147587
read_bytes: 39091031040
write_bytes: 141906882560
cancelled_write_bytes: 1060864

[2019-03-10T14:47:52-07:00]
rchar: 305318091949
wchar: 142142625572
syscr: 36972673
syscw: 4153643
read_bytes: 39106321408
write_bytes: 142343598080
cancelled_write_bytes: 1060864

[2019-03-10T14:47:55-07:00]
rchar: 305939618030
wchar: 142536501121
syscr: 37047984
syscw: 4160087
read_bytes: 39124315136
write_bytes: 142738034688
cancelled_write_bytes: 1060864

[2019-03-10T14:47:58-07:00]
rchar: 306466737391
wchar: 142894444823
syscr: 37111856
syscw: 4166641
read_bytes: 39143013376
write_bytes: 143096496128
cancelled_write_bytes: 1060864

[2019-03-10T14:48:01-07:00]
rchar: 306901684606
wchar: 143209169911
syscr: 37164582
syscw: 4172065
read_bytes: 39159593984
write_bytes: 143411671040
cancelled_write_bytes: 1060864

[2019-03-10T14:48:04-07:00]
rchar: 307785433371
wchar: 143683332655
syscr: 37271639
syscw: 4188792
read_bytes: 39226854400
write_bytes: 143886503936
cancelled_write_bytes: 1069056

[2019-03-10T14:48:07-07:00]
rchar: 309130261817
wchar: 144164970286
syscr: 37434673
syscw: 4211794
read_bytes: 39332256768
write_bytes: 144368726016
cancelled_write_bytes: 1069056

[2019-03-10T14:48:10-07:00]
rchar: 310097457465
wchar: 144491535735
syscr: 37551940
syscw: 4230307
read_bytes: 39415938048
write_bytes: 144695701504
cancelled_write_bytes: 1069056

[2019-03-10T14:48:13-07:00]
rchar: 310809425247
wchar: 145031845403
syscr: 37638201
syscw: 4238411
read_bytes: 39436098560
write_bytes: 145236787200
cancelled_write_bytes: 1077248

[2019-03-10T14:48:16-07:00]
rchar: 311396040832
wchar: 145384911700
syscr: 37709276
syscw: 4243605
read_bytes: 39449328640
write_bytes: 145590366208
cancelled_write_bytes: 1077248

[2019-03-10T14:48:19-07:00]
rchar: 312170870484
wchar: 145837756252
syscr: 37803176
syscw: 4250842
read_bytes: 39466605568
write_bytes: 146043887616
cancelled_write_bytes: 1077248

[2019-03-10T14:48:22-07:00]
rchar: 312686417262
wchar: 146149568229
syscr: 37865638
syscw: 4255493
read_bytes: 39478684672
write_bytes: 146356178944
cancelled_write_bytes: 1077248

[2019-03-10T14:48:25-07:00]
rchar: 313453228075
wchar: 146592357513
syscr: 37958591
syscw: 4262987
read_bytes: 39498284032
write_bytes: 146799689728
cancelled_write_bytes: 1077248

[2019-03-10T14:48:28-07:00]
rchar: 314228623792
wchar: 147061175336
syscr: 38052385
syscw: 4270208
read_bytes: 39517621248
write_bytes: 147269246976
cancelled_write_bytes: 1077248

[2019-03-10T14:48:31-07:00]
rchar: 314709022986
wchar: 147368660175
syscr: 38110510
syscw: 4274237
read_bytes: 39529147392
write_bytes: 147577225216
cancelled_write_bytes: 1077248

[2019-03-10T14:48:34-07:00]
rchar: 315339288218
wchar: 147744968979
syscr: 38186847
syscw: 4280459
read_bytes: 39548165120
write_bytes: 147954114560
cancelled_write_bytes: 1077248

[2019-03-10T14:48:37-07:00]
rchar: 315935860187
wchar: 148048992641
syscr: 38259124
syscw: 4291501
read_bytes: 39591840768
write_bytes: 148258582528
cancelled_write_bytes: 1077248

[2019-03-10T14:48:40-07:00]
rchar: 316329339196
wchar: 148332171639
syscr: 38306739
syscw: 4301122
read_bytes: 39629298688
write_bytes: 148542222336
cancelled_write_bytes: 1085440

[2019-03-10T14:48:43-07:00]
rchar: 317406428331
wchar: 148680583879
syscr: 38437312
syscw: 4320924
read_bytes: 39717432320
write_bytes: 148891049984
cancelled_write_bytes: 1085440

[2019-03-10T14:48:46-07:00]
rchar: 318843380763
wchar: 149089593583
syscr: 38611515
syscw: 4347818
read_bytes: 39868034048
write_bytes: 149300514816
cancelled_write_bytes: 1085440

[2019-03-10T14:48:49-07:00]
rchar: 319723861567
wchar: 149422446006
syscr: 38718193
syscw: 4363833
read_bytes: 39934983168
write_bytes: 149633830912
cancelled_write_bytes: 1093632

[2019-03-10T14:48:52-07:00]
rchar: 321704475779
wchar: 149916677883
syscr: 38958311
syscw: 4393234
read_bytes: 40063024128
write_bytes: 150128648192
cancelled_write_bytes: 1093632

[2019-03-10T14:48:55-07:00]
rchar: 322446705647
wchar: 150080779380
syscr: 39048295
syscw: 4404640
read_bytes: 40104041472
write_bytes: 150292930560
cancelled_write_bytes: 1093632

[2019-03-10T14:48:58-07:00]
rchar: 323989938035
wchar: 150557767743
syscr: 39235315
syscw: 4425551
read_bytes: 40184609792
write_bytes: 150770548736
cancelled_write_bytes: 1101824

[2019-03-10T14:49:01-07:00]
rchar: 326188753216
wchar: 150894166958
syscr: 39501897
syscw: 4454695
read_bytes: 40288099328
write_bytes: 151107264512
cancelled_write_bytes: 1101824

[2019-03-10T14:49:04-07:00]
rchar: 327152917200
wchar: 151338394054
syscr: 39618733
syscw: 4466185
read_bytes: 40305110016
write_bytes: 151552192512
cancelled_write_bytes: 1110016

[2019-03-10T14:49:07-07:00]
rchar: 328224746889
wchar: 151816117991
syscr: 39748484
syscw: 4474833
read_bytes: 40316447744
write_bytes: 152030679040
cancelled_write_bytes: 1110016

[2019-03-10T14:49:10-07:00]
rchar: 328958016645
wchar: 152125321705
syscr: 39837274
syscw: 4481192
read_bytes: 40324594688
write_bytes: 152340369408
cancelled_write_bytes: 1110016

[2019-03-10T14:49:13-07:00]
rchar: 330012911691
wchar: 152582959914
syscr: 39964992
syscw: 4490567
read_bytes: 40335170560
write_bytes: 152798736384
cancelled_write_bytes: 1110016

[2019-03-10T14:49:16-07:00]
rchar: 331246602616
wchar: 152942442838
syscr: 40114406
syscw: 4513041
read_bytes: 40388135936
write_bytes: 153158672384
cancelled_write_bytes: 1110016

[2019-03-10T14:49:19-07:00]
rchar: 331837196454
wchar: 153202887015
syscr: 40185935
syscw: 4527724
read_bytes: 40421424128
write_bytes: 153419489280
cancelled_write_bytes: 1118208

[2019-03-10T14:49:22-07:00]
rchar: 333653381938
wchar: 153488126069
syscr: 40406154
syscw: 4564532
read_bytes: 40513670144
write_bytes: 153704878080
cancelled_write_bytes: 1118208

[2019-03-10T14:49:25-07:00]
rchar: 334265508273
wchar: 153926079764
syscr: 40480313
syscw: 4573786
read_bytes: 40526846976
write_bytes: 154143494144
cancelled_write_bytes: 1126400

[2019-03-10T14:49:28-07:00]
rchar: 335145753705
wchar: 154452557629
syscr: 40587048
syscw: 4581653
read_bytes: 40535514112
write_bytes: 154670739456
cancelled_write_bytes: 1126400

[2019-03-10T14:49:31-07:00]
rchar: 335950574409
wchar: 154921616879
syscr: 40684526
syscw: 4589179
read_bytes: 40544082944
write_bytes: 155140501504
cancelled_write_bytes: 1126400

[2019-03-10T14:49:34-07:00]
rchar: 336570962771
wchar: 155263765553
syscr: 40759746
syscw: 4595551
read_bytes: 40551394304
write_bytes: 155483148288
cancelled_write_bytes: 1126400

[2019-03-10T14:49:37-07:00]
rchar: 337179595006
wchar: 155593140185
syscr: 40833529
syscw: 4601925
read_bytes: 40558361600
write_bytes: 155812999168
cancelled_write_bytes: 1126400

[2019-03-10T14:49:40-07:00]
rchar: 337732424914
wchar: 155882187222
syscr: 40900476
syscw: 4607928
read_bytes: 40564792320
write_bytes: 156102471680
cancelled_write_bytes: 1126400

[2019-03-10T14:49:43-07:00]
rchar: 338425390209
wchar: 156278917666
syscr: 40984491
syscw: 4614507
read_bytes: 40572296192
write_bytes: 156499746816
cancelled_write_bytes: 1126400

[2019-03-10T14:49:46-07:00]
rchar: 339184624770
wchar: 156734257895
syscr: 41076519
syscw: 4621430
read_bytes: 40580000768
write_bytes: 156955766784
cancelled_write_bytes: 1126400

[2019-03-10T14:49:49-07:00]
rchar: 339491418271
wchar: 156950345119
syscr: 41113626
syscw: 4623482
read_bytes: 40582130688
write_bytes: 157172224000
cancelled_write_bytes: 1126400

[2019-03-10T14:49:52-07:00]
rchar: 339867391978
wchar: 157178206441
syscr: 41159221
syscw: 4626911
read_bytes: 40585763840
write_bytes: 157400416256
cancelled_write_bytes: 1126400

[2019-03-10T14:49:55-07:00]
rchar: 340476692130
wchar: 157597292077
syscr: 41233054
syscw: 4635351
read_bytes: 40595319808
write_bytes: 157820198912
cancelled_write_bytes: 1126400

[2019-03-10T14:49:58-07:00]
rchar: 341006616399
wchar: 157841538379
syscr: 41297199
syscw: 4642369
read_bytes: 40602512384
write_bytes: 158064832512
cancelled_write_bytes: 1134592

[2019-03-10T14:50:01-07:00]
rchar: 342288143244
wchar: 158115851587
syscr: 41452570
syscw: 4658853
read_bytes: 40622201856
write_bytes: 158339481600
cancelled_write_bytes: 1134592

[2019-03-10T14:50:04-07:00]
rchar: 343591433739
wchar: 158713056118
syscr: 41610452
syscw: 4671370
read_bytes: 40636185600
write_bytes: 158937587712
cancelled_write_bytes: 1134592

[2019-03-10T14:50:07-07:00]
rchar: 344239739035
wchar: 159038136037
syscr: 41688904
syscw: 4677874
read_bytes: 40642857984
write_bytes: 159263191040
cancelled_write_bytes: 1134592

[2019-03-10T14:50:10-07:00]
rchar: 344613272275
wchar: 159245492179
syscr: 41734114
syscw: 4681167
read_bytes: 40645880832
write_bytes: 159470874624
cancelled_write_bytes: 1134592

[2019-03-10T14:50:13-07:00]
rchar: 345370433198
wchar: 159740251493
syscr: 41825767
syscw: 4689728
read_bytes: 40656194560
write_bytes: 159966756864
cancelled_write_bytes: 1142784

[2019-03-10T14:50:16-07:00]
rchar: 346091384295
wchar: 160150221859
syscr: 41913155
syscw: 4697835
read_bytes: 40674049024
write_bytes: 160376938496
cancelled_write_bytes: 1142784

[2019-03-10T14:50:19-07:00]
rchar: 346671996707
wchar: 160496039057
syscr: 41983533
syscw: 4703696
read_bytes: 40686943232
write_bytes: 160723234816
cancelled_write_bytes: 1142784

[2019-03-10T14:50:22-07:00]
rchar: 347778980196
wchar: 160957650576
syscr: 42117736
syscw: 4720388
read_bytes: 40757820416
write_bytes: 161185411072
cancelled_write_bytes: 1142784

[2019-03-10T14:50:25-07:00]
rchar: 348806458954
wchar: 161341140356
syscr: 42242303
syscw: 4742036
read_bytes: 40840199168
write_bytes: 161569398784
cancelled_write_bytes: 1142784

[2019-03-10T14:50:28-07:00]
rchar: 350344372590
wchar: 161664875392
syscr: 42428686
syscw: 4766955
read_bytes: 40944249856
write_bytes: 161893498880
cancelled_write_bytes: 1150976

[2019-03-10T14:50:31-07:00]
rchar: 351538376871
wchar: 162185530758
syscr: 42573419
syscw: 4781244
read_bytes: 40984615936
write_bytes: 162414845952
cancelled_write_bytes: 1150976

[2019-03-10T14:50:34-07:00]
rchar: 352378576966
wchar: 162502268311
syscr: 42675264
syscw: 4792183
read_bytes: 41014578176
write_bytes: 162731982848
cancelled_write_bytes: 1150976

[2019-03-10T14:50:37-07:00]
rchar: 353080559172
wchar: 162864465254
syscr: 42760312
syscw: 4803087
read_bytes: 41048587264
write_bytes: 163094700032
cancelled_write_bytes: 1159168

[2019-03-10T14:50:40-07:00]
rchar: 353704659978
wchar: 163217759575
syscr: 42835981
syscw: 4808175
read_bytes: 41057950720
write_bytes: 163448508416
cancelled_write_bytes: 1159168

[2019-03-10T14:50:43-07:00]
rchar: 354433841763
wchar: 163579589931
syscr: 42924348
syscw: 4814801
read_bytes: 41070050304
write_bytes: 163810856960
cancelled_write_bytes: 1159168

[2019-03-10T14:50:46-07:00]
rchar: 355307726051
wchar: 164036580280
syscr: 43030251
syscw: 4822102
read_bytes: 41085393920
write_bytes: 164268519424
cancelled_write_bytes: 1159168

[2019-03-10T14:50:49-07:00]
rchar: 356217296511
wchar: 164479055316
syscr: 43140489
syscw: 4830717
read_bytes: 41101818880
write_bytes: 164711624704
cancelled_write_bytes: 1159168

[2019-03-10T14:50:52-07:00]
rchar: 357010321585
wchar: 164743076348
syscr: 43236618
syscw: 4840292
read_bytes: 41126296576
write_bytes: 164976033792
cancelled_write_bytes: 1159168

[2019-03-10T14:50:55-07:00]
rchar: 358303592491
wchar: 165022063710
syscr: 43393396
syscw: 4857254
read_bytes: 41198451712
write_bytes: 165255335936
cancelled_write_bytes: 1159168

[2019-03-10T14:50:58-07:00]
rchar: 359164108014
wchar: 165516915535
syscr: 43497669
syscw: 4866388
read_bytes: 41220611072
write_bytes: 165750984704
cancelled_write_bytes: 1167360

[2019-03-10T14:51:01-07:00]
rchar: 360120402277
wchar: 165989248478
syscr: 43613413
syscw: 4874089
read_bytes: 41238821888
write_bytes: 166224052224
cancelled_write_bytes: 1167360

[2019-03-10T14:51:04-07:00]
rchar: 361076907577
wchar: 166454278985
syscr: 43729205
syscw: 4881637
read_bytes: 41256233984
write_bytes: 166689812480
cancelled_write_bytes: 1167360

[2019-03-10T14:51:07-07:00]
rchar: 361707394820
wchar: 166739690623
syscr: 43805490
syscw: 4887246
read_bytes: 41269586944
write_bytes: 166976262144
cancelled_write_bytes: 1167360

[2019-03-10T14:51:10-07:00]
rchar: 362595453612
wchar: 167135307142
syscr: 43913145
syscw: 4902522
read_bytes: 41316477952
write_bytes: 167371841536
cancelled_write_bytes: 1167360

[2019-03-10T14:51:13-07:00]
rchar: 363196747009
wchar: 167323765679
syscr: 43986040
syscw: 4919218
read_bytes: 41374989312
write_bytes: 167560482816
cancelled_write_bytes: 1167360

[2019-03-10T14:51:16-07:00]
rchar: 363671277494
wchar: 167613551174
syscr: 44043506
syscw: 4931088
read_bytes: 41408695296
write_bytes: 167850688512
cancelled_write_bytes: 1175552

[2019-03-10T14:51:19-07:00]
rchar: 365762113946
wchar: 168216730107
syscr: 44296974
syscw: 4968851
read_bytes: 41579301888
write_bytes: 168454533120
cancelled_write_bytes: 1175552

[2019-03-10T14:51:22-07:00]
rchar: 366169224605
wchar: 168460072796
syscr: 44346333
syscw: 4977929
read_bytes: 41606368256
write_bytes: 168698249216
cancelled_write_bytes: 1175552

[2019-03-10T14:51:25-07:00]
rchar: 366920885286
wchar: 168864434233
syscr: 44437407
syscw: 4986973
read_bytes: 41620298752
write_bytes: 169103151104
cancelled_write_bytes: 1183744

[2019-03-10T14:51:28-07:00]
rchar: 367918890710
wchar: 169380561137
syscr: 44558412
syscw: 4997526
read_bytes: 41635617792
write_bytes: 169620025344
cancelled_write_bytes: 1183744

[2019-03-10T14:51:31-07:00]
rchar: 368499751960
wchar: 169699440892
syscr: 44628744
syscw: 5003389
read_bytes: 41644084224
write_bytes: 169939394560
cancelled_write_bytes: 1183744

[2019-03-10T14:51:34-07:00]
rchar: 369124005658
wchar: 170031766863
syscr: 44704435
syscw: 5010054
read_bytes: 41653861376
write_bytes: 170272182272
cancelled_write_bytes: 1183744

[2019-03-10T14:51:37-07:00]
rchar: 370022811502
wchar: 170498329589
syscr: 44813361
syscw: 5020036
read_bytes: 41668529152
write_bytes: 170739396608
cancelled_write_bytes: 1183744

[2019-03-10T14:51:40-07:00]
rchar: 370688449370
wchar: 170847421083
syscr: 44894041
syscw: 5027144
read_bytes: 41678240768
write_bytes: 171088969728
cancelled_write_bytes: 1183744

[2019-03-10T14:51:43-07:00]
rchar: 371272803293
wchar: 171157445002
syscr: 44964872
syscw: 5033458
read_bytes: 41687489536
write_bytes: 171399446528
cancelled_write_bytes: 1183744

[2019-03-10T14:51:46-07:00]
rchar: 371742806189
wchar: 171472596089
syscr: 45021812
syscw: 5037004
read_bytes: 41692244992
write_bytes: 171715084288
cancelled_write_bytes: 1183744

[2019-03-10T14:51:49-07:00]
rchar: 372231798748
wchar: 171767352315
syscr: 45081074
syscw: 5042331
read_bytes: 41700834304
write_bytes: 172010287104
cancelled_write_bytes: 1183744

[2019-03-10T14:51:52-07:00]
rchar: 372984223221
wchar: 172233485894
syscr: 45172270
syscw: 5051993
read_bytes: 41714539520
write_bytes: 172477149184
cancelled_write_bytes: 1183744

[2019-03-10T14:51:55-07:00]
rchar: 373498202437
wchar: 172511748156
syscr: 45234519
syscw: 5058007
read_bytes: 41722829824
write_bytes: 172755828736
cancelled_write_bytes: 1183744

[2019-03-10T14:51:58-07:00]
rchar: 374475124670
wchar: 172980177429
syscr: 45352908
syscw: 5068536
read_bytes: 41737350144
write_bytes: 173224960000
cancelled_write_bytes: 1187840

[2019-03-10T14:52:01-07:00]
rchar: 375758121928
wchar: 173205944151
syscr: 45508457
syscw: 5087496
read_bytes: 41783266304
write_bytes: 173450973184
cancelled_write_bytes: 1187840

[2019-03-10T14:52:04-07:00]
rchar: 376549714470
wchar: 173467042654
syscr: 45604417
syscw: 5100115
read_bytes: 41810344960
write_bytes: 173712429056
cancelled_write_bytes: 1187840

[2019-03-10T14:52:07-07:00]
rchar: 377624199699
wchar: 173988951377
syscr: 45734629
syscw: 5110235
read_bytes: 41826835456
write_bytes: 174235090944
cancelled_write_bytes: 1196032

[2019-03-10T14:52:10-07:00]
rchar: 378279366302
wchar: 174275353874
syscr: 45813922
syscw: 5116354
read_bytes: 41838185472
write_bytes: 174521921536
cancelled_write_bytes: 1196032

[2019-03-10T14:52:13-07:00]
rchar: 379028891204
wchar: 174632878324
syscr: 45904745
syscw: 5122717
read_bytes: 41849637888
write_bytes: 174879977472
cancelled_write_bytes: 1196032

[2019-03-10T14:52:16-07:00]
rchar: 379792171590
wchar: 174982862679
syscr: 45997195
syscw: 5129569
read_bytes: 41861512192
write_bytes: 175230472192
cancelled_write_bytes: 1196032

[2019-03-10T14:52:19-07:00]
rchar: 380534122870
wchar: 175323423872
syscr: 46087056
syscw: 5136099
read_bytes: 41874275328
write_bytes: 175571554304
cancelled_write_bytes: 1196032

[2019-03-10T14:52:22-07:00]
rchar: 381467996053
wchar: 175732927734
syscr: 46200134
syscw: 5144870
read_bytes: 41891634176
write_bytes: 175981682688
cancelled_write_bytes: 1196032

[2019-03-10T14:52:25-07:00]
rchar: 382039208066
wchar: 175904038109
syscr: 46269394
syscw: 5157579
read_bytes: 41929726976
write_bytes: 176152985600
cancelled_write_bytes: 1196032

[2019-03-10T14:52:28-07:00]
rchar: 383024716988
wchar: 176328053416
syscr: 46388787
syscw: 5178511
read_bytes: 42007350272
write_bytes: 176577568768
cancelled_write_bytes: 1204224

[2019-03-10T14:52:31-07:00]
rchar: 384479025194
wchar: 176689013349
syscr: 46565107
syscw: 5207890
read_bytes: 42110827520
write_bytes: 176938897408
cancelled_write_bytes: 1204224

[2019-03-10T14:52:34-07:00]
rchar: 384896530728
wchar: 176931332696
syscr: 46615735
syscw: 5217465
read_bytes: 42135579648
write_bytes: 177181564928
cancelled_write_bytes: 1204224

[2019-03-10T14:52:37-07:00]
rchar: 386712140858
wchar: 177396296922
syscr: 46835770
syscw: 5245703
read_bytes: 42259909632
write_bytes: 177647067136
cancelled_write_bytes: 1212416

[2019-03-10T14:52:40-07:00]
rchar: 387321140442
wchar: 177758418206
syscr: 46909573
syscw: 5250342
read_bytes: 42292100096
write_bytes: 178009690112
cancelled_write_bytes: 1212416

[2019-03-10T14:52:43-07:00]
rchar: 387712299385
wchar: 178005870196
syscr: 46956981
syscw: 5253239
read_bytes: 42316594176
write_bytes: 178257494016
cancelled_write_bytes: 1212416

[2019-03-10T14:52:46-07:00]
rchar: 387928496515
wchar: 178166836076
syscr: 46983194
syscw: 5254421
read_bytes: 42346396672
write_bytes: 178418737152
cancelled_write_bytes: 1265664

[2019-03-10T14:52:49-07:00]
rchar: 387928496515
wchar: 178166836154
syscr: 46983194
syscw: 5254422
read_bytes: 42346396672
write_bytes: 178418749440
cancelled_write_bytes: 1265664

[2019-03-10T14:52:52-07:00]
rchar: 387928496515
wchar: 178166836154
syscr: 46983194
syscw: 5254422
read_bytes: 42346396672
write_bytes: 178418749440
cancelled_write_bytes: 1265664

[2019-03-10T14:52:55-07:00]
rchar: 387928496515
wchar: 178166836154
syscr: 46983194
syscw: 5254422
read_bytes: 42346396672
write_bytes: 178418749440
cancelled_write_bytes: 1265664

[2019-03-10T14:52:58-07:00]
rchar: 387928503425
wchar: 178166836154
syscr: 46983202
syscw: 5254422
read_bytes: 42346413056
write_bytes: 178418765824
cancelled_write_bytes: 1265664

