[2019-03-21T13:51:12-07:00]
rchar: 816003
wchar: 8
syscr: 380
syscw: 8
read_bytes: 15298560
write_bytes: 32768
cancelled_write_bytes: 0

[2019-03-21T13:51:15-07:00]
rchar: 4369204
wchar: 203
syscr: 2334
syscw: 10
read_bytes: 24154112
write_bytes: 36864
cancelled_write_bytes: 0

[2019-03-21T13:51:18-07:00]
rchar: 4369204
wchar: 203
syscr: 2334
syscw: 10
read_bytes: 24154112
write_bytes: 36864
cancelled_write_bytes: 0

[2019-03-21T13:51:21-07:00]
rchar: 4369204
wchar: 203
syscr: 2334
syscw: 10
read_bytes: 24154112
write_bytes: 36864
cancelled_write_bytes: 0

[2019-03-21T13:51:24-07:00]
rchar: 131674251
wchar: 53278621
syscr: 8476
syscw: 1313
read_bytes: 249292288
write_bytes: 53387264
cancelled_write_bytes: 0

[2019-03-21T13:51:27-07:00]
rchar: 629100009
wchar: 390314515
syscr: 68785
syscw: 24164
read_bytes: 851278336
write_bytes: 390799360
cancelled_write_bytes: 0

[2019-03-21T13:51:30-07:00]
rchar: 971590291
wchar: 621005053
syscr: 110300
syscw: 41658
read_bytes: 1262189056
write_bytes: 621760512
cancelled_write_bytes: 0

[2019-03-21T13:51:33-07:00]
rchar: 1288507341
wchar: 776902803
syscr: 148729
syscw: 68743
read_bytes: 1680148992
write_bytes: 777764864
cancelled_write_bytes: 0

[2019-03-21T13:51:36-07:00]
rchar: 1444762074
wchar: 1056312499
syscr: 167583
syscw: 71983
read_bytes: 1774733824
write_bytes: 1057628160
cancelled_write_bytes: 8192

[2019-03-21T13:51:39-07:00]
rchar: 1950615708
wchar: 1432481271
syscr: 228788
syscw: 79971
read_bytes: 2061449728
write_bytes: 1434361856
cancelled_write_bytes: 8192

[2019-03-21T13:51:42-07:00]
rchar: 2543263317
wchar: 1799412708
syscr: 300506
syscw: 93752
read_bytes: 2454985216
write_bytes: 1801777152
cancelled_write_bytes: 8192

[2019-03-21T13:51:45-07:00]
rchar: 3017598205
wchar: 1996131827
syscr: 358002
syscw: 110517
read_bytes: 2664249856
write_bytes: 1998741504
cancelled_write_bytes: 20480

[2019-03-21T13:51:48-07:00]
rchar: 3511766027
wchar: 2089789258
syscr: 417923
syscw: 135496
read_bytes: 2968361472
write_bytes: 2092408832
cancelled_write_bytes: 20480

[2019-03-21T13:51:51-07:00]
rchar: 4091963846
wchar: 2327115189
syscr: 488191
syscw: 154263
read_bytes: 3189549568
write_bytes: 2330062848
cancelled_write_bytes: 28672

[2019-03-21T13:51:54-07:00]
rchar: 5328631119
wchar: 2479280568
syscr: 638139
syscw: 194517
read_bytes: 3665844736
write_bytes: 2482229248
cancelled_write_bytes: 28672

[2019-03-21T13:51:57-07:00]
rchar: 5596448085
wchar: 2684438812
syscr: 670615
syscw: 203591
read_bytes: 3769072128
write_bytes: 2687705088
cancelled_write_bytes: 28672

[2019-03-21T13:52:00-07:00]
rchar: 6325075309
wchar: 3315281366
syscr: 758692
syscw: 206222
read_bytes: 3791612416
write_bytes: 3319578624
cancelled_write_bytes: 36864

[2019-03-21T13:52:03-07:00]
rchar: 6717293337
wchar: 3583032797
syscr: 806112
syscw: 211780
read_bytes: 3852905984
write_bytes: 3587747840
cancelled_write_bytes: 73728

[2019-03-21T13:52:06-07:00]
rchar: 7167602703
wchar: 3933223568
syscr: 860691
syscw: 217982
read_bytes: 3920985600
write_bytes: 3938426880
cancelled_write_bytes: 86016

[2019-03-21T13:52:09-07:00]
rchar: 7762429676
wchar: 4261685633
syscr: 932783
syscw: 234476
read_bytes: 4104416768
write_bytes: 4267302912
cancelled_write_bytes: 114688

[2019-03-21T13:52:12-07:00]
rchar: 8443514007
wchar: 4391099965
syscr: 1015374
syscw: 268845
read_bytes: 4494732800
write_bytes: 4396716032
cancelled_write_bytes: 114688

[2019-03-21T13:52:15-07:00]
rchar: 8561524260
wchar: 4572718570
syscr: 1029604
syscw: 273260
read_bytes: 4541869568
write_bytes: 4578660352
cancelled_write_bytes: 122880

[2019-03-21T13:52:18-07:00]
rchar: 9728572708
wchar: 4715212188
syscr: 1171111
syscw: 311106
read_bytes: 4955880960
write_bytes: 4721164288
cancelled_write_bytes: 122880

[2019-03-21T13:52:21-07:00]
rchar: 10471495629
wchar: 4850232961
syscr: 1261193
syscw: 335787
read_bytes: 5222125056
write_bytes: 4856258560
cancelled_write_bytes: 122880

[2019-03-21T13:52:24-07:00]
rchar: 10782324570
wchar: 5234789035
syscr: 1298803
syscw: 337407
read_bytes: 5234630144
write_bytes: 5241487360
cancelled_write_bytes: 131072

[2019-03-21T13:52:27-07:00]
rchar: 11149830711
wchar: 5549026124
syscr: 1343217
syscw: 338705
read_bytes: 5244902912
write_bytes: 5556273152
cancelled_write_bytes: 131072

[2019-03-21T13:52:30-07:00]
rchar: 11612526187
wchar: 5880261924
syscr: 1399137
syscw: 344080
read_bytes: 5317340672
write_bytes: 5888077824
cancelled_write_bytes: 131072

[2019-03-21T13:52:33-07:00]
rchar: 12415873975
wchar: 6227363062
syscr: 1496524
syscw: 371729
read_bytes: 5811113472
write_bytes: 6235545600
cancelled_write_bytes: 131072

[2019-03-21T13:52:36-07:00]
rchar: 13228066114
wchar: 6573114922
syscr: 1594988
syscw: 401495
read_bytes: 6305058304
write_bytes: 6581645312
cancelled_write_bytes: 131072

[2019-03-21T13:52:39-07:00]
rchar: 13293557279
wchar: 6751923154
syscr: 1602933
syscw: 404064
read_bytes: 6345920000
write_bytes: 6760759296
cancelled_write_bytes: 131072

[2019-03-21T13:52:42-07:00]
rchar: 13875059682
wchar: 6942361053
syscr: 1673346
syscw: 418956
read_bytes: 6587588096
write_bytes: 6951411712
cancelled_write_bytes: 143360

[2019-03-21T13:52:45-07:00]
rchar: 14746400367
wchar: 7246419230
syscr: 1778977
syscw: 440211
read_bytes: 6908632576
write_bytes: 7255834624
cancelled_write_bytes: 143360

[2019-03-21T13:52:48-07:00]
rchar: 15687812461
wchar: 7545443126
syscr: 1893107
syscw: 464963
read_bytes: 7310106112
write_bytes: 7555170304
cancelled_write_bytes: 143360

[2019-03-21T13:52:51-07:00]
rchar: 15927101833
wchar: 7790446276
syscr: 1922121
syscw: 471537
read_bytes: 7413079552
write_bytes: 7800561664
cancelled_write_bytes: 143360

[2019-03-21T13:52:54-07:00]
rchar: 17129964586
wchar: 8083563800
syscr: 2067869
syscw: 495658
read_bytes: 7792774656
write_bytes: 8094003200
cancelled_write_bytes: 155648

[2019-03-21T13:52:57-07:00]
rchar: 18273932084
wchar: 8354295841
syscr: 2206557
syscw: 519546
read_bytes: 8162323968
write_bytes: 8365010944
cancelled_write_bytes: 159744

[2019-03-21T13:53:00-07:00]
rchar: 19116484852
wchar: 8558775255
syscr: 2308706
syscw: 537171
read_bytes: 8433749504
write_bytes: 8569688064
cancelled_write_bytes: 159744

[2019-03-21T13:53:03-07:00]
rchar: 19957051615
wchar: 8888544057
syscr: 2410537
syscw: 551884
read_bytes: 8648916480
write_bytes: 8899936256
cancelled_write_bytes: 167936

[2019-03-21T13:53:06-07:00]
rchar: 20860939293
wchar: 9231165251
syscr: 2520123
syscw: 563716
read_bytes: 8824077824
write_bytes: 9243037696
cancelled_write_bytes: 167936

[2019-03-21T13:53:09-07:00]
rchar: 21341974858
wchar: 9617968688
syscr: 2578265
syscw: 565483
read_bytes: 8837127680
write_bytes: 9630502912
cancelled_write_bytes: 167936

[2019-03-21T13:53:12-07:00]
rchar: 21846663652
wchar: 10011138251
syscr: 2639241
syscw: 567687
read_bytes: 8853741056
write_bytes: 10024353792
cancelled_write_bytes: 167936

[2019-03-21T13:53:15-07:00]
rchar: 22518239756
wchar: 10263795934
syscr: 2720662
syscw: 589838
read_bytes: 9175346688
write_bytes: 10277302272
cancelled_write_bytes: 167936

[2019-03-21T13:53:18-07:00]
rchar: 22991847789
wchar: 10456402190
syscr: 2778079
syscw: 605421
read_bytes: 9409232384
write_bytes: 10470117376
cancelled_write_bytes: 167936

[2019-03-21T13:53:21-07:00]
rchar: 23559926689
wchar: 10789077446
syscr: 2846872
syscw: 619483
read_bytes: 9606512128
write_bytes: 10803286016
cancelled_write_bytes: 176128

[2019-03-21T13:53:24-07:00]
rchar: 24536726592
wchar: 11070092972
syscr: 2965293
syscw: 643297
read_bytes: 9957981696
write_bytes: 11084587008
cancelled_write_bytes: 176128

[2019-03-21T13:53:27-07:00]
rchar: 25680447532
wchar: 11414929364
syscr: 3103955
syscw: 671264
read_bytes: 10378952192
write_bytes: 11429777408
cancelled_write_bytes: 176128

[2019-03-21T13:53:30-07:00]
rchar: 25723528588
wchar: 11593687243
syscr: 3109184
syscw: 672635
read_bytes: 10391756288
write_bytes: 11608854528
cancelled_write_bytes: 180224

[2019-03-21T13:53:33-07:00]
rchar: 26536041086
wchar: 11792637870
syscr: 3207606
syscw: 688031
read_bytes: 10621447680
write_bytes: 11808030720
cancelled_write_bytes: 192512

[2019-03-21T13:53:36-07:00]
rchar: 27817577171
wchar: 12093185050
syscr: 3362981
syscw: 712992
read_bytes: 10974092800
write_bytes: 12108890112
cancelled_write_bytes: 192512

[2019-03-21T13:53:39-07:00]
rchar: 29019549054
wchar: 12360248486
syscr: 3508711
syscw: 737346
read_bytes: 11303407104
write_bytes: 12376227840
cancelled_write_bytes: 192512

[2019-03-21T13:53:42-07:00]
rchar: 29081759957
wchar: 12525259938
syscr: 3516255
syscw: 738758
read_bytes: 11317542400
write_bytes: 12541521920
cancelled_write_bytes: 192512

[2019-03-21T13:53:45-07:00]
rchar: 30077531122
wchar: 12732128804
syscr: 3636898
syscw: 754988
read_bytes: 11541597696
write_bytes: 12748652544
cancelled_write_bytes: 200704

[2019-03-21T13:53:48-07:00]
rchar: 31371897314
wchar: 13285456305
syscr: 3793715
syscw: 769822
read_bytes: 11729387008
write_bytes: 13302816768
cancelled_write_bytes: 200704

[2019-03-21T13:53:51-07:00]
rchar: 31871070273
wchar: 13685827756
syscr: 3854081
syscw: 771652
read_bytes: 11741625856
write_bytes: 13703860224
cancelled_write_bytes: 200704

[2019-03-21T13:53:54-07:00]
rchar: 32325350838
wchar: 14032604976
syscr: 3908964
syscw: 773679
read_bytes: 11756011008
write_bytes: 14051258368
cancelled_write_bytes: 200704

[2019-03-21T13:53:57-07:00]
rchar: 33114304193
wchar: 14320671177
syscr: 4004619
syscw: 798727
read_bytes: 12082822656
write_bytes: 14339608576
cancelled_write_bytes: 200704

[2019-03-21T13:54:00-07:00]
rchar: 33649490010
wchar: 14680832227
syscr: 4069415
syscw: 812447
read_bytes: 12245700096
write_bytes: 14700302336
cancelled_write_bytes: 208896

[2019-03-21T13:54:03-07:00]
rchar: 34374290836
wchar: 15001392709
syscr: 4157283
syscw: 825364
read_bytes: 12388773376
write_bytes: 15021273088
cancelled_write_bytes: 208896

[2019-03-21T13:54:06-07:00]
rchar: 35212676738
wchar: 15403178018
syscr: 4258906
syscw: 839667
read_bytes: 12521283072
write_bytes: 15423598592
cancelled_write_bytes: 208896

[2019-03-21T13:54:09-07:00]
rchar: 35992151398
wchar: 15660172566
syscr: 4353407
syscw: 857436
read_bytes: 12744834560
write_bytes: 15680880640
cancelled_write_bytes: 212992

[2019-03-21T13:54:12-07:00]
rchar: 36660641360
wchar: 15894040475
syscr: 4434453
syscw: 873477
read_bytes: 12953521664
write_bytes: 15915036672
cancelled_write_bytes: 217088

[2019-03-21T13:54:15-07:00]
rchar: 37050465747
wchar: 16203314873
syscr: 4481623
syscw: 879148
read_bytes: 13014920704
write_bytes: 16224813056
cancelled_write_bytes: 229376

[2019-03-21T13:54:18-07:00]
rchar: 37529560783
wchar: 16491034614
syscr: 4539690
syscw: 883942
read_bytes: 13048950272
write_bytes: 16512962560
cancelled_write_bytes: 229376

[2019-03-21T13:54:21-07:00]
rchar: 38598925354
wchar: 16799784016
syscr: 4669329
syscw: 902769
read_bytes: 13267971584
write_bytes: 16822075392
cancelled_write_bytes: 229376

[2019-03-21T13:54:24-07:00]
rchar: 39921477007
wchar: 17196604170
syscr: 4829667
syscw: 926349
read_bytes: 13548834304
write_bytes: 17219371008
cancelled_write_bytes: 233472

[2019-03-21T13:54:27-07:00]
rchar: 40700432778
wchar: 17457541089
syscr: 4924098
syscw: 940022
read_bytes: 13718027776
write_bytes: 17480630272
cancelled_write_bytes: 233472

[2019-03-21T13:54:30-07:00]
rchar: 40934271878
wchar: 17675847427
syscr: 4952362
syscw: 944329
read_bytes: 13768068608
write_bytes: 17699303424
cancelled_write_bytes: 241664

[2019-03-21T13:54:33-07:00]
rchar: 42110494531
wchar: 18147434236
syscr: 5094941
syscw: 958173
read_bytes: 13913554432
write_bytes: 18171936768
cancelled_write_bytes: 241664

[2019-03-21T13:54:36-07:00]
rchar: 42623482796
wchar: 18567571038
syscr: 5156935
syscw: 959888
read_bytes: 13923495424
write_bytes: 18592407552
cancelled_write_bytes: 241664

[2019-03-21T13:54:39-07:00]
rchar: 42951764287
wchar: 18826686415
syscr: 5196621
syscw: 961257
read_bytes: 13931720192
write_bytes: 18851958784
cancelled_write_bytes: 241664

[2019-03-21T13:54:42-07:00]
rchar: 43388283121
wchar: 19102083903
syscr: 5249418
syscw: 965775
read_bytes: 13963062784
write_bytes: 19127812096
cancelled_write_bytes: 241664

[2019-03-21T13:54:45-07:00]
rchar: 43842534562
wchar: 19453363405
syscr: 5304464
syscw: 970367
read_bytes: 13995130368
write_bytes: 19479613440
cancelled_write_bytes: 241664

[2019-03-21T13:54:48-07:00]
rchar: 44507648119
wchar: 19813312801
syscr: 5385086
syscw: 985166
read_bytes: 14101663232
write_bytes: 19840028672
cancelled_write_bytes: 241664

[2019-03-21T13:54:51-07:00]
rchar: 45307200244
wchar: 20136004958
syscr: 5482020
syscw: 1008674
read_bytes: 14348152320
write_bytes: 20163084288
cancelled_write_bytes: 245760

[2019-03-21T13:54:54-07:00]
rchar: 45466921904
wchar: 20313338819
syscr: 5501373
syscw: 1009654
read_bytes: 14354374144
write_bytes: 20340690944
cancelled_write_bytes: 245760

[2019-03-21T13:54:57-07:00]
rchar: 45644584068
wchar: 20553121928
syscr: 5522823
syscw: 1012352
read_bytes: 14373072384
write_bytes: 20580892672
cancelled_write_bytes: 258048

[2019-03-21T13:55:00-07:00]
rchar: 46873041931
wchar: 20895120201
syscr: 5671757
syscw: 1040646
read_bytes: 14719151616
write_bytes: 20923236352
cancelled_write_bytes: 258048

[2019-03-21T13:55:03-07:00]
rchar: 47754603813
wchar: 21210312104
syscr: 5778632
syscw: 1059493
read_bytes: 14907424256
write_bytes: 21238812672
cancelled_write_bytes: 266240

[2019-03-21T13:55:06-07:00]
rchar: 48454993155
wchar: 21417857089
syscr: 5863544
syscw: 1076029
read_bytes: 15103311360
write_bytes: 21446574080
cancelled_write_bytes: 270336

[2019-03-21T13:55:09-07:00]
rchar: 49144475975
wchar: 21742827715
syscr: 5947057
syscw: 1089226
read_bytes: 15261683200
write_bytes: 21772021760
cancelled_write_bytes: 278528

[2019-03-21T13:55:12-07:00]
rchar: 50446908941
wchar: 22034460823
syscr: 6104958
syscw: 1114024
read_bytes: 15538916864
write_bytes: 22063964160
cancelled_write_bytes: 278528

[2019-03-21T13:55:15-07:00]
rchar: 51936772635
wchar: 22438460344
syscr: 6285574
syscw: 1140936
read_bytes: 15806631424
write_bytes: 22468456448
cancelled_write_bytes: 278528

[2019-03-21T13:55:18-07:00]
rchar: 52074773140
wchar: 22589121733
syscr: 6302310
syscw: 1143818
read_bytes: 15838633472
write_bytes: 22619365376
cancelled_write_bytes: 278528

[2019-03-21T13:55:21-07:00]
rchar: 52996806282
wchar: 22941773426
syscr: 6414000
syscw: 1156035
read_bytes: 15923248640
write_bytes: 22972514304
cancelled_write_bytes: 286720

[2019-03-21T13:55:24-07:00]
rchar: 53689344079
wchar: 23439885280
syscr: 6497870
syscw: 1159867
read_bytes: 15945408000
write_bytes: 23471403008
cancelled_write_bytes: 286720

[2019-03-21T13:55:27-07:00]
rchar: 54251039160
wchar: 23880872223
syscr: 6565805
syscw: 1162106
read_bytes: 15957429760
write_bytes: 23913140224
cancelled_write_bytes: 286720

[2019-03-21T13:55:30-07:00]
rchar: 54722852717
wchar: 24157971929
syscr: 6622837
syscw: 1167861
read_bytes: 16006745600
write_bytes: 24190693376
cancelled_write_bytes: 286720

[2019-03-21T13:55:33-07:00]
rchar: 55531022512
wchar: 24605757927
syscr: 6720804
syscw: 1183392
read_bytes: 16119107072
write_bytes: 24639070208
cancelled_write_bytes: 286720

[2019-03-21T13:55:36-07:00]
rchar: 56208541522
wchar: 24959392914
syscr: 6802926
syscw: 1198088
read_bytes: 16231214592
write_bytes: 24993173504
cancelled_write_bytes: 286720

[2019-03-21T13:55:39-07:00]
rchar: 56722629930
wchar: 25290447036
syscr: 6865262
syscw: 1213762
read_bytes: 16397327872
write_bytes: 25324675072
cancelled_write_bytes: 290816

[2019-03-21T13:55:42-07:00]
rchar: 57207961786
wchar: 25544573171
syscr: 6924002
syscw: 1221824
read_bytes: 16464059904
write_bytes: 25579171840
cancelled_write_bytes: 303104

[2019-03-21T13:55:45-07:00]
rchar: 57858001928
wchar: 25875961449
syscr: 7002800
syscw: 1231475
read_bytes: 16542912000
write_bytes: 25911025664
cancelled_write_bytes: 303104

[2019-03-21T13:55:48-07:00]
rchar: 58401782570
wchar: 26171839103
syscr: 7068704
syscw: 1239242
read_bytes: 16591937024
write_bytes: 26207322112
cancelled_write_bytes: 307200

[2019-03-21T13:55:51-07:00]
rchar: 59584199196
wchar: 26539290615
syscr: 7212051
syscw: 1265579
read_bytes: 16862924288
write_bytes: 26575179776
cancelled_write_bytes: 307200

[2019-03-21T13:55:54-07:00]
rchar: 60320048552
wchar: 26923623173
syscr: 7301250
syscw: 1277047
read_bytes: 16937602560
write_bytes: 26960031744
cancelled_write_bytes: 315392

[2019-03-21T13:55:57-07:00]
rchar: 60464403886
wchar: 27116400006
syscr: 7318757
syscw: 1280850
read_bytes: 16975453696
write_bytes: 27153129472
cancelled_write_bytes: 319488

[2019-03-21T13:56:00-07:00]
rchar: 61467951102
wchar: 27322783103
syscr: 7440345
syscw: 1300031
read_bytes: 17186745856
write_bytes: 27359739904
cancelled_write_bytes: 327680

[2019-03-21T13:56:03-07:00]
rchar: 62944841698
wchar: 27641451678
syscr: 7619401
syscw: 1327995
read_bytes: 17495178752
write_bytes: 27678715904
cancelled_write_bytes: 327680

[2019-03-21T13:56:06-07:00]
rchar: 63903358677
wchar: 27864677946
syscr: 7735607
syscw: 1346198
read_bytes: 17702948352
write_bytes: 27902173184
cancelled_write_bytes: 327680

[2019-03-21T13:56:09-07:00]
rchar: 64168846055
wchar: 28214943093
syscr: 7767745
syscw: 1348284
read_bytes: 17721069056
write_bytes: 28253011968
cancelled_write_bytes: 339968

[2019-03-21T13:56:12-07:00]
rchar: 64721566341
wchar: 28681798735
syscr: 7834647
syscw: 1349669
read_bytes: 17766481408
write_bytes: 28720615424
cancelled_write_bytes: 339968

[2019-03-21T13:56:15-07:00]
rchar: 65203005420
wchar: 29101389911
syscr: 7892879
syscw: 1350847
read_bytes: 17810083328
write_bytes: 29140905984
cancelled_write_bytes: 339968

[2019-03-21T13:56:18-07:00]
rchar: 65728322328
wchar: 29527814991
syscr: 7956394
syscw: 1353020
read_bytes: 17902382592
write_bytes: 29568028672
cancelled_write_bytes: 339968

[2019-03-21T13:56:21-07:00]
rchar: 66217291866
wchar: 29893834667
syscr: 8015689
syscw: 1358305
read_bytes: 18173345280
write_bytes: 29934534656
cancelled_write_bytes: 339968

[2019-03-21T13:56:24-07:00]
rchar: 66751732424
wchar: 30283609507
syscr: 8080483
syscw: 1364266
read_bytes: 18463813120
write_bytes: 30324842496
cancelled_write_bytes: 339968

[2019-03-21T13:56:27-07:00]
rchar: 67176041685
wchar: 30594371927
syscr: 8131890
syscw: 1368962
read_bytes: 18695024128
write_bytes: 30636584960
cancelled_write_bytes: 339968

[2019-03-21T13:56:30-07:00]
rchar: 67643912698
wchar: 30955646058
syscr: 8188569
syscw: 1373598
read_bytes: 18913316352
write_bytes: 30997839872
cancelled_write_bytes: 339968

[2019-03-21T13:56:33-07:00]
rchar: 68070374548
wchar: 31281867207
syscr: 8240243
syscw: 1377730
read_bytes: 19102486016
write_bytes: 31324528640
cancelled_write_bytes: 339968

[2019-03-21T13:56:36-07:00]
rchar: 68619540076
wchar: 31684553695
syscr: 8306825
syscw: 1383796
read_bytes: 19400318464
write_bytes: 31727763456
cancelled_write_bytes: 339968

[2019-03-21T13:56:39-07:00]
rchar: 68969088358
wchar: 31939016688
syscr: 8349197
syscw: 1387821
read_bytes: 19587403264
write_bytes: 31982555136
cancelled_write_bytes: 339968

[2019-03-21T13:56:42-07:00]
rchar: 69447260527
wchar: 32289090839
syscr: 8407120
syscw: 1393217
read_bytes: 19844320768
write_bytes: 32333148160
cancelled_write_bytes: 339968

[2019-03-21T13:56:45-07:00]
rchar: 69975323193
wchar: 32688790422
syscr: 8471108
syscw: 1398714
read_bytes: 20096687616
write_bytes: 32733417472
cancelled_write_bytes: 339968

[2019-03-21T13:56:48-07:00]
rchar: 70491072934
wchar: 33073485037
syscr: 8533632
syscw: 1404433
read_bytes: 20349038080
write_bytes: 33118646272
cancelled_write_bytes: 339968

[2019-03-21T13:56:51-07:00]
rchar: 70949676731
wchar: 33430616165
syscr: 8589215
syscw: 1408777
read_bytes: 20551974400
write_bytes: 33476255744
cancelled_write_bytes: 339968

[2019-03-21T13:56:54-07:00]
rchar: 71318283807
wchar: 33699226867
syscr: 8633876
syscw: 1413137
read_bytes: 20744994304
write_bytes: 33745264640
cancelled_write_bytes: 339968

[2019-03-21T13:56:57-07:00]
rchar: 71712537141
wchar: 33981026209
syscr: 8681656
syscw: 1417662
read_bytes: 20956311040
write_bytes: 34027458560
cancelled_write_bytes: 339968

[2019-03-21T13:57:00-07:00]
rchar: 72006087974
wchar: 34362393074
syscr: 8717144
syscw: 1420347
read_bytes: 21066395136
write_bytes: 34409443328
cancelled_write_bytes: 348160

[2019-03-21T13:57:03-07:00]
rchar: 72603149235
wchar: 34797089723
syscr: 8789521
syscw: 1425023
read_bytes: 21258821120
write_bytes: 34844737536
cancelled_write_bytes: 348160

[2019-03-21T13:57:06-07:00]
rchar: 73034337181
wchar: 35090860715
syscr: 8841755
syscw: 1429077
read_bytes: 21426392576
write_bytes: 35138932736
cancelled_write_bytes: 348160

[2019-03-21T13:57:09-07:00]
rchar: 73645151509
wchar: 35509021354
syscr: 8915781
syscw: 1434872
read_bytes: 21673135616
write_bytes: 35557670912
cancelled_write_bytes: 348160

[2019-03-21T13:57:12-07:00]
rchar: 74069676759
wchar: 35780184786
syscr: 8967229
syscw: 1439406
read_bytes: 21869673984
write_bytes: 35829207040
cancelled_write_bytes: 348160

[2019-03-21T13:57:15-07:00]
rchar: 74502568463
wchar: 36058260888
syscr: 9019684
syscw: 1444075
read_bytes: 22069472768
write_bytes: 36107698176
cancelled_write_bytes: 352256

[2019-03-21T13:57:18-07:00]
rchar: 74974330962
wchar: 36372935885
syscr: 9076875
syscw: 1448724
read_bytes: 22266174976
write_bytes: 36422819840
cancelled_write_bytes: 352256

[2019-03-21T13:57:21-07:00]
rchar: 75490163222
wchar: 36687841476
syscr: 9139401
syscw: 1454750
read_bytes: 22494723584
write_bytes: 36738154496
cancelled_write_bytes: 352256

[2019-03-21T13:57:24-07:00]
rchar: 76043317351
wchar: 37038399987
syscr: 9206427
syscw: 1460805
read_bytes: 22735810048
write_bytes: 37089226752
cancelled_write_bytes: 352256

[2019-03-21T13:57:27-07:00]
rchar: 76585652413
wchar: 37367511009
syscr: 9272139
syscw: 1467358
read_bytes: 22973140480
write_bytes: 37418803200
cancelled_write_bytes: 352256

[2019-03-21T13:57:30-07:00]
rchar: 77067839396
wchar: 37663666411
syscr: 9330592
syscw: 1472959
read_bytes: 23170944512
write_bytes: 37715353600
cancelled_write_bytes: 352256

[2019-03-21T13:57:33-07:00]
rchar: 77689427084
wchar: 38041795984
syscr: 9405931
syscw: 1480450
read_bytes: 23429094912
write_bytes: 38094000128
cancelled_write_bytes: 352256

[2019-03-21T13:57:36-07:00]
rchar: 78216650526
wchar: 38344836672
syscr: 9469828
syscw: 1487340
read_bytes: 23648534016
write_bytes: 38397468672
cancelled_write_bytes: 352256

[2019-03-21T13:57:39-07:00]
rchar: 78571263196
wchar: 38798412195
syscr: 9512759
syscw: 1489471
read_bytes: 23700487680
write_bytes: 38851760128
cancelled_write_bytes: 360448

[2019-03-21T13:57:42-07:00]
rchar: 78914308715
wchar: 39090183132
syscr: 9554323
syscw: 1490647
read_bytes: 23726747136
write_bytes: 39143972864
cancelled_write_bytes: 360448

[2019-03-21T13:57:45-07:00]
rchar: 79439025661
wchar: 39542802279
syscr: 9617907
syscw: 1492448
read_bytes: 23764786688
write_bytes: 39597273088
cancelled_write_bytes: 360448

[2019-03-21T13:57:48-07:00]
rchar: 79941125748
wchar: 39972122057
syscr: 9678740
syscw: 1494309
read_bytes: 23801519616
write_bytes: 40027250688
cancelled_write_bytes: 360448

[2019-03-21T13:57:51-07:00]
rchar: 80432886514
wchar: 40395055833
syscr: 9738315
syscw: 1495966
read_bytes: 23836401152
write_bytes: 40450822144
cancelled_write_bytes: 360448

[2019-03-21T13:57:54-07:00]
rchar: 80911775779
wchar: 40804236744
syscr: 9796335
syscw: 1497757
read_bytes: 23869435392
write_bytes: 40860639232
cancelled_write_bytes: 360448

[2019-03-21T13:57:57-07:00]
rchar: 81420678924
wchar: 41223993600
syscr: 9857993
syscw: 1499938
read_bytes: 23908810240
write_bytes: 41281388544
cancelled_write_bytes: 360448

[2019-03-21T13:58:00-07:00]
rchar: 81867765557
wchar: 41543273344
syscr: 9912169
syscw: 1503259
read_bytes: 23975054848
write_bytes: 41600823296
cancelled_write_bytes: 360448

[2019-03-21T13:58:03-07:00]
rchar: 82655773936
wchar: 41867664150
syscr: 10007673
syscw: 1515165
read_bytes: 24155979264
write_bytes: 41925672960
cancelled_write_bytes: 360448

[2019-03-21T13:58:06-07:00]
rchar: 83904889959
wchar: 42273059817
syscr: 10159103
syscw: 1536666
read_bytes: 24355802624
write_bytes: 42331586560
cancelled_write_bytes: 360448

[2019-03-21T13:58:09-07:00]
rchar: 84927167458
wchar: 42478448399
syscr: 10283048
syscw: 1557803
read_bytes: 24487558656
write_bytes: 42537172992
cancelled_write_bytes: 360448

[2019-03-21T13:58:12-07:00]
rchar: 85397585020
wchar: 42847264623
syscr: 10339985
syscw: 1563753
read_bytes: 24512777728
write_bytes: 42906574848
cancelled_write_bytes: 368640

[2019-03-21T13:58:15-07:00]
rchar: 86525730711
wchar: 43305126113
syscr: 10476748
syscw: 1577161
read_bytes: 24570334720
write_bytes: 43365093376
cancelled_write_bytes: 368640

[2019-03-21T13:58:18-07:00]
rchar: 87108197608
wchar: 43743572697
syscr: 10547224
syscw: 1579851
read_bytes: 24581119488
write_bytes: 43804278784
cancelled_write_bytes: 368640

[2019-03-21T13:58:21-07:00]
rchar: 87824512296
wchar: 44248375737
syscr: 10633807
syscw: 1584002
read_bytes: 24597908992
write_bytes: 44309938176
cancelled_write_bytes: 368640

[2019-03-21T13:58:24-07:00]
rchar: 88599822497
wchar: 44679118325
syscr: 10727775
syscw: 1599047
read_bytes: 24664051200
write_bytes: 44741259264
cancelled_write_bytes: 368640

[2019-03-21T13:58:27-07:00]
rchar: 89425449134
wchar: 45093236578
syscr: 10827859
syscw: 1618615
read_bytes: 24748125696
write_bytes: 45155913728
cancelled_write_bytes: 368640

[2019-03-21T13:58:30-07:00]
rchar: 89719385919
wchar: 45349816710
syscr: 10863508
syscw: 1628746
read_bytes: 24813657600
write_bytes: 45412884480
cancelled_write_bytes: 372736

[2019-03-21T13:58:33-07:00]
rchar: 90782446687
wchar: 45783014971
syscr: 10992293
syscw: 1648283
read_bytes: 24908709376
write_bytes: 45846646784
cancelled_write_bytes: 385024

[2019-03-21T13:58:36-07:00]
rchar: 91521864614
wchar: 46168547740
syscr: 11081919
syscw: 1659798
read_bytes: 24956792320
write_bytes: 46232723456
cancelled_write_bytes: 385024

[2019-03-21T13:58:39-07:00]
rchar: 92205256071
wchar: 46505780753
syscr: 11164758
syscw: 1671110
read_bytes: 25004113408
write_bytes: 46570438656
cancelled_write_bytes: 389120

[2019-03-21T13:58:42-07:00]
rchar: 92990658718
wchar: 46925694849
syscr: 11259959
syscw: 1683565
read_bytes: 25056689664
write_bytes: 46990929920
cancelled_write_bytes: 393216

[2019-03-21T13:58:45-07:00]
rchar: 93611014172
wchar: 47222897941
syscr: 11335153
syscw: 1694395
read_bytes: 25101835776
write_bytes: 47288532992
cancelled_write_bytes: 393216

[2019-03-21T13:58:48-07:00]
rchar: 94091198261
wchar: 47665843712
syscr: 11393278
syscw: 1700085
read_bytes: 25124552192
write_bytes: 47732199424
cancelled_write_bytes: 405504

[2019-03-21T13:58:51-07:00]
rchar: 95232076122
wchar: 48058235015
syscr: 11531577
syscw: 1718530
read_bytes: 25203834368
write_bytes: 48125091840
cancelled_write_bytes: 413696

[2019-03-21T13:58:54-07:00]
rchar: 96811554112
wchar: 48384907856
syscr: 11723070
syscw: 1750045
read_bytes: 25466170880
write_bytes: 48452071424
cancelled_write_bytes: 413696

[2019-03-21T13:58:57-07:00]
rchar: 97409174331
wchar: 48676298378
syscr: 11795528
syscw: 1762463
read_bytes: 25546460672
write_bytes: 48743882752
cancelled_write_bytes: 413696

[2019-03-21T13:59:00-07:00]
rchar: 99188061124
wchar: 49034503653
syscr: 12011122
syscw: 1790585
read_bytes: 25760816640
write_bytes: 49102491648
cancelled_write_bytes: 430080

[2019-03-21T13:59:03-07:00]
rchar: 99767164279
wchar: 49472431046
syscr: 12081223
syscw: 1793421
read_bytes: 25770569216
write_bytes: 49541144576
cancelled_write_bytes: 430080

[2019-03-21T13:59:06-07:00]
rchar: 100316711334
wchar: 49857670775
syscr: 12147654
syscw: 1796606
read_bytes: 25782308352
write_bytes: 49927032832
cancelled_write_bytes: 430080

[2019-03-21T13:59:09-07:00]
rchar: 100891519785
wchar: 50240612484
syscr: 12217228
syscw: 1803496
read_bytes: 25809530368
write_bytes: 50310553600
cancelled_write_bytes: 430080

[2019-03-21T13:59:12-07:00]
rchar: 101755173618
wchar: 50657875097
syscr: 12321911
syscw: 1823472
read_bytes: 25888833024
write_bytes: 50728345600
cancelled_write_bytes: 430080

[2019-03-21T13:59:15-07:00]
rchar: 102136553572
wchar: 51089012915
syscr: 12368136
syscw: 1828938
read_bytes: 25909669376
write_bytes: 51160186880
cancelled_write_bytes: 442368

[2019-03-21T13:59:18-07:00]
rchar: 102700881156
wchar: 51375370068
syscr: 12436453
syscw: 1837454
read_bytes: 25944718848
write_bytes: 51446943744
cancelled_write_bytes: 462848

[2019-03-21T13:59:21-07:00]
rchar: 103971586900
wchar: 51885462083
syscr: 12590495
syscw: 1860999
read_bytes: 26038382080
write_bytes: 51957698560
cancelled_write_bytes: 462848

[2019-03-21T13:59:24-07:00]
rchar: 104537147056
wchar: 52197378264
syscr: 12659048
syscw: 1869303
read_bytes: 26070269440
write_bytes: 52270047232
cancelled_write_bytes: 466944

[2019-03-21T13:59:27-07:00]
rchar: 105491952838
wchar: 52627291649
syscr: 12774787
syscw: 1886543
read_bytes: 26137955840
write_bytes: 52700524544
cancelled_write_bytes: 471040

[2019-03-21T13:59:30-07:00]
rchar: 105840765752
wchar: 52724446445
syscr: 12817079
syscw: 1894900
read_bytes: 26185764352
write_bytes: 52797792256
cancelled_write_bytes: 475136

[2019-03-21T13:59:33-07:00]
rchar: 107009665818
wchar: 53127546401
syscr: 12958717
syscw: 1917503
read_bytes: 26368974336
write_bytes: 53201428480
cancelled_write_bytes: 487424

[2019-03-21T13:59:36-07:00]
rchar: 108578764337
wchar: 53460663113
syscr: 13148953
syscw: 1948039
read_bytes: 26597490176
write_bytes: 53534875648
cancelled_write_bytes: 487424

[2019-03-21T13:59:39-07:00]
rchar: 109261763632
wchar: 53684122098
syscr: 13231756
syscw: 1959585
read_bytes: 26665954816
write_bytes: 53758603264
cancelled_write_bytes: 487424

[2019-03-21T13:59:42-07:00]
rchar: 109941324765
wchar: 54020142053
syscr: 13314060
syscw: 1970082
read_bytes: 26735500800
write_bytes: 54095130624
cancelled_write_bytes: 499712

[2019-03-21T13:59:45-07:00]
rchar: 111749439122
wchar: 54417909436
syscr: 13533282
syscw: 1997495
read_bytes: 26929819136
write_bytes: 54493380608
cancelled_write_bytes: 499712

[2019-03-21T13:59:48-07:00]
rchar: 112432399122
wchar: 54895367938
syscr: 13615914
syscw: 2001352
read_bytes: 26942365184
write_bytes: 54971641856
cancelled_write_bytes: 499712

[2019-03-21T13:59:51-07:00]
rchar: 112973489374
wchar: 55261395254
syscr: 13681318
syscw: 2004723
read_bytes: 26953698816
write_bytes: 55338278912
cancelled_write_bytes: 499712

[2019-03-21T13:59:54-07:00]
rchar: 113648497247
wchar: 55631579875
syscr: 13763093
syscw: 2015683
read_bytes: 26993888768
write_bytes: 55709003776
cancelled_write_bytes: 503808

[2019-03-21T13:59:57-07:00]
rchar: 114151120519
wchar: 55852036067
syscr: 13824018
syscw: 2028273
read_bytes: 27039067648
write_bytes: 55929745408
cancelled_write_bytes: 503808

[2019-03-21T14:00:00-07:00]
rchar: 114470994455
wchar: 56236649772
syscr: 13862709
syscw: 2032290
read_bytes: 27053116928
write_bytes: 56314982400
cancelled_write_bytes: 516096

[2019-03-21T14:00:03-07:00]
rchar: 115868638667
wchar: 56764708720
syscr: 14032136
syscw: 2058373
read_bytes: 27149774336
write_bytes: 56843706368
cancelled_write_bytes: 516096

[2019-03-21T14:00:06-07:00]
rchar: 116636349973
wchar: 57134996320
syscr: 14125202
syscw: 2070839
read_bytes: 27194519040
write_bytes: 57214517248
cancelled_write_bytes: 520192

[2019-03-21T14:00:09-07:00]
rchar: 117822204633
wchar: 57560309111
syscr: 14268955
syscw: 2095616
read_bytes: 27284442624
write_bytes: 57640353792
cancelled_write_bytes: 520192

[2019-03-21T14:00:12-07:00]
rchar: 118157615339
wchar: 57910873535
syscr: 14309530
syscw: 2100500
read_bytes: 27300478464
write_bytes: 57991495680
cancelled_write_bytes: 540672

[2019-03-21T14:00:15-07:00]
rchar: 119325109752
wchar: 58337983003
syscr: 14451050
syscw: 2118083
read_bytes: 27364122112
write_bytes: 58419167232
cancelled_write_bytes: 540672

[2019-03-21T14:00:18-07:00]
rchar: 120444253334
wchar: 58754991053
syscr: 14586726
syscw: 2135166
read_bytes: 27426729472
write_bytes: 58836742144
cancelled_write_bytes: 540672

[2019-03-21T14:00:21-07:00]
rchar: 121815290141
wchar: 59065429567
syscr: 14752945
syscw: 2161661
read_bytes: 27614809600
write_bytes: 59147501568
cancelled_write_bytes: 548864

[2019-03-21T14:00:24-07:00]
rchar: 122002404651
wchar: 59261736122
syscr: 14775636
syscw: 2165904
read_bytes: 27636624896
write_bytes: 59344134144
cancelled_write_bytes: 548864

[2019-03-21T14:00:27-07:00]
rchar: 123882195160
wchar: 59579912401
syscr: 15003458
syscw: 2196785
read_bytes: 27841850880
write_bytes: 59662626816
cancelled_write_bytes: 569344

[2019-03-21T14:00:30-07:00]
rchar: 125232342237
wchar: 60096582579
syscr: 15167060
syscw: 2213140
read_bytes: 27935002112
write_bytes: 60180058112
cancelled_write_bytes: 569344

[2019-03-21T14:00:33-07:00]
rchar: 125826525842
wchar: 60524339888
syscr: 15238928
syscw: 2216337
read_bytes: 27945188864
write_bytes: 60608520192
cancelled_write_bytes: 569344

[2019-03-21T14:00:36-07:00]
rchar: 126388963447
wchar: 60852590196
syscr: 15306965
syscw: 2222783
read_bytes: 27966565888
write_bytes: 60937318400
cancelled_write_bytes: 569344

[2019-03-21T14:00:39-07:00]
rchar: 126805186341
wchar: 61054407832
syscr: 15357429
syscw: 2232269
read_bytes: 27998862848
write_bytes: 61139394560
cancelled_write_bytes: 569344

[2019-03-21T14:00:42-07:00]
rchar: 127138167106
wchar: 61417385287
syscr: 15397700
syscw: 2237355
read_bytes: 28015328768
write_bytes: 61502955520
cancelled_write_bytes: 573440

[2019-03-21T14:00:45-07:00]
rchar: 127977137235
wchar: 61810279658
syscr: 15499395
syscw: 2250493
read_bytes: 28060548608
write_bytes: 61896392704
cancelled_write_bytes: 577536

[2019-03-21T14:00:48-07:00]
rchar: 129043359685
wchar: 62254179357
syscr: 15628647
syscw: 2269299
read_bytes: 28123500032
write_bytes: 62340874240
cancelled_write_bytes: 581632

[2019-03-21T14:00:51-07:00]
rchar: 130041381777
wchar: 62678987735
syscr: 15749619
syscw: 2287008
read_bytes: 28183760384
write_bytes: 62766223360
cancelled_write_bytes: 585728

[2019-03-21T14:00:54-07:00]
rchar: 130754356323
wchar: 63025622875
syscr: 15836037
syscw: 2298449
read_bytes: 28222647808
write_bytes: 63113318400
cancelled_write_bytes: 585728

[2019-03-21T14:00:57-07:00]
rchar: 130925906880
wchar: 63287014648
syscr: 15856833
syscw: 2301195
read_bytes: 28230815232
write_bytes: 63375142912
cancelled_write_bytes: 585728

[2019-03-21T14:01:00-07:00]
rchar: 132000331167
wchar: 63669848454
syscr: 15987000
syscw: 2317892
read_bytes: 28285832704
write_bytes: 63758471168
cancelled_write_bytes: 606208

[2019-03-21T14:01:03-07:00]
rchar: 132873165091
wchar: 64043083611
syscr: 16092797
syscw: 2329776
read_bytes: 28325596672
write_bytes: 64132231168
cancelled_write_bytes: 606208

[2019-03-21T14:01:06-07:00]
rchar: 134217779546
wchar: 64392530987
syscr: 16255818
syscw: 2354055
read_bytes: 28438044160
write_bytes: 64482066432
cancelled_write_bytes: 606208

[2019-03-21T14:01:09-07:00]
rchar: 134891888364
wchar: 64689790045
syscr: 16337543
syscw: 2367490
read_bytes: 28526112256
write_bytes: 64779755520
cancelled_write_bytes: 606208

[2019-03-21T14:01:12-07:00]
rchar: 135719085518
wchar: 65333644764
syscr: 16437793
syscw: 2371190
read_bytes: 28559445504
write_bytes: 65424535552
cancelled_write_bytes: 614400

[2019-03-21T14:01:15-07:00]
rchar: 136120882812
wchar: 65650420493
syscr: 16486344
syscw: 2372637
read_bytes: 28581760512
write_bytes: 65741852672
cancelled_write_bytes: 614400

[2019-03-21T14:01:18-07:00]
rchar: 136432280753
wchar: 65891066735
syscr: 16523983
syscw: 2373898
read_bytes: 28602252800
write_bytes: 65982898176
cancelled_write_bytes: 614400

[2019-03-21T14:01:21-07:00]
rchar: 137007744649
wchar: 66310758310
syscr: 16593605
syscw: 2377184
read_bytes: 28658122240
write_bytes: 66403291136
cancelled_write_bytes: 614400

[2019-03-21T14:01:24-07:00]
rchar: 137764600591
wchar: 66769769352
syscr: 16685369
syscw: 2389386
read_bytes: 28922359296
write_bytes: 66862886912
cancelled_write_bytes: 614400

[2019-03-21T14:01:27-07:00]
rchar: 138291931627
wchar: 67076816005
syscr: 16749285
syscw: 2398253
read_bytes: 29101268480
write_bytes: 67170320384
cancelled_write_bytes: 614400

[2019-03-21T14:01:30-07:00]
rchar: 138846492443
wchar: 67404203141
syscr: 16816489
syscw: 2407703
read_bytes: 29290507776
write_bytes: 67498172416
cancelled_write_bytes: 614400

[2019-03-21T14:01:33-07:00]
rchar: 139390056930
wchar: 67785345884
syscr: 16882356
syscw: 2414640
read_bytes: 29424238080
write_bytes: 67879849984
cancelled_write_bytes: 614400

[2019-03-21T14:01:36-07:00]
rchar: 140065136678
wchar: 68199594673
syscr: 16964192
syscw: 2425460
read_bytes: 29626428928
write_bytes: 68294643712
cancelled_write_bytes: 614400

[2019-03-21T14:01:39-07:00]
rchar: 140612757908
wchar: 68517138113
syscr: 17030577
syscw: 2434972
read_bytes: 29808975360
write_bytes: 68612608000
cancelled_write_bytes: 614400

[2019-03-21T14:01:42-07:00]
rchar: 140685492714
wchar: 68729608580
syscr: 17039398
syscw: 2436642
read_bytes: 29832162816
write_bytes: 68825444352
cancelled_write_bytes: 614400

[2019-03-21T14:01:45-07:00]
rchar: 141336184433
wchar: 69043060955
syscr: 17118152
syscw: 2446087
read_bytes: 30011461120
write_bytes: 69139369984
cancelled_write_bytes: 622592

[2019-03-21T14:01:48-07:00]
rchar: 142162585361
wchar: 69474858966
syscr: 17218338
syscw: 2457439
read_bytes: 30218624512
write_bytes: 69571727360
cancelled_write_bytes: 622592

[2019-03-21T14:01:51-07:00]
rchar: 142815466803
wchar: 69786777984
syscr: 17297466
syscw: 2467434
read_bytes: 30379904512
write_bytes: 69884047360
cancelled_write_bytes: 622592

[2019-03-21T14:01:54-07:00]
rchar: 143674153466
wchar: 70220737161
syscr: 17401573
syscw: 2479748
read_bytes: 30601813504
write_bytes: 70318579712
cancelled_write_bytes: 622592

[2019-03-21T14:01:57-07:00]
rchar: 144285784265
wchar: 70495559927
syscr: 17475673
syscw: 2489651
read_bytes: 30757527040
write_bytes: 70593777664
cancelled_write_bytes: 622592

[2019-03-21T14:02:00-07:00]
rchar: 145057255429
wchar: 70919765150
syscr: 17569176
syscw: 2500123
read_bytes: 30893944320
write_bytes: 71018586112
cancelled_write_bytes: 622592

[2019-03-21T14:02:03-07:00]
rchar: 145322771513
wchar: 71057345774
syscr: 17601364
syscw: 2504107
read_bytes: 30928465408
write_bytes: 71156371456
cancelled_write_bytes: 622592

[2019-03-21T14:02:06-07:00]
rchar: 145947405665
wchar: 71429426565
syscr: 17677010
syscw: 2514252
read_bytes: 31033298432
write_bytes: 71529201664
cancelled_write_bytes: 630784

[2019-03-21T14:02:09-07:00]
rchar: 147031758334
wchar: 71819564275
syscr: 17808441
syscw: 2530287
read_bytes: 31174913536
write_bytes: 71919702016
cancelled_write_bytes: 630784

[2019-03-21T14:02:12-07:00]
rchar: 148501875040
wchar: 72121976511
syscr: 17986679
syscw: 2557262
read_bytes: 31281835520
write_bytes: 72222429184
cancelled_write_bytes: 630784

[2019-03-21T14:02:15-07:00]
rchar: 149420687562
wchar: 72439121305
syscr: 18098066
syscw: 2571595
read_bytes: 31319277056
write_bytes: 72540000256
cancelled_write_bytes: 630784

[2019-03-21T14:02:18-07:00]
rchar: 150552206824
wchar: 72898786115
syscr: 18235156
syscw: 2588287
read_bytes: 31362326016
write_bytes: 73000345600
cancelled_write_bytes: 638976

[2019-03-21T14:02:21-07:00]
rchar: 151478597946
wchar: 73240920794
syscr: 18347448
syscw: 2599398
read_bytes: 31390600704
write_bytes: 73342959616
cancelled_write_bytes: 638976

[2019-03-21T14:02:24-07:00]
rchar: 152837115559
wchar: 73742744173
syscr: 18512146
syscw: 2615854
read_bytes: 31432601088
write_bytes: 73845485568
cancelled_write_bytes: 643072

[2019-03-21T14:02:27-07:00]
rchar: 153514030167
wchar: 74187996344
syscr: 18594076
syscw: 2620376
read_bytes: 31443275264
write_bytes: 74291462144
cancelled_write_bytes: 643072

[2019-03-21T14:02:30-07:00]
rchar: 154138211586
wchar: 74592003112
syscr: 18669545
syscw: 2624583
read_bytes: 31452593664
write_bytes: 74696146944
cancelled_write_bytes: 643072

[2019-03-21T14:02:33-07:00]
rchar: 155067561071
wchar: 75099499122
syscr: 18782059
syscw: 2639328
read_bytes: 31489764864
write_bytes: 75204390912
cancelled_write_bytes: 643072

[2019-03-21T14:02:36-07:00]
rchar: 155374636039
wchar: 75397394446
syscr: 18819205
syscw: 2646253
read_bytes: 31507324416
write_bytes: 75502784512
cancelled_write_bytes: 647168

[2019-03-21T14:02:39-07:00]
rchar: 156562416231
wchar: 75836501513
syscr: 18963204
syscw: 2669347
read_bytes: 31566368256
write_bytes: 75942449152
cancelled_write_bytes: 655360

[2019-03-21T14:02:42-07:00]
rchar: 157683359320
wchar: 76281868135
syscr: 19099080
syscw: 2690677
read_bytes: 31621549568
write_bytes: 76388388864
cancelled_write_bytes: 659456

[2019-03-21T14:02:45-07:00]
rchar: 158253017398
wchar: 76612360519
syscr: 19168130
syscw: 2698261
read_bytes: 31640030720
write_bytes: 76719357952
cancelled_write_bytes: 659456

[2019-03-21T14:02:48-07:00]
rchar: 158764673598
wchar: 76862075114
syscr: 19230152
syscw: 2706792
read_bytes: 31661579776
write_bytes: 76969418752
cancelled_write_bytes: 667648

[2019-03-21T14:02:51-07:00]
rchar: 159096476073
wchar: 77216229564
syscr: 19270288
syscw: 2711746
read_bytes: 31673478656
write_bytes: 77324148736
cancelled_write_bytes: 667648

[2019-03-21T14:02:54-07:00]
rchar: 160845531746
wchar: 77690480908
syscr: 19482319
syscw: 2742853
read_bytes: 31751081472
write_bytes: 77798977536
cancelled_write_bytes: 684032

[2019-03-21T14:02:57-07:00]
rchar: 161809578986
wchar: 78064695828
syscr: 19599178
syscw: 2757449
read_bytes: 31787003392
write_bytes: 78173687808
cancelled_write_bytes: 692224

[2019-03-21T14:03:00-07:00]
rchar: 162830343540
wchar: 78404197458
syscr: 19722935
syscw: 2774805
read_bytes: 31829724672
write_bytes: 78513623040
cancelled_write_bytes: 696320

[2019-03-21T14:03:03-07:00]
rchar: 163226639578
wchar: 78740714413
syscr: 19770885
syscw: 2780365
read_bytes: 31843184128
write_bytes: 78850691072
cancelled_write_bytes: 704512

[2019-03-21T14:03:06-07:00]
rchar: 164063399673
wchar: 79271972144
syscr: 19872217
syscw: 2786164
read_bytes: 31856991744
write_bytes: 79382781952
cancelled_write_bytes: 704512

[2019-03-21T14:03:09-07:00]
rchar: 164531965458
wchar: 79583153825
syscr: 19928914
syscw: 2789277
read_bytes: 31864040960
write_bytes: 79694479360
cancelled_write_bytes: 704512

[2019-03-21T14:03:12-07:00]
rchar: 165186266291
wchar: 79977556098
syscr: 20008013
syscw: 2794342
read_bytes: 31875313152
write_bytes: 80089542656
cancelled_write_bytes: 704512

[2019-03-21T14:03:15-07:00]
rchar: 166161426769
wchar: 80443663381
syscr: 20126233
syscw: 2816350
read_bytes: 31929642496
write_bytes: 80556261376
cancelled_write_bytes: 704512

[2019-03-21T14:03:18-07:00]
rchar: 166971074686
wchar: 80836115789
syscr: 20224372
syscw: 2835133
read_bytes: 31975685632
write_bytes: 80949227520
cancelled_write_bytes: 704512

[2019-03-21T14:03:21-07:00]
rchar: 167392059640
wchar: 81150318893
syscr: 20275410
syscw: 2844884
read_bytes: 31998152192
write_bytes: 81264345088
cancelled_write_bytes: 704512

[2019-03-21T14:03:24-07:00]
rchar: 167872440771
wchar: 81435091450
syscr: 20333564
syscw: 2853728
read_bytes: 32019279360
write_bytes: 81549090816
cancelled_write_bytes: 733184

[2019-03-21T14:03:27-07:00]
rchar: 169432617227
wchar: 81940919919
syscr: 20522711
syscw: 2886129
read_bytes: 32099188224
write_bytes: 82055528448
cancelled_write_bytes: 733184

[2019-03-21T14:03:30-07:00]
rchar: 170358172192
wchar: 82349948373
syscr: 20634900
syscw: 2902661
read_bytes: 32138571264
write_bytes: 82465103872
cancelled_write_bytes: 737280

[2019-03-21T14:03:33-07:00]
rchar: 170794391167
wchar: 82678351384
syscr: 20687781
syscw: 2911830
read_bytes: 32159403520
write_bytes: 82794016768
cancelled_write_bytes: 737280

[2019-03-21T14:03:36-07:00]
rchar: 171961104104
wchar: 83059929313
syscr: 20829139
syscw: 2930940
read_bytes: 32203836928
write_bytes: 83176095744
cancelled_write_bytes: 761856

[2019-03-21T14:03:39-07:00]
rchar: 173297888862
wchar: 83513437845
syscr: 20991191
syscw: 2952714
read_bytes: 32255139328
write_bytes: 83630194688
cancelled_write_bytes: 761856

[2019-03-21T14:03:42-07:00]
rchar: 174303164720
wchar: 83825194788
syscr: 21113063
syscw: 2970079
read_bytes: 32328306176
write_bytes: 83942342656
cancelled_write_bytes: 761856

[2019-03-21T14:03:45-07:00]
rchar: 174701651768
wchar: 84063284959
syscr: 21161384
syscw: 2978508
read_bytes: 32366788096
write_bytes: 84180807680
cancelled_write_bytes: 761856

[2019-03-21T14:03:48-07:00]
rchar: 176699829729
wchar: 84409542724
syscr: 21403562
syscw: 3010997
read_bytes: 32537308672
write_bytes: 84527415296
cancelled_write_bytes: 778240

[2019-03-21T14:03:51-07:00]
rchar: 177734261670
wchar: 84790146743
syscr: 21528905
syscw: 3024187
read_bytes: 32584187392
write_bytes: 84908560384
cancelled_write_bytes: 778240

[2019-03-21T14:03:54-07:00]
rchar: 178519905703
wchar: 85323873338
syscr: 21623947
syscw: 3029115
read_bytes: 32594402816
write_bytes: 85443166208
cancelled_write_bytes: 778240

[2019-03-21T14:03:57-07:00]
rchar: 178953163710
wchar: 85571420772
syscr: 21676365
syscw: 3032725
read_bytes: 32602181120
write_bytes: 85691133952
cancelled_write_bytes: 778240

[2019-03-21T14:04:00-07:00]
rchar: 179535448479
wchar: 85880812542
syscr: 21746915
syscw: 3043803
read_bytes: 32627293696
write_bytes: 86000943104
cancelled_write_bytes: 778240

[2019-03-21T14:04:03-07:00]
rchar: 180377603379
wchar: 86337744793
syscr: 21848924
syscw: 3061347
read_bytes: 32666017280
write_bytes: 86458548224
cancelled_write_bytes: 786432

[2019-03-21T14:04:06-07:00]
rchar: 181187008138
wchar: 86721595504
syscr: 21947032
syscw: 3074020
read_bytes: 32694619648
write_bytes: 86842916864
cancelled_write_bytes: 786432

[2019-03-21T14:04:09-07:00]
rchar: 182352045035
wchar: 87148607298
syscr: 22088271
syscw: 3096656
read_bytes: 32746118656
write_bytes: 87270490112
cancelled_write_bytes: 811008

[2019-03-21T14:04:12-07:00]
rchar: 182976227063
wchar: 87499518492
syscr: 22163919
syscw: 3105457
read_bytes: 32765230592
write_bytes: 87621894144
cancelled_write_bytes: 811008

[2019-03-21T14:04:16-07:00]
rchar: 183391569148
wchar: 87776157514
syscr: 22214266
syscw: 3113308
read_bytes: 32782962176
write_bytes: 87898959872
cancelled_write_bytes: 811008

[2019-03-21T14:04:19-07:00]
rchar: 184208675153
wchar: 88175624443
syscr: 22313235
syscw: 3125098
read_bytes: 32808676864
write_bytes: 88299003904
cancelled_write_bytes: 823296

[2019-03-21T14:04:22-07:00]
rchar: 185581460739
wchar: 88638293954
syscr: 22479648
syscw: 3146687
read_bytes: 32856931840
write_bytes: 88762261504
cancelled_write_bytes: 823296

[2019-03-21T14:04:25-07:00]
rchar: 186411970312
wchar: 88972291653
syscr: 22580314
syscw: 3158896
read_bytes: 32883699200
write_bytes: 89096720384
cancelled_write_bytes: 827392

[2019-03-21T14:04:28-07:00]
rchar: 187445557936
wchar: 89294866419
syscr: 22705621
syscw: 3176768
read_bytes: 32951819776
write_bytes: 89419694080
cancelled_write_bytes: 831488

[2019-03-21T14:04:31-07:00]
rchar: 187892225756
wchar: 89652924206
syscr: 22759717
syscw: 3183309
read_bytes: 32972389888
write_bytes: 89778311168
cancelled_write_bytes: 851968

[2019-03-21T14:04:34-07:00]
rchar: 188356167463
wchar: 89992749147
syscr: 22815973
syscw: 3185748
read_bytes: 32984940032
write_bytes: 90118619136
cancelled_write_bytes: 851968

[2019-03-21T14:04:37-07:00]
rchar: 188970822405
wchar: 90440940975
syscr: 22890364
syscw: 3188986
read_bytes: 33006288384
write_bytes: 90567536640
cancelled_write_bytes: 851968

[2019-03-21T14:04:40-07:00]
rchar: 189407969570
wchar: 90760335227
syscr: 22943287
syscw: 3191333
read_bytes: 33022434816
write_bytes: 90887401472
cancelled_write_bytes: 851968

[2019-03-21T14:04:43-07:00]
rchar: 190031948137
wchar: 91211245438
syscr: 23018784
syscw: 3194654
read_bytes: 33045876224
write_bytes: 91339038720
cancelled_write_bytes: 851968

[2019-03-21T14:04:46-07:00]
rchar: 190405945905
wchar: 91472051847
syscr: 23064033
syscw: 3196639
read_bytes: 33060736512
write_bytes: 91600281600
cancelled_write_bytes: 851968

[2019-03-21T14:04:49-07:00]
rchar: 190987236748
wchar: 91896414971
syscr: 23134472
syscw: 3201572
read_bytes: 33110097408
write_bytes: 92025245696
cancelled_write_bytes: 851968

[2019-03-21T14:04:52-07:00]
rchar: 191543921279
wchar: 92294488639
syscr: 23201937
syscw: 3207546
read_bytes: 33165331968
write_bytes: 92423880704
cancelled_write_bytes: 851968

[2019-03-21T14:04:55-07:00]
rchar: 192432185658
wchar: 92774526554
syscr: 23309630
syscw: 3224155
read_bytes: 33394404864
write_bytes: 92904497152
cancelled_write_bytes: 851968

[2019-03-21T14:04:58-07:00]
rchar: 193123111069
wchar: 93131385006
syscr: 23393391
syscw: 3238023
read_bytes: 33564810752
write_bytes: 93261828096
cancelled_write_bytes: 851968

[2019-03-21T14:05:01-07:00]
rchar: 193725512926
wchar: 93576478143
syscr: 23466378
syscw: 3244320
read_bytes: 33618120192
write_bytes: 93707542528
cancelled_write_bytes: 851968

[2019-03-21T14:05:04-07:00]
rchar: 194006224935
wchar: 93863795516
syscr: 23500391
syscw: 3247947
read_bytes: 33648254464
write_bytes: 93995343872
cancelled_write_bytes: 851968

[2019-03-21T14:05:07-07:00]
rchar: 194476313211
wchar: 94118497086
syscr: 23557308
syscw: 3256543
read_bytes: 33733475840
write_bytes: 94250405888
cancelled_write_bytes: 860160

[2019-03-21T14:05:10-07:00]
rchar: 195333464703
wchar: 94462181095
syscr: 23661214
syscw: 3271013
read_bytes: 33895022080
write_bytes: 94594498560
cancelled_write_bytes: 860160

[2019-03-21T14:05:13-07:00]
rchar: 196413301157
wchar: 94937398335
syscr: 23792102
syscw: 3288049
read_bytes: 34117295616
write_bytes: 95070343168
cancelled_write_bytes: 860160

[2019-03-21T14:05:16-07:00]
rchar: 197389981962
wchar: 95392222135
syscr: 23910497
syscw: 3303339
read_bytes: 34287693312
write_bytes: 95525765120
cancelled_write_bytes: 860160

[2019-03-21T14:05:19-07:00]
rchar: 198022792231
wchar: 95659519438
syscr: 23987218
syscw: 3314181
read_bytes: 34399833600
write_bytes: 95793397760
cancelled_write_bytes: 860160

[2019-03-21T14:05:22-07:00]
rchar: 198378452577
wchar: 96056219658
syscr: 24030263
syscw: 3317970
read_bytes: 34425896448
write_bytes: 96190726144
cancelled_write_bytes: 868352

[2019-03-21T14:05:25-07:00]
rchar: 198825826378
wchar: 96384083504
syscr: 24084478
syscw: 3320564
read_bytes: 34441235968
write_bytes: 96519073792
cancelled_write_bytes: 868352

[2019-03-21T14:05:28-07:00]
rchar: 199427898450
wchar: 96830411753
syscr: 24157420
syscw: 3323927
read_bytes: 34464300544
write_bytes: 96966086656
cancelled_write_bytes: 868352

[2019-03-21T14:05:31-07:00]
rchar: 199977393185
wchar: 97227273852
syscr: 24224001
syscw: 3327317
read_bytes: 34486435328
write_bytes: 97363542016
cancelled_write_bytes: 868352

[2019-03-21T14:05:34-07:00]
rchar: 200612405794
wchar: 97699109253
syscr: 24300971
syscw: 3330770
read_bytes: 34508504576
write_bytes: 97836113920
cancelled_write_bytes: 868352

[2019-03-21T14:05:37-07:00]
rchar: 201066378290
wchar: 98036985772
syscr: 24355977
syscw: 3333513
read_bytes: 34523840000
write_bytes: 98174492672
cancelled_write_bytes: 868352

[2019-03-21T14:05:40-07:00]
rchar: 201670882002
wchar: 98478198248
syscr: 24429232
syscw: 3337439
read_bytes: 34547510784
write_bytes: 98616377344
cancelled_write_bytes: 868352

[2019-03-21T14:05:43-07:00]
rchar: 202226255114
wchar: 98861752479
syscr: 24496519
syscw: 3341597
read_bytes: 34573827584
write_bytes: 99000508416
cancelled_write_bytes: 868352

[2019-03-21T14:05:46-07:00]
rchar: 202832144560
wchar: 99300667786
syscr: 24569926
syscw: 3345667
read_bytes: 34603621888
write_bytes: 99440091136
cancelled_write_bytes: 868352

[2019-03-21T14:05:49-07:00]
rchar: 203673831332
wchar: 99620042926
syscr: 24671944
syscw: 3358355
read_bytes: 34725719552
write_bytes: 99759919104
cancelled_write_bytes: 868352

[2019-03-21T14:05:52-07:00]
rchar: 204435215853
wchar: 99955630409
syscr: 24764228
syscw: 3369091
read_bytes: 34818649600
write_bytes: 100095967232
cancelled_write_bytes: 868352

[2019-03-21T14:05:55-07:00]
rchar: 205295302167
wchar: 100238162528
syscr: 24868522
syscw: 3383695
read_bytes: 34927734272
write_bytes: 100378841088
cancelled_write_bytes: 868352

[2019-03-21T14:05:58-07:00]
rchar: 205606557494
wchar: 100476370067
syscr: 24906175
syscw: 3389092
read_bytes: 34961255936
write_bytes: 100617445376
cancelled_write_bytes: 876544

[2019-03-21T14:06:01-07:00]
rchar: 207160568692
wchar: 100944617970
syscr: 25094538
syscw: 3410559
read_bytes: 35150102016
write_bytes: 101086277632
cancelled_write_bytes: 876544

[2019-03-21T14:06:04-07:00]
rchar: 208533119381
wchar: 101291408211
syscr: 25260932
syscw: 3430951
read_bytes: 35298110976
write_bytes: 101433491456
cancelled_write_bytes: 876544

[2019-03-21T14:06:07-07:00]
rchar: 209824945188
wchar: 101581267016
syscr: 25417535
syscw: 3451176
read_bytes: 35420704256
write_bytes: 101723688960
cancelled_write_bytes: 876544

[2019-03-21T14:06:10-07:00]
rchar: 210391492511
wchar: 102009438542
syscr: 25486158
syscw: 3457057
read_bytes: 35438411264
write_bytes: 102153138176
cancelled_write_bytes: 884736

[2019-03-21T14:06:13-07:00]
rchar: 211081097354
wchar: 102412226663
syscr: 25569655
syscw: 3461685
read_bytes: 35452907008
write_bytes: 102555967488
cancelled_write_bytes: 884736

[2019-03-21T14:06:16-07:00]
rchar: 211988492515
wchar: 102935694604
syscr: 25679476
syscw: 3467887
read_bytes: 35473915392
write_bytes: 103080296448
cancelled_write_bytes: 884736

[2019-03-21T14:06:19-07:00]
rchar: 212751619704
wchar: 103285044218
syscr: 25771832
syscw: 3477837
read_bytes: 35519741440
write_bytes: 103430193152
cancelled_write_bytes: 884736

[2019-03-21T14:06:22-07:00]
rchar: 213869421726
wchar: 103774245529
syscr: 25907338
syscw: 3504817
read_bytes: 35730738688
write_bytes: 103919988736
cancelled_write_bytes: 884736

[2019-03-21T14:06:25-07:00]
rchar: 214438409296
wchar: 104154884341
syscr: 25976332
syscw: 3520638
read_bytes: 35824356864
write_bytes: 104301146112
cancelled_write_bytes: 884736

[2019-03-21T14:06:28-07:00]
rchar: 215614490397
wchar: 104565608819
syscr: 26118818
syscw: 3542824
read_bytes: 35971341824
write_bytes: 104712376320
cancelled_write_bytes: 892928

[2019-03-21T14:06:31-07:00]
rchar: 217094444540
wchar: 105146256502
syscr: 26298232
syscw: 3569554
read_bytes: 36145561088
write_bytes: 105294655488
cancelled_write_bytes: 892928

[2019-03-21T14:06:34-07:00]
rchar: 217814345033
wchar: 105397221841
syscr: 26385506
syscw: 3584147
read_bytes: 36208700928
write_bytes: 105545015296
cancelled_write_bytes: 892928

[2019-03-21T14:06:37-07:00]
rchar: 219341353830
wchar: 105886156882
syscr: 26570545
syscw: 3612988
read_bytes: 36342361600
write_bytes: 106034610176
cancelled_write_bytes: 901120

[2019-03-21T14:06:40-07:00]
rchar: 221206668602
wchar: 106200448302
syscr: 26796700
syscw: 3649550
read_bytes: 36468424192
write_bytes: 106349166592
cancelled_write_bytes: 901120

[2019-03-21T14:06:43-07:00]
rchar: 221972719494
wchar: 106454937088
syscr: 26889501
syscw: 3663683
read_bytes: 36501147136
write_bytes: 106604032000
cancelled_write_bytes: 909312

[2019-03-21T14:06:46-07:00]
rchar: 224412253438
wchar: 106922146897
syscr: 27185265
syscw: 3700961
read_bytes: 36553166336
write_bytes: 107071766528
cancelled_write_bytes: 909312

[2019-03-21T14:06:49-07:00]
rchar: 225614272565
wchar: 107273669543
syscr: 27330978
syscw: 3717640
read_bytes: 36576148992
write_bytes: 107424305152
cancelled_write_bytes: 909312

[2019-03-21T14:06:52-07:00]
rchar: 225966041788
wchar: 107533981370
syscr: 27373634
syscw: 3723010
read_bytes: 36582800896
write_bytes: 107684503552
cancelled_write_bytes: 909312

[2019-03-21T14:06:55-07:00]
rchar: 226985030196
wchar: 108083894950
syscr: 27497109
syscw: 3730826
read_bytes: 36592791040
write_bytes: 108235198464
cancelled_write_bytes: 917504

[2019-03-21T14:06:58-07:00]
rchar: 227656902401
wchar: 108558962058
syscr: 27578518
syscw: 3733931
read_bytes: 36596354560
write_bytes: 108711071744
cancelled_write_bytes: 917504

[2019-03-21T14:07:01-07:00]
rchar: 228556797342
wchar: 109055123909
syscr: 27687626
syscw: 3740531
read_bytes: 36604694016
write_bytes: 109207949312
cancelled_write_bytes: 917504

[2019-03-21T14:07:04-07:00]
rchar: 229404743993
wchar: 109547308481
syscr: 27790383
syscw: 3746318
read_bytes: 36611911168
write_bytes: 109700878336
cancelled_write_bytes: 917504

[2019-03-21T14:07:07-07:00]
rchar: 230175362394
wchar: 109983408037
syscr: 27883442
syscw: 3753169
read_bytes: 36621020672
write_bytes: 110137647104
cancelled_write_bytes: 917504

[2019-03-21T14:07:10-07:00]
rchar: 230635607987
wchar: 110290081855
syscr: 27939231
syscw: 3758420
read_bytes: 36627877376
write_bytes: 110444785664
cancelled_write_bytes: 917504

[2019-03-21T14:07:13-07:00]
rchar: 231473778648
wchar: 110613772487
syscr: 28040818
syscw: 3776408
read_bytes: 36652174848
write_bytes: 110768914432
cancelled_write_bytes: 929792

[2019-03-21T14:07:16-07:00]
rchar: 232063519056
wchar: 110993831505
syscr: 28112215
syscw: 3784016
read_bytes: 36662582784
write_bytes: 111149584384
cancelled_write_bytes: 929792

[2019-03-21T14:07:19-07:00]
rchar: 232458980186
wchar: 111301501988
syscr: 28160076
syscw: 3787511
read_bytes: 36666527232
write_bytes: 111457759232
cancelled_write_bytes: 929792

[2019-03-21T14:07:22-07:00]
rchar: 232924384556
wchar: 111725817908
syscr: 28216419
syscw: 3794445
read_bytes: 36675407360
write_bytes: 111882776576
cancelled_write_bytes: 929792

[2019-03-21T14:07:25-07:00]
rchar: 233755638099
wchar: 112060426880
syscr: 28316964
syscw: 3808859
read_bytes: 36694486528
write_bytes: 112217882624
cancelled_write_bytes: 937984

[2019-03-21T14:07:28-07:00]
rchar: 234761863468
wchar: 112469490039
syscr: 28438937
syscw: 3826860
read_bytes: 36718292480
write_bytes: 112627490816
cancelled_write_bytes: 937984

[2019-03-21T14:07:31-07:00]
rchar: 235882499668
wchar: 112867968697
syscr: 28574793
syscw: 3849153
read_bytes: 36747210240
write_bytes: 113026469888
cancelled_write_bytes: 937984

[2019-03-21T14:07:34-07:00]
rchar: 236249424893
wchar: 113189565755
syscr: 28619269
syscw: 3855989
read_bytes: 36756471296
write_bytes: 113348567040
cancelled_write_bytes: 937984

[2019-03-21T14:07:37-07:00]
rchar: 237566199972
wchar: 113577072439
syscr: 28778817
syscw: 3878013
read_bytes: 36785327616
write_bytes: 113736572928
cancelled_write_bytes: 950272

[2019-03-21T14:07:40-07:00]
rchar: 238443369702
wchar: 113904270359
syscr: 28885157
syscw: 3891379
read_bytes: 36801588736
write_bytes: 114064216064
cancelled_write_bytes: 954368

[2019-03-21T14:07:43-07:00]
rchar: 239898425596
wchar: 114298483886
syscr: 29061561
syscw: 3917368
read_bytes: 36835487232
write_bytes: 114458902528
cancelled_write_bytes: 958464

[2019-03-21T14:07:46-07:00]
rchar: 240219644700
wchar: 114561392687
syscr: 29100494
syscw: 3922637
read_bytes: 36842626560
write_bytes: 114722234368
cancelled_write_bytes: 958464

[2019-03-21T14:07:49-07:00]
rchar: 241222176901
wchar: 114987333926
syscr: 29221960
syscw: 3934447
read_bytes: 36858449408
write_bytes: 115148812288
cancelled_write_bytes: 970752

[2019-03-21T14:07:52-07:00]
rchar: 241906832542
wchar: 115382321079
syscr: 29304797
syscw: 3940078
read_bytes: 36865211904
write_bytes: 115544436736
cancelled_write_bytes: 970752

[2019-03-21T14:07:55-07:00]
rchar: 242704512908
wchar: 115826701983
syscr: 29401286
syscw: 3946857
read_bytes: 36874006016
write_bytes: 115989549056
cancelled_write_bytes: 970752

[2019-03-21T14:07:58-07:00]
rchar: 243662128657
wchar: 116232857755
syscr: 29517296
syscw: 3966872
read_bytes: 36899646976
write_bytes: 116396740608
cancelled_write_bytes: 974848

[2019-03-21T14:08:01-07:00]
rchar: 244376022066
wchar: 116569094784
syscr: 29603837
syscw: 3983974
read_bytes: 36921593344
write_bytes: 116732919808
cancelled_write_bytes: 974848

[2019-03-21T14:08:04-07:00]
rchar: 244695443236
wchar: 116909541728
syscr: 29642555
syscw: 3991135
read_bytes: 36930321920
write_bytes: 117073887232
cancelled_write_bytes: 974848

[2019-03-21T14:08:07-07:00]
rchar: 245818110266
wchar: 117303721988
syscr: 29778571
syscw: 4014028
read_bytes: 36959981056
write_bytes: 117468573696
cancelled_write_bytes: 987136

[2019-03-21T14:08:10-07:00]
rchar: 247144928856
wchar: 117757177978
syscr: 29939411
syscw: 4041325
read_bytes: 36995186176
write_bytes: 117922598912
cancelled_write_bytes: 987136

[2019-03-21T14:08:13-07:00]
rchar: 247831458769
wchar: 118056890853
syscr: 30022646
syscw: 4055872
read_bytes: 37013843456
write_bytes: 118222708736
cancelled_write_bytes: 987136

[2019-03-21T14:08:16-07:00]
rchar: 248841360285
wchar: 118452209185
syscr: 30144996
syscw: 4073841
read_bytes: 37035703808
write_bytes: 118618607616
cancelled_write_bytes: 1011712

[2019-03-21T14:08:19-07:00]
rchar: 249691657903
wchar: 118813480560
syscr: 30248064
syscw: 4085740
read_bytes: 37050977792
write_bytes: 118980366336
cancelled_write_bytes: 1011712

[2019-03-21T14:08:22-07:00]
rchar: 250930589184
wchar: 119228282372
syscr: 30398250
syscw: 4106214
read_bytes: 37076110848
write_bytes: 119395684352
cancelled_write_bytes: 1011712

[2019-03-21T14:08:25-07:00]
rchar: 251770099768
wchar: 119507798621
syscr: 30500023
syscw: 4120021
read_bytes: 37093813760
write_bytes: 119675555840
cancelled_write_bytes: 1011712

[2019-03-21T14:08:28-07:00]
rchar: 252113609520
wchar: 119784356150
syscr: 30541659
syscw: 4126224
read_bytes: 37101137408
write_bytes: 119952547840
cancelled_write_bytes: 1011712

[2019-03-21T14:08:31-07:00]
rchar: 252972451927
wchar: 120244453995
syscr: 30645700
syscw: 4134707
read_bytes: 37123554816
write_bytes: 120413294592
cancelled_write_bytes: 1019904

[2019-03-21T14:08:34-07:00]
rchar: 254229948818
wchar: 120673568969
syscr: 30798150
syscw: 4150807
read_bytes: 37229149696
write_bytes: 120842956800
cancelled_write_bytes: 1019904

[2019-03-21T14:08:37-07:00]
rchar: 256113144590
wchar: 121171153550
syscr: 31026487
syscw: 4178619
read_bytes: 37410045440
write_bytes: 121341095936
cancelled_write_bytes: 1019904

[2019-03-21T14:08:40-07:00]
rchar: 256822781379
wchar: 121416095489
syscr: 31112478
syscw: 4187909
read_bytes: 37456010752
write_bytes: 121586679808
cancelled_write_bytes: 1019904

[2019-03-21T14:08:43-07:00]
rchar: 257248109054
wchar: 121775802747
syscr: 31164039
syscw: 4192855
read_bytes: 37471903232
write_bytes: 121946636288
cancelled_write_bytes: 1019904

[2019-03-21T14:08:46-07:00]
rchar: 258159565998
wchar: 122337352249
syscr: 31274462
syscw: 4198534
read_bytes: 37489778176
write_bytes: 122509033472
cancelled_write_bytes: 1028096

[2019-03-21T14:08:49-07:00]
rchar: 258916988882
wchar: 122759137849
syscr: 31366138
syscw: 4204037
read_bytes: 37505347072
write_bytes: 122931466240
cancelled_write_bytes: 1028096

[2019-03-21T14:08:52-07:00]
rchar: 259549307407
wchar: 123117124351
syscr: 31442698
syscw: 4208461
read_bytes: 37518769664
write_bytes: 123290017792
cancelled_write_bytes: 1028096

[2019-03-21T14:08:55-07:00]
rchar: 260357648469
wchar: 123563880435
syscr: 31540612
syscw: 4214266
read_bytes: 37536054784
write_bytes: 123737460736
cancelled_write_bytes: 1028096

[2019-03-21T14:08:58-07:00]
rchar: 260936298094
wchar: 123890744881
syscr: 31610651
syscw: 4218341
read_bytes: 37548584448
write_bytes: 124064841728
cancelled_write_bytes: 1028096

[2019-03-21T14:09:01-07:00]
rchar: 261697471221
wchar: 124256002763
syscr: 31702829
syscw: 4228509
read_bytes: 37594586624
write_bytes: 124430630912
cancelled_write_bytes: 1028096

[2019-03-21T14:09:04-07:00]
rchar: 262832941229
wchar: 124757766146
syscr: 31840497
syscw: 4254895
read_bytes: 37773430272
write_bytes: 124932984832
cancelled_write_bytes: 1028096

[2019-03-21T14:09:07-07:00]
rchar: 263043171657
wchar: 124991881069
syscr: 31865910
syscw: 4261044
read_bytes: 37798321664
write_bytes: 125167468544
cancelled_write_bytes: 1036288

[2019-03-21T14:09:10-07:00]
rchar: 264264568921
wchar: 125444880209
syscr: 32013964
syscw: 4283411
read_bytes: 37911055872
write_bytes: 125621026816
cancelled_write_bytes: 1036288

[2019-03-21T14:09:13-07:00]
rchar: 265047255936
wchar: 125859201197
syscr: 32108839
syscw: 4294074
read_bytes: 37954338304
write_bytes: 126036217856
cancelled_write_bytes: 1036288

[2019-03-21T14:09:16-07:00]
rchar: 265667041993
wchar: 126212129442
syscr: 32183958
syscw: 4301823
read_bytes: 37978705408
write_bytes: 126389325824
cancelled_write_bytes: 1036288

[2019-03-21T14:09:19-07:00]
rchar: 266268643680
wchar: 126550658431
syscr: 32256879
syscw: 4309800
read_bytes: 38004551168
write_bytes: 126728314880
cancelled_write_bytes: 1036288

[2019-03-21T14:09:22-07:00]
rchar: 266921275852
wchar: 126772955637
syscr: 32336006
syscw: 4322561
read_bytes: 38082084352
write_bytes: 126951653376
cancelled_write_bytes: 1036288

[2019-03-21T14:09:25-07:00]
rchar: 267455994167
wchar: 127233992598
syscr: 32400769
syscw: 4329163
read_bytes: 38100016640
write_bytes: 127412613120
cancelled_write_bytes: 1044480

[2019-03-21T14:09:28-07:00]
rchar: 268188842407
wchar: 127691497604
syscr: 32489562
syscw: 4335338
read_bytes: 38116179456
write_bytes: 127870795776
cancelled_write_bytes: 1044480

[2019-03-21T14:09:31-07:00]
rchar: 268928079328
wchar: 128176092379
syscr: 32579185
syscw: 4341135
read_bytes: 38132297216
write_bytes: 128356098048
cancelled_write_bytes: 1044480

[2019-03-21T14:09:34-07:00]
rchar: 269575583710
wchar: 128576063718
syscr: 32657618
syscw: 4346848
read_bytes: 38147108352
write_bytes: 128756690944
cancelled_write_bytes: 1044480

[2019-03-21T14:09:37-07:00]
rchar: 270183647500
wchar: 128941481722
syscr: 32731301
syscw: 4352653
read_bytes: 38162755072
write_bytes: 129122643968
cancelled_write_bytes: 1044480

[2019-03-21T14:09:40-07:00]
rchar: 270848682131
wchar: 129356057320
syscr: 32811894
syscw: 4358497
read_bytes: 38177160704
write_bytes: 129537859584
cancelled_write_bytes: 1048576

[2019-03-21T14:09:43-07:00]
rchar: 271552936926
wchar: 129808934321
syscr: 32897236
syscw: 4364665
read_bytes: 38194052608
write_bytes: 129991446528
cancelled_write_bytes: 1048576

[2019-03-21T14:09:46-07:00]
rchar: 272036166037
wchar: 130114795862
syscr: 32955817
syscw: 4368992
read_bytes: 38206537216
write_bytes: 130297782272
cancelled_write_bytes: 1048576

[2019-03-21T14:09:49-07:00]
rchar: 272558314670
wchar: 130466077744
syscr: 33019082
syscw: 4373204
read_bytes: 38218677760
write_bytes: 130649575424
cancelled_write_bytes: 1048576

[2019-03-21T14:09:52-07:00]
rchar: 273426081625
wchar: 131012820608
syscr: 33124248
syscw: 4381201
read_bytes: 38239862272
write_bytes: 131197116416
cancelled_write_bytes: 1048576

[2019-03-21T14:09:55-07:00]
rchar: 273967470634
wchar: 131312535869
syscr: 33189849
syscw: 4387263
read_bytes: 38257409536
write_bytes: 131497287680
cancelled_write_bytes: 1048576

[2019-03-21T14:09:58-07:00]
rchar: 274265397844
wchar: 131560289373
syscr: 33225980
syscw: 4392944
read_bytes: 38274133504
write_bytes: 131745468416
cancelled_write_bytes: 1048576

[2019-03-21T14:10:01-07:00]
rchar: 275713651670
wchar: 131973090147
syscr: 33401477
syscw: 4413512
read_bytes: 38367464960
write_bytes: 132158763008
cancelled_write_bytes: 1056768

[2019-03-21T14:10:04-07:00]
rchar: 277093029250
wchar: 132339079873
syscr: 33568685
syscw: 4433912
read_bytes: 38454570496
write_bytes: 132525203456
cancelled_write_bytes: 1056768

[2019-03-21T14:10:07-07:00]
rchar: 278506509137
wchar: 132694349269
syscr: 33740051
syscw: 4455685
read_bytes: 38561005056
write_bytes: 132880887808
cancelled_write_bytes: 1056768

[2019-03-21T14:10:10-07:00]
rchar: 278981513482
wchar: 133009318515
syscr: 33797580
syscw: 4462282
read_bytes: 38575223296
write_bytes: 133196349440
cancelled_write_bytes: 1064960

[2019-03-21T14:10:13-07:00]
rchar: 279929170266
wchar: 133496810724
syscr: 33912390
syscw: 4469908
read_bytes: 38592877056
write_bytes: 133684568064
cancelled_write_bytes: 1064960

[2019-03-21T14:10:16-07:00]
rchar: 280529584883
wchar: 133831112675
syscr: 33985088
syscw: 4474266
read_bytes: 38603923968
write_bytes: 134019387392
cancelled_write_bytes: 1064960

[2019-03-21T14:10:19-07:00]
rchar: 281145250535
wchar: 134147766560
syscr: 34059636
syscw: 4479210
read_bytes: 38615712256
write_bytes: 134336520192
cancelled_write_bytes: 1064960

[2019-03-21T14:10:22-07:00]
rchar: 282021286529
wchar: 134610887266
syscr: 34165730
syscw: 4486045
read_bytes: 38631006720
write_bytes: 134800347136
cancelled_write_bytes: 1064960

[2019-03-21T14:10:25-07:00]
rchar: 282979685012
wchar: 135047058329
syscr: 34281834
syscw: 4494435
read_bytes: 38650651136
write_bytes: 135237201920
cancelled_write_bytes: 1064960

[2019-03-21T14:10:28-07:00]
rchar: 283678947675
wchar: 135489416970
syscr: 34366569
syscw: 4502084
read_bytes: 38670909952
write_bytes: 135680172032
cancelled_write_bytes: 1064960

[2019-03-21T14:10:31-07:00]
rchar: 284471686889
wchar: 135809592353
syscr: 34462673
syscw: 4522908
read_bytes: 38776394240
write_bytes: 136000712704
cancelled_write_bytes: 1064960

[2019-03-21T14:10:34-07:00]
rchar: 285164679752
wchar: 136169079226
syscr: 34546609
syscw: 4539884
read_bytes: 38837256704
write_bytes: 136361750528
cancelled_write_bytes: 1073152

[2019-03-21T14:10:37-07:00]
rchar: 286472741917
wchar: 136551853617
syscr: 34705177
syscw: 4567253
read_bytes: 38955401728
write_bytes: 136743948288
cancelled_write_bytes: 1073152

[2019-03-21T14:10:40-07:00]
rchar: 287511150864
wchar: 136882532673
syscr: 34831079
syscw: 4588258
read_bytes: 39060513280
write_bytes: 137074999296
cancelled_write_bytes: 1073152

[2019-03-21T14:10:43-07:00]
rchar: 288681067284
wchar: 137315800172
syscr: 34972831
syscw: 4610336
read_bytes: 39135793664
write_bytes: 137508851712
cancelled_write_bytes: 1081344

[2019-03-21T14:10:46-07:00]
rchar: 289888431259
wchar: 137742214036
syscr: 35119203
syscw: 4628447
read_bytes: 39196963328
write_bytes: 137935798272
cancelled_write_bytes: 1081344

[2019-03-21T14:10:49-07:00]
rchar: 291111131542
wchar: 138204093370
syscr: 35267419
syscw: 4646182
read_bytes: 39239868928
write_bytes: 138398269440
cancelled_write_bytes: 1081344

[2019-03-21T14:10:52-07:00]
rchar: 291764733147
wchar: 138495187821
syscr: 35346647
syscw: 4658521
read_bytes: 39270048256
write_bytes: 138690465792
cancelled_write_bytes: 1081344

[2019-03-21T14:10:55-07:00]
rchar: 293866982343
wchar: 139017060147
syscr: 35601434
syscw: 4688895
read_bytes: 39388758528
write_bytes: 139212300288
cancelled_write_bytes: 1089536

[2019-03-21T14:10:58-07:00]
rchar: 295815993910
wchar: 139339769841
syscr: 35837737
syscw: 4720373
read_bytes: 39457534464
write_bytes: 139535339520
cancelled_write_bytes: 1089536

[2019-03-21T14:11:01-07:00]
rchar: 296553637138
wchar: 139701704648
syscr: 35927093
syscw: 4730798
read_bytes: 39466869248
write_bytes: 139898441728
cancelled_write_bytes: 1093632

[2019-03-21T14:11:04-07:00]
rchar: 297743017751
wchar: 140271542396
syscr: 36071308
syscw: 4741226
read_bytes: 39474999808
write_bytes: 140468445184
cancelled_write_bytes: 1097728

[2019-03-21T14:11:07-07:00]
rchar: 298767711977
wchar: 140723284337
syscr: 36195476
syscw: 4750569
read_bytes: 39482585600
write_bytes: 140920877056
cancelled_write_bytes: 1097728

[2019-03-21T14:11:10-07:00]
rchar: 299956737942
wchar: 141232685992
syscr: 36339636
syscw: 4761719
read_bytes: 39491273216
write_bytes: 141431005184
cancelled_write_bytes: 1097728

[2019-03-21T14:11:13-07:00]
rchar: 301090699203
wchar: 141714302621
syscr: 36477060
syscw: 4772434
read_bytes: 39499723264
write_bytes: 141913321472
cancelled_write_bytes: 1097728

[2019-03-21T14:11:16-07:00]
rchar: 302052362150
wchar: 142210282950
syscr: 36593637
syscw: 4780114
read_bytes: 39506215424
write_bytes: 142410084352
cancelled_write_bytes: 1097728

[2019-03-21T14:11:19-07:00]
rchar: 303039954109
wchar: 142714050307
syscr: 36713337
syscw: 4788274
read_bytes: 39512584704
write_bytes: 142914637824
cancelled_write_bytes: 1097728

[2019-03-21T14:11:22-07:00]
rchar: 303639945335
wchar: 143034229015
syscr: 36785734
syscw: 4793828
read_bytes: 39517049344
write_bytes: 143235330048
cancelled_write_bytes: 1097728

[2019-03-21T14:11:25-07:00]
rchar: 304288195072
wchar: 143413693292
syscr: 36864236
syscw: 4806502
read_bytes: 39528034816
write_bytes: 143615385600
cancelled_write_bytes: 1105920

[2019-03-21T14:11:28-07:00]
rchar: 306134595751
wchar: 143707453600
syscr: 37088118
syscw: 4846366
read_bytes: 39569854976
write_bytes: 143909396480
cancelled_write_bytes: 1105920

[2019-03-21T14:11:31-07:00]
rchar: 306821313208
wchar: 144108543362
syscr: 37171268
syscw: 4853652
read_bytes: 39574884864
write_bytes: 144311103488
cancelled_write_bytes: 1105920

[2019-03-21T14:11:34-07:00]
rchar: 307443341019
wchar: 144526349436
syscr: 37246573
syscw: 4862261
read_bytes: 39580615168
write_bytes: 144729587712
cancelled_write_bytes: 1105920

[2019-03-21T14:11:37-07:00]
rchar: 308569646142
wchar: 145061549195
syscr: 37382780
syscw: 4877133
read_bytes: 39591035392
write_bytes: 145265651712
cancelled_write_bytes: 1114112

[2019-03-21T14:11:40-07:00]
rchar: 309888035233
wchar: 145498183948
syscr: 37542606
syscw: 4902696
read_bytes: 39608820224
write_bytes: 145703845888
cancelled_write_bytes: 1114112

[2019-03-21T14:11:43-07:00]
rchar: 310798011295
wchar: 145764926603
syscr: 37652923
syscw: 4922623
read_bytes: 39622496768
write_bytes: 145970499584
cancelled_write_bytes: 1114112

[2019-03-21T14:11:46-07:00]
rchar: 311445757700
wchar: 146163925918
syscr: 37731370
syscw: 4935570
read_bytes: 39631356416
write_bytes: 146369474560
cancelled_write_bytes: 1142784

[2019-03-21T14:11:49-07:00]
rchar: 313174758041
wchar: 146613325778
syscr: 37940975
syscw: 4965784
read_bytes: 39652491776
write_bytes: 146819411968
cancelled_write_bytes: 1142784

[2019-03-21T14:11:52-07:00]
rchar: 314472114720
wchar: 146987857215
syscr: 38098257
syscw: 4988228
read_bytes: 39668281856
write_bytes: 147194400768
cancelled_write_bytes: 1146880

[2019-03-21T14:11:55-07:00]
rchar: 315219777233
wchar: 147418470146
syscr: 38188827
syscw: 5000013
read_bytes: 39676289536
write_bytes: 147625668608
cancelled_write_bytes: 1159168

[2019-03-21T14:11:58-07:00]
rchar: 316409325885
wchar: 147931653682
syscr: 38333003
syscw: 5013086
read_bytes: 39684649472
write_bytes: 148139556864
cancelled_write_bytes: 1159168

[2019-03-21T14:12:01-07:00]
rchar: 317705659442
wchar: 148377690177
syscr: 38490135
syscw: 5029781
read_bytes: 39696134656
write_bytes: 148586205184
cancelled_write_bytes: 1159168

[2019-03-21T14:12:04-07:00]
rchar: 318762866516
wchar: 148750071517
syscr: 38618314
syscw: 5043486
read_bytes: 39705063936
write_bytes: 148959129600
cancelled_write_bytes: 1163264

[2019-03-21T14:12:07-07:00]
rchar: 319605720351
wchar: 149140049549
syscr: 38720278
syscw: 5052571
read_bytes: 39710908928
write_bytes: 149349711872
cancelled_write_bytes: 1163264

[2019-03-21T14:12:10-07:00]
rchar: 320405795030
wchar: 149548554839
syscr: 38817190
syscw: 5063747
read_bytes: 39718457856
write_bytes: 149758869504
cancelled_write_bytes: 1163264

[2019-03-21T14:12:13-07:00]
rchar: 321286363763
wchar: 149913198870
syscr: 38923807
syscw: 5073943
read_bytes: 39726092800
write_bytes: 150124036096
cancelled_write_bytes: 1171456

[2019-03-21T14:12:16-07:00]
rchar: 322416421321
wchar: 150386237370
syscr: 39060742
syscw: 5084441
read_bytes: 39740617216
write_bytes: 150597754880
cancelled_write_bytes: 1171456

[2019-03-21T14:12:19-07:00]
rchar: 323178301947
wchar: 150658317344
syscr: 39153071
syscw: 5092297
read_bytes: 39751135744
write_bytes: 150870216704
cancelled_write_bytes: 1171456

[2019-03-21T14:12:22-07:00]
rchar: 324089348064
wchar: 151128161741
syscr: 39263502
syscw: 5104483
read_bytes: 39770468864
write_bytes: 151340687360
cancelled_write_bytes: 1171456

[2019-03-21T14:12:25-07:00]
rchar: 324822260762
wchar: 151375317220
syscr: 39352365
syscw: 5120636
read_bytes: 39814517248
write_bytes: 151588118528
cancelled_write_bytes: 1171456

[2019-03-21T14:12:28-07:00]
rchar: 325584277102
wchar: 151882945942
syscr: 39444687
syscw: 5130653
read_bytes: 39830131200
write_bytes: 152096485376
cancelled_write_bytes: 1179648

[2019-03-21T14:12:31-07:00]
rchar: 326391903179
wchar: 152325913727
syscr: 39542555
syscw: 5139056
read_bytes: 39842484736
write_bytes: 152540131328
cancelled_write_bytes: 1179648

[2019-03-21T14:12:34-07:00]
rchar: 327248055776
wchar: 152777171445
syscr: 39646323
syscw: 5148456
read_bytes: 39856292352
write_bytes: 152992030720
cancelled_write_bytes: 1179648

[2019-03-21T14:12:37-07:00]
rchar: 328052015610
wchar: 153205045765
syscr: 39743759
syscw: 5157293
read_bytes: 39869051392
write_bytes: 153420513280
cancelled_write_bytes: 1179648

[2019-03-21T14:12:40-07:00]
rchar: 329004229456
wchar: 153728709216
syscr: 39859176
syscw: 5167338
read_bytes: 39884296704
write_bytes: 153944948736
cancelled_write_bytes: 1179648

[2019-03-21T14:12:43-07:00]
rchar: 329780868484
wchar: 154100224586
syscr: 39953301
syscw: 5177046
read_bytes: 39898411520
write_bytes: 154317041664
cancelled_write_bytes: 1179648

[2019-03-21T14:12:46-07:00]
rchar: 330315818202
wchar: 154400117559
syscr: 40018169
syscw: 5186955
read_bytes: 39913456128
write_bytes: 154617401344
cancelled_write_bytes: 1179648

[2019-03-21T14:12:49-07:00]
rchar: 331378450729
wchar: 154921250501
syscr: 40146950
syscw: 5198170
read_bytes: 39930946048
write_bytes: 155139293184
cancelled_write_bytes: 1187840

[2019-03-21T14:12:52-07:00]
rchar: 332056433012
wchar: 155254604778
syscr: 40228995
syscw: 5204768
read_bytes: 39941882368
write_bytes: 155473145856
cancelled_write_bytes: 1187840

[2019-03-21T14:12:55-07:00]
rchar: 332989219628
wchar: 155739080792
syscr: 40341957
syscw: 5213490
read_bytes: 39957127680
write_bytes: 155958353920
cancelled_write_bytes: 1187840

[2019-03-21T14:12:58-07:00]
rchar: 333770647746
wchar: 156122432437
syscr: 40436594
syscw: 5221240
read_bytes: 39969395200
write_bytes: 156342312960
cancelled_write_bytes: 1187840

[2019-03-21T14:13:01-07:00]
rchar: 334561739124
wchar: 156494113640
syscr: 40532392
syscw: 5229483
read_bytes: 39983563264
write_bytes: 156714553344
cancelled_write_bytes: 1187840

[2019-03-21T14:13:04-07:00]
rchar: 335338862543
wchar: 156948625632
syscr: 40626579
syscw: 5240533
read_bytes: 40004100608
write_bytes: 157169700864
cancelled_write_bytes: 1187840

[2019-03-21T14:13:07-07:00]
rchar: 335841229092
wchar: 157242481971
syscr: 40687480
syscw: 5248608
read_bytes: 40017670656
write_bytes: 157463949312
cancelled_write_bytes: 1187840

[2019-03-21T14:13:10-07:00]
rchar: 336205770899
wchar: 157539705497
syscr: 40731579
syscw: 5259364
read_bytes: 40036446720
write_bytes: 157761622016
cancelled_write_bytes: 1187840

[2019-03-21T14:13:13-07:00]
rchar: 337371753100
wchar: 157897217623
syscr: 40872906
syscw: 5283201
read_bytes: 40108179968
write_bytes: 158119555072
cancelled_write_bytes: 1196032

[2019-03-21T14:13:16-07:00]
rchar: 338888263355
wchar: 158388968952
syscr: 41056786
syscw: 5313062
read_bytes: 40242815488
write_bytes: 158611849216
cancelled_write_bytes: 1196032

[2019-03-21T14:13:19-07:00]
rchar: 339174928689
wchar: 158605368126
syscr: 41091546
syscw: 5320617
read_bytes: 40254988800
write_bytes: 158828601344
cancelled_write_bytes: 1196032

[2019-03-21T14:13:22-07:00]
rchar: 340144118938
wchar: 159127416076
syscr: 41208990
syscw: 5331723
read_bytes: 40270574080
write_bytes: 159351361536
cancelled_write_bytes: 1204224

[2019-03-21T14:13:25-07:00]
rchar: 340745054960
wchar: 159456937020
syscr: 41281785
syscw: 5337957
read_bytes: 40280289792
write_bytes: 159681376256
cancelled_write_bytes: 1204224

[2019-03-21T14:13:28-07:00]
rchar: 341644333242
wchar: 159922012142
syscr: 41390812
syscw: 5347633
read_bytes: 40293061120
write_bytes: 160147111936
cancelled_write_bytes: 1204224

[2019-03-21T14:13:31-07:00]
rchar: 342576055541
wchar: 160392899766
syscr: 41503735
syscw: 5358441
read_bytes: 40308101632
write_bytes: 160618663936
cancelled_write_bytes: 1204224

[2019-03-21T14:13:34-07:00]
rchar: 343293824240
wchar: 160742505893
syscr: 41590702
syscw: 5367133
read_bytes: 40319422976
write_bytes: 160968769536
cancelled_write_bytes: 1204224

[2019-03-21T14:13:37-07:00]
rchar: 344260251759
wchar: 161235017942
syscr: 41707856
syscw: 5378685
read_bytes: 40334561792
write_bytes: 161461997568
cancelled_write_bytes: 1204224

[2019-03-21T14:13:40-07:00]
rchar: 344745451793
wchar: 161563171461
syscr: 41766680
syscw: 5382501
read_bytes: 40339681792
write_bytes: 161790636032
cancelled_write_bytes: 1204224

[2019-03-21T14:13:43-07:00]
rchar: 345302825292
wchar: 161928076741
syscr: 41834228
syscw: 5390512
read_bytes: 40350052864
write_bytes: 162156118016
cancelled_write_bytes: 1204224

[2019-03-21T14:13:46-07:00]
rchar: 345974516284
wchar: 162257385318
syscr: 41915561
syscw: 5399602
read_bytes: 40360329728
write_bytes: 162485940224
cancelled_write_bytes: 1212416

[2019-03-21T14:13:49-07:00]
rchar: 347179917869
wchar: 162732817780
syscr: 42061671
syscw: 5413887
read_bytes: 40378335744
write_bytes: 162962022400
cancelled_write_bytes: 1212416

[2019-03-21T14:13:52-07:00]
rchar: 348687730941
wchar: 163181056646
syscr: 42244430
syscw: 5435143
read_bytes: 40420524544
write_bytes: 163410833408
cancelled_write_bytes: 1212416

[2019-03-21T14:13:55-07:00]
rchar: 349471806382
wchar: 163370305284
syscr: 42339480
syscw: 5447247
read_bytes: 40441094656
write_bytes: 163600302080
cancelled_write_bytes: 1212416

[2019-03-21T14:13:58-07:00]
rchar: 350456717814
wchar: 163859817060
syscr: 42458820
syscw: 5459524
read_bytes: 40458613248
write_bytes: 164090556416
cancelled_write_bytes: 1220608

[2019-03-21T14:14:01-07:00]
rchar: 351285578707
wchar: 164209628892
syscr: 42559194
syscw: 5467502
read_bytes: 40469332480
write_bytes: 164440887296
cancelled_write_bytes: 1220608

[2019-03-21T14:14:04-07:00]
rchar: 352136134388
wchar: 164570490049
syscr: 42662236
syscw: 5475617
read_bytes: 40480178688
write_bytes: 164802285568
cancelled_write_bytes: 1220608

[2019-03-21T14:14:07-07:00]
rchar: 352926963589
wchar: 164909368709
syscr: 42758000
syscw: 5483093
read_bytes: 40490709504
write_bytes: 165141934080
cancelled_write_bytes: 1220608

[2019-03-21T14:14:10-07:00]
rchar: 354073997923
wchar: 165364268078
syscr: 42896911
syscw: 5494747
read_bytes: 40507093504
write_bytes: 165597294592
cancelled_write_bytes: 1220608

[2019-03-21T14:14:13-07:00]
rchar: 354795697235
wchar: 165568453390
syscr: 42984371
syscw: 5512848
read_bytes: 40556012032
write_bytes: 165801689088
cancelled_write_bytes: 1220608

[2019-03-21T14:14:16-07:00]
rchar: 355758887912
wchar: 165997029533
syscr: 43101075
syscw: 5536356
read_bytes: 40621425152
write_bytes: 166230831104
cancelled_write_bytes: 1228800

[2019-03-21T14:14:19-07:00]
rchar: 357319716244
wchar: 166469606486
syscr: 43290302
syscw: 5568179
read_bytes: 40718258688
write_bytes: 166703951872
cancelled_write_bytes: 1228800

[2019-03-21T14:14:22-07:00]
rchar: 358008947300
wchar: 166735845049
syscr: 43373865
syscw: 5582617
read_bytes: 40756453888
write_bytes: 166970540032
cancelled_write_bytes: 1228800

[2019-03-21T14:14:25-07:00]
rchar: 358937250216
wchar: 167292027830
syscr: 43486349
syscw: 5595784
read_bytes: 40773677568
write_bytes: 167527518208
cancelled_write_bytes: 1236992

[2019-03-21T14:14:28-07:00]
rchar: 359526063701
wchar: 167579450476
syscr: 43557746
syscw: 5602744
read_bytes: 40782303744
write_bytes: 167815340032
cancelled_write_bytes: 1236992

[2019-03-21T14:14:31-07:00]
rchar: 360589093797
wchar: 168168883008
syscr: 43686563
syscw: 5613835
read_bytes: 40798532096
write_bytes: 168405606400
cancelled_write_bytes: 1236992

[2019-03-21T14:14:34-07:00]
rchar: 361349960277
wchar: 168606340455
syscr: 43778731
syscw: 5621377
read_bytes: 40814256640
write_bytes: 168843722752
cancelled_write_bytes: 1236992

[2019-03-21T14:14:37-07:00]
rchar: 362190987809
wchar: 169100746760
syscr: 43880690
syscw: 5629582
read_bytes: 40830874112
write_bytes: 169338830848
cancelled_write_bytes: 1236992

[2019-03-21T14:14:40-07:00]
rchar: 362953302548
wchar: 169562951875
syscr: 43973059
syscw: 5636440
read_bytes: 40849695232
write_bytes: 169801703424
cancelled_write_bytes: 1236992

[2019-03-21T14:14:43-07:00]
rchar: 363612583765
wchar: 169990060545
syscr: 44052950
syscw: 5641940
read_bytes: 40865489408
write_bytes: 170229473280
cancelled_write_bytes: 1236992

[2019-03-21T14:14:46-07:00]
rchar: 364198795588
wchar: 170440015681
syscr: 44123977
syscw: 5645395
read_bytes: 40877638144
write_bytes: 170680156160
cancelled_write_bytes: 1236992

[2019-03-21T14:14:49-07:00]
rchar: 364562181998
wchar: 170814654838
syscr: 44168027
syscw: 5649104
read_bytes: 40892064256
write_bytes: 171055448064
cancelled_write_bytes: 1236992

[2019-03-21T14:14:52-07:00]
rchar: 365901545946
wchar: 171479035129
syscr: 44330314
syscw: 5662681
read_bytes: 40960438784
write_bytes: 171720781824
cancelled_write_bytes: 1245184

[2019-03-21T14:14:55-07:00]
rchar: 366583474075
wchar: 171960871380
syscr: 44412839
syscw: 5666505
read_bytes: 40980554240
write_bytes: 172204425216
cancelled_write_bytes: 1245184

[2019-03-21T14:14:58-07:00]
rchar: 367182348583
wchar: 172388450473
syscr: 44485330
syscw: 5669747
read_bytes: 41000030720
write_bytes: 172631658496
cancelled_write_bytes: 1245184

[2019-03-21T14:15:01-07:00]
rchar: 367958794106
wchar: 172850007203
syscr: 44579267
syscw: 5677015
read_bytes: 41052324352
write_bytes: 173093978112
cancelled_write_bytes: 1245184

[2019-03-21T14:15:04-07:00]
rchar: 368921625510
wchar: 173326645701
syscr: 44695963
syscw: 5697047
read_bytes: 41268048384
write_bytes: 173571219456
cancelled_write_bytes: 1245184

[2019-03-21T14:15:07-07:00]
rchar: 369576907596
wchar: 173650588009
syscr: 44775414
syscw: 5710790
read_bytes: 41418248704
write_bytes: 173895561216
cancelled_write_bytes: 1245184

[2019-03-21T14:15:10-07:00]
rchar: 370225826696
wchar: 174070327802
syscr: 44853994
syscw: 5722466
read_bytes: 41534423552
write_bytes: 174315950080
cancelled_write_bytes: 1253376

[2019-03-21T14:15:13-07:00]
rchar: 371075846634
wchar: 174466736954
syscr: 44957024
syscw: 5735289
read_bytes: 41644560896
write_bytes: 174713479168
cancelled_write_bytes: 1253376

[2019-03-21T14:15:16-07:00]
rchar: 372290427480
wchar: 174946962364
syscr: 45104252
syscw: 5756275
read_bytes: 41873269248
write_bytes: 175193718784
cancelled_write_bytes: 1253376

[2019-03-21T14:15:19-07:00]
rchar: 373425733272
wchar: 175391771481
syscr: 45241883
syscw: 5776634
read_bytes: 42078224896
write_bytes: 175639097344
cancelled_write_bytes: 1253376

[2019-03-21T14:15:22-07:00]
rchar: 373612390472
wchar: 175632167947
syscr: 45264514
syscw: 5780430
read_bytes: 42101367296
write_bytes: 175879888896
cancelled_write_bytes: 1253376

[2019-03-21T14:15:25-07:00]
rchar: 374893823880
wchar: 176006639806
syscr: 45419773
syscw: 5800996
read_bytes: 42283307520
write_bytes: 176254849024
cancelled_write_bytes: 1261568

[2019-03-21T14:15:28-07:00]
rchar: 376360473698
wchar: 176425388846
syscr: 45597566
syscw: 5824686
read_bytes: 42479124992
write_bytes: 176674099200
cancelled_write_bytes: 1261568

[2019-03-21T14:15:31-07:00]
rchar: 377569469640
wchar: 176739790178
syscr: 45744142
syscw: 5845269
read_bytes: 42631582208
write_bytes: 176988844032
cancelled_write_bytes: 1261568

[2019-03-21T14:15:34-07:00]
rchar: 378758806543
wchar: 177144687983
syscr: 45888243
syscw: 5863816
read_bytes: 42746876416
write_bytes: 177394327552
cancelled_write_bytes: 1269760

[2019-03-21T14:15:37-07:00]
rchar: 381020598698
wchar: 177441060365
syscr: 46162462
syscw: 5901294
read_bytes: 42860216832
write_bytes: 177690959872
cancelled_write_bytes: 1269760

[2019-03-21T14:15:40-07:00]
rchar: 381691474238
wchar: 177727218628
syscr: 46243784
syscw: 5908893
read_bytes: 42874094080
write_bytes: 177977520128
cancelled_write_bytes: 1269760

[2019-03-21T14:15:43-07:00]
rchar: 382224080151
wchar: 178168033175
syscr: 46308278
syscw: 5914014
read_bytes: 42882994688
write_bytes: 178419023872
cancelled_write_bytes: 1277952

[2019-03-21T14:15:46-07:00]
rchar: 382938737129
wchar: 178626283938
syscr: 46394930
syscw: 5918135
read_bytes: 42890367488
write_bytes: 178877980672
cancelled_write_bytes: 1277952

[2019-03-21T14:15:49-07:00]
rchar: 383592943898
wchar: 179074731409
syscr: 46474184
syscw: 5921541
read_bytes: 42896237056
write_bytes: 179327148032
cancelled_write_bytes: 1277952

[2019-03-21T14:15:52-07:00]
rchar: 384197520972
wchar: 179498411428
syscr: 46547476
syscw: 5924473
read_bytes: 42901078528
write_bytes: 179751489536
cancelled_write_bytes: 1277952

[2019-03-21T14:15:55-07:00]
rchar: 384802633601
wchar: 179962044463
syscr: 46620799
syscw: 5926773
read_bytes: 42904715776
write_bytes: 180215840768
cancelled_write_bytes: 1277952

[2019-03-21T14:15:58-07:00]
rchar: 385232602291
wchar: 180308568614
syscr: 46672887
syscw: 5928145
read_bytes: 42906862080
write_bytes: 180562915328
cancelled_write_bytes: 1277952

[2019-03-21T14:16:01-07:00]
rchar: 385789581918
wchar: 180766347084
syscr: 46740384
syscw: 5929761
read_bytes: 42909020672
write_bytes: 181021437952
cancelled_write_bytes: 1277952

[2019-03-21T14:16:04-07:00]
rchar: 386317884523
wchar: 181243113272
syscr: 46804070
syscw: 5930805
read_bytes: 42910179840
write_bytes: 181498974208
cancelled_write_bytes: 1277952

[2019-03-21T14:16:07-07:00]
rchar: 386758311712
wchar: 181631931946
syscr: 46857443
syscw: 5932054
read_bytes: 42911748608
write_bytes: 181888380928
cancelled_write_bytes: 1277952

[2019-03-21T14:16:10-07:00]
rchar: 387172221267
wchar: 182010628297
syscr: 46907594
syscw: 5933053
read_bytes: 42913071616
write_bytes: 182267736064
cancelled_write_bytes: 1277952

[2019-03-21T14:16:13-07:00]
rchar: 387813791509
wchar: 182625002465
syscr: 46985128
syscw: 5933955
read_bytes: 42913784320
write_bytes: 182883893248
cancelled_write_bytes: 1277952

[2019-03-21T14:16:16-07:00]
rchar: 388121761958
wchar: 182914644937
syscr: 47022288
syscw: 5934579
read_bytes: 42914357760
write_bytes: 183173332992
cancelled_write_bytes: 1277952

[2019-03-21T14:16:19-07:00]
rchar: 388121761958
wchar: 182914644937
syscr: 47022288
syscw: 5934579
read_bytes: 42914357760
write_bytes: 183173332992
cancelled_write_bytes: 1277952

[2019-03-21T14:16:22-07:00]
rchar: 388121761958
wchar: 182914644937
syscr: 47022288
syscw: 5934579
read_bytes: 42914357760
write_bytes: 183173332992
cancelled_write_bytes: 1277952

[2019-03-21T14:16:25-07:00]
rchar: 388121761958
wchar: 182914644937
syscr: 47022288
syscw: 5934579
read_bytes: 42914357760
write_bytes: 183173332992
cancelled_write_bytes: 1277952

[2019-03-21T14:16:28-07:00]
rchar: 388121761958
wchar: 182914644937
syscr: 47022288
syscw: 5934579
read_bytes: 42914357760
write_bytes: 183173332992
cancelled_write_bytes: 1277952

[2019-03-21T14:16:31-07:00]
rchar: 388121761958
wchar: 182914644937
syscr: 47022288
syscw: 5934579
read_bytes: 42914357760
write_bytes: 183173332992
cancelled_write_bytes: 1277952

[2019-03-21T14:16:34-07:00]
rchar: 388121761958
wchar: 182914644937
syscr: 47022288
syscw: 5934579
read_bytes: 42914357760
write_bytes: 183173332992
cancelled_write_bytes: 1277952

[2019-03-21T14:16:37-07:00]
rchar: 388121761958
wchar: 182914644937
syscr: 47022288
syscw: 5934579
read_bytes: 42914357760
write_bytes: 183173332992
cancelled_write_bytes: 1277952

[2019-03-21T14:16:40-07:00]
rchar: 388121761958
wchar: 182914644937
syscr: 47022288
syscw: 5934579
read_bytes: 42914357760
write_bytes: 183173332992
cancelled_write_bytes: 1277952

[2019-03-21T14:16:43-07:00]
rchar: 388121769611
wchar: 182914645055
syscr: 47022298
syscw: 5934580
read_bytes: 42914456064
write_bytes: 183173337088
cancelled_write_bytes: 1277952

