Extracting RWBS and sectors to /tmp/ycsb-rocksdb/data/output_myworkloada/sectors.dat
Parsing results...

SECTOR_SIZE   RW   COUNT         RATIO (in R/W)   RATIO (Overall)
----------------------------------------------------------------------
1024          W    85803                78.262%           78.255%
8             W    11876                10.832%           10.831%
1016          W    9747                  8.890%            8.890%
32            W    103                   0.094%            0.094%
896           W    85                    0.078%            0.078%
48            W    85                    0.078%            0.078%
112           W    83                    0.076%            0.076%
968           W    82                    0.075%            0.075%
928           W    81                    0.074%            0.074%
88            W    81                    0.074%            0.074%
984           W    80                    0.073%            0.073%
904           W    80                    0.073%            0.073%
120           W    79                    0.072%            0.072%
408           W    52                    0.047%            0.047%
416           W    48                    0.044%            0.044%
3             W    48                    0.044%            0.044%
64            W    47                    0.043%            0.043%
16            W    46                    0.042%            0.042%
816           W    44                    0.040%            0.040%
200           W    44                    0.040%            0.040%
824           W    40                    0.036%            0.036%
192           W    40                    0.036%            0.036%
2             W    37                    0.034%            0.034%
24            W    27                    0.025%            0.025%
11            W    24                    0.022%            0.022%
736           W    23                    0.021%            0.021%
14            W    23                    0.021%            0.021%
5             W    19                    0.017%            0.017%
13            W    19                    0.017%            0.017%
728           W    18                    0.016%            0.016%
12            W    18                    0.016%            0.016%
80            W    17                    0.016%            0.016%
27            W    17                    0.016%            0.016%
26            W    16                    0.015%            0.015%
1             W    16                    0.015%            0.015%
128           W    16                    0.015%            0.015%
4             W    15                    0.014%            0.014%
25            W    15                    0.014%            0.014%
10            W    15                    0.014%            0.014%
936           W    14                    0.013%            0.013%
18            W    14                    0.013%            0.013%
9             W    13                    0.012%            0.012%
40            W    13                    0.012%            0.012%
28            W    13                    0.012%            0.012%
216           W    13                    0.012%            0.012%
888           W    12                    0.011%            0.011%
6             W    12                    0.011%            0.011%
23            W    12                    0.011%            0.011%
21            W    12                    0.011%            0.011%
15            W    12                    0.011%            0.011%
144           W    12                    0.011%            0.011%
104           W    11                    0.010%            0.010%
976           W    10                    0.009%            0.009%
952           W    10                    0.009%            0.009%
872           W    10                    0.009%            0.009%
848           W    10                    0.009%            0.009%
832           W    10                    0.009%            0.009%
800           W    10                    0.009%            0.009%
744           W    10                    0.009%            0.009%
29            W    10                    0.009%            0.009%
232           W    10                    0.009%            0.009%
20            W    10                    0.009%            0.009%
184           W    10                    0.009%            0.009%
17            W    10                    0.009%            0.009%
1000          W    10                    0.009%            0.009%
912           W    9                     0.008%            0.008%
7             W    9                     0.008%            0.008%
19            W    9                     0.008%            0.008%
168           W    9                     0.008%            0.008%
784           W    7                     0.006%            0.006%
280           W    7                     0.006%            0.006%
256           W    7                     0.006%            0.006%
22            W    7                     0.006%            0.006%
176           W    7                     0.006%            0.006%
152           W    7                     0.006%            0.006%
768           W    6                     0.005%            0.005%
56            W    6                     0.005%            0.005%
560           W    6                     0.005%            0.005%
424           W    6                     0.005%            0.005%
328           W    6                     0.005%            0.005%
248           W    6                     0.005%            0.005%
96            W    5                     0.005%            0.005%
864           W    5                     0.005%            0.005%
760           W    5                     0.005%            0.005%
752           W    5                     0.005%            0.005%
720           W    5                     0.005%            0.005%
664           W    5                     0.005%            0.005%
584           W    5                     0.005%            0.005%
504           W    5                     0.005%            0.005%
480           W    5                     0.005%            0.005%
432           W    5                     0.005%            0.005%
400           W    5                     0.005%            0.005%
34            W    5                     0.005%            0.005%
296           W    5                     0.005%            0.005%
920           W    4                     0.004%            0.004%
8             R    4                    40.000%            0.004%
840           W    4                     0.004%            0.004%
72            W    4                     0.004%            0.004%
696           W    4                     0.004%            0.004%
672           W    4                     0.004%            0.004%
592           W    4                     0.004%            0.004%
456           W    4                     0.004%            0.004%
376           W    4                     0.004%            0.004%
360           W    4                     0.004%            0.004%
320           W    4                     0.004%            0.004%
272           W    4                     0.004%            0.004%
224           W    4                     0.004%            0.004%
1             R    4                    40.000%            0.004%
992           W    3                     0.003%            0.003%
856           W    3                     0.003%            0.003%
808           W    3                     0.003%            0.003%
792           W    3                     0.003%            0.003%
688           W    3                     0.003%            0.003%
624           W    3                     0.003%            0.003%
568           W    3                     0.003%            0.003%
544           W    3                     0.003%            0.003%
512           W    3                     0.003%            0.003%
496           W    3                     0.003%            0.003%
464           W    3                     0.003%            0.003%
440           W    3                     0.003%            0.003%
384           W    3                     0.003%            0.003%
344           W    3                     0.003%            0.003%
31            W    3                     0.003%            0.003%
30            W    3                     0.003%            0.003%
304           W    3                     0.003%            0.003%
264           W    3                     0.003%            0.003%
1008          W    3                     0.003%            0.003%
944           W    2                     0.002%            0.002%
880           W    2                     0.002%            0.002%
712           W    2                     0.002%            0.002%
704           W    2                     0.002%            0.002%
656           W    2                     0.002%            0.002%
632           W    2                     0.002%            0.002%
608           W    2                     0.002%            0.002%
536           W    2                     0.002%            0.002%
528           W    2                     0.002%            0.002%
520           W    2                     0.002%            0.002%
488           W    2                     0.002%            0.002%
472           W    2                     0.002%            0.002%
448           W    2                     0.002%            0.002%
392           W    2                     0.002%            0.002%
368           W    2                     0.002%            0.002%
352           W    2                     0.002%            0.002%
33            W    2                     0.002%            0.002%
32            R    2                    20.000%            0.002%
240           W    2                     0.002%            0.002%
960           W    1                     0.001%            0.001%
776           W    1                     0.001%            0.001%
640           W    1                     0.001%            0.001%
616           W    1                     0.001%            0.001%
600           W    1                     0.001%            0.001%
552           W    1                     0.001%            0.001%
53            W    1                     0.001%            0.001%
35            W    1                     0.001%            0.001%
336           W    1                     0.001%            0.001%
312           W    1                     0.001%            0.001%
288           W    1                     0.001%            0.001%
208           W    1                     0.001%            0.001%
160           W    1                     0.001%            0.001%
136           W    1                     0.001%            0.001%


SUMMARY (512-byte sectors)
----------------------------------------------------------------------
Total read I/Os : 10             [  0.009%]
Total write I/Os: 109636         [ 99.991%]
Total read sectors : 100         [  0.000%,       0.049MB]
Total write sectors: 98696210    [100.000%,   48191.509MB]
