Extracting RWBS and sectors to /tmp/ycsb-rocksdb/data/output_myworkloada/sectors.dat
Parsing results...

SECTOR_SIZE   RW   COUNT         RATIO (in R/W)   RATIO (Overall)
----------------------------------------------------------------------
24            R    3891337              60.755%           58.599%
16            R    1039317              16.227%           15.651%
8             R    693874               10.833%           10.449%
256           R    376122                5.872%            5.664%
1024          W    169574               71.946%            2.554%
32            R    82960                 1.295%            1.249%
40            R    59700                 0.932%            0.899%
56            R    37152                 0.580%            0.559%
8             W    34537                14.653%            0.520%
1016          W    25442                10.794%            0.383%
72            R    24709                 0.386%            0.372%
88            R    18251                 0.285%            0.275%
48            R    16662                 0.260%            0.251%
64            R    16221                 0.253%            0.244%
104           R    13968                 0.218%            0.210%
120           R    11203                 0.175%            0.169%
80            R    10323                 0.161%            0.155%
136           R    8875                  0.139%            0.134%
96            R    8831                  0.138%            0.133%
128           R    8807                  0.138%            0.133%
112           R    7732                  0.121%            0.116%
152           R    7618                  0.119%            0.115%
168           R    6526                  0.102%            0.098%
144           R    6004                  0.094%            0.090%
184           R    5715                  0.089%            0.086%
160           R    5620                  0.088%            0.085%
200           R    5346                  0.083%            0.081%
216           R    5218                  0.081%            0.079%
176           R    5050                  0.079%            0.076%
240           R    5019                  0.078%            0.076%
192           R    5018                  0.078%            0.076%
208           R    4487                  0.070%            0.068%
224           R    4207                  0.066%            0.063%
232           R    4181                  0.065%            0.063%
248           R    3508                  0.055%            0.053%
512           R    2838                  0.044%            0.043%
32            W    461                   0.196%            0.007%
408           W    341                   0.145%            0.005%
264           W    318                   0.135%            0.005%
64            W    307                   0.130%            0.005%
416           W    284                   0.120%            0.004%
16            W    236                   0.100%            0.004%
280           R    196                   0.003%            0.003%
264           R    195                   0.003%            0.003%
3             W    158                   0.067%            0.002%
22            W    154                   0.065%            0.002%
24            W    153                   0.065%            0.002%
296           R    151                   0.002%            0.002%
272           R    144                   0.002%            0.002%
400           W    135                   0.057%            0.002%
23            W    128                   0.054%            0.002%
328           R    125                   0.002%            0.002%
21            W    125                   0.053%            0.002%
288           R    123                   0.002%            0.002%
312           R    119                   0.002%            0.002%
304           R    119                   0.002%            0.002%
344           R    118                   0.002%            0.002%
20            W    116                   0.049%            0.002%
12            W    114                   0.048%            0.002%
320           R    106                   0.002%            0.002%
424           W    96                    0.041%            0.001%
392           R    96                    0.001%            0.001%
360           R    93                    0.001%            0.001%
19            W    87                    0.037%            0.001%
336           R    84                    0.001%            0.001%
14            W    83                    0.035%            0.001%
1             W    82                    0.035%            0.001%
384           R    79                    0.001%            0.001%
18            W    79                    0.034%            0.001%
13            W    77                    0.033%            0.001%
25            W    76                    0.032%            0.001%
272           W    75                    0.032%            0.001%
376           R    72                    0.001%            0.001%
352           R    72                    0.001%            0.001%
408           R    71                    0.001%            0.001%
96            W    66                    0.028%            0.001%
368           R    66                    0.001%            0.001%
392           W    62                    0.026%            0.001%
112           W    60                    0.025%            0.001%
424           R    58                    0.001%            0.001%
120           W    56                    0.024%            0.001%
456           R    55                    0.001%            0.001%
472           R    54                    0.001%            0.001%
904           W    52                    0.022%            0.001%
712           W    52                    0.022%            0.001%
280           W    52                    0.022%            0.001%
27            W    52                    0.022%            0.001%
440           R    51                    0.001%            0.001%
888           W    50                    0.021%            0.001%
26            W    49                    0.021%            0.001%
136           W    48                    0.020%            0.001%
432           R    46                    0.001%            0.001%
744           W    45                    0.019%            0.001%
952           W    44                    0.019%            0.001%
728           W    44                    0.019%            0.001%
896           W    43                    0.018%            0.001%
48            W    43                    0.018%            0.001%
2             W    43                    0.018%            0.001%
416           R    42                    0.001%            0.001%
17            W    42                    0.018%            0.001%
11            W    42                    0.018%            0.001%
920           W    41                    0.017%            0.001%
31            W    41                    0.017%            0.001%
720           W    39                    0.017%            0.001%
400           R    39                    0.001%            0.001%
288           W    38                    0.016%            0.001%
528           W    36                    0.015%            0.001%
480           R    36                    0.001%            0.001%
448           R    36                    0.001%            0.001%
28            W    36                    0.015%            0.001%
33            W    33                    0.014%            0.000%
30            W    33                    0.014%            0.000%
488           R    32                    0.000%            0.000%
464           R    32                    0.000%            0.000%
40            W    31                    0.013%            0.000%
56            W    29                    0.012%            0.000%
504           R    27                    0.000%            0.000%
296           W    25                    0.011%            0.000%
912           W    24                    0.010%            0.000%
72            W    24                    0.010%            0.000%
29            W    24                    0.010%            0.000%
15            W    24                    0.010%            0.000%
10            W    24                    0.010%            0.000%
9             W    23                    0.010%            0.000%
432           W    23                    0.010%            0.000%
544           W    21                    0.009%            0.000%
928           W    18                    0.008%            0.000%
34            W    17                    0.007%            0.000%
304           W    17                    0.007%            0.000%
736           W    16                    0.007%            0.000%
496           R    16                    0.000%            0.000%
43            W    16                    0.007%            0.000%
312           W    16                    0.007%            0.000%
592           W    15                    0.006%            0.000%
176           W    15                    0.006%            0.000%
7             W    14                    0.006%            0.000%
320           W    14                    0.006%            0.000%
800           W    13                    0.006%            0.000%
536           W    13                    0.006%            0.000%
480           W    13                    0.006%            0.000%
38            W    13                    0.006%            0.000%
504           W    12                    0.005%            0.000%
47            W    12                    0.005%            0.000%
360           W    12                    0.005%            0.000%
344           W    12                    0.005%            0.000%
336           W    12                    0.005%            0.000%
192           W    12                    0.005%            0.000%
936           W    11                    0.005%            0.000%
784           W    11                    0.005%            0.000%
752           W    11                    0.005%            0.000%
576           W    11                    0.005%            0.000%
560           W    11                    0.005%            0.000%
472           W    11                    0.005%            0.000%
464           W    11                    0.005%            0.000%
440           W    11                    0.005%            0.000%
35            W    11                    0.005%            0.000%
808           W    10                    0.004%            0.000%
768           W    10                    0.004%            0.000%
760           W    10                    0.004%            0.000%
624           W    10                    0.004%            0.000%
46            W    10                    0.004%            0.000%
42            W    10                    0.004%            0.000%
4             W    10                    0.004%            0.000%
248           W    10                    0.004%            0.000%
128           W    10                    0.004%            0.000%
832           W    9                     0.004%            0.000%
792           W    9                     0.004%            0.000%
616           W    9                     0.004%            0.000%
6             W    9                     0.004%            0.000%
568           W    9                     0.004%            0.000%
488           W    9                     0.004%            0.000%
45            W    9                     0.004%            0.000%
44            W    9                     0.004%            0.000%
41            W    9                     0.004%            0.000%
168           W    9                     0.004%            0.000%
1008          W    9                     0.004%            0.000%
1000          W    9                     0.004%            0.000%
984           W    8                     0.003%            0.000%
976           W    8                     0.003%            0.000%
968           W    8                     0.003%            0.000%
960           W    8                     0.003%            0.000%
944           W    8                     0.003%            0.000%
880           W    8                     0.003%            0.000%
864           W    8                     0.003%            0.000%
376           W    8                     0.003%            0.000%
37            W    8                     0.003%            0.000%
368           W    8                     0.003%            0.000%
36            W    8                     0.003%            0.000%
352           W    8                     0.003%            0.000%
328           W    8                     0.003%            0.000%
184           W    8                     0.003%            0.000%
160           W    8                     0.003%            0.000%
104           W    8                     0.003%            0.000%
872           W    7                     0.003%            0.000%
816           W    7                     0.003%            0.000%
696           W    7                     0.003%            0.000%
672           W    7                     0.003%            0.000%
640           W    7                     0.003%            0.000%
632           W    7                     0.003%            0.000%
512           W    7                     0.003%            0.000%
50            W    7                     0.003%            0.000%
39            W    7                     0.003%            0.000%
224           W    7                     0.003%            0.000%
216           W    7                     0.003%            0.000%
144           W    7                     0.003%            0.000%
1             R    7                     0.000%            0.000%
88            W    6                     0.003%            0.000%
80            W    6                     0.003%            0.000%
776           W    6                     0.003%            0.000%
608           W    6                     0.003%            0.000%
600           W    6                     0.003%            0.000%
49            W    6                     0.003%            0.000%
456           W    6                     0.003%            0.000%
448           W    6                     0.003%            0.000%
240           W    6                     0.003%            0.000%
232           W    6                     0.003%            0.000%
200           W    6                     0.003%            0.000%
840           W    5                     0.002%            0.000%
704           W    5                     0.002%            0.000%
584           W    5                     0.002%            0.000%
5             W    5                     0.002%            0.000%
496           W    5                     0.002%            0.000%
256           W    5                     0.002%            0.000%
992           W    4                     0.002%            0.000%
848           W    4                     0.002%            0.000%
824           W    4                     0.002%            0.000%
680           W    4                     0.002%            0.000%
664           W    4                     0.002%            0.000%
656           W    4                     0.002%            0.000%
552           W    4                     0.002%            0.000%
520           W    4                     0.002%            0.000%
384           W    4                     0.002%            0.000%
152           W    4                     0.002%            0.000%
856           W    3                     0.001%            0.000%
51            W    3                     0.001%            0.000%
208           W    3                     0.001%            0.000%
648           W    2                     0.001%            0.000%
53            W    2                     0.001%            0.000%
688           W    1                     0.000%            0.000%
55            W    1                     0.000%            0.000%
54            W    1                     0.000%            0.000%
52            W    1                     0.000%            0.000%


SUMMARY (512-byte sectors)
----------------------------------------------------------------------
Total read I/Os : 6404959        [ 96.451%]
Total write I/Os: 235696         [  3.549%]
Total read sectors : 248253815   [ 55.234%,  121217.683MB]
Total write sectors: 201206037   [ 44.766%,   98245.135MB]
