[2018-11-30T16:28:36-08:00]
rchar: 60788975
wchar: 8745804
syscr: 5784
syscw: 1336
read_bytes: 114029056
write_bytes: 8781824
cancelled_write_bytes: 0

[2018-11-30T16:28:39-08:00]
rchar: 503804846
wchar: 328948763
syscr: 43346
syscw: 14834
read_bytes: 649094656
write_bytes: 329379840
cancelled_write_bytes: 0

[2018-11-30T16:28:42-08:00]
rchar: 869836450
wchar: 560807052
syscr: 87720
syscw: 35529
read_bytes: 1101395456
write_bytes: 561512448
cancelled_write_bytes: 0

[2018-11-30T16:28:45-08:00]
rchar: 1344133463
wchar: 864306395
syscr: 145214
syscw: 63103
read_bytes: 1678939648
write_bytes: 865357824
cancelled_write_bytes: 0

[2018-11-30T16:28:48-08:00]
rchar: 1375816020
wchar: 1039365538
syscr: 149062
syscw: 66473
read_bytes: 1722369536
write_bytes: 1040715776
cancelled_write_bytes: 0

[2018-11-30T16:28:51-08:00]
rchar: 2086580255
wchar: 1416449175
syscr: 235053
syscw: 85411
read_bytes: 2096772608
write_bytes: 1418268672
cancelled_write_bytes: 8192

[2018-11-30T16:28:54-08:00]
rchar: 2671269787
wchar: 1747464370
syscr: 305846
syscw: 100434
read_bytes: 2384463360
write_bytes: 1749762048
cancelled_write_bytes: 8192

[2018-11-30T16:28:57-08:00]
rchar: 3269822906
wchar: 1887495928
syscr: 378418
syscw: 127741
read_bytes: 2736002560
write_bytes: 1889878016
cancelled_write_bytes: 12288

[2018-11-30T16:29:00-08:00]
rchar: 3828134903
wchar: 2118912702
syscr: 446035
syscw: 145272
read_bytes: 2956117504
write_bytes: 2121596928
cancelled_write_bytes: 20480

[2018-11-30T16:29:03-08:00]
rchar: 5262919649
wchar: 2451903722
syscr: 620005
syscw: 190015
read_bytes: 3511043584
write_bytes: 2454876160
cancelled_write_bytes: 20480

[2018-11-30T16:29:06-08:00]
rchar: 5750260187
wchar: 2871215124
syscr: 678908
syscw: 191909
read_bytes: 3529193984
write_bytes: 2874912768
cancelled_write_bytes: 28672

[2018-11-30T16:29:09-08:00]
rchar: 6186426966
wchar: 3236695490
syscr: 731614
syscw: 193699
read_bytes: 3546356224
write_bytes: 3241005056
cancelled_write_bytes: 28672

[2018-11-30T16:29:12-08:00]
rchar: 6658021409
wchar: 3509860444
syscr: 788747
syscw: 204835
read_bytes: 3721673216
write_bytes: 3514519552
cancelled_write_bytes: 73728

[2018-11-30T16:29:15-08:00]
rchar: 7470612025
wchar: 3811675216
syscr: 887262
syscw: 235503
read_bytes: 4237744640
write_bytes: 3816615936
cancelled_write_bytes: 73728

[2018-11-30T16:29:18-08:00]
rchar: 7895444561
wchar: 3969602638
syscr: 938773
syscw: 251851
read_bytes: 4509407744
write_bytes: 3974701056
cancelled_write_bytes: 73728

[2018-11-30T16:29:21-08:00]
rchar: 8220269356
wchar: 4217536685
syscr: 978079
syscw: 260604
read_bytes: 4654066176
write_bytes: 4223021056
cancelled_write_bytes: 86016

[2018-11-30T16:29:24-08:00]
rchar: 9574417549
wchar: 4579992887
syscr: 1142253
syscw: 296476
read_bytes: 5231745536
write_bytes: 4585820160
cancelled_write_bytes: 86016

[2018-11-30T16:29:27-08:00]
rchar: 10307903295
wchar: 4819415660
syscr: 1231208
syscw: 314789
read_bytes: 5512612352
write_bytes: 4825518080
cancelled_write_bytes: 90112

[2018-11-30T16:29:30-08:00]
rchar: 10401289201
wchar: 5007189581
syscr: 1242452
syscw: 317267
read_bytes: 5548747264
write_bytes: 5013622784
cancelled_write_bytes: 102400

[2018-11-30T16:29:33-08:00]
rchar: 12078531824
wchar: 5349220565
syscr: 1445793
syscw: 352112
read_bytes: 6092319232
write_bytes: 5355966464
cancelled_write_bytes: 102400

[2018-11-30T16:29:36-08:00]
rchar: 13273658527
wchar: 5582914617
syscr: 1590689
syscw: 377527
read_bytes: 6483335680
write_bytes: 5589860352
cancelled_write_bytes: 102400

[2018-11-30T16:29:39-08:00]
rchar: 13349906318
wchar: 5763524901
syscr: 1599856
syscw: 379271
read_bytes: 6508145152
write_bytes: 5770792960
cancelled_write_bytes: 114688

[2018-11-30T16:29:42-08:00]
rchar: 15247687553
wchar: 6060635803
syscr: 1829945
syscw: 411156
read_bytes: 6996142592
write_bytes: 6068162560
cancelled_write_bytes: 114688

[2018-11-30T16:29:45-08:00]
rchar: 16855921538
wchar: 6312341249
syscr: 2024927
syscw: 439141
read_bytes: 7408429568
write_bytes: 6320078848
cancelled_write_bytes: 114688

[2018-11-30T16:29:48-08:00]
rchar: 17229474694
wchar: 6727954029
syscr: 2070141
syscw: 441485
read_bytes: 7440902656
write_bytes: 6736396288
cancelled_write_bytes: 122880

[2018-11-30T16:29:51-08:00]
rchar: 17572238923
wchar: 6990836374
syscr: 2111587
syscw: 442753
read_bytes: 7465257472
write_bytes: 6999711744
cancelled_write_bytes: 122880

[2018-11-30T16:29:54-08:00]
rchar: 18170967679
wchar: 7460462293
syscr: 2183950
syscw: 444629
read_bytes: 7501351424
write_bytes: 7470133248
cancelled_write_bytes: 122880

[2018-11-30T16:29:57-08:00]
rchar: 18692893717
wchar: 7765511027
syscr: 2247138
syscw: 453573
read_bytes: 7698180608
write_bytes: 7775641600
cancelled_write_bytes: 122880

[2018-11-30T16:30:00-08:00]
rchar: 19264868973
wchar: 8086909737
syscr: 2316469
syscw: 467811
read_bytes: 8023730688
write_bytes: 8097431552
cancelled_write_bytes: 122880

[2018-11-30T16:30:03-08:00]
rchar: 19953291601
wchar: 8440563392
syscr: 2399907
syscw: 487105
read_bytes: 8450230784
write_bytes: 8451522560
cancelled_write_bytes: 122880

[2018-11-30T16:30:06-08:00]
rchar: 20503244230
wchar: 8725821186
syscr: 2466576
syscw: 502502
read_bytes: 8792599040
write_bytes: 8737140736
cancelled_write_bytes: 122880

[2018-11-30T16:30:09-08:00]
rchar: 21222761800
wchar: 9166148104
syscr: 2553725
syscw: 518257
read_bytes: 9126849024
write_bytes: 9178087424
cancelled_write_bytes: 135168

[2018-11-30T16:30:12-08:00]
rchar: 22008950999
wchar: 9490781727
syscr: 2649038
syscw: 534610
read_bytes: 9475521024
write_bytes: 9503113216
cancelled_write_bytes: 135168

[2018-11-30T16:30:15-08:00]
rchar: 23244155433
wchar: 9912235227
syscr: 2798774
syscw: 563327
read_bytes: 9916058112
write_bytes: 9925038080
cancelled_write_bytes: 135168

[2018-11-30T16:30:18-08:00]
rchar: 23790241728
wchar: 10177337239
syscr: 2864907
syscw: 575537
read_bytes: 10072144384
write_bytes: 10190548992
cancelled_write_bytes: 143360

[2018-11-30T16:30:21-08:00]
rchar: 25849206418
wchar: 10538266603
syscr: 3114538
syscw: 617904
read_bytes: 10626193920
write_bytes: 10551771136
cancelled_write_bytes: 143360

[2018-11-30T16:30:24-08:00]
rchar: 26547787901
wchar: 10814369979
syscr: 3199157
syscw: 631631
read_bytes: 10796546560
write_bytes: 10828292096
cancelled_write_bytes: 151552

[2018-11-30T16:30:27-08:00]
rchar: 29233800253
wchar: 11185382152
syscr: 3524813
syscw: 676242
read_bytes: 11361012224
write_bytes: 11199602688
cancelled_write_bytes: 151552

[2018-11-30T16:30:30-08:00]
rchar: 29936981017
wchar: 11374361612
syscr: 3610063
syscw: 686564
read_bytes: 11472644608
write_bytes: 11388813312
cancelled_write_bytes: 151552

[2018-11-30T16:30:33-08:00]
rchar: 30261710719
wchar: 11780053785
syscr: 3649358
syscw: 688395
read_bytes: 11487836672
write_bytes: 11795173376
cancelled_write_bytes: 159744

[2018-11-30T16:30:36-08:00]
rchar: 30826909976
wchar: 12241154793
syscr: 3717870
syscw: 690011
read_bytes: 11522632192
write_bytes: 12257038336
cancelled_write_bytes: 159744

[2018-11-30T16:30:39-08:00]
rchar: 31335384130
wchar: 12653536914
syscr: 3779509
syscw: 691655
read_bytes: 11564587520
write_bytes: 12670074880
cancelled_write_bytes: 159744

[2018-11-30T16:30:42-08:00]
rchar: 31776387594
wchar: 12925066511
syscr: 3832668
syscw: 697472
read_bytes: 11764427264
write_bytes: 12941979648
cancelled_write_bytes: 159744

[2018-11-30T16:30:45-08:00]
rchar: 32360829161
wchar: 13255416857
syscr: 3903521
syscw: 707155
read_bytes: 12036352512
write_bytes: 13272801280
cancelled_write_bytes: 159744

[2018-11-30T16:30:48-08:00]
rchar: 32965948319
wchar: 13555725218
syscr: 3976868
syscw: 718882
read_bytes: 12312504832
write_bytes: 13573496832
cancelled_write_bytes: 159744

[2018-11-30T16:30:51-08:00]
rchar: 33615615073
wchar: 13871759865
syscr: 4055618
syscw: 731687
read_bytes: 12612016640
write_bytes: 13889921024
cancelled_write_bytes: 159744

[2018-11-30T16:30:54-08:00]
rchar: 34448835764
wchar: 14274743643
syscr: 4156618
syscw: 748313
read_bytes: 12998564352
write_bytes: 14293417984
cancelled_write_bytes: 159744

[2018-11-30T16:30:57-08:00]
rchar: 34665181691
wchar: 14540419322
syscr: 4182800
syscw: 752707
read_bytes: 13094701568
write_bytes: 14559535104
cancelled_write_bytes: 159744

[2018-11-30T16:31:00-08:00]
rchar: 35529313929
wchar: 14885794853
syscr: 4287553
syscw: 766507
read_bytes: 13406145024
write_bytes: 14905364480
cancelled_write_bytes: 167936

[2018-11-30T16:31:03-08:00]
rchar: 36668427531
wchar: 15334401385
syscr: 4425642
syscw: 785094
read_bytes: 13825473024
write_bytes: 15355260928
cancelled_write_bytes: 167936

[2018-11-30T16:31:06-08:00]
rchar: 37571379844
wchar: 15690016671
syscr: 4535100
syscw: 800230
read_bytes: 14151223808
write_bytes: 15710597120
cancelled_write_bytes: 167936

[2018-11-30T16:31:09-08:00]
rchar: 38345080507
wchar: 15951849837
syscr: 4628889
syscw: 814244
read_bytes: 14409390592
write_bytes: 15972753408
cancelled_write_bytes: 167936

[2018-11-30T16:31:12-08:00]
rchar: 39534416091
wchar: 16336770131
syscr: 4773008
syscw: 834033
read_bytes: 14668106240
write_bytes: 16358223872
cancelled_write_bytes: 176128

[2018-11-30T16:31:15-08:00]
rchar: 41751625507
wchar: 16650777959
syscr: 5041834
syscw: 871807
read_bytes: 15080487424
write_bytes: 16672481280
cancelled_write_bytes: 176128

[2018-11-30T16:31:18-08:00]
rchar: 42375090073
wchar: 17021237326
syscr: 5117361
syscw: 879154
read_bytes: 15155710464
write_bytes: 17043542016
cancelled_write_bytes: 184320

[2018-11-30T16:31:21-08:00]
rchar: 42960124566
wchar: 17477582856
syscr: 5188175
syscw: 881240
read_bytes: 15194515968
write_bytes: 17500631040
cancelled_write_bytes: 184320

[2018-11-30T16:31:24-08:00]
rchar: 43522108951
wchar: 17922027878
syscr: 5256133
syscw: 883203
read_bytes: 15232309760
write_bytes: 17945772032
cancelled_write_bytes: 184320

[2018-11-30T16:31:27-08:00]
rchar: 44085567147
wchar: 18370721261
syscr: 5324331
syscw: 885096
read_bytes: 15267125760
write_bytes: 18395189248
cancelled_write_bytes: 184320

[2018-11-30T16:31:30-08:00]
rchar: 44611756178
wchar: 18781727690
syscr: 5387966
syscw: 886888
read_bytes: 15302560256
write_bytes: 18806870016
cancelled_write_bytes: 184320

[2018-11-30T16:31:33-08:00]
rchar: 45112866014
wchar: 19078274525
syscr: 5448665
syscw: 896049
read_bytes: 15545391616
write_bytes: 19103830016
cancelled_write_bytes: 184320

[2018-11-30T16:31:36-08:00]
rchar: 45619122547
wchar: 19393716225
syscr: 5510010
syscw: 905700
read_bytes: 15795472896
write_bytes: 19419717632
cancelled_write_bytes: 184320

[2018-11-30T16:31:39-08:00]
rchar: 46286724031
wchar: 19805710347
syscr: 5590938
syscw: 918821
read_bytes: 16086182400
write_bytes: 19832238080
cancelled_write_bytes: 184320

[2018-11-30T16:31:42-08:00]
rchar: 47008423374
wchar: 20206647383
syscr: 5678416
syscw: 935191
read_bytes: 16458922496
write_bytes: 20233670656
cancelled_write_bytes: 184320

[2018-11-30T16:31:45-08:00]
rchar: 47092678495
wchar: 20416762009
syscr: 5688637
syscw: 937283
read_bytes: 16503470592
write_bytes: 20444151808
cancelled_write_bytes: 184320

[2018-11-30T16:31:48-08:00]
rchar: 47752007507
wchar: 20732716416
syscr: 5768464
syscw: 948278
read_bytes: 16749828608
write_bytes: 20760547328
cancelled_write_bytes: 192512

[2018-11-30T16:31:51-08:00]
rchar: 48545995328
wchar: 21130790335
syscr: 5864706
syscw: 961319
read_bytes: 17025952256
write_bytes: 21159133184
cancelled_write_bytes: 192512

[2018-11-30T16:31:54-08:00]
rchar: 49519643266
wchar: 21544054353
syscr: 5982736
syscw: 979654
read_bytes: 17391041024
write_bytes: 21572931584
cancelled_write_bytes: 192512

[2018-11-30T16:31:57-08:00]
rchar: 50270093589
wchar: 21803648950
syscr: 6073708
syscw: 995660
read_bytes: 17646955008
write_bytes: 21832822784
cancelled_write_bytes: 192512

[2018-11-30T16:32:00-08:00]
rchar: 50715477881
wchar: 22072364602
syscr: 6127636
syscw: 1003797
read_bytes: 17758042624
write_bytes: 22101975040
cancelled_write_bytes: 200704

[2018-11-30T16:32:03-08:00]
rchar: 52102650246
wchar: 22381017994
syscr: 6295796
syscw: 1028646
read_bytes: 18070792704
write_bytes: 22410960896
cancelled_write_bytes: 200704

[2018-11-30T16:32:06-08:00]
rchar: 53416305634
wchar: 22619089467
syscr: 6455081
syscw: 1054197
read_bytes: 18292169216
write_bytes: 22650163200
cancelled_write_bytes: 200704

[2018-11-30T16:32:09-08:00]
rchar: 54558363346
wchar: 22871260044
syscr: 6593472
syscw: 1071939
read_bytes: 18458577408
write_bytes: 22901743616
cancelled_write_bytes: 208896

[2018-11-30T16:32:12-08:00]
rchar: 55532565987
wchar: 23277459230
syscr: 6711562
syscw: 1081820
read_bytes: 18543094272
write_bytes: 23308509184
cancelled_write_bytes: 208896

[2018-11-30T16:32:15-08:00]
rchar: 57139885625
wchar: 23521941137
syscr: 6906442
syscw: 1106957
read_bytes: 18777238016
write_bytes: 23553241088
cancelled_write_bytes: 208896

[2018-11-30T16:32:18-08:00]
rchar: 57824791969
wchar: 24152177615
syscr: 6989421
syscw: 1110013
read_bytes: 18812660224
write_bytes: 24184487936
cancelled_write_bytes: 217088

[2018-11-30T16:32:21-08:00]
rchar: 58389766130
wchar: 24593652365
syscr: 7057886
syscw: 1112058
read_bytes: 18844686848
write_bytes: 24626671616
cancelled_write_bytes: 217088

[2018-11-30T16:32:24-08:00]
rchar: 59068535233
wchar: 25134366437
syscr: 7140148
syscw: 1114353
read_bytes: 18880457216
write_bytes: 25168236544
cancelled_write_bytes: 217088

[2018-11-30T16:32:27-08:00]
rchar: 59534760574
wchar: 25509417099
syscr: 7196663
syscw: 1115976
read_bytes: 18905741824
write_bytes: 25543872512
cancelled_write_bytes: 217088

[2018-11-30T16:32:30-08:00]
rchar: 60126011835
wchar: 25997220932
syscr: 7268014
syscw: 1118276
read_bytes: 18947717632
write_bytes: 26032427008
cancelled_write_bytes: 217088

[2018-11-30T16:32:33-08:00]
rchar: 60656686416
wchar: 26372030481
syscr: 7332330
syscw: 1123763
read_bytes: 19075676672
write_bytes: 26407780352
cancelled_write_bytes: 217088

[2018-11-30T16:32:36-08:00]
rchar: 61168896792
wchar: 26697374955
syscr: 7394391
syscw: 1130632
read_bytes: 19225721344
write_bytes: 26733613056
cancelled_write_bytes: 217088

[2018-11-30T16:32:39-08:00]
rchar: 62039093356
wchar: 27049704193
syscr: 7499870
syscw: 1149249
read_bytes: 19517565440
write_bytes: 27086389248
cancelled_write_bytes: 217088

[2018-11-30T16:32:42-08:00]
rchar: 62842329781
wchar: 27384382782
syscr: 7597250
syscw: 1166008
read_bytes: 19750021632
write_bytes: 27421487104
cancelled_write_bytes: 217088

[2018-11-30T16:32:45-08:00]
rchar: 62953520555
wchar: 27584111705
syscr: 7610730
syscw: 1168702
read_bytes: 19781941760
write_bytes: 27621572608
cancelled_write_bytes: 217088

[2018-11-30T16:32:48-08:00]
rchar: 64287618071
wchar: 27907746088
syscr: 7772392
syscw: 1192761
read_bytes: 20046375424
write_bytes: 27945578496
cancelled_write_bytes: 225280

[2018-11-30T16:32:51-08:00]
rchar: 66082841705
wchar: 28349585285
syscr: 7990065
syscw: 1220531
read_bytes: 20276476416
write_bytes: 28387913728
cancelled_write_bytes: 225280

[2018-11-30T16:32:54-08:00]
rchar: 66462103236
wchar: 28770104214
syscr: 8035869
syscw: 1222738
read_bytes: 20287736320
write_bytes: 28809138176
cancelled_write_bytes: 225280

[2018-11-30T16:32:57-08:00]
rchar: 66825144869
wchar: 29082412930
syscr: 8079722
syscw: 1224795
read_bytes: 20298021376
write_bytes: 29121994752
cancelled_write_bytes: 233472

[2018-11-30T16:33:00-08:00]
rchar: 67224194286
wchar: 29378774997
syscr: 8127956
syscw: 1226716
read_bytes: 20307671552
write_bytes: 29418860544
cancelled_write_bytes: 233472

[2018-11-30T16:33:03-08:00]
rchar: 67732363540
wchar: 29614361552
syscr: 8189486
syscw: 1233926
read_bytes: 20348742144
write_bytes: 29654802432
cancelled_write_bytes: 233472

[2018-11-30T16:33:06-08:00]
rchar: 68220640009
wchar: 29965236509
syscr: 8248658
syscw: 1237684
read_bytes: 20369926656
write_bytes: 30006181888
cancelled_write_bytes: 233472

[2018-11-30T16:33:09-08:00]
rchar: 68603326317
wchar: 30212953061
syscr: 8295036
syscw: 1241488
read_bytes: 20391954944
write_bytes: 30254264320
cancelled_write_bytes: 233472

[2018-11-30T16:33:12-08:00]
rchar: 70201603802
wchar: 30561775594
syscr: 8488823
syscw: 1273794
read_bytes: 20675000832
write_bytes: 30603395072
cancelled_write_bytes: 237568

[2018-11-30T16:33:15-08:00]
rchar: 70332585420
wchar: 30792494211
syscr: 8504700
syscw: 1275601
read_bytes: 20684356096
write_bytes: 30834520064
cancelled_write_bytes: 237568

[2018-11-30T16:33:18-08:00]
rchar: 71259116954
wchar: 31109451207
syscr: 8616944
syscw: 1287682
read_bytes: 20782144000
write_bytes: 31151886336
cancelled_write_bytes: 253952

[2018-11-30T16:33:21-08:00]
rchar: 72746190754
wchar: 31508699762
syscr: 8797231
syscw: 1309578
read_bytes: 20959013376
write_bytes: 31551619072
cancelled_write_bytes: 258048

[2018-11-30T16:33:24-08:00]
rchar: 73818220149
wchar: 31827948094
syscr: 8927210
syscw: 1327380
read_bytes: 21113092608
write_bytes: 31871279104
cancelled_write_bytes: 258048

[2018-11-30T16:33:27-08:00]
rchar: 74307776668
wchar: 32209913657
syscr: 8986495
syscw: 1329618
read_bytes: 21140355584
write_bytes: 32253804544
cancelled_write_bytes: 266240

[2018-11-30T16:33:30-08:00]
rchar: 74646112912
wchar: 32477132837
syscr: 9027485
syscw: 1331067
read_bytes: 21165541888
write_bytes: 32521428992
cancelled_write_bytes: 266240

[2018-11-30T16:33:33-08:00]
rchar: 75295812560
wchar: 32771585159
syscr: 9106241
syscw: 1337759
read_bytes: 21319145984
write_bytes: 32816267264
cancelled_write_bytes: 266240

[2018-11-30T16:33:36-08:00]
rchar: 76157182596
wchar: 33078774142
syscr: 9210663
syscw: 1348024
read_bytes: 21558872576
write_bytes: 33123852288
cancelled_write_bytes: 266240

[2018-11-30T16:33:39-08:00]
rchar: 76958390440
wchar: 33526506734
syscr: 9307768
syscw: 1354803
read_bytes: 21710760448
write_bytes: 33572229120
cancelled_write_bytes: 266240

[2018-11-30T16:33:42-08:00]
rchar: 78110785491
wchar: 33971907685
syscr: 9447482
syscw: 1368480
read_bytes: 22047689216
write_bytes: 34018209792
cancelled_write_bytes: 266240

[2018-11-30T16:33:45-08:00]
rchar: 78781549171
wchar: 34387171560
syscr: 9528786
syscw: 1373398
read_bytes: 22158469632
write_bytes: 34434134016
cancelled_write_bytes: 266240

[2018-11-30T16:33:48-08:00]
rchar: 79294576691
wchar: 34822711269
syscr: 9590846
syscw: 1374839
read_bytes: 22194907648
write_bytes: 34870407168
cancelled_write_bytes: 266240

[2018-11-30T16:33:51-08:00]
rchar: 79830594240
wchar: 35258943868
syscr: 9655665
syscw: 1376569
read_bytes: 22233385472
write_bytes: 35307372544
cancelled_write_bytes: 266240

[2018-11-30T16:33:54-08:00]
rchar: 80142586599
wchar: 35507112613
syscr: 9693399
syscw: 1377771
read_bytes: 22260488704
write_bytes: 35555954688
cancelled_write_bytes: 266240

[2018-11-30T16:33:57-08:00]
rchar: 80514950972
wchar: 35750369783
syscr: 9738443
syscw: 1382414
read_bytes: 22394165760
write_bytes: 35799597056
cancelled_write_bytes: 266240

[2018-11-30T16:34:00-08:00]
rchar: 80988262140
wchar: 36046744068
syscr: 9795837
syscw: 1390030
read_bytes: 22613539328
write_bytes: 36096356352
cancelled_write_bytes: 266240

[2018-11-30T16:34:03-08:00]
rchar: 81107165739
wchar: 36280746503
syscr: 9810179
syscw: 1391779
read_bytes: 22666336768
write_bytes: 36330766336
cancelled_write_bytes: 278528

[2018-11-30T16:34:06-08:00]
rchar: 81705783038
wchar: 36588364626
syscr: 9882723
syscw: 1399906
read_bytes: 22893726208
write_bytes: 36638822400
cancelled_write_bytes: 278528

[2018-11-30T16:34:09-08:00]
rchar: 82468750323
wchar: 37001860134
syscr: 9975211
syscw: 1409853
read_bytes: 23164140032
write_bytes: 37052850176
cancelled_write_bytes: 278528

[2018-11-30T16:34:12-08:00]
rchar: 82892748278
wchar: 37267107445
syscr: 10026568
syscw: 1414582
read_bytes: 23276743168
write_bytes: 37318504448
cancelled_write_bytes: 278528

[2018-11-30T16:34:15-08:00]
rchar: 83599439156
wchar: 37615440090
syscr: 10112243
syscw: 1425071
read_bytes: 23506008576
write_bytes: 37667295232
cancelled_write_bytes: 278528

[2018-11-30T16:34:18-08:00]
rchar: 84325218504
wchar: 37986695985
syscr: 10200222
syscw: 1435618
read_bytes: 23743056384
write_bytes: 38039027712
cancelled_write_bytes: 278528

[2018-11-30T16:34:21-08:00]
rchar: 85024250207
wchar: 38318784014
syscr: 10284936
syscw: 1446516
read_bytes: 23966394880
write_bytes: 38372904960
cancelled_write_bytes: 278528

[2018-11-30T16:34:24-08:00]
rchar: 85459080331
wchar: 38513695808
syscr: 10337643
syscw: 1453609
read_bytes: 24108771840
write_bytes: 38566719488
cancelled_write_bytes: 278528

[2018-11-30T16:34:27-08:00]
rchar: 85910857022
wchar: 39030801017
syscr: 10392359
syscw: 1456274
read_bytes: 24151416320
write_bytes: 39084630016
cancelled_write_bytes: 286720

[2018-11-30T16:34:30-08:00]
rchar: 86372798533
wchar: 39407948181
syscr: 10448327
syscw: 1458194
read_bytes: 24182423040
write_bytes: 39462359040
cancelled_write_bytes: 286720

[2018-11-30T16:34:33-08:00]
rchar: 86898529204
wchar: 39843064663
syscr: 10512027
syscw: 1460218
read_bytes: 24214887936
write_bytes: 39898165248
cancelled_write_bytes: 286720

[2018-11-30T16:34:36-08:00]
rchar: 87461997192
wchar: 40172312249
syscr: 10580324
syscw: 1465738
read_bytes: 24323399168
write_bytes: 40227909632
cancelled_write_bytes: 286720

[2018-11-30T16:34:39-08:00]
rchar: 88516424119
wchar: 40662496843
syscr: 10708133
syscw: 1478893
read_bytes: 24580681216
write_bytes: 40718753792
cancelled_write_bytes: 286720

[2018-11-30T16:34:42-08:00]
rchar: 89090821014
wchar: 41010206424
syscr: 10777736
syscw: 1484109
read_bytes: 24669249024
write_bytes: 41066979328
cancelled_write_bytes: 286720

[2018-11-30T16:34:45-08:00]
rchar: 89791019365
wchar: 41398229048
syscr: 10862590
syscw: 1491331
read_bytes: 24777588224
write_bytes: 41455566848
cancelled_write_bytes: 286720

[2018-11-30T16:34:48-08:00]
rchar: 90897736490
wchar: 41758347317
syscr: 10996767
syscw: 1508442
read_bytes: 25011318272
write_bytes: 41816125440
cancelled_write_bytes: 286720

[2018-11-30T16:34:51-08:00]
rchar: 91493297375
wchar: 42058145397
syscr: 11068954
syscw: 1518469
read_bytes: 25139973632
write_bytes: 42116349952
cancelled_write_bytes: 286720

[2018-11-30T16:34:54-08:00]
rchar: 92294925165
wchar: 42293338041
syscr: 11166059
syscw: 1529283
read_bytes: 25273060864
write_bytes: 42352885760
cancelled_write_bytes: 294912

[2018-11-30T16:34:57-08:00]
rchar: 93913656182
wchar: 42635714937
syscr: 11362298
syscw: 1551769
read_bytes: 25540054528
write_bytes: 42695639040
cancelled_write_bytes: 294912

[2018-11-30T16:35:00-08:00]
rchar: 95441046150
wchar: 42939843463
syscr: 11547475
syscw: 1572928
read_bytes: 25778687488
write_bytes: 43000094720
cancelled_write_bytes: 294912

[2018-11-30T16:35:03-08:00]
rchar: 95892462174
wchar: 43354613344
syscr: 11602143
syscw: 1576606
read_bytes: 25810832896
write_bytes: 43416076288
cancelled_write_bytes: 303104

[2018-11-30T16:35:06-08:00]
rchar: 96512843909
wchar: 43805467345
syscr: 11677218
syscw: 1579108
read_bytes: 25840029184
write_bytes: 43867144192
cancelled_write_bytes: 303104

[2018-11-30T16:35:09-08:00]
rchar: 97103240445
wchar: 44243204505
syscr: 11748601
syscw: 1581417
read_bytes: 25867382272
write_bytes: 44305604608
cancelled_write_bytes: 303104

[2018-11-30T16:35:12-08:00]
rchar: 97646366123
wchar: 44626583572
syscr: 11814272
syscw: 1583833
read_bytes: 25897885184
write_bytes: 44689629184
cancelled_write_bytes: 303104

[2018-11-30T16:35:15-08:00]
rchar: 98410064725
wchar: 44971389920
syscr: 11906826
syscw: 1600551
read_bytes: 26146569728
write_bytes: 45034876928
cancelled_write_bytes: 303104

[2018-11-30T16:35:18-08:00]
rchar: 99191856781
wchar: 45349662453
syscr: 12001586
syscw: 1617210
read_bytes: 26375732736
write_bytes: 45413625856
cancelled_write_bytes: 303104

[2018-11-30T16:35:21-08:00]
rchar: 99962386414
wchar: 45674224080
syscr: 12095001
syscw: 1635512
read_bytes: 26613472768
write_bytes: 45738557440
cancelled_write_bytes: 303104

[2018-11-30T16:35:24-08:00]
rchar: 100366753492
wchar: 46065913139
syscr: 12143930
syscw: 1641037
read_bytes: 26677374464
write_bytes: 46130876416
cancelled_write_bytes: 311296

[2018-11-30T16:35:27-08:00]
rchar: 100909115557
wchar: 46463502158
syscr: 12209679
syscw: 1644992
read_bytes: 26712141312
write_bytes: 46529019904
cancelled_write_bytes: 311296

[2018-11-30T16:35:30-08:00]
rchar: 102582481188
wchar: 47012990714
syscr: 12412538
syscw: 1674964
read_bytes: 27041865216
write_bytes: 47079145472
cancelled_write_bytes: 311296

[2018-11-30T16:35:33-08:00]
rchar: 103391132627
wchar: 47311720182
syscr: 12510581
syscw: 1691846
read_bytes: 27181125120
write_bytes: 47378247680
cancelled_write_bytes: 311296

[2018-11-30T16:35:36-08:00]
rchar: 106206520114
wchar: 47844983417
syscr: 12851845
syscw: 1732809
read_bytes: 27534536192
write_bytes: 47912042496
cancelled_write_bytes: 319488

[2018-11-30T16:35:39-08:00]
rchar: 106513778155
wchar: 48043015122
syscr: 12889095
syscw: 1737975
read_bytes: 27572092416
write_bytes: 48110395392
cancelled_write_bytes: 319488

[2018-11-30T16:35:42-08:00]
rchar: 110096448856
wchar: 48506437979
syscr: 13323396
syscw: 1780622
read_bytes: 27933134336
write_bytes: 48574185472
cancelled_write_bytes: 327680

[2018-11-30T16:35:45-08:00]
rchar: 110708844168
wchar: 49007453872
syscr: 13397583
syscw: 1785140
read_bytes: 27959193088
write_bytes: 49076563968
cancelled_write_bytes: 335872

[2018-11-30T16:35:48-08:00]
rchar: 111597548160
wchar: 49624273240
syscr: 13505262
syscw: 1789262
read_bytes: 27977670144
write_bytes: 49693745152
cancelled_write_bytes: 335872

[2018-11-30T16:35:51-08:00]
rchar: 112284769483
wchar: 50108058065
syscr: 13588598
syscw: 1792353
read_bytes: 27992464896
write_bytes: 50178265088
cancelled_write_bytes: 335872

[2018-11-30T16:35:54-08:00]
rchar: 112910917117
wchar: 50529433022
syscr: 13664451
syscw: 1795521
read_bytes: 28007239168
write_bytes: 50600300544
cancelled_write_bytes: 335872

[2018-11-30T16:35:57-08:00]
rchar: 113520570837
wchar: 50954842628
syscr: 13738370
syscw: 1798292
read_bytes: 28021411328
write_bytes: 51026374656
cancelled_write_bytes: 335872

[2018-11-30T16:36:00-08:00]
rchar: 114107291670
wchar: 51359198649
syscr: 13809458
syscw: 1801089
read_bytes: 28036083200
write_bytes: 51431346176
cancelled_write_bytes: 335872

[2018-11-30T16:36:03-08:00]
rchar: 115072264783
wchar: 52047350195
syscr: 13926418
syscw: 1805342
read_bytes: 28057562624
write_bytes: 52120555520
cancelled_write_bytes: 339968

[2018-11-30T16:36:06-08:00]
rchar: 115582929469
wchar: 52432343593
syscr: 13987980
syscw: 1807408
read_bytes: 28068822528
write_bytes: 52506165248
cancelled_write_bytes: 339968

[2018-11-30T16:36:09-08:00]
rchar: 116200265976
wchar: 52918468789
syscr: 14062799
syscw: 1811509
read_bytes: 28092898816
write_bytes: 52993036288
cancelled_write_bytes: 339968

[2018-11-30T16:36:12-08:00]
rchar: 117389702664
wchar: 53365749614
syscr: 14206981
syscw: 1832917
read_bytes: 28262010368
write_bytes: 53440847872
cancelled_write_bytes: 339968

[2018-11-30T16:36:15-08:00]
rchar: 117771872740
wchar: 53771055514
syscr: 14253298
syscw: 1837327
read_bytes: 28287700480
write_bytes: 53846814720
cancelled_write_bytes: 339968

[2018-11-30T16:36:18-08:00]
rchar: 120424652182
wchar: 54202105438
syscr: 14574862
syscw: 1877428
read_bytes: 28613639680
write_bytes: 54278217728
cancelled_write_bytes: 348160

[2018-11-30T16:36:21-08:00]
rchar: 121083059000
wchar: 54755446668
syscr: 14654636
syscw: 1883218
read_bytes: 28647378432
write_bytes: 54832377856
cancelled_write_bytes: 356352

[2018-11-30T16:36:24-08:00]
rchar: 121645750809
wchar: 55178847800
syscr: 14722718
syscw: 1885878
read_bytes: 28664798720
write_bytes: 55256449024
cancelled_write_bytes: 356352

[2018-11-30T16:36:27-08:00]
rchar: 122270679057
wchar: 55644215671
syscr: 14798402
syscw: 1888843
read_bytes: 28684508672
write_bytes: 55722520576
cancelled_write_bytes: 356352

[2018-11-30T16:36:30-08:00]
rchar: 123033993021
wchar: 56210334921
syscr: 14890811
syscw: 1892633
read_bytes: 28709334528
write_bytes: 56289521664
cancelled_write_bytes: 356352

[2018-11-30T16:36:33-08:00]
rchar: 123756221657
wchar: 56740071216
syscr: 14978186
syscw: 1896403
read_bytes: 28738186752
write_bytes: 56820105216
cancelled_write_bytes: 356352

[2018-11-30T16:36:36-08:00]
rchar: 124209850854
wchar: 57076150212
syscr: 15033102
syscw: 1898692
read_bytes: 28755701248
write_bytes: 57156730880
cancelled_write_bytes: 356352

[2018-11-30T16:36:39-08:00]
rchar: 125410621000
wchar: 57646317010
syscr: 15178623
syscw: 1921261
read_bytes: 29021560320
write_bytes: 57727631360
cancelled_write_bytes: 356352

[2018-11-30T16:36:42-08:00]
rchar: 126198723528
wchar: 57977749470
syscr: 15274163
syscw: 1939400
read_bytes: 29236588032
write_bytes: 58059444224
cancelled_write_bytes: 356352

[2018-11-30T16:36:45-08:00]
rchar: 127244471355
wchar: 58470896781
syscr: 15400867
syscw: 1958484
read_bytes: 29430615552
write_bytes: 58553303040
cancelled_write_bytes: 364544

[2018-11-30T16:36:48-08:00]
rchar: 128504787831
wchar: 58859495717
syscr: 15553647
syscw: 1981442
read_bytes: 29654781440
write_bytes: 58942357504
cancelled_write_bytes: 364544

[2018-11-30T16:36:51-08:00]
rchar: 129508931380
wchar: 59421752211
syscr: 15675327
syscw: 1997200
read_bytes: 29805108736
write_bytes: 59506712576
cancelled_write_bytes: 372736

[2018-11-30T16:36:54-08:00]
rchar: 130039067833
wchar: 59818632164
syscr: 15739612
syscw: 2000052
read_bytes: 29824470528
write_bytes: 59902849024
cancelled_write_bytes: 372736

[2018-11-30T16:36:57-08:00]
rchar: 131012476896
wchar: 60560950062
syscr: 15857519
syscw: 2004772
read_bytes: 29857902080
write_bytes: 60646281216
cancelled_write_bytes: 372736

[2018-11-30T16:37:00-08:00]
rchar: 131546766404
wchar: 60964719762
syscr: 15922297
syscw: 2007516
read_bytes: 29875764736
write_bytes: 61050642432
cancelled_write_bytes: 372736

[2018-11-30T16:37:03-08:00]
rchar: 132515440381
wchar: 61687465071
syscr: 16039671
syscw: 2012936
read_bytes: 29909560832
write_bytes: 61774909440
cancelled_write_bytes: 372736

[2018-11-30T16:37:06-08:00]
rchar: 132945577912
wchar: 62015688716
syscr: 16091802
syscw: 2015412
read_bytes: 29926198784
write_bytes: 62103212032
cancelled_write_bytes: 372736

[2018-11-30T16:37:09-08:00]
rchar: 133856806035
wchar: 62637601302
syscr: 16202213
syscw: 2022248
read_bytes: 29974167040
write_bytes: 62726074368
cancelled_write_bytes: 372736

[2018-11-30T16:37:12-08:00]
rchar: 135647089878
wchar: 63070032340
syscr: 16419252
syscw: 2049981
read_bytes: 30231494144
write_bytes: 63158976512
cancelled_write_bytes: 372736

[2018-11-30T16:37:15-08:00]
rchar: 136377245579
wchar: 63373173051
syscr: 16507705
syscw: 2060097
read_bytes: 30311988736
write_bytes: 63462580224
cancelled_write_bytes: 380928

[2018-11-30T16:37:18-08:00]
rchar: 139302468567
wchar: 63806840159
syscr: 16862363
syscw: 2092734
read_bytes: 30596095488
write_bytes: 63896629248
cancelled_write_bytes: 380928

[2018-11-30T16:37:21-08:00]
rchar: 139945162846
wchar: 64294913606
syscr: 16940219
syscw: 2097996
read_bytes: 30622998016
write_bytes: 64385777664
cancelled_write_bytes: 389120

[2018-11-30T16:37:24-08:00]
rchar: 140739197902
wchar: 64809326761
syscr: 17036330
syscw: 2102212
read_bytes: 30642834944
write_bytes: 64900702208
cancelled_write_bytes: 389120

[2018-11-30T16:37:27-08:00]
rchar: 141616868278
wchar: 65380264917
syscr: 17142592
syscw: 2106907
read_bytes: 30670405120
write_bytes: 65472532480
cancelled_write_bytes: 389120

[2018-11-30T16:37:30-08:00]
rchar: 142174864845
wchar: 65747692965
syscr: 17210100
syscw: 2109806
read_bytes: 30688763392
write_bytes: 65840545792
cancelled_write_bytes: 389120

[2018-11-30T16:37:33-08:00]
rchar: 142880717236
wchar: 66198800129
syscr: 17295521
syscw: 2113796
read_bytes: 30715686400
write_bytes: 66292387840
cancelled_write_bytes: 389120

[2018-11-30T16:37:36-08:00]
rchar: 144153994238
wchar: 66660220192
syscr: 17449847
syscw: 2142830
read_bytes: 31011810816
write_bytes: 66754330624
cancelled_write_bytes: 389120

[2018-11-30T16:37:39-08:00]
rchar: 144503185451
wchar: 66924644473
syscr: 17492196
syscw: 2151499
read_bytes: 31096888832
write_bytes: 67019137024
cancelled_write_bytes: 389120

[2018-11-30T16:37:42-08:00]
rchar: 146287261836
wchar: 67434934688
syscr: 17708406
syscw: 2184737
read_bytes: 31408201216
write_bytes: 67529998336
cancelled_write_bytes: 397312

[2018-11-30T16:37:45-08:00]
rchar: 147227442683
wchar: 67673285747
syscr: 17822402
syscw: 2203321
read_bytes: 31562493440
write_bytes: 67768590336
cancelled_write_bytes: 397312

[2018-11-30T16:37:48-08:00]
rchar: 147916994461
wchar: 68315404952
syscr: 17905953
syscw: 2208466
read_bytes: 31594614272
write_bytes: 68411678720
cancelled_write_bytes: 405504

[2018-11-30T16:37:51-08:00]
rchar: 148533565026
wchar: 68774432364
syscr: 17980637
syscw: 2211850
read_bytes: 31613300224
write_bytes: 68871430144
cancelled_write_bytes: 405504

[2018-11-30T16:37:54-08:00]
rchar: 149136623298
wchar: 69208361183
syscr: 18053743
syscw: 2215453
read_bytes: 31632588288
write_bytes: 69306011648
cancelled_write_bytes: 405504

[2018-11-30T16:37:57-08:00]
rchar: 149867985798
wchar: 69738189459
syscr: 18142372
syscw: 2219886
read_bytes: 31656947200
write_bytes: 69836636160
cancelled_write_bytes: 405504

[2018-11-30T16:38:00-08:00]
rchar: 150433773205
wchar: 70150471979
syscr: 18210932
syscw: 2223318
read_bytes: 31675776512
write_bytes: 70249512960
cancelled_write_bytes: 405504

[2018-11-30T16:38:03-08:00]
rchar: 150953453293
wchar: 70520344072
syscr: 18273896
syscw: 2226643
read_bytes: 31694482944
write_bytes: 70619967488
cancelled_write_bytes: 405504

[2018-11-30T16:38:06-08:00]
rchar: 151703569528
wchar: 71067657209
syscr: 18364792
syscw: 2231171
read_bytes: 31720271360
write_bytes: 71168163840
cancelled_write_bytes: 405504

[2018-11-30T16:38:09-08:00]
rchar: 152258392812
wchar: 71461048647
syscr: 18432022
syscw: 2234872
read_bytes: 31744089600
write_bytes: 71562170368
cancelled_write_bytes: 405504

[2018-11-30T16:38:12-08:00]
rchar: 153663075730
wchar: 71842053895
syscr: 18602319
syscw: 2253814
read_bytes: 31900794368
write_bytes: 71943622656
cancelled_write_bytes: 405504

[2018-11-30T16:38:15-08:00]
rchar: 154124716763
wchar: 72077898653
syscr: 18658223
syscw: 2262130
read_bytes: 31949897216
write_bytes: 72179843072
cancelled_write_bytes: 409600

[2018-11-30T16:38:18-08:00]
rchar: 157193768884
wchar: 72479278052
syscr: 19030317
syscw: 2298754
read_bytes: 32188071424
write_bytes: 72581550080
cancelled_write_bytes: 413696

[2018-11-30T16:38:21-08:00]
rchar: 157775664178
wchar: 72885756242
syscr: 19100814
syscw: 2304395
read_bytes: 32212692480
write_bytes: 72988647424
cancelled_write_bytes: 421888

[2018-11-30T16:38:24-08:00]
rchar: 158322929786
wchar: 73262998653
syscr: 19167054
syscw: 2307033
read_bytes: 32231943680
write_bytes: 73366466560
cancelled_write_bytes: 421888

[2018-11-30T16:38:27-08:00]
rchar: 159085586537
wchar: 73785783664
syscr: 19259396
syscw: 2310867
read_bytes: 32261369344
write_bytes: 73890095104
cancelled_write_bytes: 421888

[2018-11-30T16:38:30-08:00]
rchar: 159693210380
wchar: 74212831632
syscr: 19332893
syscw: 2313719
read_bytes: 32286346752
write_bytes: 74317844480
cancelled_write_bytes: 421888

[2018-11-30T16:38:33-08:00]
rchar: 160467225550
wchar: 74686890479
syscr: 19426542
syscw: 2320101
read_bytes: 32351591936
write_bytes: 74792775680
cancelled_write_bytes: 421888

[2018-11-30T16:38:36-08:00]
rchar: 161333612496
wchar: 75034980686
syscr: 19531586
syscw: 2340187
read_bytes: 32581971456
write_bytes: 75141128192
cancelled_write_bytes: 421888

[2018-11-30T16:38:39-08:00]
rchar: 161950131030
wchar: 75438202552
syscr: 19606304
syscw: 2348427
read_bytes: 32670555648
write_bytes: 75544903680
cancelled_write_bytes: 421888

[2018-11-30T16:38:42-08:00]
rchar: 162420652577
wchar: 75802056457
syscr: 19663343
syscw: 2359009
read_bytes: 32782405120
write_bytes: 75909287936
cancelled_write_bytes: 421888

[2018-11-30T16:38:45-08:00]
rchar: 163565147212
wchar: 76144827368
syscr: 19802025
syscw: 2380073
read_bytes: 33003515392
write_bytes: 76252446720
cancelled_write_bytes: 430080

[2018-11-30T16:38:48-08:00]
rchar: 165204232171
wchar: 76616455755
syscr: 20000740
syscw: 2409967
read_bytes: 33307639296
write_bytes: 76724576256
cancelled_write_bytes: 430080

[2018-11-30T16:38:51-08:00]
rchar: 165635071545
wchar: 76978438544
syscr: 20052919
syscw: 2416479
read_bytes: 33365913088
write_bytes: 77087109120
cancelled_write_bytes: 434176

[2018-11-30T16:38:54-08:00]
rchar: 166467791404
wchar: 77620123033
syscr: 20153895
syscw: 2420657
read_bytes: 33393991168
write_bytes: 77729742848
cancelled_write_bytes: 438272

[2018-11-30T16:38:57-08:00]
rchar: 167039178102
wchar: 78042166031
syscr: 20223075
syscw: 2423913
read_bytes: 33415626240
write_bytes: 78152437760
cancelled_write_bytes: 438272

[2018-11-30T16:39:00-08:00]
rchar: 167621165752
wchar: 78487821085
syscr: 20293641
syscw: 2426860
read_bytes: 33436573184
write_bytes: 78599483392
cancelled_write_bytes: 438272

[2018-11-30T16:39:03-08:00]
rchar: 168140061957
wchar: 78874849983
syscr: 20356472
syscw: 2429644
read_bytes: 33453817344
write_bytes: 78986387456
cancelled_write_bytes: 438272

[2018-11-30T16:39:06-08:00]
rchar: 168795953923
wchar: 79366833608
syscr: 20435943
syscw: 2433106
read_bytes: 33477234176
write_bytes: 79479140352
cancelled_write_bytes: 438272

[2018-11-30T16:39:09-08:00]
rchar: 169537391755
wchar: 79902177830
syscr: 20525793
syscw: 2437819
read_bytes: 33506053632
write_bytes: 80015302656
cancelled_write_bytes: 438272

[2018-11-30T16:39:12-08:00]
rchar: 170144930767
wchar: 80187500469
syscr: 20599421
syscw: 2444602
read_bytes: 33566379520
write_bytes: 80301670400
cancelled_write_bytes: 438272

[2018-11-30T16:39:15-08:00]
rchar: 171774841090
wchar: 80630885155
syscr: 20797021
syscw: 2468955
read_bytes: 33741598208
write_bytes: 80744996864
cancelled_write_bytes: 438272

[2018-11-30T16:39:18-08:00]
rchar: 173371219356
wchar: 81052794782
syscr: 20990478
syscw: 2488536
read_bytes: 33861717504
write_bytes: 81167462400
cancelled_write_bytes: 446464

[2018-11-30T16:39:21-08:00]
rchar: 175552480840
wchar: 81402423130
syscr: 21254956
syscw: 2507986
read_bytes: 33979821568
write_bytes: 81517441024
cancelled_write_bytes: 446464

[2018-11-30T16:39:24-08:00]
rchar: 176146229526
wchar: 81875275763
syscr: 21326802
syscw: 2511386
read_bytes: 33988779520
write_bytes: 81991086080
cancelled_write_bytes: 446464

[2018-11-30T16:39:27-08:00]
rchar: 176872387355
wchar: 82427433663
syscr: 21414601
syscw: 2516281
read_bytes: 34002959872
write_bytes: 82544185344
cancelled_write_bytes: 454656

[2018-11-30T16:39:30-08:00]
rchar: 177392759807
wchar: 82753717075
syscr: 21477594
syscw: 2519398
read_bytes: 34020814336
write_bytes: 82870951936
cancelled_write_bytes: 454656

[2018-11-30T16:39:33-08:00]
rchar: 178550988641
wchar: 83194853369
syscr: 21618012
syscw: 2538319
read_bytes: 34222980608
write_bytes: 83312615424
cancelled_write_bytes: 454656

[2018-11-30T16:39:36-08:00]
rchar: 179934475658
wchar: 83639411144
syscr: 21785721
syscw: 2563614
read_bytes: 34494500352
write_bytes: 83757690880
cancelled_write_bytes: 454656

[2018-11-30T16:39:39-08:00]
rchar: 180529928846
wchar: 83985424713
syscr: 21857844
syscw: 2572667
read_bytes: 34582429184
write_bytes: 84104466432
cancelled_write_bytes: 462848

[2018-11-30T16:39:42-08:00]
rchar: 182592036226
wchar: 84487588844
syscr: 22107829
syscw: 2603141
read_bytes: 34884640256
write_bytes: 84606935040
cancelled_write_bytes: 462848

[2018-11-30T16:39:45-08:00]
rchar: 183644294569
wchar: 84901580466
syscr: 22235418
syscw: 2619656
read_bytes: 35042377216
write_bytes: 85021495296
cancelled_write_bytes: 462848

[2018-11-30T16:39:48-08:00]
rchar: 185513117866
wchar: 85277321360
syscr: 22461902
syscw: 2643731
read_bytes: 35266960896
write_bytes: 85397659648
cancelled_write_bytes: 471040

[2018-11-30T16:39:51-08:00]
rchar: 187329739777
wchar: 85656106172
syscr: 22682124
syscw: 2665800
read_bytes: 35408375296
write_bytes: 85776908288
cancelled_write_bytes: 471040

[2018-11-30T16:39:54-08:00]
rchar: 188059528445
wchar: 86004548997
syscr: 22770604
syscw: 2673848
read_bytes: 35437153792
write_bytes: 86125883392
cancelled_write_bytes: 471040

[2018-11-30T16:39:57-08:00]
rchar: 188873435952
wchar: 86524390095
syscr: 22869221
syscw: 2678246
read_bytes: 35448229376
write_bytes: 86646509568
cancelled_write_bytes: 479232

[2018-11-30T16:40:00-08:00]
rchar: 189650192952
wchar: 87002537597
syscr: 22963346
syscw: 2682495
read_bytes: 35458592256
write_bytes: 87125422080
cancelled_write_bytes: 479232

[2018-11-30T16:40:03-08:00]
rchar: 190435431874
wchar: 87455861219
syscr: 23058498
syscw: 2687365
read_bytes: 35470261760
write_bytes: 87579447296
cancelled_write_bytes: 479232

[2018-11-30T16:40:06-08:00]
rchar: 191216041923
wchar: 87921401345
syscr: 23153135
syscw: 2691901
read_bytes: 35481320960
write_bytes: 88045727744
cancelled_write_bytes: 479232

[2018-11-30T16:40:09-08:00]
rchar: 191961069043
wchar: 88385452372
syscr: 23243433
syscw: 2695905
read_bytes: 35491094016
write_bytes: 88511172608
cancelled_write_bytes: 479232

[2018-11-30T16:40:12-08:00]
rchar: 192626906591
wchar: 88814994860
syscr: 23323824
syscw: 2699584
read_bytes: 35499396608
write_bytes: 88940707840
cancelled_write_bytes: 479232

[2018-11-30T16:40:15-08:00]
rchar: 193236563369
wchar: 89231964954
syscr: 23397714
syscw: 2703914
read_bytes: 35510570496
write_bytes: 89358974976
cancelled_write_bytes: 479232

[2018-11-30T16:40:18-08:00]
rchar: 194445456169
wchar: 89702066313
syscr: 23544273
syscw: 2717162
read_bytes: 35574169088
write_bytes: 89829052416
cancelled_write_bytes: 479232

[2018-11-30T16:40:21-08:00]
rchar: 194807256285
wchar: 90095396317
syscr: 23588026
syscw: 2721201
read_bytes: 35584138752
write_bytes: 90223841280
cancelled_write_bytes: 479232

[2018-11-30T16:40:24-08:00]
rchar: 195438303011
wchar: 90541919174
syscr: 23664261
syscw: 2726095
read_bytes: 35595841024
write_bytes: 90670325760
cancelled_write_bytes: 487424

[2018-11-30T16:40:27-08:00]
rchar: 196125201880
wchar: 90959626028
syscr: 23747408
syscw: 2732530
read_bytes: 35613109760
write_bytes: 91088723968
cancelled_write_bytes: 487424

[2018-11-30T16:40:30-08:00]
rchar: 197174172813
wchar: 91427224725
syscr: 23874558
syscw: 2745017
read_bytes: 35652967936
write_bytes: 91556954112
cancelled_write_bytes: 487424

[2018-11-30T16:40:33-08:00]
rchar: 198052366239
wchar: 91889221816
syscr: 23981003
syscw: 2755114
read_bytes: 35683212800
write_bytes: 92019613696
cancelled_write_bytes: 507904

[2018-11-30T16:40:36-08:00]
rchar: 199042095496
wchar: 92402192510
syscr: 24100970
syscw: 2766049
read_bytes: 35717975552
write_bytes: 92533284864
cancelled_write_bytes: 512000

[2018-11-30T16:40:39-08:00]
rchar: 199368406086
wchar: 92696802199
syscr: 24140523
syscw: 2770526
read_bytes: 35729931776
write_bytes: 92828360704
cancelled_write_bytes: 512000

[2018-11-30T16:40:42-08:00]
rchar: 199859819162
wchar: 92932096401
syscr: 24200006
syscw: 2776447
read_bytes: 35745910272
write_bytes: 93064024064
cancelled_write_bytes: 524288

[2018-11-30T16:40:45-08:00]
rchar: 200502011366
wchar: 93289550271
syscr: 24277846
syscw: 2782559
read_bytes: 35761495552
write_bytes: 93421981696
cancelled_write_bytes: 524288

[2018-11-30T16:40:48-08:00]
rchar: 201917672982
wchar: 93925881813
syscr: 24449439
syscw: 2795771
read_bytes: 35805826560
write_bytes: 94059175936
cancelled_write_bytes: 536576

[2018-11-30T16:40:51-08:00]
rchar: 202809460829
wchar: 94355802054
syscr: 24557530
syscw: 2804846
read_bytes: 35831889408
write_bytes: 94489731072
cancelled_write_bytes: 536576

[2018-11-30T16:40:54-08:00]
rchar: 203594809913
wchar: 94698787564
syscr: 24652728
syscw: 2813461
read_bytes: 35857694208
write_bytes: 94833172480
cancelled_write_bytes: 536576

[2018-11-30T16:40:57-08:00]
rchar: 204014668833
wchar: 94999006879
syscr: 24703621
syscw: 2817562
read_bytes: 35867909632
write_bytes: 95133855744
cancelled_write_bytes: 536576

[2018-11-30T16:41:00-08:00]
rchar: 204694080559
wchar: 95468329312
syscr: 24785840
syscw: 2823280
read_bytes: 35882253824
write_bytes: 95603961856
cancelled_write_bytes: 552960

[2018-11-30T16:41:03-08:00]
rchar: 205405703472
wchar: 95923751091
syscr: 24871950
syscw: 2827708
read_bytes: 35892485632
write_bytes: 96060137472
cancelled_write_bytes: 552960

[2018-11-30T16:41:06-08:00]
rchar: 205856036668
wchar: 96158287802
syscr: 24926387
syscw: 2831454
read_bytes: 35901959680
write_bytes: 96295067648
cancelled_write_bytes: 552960

[2018-11-30T16:41:09-08:00]
rchar: 206879778081
wchar: 96674387739
syscr: 25050483
syscw: 2845910
read_bytes: 35950272000
write_bytes: 96811843584
cancelled_write_bytes: 557056

[2018-11-30T16:41:13-08:00]
rchar: 207772471025
wchar: 97180600105
syscr: 25158687
syscw: 2857088
read_bytes: 35987426816
write_bytes: 97318785024
cancelled_write_bytes: 569344

[2018-11-30T16:41:16-08:00]
rchar: 208349029666
wchar: 97502607977
syscr: 25228574
syscw: 2864924
read_bytes: 36013428224
write_bytes: 97641246720
cancelled_write_bytes: 573440

[2018-11-30T16:41:19-08:00]
rchar: 208739761513
wchar: 97865901170
syscr: 25275853
syscw: 2871224
read_bytes: 36030922240
write_bytes: 98005123072
cancelled_write_bytes: 593920

[2018-11-30T16:41:22-08:00]
rchar: 209337272073
wchar: 98204165594
syscr: 25348277
syscw: 2877691
read_bytes: 36047900160
write_bytes: 98343854080
cancelled_write_bytes: 593920

[2018-11-30T16:41:25-08:00]
rchar: 210598623530
wchar: 98802005724
syscr: 25501176
syscw: 2891617
read_bytes: 36093869568
write_bytes: 98942513152
cancelled_write_bytes: 598016

[2018-11-30T16:41:28-08:00]
rchar: 211667293140
wchar: 99120022300
syscr: 25630734
syscw: 2905826
read_bytes: 36165234176
write_bytes: 99260919808
cancelled_write_bytes: 610304

[2018-11-30T16:41:31-08:00]
rchar: 213036737152
wchar: 99441231867
syscr: 25796700
syscw: 2924290
read_bytes: 36258131456
write_bytes: 99582504960
cancelled_write_bytes: 626688

[2018-11-30T16:41:34-08:00]
rchar: 214684504981
wchar: 99803124873
syscr: 25996487
syscw: 2943432
read_bytes: 36373741056
write_bytes: 99944787968
cancelled_write_bytes: 626688

[2018-11-30T16:41:37-08:00]
rchar: 217948479445
wchar: 100135654866
syscr: 26392149
syscw: 2974300
read_bytes: 36559547904
write_bytes: 100277542912
cancelled_write_bytes: 634880

[2018-11-30T16:41:40-08:00]
rchar: 218481155205
wchar: 100556737113
syscr: 26456683
syscw: 2978768
read_bytes: 36576026112
write_bytes: 100699254784
cancelled_write_bytes: 643072

[2018-11-30T16:41:43-08:00]
rchar: 219167816314
wchar: 101030429441
syscr: 26539946
syscw: 2982252
read_bytes: 36595846656
write_bytes: 101173645312
cancelled_write_bytes: 643072

[2018-11-30T16:41:46-08:00]
rchar: 219829862843
wchar: 101481782223
syscr: 26620055
syscw: 2985541
read_bytes: 36617219584
write_bytes: 101625720832
cancelled_write_bytes: 643072

[2018-11-30T16:41:49-08:00]
rchar: 220589771297
wchar: 101997429067
syscr: 26712021
syscw: 2989334
read_bytes: 36642942464
write_bytes: 102142177280
cancelled_write_bytes: 643072

[2018-11-30T16:41:52-08:00]
rchar: 221170162095
wchar: 102381698419
syscr: 26782285
syscw: 2992173
read_bytes: 36663627264
write_bytes: 102527520768
cancelled_write_bytes: 643072

[2018-11-30T16:41:55-08:00]
rchar: 221749207415
wchar: 102721117404
syscr: 26852405
syscw: 2996885
read_bytes: 36698856960
write_bytes: 102866964480
cancelled_write_bytes: 643072

[2018-11-30T16:41:58-08:00]
rchar: 222634926878
wchar: 103094396821
syscr: 26959789
syscw: 3015942
read_bytes: 36896144896
write_bytes: 103240683520
cancelled_write_bytes: 643072

[2018-11-30T16:42:01-08:00]
rchar: 223372108005
wchar: 103421366740
syscr: 27049161
syscw: 3031526
read_bytes: 37047270912
write_bytes: 103568064512
cancelled_write_bytes: 643072

[2018-11-30T16:42:04-08:00]
rchar: 223876831417
wchar: 103745071229
syscr: 27110290
syscw: 3040767
read_bytes: 37133188608
write_bytes: 103892238336
cancelled_write_bytes: 651264

[2018-11-30T16:42:07-08:00]
rchar: 224567193326
wchar: 104136346101
syscr: 27193963
syscw: 3048848
read_bytes: 37199404544
write_bytes: 104284049408
cancelled_write_bytes: 651264

[2018-11-30T16:42:10-08:00]
rchar: 225681783657
wchar: 104546476415
syscr: 27329069
syscw: 3067113
read_bytes: 37353733632
write_bytes: 104694706176
cancelled_write_bytes: 651264

[2018-11-30T16:42:13-08:00]
rchar: 226722359282
wchar: 104844880917
syscr: 27455212
syscw: 3085910
read_bytes: 37505375744
write_bytes: 104993439744
cancelled_write_bytes: 651264

[2018-11-30T16:42:16-08:00]
rchar: 227932261535
wchar: 105293198654
syscr: 27601835
syscw: 3104151
read_bytes: 37652819456
write_bytes: 105442357248
cancelled_write_bytes: 659456

[2018-11-30T16:42:19-08:00]
rchar: 228734405626
wchar: 105655698148
syscr: 27699055
syscw: 3113563
read_bytes: 37713698304
write_bytes: 105805373440
cancelled_write_bytes: 659456

[2018-11-30T16:42:22-08:00]
rchar: 229851079704
wchar: 106096139674
syscr: 27834419
syscw: 3127404
read_bytes: 37786283520
write_bytes: 106246373376
cancelled_write_bytes: 659456

[2018-11-30T16:42:25-08:00]
rchar: 230573759554
wchar: 106238566912
syscr: 27922035
syscw: 3138916
read_bytes: 37855624704
write_bytes: 106389069824
cancelled_write_bytes: 659456

[2018-11-30T16:42:28-08:00]
rchar: 232013312725
wchar: 106627832111
syscr: 28096493
syscw: 3156537
read_bytes: 37970640384
write_bytes: 106778730496
cancelled_write_bytes: 667648

[2018-11-30T16:42:31-08:00]
rchar: 234396950290
wchar: 106992827360
syscr: 28385470
syscw: 3184966
read_bytes: 38119951872
write_bytes: 107144097792
cancelled_write_bytes: 667648

[2018-11-30T16:42:34-08:00]
rchar: 235114984913
wchar: 107438164905
syscr: 28472465
syscw: 3191851
read_bytes: 38137044480
write_bytes: 107590123520
cancelled_write_bytes: 675840

[2018-11-30T16:42:37-08:00]
rchar: 235929976971
wchar: 107913801603
syscr: 28571287
syscw: 3196692
read_bytes: 38147354112
write_bytes: 108066492416
cancelled_write_bytes: 675840

[2018-11-30T16:42:40-08:00]
rchar: 236539320813
wchar: 108258662165
syscr: 28645093
syscw: 3200529
read_bytes: 38154817024
write_bytes: 108411883520
cancelled_write_bytes: 675840

[2018-11-30T16:42:43-08:00]
rchar: 237392125529
wchar: 108745951103
syscr: 28748499
syscw: 3205595
read_bytes: 38165519872
write_bytes: 108899909632
cancelled_write_bytes: 675840

[2018-11-30T16:42:46-08:00]
rchar: 238290172585
wchar: 109222981332
syscr: 28857314
syscw: 3211583
read_bytes: 38176943616
write_bytes: 109377654784
cancelled_write_bytes: 675840

[2018-11-30T16:42:49-08:00]
rchar: 239168131521
wchar: 109686738786
syscr: 28963701
syscw: 3217510
read_bytes: 38189194752
write_bytes: 109842161664
cancelled_write_bytes: 675840

[2018-11-30T16:42:52-08:00]
rchar: 239735574394
wchar: 110006105252
syscr: 29032509
syscw: 3221169
read_bytes: 38196837888
write_bytes: 110161997824
cancelled_write_bytes: 675840

[2018-11-30T16:42:55-08:00]
rchar: 240477504116
wchar: 110428567521
syscr: 29122145
syscw: 3225974
read_bytes: 38206127616
write_bytes: 110585098240
cancelled_write_bytes: 675840

[2018-11-30T16:42:58-08:00]
rchar: 241166580725
wchar: 110868219787
syscr: 29205656
syscw: 3231340
read_bytes: 38217924096
write_bytes: 111025410048
cancelled_write_bytes: 675840

[2018-11-30T16:43:01-08:00]
rchar: 241814137804
wchar: 111308836791
syscr: 29284114
syscw: 3237240
read_bytes: 38230502912
write_bytes: 111466717184
cancelled_write_bytes: 675840

[2018-11-30T16:43:04-08:00]
rchar: 242296638134
wchar: 111615995036
syscr: 29342582
syscw: 3242345
read_bytes: 38241512960
write_bytes: 111774355456
cancelled_write_bytes: 675840

[2018-11-30T16:43:07-08:00]
rchar: 242603174267
wchar: 111898064199
syscr: 29379729
syscw: 3247948
read_bytes: 38254038528
write_bytes: 112056926208
cancelled_write_bytes: 675840

[2018-11-30T16:43:10-08:00]
rchar: 245394601248
wchar: 112401665004
syscr: 29718121
syscw: 3278547
read_bytes: 38359809536
write_bytes: 112560975872
cancelled_write_bytes: 684032

[2018-11-30T16:43:13-08:00]
rchar: 245865797474
wchar: 112807489898
syscr: 29775137
syscw: 3283912
read_bytes: 38369598976
write_bytes: 112967471104
cancelled_write_bytes: 684032

[2018-11-30T16:43:16-08:00]
rchar: 246848097536
wchar: 113381068877
syscr: 29893906
syscw: 3291603
read_bytes: 38384856576
write_bytes: 113542004736
cancelled_write_bytes: 692224

[2018-11-30T16:43:19-08:00]
rchar: 247819595901
wchar: 113834378298
syscr: 30011572
syscw: 3301084
read_bytes: 38406917632
write_bytes: 113995993088
cancelled_write_bytes: 692224

[2018-11-30T16:43:22-08:00]
rchar: 249105297537
wchar: 114330512775
syscr: 30167428
syscw: 3316766
read_bytes: 38446419456
write_bytes: 114492772352
cancelled_write_bytes: 692224

[2018-11-30T16:43:25-08:00]
rchar: 249743783138
wchar: 114631309721
syscr: 30244822
syscw: 3325535
read_bytes: 38466653696
write_bytes: 114794086400
cancelled_write_bytes: 696320

[2018-11-30T16:43:28-08:00]
rchar: 250488083009
wchar: 115068246640
syscr: 30334969
syscw: 3333974
read_bytes: 38483766784
write_bytes: 115231600640
cancelled_write_bytes: 716800

[2018-11-30T16:43:31-08:00]
rchar: 251608574292
wchar: 115522593259
syscr: 30470785
syscw: 3345425
read_bytes: 38508654080
write_bytes: 115686596608
cancelled_write_bytes: 716800

[2018-11-30T16:43:34-08:00]
rchar: 252723470402
wchar: 116022867117
syscr: 30605925
syscw: 3356644
read_bytes: 38532648448
write_bytes: 116187566080
cancelled_write_bytes: 720896

[2018-11-30T16:43:37-08:00]
rchar: 253467012741
wchar: 116377812678
syscr: 30696048
syscw: 3364193
read_bytes: 38548049408
write_bytes: 116543004672
cancelled_write_bytes: 720896

[2018-11-30T16:43:40-08:00]
rchar: 254137285076
wchar: 116683138016
syscr: 30777301
syscw: 3372121
read_bytes: 38566452736
write_bytes: 116848762880
cancelled_write_bytes: 724992

[2018-11-30T16:43:43-08:00]
rchar: 255113004432
wchar: 117163623579
syscr: 30895505
syscw: 3381994
read_bytes: 38585605632
write_bytes: 117329993728
cancelled_write_bytes: 741376

[2018-11-30T16:43:46-08:00]
rchar: 255800910693
wchar: 117553194199
syscr: 30978796
syscw: 3387056
read_bytes: 38594432512
write_bytes: 117720186880
cancelled_write_bytes: 741376

[2018-11-30T16:43:49-08:00]
rchar: 256580571662
wchar: 117984505978
syscr: 31073143
syscw: 3392980
read_bytes: 38604353024
write_bytes: 118152192000
cancelled_write_bytes: 741376

[2018-11-30T16:43:52-08:00]
rchar: 257399086741
wchar: 118371589642
syscr: 31172229
syscw: 3402874
read_bytes: 38624177664
write_bytes: 118539862016
cancelled_write_bytes: 741376

[2018-11-30T16:43:55-08:00]
rchar: 258229677071
wchar: 118743508132
syscr: 31272921
syscw: 3415177
read_bytes: 38656876032
write_bytes: 118912270336
cancelled_write_bytes: 741376

[2018-11-30T16:43:58-08:00]
rchar: 258500381088
wchar: 119063350833
syscr: 31305733
syscw: 3419520
read_bytes: 38663994880
write_bytes: 119232618496
cancelled_write_bytes: 741376

[2018-11-30T16:44:01-08:00]
rchar: 259222725405
wchar: 119428150941
syscr: 31393221
syscw: 3428653
read_bytes: 38682357248
write_bytes: 119597944832
cancelled_write_bytes: 753664

[2018-11-30T16:44:04-08:00]
rchar: 260210127139
wchar: 119929619468
syscr: 31512893
syscw: 3439345
read_bytes: 38706191872
write_bytes: 120100122624
cancelled_write_bytes: 753664

[2018-11-30T16:44:07-08:00]
rchar: 261793706444
wchar: 120509505251
syscr: 31704872
syscw: 3457441
read_bytes: 38757670400
write_bytes: 120680747008
cancelled_write_bytes: 782336

[2018-11-30T16:44:10-08:00]
rchar: 262126135675
wchar: 120847382210
syscr: 31745163
syscw: 3462076
read_bytes: 38764932608
write_bytes: 121019158528
cancelled_write_bytes: 782336

[2018-11-30T16:44:13-08:00]
rchar: 263098886491
wchar: 121236582566
syscr: 31862997
syscw: 3472833
read_bytes: 38788357632
write_bytes: 121408901120
cancelled_write_bytes: 794624

[2018-11-30T16:44:16-08:00]
rchar: 264205172837
wchar: 121683619333
syscr: 31997092
syscw: 3484151
read_bytes: 38813556224
write_bytes: 121856540672
cancelled_write_bytes: 794624

[2018-11-30T16:44:19-08:00]
rchar: 265774641189
wchar: 122036771276
syscr: 32187378
syscw: 3503205
read_bytes: 38874668544
write_bytes: 122210066432
cancelled_write_bytes: 802816

[2018-11-30T16:44:22-08:00]
rchar: 269032339189
wchar: 122513047252
syscr: 32582284
syscw: 3536785
read_bytes: 39008185856
write_bytes: 122686787584
cancelled_write_bytes: 811008

[2018-11-30T16:44:25-08:00]
rchar: 269729650252
wchar: 122892534753
syscr: 32666778
syscw: 3544538
read_bytes: 39027252736
write_bytes: 123066822656
cancelled_write_bytes: 819200

[2018-11-30T16:44:28-08:00]
rchar: 270566267128
wchar: 123394741323
syscr: 32768211
syscw: 3549858
read_bytes: 39045090816
write_bytes: 123569754112
cancelled_write_bytes: 819200

[2018-11-30T16:44:31-08:00]
rchar: 271096930142
wchar: 123713156356
syscr: 32832416
syscw: 3553098
read_bytes: 39060848128
write_bytes: 123889434624
cancelled_write_bytes: 819200

[2018-11-30T16:44:34-08:00]
rchar: 271818292892
wchar: 124152896619
syscr: 32919789
syscw: 3557543
read_bytes: 39080594944
write_bytes: 124329115648
cancelled_write_bytes: 819200

[2018-11-30T16:44:37-08:00]
rchar: 272463809541
wchar: 124558649891
syscr: 32997934
syscw: 3561366
read_bytes: 39099923968
write_bytes: 124735500288
cancelled_write_bytes: 819200

[2018-11-30T16:44:40-08:00]
rchar: 272935702409
wchar: 124820368155
syscr: 33054991
syscw: 3564701
read_bytes: 39117987328
write_bytes: 124997677056
cancelled_write_bytes: 819200

[2018-11-30T16:44:43-08:00]
rchar: 274088330888
wchar: 125246444670
syscr: 33194740
syscw: 3589506
read_bytes: 39300795904
write_bytes: 125424201728
cancelled_write_bytes: 819200

[2018-11-30T16:44:46-08:00]
rchar: 274423082330
wchar: 125499233732
syscr: 33235262
syscw: 3596638
read_bytes: 39346011648
write_bytes: 125677375488
cancelled_write_bytes: 827392

[2018-11-30T16:44:49-08:00]
rchar: 276105498859
wchar: 125972222285
syscr: 33439239
syscw: 3626145
read_bytes: 39542902272
write_bytes: 126150877184
cancelled_write_bytes: 827392

[2018-11-30T16:44:52-08:00]
rchar: 277121134270
wchar: 126302575156
syscr: 33562347
syscw: 3643165
read_bytes: 39652392448
write_bytes: 126481629184
cancelled_write_bytes: 827392

[2018-11-30T16:44:55-08:00]
rchar: 277625694902
wchar: 126757145447
syscr: 33623462
syscw: 3648727
read_bytes: 39676227072
write_bytes: 126936891392
cancelled_write_bytes: 835584

[2018-11-30T16:44:58-08:00]
rchar: 278044737546
wchar: 127021554701
syscr: 33674267
syscw: 3652123
read_bytes: 39689010688
write_bytes: 127201718272
cancelled_write_bytes: 835584

[2018-11-30T16:45:01-08:00]
rchar: 278789884167
wchar: 127528772426
syscr: 33764538
syscw: 3657029
read_bytes: 39707692544
write_bytes: 127709687808
cancelled_write_bytes: 835584

[2018-11-30T16:45:04-08:00]
rchar: 279298773852
wchar: 127859179305
syscr: 33826203
syscw: 3660935
read_bytes: 39722438144
write_bytes: 128040587264
cancelled_write_bytes: 835584

[2018-11-30T16:45:07-08:00]
rchar: 279998196126
wchar: 128323650553
syscr: 33910953
syscw: 3665954
read_bytes: 39742062080
write_bytes: 128505757696
cancelled_write_bytes: 835584

[2018-11-30T16:45:10-08:00]
rchar: 280405036436
wchar: 128595375172
syscr: 33960259
syscw: 3668969
read_bytes: 39755156992
write_bytes: 128777900032
cancelled_write_bytes: 835584

[2018-11-30T16:45:13-08:00]
rchar: 280904640273
wchar: 128937605787
syscr: 34020816
syscw: 3672339
read_bytes: 39768722944
write_bytes: 129120649216
cancelled_write_bytes: 835584

[2018-11-30T16:45:16-08:00]
rchar: 281365571009
wchar: 129239987344
syscr: 34076660
syscw: 3675901
read_bytes: 39784394240
write_bytes: 129423499264
cancelled_write_bytes: 835584

[2018-11-30T16:45:19-08:00]
rchar: 282952991487
wchar: 129629953740
syscr: 34269120
syscw: 3700840
read_bytes: 39920602624
write_bytes: 129813934080
cancelled_write_bytes: 835584

[2018-11-30T16:45:22-08:00]
rchar: 283188435305
wchar: 129832254605
syscr: 34297661
syscw: 3705276
read_bytes: 39939489280
write_bytes: 130016563200
cancelled_write_bytes: 835584

[2018-11-30T16:45:25-08:00]
rchar: 283739689539
wchar: 130186322411
syscr: 34364427
syscw: 3709043
read_bytes: 39954288128
write_bytes: 130371207168
cancelled_write_bytes: 843776

[2018-11-30T16:45:28-08:00]
rchar: 284252749089
wchar: 130520287376
syscr: 34426483
syscw: 3712273
read_bytes: 39969238528
write_bytes: 130705715200
cancelled_write_bytes: 843776

[2018-11-30T16:45:31-08:00]
rchar: 284897621602
wchar: 130919876808
syscr: 34504535
syscw: 3716814
read_bytes: 39991324160
write_bytes: 131105939456
cancelled_write_bytes: 843776

[2018-11-30T16:45:34-08:00]
rchar: 285388099458
wchar: 131189849490
syscr: 34563830
syscw: 3721143
read_bytes: 40012762624
write_bytes: 131376390144
cancelled_write_bytes: 843776

[2018-11-30T16:45:37-08:00]
rchar: 286482287679
wchar: 131586046318
syscr: 34696489
syscw: 3746177
read_bytes: 40173174272
write_bytes: 131772993536
cancelled_write_bytes: 843776

[2018-11-30T16:45:40-08:00]
rchar: 287003564531
wchar: 131929144455
syscr: 34759687
syscw: 3758690
read_bytes: 40250039808
write_bytes: 132116590592
cancelled_write_bytes: 843776

[2018-11-30T16:45:43-08:00]
rchar: 288181804296
wchar: 132251181036
syscr: 34902466
syscw: 3780348
read_bytes: 40378232320
write_bytes: 132438982656
cancelled_write_bytes: 851968

[2018-11-30T16:45:46-08:00]
rchar: 289659142293
wchar: 132788869382
syscr: 35081583
syscw: 3802809
read_bytes: 40519765504
write_bytes: 132977287168
cancelled_write_bytes: 851968

[2018-11-30T16:45:49-08:00]
rchar: 290042459011
wchar: 132985716200
syscr: 35128042
syscw: 3810234
read_bytes: 40558820864
write_bytes: 133174423552
cancelled_write_bytes: 856064

[2018-11-30T16:45:52-08:00]
rchar: 290692006007
wchar: 133426002226
syscr: 35206695
syscw: 3816438
read_bytes: 40583032320
write_bytes: 133615792128
cancelled_write_bytes: 864256

[2018-11-30T16:45:55-08:00]
rchar: 291182200851
wchar: 133753812923
syscr: 35266096
syscw: 3820057
read_bytes: 40595439104
write_bytes: 133943734272
cancelled_write_bytes: 864256

[2018-11-30T16:45:58-08:00]
rchar: 291854504327
wchar: 134200366806
syscr: 35347570
syscw: 3824939
read_bytes: 40614596096
write_bytes: 134390960128
cancelled_write_bytes: 864256

[2018-11-30T16:46:01-08:00]
rchar: 292416159087
wchar: 134559494987
syscr: 35415634
syscw: 3829520
read_bytes: 40633200128
write_bytes: 134750638080
cancelled_write_bytes: 864256

[2018-11-30T16:46:04-08:00]
rchar: 293164672584
wchar: 134995063981
syscr: 35506365
syscw: 3836489
read_bytes: 40660446720
write_bytes: 135186837504
cancelled_write_bytes: 864256

[2018-11-30T16:46:07-08:00]
rchar: 294002881815
wchar: 135563319282
syscr: 35607864
syscw: 3842339
read_bytes: 40685223424
write_bytes: 135756001280
cancelled_write_bytes: 864256

[2018-11-30T16:46:10-08:00]
rchar: 294652095559
wchar: 136001417942
syscr: 35686400
syscw: 3847078
read_bytes: 40704036352
write_bytes: 136194838528
cancelled_write_bytes: 864256

[2018-11-30T16:46:13-08:00]
rchar: 295247420442
wchar: 136377908508
syscr: 35758442
syscw: 3852705
read_bytes: 40727768576
write_bytes: 136571920384
cancelled_write_bytes: 864256

[2018-11-30T16:46:16-08:00]
rchar: 296070314151
wchar: 136834562816
syscr: 35858174
syscw: 3865123
read_bytes: 40792489472
write_bytes: 137029206016
cancelled_write_bytes: 864256

[2018-11-30T16:46:19-08:00]
rchar: 296422387737
wchar: 137104584883
syscr: 35900853
syscw: 3873699
read_bytes: 40828640768
write_bytes: 137299636224
cancelled_write_bytes: 864256

[2018-11-30T16:46:22-08:00]
rchar: 297634504405
wchar: 137488856908
syscr: 36047724
syscw: 3893131
read_bytes: 40943136256
write_bytes: 137684361216
cancelled_write_bytes: 872448

[2018-11-30T16:46:25-08:00]
rchar: 299100062584
wchar: 137867328630
syscr: 36225427
syscw: 3919177
read_bytes: 41068592640
write_bytes: 138063196160
cancelled_write_bytes: 872448

[2018-11-30T16:46:28-08:00]
rchar: 299685823931
wchar: 138323036265
syscr: 36296388
syscw: 3926736
read_bytes: 41094106624
write_bytes: 138519588864
cancelled_write_bytes: 880640

[2018-11-30T16:46:31-08:00]
rchar: 300201260242
wchar: 138640607849
syscr: 36358889
syscw: 3930785
read_bytes: 41105014272
write_bytes: 138837618688
cancelled_write_bytes: 880640

[2018-11-30T16:46:34-08:00]
rchar: 300965894067
wchar: 139114343111
syscr: 36451515
syscw: 3936849
read_bytes: 41123077632
write_bytes: 139312095232
cancelled_write_bytes: 880640

[2018-11-30T16:46:37-08:00]
rchar: 301407739326
wchar: 139373414371
syscr: 36505061
syscw: 3940661
read_bytes: 41134382592
write_bytes: 139571552256
cancelled_write_bytes: 880640

[2018-11-30T16:46:40-08:00]
rchar: 302038931163
wchar: 139783593377
syscr: 36581564
syscw: 3945346
read_bytes: 41149029888
write_bytes: 139983081472
cancelled_write_bytes: 880640

[2018-11-30T16:46:43-08:00]
rchar: 302758613100
wchar: 140219781104
syscr: 36668768
syscw: 3951545
read_bytes: 41166437888
write_bytes: 140419174400
cancelled_write_bytes: 880640

[2018-11-30T16:46:46-08:00]
rchar: 303248188610
wchar: 140522360301
syscr: 36728105
syscw: 3955732
read_bytes: 41179287040
write_bytes: 140722225152
cancelled_write_bytes: 880640

[2018-11-30T16:46:49-08:00]
rchar: 303940059480
wchar: 140903881088
syscr: 36811961
syscw: 3962609
read_bytes: 41199660544
write_bytes: 141104332800
cancelled_write_bytes: 880640

[2018-11-30T16:46:52-08:00]
rchar: 304843053604
wchar: 141224972216
syscr: 36921408
syscw: 3974833
read_bytes: 41245257216
write_bytes: 141425864704
cancelled_write_bytes: 880640

[2018-11-30T16:46:55-08:00]
rchar: 305256805002
wchar: 141349554022
syscr: 36971565
syscw: 3981248
read_bytes: 41266712064
write_bytes: 141550596096
cancelled_write_bytes: 880640

[2018-11-30T16:46:58-08:00]
rchar: 306812493585
wchar: 141840239645
syscr: 37160080
syscw: 4001282
read_bytes: 41358179840
write_bytes: 142041944064
cancelled_write_bytes: 888832

[2018-11-30T16:47:01-08:00]
rchar: 309031479410
wchar: 142304888824
syscr: 37429114
syscw: 4027681
read_bytes: 41487310336
write_bytes: 142507094016
cancelled_write_bytes: 888832

[2018-11-30T16:47:04-08:00]
rchar: 309401426867
wchar: 142512418348
syscr: 37473896
syscw: 4033964
read_bytes: 41503866368
write_bytes: 142714961920
cancelled_write_bytes: 888832

[2018-11-30T16:47:07-08:00]
rchar: 310299084323
wchar: 143045717113
syscr: 37582751
syscw: 4039597
read_bytes: 41517604352
write_bytes: 143249043456
cancelled_write_bytes: 897024

[2018-11-30T16:47:10-08:00]
rchar: 310941017106
wchar: 143431483012
syscr: 37660403
syscw: 4043597
read_bytes: 41529859584
write_bytes: 143635423232
cancelled_write_bytes: 897024

[2018-11-30T16:47:13-08:00]
rchar: 311546892922
wchar: 143742575140
syscr: 37733760
syscw: 4048185
read_bytes: 41544015360
write_bytes: 143947022336
cancelled_write_bytes: 897024

[2018-11-30T16:47:16-08:00]
rchar: 312149315489
wchar: 144081644405
syscr: 37806674
syscw: 4052204
read_bytes: 41560280576
write_bytes: 144286629888
cancelled_write_bytes: 897024

[2018-11-30T16:47:19-08:00]
rchar: 312878195197
wchar: 144477461034
syscr: 37894928
syscw: 4057354
read_bytes: 41580527104
write_bytes: 144683106304
cancelled_write_bytes: 897024

[2018-11-30T16:47:22-08:00]
rchar: 313799153444
wchar: 144803281361
syscr: 38006556
syscw: 4076876
read_bytes: 41708334592
write_bytes: 145009299456
cancelled_write_bytes: 897024

[2018-11-30T16:47:25-08:00]
rchar: 314308065472
wchar: 145122633155
syscr: 38068246
syscw: 4088980
read_bytes: 41777724928
write_bytes: 145329102848
cancelled_write_bytes: 897024

[2018-11-30T16:47:28-08:00]
rchar: 315330953328
wchar: 145457785753
syscr: 38192185
syscw: 4106306
read_bytes: 41900854784
write_bytes: 145664651264
cancelled_write_bytes: 905216

[2018-11-30T16:47:31-08:00]
rchar: 316739546209
wchar: 145904629948
syscr: 38362943
syscw: 4130150
read_bytes: 42072358400
write_bytes: 146112012288
cancelled_write_bytes: 905216

[2018-11-30T16:47:34-08:00]
rchar: 317355630362
wchar: 146229550592
syscr: 38437629
syscw: 4140998
read_bytes: 42155511296
write_bytes: 146437406720
cancelled_write_bytes: 905216

[2018-11-30T16:47:37-08:00]
rchar: 317820539467
wchar: 146581629639
syscr: 38493936
syscw: 4144267
read_bytes: 42173533696
write_bytes: 146789994496
cancelled_write_bytes: 913408

[2018-11-30T16:47:40-08:00]
rchar: 318403531170
wchar: 147002339497
syscr: 38564569
syscw: 4147655
read_bytes: 42191322624
write_bytes: 147211378688
cancelled_write_bytes: 913408

[2018-11-30T16:47:43-08:00]
rchar: 318968679275
wchar: 147412425214
syscr: 38633073
syscw: 4150778
read_bytes: 42210082304
write_bytes: 147622060032
cancelled_write_bytes: 913408

[2018-11-30T16:47:46-08:00]
rchar: 319569599303
wchar: 147855284105
syscr: 38705894
syscw: 4154256
read_bytes: 42227670528
write_bytes: 148065579008
cancelled_write_bytes: 913408

[2018-11-30T16:47:49-08:00]
rchar: 320080757184
wchar: 148238104533
syscr: 38767817
syscw: 4156916
read_bytes: 42244759040
write_bytes: 148448997376
cancelled_write_bytes: 913408

[2018-11-30T16:47:52-08:00]
rchar: 320627171376
wchar: 148656050458
syscr: 38834040
syscw: 4159849
read_bytes: 42263326208
write_bytes: 148867567616
cancelled_write_bytes: 913408

[2018-11-30T16:47:55-08:00]
rchar: 321060579091
wchar: 148962363866
syscr: 38886536
syscw: 4162800
read_bytes: 42283572736
write_bytes: 149174366208
cancelled_write_bytes: 913408

[2018-11-30T16:47:58-08:00]
rchar: 322502945250
wchar: 149373145965
syscr: 39061401
syscw: 4184673
read_bytes: 42477719040
write_bytes: 149585637376
cancelled_write_bytes: 913408

[2018-11-30T16:48:01-08:00]
rchar: 323174060312
wchar: 149628014630
syscr: 39142753
syscw: 4195383
read_bytes: 42568601088
write_bytes: 149841043456
cancelled_write_bytes: 913408

[2018-11-30T16:48:04-08:00]
rchar: 324662349842
wchar: 150085621359
syscr: 39323092
syscw: 4212077
read_bytes: 42678128128
write_bytes: 150299115520
cancelled_write_bytes: 921600

[2018-11-30T16:48:07-08:00]
rchar: 326924039195
wchar: 150403443002
syscr: 39597313
syscw: 4238758
read_bytes: 42850369024
write_bytes: 150617219072
cancelled_write_bytes: 921600

[2018-11-30T16:48:10-08:00]
rchar: 327571130596
wchar: 150880898988
syscr: 39675708
syscw: 4244177
read_bytes: 42872929792
write_bytes: 151095435264
cancelled_write_bytes: 929792

[2018-11-30T16:48:13-08:00]
rchar: 328252602823
wchar: 151312787255
syscr: 39758162
syscw: 4247849
read_bytes: 42890632704
write_bytes: 151528026112
cancelled_write_bytes: 929792

[2018-11-30T16:48:16-08:00]
rchar: 328751957106
wchar: 151626931882
syscr: 39818585
syscw: 4250675
read_bytes: 42903809536
write_bytes: 151842705408
cancelled_write_bytes: 929792

[2018-11-30T16:48:19-08:00]
rchar: 329456764260
wchar: 152064146378
syscr: 39903849
syscw: 4254833
read_bytes: 42922909184
write_bytes: 152280625152
cancelled_write_bytes: 929792

[2018-11-30T16:48:22-08:00]
rchar: 330514108147
wchar: 152415354149
syscr: 40031972
syscw: 4275867
read_bytes: 43076902400
write_bytes: 152632233984
cancelled_write_bytes: 929792

[2018-11-30T16:48:25-08:00]
rchar: 331156770206
wchar: 152773688066
syscr: 40109893
syscw: 4291428
read_bytes: 43186007552
write_bytes: 152991051776
cancelled_write_bytes: 929792

[2018-11-30T16:48:28-08:00]
rchar: 332079003573
wchar: 153165890563
syscr: 40221614
syscw: 4304349
read_bytes: 43268324864
write_bytes: 153383772160
cancelled_write_bytes: 937984

[2018-11-30T16:48:31-08:00]
rchar: 333872048799
wchar: 153562362890
syscr: 40438998
syscw: 4333989
read_bytes: 43454381568
write_bytes: 153780613120
cancelled_write_bytes: 937984

[2018-11-30T16:48:34-08:00]
rchar: 334044612534
wchar: 153748742528
syscr: 40459915
syscw: 4337904
read_bytes: 43468865024
write_bytes: 153967312896
cancelled_write_bytes: 937984

[2018-11-30T16:48:37-08:00]
rchar: 336899120946
wchar: 154132814685
syscr: 40805941
syscw: 4375706
read_bytes: 43664502272
write_bytes: 154351640576
cancelled_write_bytes: 946176

[2018-11-30T16:48:40-08:00]
rchar: 338671552997
wchar: 154471880201
syscr: 41020759
syscw: 4395136
read_bytes: 43758484992
write_bytes: 154691125248
cancelled_write_bytes: 954368

[2018-11-30T16:48:43-08:00]
rchar: 340544461855
wchar: 154697492508
syscr: 41247839
syscw: 4415203
read_bytes: 43843706368
write_bytes: 154916909056
cancelled_write_bytes: 954368

[2018-11-30T16:48:46-08:00]
rchar: 341325079297
wchar: 155284602241
syscr: 41342424
syscw: 4420946
read_bytes: 43856150016
write_bytes: 155504910336
cancelled_write_bytes: 962560

[2018-11-30T16:48:49-08:00]
rchar: 342107271903
wchar: 155764938655
syscr: 41437261
syscw: 4425309
read_bytes: 43865480704
write_bytes: 155985973248
cancelled_write_bytes: 962560

[2018-11-30T16:48:52-08:00]
rchar: 342844969986
wchar: 156197714228
syscr: 41526605
syscw: 4429665
read_bytes: 43874778624
write_bytes: 156419436544
cancelled_write_bytes: 962560

[2018-11-30T16:48:55-08:00]
rchar: 343442439442
wchar: 156551335329
syscr: 41599056
syscw: 4433275
read_bytes: 43882540544
write_bytes: 156773584896
cancelled_write_bytes: 962560

[2018-11-30T16:48:58-08:00]
rchar: 344246781879
wchar: 157004212057
syscr: 41696523
syscw: 4438341
read_bytes: 43893108224
write_bytes: 157227163648
cancelled_write_bytes: 962560

[2018-11-30T16:49:01-08:00]
rchar: 344808269719
wchar: 157328315395
syscr: 41764566
syscw: 4441739
read_bytes: 43900358144
write_bytes: 157551742976
cancelled_write_bytes: 962560

[2018-11-30T16:49:04-08:00]
rchar: 345642953322
wchar: 157804538485
syscr: 41865756
syscw: 4446974
read_bytes: 43910663680
write_bytes: 158028697600
cancelled_write_bytes: 962560

[2018-11-30T16:49:07-08:00]
rchar: 346452756728
wchar: 158260629248
syscr: 41963883
syscw: 4452222
read_bytes: 43921128960
write_bytes: 158485475328
cancelled_write_bytes: 962560

[2018-11-30T16:49:10-08:00]
rchar: 347215624287
wchar: 158691277014
syscr: 42056332
syscw: 4457246
read_bytes: 43931217408
write_bytes: 158916841472
cancelled_write_bytes: 962560

[2018-11-30T16:49:13-08:00]
rchar: 347975045221
wchar: 159140877397
syscr: 42148407
syscw: 4461974
read_bytes: 43940859392
write_bytes: 159367991296
cancelled_write_bytes: 962560

[2018-11-30T16:49:16-08:00]
rchar: 348608187233
wchar: 159532187024
syscr: 42224827
syscw: 4465864
read_bytes: 43948613120
write_bytes: 159759040512
cancelled_write_bytes: 962560

[2018-11-30T16:49:19-08:00]
rchar: 349175993472
wchar: 159816556522
syscr: 42293636
syscw: 4473173
read_bytes: 43966807552
write_bytes: 160043851776
cancelled_write_bytes: 962560

[2018-11-30T16:49:22-08:00]
rchar: 349638850875
wchar: 160184941496
syscr: 42349674
syscw: 4480177
read_bytes: 43983957504
write_bytes: 160412794880
cancelled_write_bytes: 974848

[2018-11-30T16:49:25-08:00]
rchar: 352091035785
wchar: 160530830724
syscr: 42646996
syscw: 4508997
read_bytes: 44146052608
write_bytes: 160758894592
cancelled_write_bytes: 974848

[2018-11-30T16:49:28-08:00]
rchar: 353535604681
wchar: 161073702581
syscr: 42822078
syscw: 4523387
read_bytes: 44205374976
write_bytes: 161302560768
cancelled_write_bytes: 983040

[2018-11-30T16:49:31-08:00]
rchar: 354061568106
wchar: 161373005071
syscr: 42885673
syscw: 4527408
read_bytes: 44213726720
write_bytes: 161603108864
cancelled_write_bytes: 983040

[2018-11-30T16:49:34-08:00]
rchar: 354840076923
wchar: 161851975353
syscr: 42979892
syscw: 4532762
read_bytes: 44224568832
write_bytes: 162082103296
cancelled_write_bytes: 983040

[2018-11-30T16:49:37-08:00]
rchar: 355719567393
wchar: 162299158323
syscr: 43086340
syscw: 4541612
read_bytes: 44244565504
write_bytes: 162529996800
cancelled_write_bytes: 983040

[2018-11-30T16:49:40-08:00]
rchar: 356221256877
wchar: 162618293204
syscr: 43147139
syscw: 4548108
read_bytes: 44259147264
write_bytes: 162849583104
cancelled_write_bytes: 983040

[2018-11-30T16:49:43-08:00]
rchar: 356652992201
wchar: 162796856348
syscr: 43199478
syscw: 4555046
read_bytes: 44280782336
write_bytes: 163028365312
cancelled_write_bytes: 983040

[2018-11-30T16:49:46-08:00]
rchar: 356891021355
wchar: 163072721371
syscr: 43228252
syscw: 4559924
read_bytes: 44291481088
write_bytes: 163305472000
cancelled_write_bytes: 983040

[2018-11-30T16:49:49-08:00]
rchar: 357809563115
wchar: 163566730344
syscr: 43339584
syscw: 4570000
read_bytes: 44315389440
write_bytes: 163799842816
cancelled_write_bytes: 995328

[2018-11-30T16:49:52-08:00]
rchar: 358409176929
wchar: 163861602628
syscr: 43412269
syscw: 4577862
read_bytes: 44333465088
write_bytes: 164094668800
cancelled_write_bytes: 999424

[2018-11-30T16:49:55-08:00]
rchar: 359026445712
wchar: 164210858194
syscr: 43487079
syscw: 4584981
read_bytes: 44349595136
write_bytes: 164444434432
cancelled_write_bytes: 999424

[2018-11-30T16:49:58-08:00]
rchar: 360134478623
wchar: 164686267617
syscr: 43621390
syscw: 4598692
read_bytes: 44389527040
write_bytes: 164920500224
cancelled_write_bytes: 1007616

[2018-11-30T16:50:01-08:00]
rchar: 360401900383
wchar: 164836050111
syscr: 43653802
syscw: 4601858
read_bytes: 44397063680
write_bytes: 165070495744
cancelled_write_bytes: 1007616

[2018-11-30T16:50:04-08:00]
rchar: 360666193359
wchar: 165140748865
syscr: 43685841
syscw: 4605426
read_bytes: 44403768832
write_bytes: 165375684608
cancelled_write_bytes: 1007616

[2018-11-30T16:50:07-08:00]
rchar: 361408357852
wchar: 165491685315
syscr: 43775724
syscw: 4613443
read_bytes: 44422159872
write_bytes: 165727137792
cancelled_write_bytes: 1015808

[2018-11-30T16:50:10-08:00]
rchar: 362554581989
wchar: 165937608445
syscr: 43914667
syscw: 4624970
read_bytes: 44454546944
write_bytes: 166173671424
cancelled_write_bytes: 1019904

[2018-11-30T16:50:13-08:00]
rchar: 363421154294
wchar: 166304051384
syscr: 44019710
syscw: 4634281
read_bytes: 44477656576
write_bytes: 166540632064
cancelled_write_bytes: 1024000

[2018-11-30T16:50:16-08:00]
rchar: 364490922046
wchar: 166730752525
syscr: 44149383
syscw: 4645596
read_bytes: 44508745216
write_bytes: 166967922688
cancelled_write_bytes: 1024000

[2018-11-30T16:50:19-08:00]
rchar: 364764678309
wchar: 166850361877
syscr: 44182561
syscw: 4649390
read_bytes: 44516572672
write_bytes: 167087820800
cancelled_write_bytes: 1024000

[2018-11-30T16:50:22-08:00]
rchar: 365476201523
wchar: 167319492288
syscr: 44268738
syscw: 4656415
read_bytes: 44533054976
write_bytes: 167557550080
cancelled_write_bytes: 1036288

[2018-11-30T16:50:25-08:00]
rchar: 366156886899
wchar: 167691747512
syscr: 44351262
syscw: 4661816
read_bytes: 44543774208
write_bytes: 167930372096
cancelled_write_bytes: 1036288

[2018-11-30T16:50:28-08:00]
rchar: 366920651508
wchar: 168165581888
syscr: 44443635
syscw: 4667136
read_bytes: 44554264064
write_bytes: 168404983808
cancelled_write_bytes: 1036288

[2018-11-30T16:50:31-08:00]
rchar: 367415089771
wchar: 168438299074
syscr: 44503459
syscw: 4671126
read_bytes: 44562198016
write_bytes: 168678141952
cancelled_write_bytes: 1036288

[2018-11-30T16:50:34-08:00]
rchar: 368109114431
wchar: 168752723877
syscr: 44587527
syscw: 4680530
read_bytes: 44584893952
write_bytes: 168993026048
cancelled_write_bytes: 1036288

[2018-11-30T16:50:37-08:00]
rchar: 369046624117
wchar: 169137786114
syscr: 44701188
syscw: 4694441
read_bytes: 44630187520
write_bytes: 169378562048
cancelled_write_bytes: 1040384

[2018-11-30T16:50:40-08:00]
rchar: 369341948239
wchar: 169464334864
syscr: 44736973
syscw: 4699603
read_bytes: 44641672704
write_bytes: 169705635840
cancelled_write_bytes: 1040384

[2018-11-30T16:50:43-08:00]
rchar: 370253837543
wchar: 169957238936
syscr: 44847428
syscw: 4710150
read_bytes: 44665576960
write_bytes: 170199281664
cancelled_write_bytes: 1052672

[2018-11-30T16:50:46-08:00]
rchar: 371584657498
wchar: 170539866555
syscr: 45008736
syscw: 4724386
read_bytes: 44706123264
write_bytes: 170782699520
cancelled_write_bytes: 1056768

[2018-11-30T16:50:49-08:00]
rchar: 372344947033
wchar: 170886372641
syscr: 45100899
syscw: 4733410
read_bytes: 44729822720
write_bytes: 171129679872
cancelled_write_bytes: 1069056

[2018-11-30T16:50:52-08:00]
rchar: 372886907462
wchar: 171217810159
syscr: 45166596
syscw: 4741970
read_bytes: 44753407488
write_bytes: 171461615616
cancelled_write_bytes: 1073152

[2018-11-30T16:50:55-08:00]
rchar: 375567425052
wchar: 171518476063
syscr: 45491529
syscw: 4774676
read_bytes: 44891274752
write_bytes: 171762425856
cancelled_write_bytes: 1085440

[2018-11-30T16:50:58-08:00]
rchar: 376189198901
wchar: 172031454919
syscr: 45566872
syscw: 4779715
read_bytes: 44911021568
write_bytes: 172276183040
cancelled_write_bytes: 1093632

[2018-11-30T16:51:01-08:00]
rchar: 376754847502
wchar: 172431454591
syscr: 45635337
syscw: 4782777
read_bytes: 44928974336
write_bytes: 172676808704
cancelled_write_bytes: 1093632

[2018-11-30T16:51:04-08:00]
rchar: 377331182016
wchar: 172840748368
syscr: 45705126
syscw: 4785670
read_bytes: 44946570752
write_bytes: 173087191040
cancelled_write_bytes: 1093632

[2018-11-30T16:51:07-08:00]
rchar: 377827233773
wchar: 173194767680
syscr: 45765181
syscw: 4788223
read_bytes: 44961000960
write_bytes: 173441331200
cancelled_write_bytes: 1093632

[2018-11-30T16:51:10-08:00]
rchar: 378395686835
wchar: 173582119956
syscr: 45833947
syscw: 4791433
read_bytes: 44982664704
write_bytes: 173829332992
cancelled_write_bytes: 1093632

[2018-11-30T16:51:13-08:00]
rchar: 379286011651
wchar: 173951702766
syscr: 45941903
syscw: 4809639
read_bytes: 45141892608
write_bytes: 174199308288
cancelled_write_bytes: 1093632

[2018-11-30T16:51:16-08:00]
rchar: 380283159073
wchar: 174373984222
syscr: 46062795
syscw: 4829765
read_bytes: 45323890176
write_bytes: 174622089216
cancelled_write_bytes: 1093632

[2018-11-30T16:51:19-08:00]
rchar: 380558744065
wchar: 174628819399
syscr: 46096131
syscw: 4835702
read_bytes: 45364698624
write_bytes: 174877335552
cancelled_write_bytes: 1101824

[2018-11-30T16:51:22-08:00]
rchar: 381864296804
wchar: 175057000666
syscr: 46254425
syscw: 4856829
read_bytes: 45547220480
write_bytes: 175306022912
cancelled_write_bytes: 1101824

[2018-11-30T16:51:25-08:00]
rchar: 382835812645
wchar: 175384881829
syscr: 46372153
syscw: 4873701
read_bytes: 45686525440
write_bytes: 175634313216
cancelled_write_bytes: 1101824

[2018-11-30T16:51:28-08:00]
rchar: 383679905720
wchar: 175682620467
syscr: 46474491
syscw: 4887732
read_bytes: 45810904576
write_bytes: 175932379136
cancelled_write_bytes: 1101824

[2018-11-30T16:51:31-08:00]
rchar: 384001281260
wchar: 176071903111
syscr: 46513381
syscw: 4890427
read_bytes: 45829606912
write_bytes: 176322330624
cancelled_write_bytes: 1110016

[2018-11-30T16:51:34-08:00]
rchar: 384573134141
wchar: 176533665522
syscr: 46582682
syscw: 4892704
read_bytes: 45850324480
write_bytes: 176784797696
cancelled_write_bytes: 1110016

[2018-11-30T16:51:37-08:00]
rchar: 384992253039
wchar: 176863177765
syscr: 46633462
syscw: 4894527
read_bytes: 45864828416
write_bytes: 177114800128
cancelled_write_bytes: 1110016

[2018-11-30T16:51:40-08:00]
rchar: 385533089518
wchar: 177299558391
syscr: 46698987
syscw: 4896708
read_bytes: 45886369280
write_bytes: 177551851520
cancelled_write_bytes: 1110016

[2018-11-30T16:51:43-08:00]
rchar: 385901676284
wchar: 177605161057
syscr: 46743661
syscw: 4897887
read_bytes: 45900066304
write_bytes: 177857921024
cancelled_write_bytes: 1110016

[2018-11-30T16:51:46-08:00]
rchar: 386300750779
wchar: 177933193671
syscr: 46792013
syscw: 4899436
read_bytes: 45916737024
write_bytes: 178186489856
cancelled_write_bytes: 1110016

[2018-11-30T16:51:49-08:00]
rchar: 386703935645
wchar: 178267146286
syscr: 46840870
syscw: 4900858
read_bytes: 45940682240
write_bytes: 178520961024
cancelled_write_bytes: 1110016

[2018-11-30T16:51:52-08:00]
rchar: 387045419674
wchar: 178561827219
syscr: 46882249
syscw: 4901856
read_bytes: 45959900672
write_bytes: 178816110592
cancelled_write_bytes: 1110016

[2018-11-30T16:51:55-08:00]
rchar: 387566337719
wchar: 179019589616
syscr: 46945395
syscw: 4903119
read_bytes: 45991411200
write_bytes: 179274588160
cancelled_write_bytes: 1110016

[2018-11-30T16:51:58-08:00]
rchar: 388046092594
wchar: 179454935188
syscr: 47003426
syscw: 4903891
read_bytes: 46012337664
write_bytes: 179710672896
cancelled_write_bytes: 1110016

[2018-11-30T16:52:01-08:00]
rchar: 388348096851
wchar: 179729711917
syscr: 47039951
syscw: 4904379
read_bytes: 46029184512
write_bytes: 179985928192
cancelled_write_bytes: 1110016

[2018-11-30T16:52:04-08:00]
rchar: 388681671471
wchar: 180023945736
syscr: 47080251
syscw: 4905056
read_bytes: 46067101184
write_bytes: 180280684544
cancelled_write_bytes: 1110016

