[2018-11-30T14:42:35-08:00]
rchar: 22368439
wchar: 8745804
syscr: 4106
syscw: 1336
read_bytes: 29808128
write_bytes: 8781824
cancelled_write_bytes: 0

[2018-11-30T14:42:38-08:00]
rchar: 368098631
wchar: 290543529
syscr: 15513
syscw: 1620
read_bytes: 448215552
write_bytes: 290979840
cancelled_write_bytes: 0

[2018-11-30T14:42:41-08:00]
rchar: 712523033
wchar: 506098074
syscr: 57280
syscw: 19104
read_bytes: 875702784
write_bytes: 506789888
cancelled_write_bytes: 0

[2018-11-30T14:42:44-08:00]
rchar: 1142425017
wchar: 782490114
syscr: 109401
syscw: 43266
read_bytes: 1401956864
write_bytes: 783491072
cancelled_write_bytes: 0

[2018-11-30T14:42:47-08:00]
rchar: 1431313763
wchar: 932377830
syscr: 144426
syscw: 66626
read_bytes: 1776126464
write_bytes: 933498880
cancelled_write_bytes: 0

[2018-11-30T14:42:50-08:00]
rchar: 1709834268
wchar: 1354014711
syscr: 178060
syscw: 68791
read_bytes: 1802934784
write_bytes: 1355812864
cancelled_write_bytes: 8192

[2018-11-30T14:42:53-08:00]
rchar: 2213746182
wchar: 1584013477
syscr: 239047
syscw: 84304
read_bytes: 2115066368
write_bytes: 1586081792
cancelled_write_bytes: 8192

[2018-11-30T14:42:56-08:00]
rchar: 2797347866
wchar: 1967690162
syscr: 309723
syscw: 96480
read_bytes: 2338486784
write_bytes: 1970343936
cancelled_write_bytes: 8192

[2018-11-30T14:42:59-08:00]
rchar: 3462759856
wchar: 2101361268
syscr: 390401
syscw: 128088
read_bytes: 2744871424
write_bytes: 2104053760
cancelled_write_bytes: 16384

[2018-11-30T14:43:02-08:00]
rchar: 4311135006
wchar: 2364755347
syscr: 493190
syscw: 154594
read_bytes: 3076942336
write_bytes: 2367766528
cancelled_write_bytes: 24576

[2018-11-30T14:43:05-08:00]
rchar: 5421532902
wchar: 2661134315
syscr: 627830
syscw: 189169
read_bytes: 3508554240
write_bytes: 2664452096
cancelled_write_bytes: 24576

[2018-11-30T14:43:08-08:00]
rchar: 5974678128
wchar: 3137602376
syscr: 694710
syscw: 191250
read_bytes: 3528100352
write_bytes: 3141705728
cancelled_write_bytes: 32768

[2018-11-30T14:43:11-08:00]
rchar: 6352531178
wchar: 3449722132
syscr: 740343
syscw: 192843
read_bytes: 3543742976
write_bytes: 3454357504
cancelled_write_bytes: 32768

[2018-11-30T14:43:14-08:00]
rchar: 6874558420
wchar: 3761245276
syscr: 803594
syscw: 204662
read_bytes: 3729029632
write_bytes: 3766288384
cancelled_write_bytes: 81920

[2018-11-30T14:43:17-08:00]
rchar: 7345477206
wchar: 4053080478
syscr: 860670
syscw: 215354
read_bytes: 3904489984
write_bytes: 4058525696
cancelled_write_bytes: 90112

[2018-11-30T14:43:20-08:00]
rchar: 8020466190
wchar: 4303087835
syscr: 942499
syscw: 241366
read_bytes: 4341697024
write_bytes: 4308758528
cancelled_write_bytes: 90112

[2018-11-30T14:43:23-08:00]
rchar: 8340982237
wchar: 4619057409
syscr: 981361
syscw: 252028
read_bytes: 4513839616
write_bytes: 4625186816
cancelled_write_bytes: 90112

[2018-11-30T14:43:26-08:00]
rchar: 9408392966
wchar: 4884962760
syscr: 1110697
syscw: 280829
read_bytes: 4978387456
write_bytes: 4891373568
cancelled_write_bytes: 106496

[2018-11-30T14:43:29-08:00]
rchar: 10512090228
wchar: 5151890471
syscr: 1244505
syscw: 311489
read_bytes: 5452896768
write_bytes: 5158518784
cancelled_write_bytes: 106496

[2018-11-30T14:43:32-08:00]
rchar: 11370815171
wchar: 5468367750
syscr: 1348542
syscw: 329928
read_bytes: 5730159104
write_bytes: 5475422208
cancelled_write_bytes: 114688

[2018-11-30T14:43:35-08:00]
rchar: 12865456726
wchar: 5897575670
syscr: 1529783
syscw: 357689
read_bytes: 6138628608
write_bytes: 5905166336
cancelled_write_bytes: 118784

[2018-11-30T14:43:38-08:00]
rchar: 13370689977
wchar: 6328077079
syscr: 1590861
syscw: 359522
read_bytes: 6153931264
write_bytes: 6336417792
cancelled_write_bytes: 118784

[2018-11-30T14:43:41-08:00]
rchar: 13900166264
wchar: 6607251819
syscr: 1654913
syscw: 372884
read_bytes: 6341122560
write_bytes: 6616014848
cancelled_write_bytes: 118784

[2018-11-30T14:43:44-08:00]
rchar: 14202218562
wchar: 6857238094
syscr: 1691454
syscw: 382444
read_bytes: 6478019072
write_bytes: 6866386944
cancelled_write_bytes: 143360

[2018-11-30T14:43:47-08:00]
rchar: 15671492700
wchar: 7224698441
syscr: 1869590
syscw: 422013
read_bytes: 7042451968
write_bytes: 7234605056
cancelled_write_bytes: 147456

[2018-11-30T14:43:50-08:00]
rchar: 16357227594
wchar: 7557283828
syscr: 1952731
syscw: 440344
read_bytes: 7291943424
write_bytes: 7567212544
cancelled_write_bytes: 147456

[2018-11-30T14:43:53-08:00]
rchar: 17312747692
wchar: 7767398880
syscr: 2068491
syscw: 460391
read_bytes: 7572371968
write_bytes: 7777558528
cancelled_write_bytes: 159744

[2018-11-30T14:43:56-08:00]
rchar: 19069943016
wchar: 8084901941
syscr: 2281545
syscw: 497971
read_bytes: 8080935424
write_bytes: 8095342592
cancelled_write_bytes: 159744

[2018-11-30T14:43:59-08:00]
rchar: 19509827992
wchar: 8315512613
syscr: 2334797
syscw: 505818
read_bytes: 8186452480
write_bytes: 8326328320
cancelled_write_bytes: 172032

[2018-11-30T14:44:02-08:00]
rchar: 21540902454
wchar: 8610589189
syscr: 2581047
syscw: 541201
read_bytes: 8653462016
write_bytes: 8621649920
cancelled_write_bytes: 172032

[2018-11-30T14:44:05-08:00]
rchar: 22629242489
wchar: 8930987880
syscr: 2713002
syscw: 560409
read_bytes: 8903502336
write_bytes: 8942481408
cancelled_write_bytes: 172032

[2018-11-30T14:44:08-08:00]
rchar: 23392106565
wchar: 9546133436
syscr: 2805417
syscw: 562659
read_bytes: 8931731968
write_bytes: 9558700032
cancelled_write_bytes: 180224

[2018-11-30T14:44:11-08:00]
rchar: 24528517975
wchar: 9917306505
syscr: 2942890
syscw: 590639
read_bytes: 9389931008
write_bytes: 9930272768
cancelled_write_bytes: 180224

[2018-11-30T14:44:14-08:00]
rchar: 25445466448
wchar: 10220157911
syscr: 3054046
syscw: 614071
read_bytes: 9770174976
write_bytes: 10233450496
cancelled_write_bytes: 180224

[2018-11-30T14:44:17-08:00]
rchar: 25758732243
wchar: 10479322775
syscr: 3092028
syscw: 622456
read_bytes: 9887681024
write_bytes: 10493022208
cancelled_write_bytes: 180224

[2018-11-30T14:44:20-08:00]
rchar: 27368638865
wchar: 10778429164
syscr: 3287147
syscw: 656556
read_bytes: 10318240256
write_bytes: 10792398848
cancelled_write_bytes: 188416

[2018-11-30T14:44:23-08:00]
rchar: 28563798422
wchar: 10995762352
syscr: 3432050
syscw: 682187
read_bytes: 10640079360
write_bytes: 11009912832
cancelled_write_bytes: 188416

[2018-11-30T14:44:26-08:00]
rchar: 29904459637
wchar: 11431286470
syscr: 3594520
syscw: 703645
read_bytes: 10891504128
write_bytes: 11446050816
cancelled_write_bytes: 196608

[2018-11-30T14:44:29-08:00]
rchar: 30371026538
wchar: 11798647919
syscr: 3650966
syscw: 705428
read_bytes: 10904001024
write_bytes: 11814039552
cancelled_write_bytes: 196608

[2018-11-30T14:44:32-08:00]
rchar: 30751958302
wchar: 12099736682
syscr: 3697036
syscw: 706937
read_bytes: 10914699776
write_bytes: 12115636224
cancelled_write_bytes: 196608

[2018-11-30T14:44:35-08:00]
rchar: 31137279511
wchar: 12402587676
syscr: 3743610
syscw: 708370
read_bytes: 10925050368
write_bytes: 12419006464
cancelled_write_bytes: 196608

[2018-11-30T14:44:38-08:00]
rchar: 31668842055
wchar: 12815216884
syscr: 3807877
syscw: 711267
read_bytes: 10947000832
write_bytes: 12832325632
cancelled_write_bytes: 196608

[2018-11-30T14:44:41-08:00]
rchar: 32267950144
wchar: 13167789710
syscr: 3880497
syscw: 724602
read_bytes: 11092240896
write_bytes: 13185351680
cancelled_write_bytes: 200704

[2018-11-30T14:44:44-08:00]
rchar: 32773001879
wchar: 13487570622
syscr: 3941659
syscw: 743358
read_bytes: 11313211904
write_bytes: 13505572864
cancelled_write_bytes: 200704

[2018-11-30T14:44:47-08:00]
rchar: 34364770799
wchar: 13818916738
syscr: 4134650
syscw: 784652
read_bytes: 11787704832
write_bytes: 13837205504
cancelled_write_bytes: 212992

[2018-11-30T14:44:50-08:00]
rchar: 34987379008
wchar: 14094285866
syscr: 4210141
syscw: 801143
read_bytes: 11973152256
write_bytes: 14112931840
cancelled_write_bytes: 212992

[2018-11-30T14:44:53-08:00]
rchar: 36832372529
wchar: 14419632872
syscr: 4433760
syscw: 838052
read_bytes: 12385742336
write_bytes: 14439632896
cancelled_write_bytes: 221184

[2018-11-30T14:44:56-08:00]
rchar: 37706760605
wchar: 14573720689
syscr: 4539767
syscw: 855847
read_bytes: 12582968832
write_bytes: 14593859584
cancelled_write_bytes: 221184

[2018-11-30T14:44:59-08:00]
rchar: 38868995871
wchar: 14883434789
syscr: 4680612
syscw: 874582
read_bytes: 12789349888
write_bytes: 14904000512
cancelled_write_bytes: 233472

[2018-11-30T14:45:02-08:00]
rchar: 41165888149
wchar: 15193534225
syscr: 4959093
syscw: 912550
read_bytes: 13208628736
write_bytes: 15214350336
cancelled_write_bytes: 233472

[2018-11-30T14:45:05-08:00]
rchar: 41268702228
wchar: 15367862109
syscr: 4971590
syscw: 914480
read_bytes: 13228244480
write_bytes: 15388991488
cancelled_write_bytes: 233472

[2018-11-30T14:45:08-08:00]
rchar: 41951631191
wchar: 15908414213
syscr: 5054310
syscw: 916858
read_bytes: 13269578240
write_bytes: 15930470400
cancelled_write_bytes: 241664

[2018-11-30T14:45:11-08:00]
rchar: 42415825344
wchar: 16235126961
syscr: 5110296
syscw: 920105
read_bytes: 13361472000
write_bytes: 16257699840
cancelled_write_bytes: 241664

[2018-11-30T14:45:14-08:00]
rchar: 42990088919
wchar: 16573355039
syscr: 5179908
syscw: 928551
read_bytes: 13625532928
write_bytes: 16596381696
cancelled_write_bytes: 241664

[2018-11-30T14:45:17-08:00]
rchar: 43636789411
wchar: 16953173414
syscr: 5258291
syscw: 937941
read_bytes: 13913371136
write_bytes: 16976719872
cancelled_write_bytes: 241664

[2018-11-30T14:45:20-08:00]
rchar: 44314370323
wchar: 17342531596
syscr: 5340405
syscw: 948562
read_bytes: 14202819072
write_bytes: 17366622208
cancelled_write_bytes: 241664

[2018-11-30T14:45:23-08:00]
rchar: 44985438853
wchar: 17714095589
syscr: 5421733
syscw: 959481
read_bytes: 14493630976
write_bytes: 17738715136
cancelled_write_bytes: 241664

[2018-11-30T14:45:26-08:00]
rchar: 45621747060
wchar: 18057163199
syscr: 5498890
syscw: 970301
read_bytes: 14766129664
write_bytes: 18082242560
cancelled_write_bytes: 241664

[2018-11-30T14:45:29-08:00]
rchar: 46304390783
wchar: 18467272453
syscr: 5581613
syscw: 980270
read_bytes: 14937649664
write_bytes: 18492952576
cancelled_write_bytes: 241664

[2018-11-30T14:45:32-08:00]
rchar: 46672181138
wchar: 18761814912
syscr: 5626129
syscw: 986980
read_bytes: 15054606848
write_bytes: 18787938304
cancelled_write_bytes: 249856

[2018-11-30T14:45:35-08:00]
rchar: 47915328918
wchar: 19044107647
syscr: 5776834
syscw: 1010314
read_bytes: 15353647616
write_bytes: 19070566400
cancelled_write_bytes: 249856

[2018-11-30T14:45:38-08:00]
rchar: 49320142664
wchar: 19279689826
syscr: 5947164
syscw: 1039028
read_bytes: 15653192192
write_bytes: 19306344448
cancelled_write_bytes: 249856

[2018-11-30T14:45:41-08:00]
rchar: 49790077668
wchar: 19780904323
syscr: 6004082
syscw: 1042211
read_bytes: 15687430656
write_bytes: 19808333824
cancelled_write_bytes: 258048

[2018-11-30T14:45:44-08:00]
rchar: 50111254045
wchar: 20041307674
syscr: 6043020
syscw: 1043424
read_bytes: 15712723456
write_bytes: 20069134336
cancelled_write_bytes: 258048

[2018-11-30T14:45:47-08:00]
rchar: 50542474218
wchar: 20402452995
syscr: 6095160
syscw: 1044710
read_bytes: 15748776448
write_bytes: 20430888960
cancelled_write_bytes: 258048

[2018-11-30T14:45:50-08:00]
rchar: 50987745792
wchar: 20772690525
syscr: 6149003
syscw: 1046065
read_bytes: 15791428096
write_bytes: 20801736704
cancelled_write_bytes: 258048

[2018-11-30T14:45:53-08:00]
rchar: 51311614356
wchar: 21039286829
syscr: 6188174
syscw: 1047041
read_bytes: 15819047424
write_bytes: 21068779520
cancelled_write_bytes: 258048

[2018-11-30T14:45:56-08:00]
rchar: 51685409042
wchar: 21338081712
syscr: 6233306
syscw: 1048737
read_bytes: 15874384384
write_bytes: 21368086528
cancelled_write_bytes: 258048

[2018-11-30T14:45:59-08:00]
rchar: 52136108653
wchar: 21640631706
syscr: 6287944
syscw: 1055234
read_bytes: 16125768192
write_bytes: 21671026688
cancelled_write_bytes: 258048

[2018-11-30T14:46:02-08:00]
rchar: 52593890204
wchar: 21943996928
syscr: 6343434
syscw: 1061858
read_bytes: 16377659904
write_bytes: 21974806528
cancelled_write_bytes: 258048

[2018-11-30T14:46:05-08:00]
rchar: 53000665624
wchar: 22238730599
syscr: 6392722
syscw: 1066898
read_bytes: 16571240960
write_bytes: 22269947904
cancelled_write_bytes: 258048

[2018-11-30T14:46:08-08:00]
rchar: 53605431479
wchar: 22640272448
syscr: 6466022
syscw: 1075981
read_bytes: 16901857792
write_bytes: 22672023552
cancelled_write_bytes: 258048

[2018-11-30T14:46:11-08:00]
rchar: 53948456278
wchar: 22871127500
syscr: 6507596
syscw: 1081118
read_bytes: 17088664064
write_bytes: 22903189504
cancelled_write_bytes: 258048

[2018-11-30T14:46:14-08:00]
rchar: 54514216984
wchar: 23247820604
syscr: 6576163
syscw: 1089634
read_bytes: 17395429888
write_bytes: 23280418816
cancelled_write_bytes: 258048

[2018-11-30T14:46:17-08:00]
rchar: 54950611407
wchar: 23537420228
syscr: 6629044
syscw: 1096154
read_bytes: 17632694784
write_bytes: 23570419712
cancelled_write_bytes: 258048

[2018-11-30T14:46:20-08:00]
rchar: 55565583330
wchar: 23963490822
syscr: 6703597
syscw: 1104626
read_bytes: 17937269248
write_bytes: 23997067264
cancelled_write_bytes: 258048

[2018-11-30T14:46:23-08:00]
rchar: 55768705952
wchar: 24274284756
syscr: 6728227
syscw: 1107646
read_bytes: 18028896768
write_bytes: 24308367360
cancelled_write_bytes: 258048

[2018-11-30T14:46:26-08:00]
rchar: 56239294909
wchar: 24576808763
syscr: 6785151
syscw: 1112727
read_bytes: 18190807552
write_bytes: 24611368960
cancelled_write_bytes: 266240

[2018-11-30T14:46:29-08:00]
rchar: 57139456865
wchar: 25062913479
syscr: 6894262
syscw: 1125088
read_bytes: 18577326592
write_bytes: 25098133504
cancelled_write_bytes: 266240

[2018-11-30T14:46:32-08:00]
rchar: 57742158640
wchar: 25388276801
syscr: 6967310
syscw: 1133407
read_bytes: 18839056896
write_bytes: 25423921152
cancelled_write_bytes: 266240

[2018-11-30T14:46:35-08:00]
rchar: 58611618057
wchar: 25844664334
syscr: 7072700
syscw: 1145755
read_bytes: 19211424256
write_bytes: 25880932352
cancelled_write_bytes: 266240

[2018-11-30T14:46:38-08:00]
rchar: 59289436464
wchar: 26177908581
syscr: 7154836
syscw: 1156552
read_bytes: 19483542016
write_bytes: 26214633472
cancelled_write_bytes: 266240

[2018-11-30T14:46:41-08:00]
rchar: 60043640651
wchar: 26533914878
syscr: 7246272
syscw: 1168958
read_bytes: 19769487872
write_bytes: 26571091968
cancelled_write_bytes: 266240

[2018-11-30T14:46:44-08:00]
rchar: 60316122354
wchar: 26803949160
syscr: 7279304
syscw: 1174144
read_bytes: 19865833984
write_bytes: 26841567232
cancelled_write_bytes: 266240

[2018-11-30T14:46:47-08:00]
rchar: 61023392309
wchar: 27082839590
syscr: 7364943
syscw: 1184227
read_bytes: 20036563456
write_bytes: 27120881664
cancelled_write_bytes: 274432

[2018-11-30T14:46:50-08:00]
rchar: 63065569257
wchar: 27452255125
syscr: 7612534
syscw: 1218832
read_bytes: 20331966976
write_bytes: 27490660352
cancelled_write_bytes: 274432

[2018-11-30T14:46:53-08:00]
rchar: 63685672536
wchar: 27702320664
syscr: 7687720
syscw: 1227086
read_bytes: 20392448512
write_bytes: 27741057024
cancelled_write_bytes: 274432

[2018-11-30T14:46:56-08:00]
rchar: 64106807620
wchar: 28036830420
syscr: 7738687
syscw: 1230594
read_bytes: 20411355648
write_bytes: 28076109824
cancelled_write_bytes: 282624

[2018-11-30T14:46:59-08:00]
rchar: 64780289689
wchar: 28454850656
syscr: 7820312
syscw: 1235205
read_bytes: 20436427264
write_bytes: 28494741504
cancelled_write_bytes: 282624

[2018-11-30T14:47:02-08:00]
rchar: 65560690384
wchar: 28831497013
syscr: 7914908
syscw: 1242057
read_bytes: 20478648832
write_bytes: 28871929856
cancelled_write_bytes: 282624

[2018-11-30T14:47:05-08:00]
rchar: 67748734437
wchar: 29426046734
syscr: 8180155
syscw: 1267753
read_bytes: 20692926976
write_bytes: 29467226112
cancelled_write_bytes: 290816

[2018-11-30T14:47:08-08:00]
rchar: 68653694480
wchar: 29798773648
syscr: 8289856
syscw: 1276852
read_bytes: 20758376960
write_bytes: 29840494592
cancelled_write_bytes: 294912

[2018-11-30T14:47:11-08:00]
rchar: 68950764493
wchar: 29995412790
syscr: 8325801
syscw: 1281647
read_bytes: 20799062528
write_bytes: 30037446656
cancelled_write_bytes: 294912

[2018-11-30T14:47:14-08:00]
rchar: 69778051491
wchar: 30633886703
syscr: 8426094
syscw: 1284635
read_bytes: 20823085568
write_bytes: 30676926464
cancelled_write_bytes: 303104

[2018-11-30T14:47:17-08:00]
rchar: 70397096834
wchar: 31087699569
syscr: 8501136
syscw: 1287225
read_bytes: 20845675008
write_bytes: 31131480064
cancelled_write_bytes: 303104

[2018-11-30T14:47:20-08:00]
rchar: 71141938816
wchar: 31648901327
syscr: 8591100
syscw: 1290295
read_bytes: 20868604416
write_bytes: 31693549568
cancelled_write_bytes: 303104

[2018-11-30T14:47:23-08:00]
rchar: 71556758715
wchar: 31993404496
syscr: 8641371
syscw: 1292571
read_bytes: 20890731008
write_bytes: 32038596608
cancelled_write_bytes: 303104

[2018-11-30T14:47:26-08:00]
rchar: 72560045754
wchar: 32345145374
syscr: 8763001
syscw: 1313909
read_bytes: 21134709248
write_bytes: 32390758400
cancelled_write_bytes: 303104

[2018-11-30T14:47:29-08:00]
rchar: 73555764434
wchar: 32813891770
syscr: 8883696
syscw: 1331680
read_bytes: 21321310720
write_bytes: 32860094464
cancelled_write_bytes: 303104

[2018-11-30T14:47:32-08:00]
rchar: 73943538513
wchar: 33046455197
syscr: 8930697
syscw: 1337023
read_bytes: 21371032064
write_bytes: 33092997120
cancelled_write_bytes: 303104

[2018-11-30T14:47:35-08:00]
rchar: 74253042926
wchar: 33266732295
syscr: 8968138
syscw: 1343628
read_bytes: 21427036672
write_bytes: 33313624064
cancelled_write_bytes: 311296

[2018-11-30T14:47:38-08:00]
rchar: 76802372120
wchar: 33787297071
syscr: 9277246
syscw: 1386511
read_bytes: 21785199104
write_bytes: 33834713088
cancelled_write_bytes: 311296

[2018-11-30T14:47:41-08:00]
rchar: 76962025117
wchar: 33961375455
syscr: 9296517
syscw: 1387899
read_bytes: 21791818240
write_bytes: 34009100288
cancelled_write_bytes: 311296

[2018-11-30T14:47:44-08:00]
rchar: 77289287731
wchar: 34305744720
syscr: 9336170
syscw: 1389760
read_bytes: 21800751616
write_bytes: 34354053120
cancelled_write_bytes: 311296

[2018-11-30T14:47:47-08:00]
rchar: 77723705178
wchar: 34627346052
syscr: 9388623
syscw: 1392029
read_bytes: 21811782144
write_bytes: 34676219904
cancelled_write_bytes: 319488

[2018-11-30T14:47:50-08:00]
rchar: 78092291793
wchar: 34905838750
syscr: 9433170
syscw: 1393769
read_bytes: 21819806208
write_bytes: 34955177984
cancelled_write_bytes: 319488

[2018-11-30T14:47:53-08:00]
rchar: 78519451595
wchar: 35190090893
syscr: 9484856
syscw: 1397027
read_bytes: 21836489216
write_bytes: 35239874560
cancelled_write_bytes: 319488

[2018-11-30T14:47:56-08:00]
rchar: 79752115366
wchar: 35543003100
syscr: 9634297
syscw: 1418983
read_bytes: 22011814400
write_bytes: 35593183232
cancelled_write_bytes: 319488

[2018-11-30T14:47:59-08:00]
rchar: 80698570166
wchar: 35860235881
syscr: 9749060
syscw: 1439855
read_bytes: 22173340160
write_bytes: 35910803456
cancelled_write_bytes: 319488

[2018-11-30T14:48:02-08:00]
rchar: 81206026733
wchar: 36170123526
syscr: 9810485
syscw: 1444370
read_bytes: 22197760512
write_bytes: 36221153280
cancelled_write_bytes: 335872

[2018-11-30T14:48:05-08:00]
rchar: 81724858696
wchar: 36505291535
syscr: 9873364
syscw: 1448279
read_bytes: 22217683456
write_bytes: 36556808192
cancelled_write_bytes: 335872

[2018-11-30T14:48:08-08:00]
rchar: 82203088728
wchar: 36790189541
syscr: 9931332
syscw: 1452514
read_bytes: 22239736320
write_bytes: 36842143744
cancelled_write_bytes: 344064

[2018-11-30T14:48:11-08:00]
rchar: 82904167642
wchar: 37225661562
syscr: 10016301
syscw: 1458475
read_bytes: 22269551104
write_bytes: 37278253056
cancelled_write_bytes: 348160

[2018-11-30T14:48:14-08:00]
rchar: 83643173111
wchar: 37696429322
syscr: 10105865
syscw: 1464553
read_bytes: 22300107264
write_bytes: 37749714944
cancelled_write_bytes: 352256

[2018-11-30T14:48:17-08:00]
rchar: 84123001398
wchar: 37995900567
syscr: 10164026
syscw: 1468851
read_bytes: 22321857024
write_bytes: 38049644544
cancelled_write_bytes: 352256

[2018-11-30T14:48:20-08:00]
rchar: 84579351456
wchar: 38303654717
syscr: 10219332
syscw: 1472294
read_bytes: 22339478016
write_bytes: 38357864448
cancelled_write_bytes: 352256

[2018-11-30T14:48:23-08:00]
rchar: 85996149512
wchar: 38658233710
syscr: 10391107
syscw: 1496479
read_bytes: 22530654720
write_bytes: 38712860672
cancelled_write_bytes: 360448

[2018-11-30T14:48:26-08:00]
rchar: 88527643112
wchar: 38952007863
syscr: 10697962
syscw: 1531578
read_bytes: 22817321472
write_bytes: 39006838784
cancelled_write_bytes: 368640

[2018-11-30T14:48:29-08:00]
rchar: 89258156095
wchar: 39150232861
syscr: 10786531
syscw: 1542594
read_bytes: 22901162496
write_bytes: 39205326848
cancelled_write_bytes: 368640

[2018-11-30T14:48:32-08:00]
rchar: 89778553422
wchar: 39576968004
syscr: 10849582
syscw: 1544915
read_bytes: 22919586304
write_bytes: 39632662528
cancelled_write_bytes: 376832

[2018-11-30T14:48:35-08:00]
rchar: 90202330329
wchar: 39895255228
syscr: 10900950
syscw: 1546719
read_bytes: 22933946880
write_bytes: 39951425536
cancelled_write_bytes: 376832

[2018-11-30T14:48:38-08:00]
rchar: 90576312840
wchar: 40179968123
syscr: 10946197
syscw: 1548174
read_bytes: 22957158912
write_bytes: 40236597248
cancelled_write_bytes: 376832

[2018-11-30T14:48:41-08:00]
rchar: 90992958757
wchar: 40514955713
syscr: 10996676
syscw: 1549533
read_bytes: 22979867136
write_bytes: 40572108800
cancelled_write_bytes: 376832

[2018-11-30T14:48:44-08:00]
rchar: 91474163841
wchar: 40894220208
syscr: 11054886
syscw: 1551106
read_bytes: 23007625728
write_bytes: 40951955456
cancelled_write_bytes: 376832

[2018-11-30T14:48:47-08:00]
rchar: 91984641866
wchar: 41299041577
syscr: 11116694
syscw: 1552738
read_bytes: 23040844288
write_bytes: 41357410304
cancelled_write_bytes: 376832

[2018-11-30T14:48:50-08:00]
rchar: 92538291304
wchar: 41730564685
syscr: 11183683
syscw: 1554633
read_bytes: 23076024832
write_bytes: 41789620224
cancelled_write_bytes: 376832

[2018-11-30T14:48:53-08:00]
rchar: 92939777463
wchar: 42048339707
syscr: 11232295
syscw: 1556302
read_bytes: 23109419520
write_bytes: 42107887616
cancelled_write_bytes: 376832

[2018-11-30T14:48:56-08:00]
rchar: 93363459648
wchar: 42369722029
syscr: 11283630
syscw: 1560201
read_bytes: 23201657344
write_bytes: 42429759488
cancelled_write_bytes: 376832

[2018-11-30T14:48:59-08:00]
rchar: 93948313867
wchar: 42720760871
syscr: 11354505
syscw: 1569865
read_bytes: 23452008960
write_bytes: 42781270016
cancelled_write_bytes: 376832

[2018-11-30T14:49:02-08:00]
rchar: 94514358851
wchar: 43053325491
syscr: 11423119
syscw: 1579524
read_bytes: 23686525440
write_bytes: 43114283008
cancelled_write_bytes: 376832

[2018-11-30T14:49:05-08:00]
rchar: 95017446738
wchar: 43352291144
syscr: 11484098
syscw: 1588209
read_bytes: 23897854464
write_bytes: 43413635072
cancelled_write_bytes: 376832

[2018-11-30T14:49:08-08:00]
rchar: 95566471026
wchar: 43675795487
syscr: 11550629
syscw: 1597697
read_bytes: 24125575680
write_bytes: 43737554944
cancelled_write_bytes: 376832

[2018-11-30T14:49:11-08:00]
rchar: 96159129569
wchar: 44023675109
syscr: 11622477
syscw: 1607858
read_bytes: 24369472000
write_bytes: 44085903360
cancelled_write_bytes: 376832

[2018-11-30T14:49:14-08:00]
rchar: 96357013570
wchar: 44293924339
syscr: 11646410
syscw: 1611037
read_bytes: 24440590848
write_bytes: 44356612096
cancelled_write_bytes: 385024

[2018-11-30T14:49:17-08:00]
rchar: 97055173597
wchar: 44624217009
syscr: 11731035
syscw: 1621260
read_bytes: 24671887872
write_bytes: 44687364096
cancelled_write_bytes: 385024

[2018-11-30T14:49:20-08:00]
rchar: 97811633772
wchar: 44989738847
syscr: 11822709
syscw: 1632348
read_bytes: 24927072768
write_bytes: 45053362176
cancelled_write_bytes: 385024

[2018-11-30T14:49:23-08:00]
rchar: 98470938713
wchar: 45342858820
syscr: 11902638
syscw: 1641130
read_bytes: 25126138368
write_bytes: 45406941184
cancelled_write_bytes: 385024

[2018-11-30T14:49:26-08:00]
rchar: 99081965364
wchar: 45699218116
syscr: 11976688
syscw: 1648905
read_bytes: 25268662784
write_bytes: 45763854336
cancelled_write_bytes: 385024

[2018-11-30T14:49:29-08:00]
rchar: 99804365523
wchar: 46004317008
syscr: 12064240
syscw: 1660966
read_bytes: 25409372672
write_bytes: 46069362688
cancelled_write_bytes: 389120

[2018-11-30T14:49:32-08:00]
rchar: 100423914272
wchar: 46302308321
syscr: 12139352
syscw: 1673098
read_bytes: 25546109440
write_bytes: 46367748096
cancelled_write_bytes: 389120

[2018-11-30T14:49:35-08:00]
rchar: 101182321276
wchar: 46527129924
syscr: 12231222
syscw: 1685391
read_bytes: 25669210624
write_bytes: 46592864256
cancelled_write_bytes: 397312

[2018-11-30T14:49:38-08:00]
rchar: 103078383431
wchar: 46917237229
syscr: 12461098
syscw: 1715963
read_bytes: 25971769856
write_bytes: 46983380992
cancelled_write_bytes: 397312

[2018-11-30T14:49:41-08:00]
rchar: 103850355138
wchar: 47196909943
syscr: 12554700
syscw: 1728855
read_bytes: 26095067648
write_bytes: 47263424512
cancelled_write_bytes: 397312

[2018-11-30T14:49:44-08:00]
rchar: 105732994382
wchar: 47527242488
syscr: 12782864
syscw: 1754518
read_bytes: 26321293824
write_bytes: 47594135552
cancelled_write_bytes: 405504

[2018-11-30T14:49:47-08:00]
rchar: 107548609442
wchar: 47891844879
syscr: 13002995
syscw: 1775599
read_bytes: 26490323456
write_bytes: 47959150592
cancelled_write_bytes: 405504

[2018-11-30T14:49:50-08:00]
rchar: 108458446536
wchar: 48546781736
syscr: 13113257
syscw: 1780096
read_bytes: 26515857920
write_bytes: 48615071744
cancelled_write_bytes: 417792

[2018-11-30T14:49:53-08:00]
rchar: 109059282346
wchar: 48972755327
syscr: 13186039
syscw: 1782722
read_bytes: 26531504640
write_bytes: 49041707008
cancelled_write_bytes: 417792

[2018-11-30T14:49:56-08:00]
rchar: 109544187069
wchar: 49311820725
syscr: 13244830
syscw: 1784883
read_bytes: 26544259584
write_bytes: 49381302272
cancelled_write_bytes: 417792

[2018-11-30T14:49:59-08:00]
rchar: 110305811720
wchar: 49842707483
syscr: 13337128
syscw: 1788422
read_bytes: 26566832640
write_bytes: 49912983552
cancelled_write_bytes: 417792

[2018-11-30T14:50:02-08:00]
rchar: 110877571520
wchar: 50248357438
syscr: 13406402
syscw: 1791125
read_bytes: 26585072128
write_bytes: 50319265792
cancelled_write_bytes: 417792

[2018-11-30T14:50:05-08:00]
rchar: 111506719024
wchar: 50693311198
syscr: 13482654
syscw: 1794000
read_bytes: 26605769216
write_bytes: 50764906496
cancelled_write_bytes: 417792

[2018-11-30T14:50:08-08:00]
rchar: 112073612271
wchar: 51130464619
syscr: 13551048
syscw: 1796237
read_bytes: 26620338688
write_bytes: 51202752512
cancelled_write_bytes: 417792

[2018-11-30T14:50:11-08:00]
rchar: 112505561971
wchar: 51463100464
syscr: 13603392
syscw: 1799107
read_bytes: 26641015296
write_bytes: 51535921152
cancelled_write_bytes: 417792

[2018-11-30T14:50:14-08:00]
rchar: 113580387619
wchar: 52005333396
syscr: 13733709
syscw: 1815352
read_bytes: 26781590016
write_bytes: 52078923776
cancelled_write_bytes: 417792

[2018-11-30T14:50:17-08:00]
rchar: 114390241498
wchar: 52279148469
syscr: 13831883
syscw: 1830357
read_bytes: 26902401536
write_bytes: 52353052672
cancelled_write_bytes: 417792

[2018-11-30T14:50:20-08:00]
rchar: 115042025033
wchar: 52604707419
syscr: 13910825
syscw: 1842004
read_bytes: 26978451968
write_bytes: 52679094272
cancelled_write_bytes: 425984

[2018-11-30T14:50:23-08:00]
rchar: 117210632353
wchar: 52885925982
syscr: 14173765
syscw: 1877258
read_bytes: 27220820480
write_bytes: 52960468992
cancelled_write_bytes: 425984

[2018-11-30T14:50:26-08:00]
rchar: 120159824350
wchar: 53361214293
syscr: 14531276
syscw: 1914161
read_bytes: 27487863296
write_bytes: 53436231680
cancelled_write_bytes: 434176

[2018-11-30T14:50:29-08:00]
rchar: 120575275331
wchar: 53562012161
syscr: 14581644
syscw: 1919864
read_bytes: 27525534208
write_bytes: 53637341184
cancelled_write_bytes: 434176

[2018-11-30T14:50:32-08:00]
rchar: 121113097956
wchar: 53932375406
syscr: 14646794
syscw: 1922621
read_bytes: 27544658432
write_bytes: 54008250368
cancelled_write_bytes: 442368

[2018-11-30T14:50:35-08:00]
rchar: 121753235123
wchar: 54383735974
syscr: 14724229
syscw: 1925555
read_bytes: 27571167744
write_bytes: 54460329984
cancelled_write_bytes: 442368

[2018-11-30T14:50:38-08:00]
rchar: 122423856879
wchar: 54870681337
syscr: 14805328
syscw: 1928426
read_bytes: 27600110080
write_bytes: 54948061184
cancelled_write_bytes: 442368

[2018-11-30T14:50:41-08:00]
rchar: 122940830801
wchar: 55241081131
syscr: 14867887
syscw: 1930690
read_bytes: 27622953472
write_bytes: 55319085056
cancelled_write_bytes: 442368

[2018-11-30T14:50:44-08:00]
rchar: 124002382719
wchar: 55757741267
syscr: 14996490
syscw: 1949592
read_bytes: 27869946368
write_bytes: 55836438528
cancelled_write_bytes: 442368

[2018-11-30T14:50:47-08:00]
rchar: 124832267105
wchar: 56124886584
syscr: 15097074
syscw: 1967921
read_bytes: 28110103040
write_bytes: 56204021760
cancelled_write_bytes: 442368

[2018-11-30T14:50:50-08:00]
rchar: 125282186023
wchar: 56481083512
syscr: 15151621
syscw: 1978417
read_bytes: 28237021696
write_bytes: 56560742400
cancelled_write_bytes: 442368

[2018-11-30T14:50:53-08:00]
rchar: 126320782769
wchar: 56835886521
syscr: 15277435
syscw: 1996517
read_bytes: 28467462656
write_bytes: 56915984384
cancelled_write_bytes: 450560

[2018-11-30T14:50:56-08:00]
rchar: 127391547089
wchar: 57210282181
syscr: 15407275
syscw: 2015362
read_bytes: 28707508736
write_bytes: 57290801152
cancelled_write_bytes: 450560

[2018-11-30T14:50:59-08:00]
rchar: 128264906950
wchar: 57536922348
syscr: 15513141
syscw: 2030791
read_bytes: 28889158144
write_bytes: 57617883136
cancelled_write_bytes: 454656

[2018-11-30T14:51:02-08:00]
rchar: 128576834957
wchar: 57695972587
syscr: 15550941
syscw: 2035159
read_bytes: 28929925632
write_bytes: 57777156096
cancelled_write_bytes: 454656

[2018-11-30T14:51:05-08:00]
rchar: 129067919072
wchar: 58215020215
syscr: 15610415
syscw: 2038990
read_bytes: 28958368256
write_bytes: 58296991744
cancelled_write_bytes: 462848

[2018-11-30T14:51:08-08:00]
rchar: 129469088996
wchar: 58519768304
syscr: 15659056
syscw: 2040997
read_bytes: 28971663872
write_bytes: 58602225664
cancelled_write_bytes: 462848

[2018-11-30T14:51:11-08:00]
rchar: 130041831780
wchar: 58950410561
syscr: 15728442
syscw: 2044063
read_bytes: 28990181888
write_bytes: 59033485312
cancelled_write_bytes: 462848

[2018-11-30T14:51:15-08:00]
rchar: 130535238704
wchar: 59311458597
syscr: 15788216
syscw: 2046843
read_bytes: 29008757248
write_bytes: 59395100672
cancelled_write_bytes: 462848

[2018-11-30T14:51:18-08:00]
rchar: 131081753380
wchar: 59718871970
syscr: 15854462
syscw: 2049915
read_bytes: 29026079232
write_bytes: 59803107328
cancelled_write_bytes: 462848

[2018-11-30T14:51:21-08:00]
rchar: 131635715344
wchar: 60115178532
syscr: 15921568
syscw: 2053308
read_bytes: 29045727744
write_bytes: 60200009728
cancelled_write_bytes: 462848

[2018-11-30T14:51:24-08:00]
rchar: 132048937002
wchar: 60414105646
syscr: 15971640
syscw: 2055834
read_bytes: 29060215296
write_bytes: 60499386368
cancelled_write_bytes: 462848

[2018-11-30T14:51:27-08:00]
rchar: 132650962772
wchar: 60864729822
syscr: 16044611
syscw: 2059247
read_bytes: 29079093760
write_bytes: 60950671360
cancelled_write_bytes: 462848

[2018-11-30T14:51:30-08:00]
rchar: 133232013843
wchar: 61291190549
syscr: 16115014
syscw: 2062821
read_bytes: 29102166528
write_bytes: 61377822720
cancelled_write_bytes: 462848

[2018-11-30T14:51:33-08:00]
rchar: 134278583559
wchar: 61566154595
syscr: 16241882
syscw: 2079947
read_bytes: 29240631808
write_bytes: 61653151744
cancelled_write_bytes: 462848

[2018-11-30T14:51:36-08:00]
rchar: 135220273555
wchar: 61926661662
syscr: 16355990
syscw: 2095044
read_bytes: 29374095872
write_bytes: 62014164992
cancelled_write_bytes: 471040

[2018-11-30T14:51:39-08:00]
rchar: 137758626115
wchar: 62384278287
syscr: 16663729
syscw: 2127411
read_bytes: 29617201664
write_bytes: 62472257536
cancelled_write_bytes: 471040

[2018-11-30T14:51:42-08:00]
rchar: 139137314237
wchar: 62700321294
syscr: 16830885
syscw: 2145452
read_bytes: 29726503424
write_bytes: 62788698112
cancelled_write_bytes: 475136

[2018-11-30T14:51:45-08:00]
rchar: 139843400128
wchar: 63170178803
syscr: 16916316
syscw: 2149475
read_bytes: 29743014400
write_bytes: 63259750400
cancelled_write_bytes: 483328

[2018-11-30T14:51:48-08:00]
rchar: 140527438753
wchar: 63643261895
syscr: 16999137
syscw: 2152832
read_bytes: 29766246912
write_bytes: 63733141504
cancelled_write_bytes: 483328

[2018-11-30T14:51:51-08:00]
rchar: 141062581982
wchar: 64006386371
syscr: 17063907
syscw: 2155445
read_bytes: 29784125952
write_bytes: 64096854016
cancelled_write_bytes: 483328

[2018-11-30T14:51:54-08:00]
rchar: 141625927928
wchar: 64369276495
syscr: 17132094
syscw: 2158556
read_bytes: 29806715392
write_bytes: 64460312576
cancelled_write_bytes: 483328

[2018-11-30T14:51:57-08:00]
rchar: 142219338946
wchar: 64789452113
syscr: 17203962
syscw: 2162738
read_bytes: 29837525504
write_bytes: 64881090560
cancelled_write_bytes: 483328

[2018-11-30T14:52:00-08:00]
rchar: 142889153938
wchar: 65085701316
syscr: 17285155
syscw: 2172459
read_bytes: 29922898432
write_bytes: 65177722880
cancelled_write_bytes: 483328

[2018-11-30T14:52:03-08:00]
rchar: 144184130206
wchar: 65433042903
syscr: 17442144
syscw: 2197116
read_bytes: 30138290688
write_bytes: 65525432320
cancelled_write_bytes: 483328

[2018-11-30T14:52:06-08:00]
rchar: 145171708158
wchar: 65806579969
syscr: 17561817
syscw: 2213031
read_bytes: 30271709696
write_bytes: 65899495424
cancelled_write_bytes: 491520

[2018-11-30T14:52:09-08:00]
rchar: 147539410322
wchar: 66329532749
syscr: 17848868
syscw: 2248341
read_bytes: 30589063680
write_bytes: 66422996992
cancelled_write_bytes: 495616

[2018-11-30T14:52:12-08:00]
rchar: 147868720626
wchar: 66555421787
syscr: 17888724
syscw: 2253611
read_bytes: 30631145984
write_bytes: 66649268224
cancelled_write_bytes: 503808

[2018-11-30T14:52:15-08:00]
rchar: 149713004882
wchar: 66990286747
syscr: 18112300
syscw: 2275678
read_bytes: 30812361216
write_bytes: 67085271040
cancelled_write_bytes: 503808

[2018-11-30T14:52:18-08:00]
rchar: 150895431168
wchar: 67371333010
syscr: 18255631
syscw: 2287292
read_bytes: 30881501696
write_bytes: 67466190848
cancelled_write_bytes: 503808

[2018-11-30T14:52:21-08:00]
rchar: 152100611203
wchar: 67679682151
syscr: 18401754
syscw: 2300983
read_bytes: 30976909824
write_bytes: 67774951424
cancelled_write_bytes: 503808

[2018-11-30T14:52:24-08:00]
rchar: 153090735485
wchar: 68335143721
syscr: 18521744
syscw: 2306104
read_bytes: 30995591680
write_bytes: 68431405056
cancelled_write_bytes: 512000

[2018-11-30T14:52:27-08:00]
rchar: 153810031417
wchar: 68807429811
syscr: 18608897
syscw: 2309841
read_bytes: 31008817664
write_bytes: 68904431616
cancelled_write_bytes: 512000

[2018-11-30T14:52:30-08:00]
rchar: 154507749956
wchar: 69245843573
syscr: 18693440
syscw: 2313667
read_bytes: 31023403520
write_bytes: 69343547392
cancelled_write_bytes: 512000

[2018-11-30T14:52:33-08:00]
rchar: 155193303991
wchar: 69688983426
syscr: 18776545
syscw: 2317270
read_bytes: 31036920320
write_bytes: 69787365376
cancelled_write_bytes: 512000

[2018-11-30T14:52:36-08:00]
rchar: 155848212545
wchar: 70099681183
syscr: 18855909
syscw: 2320894
read_bytes: 31049388544
write_bytes: 70198726656
cancelled_write_bytes: 512000

[2018-11-30T14:52:39-08:00]
rchar: 156473581764
wchar: 70505017774
syscr: 18931713
syscw: 2324363
read_bytes: 31061524992
write_bytes: 70604685312
cancelled_write_bytes: 512000

[2018-11-30T14:52:42-08:00]
rchar: 156953335516
wchar: 70796943985
syscr: 18989842
syscw: 2327269
read_bytes: 31070986752
write_bytes: 70897086464
cancelled_write_bytes: 512000

[2018-11-30T14:52:45-08:00]
rchar: 157541099479
wchar: 71217858699
syscr: 19060780
syscw: 2329925
read_bytes: 31081038336
write_bytes: 71318634496
cancelled_write_bytes: 512000

[2018-11-30T14:52:48-08:00]
rchar: 158111371509
wchar: 71659451029
syscr: 19129901
syscw: 2333873
read_bytes: 31096611328
write_bytes: 71761276928
cancelled_write_bytes: 512000

[2018-11-30T14:52:51-08:00]
rchar: 158649779883
wchar: 72064895179
syscr: 19195125
syscw: 2338073
read_bytes: 31112081920
write_bytes: 72166944768
cancelled_write_bytes: 512000

[2018-11-30T14:52:54-08:00]
rchar: 159073966550
wchar: 72322081409
syscr: 19246530
syscw: 2343518
read_bytes: 31134429696
write_bytes: 72424820736
cancelled_write_bytes: 512000

[2018-11-30T14:52:57-08:00]
rchar: 160723604927
wchar: 72743970540
syscr: 19446472
syscw: 2369541
read_bytes: 31299617280
write_bytes: 72846880768
cancelled_write_bytes: 520192

[2018-11-30T14:53:00-08:00]
rchar: 162505207696
wchar: 73109874345
syscr: 19662497
syscw: 2388115
read_bytes: 31411667456
write_bytes: 73213161472
cancelled_write_bytes: 524288

[2018-11-30T14:53:03-08:00]
rchar: 162888986389
wchar: 73461271300
syscr: 19708885
syscw: 2391191
read_bytes: 31420097024
write_bytes: 73565143040
cancelled_write_bytes: 524288

[2018-11-30T14:53:06-08:00]
rchar: 163284782854
wchar: 73771239640
syscr: 19756742
syscw: 2394803
read_bytes: 31429829120
write_bytes: 73875636224
cancelled_write_bytes: 524288

[2018-11-30T14:53:09-08:00]
rchar: 163920306686
wchar: 74161919672
syscr: 19833578
syscw: 2399324
read_bytes: 31442817536
write_bytes: 74266968064
cancelled_write_bytes: 532480

[2018-11-30T14:53:12-08:00]
rchar: 164499535045
wchar: 74480222117
syscr: 19903708
syscw: 2405036
read_bytes: 31458714112
write_bytes: 74585788416
cancelled_write_bytes: 532480

[2018-11-30T14:53:15-08:00]
rchar: 165941762779
wchar: 74986098646
syscr: 20078549
syscw: 2420872
read_bytes: 31530594816
write_bytes: 75092312064
cancelled_write_bytes: 532480

[2018-11-30T14:53:18-08:00]
rchar: 166853557423
wchar: 75464609475
syscr: 20189063
syscw: 2430685
read_bytes: 31565283840
write_bytes: 75571499008
cancelled_write_bytes: 544768

[2018-11-30T14:53:21-08:00]
rchar: 167174098554
wchar: 75650209721
syscr: 20227918
syscw: 2434288
read_bytes: 31575982592
write_bytes: 75757355008
cancelled_write_bytes: 544768

[2018-11-30T14:53:24-08:00]
rchar: 167693094591
wchar: 76030986789
syscr: 20290750
syscw: 2440487
read_bytes: 31594836480
write_bytes: 76139667456
cancelled_write_bytes: 557056

[2018-11-30T14:53:27-08:00]
rchar: 168533174513
wchar: 76494599195
syscr: 20392576
syscw: 2447821
read_bytes: 31616553472
write_bytes: 76603011072
cancelled_write_bytes: 557056

[2018-11-30T14:53:30-08:00]
rchar: 169431496934
wchar: 76913573580
syscr: 20501461
syscw: 2457026
read_bytes: 31645299200
write_bytes: 77022601216
cancelled_write_bytes: 561152

[2018-11-30T14:53:33-08:00]
rchar: 170745048586
wchar: 77425182361
syscr: 20660701
syscw: 2469560
read_bytes: 31693824512
write_bytes: 77534916608
cancelled_write_bytes: 569344

[2018-11-30T14:53:36-08:00]
rchar: 171555220609
wchar: 77781970630
syscr: 20758903
syscw: 2477793
read_bytes: 31722156544
write_bytes: 77892198400
cancelled_write_bytes: 569344

[2018-11-30T14:53:39-08:00]
rchar: 171756566664
wchar: 78031641821
syscr: 20783301
syscw: 2480178
read_bytes: 31728194048
write_bytes: 78142291968
cancelled_write_bytes: 569344

[2018-11-30T14:53:42-08:00]
rchar: 172631779876
wchar: 78458347502
syscr: 20889311
syscw: 2487410
read_bytes: 31750418944
write_bytes: 78570426368
cancelled_write_bytes: 589824

[2018-11-30T14:53:45-08:00]
rchar: 173440468447
wchar: 78950677364
syscr: 20987238
syscw: 2492528
read_bytes: 31765000704
write_bytes: 79062745088
cancelled_write_bytes: 589824

[2018-11-30T14:53:48-08:00]
rchar: 173966300786
wchar: 79297971499
syscr: 21050864
syscw: 2495593
read_bytes: 31772619264
write_bytes: 79410601984
cancelled_write_bytes: 589824

[2018-11-30T14:53:51-08:00]
rchar: 174540754062
wchar: 79582810200
syscr: 21120355
syscw: 2501081
read_bytes: 31790260736
write_bytes: 79695900672
cancelled_write_bytes: 593920

[2018-11-30T14:53:54-08:00]
rchar: 175445061643
wchar: 80163361933
syscr: 21229949
syscw: 2511906
read_bytes: 31824007680
write_bytes: 80277270528
cancelled_write_bytes: 593920

[2018-11-30T14:53:57-08:00]
rchar: 176021523023
wchar: 80506348908
syscr: 21299816
syscw: 2520413
read_bytes: 31848862208
write_bytes: 80620863488
cancelled_write_bytes: 593920

[2018-11-30T14:54:00-08:00]
rchar: 176738657004
wchar: 80968074946
syscr: 21386734
syscw: 2529124
read_bytes: 31876702720
write_bytes: 81083109376
cancelled_write_bytes: 598016

[2018-11-30T14:54:03-08:00]
rchar: 176962576726
wchar: 81242265746
syscr: 21413884
syscw: 2533203
read_bytes: 31889506816
write_bytes: 81357754368
cancelled_write_bytes: 602112

[2018-11-30T14:54:06-08:00]
rchar: 177724192735
wchar: 81673486439
syscr: 21506111
syscw: 2541662
read_bytes: 31914455552
write_bytes: 81789583360
cancelled_write_bytes: 622592

[2018-11-30T14:54:09-08:00]
rchar: 178585230623
wchar: 82102465388
syscr: 21610483
syscw: 2551041
read_bytes: 31946957312
write_bytes: 82219184128
cancelled_write_bytes: 630784

[2018-11-30T14:54:12-08:00]
rchar: 179292068141
wchar: 82521267412
syscr: 21696162
syscw: 2557924
read_bytes: 31969452544
write_bytes: 82638581760
cancelled_write_bytes: 630784

[2018-11-30T14:54:15-08:00]
rchar: 180429617153
wchar: 82866199421
syscr: 21834074
syscw: 2575735
read_bytes: 32045449728
write_bytes: 82983919616
cancelled_write_bytes: 634880

[2018-11-30T14:54:18-08:00]
rchar: 181932444880
wchar: 83205968135
syscr: 22016213
syscw: 2594392
read_bytes: 32153727488
write_bytes: 83324088320
cancelled_write_bytes: 647168

[2018-11-30T14:54:21-08:00]
rchar: 183383240421
wchar: 83509000446
syscr: 22192116
syscw: 2611301
read_bytes: 32259076608
write_bytes: 83627433984
cancelled_write_bytes: 647168

[2018-11-30T14:54:24-08:00]
rchar: 186631133602
wchar: 83870949636
syscr: 22585828
syscw: 2642127
read_bytes: 32448152064
write_bytes: 83989639168
cancelled_write_bytes: 655360

[2018-11-30T14:54:27-08:00]
rchar: 187295370702
wchar: 84354951485
syscr: 22666320
syscw: 2647713
read_bytes: 32470888960
write_bytes: 84474368000
cancelled_write_bytes: 663552

[2018-11-30T14:54:30-08:00]
rchar: 187947442818
wchar: 84806546608
syscr: 22745389
syscw: 2651018
read_bytes: 32490299904
write_bytes: 84926631936
cancelled_write_bytes: 663552

[2018-11-30T14:54:33-08:00]
rchar: 188433736256
wchar: 85149944880
syscr: 22804204
syscw: 2653104
read_bytes: 32506757632
write_bytes: 85270589440
cancelled_write_bytes: 663552

[2018-11-30T14:54:36-08:00]
rchar: 188866196512
wchar: 85453132470
syscr: 22856486
syscw: 2655104
read_bytes: 32523006464
write_bytes: 85574311936
cancelled_write_bytes: 663552

[2018-11-30T14:54:39-08:00]
rchar: 189337988382
wchar: 85759645867
syscr: 22913550
syscw: 2657587
read_bytes: 32544002560
write_bytes: 85881319424
cancelled_write_bytes: 663552

[2018-11-30T14:54:42-08:00]
rchar: 190218068312
wchar: 86147254699
syscr: 23020199
syscw: 2675870
read_bytes: 32739566080
write_bytes: 86269394944
cancelled_write_bytes: 663552

[2018-11-30T14:54:45-08:00]
rchar: 191020736392
wchar: 86513238610
syscr: 23117502
syscw: 2693075
read_bytes: 32919966208
write_bytes: 86635814912
cancelled_write_bytes: 663552

[2018-11-30T14:54:48-08:00]
rchar: 191438128118
wchar: 86692335461
syscr: 23168103
syscw: 2702392
read_bytes: 33007972864
write_bytes: 86815125504
cancelled_write_bytes: 663552

[2018-11-30T14:54:51-08:00]
rchar: 192158649010
wchar: 87118112491
syscr: 23255398
syscw: 2714570
read_bytes: 33139253760
write_bytes: 87241510912
cancelled_write_bytes: 671744

[2018-11-30T14:54:54-08:00]
rchar: 193201329199
wchar: 87550766349
syscr: 23381776
syscw: 2730683
read_bytes: 33299075584
write_bytes: 87674720256
cancelled_write_bytes: 671744

[2018-11-30T14:54:57-08:00]
rchar: 194210575878
wchar: 87898004866
syscr: 23504113
syscw: 2748098
read_bytes: 33467458048
write_bytes: 88022413312
cancelled_write_bytes: 671744

[2018-11-30T14:55:00-08:00]
rchar: 194893224209
wchar: 88262004551
syscr: 23586869
syscw: 2760308
read_bytes: 33582731776
write_bytes: 88386916352
cancelled_write_bytes: 671744

[2018-11-30T14:55:03-08:00]
rchar: 195302833131
wchar: 88595720231
syscr: 23636468
syscw: 2762911
read_bytes: 33601724928
write_bytes: 88721117184
cancelled_write_bytes: 679936

[2018-11-30T14:55:06-08:00]
rchar: 195902404514
wchar: 89051840676
syscr: 23709122
syscw: 2765813
read_bytes: 33621963264
write_bytes: 89177956352
cancelled_write_bytes: 679936

[2018-11-30T14:55:09-08:00]
rchar: 196558372301
wchar: 89545522450
syscr: 23788601
syscw: 2769193
read_bytes: 33645470208
write_bytes: 89672380416
cancelled_write_bytes: 679936

[2018-11-30T14:55:12-08:00]
rchar: 197105794140
wchar: 89956542340
syscr: 23854935
syscw: 2772078
read_bytes: 33666646528
write_bytes: 90084016128
cancelled_write_bytes: 679936

[2018-11-30T14:55:15-08:00]
rchar: 197670785849
wchar: 90388482291
syscr: 23923412
syscw: 2775111
read_bytes: 33686946304
write_bytes: 90516623360
cancelled_write_bytes: 679936

[2018-11-30T14:55:18-08:00]
rchar: 198182537550
wchar: 90763963244
syscr: 23985422
syscw: 2778162
read_bytes: 33708356096
write_bytes: 90892673024
cancelled_write_bytes: 679936

[2018-11-30T14:55:21-08:00]
rchar: 198739953973
wchar: 91182090346
syscr: 24052976
syscw: 2781285
read_bytes: 33730585088
write_bytes: 91311464448
cancelled_write_bytes: 679936

[2018-11-30T14:55:24-08:00]
rchar: 199258492180
wchar: 91553700081
syscr: 24115806
syscw: 2784799
read_bytes: 33755726336
write_bytes: 91683635200
cancelled_write_bytes: 679936

[2018-11-30T14:55:27-08:00]
rchar: 199944633921
wchar: 92056260192
syscr: 24198999
syscw: 2789007
read_bytes: 33788989952
write_bytes: 92186918912
cancelled_write_bytes: 679936

[2018-11-30T14:55:30-08:00]
rchar: 200541503795
wchar: 92510366545
syscr: 24271319
syscw: 2792024
read_bytes: 33812410880
write_bytes: 92641726464
cancelled_write_bytes: 679936

[2018-11-30T14:55:33-08:00]
rchar: 201182134121
wchar: 92996867780
syscr: 24348953
syscw: 2795165
read_bytes: 33836540416
write_bytes: 93129289728
cancelled_write_bytes: 679936

[2018-11-30T14:55:36-08:00]
rchar: 201605633679
wchar: 93297275921
syscr: 24400281
syscw: 2797736
read_bytes: 33857683968
write_bytes: 93429788672
cancelled_write_bytes: 679936

[2018-11-30T14:55:39-08:00]
rchar: 202526142384
wchar: 93625749663
syscr: 24511858
syscw: 2811134
read_bytes: 33985405440
write_bytes: 93758689280
cancelled_write_bytes: 679936

[2018-11-30T14:55:42-08:00]
rchar: 203218883656
wchar: 94003732003
syscr: 24595821
syscw: 2822026
read_bytes: 34089234944
write_bytes: 94137257984
cancelled_write_bytes: 679936

[2018-11-30T14:55:45-08:00]
rchar: 203777132965
wchar: 94391478429
syscr: 24663373
syscw: 2825289
read_bytes: 34113323520
write_bytes: 94525628416
cancelled_write_bytes: 688128

[2018-11-30T14:55:48-08:00]
rchar: 204223453059
wchar: 94706082345
syscr: 24717374
syscw: 2827599
read_bytes: 34128859648
write_bytes: 94840754176
cancelled_write_bytes: 688128

[2018-11-30T14:55:51-08:00]
rchar: 204839773017
wchar: 95153738154
syscr: 24791911
syscw: 2830677
read_bytes: 34152481280
write_bytes: 95289167872
cancelled_write_bytes: 688128

[2018-11-30T14:55:54-08:00]
rchar: 205414510381
wchar: 95389955181
syscr: 24861517
syscw: 2841853
read_bytes: 34253804032
write_bytes: 95525679104
cancelled_write_bytes: 688128

[2018-11-30T14:55:57-08:00]
rchar: 206216154422
wchar: 95735078119
syscr: 24958692
syscw: 2859207
read_bytes: 34414928384
write_bytes: 95871180800
cancelled_write_bytes: 688128

[2018-11-30T14:56:00-08:00]
rchar: 207105417330
wchar: 96133188951
syscr: 25066522
syscw: 2877236
read_bytes: 34587001344
write_bytes: 96269787136
cancelled_write_bytes: 688128

[2018-11-30T14:56:03-08:00]
rchar: 207211853004
wchar: 96334596447
syscr: 25079351
syscw: 2879873
read_bytes: 34607092224
write_bytes: 96471547904
cancelled_write_bytes: 688128

[2018-11-30T14:56:06-08:00]
rchar: 208141131029
wchar: 96697588487
syscr: 25191963
syscw: 2894510
read_bytes: 34714944000
write_bytes: 96835055616
cancelled_write_bytes: 696320

[2018-11-30T14:56:09-08:00]
rchar: 209157018508
wchar: 97047768419
syscr: 25315111
syscw: 2910746
read_bytes: 34818265600
write_bytes: 97185669120
cancelled_write_bytes: 696320

[2018-11-30T14:56:12-08:00]
rchar: 210254301325
wchar: 97348515268
syscr: 25448137
syscw: 2930163
read_bytes: 34932126208
write_bytes: 97486745600
cancelled_write_bytes: 696320

[2018-11-30T14:56:15-08:00]
rchar: 211472946225
wchar: 97730581652
syscr: 25595818
syscw: 2947391
read_bytes: 35033879040
write_bytes: 97870086144
cancelled_write_bytes: 704512

[2018-11-30T14:56:18-08:00]
rchar: 213359392097
wchar: 98073745678
syscr: 25824521
syscw: 2973820
read_bytes: 35183608320
write_bytes: 98212823040
cancelled_write_bytes: 708608

[2018-11-30T14:56:21-08:00]
rchar: 216193550341
wchar: 98486703811
syscr: 26168080
syscw: 3005144
read_bytes: 35299815936
write_bytes: 98626195456
cancelled_write_bytes: 716800

[2018-11-30T14:56:24-08:00]
rchar: 217214698527
wchar: 98733698095
syscr: 26291889
syscw: 3016720
read_bytes: 35340489216
write_bytes: 98873520128
cancelled_write_bytes: 716800

[2018-11-30T14:56:27-08:00]
rchar: 218236022140
wchar: 99272450205
syscr: 26415506
syscw: 3023158
read_bytes: 35354329600
write_bytes: 99413123072
cancelled_write_bytes: 724992

[2018-11-30T14:56:30-08:00]
rchar: 218851829402
wchar: 99590191975
syscr: 26490055
syscw: 3027387
read_bytes: 35362886144
write_bytes: 99731378176
cancelled_write_bytes: 724992

[2018-11-30T14:56:33-08:00]
rchar: 219470712618
wchar: 99919386520
syscr: 26564952
syscw: 3031420
read_bytes: 35371459072
write_bytes: 100061990912
cancelled_write_bytes: 724992

[2018-11-30T14:56:36-08:00]
rchar: 220332041585
wchar: 100323963549
syscr: 26669180
syscw: 3037872
read_bytes: 35384574464
write_bytes: 100466368512
cancelled_write_bytes: 724992

[2018-11-30T14:56:39-08:00]
rchar: 221453284238
wchar: 100714612509
syscr: 26805096
syscw: 3058622
read_bytes: 35451658752
write_bytes: 100857470976
cancelled_write_bytes: 729088

[2018-11-30T14:56:42-08:00]
rchar: 222275294837
wchar: 101117458014
syscr: 26904665
syscw: 3068645
read_bytes: 35474227712
write_bytes: 101260881920
cancelled_write_bytes: 737280

[2018-11-30T14:56:45-08:00]
rchar: 223269948059
wchar: 101589713382
syscr: 27025221
syscw: 3080695
read_bytes: 35500823040
write_bytes: 101733801984
cancelled_write_bytes: 737280

[2018-11-30T14:56:48-08:00]
rchar: 224227547692
wchar: 102050874510
syscr: 27141296
syscw: 3091967
read_bytes: 35525370368
write_bytes: 102195580928
cancelled_write_bytes: 741376

[2018-11-30T14:56:51-08:00]
rchar: 224929721187
wchar: 102424528696
syscr: 27226414
syscw: 3101001
read_bytes: 35547849216
write_bytes: 102569750528
cancelled_write_bytes: 745472

[2018-11-30T14:56:54-08:00]
rchar: 225707568895
wchar: 102797191477
syscr: 27320634
syscw: 3110532
read_bytes: 35567141376
write_bytes: 102942969856
cancelled_write_bytes: 761856

[2018-11-30T14:56:57-08:00]
rchar: 227378488808
wchar: 103428891510
syscr: 27523177
syscw: 3127237
read_bytes: 35606811136
write_bytes: 103575519232
cancelled_write_bytes: 765952

[2018-11-30T14:57:00-08:00]
rchar: 228530420083
wchar: 103860861101
syscr: 27662821
syscw: 3139663
read_bytes: 35636507136
write_bytes: 104008101888
cancelled_write_bytes: 774144

[2018-11-30T14:57:03-08:00]
rchar: 228935630466
wchar: 104013848479
syscr: 27711946
syscw: 3145012
read_bytes: 35646870016
write_bytes: 104161292288
cancelled_write_bytes: 774144

[2018-11-30T14:57:06-08:00]
rchar: 229794745156
wchar: 104529283985
syscr: 27816006
syscw: 3153277
read_bytes: 35663393280
write_bytes: 104677539840
cancelled_write_bytes: 782336

[2018-11-30T14:57:09-08:00]
rchar: 231194235531
wchar: 104993939376
syscr: 27985653
syscw: 3166541
read_bytes: 35692560896
write_bytes: 105142820864
cancelled_write_bytes: 782336

[2018-11-30T14:57:12-08:00]
rchar: 232043789897
wchar: 105360722706
syscr: 28088628
syscw: 3174496
read_bytes: 35707388416
write_bytes: 105510830080
cancelled_write_bytes: 782336

[2018-11-30T14:57:15-08:00]
rchar: 232976771606
wchar: 105739047820
syscr: 28201737
syscw: 3183430
read_bytes: 35724820992
write_bytes: 105889218560
cancelled_write_bytes: 790528

[2018-11-30T14:57:18-08:00]
rchar: 233722585751
wchar: 106209947750
syscr: 28291993
syscw: 3188634
read_bytes: 35733479936
write_bytes: 106360623104
cancelled_write_bytes: 790528

[2018-11-30T14:57:21-08:00]
rchar: 234036516973
wchar: 106419830798
syscr: 28329970
syscw: 3190708
read_bytes: 35736510976
write_bytes: 106570850304
cancelled_write_bytes: 790528

[2018-11-30T14:57:24-08:00]
rchar: 234881731568
wchar: 107026939070
syscr: 28432174
syscw: 3198132
read_bytes: 35749622272
write_bytes: 107178954752
cancelled_write_bytes: 794624

[2018-11-30T14:57:27-08:00]
rchar: 235537446339
wchar: 107424891690
syscr: 28511669
syscw: 3202836
read_bytes: 35761168896
write_bytes: 107577483264
cancelled_write_bytes: 802816

[2018-11-30T14:57:30-08:00]
rchar: 236157850266
wchar: 107838824006
syscr: 28586857
syscw: 3207863
read_bytes: 35776782848
write_bytes: 107992018944
cancelled_write_bytes: 802816

[2018-11-30T14:57:33-08:00]
rchar: 237412638234
wchar: 108275411730
syscr: 28738964
syscw: 3226744
read_bytes: 35877138944
write_bytes: 108429107200
cancelled_write_bytes: 802816

[2018-11-30T14:57:36-08:00]
rchar: 238316228811
wchar: 108636985182
syscr: 28848533
syscw: 3240992
read_bytes: 35970683392
write_bytes: 108791144448
cancelled_write_bytes: 802816

[2018-11-30T14:57:39-08:00]
rchar: 239790661795
wchar: 108928228557
syscr: 29027193
syscw: 3262159
read_bytes: 36080407040
write_bytes: 109082705920
cancelled_write_bytes: 811008

[2018-11-30T14:57:42-08:00]
rchar: 241517788059
wchar: 109279475234
syscr: 29236601
syscw: 3283737
read_bytes: 36220224000
write_bytes: 109434306560
cancelled_write_bytes: 811008

[2018-11-30T14:57:45-08:00]
rchar: 242423529337
wchar: 109572980214
syscr: 29346347
syscw: 3295780
read_bytes: 36273406464
write_bytes: 109728215040
cancelled_write_bytes: 819200

[2018-11-30T14:57:48-08:00]
rchar: 244429347544
wchar: 110025000546
syscr: 29589501
syscw: 3316662
read_bytes: 36381569536
write_bytes: 110180802560
cancelled_write_bytes: 819200

[2018-11-30T14:57:51-08:00]
rchar: 245761622524
wchar: 110373088662
syscr: 29751030
syscw: 3331744
read_bytes: 36435943936
write_bytes: 110529339392
cancelled_write_bytes: 819200

[2018-11-30T14:57:54-08:00]
rchar: 246740722878
wchar: 110906546105
syscr: 29869683
syscw: 3339011
read_bytes: 36449485312
write_bytes: 111063564288
cancelled_write_bytes: 827392

[2018-11-30T14:57:57-08:00]
rchar: 247616561037
wchar: 111377408306
syscr: 29975803
syscw: 3344966
read_bytes: 36460311040
write_bytes: 111535181824
cancelled_write_bytes: 827392

[2018-11-30T14:58:00-08:00]
rchar: 248488995920
wchar: 111873669809
syscr: 30081590
syscw: 3350324
read_bytes: 36470174208
write_bytes: 112032174080
cancelled_write_bytes: 827392

[2018-11-30T14:58:03-08:00]
rchar: 249400441594
wchar: 112325997731
syscr: 30192029
syscw: 3357042
read_bytes: 36482462208
write_bytes: 112485187584
cancelled_write_bytes: 827392

[2018-11-30T14:58:06-08:00]
rchar: 250264049684
wchar: 112783285617
syscr: 30296727
syscw: 3363094
read_bytes: 36493222400
write_bytes: 112943169536
cancelled_write_bytes: 827392

[2018-11-30T14:58:09-08:00]
rchar: 250899378191
wchar: 113101495500
syscr: 30373705
syscw: 3367803
read_bytes: 36501795328
write_bytes: 113261879296
cancelled_write_bytes: 827392

[2018-11-30T14:58:12-08:00]
rchar: 251540677555
wchar: 113434468516
syscr: 30451449
syscw: 3372250
read_bytes: 36510114304
write_bytes: 113595838464
cancelled_write_bytes: 827392

[2018-11-30T14:58:15-08:00]
rchar: 251934715484
wchar: 113736385170
syscr: 30499216
syscw: 3373908
read_bytes: 36513047040
write_bytes: 113897766912
cancelled_write_bytes: 827392

[2018-11-30T14:58:18-08:00]
rchar: 252626276372
wchar: 114181229998
syscr: 30582698
syscw: 3379835
read_bytes: 36523823616
write_bytes: 114343297024
cancelled_write_bytes: 827392

[2018-11-30T14:58:21-08:00]
rchar: 253145938909
wchar: 114506109764
syscr: 30645680
syscw: 3385461
read_bytes: 36535947776
write_bytes: 114668703744
cancelled_write_bytes: 827392

[2018-11-30T14:58:24-08:00]
rchar: 253302421354
wchar: 114693542738
syscr: 30664649
syscw: 3389304
read_bytes: 36543377920
write_bytes: 114856452096
cancelled_write_bytes: 827392

[2018-11-30T14:58:27-08:00]
rchar: 255917406583
wchar: 115016174954
syscr: 30981637
syscw: 3421000
read_bytes: 36641923584
write_bytes: 115179266048
cancelled_write_bytes: 835584

[2018-11-30T14:58:30-08:00]
rchar: 256362795484
wchar: 115323744419
syscr: 31035586
syscw: 3423895
read_bytes: 36646121984
write_bytes: 115487330304
cancelled_write_bytes: 835584

[2018-11-30T14:58:33-08:00]
rchar: 256992482094
wchar: 115844364501
syscr: 31111784
syscw: 3430200
read_bytes: 36655440384
write_bytes: 116008796160
cancelled_write_bytes: 835584

[2018-11-30T14:58:36-08:00]
rchar: 257527178830
wchar: 116128821281
syscr: 31176451
syscw: 3435523
read_bytes: 36663091712
write_bytes: 116293713920
cancelled_write_bytes: 843776

[2018-11-30T14:58:39-08:00]
rchar: 258551228708
wchar: 116554164073
syscr: 31300410
syscw: 3445576
read_bytes: 36680774144
write_bytes: 116719726592
cancelled_write_bytes: 843776

[2018-11-30T14:58:42-08:00]
rchar: 259964491427
wchar: 117072448359
syscr: 31471744
syscw: 3461825
read_bytes: 36717859328
write_bytes: 117238661120
cancelled_write_bytes: 843776

[2018-11-30T14:58:45-08:00]
rchar: 260263740791
wchar: 117207258674
syscr: 31508016
syscw: 3466017
read_bytes: 36724294144
write_bytes: 117373652992
cancelled_write_bytes: 843776

[2018-11-30T14:58:48-08:00]
rchar: 260891113168
wchar: 117658937246
syscr: 31583984
syscw: 3473804
read_bytes: 36736045568
write_bytes: 117826031616
cancelled_write_bytes: 856064

[2018-11-30T14:58:51-08:00]
rchar: 262308127320
wchar: 118143715401
syscr: 31755767
syscw: 3488733
read_bytes: 36764549632
write_bytes: 118311485440
cancelled_write_bytes: 860160

[2018-11-30T14:58:54-08:00]
rchar: 263463287997
wchar: 118583448174
syscr: 31895791
syscw: 3500504
read_bytes: 36787646976
write_bytes: 118751801344
cancelled_write_bytes: 864256

[2018-11-30T14:58:57-08:00]
rchar: 264360743835
wchar: 118966256281
syscr: 32004573
syscw: 3510263
read_bytes: 36803645952
write_bytes: 119135121408
cancelled_write_bytes: 864256

[2018-11-30T14:59:00-08:00]
rchar: 264840832691
wchar: 119299427456
syscr: 32062773
syscw: 3516780
read_bytes: 36813001216
write_bytes: 119468810240
cancelled_write_bytes: 864256

[2018-11-30T14:59:03-08:00]
rchar: 266016469329
wchar: 119715693305
syscr: 32205204
syscw: 3528316
read_bytes: 36832743936
write_bytes: 119885647872
cancelled_write_bytes: 876544

[2018-11-30T14:59:06-08:00]
rchar: 267437189227
wchar: 120247133607
syscr: 32377443
syscw: 3540790
read_bytes: 36855153152
write_bytes: 120417841152
cancelled_write_bytes: 880640

[2018-11-30T14:59:09-08:00]
rchar: 268308910771
wchar: 120713657875
syscr: 32482904
syscw: 3547978
read_bytes: 36864881152
write_bytes: 120885104640
cancelled_write_bytes: 880640

[2018-11-30T14:59:12-08:00]
rchar: 268951755394
wchar: 121061384627
syscr: 32560733
syscw: 3553386
read_bytes: 36871901696
write_bytes: 121233371136
cancelled_write_bytes: 880640

[2018-11-30T14:59:15-08:00]
rchar: 269765589136
wchar: 121431836944
syscr: 32659248
syscw: 3562337
read_bytes: 36888355328
write_bytes: 121604796416
cancelled_write_bytes: 880640

[2018-11-30T14:59:18-08:00]
rchar: 269996798861
wchar: 121687814428
syscr: 32687194
syscw: 3567630
read_bytes: 36895891968
write_bytes: 121860784128
cancelled_write_bytes: 880640

[2018-11-30T14:59:21-08:00]
rchar: 271052055983
wchar: 122176699932
syscr: 32815116
syscw: 3579927
read_bytes: 36917432832
write_bytes: 122350370816
cancelled_write_bytes: 888832

[2018-11-30T14:59:24-08:00]
rchar: 272136339117
wchar: 122653523870
syscr: 32946552
syscw: 3592769
read_bytes: 36941591040
write_bytes: 122827829248
cancelled_write_bytes: 892928

[2018-11-30T14:59:27-08:00]
rchar: 273106597709
wchar: 123019440740
syscr: 33064166
syscw: 3605170
read_bytes: 36965114368
write_bytes: 123194212352
cancelled_write_bytes: 905216

[2018-11-30T14:59:30-08:00]
rchar: 273571689273
wchar: 123381993102
syscr: 33120471
syscw: 3612488
read_bytes: 36975391232
write_bytes: 123557318656
cancelled_write_bytes: 905216

[2018-11-30T14:59:33-08:00]
rchar: 274893887435
wchar: 123907720690
syscr: 33280743
syscw: 3626161
read_bytes: 36998418944
write_bytes: 124083781632
cancelled_write_bytes: 917504

[2018-11-30T14:59:36-08:00]
rchar: 275896738313
wchar: 124257647342
syscr: 33402311
syscw: 3637203
read_bytes: 37018358272
write_bytes: 124434161664
cancelled_write_bytes: 921600

[2018-11-30T14:59:39-08:00]
rchar: 277020557091
wchar: 124631588890
syscr: 33538548
syscw: 3649229
read_bytes: 37041218048
write_bytes: 124808589312
cancelled_write_bytes: 925696

[2018-11-30T14:59:42-08:00]
rchar: 277469149654
wchar: 124908017369
syscr: 33592925
syscw: 3655750
read_bytes: 37050991104
write_bytes: 125085454336
cancelled_write_bytes: 925696

[2018-11-30T14:59:45-08:00]
rchar: 278344484309
wchar: 125443636228
syscr: 33699017
syscw: 3661899
read_bytes: 37067899392
write_bytes: 125621833728
cancelled_write_bytes: 942080

[2018-11-30T14:59:48-08:00]
rchar: 278866997659
wchar: 125748839227
syscr: 33762290
syscw: 3666049
read_bytes: 37079646720
write_bytes: 125927493632
cancelled_write_bytes: 942080

[2018-11-30T14:59:51-08:00]
rchar: 279635317267
wchar: 126213862440
syscr: 33855326
syscw: 3671642
read_bytes: 37095580160
write_bytes: 126393212928
cancelled_write_bytes: 942080

[2018-11-30T14:59:54-08:00]
rchar: 280232895516
wchar: 126577294055
syscr: 33927677
syscw: 3675871
read_bytes: 37109916160
write_bytes: 126757212160
cancelled_write_bytes: 942080

[2018-11-30T14:59:57-08:00]
rchar: 280855681764
wchar: 126979229420
syscr: 34003120
syscw: 3680103
read_bytes: 37124309504
write_bytes: 127159738368
cancelled_write_bytes: 942080

[2018-11-30T15:00:00-08:00]
rchar: 281348756049
wchar: 127277632769
syscr: 34062819
syscw: 3683678
read_bytes: 37135860224
write_bytes: 127458639872
cancelled_write_bytes: 942080

[2018-11-30T15:00:03-08:00]
rchar: 281875212975
wchar: 127539034172
syscr: 34126573
syscw: 3689661
read_bytes: 37164110336
write_bytes: 127720398848
cancelled_write_bytes: 942080

[2018-11-30T15:00:06-08:00]
rchar: 282536047171
wchar: 127772789352
syscr: 34206694
syscw: 3704546
read_bytes: 37244776960
write_bytes: 127954427904
cancelled_write_bytes: 942080

[2018-11-30T15:00:09-08:00]
rchar: 283264445815
wchar: 128146193818
syscr: 34294929
syscw: 3717439
read_bytes: 37321810432
write_bytes: 128328359936
cancelled_write_bytes: 950272

[2018-11-30T15:00:12-08:00]
rchar: 285090540747
wchar: 128638622514
syscr: 34516349
syscw: 3748442
read_bytes: 37489828352
write_bytes: 128821293056
cancelled_write_bytes: 950272

[2018-11-30T15:00:15-08:00]
rchar: 285582756008
wchar: 128930464887
syscr: 34576023
syscw: 3757880
read_bytes: 37534437888
write_bytes: 129113575424
cancelled_write_bytes: 950272

[2018-11-30T15:00:18-08:00]
rchar: 286317836870
wchar: 129409057118
syscr: 34665056
syscw: 3763388
read_bytes: 37553771008
write_bytes: 129592954880
cancelled_write_bytes: 958464

[2018-11-30T15:00:21-08:00]
rchar: 286883071188
wchar: 129791304463
syscr: 34733550
syscw: 3767273
read_bytes: 37565047296
write_bytes: 129975726080
cancelled_write_bytes: 958464

[2018-11-30T15:00:24-08:00]
rchar: 287304087191
wchar: 130058609209
syscr: 34784553
syscw: 3770541
read_bytes: 37575967232
write_bytes: 130243457024
cancelled_write_bytes: 958464

[2018-11-30T15:00:27-08:00]
rchar: 287823408067
wchar: 130381076307
syscr: 34847487
syscw: 3774789
read_bytes: 37588226560
write_bytes: 130566410240
cancelled_write_bytes: 958464

[2018-11-30T15:00:30-08:00]
rchar: 288293430426
wchar: 130677395327
syscr: 34904448
syscw: 3778646
read_bytes: 37601268224
write_bytes: 130863181824
cancelled_write_bytes: 958464

[2018-11-30T15:00:33-08:00]
rchar: 288717381503
wchar: 130928322464
syscr: 34955820
syscw: 3782429
read_bytes: 37615477248
write_bytes: 131114500096
cancelled_write_bytes: 958464

[2018-11-30T15:00:36-08:00]
rchar: 289264220672
wchar: 131277814979
syscr: 35022089
syscw: 3786877
read_bytes: 37630071296
write_bytes: 131465273344
cancelled_write_bytes: 958464

[2018-11-30T15:00:39-08:00]
rchar: 289910243728
wchar: 131684457270
syscr: 35100388
syscw: 3792394
read_bytes: 37648556544
write_bytes: 131871784960
cancelled_write_bytes: 958464

[2018-11-30T15:00:42-08:00]
rchar: 291301595096
wchar: 132098604323
syscr: 35269064
syscw: 3812281
read_bytes: 37739291136
write_bytes: 132286439424
cancelled_write_bytes: 958464

[2018-11-30T15:00:45-08:00]
rchar: 291564672438
wchar: 132337580686
syscr: 35300956
syscw: 3816870
read_bytes: 37753184768
write_bytes: 132525813760
cancelled_write_bytes: 958464

[2018-11-30T15:00:48-08:00]
rchar: 292436491969
wchar: 132876582313
syscr: 35406601
syscw: 3822828
read_bytes: 37771084288
write_bytes: 133065572352
cancelled_write_bytes: 966656

[2018-11-30T15:00:51-08:00]
rchar: 293201075321
wchar: 133307472400
syscr: 35499119
syscw: 3828588
read_bytes: 37788660224
write_bytes: 133497143296
cancelled_write_bytes: 966656

[2018-11-30T15:00:54-08:00]
rchar: 293968020966
wchar: 133751805089
syscr: 35592057
syscw: 3834004
read_bytes: 37804401152
write_bytes: 133942132736
cancelled_write_bytes: 966656

[2018-11-30T15:00:57-08:00]
rchar: 294767930033
wchar: 134199859667
syscr: 35688932
syscw: 3840080
read_bytes: 37822398976
write_bytes: 134390870016
cancelled_write_bytes: 966656

[2018-11-30T15:01:00-08:00]
rchar: 295763524686
wchar: 134792292365
syscr: 35809513
syscw: 3847190
read_bytes: 37845819904
write_bytes: 134984208384
cancelled_write_bytes: 966656

[2018-11-30T15:01:03-08:00]
rchar: 296472759557
wchar: 135217916357
syscr: 35895433
syscw: 3852600
read_bytes: 37863776768
write_bytes: 135410466816
cancelled_write_bytes: 966656

[2018-11-30T15:01:06-08:00]
rchar: 297108423309
wchar: 135543643493
syscr: 35972480
syscw: 3862658
read_bytes: 37914006016
write_bytes: 135736635392
cancelled_write_bytes: 966656

[2018-11-30T15:01:09-08:00]
rchar: 297622275689
wchar: 135734588831
syscr: 36034788
syscw: 3873693
read_bytes: 37972017664
write_bytes: 135928795136
cancelled_write_bytes: 966656

[2018-11-30T15:01:12-08:00]
rchar: 298532378188
wchar: 136149718182
syscr: 36145032
syscw: 3889720
read_bytes: 38052246016
write_bytes: 136343855104
cancelled_write_bytes: 974848

[2018-11-30T15:01:15-08:00]
rchar: 299854985559
wchar: 136528333247
syscr: 36305359
syscw: 3912722
read_bytes: 38149390848
write_bytes: 136722563072
cancelled_write_bytes: 974848

[2018-11-30T15:01:18-08:00]
rchar: 300671275057
wchar: 136878325880
syscr: 36404337
syscw: 3928422
read_bytes: 38209397248
write_bytes: 137073025024
cancelled_write_bytes: 978944

[2018-11-30T15:01:21-08:00]
rchar: 301330778410
wchar: 137307665532
syscr: 36484237
syscw: 3933987
read_bytes: 38223737344
write_bytes: 137502973952
cancelled_write_bytes: 987136

[2018-11-30T15:01:24-08:00]
rchar: 301880411849
wchar: 137618097181
syscr: 36550823
syscw: 3939154
read_bytes: 38235779584
write_bytes: 137814138880
cancelled_write_bytes: 987136

[2018-11-30T15:01:27-08:00]
rchar: 302422663888
wchar: 137948290356
syscr: 36616537
syscw: 3943761
read_bytes: 38247760384
write_bytes: 138144571392
cancelled_write_bytes: 987136

[2018-11-30T15:01:30-08:00]
rchar: 303190060643
wchar: 138410075831
syscr: 36709549
syscw: 3950520
read_bytes: 38263624192
write_bytes: 138607017984
cancelled_write_bytes: 987136

[2018-11-30T15:01:33-08:00]
rchar: 303812965032
wchar: 138770800829
syscr: 36785040
syscw: 3956446
read_bytes: 38278287872
write_bytes: 138968297472
cancelled_write_bytes: 987136

[2018-11-30T15:01:36-08:00]
rchar: 304352997079
wchar: 139077897112
syscr: 36850494
syscw: 3961699
read_bytes: 38292070912
write_bytes: 139275837440
cancelled_write_bytes: 987136

[2018-11-30T15:01:39-08:00]
rchar: 305260556604
wchar: 139539477967
syscr: 36960490
syscw: 3971755
read_bytes: 38319358464
write_bytes: 139738103808
cancelled_write_bytes: 987136

[2018-11-30T15:01:42-08:00]
rchar: 306060320853
wchar: 139846027280
syscr: 37057461
syscw: 3985273
read_bytes: 38365983232
write_bytes: 140045082624
cancelled_write_bytes: 987136

[2018-11-30T15:01:45-08:00]
rchar: 306857546711
wchar: 140301441892
syscr: 37154063
syscw: 3991700
read_bytes: 38380556800
write_bytes: 140501168128
cancelled_write_bytes: 995328

[2018-11-30T15:01:48-08:00]
rchar: 307606655162
wchar: 140731834039
syscr: 37244692
syscw: 3997220
read_bytes: 38394585600
write_bytes: 140932235264
cancelled_write_bytes: 995328

[2018-11-30T15:01:51-08:00]
rchar: 308383615112
wchar: 141167947437
syscr: 37338800
syscw: 4003202
read_bytes: 38408696320
write_bytes: 141369012224
cancelled_write_bytes: 995328

[2018-11-30T15:01:54-08:00]
rchar: 309157216045
wchar: 141602780930
syscr: 37432461
syscw: 4009016
read_bytes: 38424162816
write_bytes: 141804523520
cancelled_write_bytes: 995328

[2018-11-30T15:01:57-08:00]
rchar: 310104768364
wchar: 142090268783
syscr: 37547202
syscw: 4017127
read_bytes: 38444810752
write_bytes: 142292754432
cancelled_write_bytes: 995328

[2018-11-30T15:02:00-08:00]
rchar: 311080181789
wchar: 142510289502
syscr: 37665464
syscw: 4040214
read_bytes: 38529040896
write_bytes: 142713290752
cancelled_write_bytes: 995328

[2018-11-30T15:02:03-08:00]
rchar: 313248463816
wchar: 143122222207
syscr: 37928275
syscw: 4074525
read_bytes: 38684967424
write_bytes: 143325884416
cancelled_write_bytes: 1003520

[2018-11-30T15:02:06-08:00]
rchar: 313924740141
wchar: 143477309138
syscr: 38010208
syscw: 4087318
read_bytes: 38717321728
write_bytes: 143681499136
cancelled_write_bytes: 1011712

[2018-11-30T15:02:09-08:00]
rchar: 314768548921
wchar: 143973593814
syscr: 38112484
syscw: 4094556
read_bytes: 38733660672
write_bytes: 144178499584
cancelled_write_bytes: 1011712

[2018-11-30T15:02:12-08:00]
rchar: 315596104459
wchar: 144448223105
syscr: 38212780
syscw: 4101965
read_bytes: 38748287488
write_bytes: 144653815808
cancelled_write_bytes: 1011712

[2018-11-30T15:02:15-08:00]
rchar: 316315246198
wchar: 144885322600
syscr: 38299935
syscw: 4108200
read_bytes: 38763803136
write_bytes: 145091563520
cancelled_write_bytes: 1011712

[2018-11-30T15:02:18-08:00]
rchar: 317058916434
wchar: 145339045540
syscr: 38390054
syscw: 4114548
read_bytes: 38780559872
write_bytes: 145545953280
cancelled_write_bytes: 1011712

[2018-11-30T15:02:21-08:00]
rchar: 318014854927
wchar: 145951353817
syscr: 38505916
syscw: 4122160
read_bytes: 38806270464
write_bytes: 146159210496
cancelled_write_bytes: 1011712

[2018-11-30T15:02:24-08:00]
rchar: 319113635586
wchar: 146254688192
syscr: 38639095
syscw: 4137864
read_bytes: 38885593600
write_bytes: 146462957568
cancelled_write_bytes: 1011712

[2018-11-30T15:02:27-08:00]
rchar: 319841162714
wchar: 146796397039
syscr: 38727237
syscw: 4144919
read_bytes: 38914806272
write_bytes: 147005521920
cancelled_write_bytes: 1019904

[2018-11-30T15:02:30-08:00]
rchar: 320607355418
wchar: 147286401426
syscr: 38819950
syscw: 4149849
read_bytes: 38935847424
write_bytes: 147496316928
cancelled_write_bytes: 1019904

[2018-11-30T15:02:33-08:00]
rchar: 321494852443
wchar: 147872701708
syscr: 38927335
syscw: 4155175
read_bytes: 38960501248
write_bytes: 148083683328
cancelled_write_bytes: 1019904

[2018-11-30T15:02:36-08:00]
rchar: 322107353391
wchar: 148201323076
syscr: 39001476
syscw: 4161877
read_bytes: 39009128960
write_bytes: 148412678144
cancelled_write_bytes: 1019904

[2018-11-30T15:02:39-08:00]
rchar: 323650400763
wchar: 148805959439
syscr: 39188583
syscw: 4194847
read_bytes: 39284064768
write_bytes: 149017956352
cancelled_write_bytes: 1019904

[2018-11-30T15:02:42-08:00]
rchar: 323857341726
wchar: 149041524404
syscr: 39213591
syscw: 4199671
read_bytes: 39316169216
write_bytes: 149253922816
cancelled_write_bytes: 1028096

[2018-11-30T15:02:45-08:00]
rchar: 325424857808
wchar: 149523254274
syscr: 39403597
syscw: 4226179
read_bytes: 39540265472
write_bytes: 149736239104
cancelled_write_bytes: 1028096

[2018-11-30T15:02:48-08:00]
rchar: 326706266820
wchar: 149932594137
syscr: 39558960
syscw: 4247935
read_bytes: 39731524096
write_bytes: 150146048000
cancelled_write_bytes: 1028096

[2018-11-30T15:02:51-08:00]
rchar: 327477980961
wchar: 150626164445
syscr: 39652465
syscw: 4253953
read_bytes: 39766528512
write_bytes: 150840684544
cancelled_write_bytes: 1036288

[2018-11-30T15:02:54-08:00]
rchar: 328052398006
wchar: 151060291982
syscr: 39722054
syscw: 4256938
read_bytes: 39785792000
write_bytes: 151275487232
cancelled_write_bytes: 1036288

[2018-11-30T15:02:57-08:00]
rchar: 328629591092
wchar: 151488978273
syscr: 39791978
syscw: 4260115
read_bytes: 39805940224
write_bytes: 151704829952
cancelled_write_bytes: 1036288

[2018-11-30T15:03:00-08:00]
rchar: 329513651801
wchar: 152150013684
syscr: 39899115
syscw: 4264835
read_bytes: 39836893696
write_bytes: 152366886912
cancelled_write_bytes: 1036288

[2018-11-30T15:03:03-08:00]
rchar: 330004524268
wchar: 152518336124
syscr: 39958585
syscw: 4267488
read_bytes: 39852884480
write_bytes: 152735780864
cancelled_write_bytes: 1036288

[2018-11-30T15:03:06-08:00]
rchar: 330901596489
wchar: 152951315819
syscr: 40067315
syscw: 4277460
read_bytes: 39939166720
write_bytes: 153169403904
cancelled_write_bytes: 1036288

[2018-11-30T15:03:09-08:00]
rchar: 332621108668
wchar: 153453893935
syscr: 40275741
syscw: 4303257
read_bytes: 40196854272
write_bytes: 153672593408
cancelled_write_bytes: 1036288

[2018-11-30T15:03:12-08:00]
rchar: 333411140586
wchar: 153788382015
syscr: 40371456
syscw: 4315020
read_bytes: 40299741696
write_bytes: 154007588864
cancelled_write_bytes: 1044480

[2018-11-30T15:03:15-08:00]
rchar: 335882105321
wchar: 154284548739
syscr: 40671022
syscw: 4345893
read_bytes: 40575197696
write_bytes: 154504286208
cancelled_write_bytes: 1044480

[2018-11-30T15:03:18-08:00]
rchar: 336734625217
wchar: 154510434521
syscr: 40774368
syscw: 4357360
read_bytes: 40657367552
write_bytes: 154730475520
cancelled_write_bytes: 1044480

[2018-11-30T15:03:21-08:00]
rchar: 337711703690
wchar: 155212474574
syscr: 40892656
syscw: 4362789
read_bytes: 40689959424
write_bytes: 155434422272
cancelled_write_bytes: 1052672

[2018-11-30T15:03:24-08:00]
rchar: 338213728123
wchar: 155561472971
syscr: 40953342
syscw: 4365036
read_bytes: 40705643008
write_bytes: 155783237632
cancelled_write_bytes: 1052672

[2018-11-30T15:03:27-08:00]
rchar: 339227567654
wchar: 156140568603
syscr: 41076013
syscw: 4374966
read_bytes: 40788648448
write_bytes: 156363247616
cancelled_write_bytes: 1052672

[2018-11-30T15:03:30-08:00]
rchar: 340287102275
wchar: 156589167483
syscr: 41204483
syscw: 4397801
read_bytes: 40977465856
write_bytes: 156812357632
cancelled_write_bytes: 1052672

[2018-11-30T15:03:33-08:00]
rchar: 340886673855
wchar: 156973092837
syscr: 41277155
syscw: 4410219
read_bytes: 41075851776
write_bytes: 157196812288
cancelled_write_bytes: 1052672

[2018-11-30T15:03:36-08:00]
rchar: 342331694231
wchar: 157386568519
syscr: 41452280
syscw: 4434930
read_bytes: 41283760640
write_bytes: 157610754048
cancelled_write_bytes: 1060864

[2018-11-30T15:03:39-08:00]
rchar: 343652921436
wchar: 157727452004
syscr: 41612452
syscw: 4457993
read_bytes: 41475305984
write_bytes: 157951991808
cancelled_write_bytes: 1060864

[2018-11-30T15:03:42-08:00]
rchar: 344719631156
wchar: 158106422311
syscr: 41741712
syscw: 4474354
read_bytes: 41599668736
write_bytes: 158331478016
cancelled_write_bytes: 1069056

[2018-11-30T15:03:45-08:00]
rchar: 346979619194
wchar: 158537788553
syscr: 42015706
syscw: 4505678
read_bytes: 41840177664
write_bytes: 158763282432
cancelled_write_bytes: 1069056

[2018-11-30T15:03:48-08:00]
rchar: 347661319991
wchar: 159097009656
syscr: 42098301
syscw: 4511374
read_bytes: 41872556544
write_bytes: 159323365376
cancelled_write_bytes: 1077248

[2018-11-30T15:03:51-08:00]
rchar: 348313816505
wchar: 159543838317
syscr: 42177352
syscw: 4514911
read_bytes: 41887502848
write_bytes: 159770869760
cancelled_write_bytes: 1077248

[2018-11-30T15:03:54-08:00]
rchar: 348975919684
wchar: 159991135417
syscr: 42257595
syscw: 4518606
read_bytes: 41904341504
write_bytes: 160218849280
cancelled_write_bytes: 1077248

[2018-11-30T15:03:57-08:00]
rchar: 349677026607
wchar: 160476369283
syscr: 42342550
syscw: 4522244
read_bytes: 41921991168
write_bytes: 160704831488
cancelled_write_bytes: 1077248

[2018-11-30T15:04:00-08:00]
rchar: 350229655601
wchar: 160853506226
syscr: 42409527
syscw: 4525357
read_bytes: 41936179712
write_bytes: 161082556416
cancelled_write_bytes: 1077248

[2018-11-30T15:04:03-08:00]
rchar: 350998057641
wchar: 161379273703
syscr: 42502637
syscw: 4529777
read_bytes: 41956884992
write_bytes: 161609568256
cancelled_write_bytes: 1077248

[2018-11-30T15:04:06-08:00]
rchar: 351746381220
wchar: 161779484457
syscr: 42593326
syscw: 4536248
read_bytes: 41992401408
write_bytes: 162009964544
cancelled_write_bytes: 1077248

[2018-11-30T15:04:09-08:00]
rchar: 353619802529
wchar: 162166620390
syscr: 42820451
syscw: 4559320
read_bytes: 42162385408
write_bytes: 162397515776
cancelled_write_bytes: 1077248

[2018-11-30T15:04:12-08:00]
rchar: 354301096633
wchar: 162650316991
syscr: 42902988
syscw: 4565158
read_bytes: 42195706368
write_bytes: 162881986560
cancelled_write_bytes: 1085440

[2018-11-30T15:04:15-08:00]
rchar: 355153732692
wchar: 163237799435
syscr: 43006082
syscw: 4569239
read_bytes: 42224361984
write_bytes: 163470442496
cancelled_write_bytes: 1085440

[2018-11-30T15:04:18-08:00]
rchar: 355734586603
wchar: 163647997167
syscr: 43076353
syscw: 4571815
read_bytes: 42242556416
write_bytes: 163881320448
cancelled_write_bytes: 1085440

[2018-11-30T15:04:21-08:00]
rchar: 356704177363
wchar: 164078831873
syscr: 43193829
syscw: 4589602
read_bytes: 42398949888
write_bytes: 164312723456
cancelled_write_bytes: 1085440

[2018-11-30T15:04:24-08:00]
rchar: 357778375836
wchar: 164482510298
syscr: 43324078
syscw: 4614443
read_bytes: 42611749376
write_bytes: 164716834816
cancelled_write_bytes: 1085440

[2018-11-30T15:04:27-08:00]
rchar: 358048113016
wchar: 164809991762
syscr: 43356686
syscw: 4618199
read_bytes: 42633110016
write_bytes: 165044858880
cancelled_write_bytes: 1085440

[2018-11-30T15:04:30-08:00]
rchar: 359685064649
wchar: 165308276845
syscr: 43555136
syscw: 4645846
read_bytes: 42834977280
write_bytes: 165543702528
cancelled_write_bytes: 1093632

[2018-11-30T15:04:33-08:00]
rchar: 360930258844
wchar: 165737341555
syscr: 43706093
syscw: 4667373
read_bytes: 42998026752
write_bytes: 165973282816
cancelled_write_bytes: 1093632

[2018-11-30T15:04:36-08:00]
rchar: 361973050458
wchar: 166097307031
syscr: 43832440
syscw: 4681123
read_bytes: 43097559552
write_bytes: 166333730816
cancelled_write_bytes: 1101824

[2018-11-30T15:04:39-08:00]
rchar: 364312211108
wchar: 166563499104
syscr: 44116053
syscw: 4713902
read_bytes: 43339878912
write_bytes: 166800375808
cancelled_write_bytes: 1101824

[2018-11-30T15:04:42-08:00]
rchar: 364755301780
wchar: 166932473967
syscr: 44169696
syscw: 4719076
read_bytes: 43365974528
write_bytes: 167169933312
cancelled_write_bytes: 1110016

[2018-11-30T15:04:45-08:00]
rchar: 365645674960
wchar: 167545004892
syscr: 44277594
syscw: 4723860
read_bytes: 43386610176
write_bytes: 167783395328
cancelled_write_bytes: 1110016

[2018-11-30T15:04:48-08:00]
rchar: 366291814231
wchar: 167998238125
syscr: 44355881
syscw: 4727197
read_bytes: 43403272704
write_bytes: 168237309952
cancelled_write_bytes: 1110016

[2018-11-30T15:04:51-08:00]
rchar: 366939134112
wchar: 168438442283
syscr: 44434328
syscw: 4730821
read_bytes: 43420553728
write_bytes: 168678178816
cancelled_write_bytes: 1110016

[2018-11-30T15:04:54-08:00]
rchar: 367476712465
wchar: 168804989169
syscr: 44499466
syscw: 4733858
read_bytes: 43435065856
write_bytes: 169045291008
cancelled_write_bytes: 1110016

[2018-11-30T15:04:57-08:00]
rchar: 368122583013
wchar: 169230938560
syscr: 44577743
syscw: 4737791
read_bytes: 43452559872
write_bytes: 169471897600
cancelled_write_bytes: 1110016

[2018-11-30T15:05:00-08:00]
rchar: 369817120189
wchar: 169576385731
syscr: 44783176
syscw: 4757962
read_bytes: 43584655872
write_bytes: 169817763840
cancelled_write_bytes: 1114112

[2018-11-30T15:05:03-08:00]
rchar: 370976133412
wchar: 169982695384
syscr: 44923637
syscw: 4772121
read_bytes: 43659932160
write_bytes: 170224631808
cancelled_write_bytes: 1122304

[2018-11-30T15:05:06-08:00]
rchar: 371439676036
wchar: 170283473578
syscr: 44979844
syscw: 4774679
read_bytes: 43672384000
write_bytes: 170525868032
cancelled_write_bytes: 1122304

[2018-11-30T15:05:09-08:00]
rchar: 372204275124
wchar: 170771061640
syscr: 45072311
syscw: 4778812
read_bytes: 43691143680
write_bytes: 171014230016
cancelled_write_bytes: 1122304

[2018-11-30T15:05:12-08:00]
rchar: 372694528293
wchar: 171086305746
syscr: 45131686
syscw: 4781475
read_bytes: 43703759360
write_bytes: 171329998848
cancelled_write_bytes: 1122304

[2018-11-30T15:05:15-08:00]
rchar: 373338332942
wchar: 171459444519
syscr: 45209541
syscw: 4785488
read_bytes: 43722650112
write_bytes: 171703754752
cancelled_write_bytes: 1122304

[2018-11-30T15:05:18-08:00]
rchar: 374655717340
wchar: 171926131483
syscr: 45369198
syscw: 4812499
read_bytes: 43914035712
write_bytes: 172170989568
cancelled_write_bytes: 1122304

[2018-11-30T15:05:21-08:00]
rchar: 375087292066
wchar: 172158732104
syscr: 45421519
syscw: 4822971
read_bytes: 43980632576
write_bytes: 172403884032
cancelled_write_bytes: 1122304

[2018-11-30T15:05:24-08:00]
rchar: 375807695339
wchar: 172412384199
syscr: 45508785
syscw: 4836030
read_bytes: 44068151808
write_bytes: 172657885184
cancelled_write_bytes: 1130496

[2018-11-30T15:05:27-08:00]
rchar: 377569300455
wchar: 172923401553
syscr: 45722365
syscw: 4865033
read_bytes: 44249035264
write_bytes: 173169455104
cancelled_write_bytes: 1130496

[2018-11-30T15:05:30-08:00]
rchar: 377948504428
wchar: 173165091322
syscr: 45768327
syscw: 4872758
read_bytes: 44290007552
write_bytes: 173411516416
cancelled_write_bytes: 1130496

[2018-11-30T15:05:33-08:00]
rchar: 380342217063
wchar: 173573663296
syscr: 46058482
syscw: 4904909
read_bytes: 44484387328
write_bytes: 173820489728
cancelled_write_bytes: 1138688

[2018-11-30T15:05:36-08:00]
rchar: 381143761611
wchar: 173783192265
syscr: 46155653
syscw: 4917105
read_bytes: 44547981824
write_bytes: 174031007744
cancelled_write_bytes: 1138688

[2018-11-30T15:05:39-08:00]
rchar: 381759473946
wchar: 174283796727
syscr: 46230246
syscw: 4921103
read_bytes: 44561641984
write_bytes: 174531641344
cancelled_write_bytes: 1146880

[2018-11-30T15:05:42-08:00]
rchar: 382391798827
wchar: 174750047199
syscr: 46306844
syscw: 4924019
read_bytes: 44571316736
write_bytes: 174998609920
cancelled_write_bytes: 1146880

[2018-11-30T15:05:45-08:00]
rchar: 382941916324
wchar: 175138838960
syscr: 46373536
syscw: 4926922
read_bytes: 44580057600
write_bytes: 175387983872
cancelled_write_bytes: 1146880

[2018-11-30T15:05:48-08:00]
rchar: 383421663216
wchar: 175497511036
syscr: 46431645
syscw: 4929226
read_bytes: 44588089856
write_bytes: 175747239936
cancelled_write_bytes: 1146880

[2018-11-30T15:05:51-08:00]
rchar: 383921308129
wchar: 175896958818
syscr: 46492186
syscw: 4931082
read_bytes: 44595872256
write_bytes: 176147337216
cancelled_write_bytes: 1146880

[2018-11-30T15:05:54-08:00]
rchar: 384312344065
wchar: 176210951704
syscr: 46539583
syscw: 4932492
read_bytes: 44601209344
write_bytes: 176461811712
cancelled_write_bytes: 1146880

[2018-11-30T15:05:57-08:00]
rchar: 384745480651
wchar: 176575158769
syscr: 46592052
syscw: 4933853
read_bytes: 44606861824
write_bytes: 176826585088
cancelled_write_bytes: 1146880

[2018-11-30T15:06:00-08:00]
rchar: 385195295753
wchar: 176930047863
syscr: 46646545
syscw: 4935648
read_bytes: 44636287488
write_bytes: 177182064640
cancelled_write_bytes: 1146880

