Extracting RWBS and sectors to /tmp/ycsb-rocksdb/data/output_myworkloada/sectors.dat
Parsing results...

SECTOR_SIZE   RW   COUNT         RATIO (in R/W)   RATIO (Overall)
----------------------------------------------------------------------
24            R    1460198              45.415%           40.506%
16            R    721431               22.438%           20.013%
8             R    572359               17.801%           15.877%
1024          W    284711               73.079%            7.898%
40            R    110725                3.444%            3.072%
56            R    65530                 2.038%            1.818%
32            R    64508                 2.006%            1.789%
8             W    56434                14.485%            1.566%
72            R    41349                 1.286%            1.147%
1016          W    41291                10.598%            1.145%
88            R    27480                 0.855%            0.762%
48            R    18865                 0.587%            0.523%
104           R    18510                 0.576%            0.513%
64            R    13702                 0.426%            0.380%
120           R    13062                 0.406%            0.362%
256           R    11639                 0.362%            0.323%
80            R    9227                  0.287%            0.256%
136           R    8806                  0.274%            0.244%
96            R    7022                  0.218%            0.195%
152           R    6354                  0.198%            0.176%
112           R    5376                  0.167%            0.149%
168           R    4684                  0.146%            0.130%
128           R    4376                  0.136%            0.121%
184           R    3545                  0.110%            0.098%
144           R    3256                  0.101%            0.090%
200           R    2583                  0.080%            0.072%
160           R    2582                  0.080%            0.072%
216           R    2544                  0.079%            0.071%
192           R    2294                  0.071%            0.064%
176           R    2132                  0.066%            0.059%
232           R    1536                  0.048%            0.043%
208           R    1397                  0.043%            0.039%
248           R    1169                  0.036%            0.032%
224           R    1144                  0.036%            0.032%
240           R    1128                  0.035%            0.031%
408           W    587                   0.151%            0.016%
264           R    504                   0.016%            0.014%
416           W    501                   0.129%            0.014%
512           R    470                   0.015%            0.013%
280           R    399                   0.012%            0.011%
64            W    351                   0.090%            0.010%
296           R    308                   0.010%            0.009%
272           R    273                   0.008%            0.008%
32            W    262                   0.067%            0.007%
312           R    256                   0.008%            0.007%
288           R    240                   0.007%            0.007%
304           R    225                   0.007%            0.006%
16            W    221                   0.057%            0.006%
328           R    214                   0.007%            0.006%
3             W    208                   0.053%            0.006%
320           R    181                   0.006%            0.005%
344           R    180                   0.006%            0.005%
30            W    142                   0.036%            0.004%
336           R    141                   0.004%            0.004%
360           R    140                   0.004%            0.004%
352           R    138                   0.004%            0.004%
400           W    130                   0.033%            0.004%
96            W    121                   0.031%            0.003%
744           W    118                   0.030%            0.003%
376           R    118                   0.004%            0.003%
15            W    115                   0.030%            0.003%
368           R    113                   0.004%            0.003%
896           W    109                   0.028%            0.003%
736           W    107                   0.027%            0.003%
112           W    107                   0.027%            0.003%
120           W    106                   0.027%            0.003%
384           R    102                   0.003%            0.003%
888           W    101                   0.026%            0.003%
26            W    101                   0.026%            0.003%
25            W    101                   0.026%            0.003%
952           W    100                   0.026%            0.003%
4             W    100                   0.026%            0.003%
904           W    99                    0.025%            0.003%
29            W    99                    0.025%            0.003%
920           W    98                    0.025%            0.003%
31            W    97                    0.025%            0.003%
33            W    96                    0.025%            0.003%
28            W    93                    0.024%            0.003%
408           R    92                    0.003%            0.003%
27            W    92                    0.024%            0.003%
24            W    91                    0.023%            0.003%
392           R    87                    0.003%            0.002%
34            W    82                    0.021%            0.002%
424           W    81                    0.021%            0.002%
1             W    81                    0.021%            0.002%
136           W    81                    0.021%            0.002%
400           R    75                    0.002%            0.002%
23            W    75                    0.019%            0.002%
424           R    74                    0.002%            0.002%
35            W    66                    0.017%            0.002%
21            W    65                    0.017%            0.002%
37            W    63                    0.016%            0.002%
416           R    61                    0.002%            0.002%
36            W    59                    0.015%            0.002%
9             W    57                    0.015%            0.002%
6             W    55                    0.014%            0.002%
7             W    54                    0.014%            0.001%
14            W    54                    0.014%            0.001%
128           W    54                    0.014%            0.001%
728           W    51                    0.013%            0.001%
5             W    51                    0.013%            0.001%
472           R    51                    0.002%            0.001%
432           R    51                    0.002%            0.001%
10            W    50                    0.013%            0.001%
22            W    49                    0.013%            0.001%
40            W    48                    0.012%            0.001%
18            W    44                    0.011%            0.001%
38            W    43                    0.011%            0.001%
448           R    42                    0.001%            0.001%
440           R    42                    0.001%            0.001%
20            W    42                    0.011%            0.001%
39            W    41                    0.011%            0.001%
12            W    40                    0.010%            0.001%
456           R    38                    0.001%            0.001%
464           R    37                    0.001%            0.001%
19            W    37                    0.009%            0.001%
11            W    36                    0.009%            0.001%
17            W    34                    0.009%            0.001%
13            W    34                    0.009%            0.001%
41            W    31                    0.008%            0.001%
392           W    30                    0.008%            0.001%
712           W    29                    0.007%            0.001%
2             W    29                    0.007%            0.001%
752           W    28                    0.007%            0.001%
480           R    28                    0.001%            0.001%
48            W    26                    0.007%            0.001%
432           W    25                    0.006%            0.001%
504           R    22                    0.001%            0.001%
42            W    22                    0.006%            0.001%
720           W    20                    0.005%            0.001%
160           W    19                    0.005%            0.001%
496           R    18                    0.001%            0.000%
45            W    18                    0.005%            0.000%
928           W    17                    0.004%            0.000%
88            W    17                    0.004%            0.000%
456           W    17                    0.004%            0.000%
43            W    17                    0.004%            0.000%
976           W    15                    0.004%            0.000%
944           W    15                    0.004%            0.000%
776           W    15                    0.004%            0.000%
680           W    15                    0.004%            0.000%
488           R    15                    0.000%            0.000%
448           W    15                    0.004%            0.000%
240           W    14                    0.004%            0.000%
144           W    14                    0.004%            0.000%
104           W    14                    0.004%            0.000%
872           W    13                    0.003%            0.000%
80            W    13                    0.003%            0.000%
520           W    13                    0.003%            0.000%
192           W    13                    0.003%            0.000%
824           W    12                    0.003%            0.000%
256           W    12                    0.003%            0.000%
176           W    12                    0.003%            0.000%
56            W    11                    0.003%            0.000%
464           W    11                    0.003%            0.000%
344           W    11                    0.003%            0.000%
320           W    11                    0.003%            0.000%
224           W    11                    0.003%            0.000%
152           W    11                    0.003%            0.000%
984           W    10                    0.003%            0.000%
800           W    10                    0.003%            0.000%
768           W    10                    0.003%            0.000%
72            W    10                    0.003%            0.000%
696           W    10                    0.003%            0.000%
656           W    10                    0.003%            0.000%
560           W    10                    0.003%            0.000%
480           W    10                    0.003%            0.000%
44            W    10                    0.003%            0.000%
328           W    10                    0.003%            0.000%
296           W    10                    0.003%            0.000%
264           W    10                    0.003%            0.000%
832           W    9                     0.002%            0.000%
616           W    9                     0.002%            0.000%
184           W    9                     0.002%            0.000%
168           W    9                     0.002%            0.000%
1008          W    9                     0.002%            0.000%
960           W    8                     0.002%            0.000%
936           W    8                     0.002%            0.000%
840           W    8                     0.002%            0.000%
816           W    8                     0.002%            0.000%
784           W    8                     0.002%            0.000%
576           W    8                     0.002%            0.000%
568           W    8                     0.002%            0.000%
536           W    8                     0.002%            0.000%
47            W    8                     0.002%            0.000%
46            W    8                     0.002%            0.000%
304           W    8                     0.002%            0.000%
1             R    8                     0.000%            0.000%
968           W    7                     0.002%            0.000%
864           W    7                     0.002%            0.000%
808           W    7                     0.002%            0.000%
704           W    7                     0.002%            0.000%
688           W    7                     0.002%            0.000%
672           W    7                     0.002%            0.000%
632           W    7                     0.002%            0.000%
62            W    7                     0.002%            0.000%
584           W    7                     0.002%            0.000%
528           W    7                     0.002%            0.000%
472           W    7                     0.002%            0.000%
352           W    7                     0.002%            0.000%
216           W    7                     0.002%            0.000%
208           W    7                     0.002%            0.000%
200           W    7                     0.002%            0.000%
1000          W    7                     0.002%            0.000%
848           W    6                     0.002%            0.000%
648           W    6                     0.002%            0.000%
640           W    6                     0.002%            0.000%
624           W    6                     0.002%            0.000%
496           W    6                     0.002%            0.000%
488           W    6                     0.002%            0.000%
440           W    6                     0.002%            0.000%
376           W    6                     0.002%            0.000%
360           W    6                     0.002%            0.000%
336           W    6                     0.002%            0.000%
312           W    6                     0.002%            0.000%
232           W    6                     0.002%            0.000%
856           W    5                     0.001%            0.000%
792           W    5                     0.001%            0.000%
760           W    5                     0.001%            0.000%
608           W    5                     0.001%            0.000%
55            W    5                     0.001%            0.000%
552           W    5                     0.001%            0.000%
544           W    5                     0.001%            0.000%
504           W    5                     0.001%            0.000%
288           W    5                     0.001%            0.000%
248           W    5                     0.001%            0.000%
992           W    4                     0.001%            0.000%
912           W    4                     0.001%            0.000%
60            W    4                     0.001%            0.000%
59            W    4                     0.001%            0.000%
592           W    4                     0.001%            0.000%
57            W    4                     0.001%            0.000%
54            W    4                     0.001%            0.000%
512           W    4                     0.001%            0.000%
280           W    4                     0.001%            0.000%
272           W    4                     0.001%            0.000%
880           W    3                     0.001%            0.000%
664           W    3                     0.001%            0.000%
61            W    3                     0.001%            0.000%
600           W    3                     0.001%            0.000%
58            W    3                     0.001%            0.000%
53            W    3                     0.001%            0.000%
52            W    3                     0.001%            0.000%
49            W    3                     0.001%            0.000%
384           W    3                     0.001%            0.000%
368           W    3                     0.001%            0.000%
51            W    2                     0.001%            0.000%
50            W    2                     0.001%            0.000%
63            W    1                     0.000%            0.000%


SUMMARY (512-byte sectors)
----------------------------------------------------------------------
Total read I/Os : 3215256        [ 89.193%]
Total write I/Os: 389594         [ 10.807%]
Total read sectors : 87030856    [ 20.583%,   42495.535MB]
Total write sectors: 335804711   [ 79.417%,  163967.144MB]
