[2019-07-09T01:44:04-07:00]
rchar: 14999076
wchar: 203
syscr: 2275
syscw: 10
read_bytes: 3088384
write_bytes: 81920
cancelled_write_bytes: 0

[2019-07-09T01:44:07-07:00]
rchar: 14999076
wchar: 203
syscr: 2275
syscw: 10
read_bytes: 3088384
write_bytes: 81920
cancelled_write_bytes: 0

[2019-07-09T01:44:10-07:00]
rchar: 14999076
wchar: 203
syscr: 2275
syscw: 10
read_bytes: 3088384
write_bytes: 81920
cancelled_write_bytes: 0

[2019-07-09T01:44:13-07:00]
rchar: 14999076
wchar: 203
syscr: 2275
syscw: 10
read_bytes: 3088384
write_bytes: 90112
cancelled_write_bytes: 0

[2019-07-09T01:44:16-07:00]
rchar: 163713077
wchar: 8234155
syscr: 9269
syscw: 1260
read_bytes: 239490560
write_bytes: 8351744
cancelled_write_bytes: 0

[2019-07-09T01:44:19-07:00]
rchar: 391757658
wchar: 281836709
syscr: 21916
syscw: 3786
read_bytes: 480213504
write_bytes: 282341376
cancelled_write_bytes: 0

[2019-07-09T01:44:22-07:00]
rchar: 858042572
wchar: 615283899
syscr: 78435
syscw: 21159
read_bytes: 943860224
write_bytes: 616218624
cancelled_write_bytes: 0

[2019-07-09T01:44:25-07:00]
rchar: 1169042129
wchar: 758971128
syscr: 116145
syscw: 43711
read_bytes: 1319528960
write_bytes: 759988224
cancelled_write_bytes: 0

[2019-07-09T01:44:28-07:00]
rchar: 1336067154
wchar: 962395019
syscr: 136403
syscw: 59026
read_bytes: 1551452672
write_bytes: 963661824
cancelled_write_bytes: 0

[2019-07-09T01:44:31-07:00]
rchar: 1586008104
wchar: 1176851006
syscr: 166594
syscw: 62497
read_bytes: 1668909568
write_bytes: 1178435584
cancelled_write_bytes: 8192

[2019-07-09T01:44:34-07:00]
rchar: 2181200236
wchar: 1598956602
syscr: 238615
syscw: 72858
read_bytes: 2016041472
write_bytes: 1601179648
cancelled_write_bytes: 8192

[2019-07-09T01:44:37-07:00]
rchar: 2770265322
wchar: 1956894251
syscr: 309924
syscw: 86286
read_bytes: 2358647296
write_bytes: 1959579648
cancelled_write_bytes: 8192

[2019-07-09T01:44:40-07:00]
rchar: 3553615514
wchar: 2160339979
syscr: 404899
syscw: 116977
read_bytes: 2800822784
write_bytes: 2163163136
cancelled_write_bytes: 20480

[2019-07-09T01:44:43-07:00]
rchar: 3643512580
wchar: 2335660513
syscr: 415722
syscw: 120041
read_bytes: 2840832512
write_bytes: 2338803712
cancelled_write_bytes: 28672

[2019-07-09T01:44:46-07:00]
rchar: 4599927867
wchar: 2449614114
syscr: 531689
syscw: 144436
read_bytes: 3207670272
write_bytes: 2452762624
cancelled_write_bytes: 28672

[2019-07-09T01:44:49-07:00]
rchar: 5418952259
wchar: 2550748139
syscr: 630997
syscw: 167017
read_bytes: 3524262400
write_bytes: 2553905152
cancelled_write_bytes: 28672

[2019-07-09T01:44:52-07:00]
rchar: 5820381609
wchar: 3043227794
syscr: 679501
syscw: 169086
read_bytes: 3542886912
write_bytes: 3047219200
cancelled_write_bytes: 36864

[2019-07-09T01:44:55-07:00]
rchar: 6148937986
wchar: 3327969930
syscr: 719228
syscw: 170118
read_bytes: 3552250368
write_bytes: 3332444160
cancelled_write_bytes: 36864

[2019-07-09T01:44:58-07:00]
rchar: 6516572423
wchar: 3611721522
syscr: 763673
syscw: 172990
read_bytes: 3583097344
write_bytes: 3616653312
cancelled_write_bytes: 57344

[2019-07-09T01:45:01-07:00]
rchar: 7228383213
wchar: 3993561174
syscr: 849967
syscw: 190833
read_bytes: 3943082496
write_bytes: 3998949376
cancelled_write_bytes: 90112

[2019-07-09T01:45:04-07:00]
rchar: 7812084500
wchar: 4267196140
syscr: 920727
syscw: 208981
read_bytes: 4311697920
write_bytes: 4272881664
cancelled_write_bytes: 94208

[2019-07-09T01:45:07-07:00]
rchar: 8105379024
wchar: 4423304437
syscr: 956281
syscw: 217084
read_bytes: 4470729216
write_bytes: 4429180928
cancelled_write_bytes: 94208

[2019-07-09T01:45:10-07:00]
rchar: 8468757496
wchar: 4667429943
syscr: 1000271
syscw: 226227
read_bytes: 4642634240
write_bytes: 4673667072
cancelled_write_bytes: 106496

[2019-07-09T01:45:13-07:00]
rchar: 9318448058
wchar: 4969401416
syscr: 1103283
syscw: 243789
read_bytes: 5027379712
write_bytes: 4975996928
cancelled_write_bytes: 106496

[2019-07-09T01:45:16-07:00]
rchar: 10143113643
wchar: 5244408052
syscr: 1203259
syscw: 261907
read_bytes: 5403814400
write_bytes: 5251301376
cancelled_write_bytes: 110592

[2019-07-09T01:45:19-07:00]
rchar: 10381836192
wchar: 5462771641
syscr: 1232136
syscw: 267150
read_bytes: 5512354304
write_bytes: 5470035968
cancelled_write_bytes: 122880

[2019-07-09T01:45:22-07:00]
rchar: 11359048956
wchar: 5714769213
syscr: 1350607
syscw: 285947
read_bytes: 5824784896
write_bytes: 5722304512
cancelled_write_bytes: 122880

[2019-07-09T01:45:25-07:00]
rchar: 12545722981
wchar: 6002035108
syscr: 1494474
syscw: 307155
read_bytes: 6251858432
write_bytes: 6009864192
cancelled_write_bytes: 122880

[2019-07-09T01:45:28-07:00]
rchar: 13195659569
wchar: 6177264331
syscr: 1573269
syscw: 318010
read_bytes: 6499482112
write_bytes: 6185283584
cancelled_write_bytes: 122880

[2019-07-09T01:45:31-07:00]
rchar: 13714974194
wchar: 6424531917
syscr: 1636157
syscw: 326624
read_bytes: 6643300864
write_bytes: 6432923648
cancelled_write_bytes: 131072

[2019-07-09T01:45:34-07:00]
rchar: 14542622798
wchar: 6888939891
syscr: 1736495
syscw: 333881
read_bytes: 6716746240
write_bytes: 6898028544
cancelled_write_bytes: 131072

[2019-07-09T01:45:37-07:00]
rchar: 15095263493
wchar: 7343784389
syscr: 1803287
syscw: 335650
read_bytes: 6730578432
write_bytes: 7353655296
cancelled_write_bytes: 131072

[2019-07-09T01:45:40-07:00]
rchar: 15791077620
wchar: 7691093684
syscr: 1887510
syscw: 351862
read_bytes: 7001635328
write_bytes: 7701438464
cancelled_write_bytes: 135168

[2019-07-09T01:45:43-07:00]
rchar: 16403266624
wchar: 8100284390
syscr: 1961713
syscw: 363485
read_bytes: 7125080576
write_bytes: 8111173632
cancelled_write_bytes: 135168

[2019-07-09T01:45:46-07:00]
rchar: 16889979268
wchar: 8385976917
syscr: 2020704
syscw: 376025
read_bytes: 7309507072
write_bytes: 8397213696
cancelled_write_bytes: 135168

[2019-07-09T01:45:49-07:00]
rchar: 17048601314
wchar: 8617616161
syscr: 2039934
syscw: 381908
read_bytes: 7403301376
write_bytes: 8629239808
cancelled_write_bytes: 135168

[2019-07-09T01:45:52-07:00]
rchar: 17963431142
wchar: 8909275674
syscr: 2150765
syscw: 401342
read_bytes: 7784778240
write_bytes: 8921214976
cancelled_write_bytes: 163840

[2019-07-09T01:45:55-07:00]
rchar: 18753256042
wchar: 9174529502
syscr: 2246522
syscw: 418662
read_bytes: 8111184384
write_bytes: 9186766848
cancelled_write_bytes: 163840

[2019-07-09T01:45:58-07:00]
rchar: 19550840579
wchar: 9427787218
syscr: 2343219
syscw: 437979
read_bytes: 8444795392
write_bytes: 9440284672
cancelled_write_bytes: 163840

[2019-07-09T01:46:01-07:00]
rchar: 19887011221
wchar: 9684459267
syscr: 2383894
syscw: 444544
read_bytes: 8557611520
write_bytes: 9697382400
cancelled_write_bytes: 176128

[2019-07-09T01:46:04-07:00]
rchar: 20899165340
wchar: 9944156927
syscr: 2506603
syscw: 462265
read_bytes: 8879745536
write_bytes: 9957359616
cancelled_write_bytes: 176128

[2019-07-09T01:46:07-07:00]
rchar: 22081896360
wchar: 10265955222
syscr: 2649993
syscw: 482592
read_bytes: 9275263488
write_bytes: 10279497728
cancelled_write_bytes: 176128

[2019-07-09T01:46:10-07:00]
rchar: 22768904711
wchar: 10434568918
syscr: 2733281
syscw: 496307
read_bytes: 9480862208
write_bytes: 10448306176
cancelled_write_bytes: 180224

[2019-07-09T01:46:13-07:00]
rchar: 23526134207
wchar: 10750034260
syscr: 2825009
syscw: 508208
read_bytes: 9674680832
write_bytes: 10764230656
cancelled_write_bytes: 188416

[2019-07-09T01:46:16-07:00]
rchar: 24930328259
wchar: 11040131258
syscr: 2995246
syscw: 529383
read_bytes: 10039683584
write_bytes: 11054628864
cancelled_write_bytes: 188416

[2019-07-09T01:46:19-07:00]
rchar: 26455556601
wchar: 11352671084
syscr: 3180157
syscw: 552914
read_bytes: 10430212608
write_bytes: 11367497728
cancelled_write_bytes: 188416

[2019-07-09T01:46:22-07:00]
rchar: 26782036498
wchar: 11493502523
syscr: 3219743
syscw: 556778
read_bytes: 10484764160
write_bytes: 11508535296
cancelled_write_bytes: 188416

[2019-07-09T01:46:25-07:00]
rchar: 27055063993
wchar: 11851343898
syscr: 3252759
syscw: 558281
read_bytes: 10494791168
write_bytes: 11867009024
cancelled_write_bytes: 188416

[2019-07-09T01:46:28-07:00]
rchar: 27609098172
wchar: 12310660283
syscr: 3319716
syscw: 560213
read_bytes: 10518842880
write_bytes: 12327501824
cancelled_write_bytes: 196608

[2019-07-09T01:46:31-07:00]
rchar: 27963911924
wchar: 12590639019
syscr: 3362625
syscw: 561524
read_bytes: 10550521344
write_bytes: 12607565824
cancelled_write_bytes: 196608

[2019-07-09T01:46:34-07:00]
rchar: 28520323055
wchar: 12885626321
syscr: 3430041
syscw: 569413
read_bytes: 10816482816
write_bytes: 12902944768
cancelled_write_bytes: 196608

[2019-07-09T01:46:37-07:00]
rchar: 29224441448
wchar: 13264466615
syscr: 3515393
syscw: 580067
read_bytes: 11186757120
write_bytes: 13282279424
cancelled_write_bytes: 196608

[2019-07-09T01:46:40-07:00]
rchar: 29952155656
wchar: 13658616554
syscr: 3603594
syscw: 591148
read_bytes: 11551604224
write_bytes: 13676953600
cancelled_write_bytes: 196608

[2019-07-09T01:46:43-07:00]
rchar: 30548817710
wchar: 14011553974
syscr: 3675909
syscw: 599265
read_bytes: 11817369088
write_bytes: 14030368768
cancelled_write_bytes: 196608

[2019-07-09T01:46:46-07:00]
rchar: 31379245994
wchar: 14490203149
syscr: 3776562
syscw: 610753
read_bytes: 12224650752
write_bytes: 14509662208
cancelled_write_bytes: 196608

[2019-07-09T01:46:49-07:00]
rchar: 31941612625
wchar: 14785823414
syscr: 3844718
syscw: 619794
read_bytes: 12513156608
write_bytes: 14805676032
cancelled_write_bytes: 196608

[2019-07-09T01:46:52-07:00]
rchar: 32264055978
wchar: 15030525750
syscr: 3883814
syscw: 625156
read_bytes: 12674608640
write_bytes: 15050731520
cancelled_write_bytes: 196608

[2019-07-09T01:46:55-07:00]
rchar: 32735436961
wchar: 15343865697
syscr: 3940859
syscw: 631291
read_bytes: 12869721600
write_bytes: 15364550656
cancelled_write_bytes: 204800

[2019-07-09T01:46:58-07:00]
rchar: 33492398767
wchar: 15691492570
syscr: 4032611
syscw: 641162
read_bytes: 13160885760
write_bytes: 15712645120
cancelled_write_bytes: 204800

[2019-07-09T01:47:01-07:00]
rchar: 34314354433
wchar: 16007374968
syscr: 4132248
syscw: 653155
read_bytes: 13468753408
write_bytes: 16028930048
cancelled_write_bytes: 204800

[2019-07-09T01:47:04-07:00]
rchar: 35369593318
wchar: 16410681874
syscr: 4260150
syscw: 669312
read_bytes: 13859089920
write_bytes: 16432746496
cancelled_write_bytes: 204800

[2019-07-09T01:47:07-07:00]
rchar: 36374381616
wchar: 16722024959
syscr: 4381952
syscw: 686449
read_bytes: 14177660416
write_bytes: 16744476672
cancelled_write_bytes: 204800

[2019-07-09T01:47:10-07:00]
rchar: 36555040853
wchar: 16913900508
syscr: 4403861
syscw: 690136
read_bytes: 14213291520
write_bytes: 16936669184
cancelled_write_bytes: 204800

[2019-07-09T01:47:13-07:00]
rchar: 37774949961
wchar: 17305577562
syscr: 4551670
syscw: 704950
read_bytes: 14367313408
write_bytes: 17328861184
cancelled_write_bytes: 212992

[2019-07-09T01:47:16-07:00]
rchar: 39248507328
wchar: 17597366293
syscr: 4730320
syscw: 727213
read_bytes: 14675758592
write_bytes: 17620959232
cancelled_write_bytes: 212992

[2019-07-09T01:47:19-07:00]
rchar: 40624695436
wchar: 17998789427
syscr: 4897166
syscw: 745317
read_bytes: 14922763776
write_bytes: 18022916096
cancelled_write_bytes: 212992

[2019-07-09T01:47:22-07:00]
rchar: 40825013948
wchar: 18161996847
syscr: 4921425
syscw: 746033
read_bytes: 14926933504
write_bytes: 18186391552
cancelled_write_bytes: 212992

[2019-07-09T01:47:25-07:00]
rchar: 41209805815
wchar: 18564704967
syscr: 4967906
syscw: 748096
read_bytes: 14939049472
write_bytes: 18589786112
cancelled_write_bytes: 212992

[2019-07-09T01:47:28-07:00]
rchar: 41887892622
wchar: 19142840013
syscr: 5049850
syscw: 750729
read_bytes: 14956178944
write_bytes: 19168874496
cancelled_write_bytes: 221184

[2019-07-09T01:47:31-07:00]
rchar: 42386974682
wchar: 19493113361
syscr: 5110231
syscw: 753814
read_bytes: 14986612224
write_bytes: 19519709184
cancelled_write_bytes: 221184

[2019-07-09T01:47:34-07:00]
rchar: 43419460467
wchar: 19810604897
syscr: 5235400
syscw: 776875
read_bytes: 15267048960
write_bytes: 19837534208
cancelled_write_bytes: 221184

[2019-07-09T01:47:37-07:00]
rchar: 44418465914
wchar: 20076799707
syscr: 5356514
syscw: 799042
read_bytes: 15578557952
write_bytes: 20103991296
cancelled_write_bytes: 221184

[2019-07-09T01:47:40-07:00]
rchar: 44904885945
wchar: 20390767708
syscr: 5415491
syscw: 809680
read_bytes: 15718333952
write_bytes: 20418416640
cancelled_write_bytes: 221184

[2019-07-09T01:47:43-07:00]
rchar: 46251812103
wchar: 20664408111
syscr: 5578708
syscw: 834240
read_bytes: 16004419072
write_bytes: 20692336640
cancelled_write_bytes: 233472

[2019-07-09T01:47:46-07:00]
rchar: 47513101689
wchar: 21022918949
syscr: 5731615
syscw: 854251
read_bytes: 16252866048
write_bytes: 21051260928
cancelled_write_bytes: 233472

[2019-07-09T01:47:49-07:00]
rchar: 48201694106
wchar: 21333713306
syscr: 5815096
syscw: 868250
read_bytes: 16406294016
write_bytes: 21362528256
cancelled_write_bytes: 233472

[2019-07-09T01:47:52-07:00]
rchar: 49559897162
wchar: 21583609300
syscr: 5979684
syscw: 890195
read_bytes: 16656727552
write_bytes: 21612683264
cancelled_write_bytes: 245760

[2019-07-09T01:47:55-07:00]
rchar: 51153118712
wchar: 21865194929
syscr: 6172847
syscw: 914969
read_bytes: 16947043840
write_bytes: 21894557696
cancelled_write_bytes: 245760

[2019-07-09T01:47:58-07:00]
rchar: 52267886163
wchar: 22083740505
syscr: 6307990
syscw: 930954
read_bytes: 17156292096
write_bytes: 22113341440
cancelled_write_bytes: 249856

[2019-07-09T01:48:01-07:00]
rchar: 52604398277
wchar: 22466425097
syscr: 6348717
syscw: 933324
read_bytes: 17183690240
write_bytes: 22497107968
cancelled_write_bytes: 258048

[2019-07-09T01:48:04-07:00]
rchar: 53022676037
wchar: 22800741732
syscr: 6399430
syscw: 934528
read_bytes: 17210297856
write_bytes: 22831562752
cancelled_write_bytes: 258048

[2019-07-09T01:48:07-07:00]
rchar: 53584953453
wchar: 23182589912
syscr: 6467296
syscw: 939344
read_bytes: 17370807808
write_bytes: 23213993984
cancelled_write_bytes: 258048

[2019-07-09T01:48:10-07:00]
rchar: 54080267895
wchar: 23554121783
syscr: 6527336
syscw: 943667
read_bytes: 17487027712
write_bytes: 23586058240
cancelled_write_bytes: 258048

[2019-07-09T01:48:13-07:00]
rchar: 54504763031
wchar: 23870261893
syscr: 6578766
syscw: 947435
read_bytes: 17586064896
write_bytes: 23902658560
cancelled_write_bytes: 258048

[2019-07-09T01:48:16-07:00]
rchar: 55097732960
wchar: 24298351792
syscr: 6650617
syscw: 953235
read_bytes: 17745485312
write_bytes: 24331378688
cancelled_write_bytes: 258048

[2019-07-09T01:48:19-07:00]
rchar: 55711311644
wchar: 24683442048
syscr: 6724978
syscw: 961615
read_bytes: 17954205184
write_bytes: 24717049856
cancelled_write_bytes: 258048

[2019-07-09T01:48:22-07:00]
rchar: 56479080036
wchar: 25107757836
syscr: 6818043
syscw: 973988
read_bytes: 18275896832
write_bytes: 25141927936
cancelled_write_bytes: 258048

[2019-07-09T01:48:25-07:00]
rchar: 57114893286
wchar: 25485515547
syscr: 6895105
syscw: 983541
read_bytes: 18503847424
write_bytes: 25520214016
cancelled_write_bytes: 258048

[2019-07-09T01:48:28-07:00]
rchar: 57900095447
wchar: 25895496494
syscr: 6990277
syscw: 996269
read_bytes: 18702073344
write_bytes: 25930780672
cancelled_write_bytes: 258048

[2019-07-09T01:48:31-07:00]
rchar: 58255054122
wchar: 26268310364
syscr: 7033196
syscw: 997935
read_bytes: 18710461952
write_bytes: 26304233472
cancelled_write_bytes: 258048

[2019-07-09T01:48:34-07:00]
rchar: 58644559083
wchar: 26700131015
syscr: 7080227
syscw: 1000363
read_bytes: 18723409408
write_bytes: 26736799744
cancelled_write_bytes: 258048

[2019-07-09T01:48:37-07:00]
rchar: 59320863461
wchar: 27060948006
syscr: 7162044
syscw: 1009470
read_bytes: 18801524224
write_bytes: 27098214400
cancelled_write_bytes: 266240

[2019-07-09T01:48:40-07:00]
rchar: 60717594442
wchar: 27401051574
syscr: 7331379
syscw: 1041513
read_bytes: 19131026944
write_bytes: 27438661632
cancelled_write_bytes: 266240

[2019-07-09T01:48:43-07:00]
rchar: 61710848888
wchar: 27734391359
syscr: 7451796
syscw: 1060467
read_bytes: 19337788928
write_bytes: 27772395520
cancelled_write_bytes: 266240

[2019-07-09T01:48:46-07:00]
rchar: 61833778133
wchar: 27970840931
syscr: 7466698
syscw: 1062191
read_bytes: 19347762688
write_bytes: 28009242624
cancelled_write_bytes: 266240

[2019-07-09T01:48:49-07:00]
rchar: 62327122946
wchar: 28272962413
syscr: 7526413
syscw: 1066558
read_bytes: 19374796288
write_bytes: 28311830528
cancelled_write_bytes: 278528

[2019-07-09T01:48:52-07:00]
rchar: 63103656278
wchar: 28610535368
syscr: 7620534
syscw: 1076234
read_bytes: 19437649408
write_bytes: 28649857024
cancelled_write_bytes: 278528

[2019-07-09T01:48:55-07:00]
rchar: 64362792968
wchar: 28893542004
syscr: 7773187
syscw: 1098746
read_bytes: 19669544448
write_bytes: 28933169152
cancelled_write_bytes: 286720

[2019-07-09T01:48:58-07:00]
rchar: 65540782722
wchar: 29153095980
syscr: 7916012
syscw: 1119352
read_bytes: 19875646976
write_bytes: 29192998912
cancelled_write_bytes: 290816

[2019-07-09T01:49:01-07:00]
rchar: 65867847163
wchar: 29483956684
syscr: 7955573
syscw: 1122795
read_bytes: 19896200704
write_bytes: 29524402176
cancelled_write_bytes: 299008

[2019-07-09T01:49:04-07:00]
rchar: 66590556596
wchar: 29850586858
syscr: 8043169
syscw: 1129609
read_bytes: 19938844160
write_bytes: 29891534848
cancelled_write_bytes: 299008

[2019-07-09T01:49:07-07:00]
rchar: 67298088327
wchar: 30399040153
syscr: 8128840
syscw: 1132501
read_bytes: 19954265600
write_bytes: 30440898560
cancelled_write_bytes: 299008

[2019-07-09T01:49:10-07:00]
rchar: 67673200033
wchar: 30676587223
syscr: 8174164
syscw: 1134236
read_bytes: 19964300800
write_bytes: 30718910464
cancelled_write_bytes: 299008

[2019-07-09T01:49:13-07:00]
rchar: 68079364613
wchar: 30973887205
syscr: 8223221
syscw: 1136147
read_bytes: 19975081472
write_bytes: 31016730624
cancelled_write_bytes: 299008

[2019-07-09T01:49:16-07:00]
rchar: 69052996897
wchar: 31287983874
syscr: 8341263
syscw: 1162077
read_bytes: 20287127040
write_bytes: 31331147776
cancelled_write_bytes: 299008

[2019-07-09T01:49:19-07:00]
rchar: 69826480979
wchar: 31612303424
syscr: 8435037
syscw: 1180467
read_bytes: 20490055168
write_bytes: 31655870464
cancelled_write_bytes: 299008

[2019-07-09T01:49:22-07:00]
rchar: 70086971633
wchar: 31934451601
syscr: 8466611
syscw: 1184716
read_bytes: 20518874624
write_bytes: 31978524672
cancelled_write_bytes: 299008

[2019-07-09T01:49:25-07:00]
rchar: 70803628387
wchar: 32294800419
syscr: 8553394
syscw: 1195466
read_bytes: 20593118720
write_bytes: 32339378176
cancelled_write_bytes: 311296

[2019-07-09T01:49:28-07:00]
rchar: 71692665353
wchar: 32736326558
syscr: 8661152
syscw: 1208750
read_bytes: 20685929984
write_bytes: 32781512704
cancelled_write_bytes: 311296

[2019-07-09T01:49:31-07:00]
rchar: 72624436762
wchar: 33166176949
syscr: 8774106
syscw: 1224062
read_bytes: 20794863104
write_bytes: 33211944960
cancelled_write_bytes: 315392

[2019-07-09T01:49:34-07:00]
rchar: 73533533774
wchar: 33562278777
syscr: 8884308
syscw: 1240219
read_bytes: 20952608256
write_bytes: 33609138176
cancelled_write_bytes: 319488

[2019-07-09T01:49:37-07:00]
rchar: 74058564718
wchar: 33916056167
syscr: 8947938
syscw: 1245512
read_bytes: 20989705728
write_bytes: 33963823104
cancelled_write_bytes: 323584

[2019-07-09T01:49:40-07:00]
rchar: 74224612782
wchar: 34030283895
syscr: 8968064
syscw: 1247373
read_bytes: 21002169856
write_bytes: 34077233152
cancelled_write_bytes: 323584

[2019-07-09T01:49:43-07:00]
rchar: 74869320493
wchar: 34447554843
syscr: 9046136
syscw: 1257048
read_bytes: 21100871168
write_bytes: 34495148032
cancelled_write_bytes: 339968

[2019-07-09T01:49:46-07:00]
rchar: 75804381624
wchar: 34832750977
syscr: 9159482
syscw: 1269562
read_bytes: 21228858880
write_bytes: 34880860160
cancelled_write_bytes: 339968

[2019-07-09T01:49:49-07:00]
rchar: 77056779439
wchar: 35098676241
syscr: 9311316
syscw: 1291857
read_bytes: 21540687360
write_bytes: 35147067392
cancelled_write_bytes: 339968

[2019-07-09T01:49:52-07:00]
rchar: 77967711574
wchar: 35413644027
syscr: 9421756
syscw: 1308891
read_bytes: 21774335488
write_bytes: 35462430720
cancelled_write_bytes: 339968

[2019-07-09T01:49:55-07:00]
rchar: 78908140235
wchar: 35774556117
syscr: 9535696
syscw: 1320645
read_bytes: 21926109696
write_bytes: 35824148480
cancelled_write_bytes: 352256

[2019-07-09T01:49:58-07:00]
rchar: 79420942918
wchar: 36187132279
syscr: 9597726
syscw: 1322480
read_bytes: 21937095168
write_bytes: 36237139968
cancelled_write_bytes: 352256

[2019-07-09T01:50:01-07:00]
rchar: 79794167262
wchar: 36479598286
syscr: 9642843
syscw: 1323956
read_bytes: 21946302976
write_bytes: 36530102272
cancelled_write_bytes: 352256

[2019-07-09T01:50:04-07:00]
rchar: 80247293906
wchar: 36724199221
syscr: 9697622
syscw: 1330103
read_bytes: 22010589696
write_bytes: 36776120320
cancelled_write_bytes: 356352

[2019-07-09T01:50:07-07:00]
rchar: 81227620767
wchar: 37130207049
syscr: 9816460
syscw: 1352190
read_bytes: 22280827392
write_bytes: 37181571072
cancelled_write_bytes: 356352

[2019-07-09T01:50:10-07:00]
rchar: 81871736262
wchar: 37492622157
syscr: 9894538
syscw: 1363922
read_bytes: 22375657984
write_bytes: 37544464384
cancelled_write_bytes: 356352

[2019-07-09T01:50:13-07:00]
rchar: 82188884486
wchar: 37779232846
syscr: 9932975
syscw: 1368424
read_bytes: 22408647168
write_bytes: 37831495680
cancelled_write_bytes: 356352

[2019-07-09T01:50:16-07:00]
rchar: 83092115256
wchar: 38198390807
syscr: 10042398
syscw: 1383922
read_bytes: 22604300800
write_bytes: 38251245568
cancelled_write_bytes: 368640

[2019-07-09T01:50:19-07:00]
rchar: 84055753486
wchar: 38512527232
syscr: 10159220
syscw: 1401695
read_bytes: 22839247360
write_bytes: 38566780928
cancelled_write_bytes: 372736

[2019-07-09T01:50:22-07:00]
rchar: 85193011115
wchar: 38989202598
syscr: 10297077
syscw: 1420016
read_bytes: 22989509120
write_bytes: 39043076096
cancelled_write_bytes: 376832

[2019-07-09T01:50:25-07:00]
rchar: 85615512904
wchar: 39212491287
syscr: 10348296
syscw: 1426042
read_bytes: 23036625408
write_bytes: 39266664448
cancelled_write_bytes: 376832

[2019-07-09T01:50:28-07:00]
rchar: 85931156257
wchar: 39620676479
syscr: 10386481
syscw: 1428500
read_bytes: 23051629056
write_bytes: 39675498496
cancelled_write_bytes: 385024

[2019-07-09T01:50:31-07:00]
rchar: 86434966814
wchar: 40039882616
syscr: 10447526
syscw: 1430508
read_bytes: 23064384000
write_bytes: 40095338496
cancelled_write_bytes: 385024

[2019-07-09T01:50:34-07:00]
rchar: 86927087176
wchar: 40444170505
syscr: 10507149
syscw: 1432612
read_bytes: 23081783808
write_bytes: 40500228096
cancelled_write_bytes: 389120

[2019-07-09T01:50:37-07:00]
rchar: 87503932509
wchar: 40897981385
syscr: 10577045
syscw: 1435380
read_bytes: 23113515520
write_bytes: 40954716160
cancelled_write_bytes: 389120

[2019-07-09T01:50:40-07:00]
rchar: 88668121048
wchar: 41234928194
syscr: 10718180
syscw: 1453719
read_bytes: 23385096704
write_bytes: 41292095488
cancelled_write_bytes: 401408

[2019-07-09T01:50:43-07:00]
rchar: 89999262604
wchar: 41524649517
syscr: 10879571
syscw: 1478405
read_bytes: 23702000128
write_bytes: 41582104576
cancelled_write_bytes: 401408

[2019-07-09T01:50:46-07:00]
rchar: 90782162509
wchar: 41942314463
syscr: 10974433
syscw: 1491310
read_bytes: 23871369728
write_bytes: 42001416192
cancelled_write_bytes: 401408

[2019-07-09T01:50:49-07:00]
rchar: 91296779546
wchar: 42379866066
syscr: 11036775
syscw: 1492668
read_bytes: 23925543424
write_bytes: 42438639616
cancelled_write_bytes: 409600

[2019-07-09T01:50:52-07:00]
rchar: 91763330700
wchar: 42785339409
syscr: 11093203
syscw: 1493784
read_bytes: 23981994496
write_bytes: 42844786688
cancelled_write_bytes: 409600

[2019-07-09T01:50:55-07:00]
rchar: 92176523114
wchar: 43130347697
syscr: 11143127
syscw: 1494944
read_bytes: 24041304576
write_bytes: 43190353920
cancelled_write_bytes: 409600

[2019-07-09T01:50:59-07:00]
rchar: 92657262707
wchar: 43499002808
syscr: 11201413
syscw: 1499390
read_bytes: 24331526656
write_bytes: 43559514112
cancelled_write_bytes: 409600

[2019-07-09T01:51:02-07:00]
rchar: 93214067988
wchar: 43921924519
syscr: 11268927
syscw: 1504467
read_bytes: 24700523008
write_bytes: 43983011840
cancelled_write_bytes: 409600

[2019-07-09T01:51:05-07:00]
rchar: 93692357855
wchar: 44288747687
syscr: 11326849
syscw: 1508767
read_bytes: 25021637120
write_bytes: 44350390272
cancelled_write_bytes: 409600

[2019-07-09T01:51:08-07:00]
rchar: 94102892292
wchar: 44618564291
syscr: 11376593
syscw: 1511886
read_bytes: 25254568448
write_bytes: 44680691712
cancelled_write_bytes: 409600

[2019-07-09T01:51:11-07:00]
rchar: 94574753833
wchar: 44988038664
syscr: 11433778
syscw: 1515839
read_bytes: 25531027968
write_bytes: 45050650624
cancelled_write_bytes: 409600

[2019-07-09T01:51:14-07:00]
rchar: 94999867627
wchar: 45316508288
syscr: 11485311
syscw: 1519621
read_bytes: 25815642624
write_bytes: 45379555328
cancelled_write_bytes: 409600

[2019-07-09T01:51:17-07:00]
rchar: 95367258691
wchar: 45594543540
syscr: 11529840
syscw: 1523227
read_bytes: 26064892416
write_bytes: 45658038272
cancelled_write_bytes: 409600

[2019-07-09T01:51:20-07:00]
rchar: 95657153026
wchar: 45816640715
syscr: 11564963
syscw: 1525953
read_bytes: 26262311424
write_bytes: 45880434688
cancelled_write_bytes: 409600

[2019-07-09T01:51:23-07:00]
rchar: 96180308801
wchar: 46228032887
syscr: 11628340
syscw: 1530410
read_bytes: 26582970880
write_bytes: 46292430848
cancelled_write_bytes: 409600

[2019-07-09T01:51:26-07:00]
rchar: 96625672811
wchar: 46587023451
syscr: 11682337
syscw: 1533974
read_bytes: 26851123712
write_bytes: 46651908096
cancelled_write_bytes: 409600

[2019-07-09T01:51:29-07:00]
rchar: 97066574294
wchar: 46925582795
syscr: 11735780
syscw: 1537874
read_bytes: 27163091456
write_bytes: 46990950400
cancelled_write_bytes: 409600

[2019-07-09T01:51:32-07:00]
rchar: 97481848488
wchar: 47248503247
syscr: 11786100
syscw: 1541611
read_bytes: 27458925056
write_bytes: 47314333696
cancelled_write_bytes: 409600

[2019-07-09T01:51:35-07:00]
rchar: 97852075842
wchar: 47539622963
syscr: 11830912
syscw: 1544762
read_bytes: 27713618432
write_bytes: 47605899264
cancelled_write_bytes: 409600

[2019-07-09T01:51:38-07:00]
rchar: 98246665846
wchar: 47870666137
syscr: 11878746
syscw: 1547504
read_bytes: 27948466688
write_bytes: 47937425408
cancelled_write_bytes: 409600

[2019-07-09T01:51:41-07:00]
rchar: 98699864300
wchar: 48242604202
syscr: 11933680
syscw: 1550881
read_bytes: 28211450368
write_bytes: 48309895168
cancelled_write_bytes: 409600

[2019-07-09T01:51:44-07:00]
rchar: 99095362848
wchar: 48552268830
syscr: 11981606
syscw: 1554545
read_bytes: 28508340736
write_bytes: 48620482560
cancelled_write_bytes: 409600

[2019-07-09T01:51:47-07:00]
rchar: 99526177032
wchar: 48892607191
syscr: 12033795
syscw: 1558201
read_bytes: 28837618176
write_bytes: 48960827392
cancelled_write_bytes: 409600

[2019-07-09T01:51:50-07:00]
rchar: 99992469325
wchar: 49268867392
syscr: 12090295
syscw: 1561905
read_bytes: 29196476928
write_bytes: 49337651200
cancelled_write_bytes: 409600

[2019-07-09T01:51:53-07:00]
rchar: 100204257388
wchar: 49595630072
syscr: 12115901
syscw: 1563844
read_bytes: 29352956416
write_bytes: 49664950272
cancelled_write_bytes: 417792

[2019-07-09T01:51:56-07:00]
rchar: 100639785473
wchar: 49902976242
syscr: 12168672
syscw: 1567397
read_bytes: 29650645504
write_bytes: 49972764672
cancelled_write_bytes: 421888

[2019-07-09T01:51:59-07:00]
rchar: 101100557821
wchar: 50240792761
syscr: 12224486
syscw: 1570913
read_bytes: 29931950592
write_bytes: 50311086080
cancelled_write_bytes: 421888

[2019-07-09T01:52:02-07:00]
rchar: 101547113138
wchar: 50545148532
syscr: 12278610
syscw: 1575078
read_bytes: 30230139392
write_bytes: 50615853056
cancelled_write_bytes: 421888

[2019-07-09T01:52:05-07:00]
rchar: 102122281010
wchar: 50902666871
syscr: 12348318
syscw: 1581480
read_bytes: 30590845440
write_bytes: 50973917184
cancelled_write_bytes: 421888

[2019-07-09T01:52:08-07:00]
rchar: 102644004519
wchar: 51194185167
syscr: 12411557
syscw: 1588448
read_bytes: 30890406400
write_bytes: 51265814528
cancelled_write_bytes: 421888

[2019-07-09T01:52:11-07:00]
rchar: 103208498405
wchar: 51449412602
syscr: 12479969
syscw: 1597872
read_bytes: 31173288448
write_bytes: 51521404928
cancelled_write_bytes: 425984

[2019-07-09T01:52:14-07:00]
rchar: 104037340111
wchar: 51734677351
syscr: 12580445
syscw: 1613829
read_bytes: 31519285760
write_bytes: 51807006720
cancelled_write_bytes: 425984

[2019-07-09T01:52:17-07:00]
rchar: 104766102200
wchar: 51949494672
syscr: 12668804
syscw: 1628018
read_bytes: 31734022656
write_bytes: 52022067200
cancelled_write_bytes: 425984

[2019-07-09T01:52:20-07:00]
rchar: 105276323664
wchar: 52227282254
syscr: 12730583
syscw: 1636823
read_bytes: 31835906560
write_bytes: 52300300288
cancelled_write_bytes: 434176

[2019-07-09T01:52:23-07:00]
rchar: 106567624049
wchar: 52521188143
syscr: 12887133
syscw: 1657611
read_bytes: 32158188032
write_bytes: 52594524160
cancelled_write_bytes: 434176

[2019-07-09T01:52:26-07:00]
rchar: 107972609982
wchar: 52850067897
syscr: 13057472
syscw: 1681130
read_bytes: 32471106048
write_bytes: 52923772928
cancelled_write_bytes: 434176

[2019-07-09T01:52:29-07:00]
rchar: 108244941210
wchar: 53066466249
syscr: 13090412
syscw: 1685317
read_bytes: 32523530752
write_bytes: 53140545536
cancelled_write_bytes: 442368

[2019-07-09T01:52:32-07:00]
rchar: 109684571751
wchar: 53327385896
syscr: 13264947
syscw: 1705666
read_bytes: 32841687552
write_bytes: 53401722880
cancelled_write_bytes: 442368

[2019-07-09T01:52:35-07:00]
rchar: 111396029273
wchar: 53724589776
syscr: 13472437
syscw: 1728520
read_bytes: 33124721152
write_bytes: 53800239104
cancelled_write_bytes: 442368

[2019-07-09T01:52:38-07:00]
rchar: 112006952368
wchar: 54184336512
syscr: 13546388
syscw: 1731196
read_bytes: 33142116864
write_bytes: 54259888128
cancelled_write_bytes: 442368

[2019-07-09T01:52:41-07:00]
rchar: 112593340590
wchar: 54647177131
syscr: 13617287
syscw: 1733495
read_bytes: 33156035072
write_bytes: 54723518464
cancelled_write_bytes: 442368

[2019-07-09T01:52:44-07:00]
rchar: 113071750364
wchar: 54936669455
syscr: 13675127
syscw: 1738986
read_bytes: 33209319936
write_bytes: 55013486592
cancelled_write_bytes: 442368

[2019-07-09T01:52:47-07:00]
rchar: 113213002909
wchar: 55148419317
syscr: 13692258
syscw: 1743247
read_bytes: 33261855232
write_bytes: 55225585664
cancelled_write_bytes: 442368

[2019-07-09T01:52:50-07:00]
rchar: 114452345745
wchar: 55462188940
syscr: 13842428
syscw: 1769099
read_bytes: 33558700544
write_bytes: 55539691520
cancelled_write_bytes: 450560

[2019-07-09T01:52:53-07:00]
rchar: 115764299229
wchar: 55794059721
syscr: 14001489
syscw: 1798175
read_bytes: 33891357184
write_bytes: 55871905792
cancelled_write_bytes: 450560

[2019-07-09T01:52:56-07:00]
rchar: 116012445596
wchar: 56007755116
syscr: 14031582
syscw: 1804308
read_bytes: 33962508800
write_bytes: 56085929984
cancelled_write_bytes: 450560

[2019-07-09T01:52:59-07:00]
rchar: 117195395630
wchar: 56244415190
syscr: 14174918
syscw: 1825090
read_bytes: 34196603392
write_bytes: 56322850816
cancelled_write_bytes: 462848

[2019-07-09T01:53:02-07:00]
rchar: 118718466004
wchar: 56538311291
syscr: 14359569
syscw: 1852229
read_bytes: 34501018112
write_bytes: 56617041920
cancelled_write_bytes: 462848

[2019-07-09T01:53:05-07:00]
rchar: 119509858274
wchar: 56700377147
syscr: 14455520
syscw: 1866280
read_bytes: 34670461440
write_bytes: 56779264000
cancelled_write_bytes: 462848

[2019-07-09T01:53:08-07:00]
rchar: 120065361377
wchar: 56952415813
syscr: 14522791
syscw: 1875152
read_bytes: 34764485120
write_bytes: 57031700480
cancelled_write_bytes: 471040

[2019-07-09T01:53:11-07:00]
rchar: 121958573539
wchar: 57284421406
syscr: 14752319
syscw: 1902513
read_bytes: 35053957632
write_bytes: 57364049920
cancelled_write_bytes: 471040

[2019-07-09T01:53:14-07:00]
rchar: 123526326446
wchar: 57558205604
syscr: 14942387
syscw: 1925852
read_bytes: 35312964096
write_bytes: 57638117376
cancelled_write_bytes: 475136

[2019-07-09T01:53:17-07:00]
rchar: 123923637524
wchar: 57946847009
syscr: 14990489
syscw: 1929026
read_bytes: 35340726784
write_bytes: 58027405312
cancelled_write_bytes: 483328

[2019-07-09T01:53:20-07:00]
rchar: 124514038043
wchar: 58404350953
syscr: 15062051
syscw: 1931191
read_bytes: 35365908992
write_bytes: 58485665792
cancelled_write_bytes: 483328

[2019-07-09T01:53:23-07:00]
rchar: 125058336103
wchar: 58822868526
syscr: 15128040
syscw: 1933311
read_bytes: 35389854208
write_bytes: 58904850432
cancelled_write_bytes: 483328

[2019-07-09T01:53:26-07:00]
rchar: 125485200512
wchar: 59155736195
syscr: 15179455
syscw: 1935982
read_bytes: 35415978496
write_bytes: 59238211584
cancelled_write_bytes: 483328

[2019-07-09T01:53:29-07:00]
rchar: 126197793988
wchar: 59558956804
syscr: 15265818
syscw: 1945876
read_bytes: 35633750528
write_bytes: 59642007552
cancelled_write_bytes: 483328

[2019-07-09T01:53:32-07:00]
rchar: 127029940356
wchar: 59991106250
syscr: 15366681
syscw: 1958848
read_bytes: 35901125120
write_bytes: 60075130880
cancelled_write_bytes: 483328

[2019-07-09T01:53:35-07:00]
rchar: 127894411468
wchar: 60432023202
syscr: 15471471
syscw: 1972639
read_bytes: 36214211072
write_bytes: 60516253696
cancelled_write_bytes: 483328

[2019-07-09T01:53:38-07:00]
rchar: 128668237615
wchar: 60799922633
syscr: 15565258
syscw: 1986856
read_bytes: 36460356096
write_bytes: 60884656128
cancelled_write_bytes: 483328

[2019-07-09T01:53:41-07:00]
rchar: 129034114408
wchar: 61127625910
syscr: 15609621
syscw: 1993765
read_bytes: 36579865088
write_bytes: 61212844032
cancelled_write_bytes: 483328

[2019-07-09T01:53:44-07:00]
rchar: 129902107581
wchar: 61430112570
syscr: 15714754
syscw: 2008005
read_bytes: 36820558336
write_bytes: 61515747328
cancelled_write_bytes: 491520

[2019-07-09T01:53:47-07:00]
rchar: 131279376569
wchar: 61898573657
syscr: 15881735
syscw: 2030324
read_bytes: 37048529408
write_bytes: 61984825344
cancelled_write_bytes: 491520

[2019-07-09T01:53:50-07:00]
rchar: 131808044690
wchar: 62326688630
syscr: 15945660
syscw: 2032835
read_bytes: 37062984192
write_bytes: 62413647872
cancelled_write_bytes: 491520

[2019-07-09T01:53:53-07:00]
rchar: 132332511957
wchar: 62750101561
syscr: 16009033
syscw: 2035207
read_bytes: 37076021760
write_bytes: 62838784000
cancelled_write_bytes: 491520

[2019-07-09T01:53:56-07:00]
rchar: 133220153882
wchar: 63118291111
syscr: 16116560
syscw: 2055983
read_bytes: 37289304576
write_bytes: 63206473728
cancelled_write_bytes: 491520

[2019-07-09T01:53:59-07:00]
rchar: 133660627343
wchar: 63384450816
syscr: 16169882
syscw: 2066409
read_bytes: 37384520192
write_bytes: 63473045504
cancelled_write_bytes: 499712

[2019-07-09T01:54:02-07:00]
rchar: 134570816364
wchar: 63784604370
syscr: 16280210
syscw: 2080388
read_bytes: 37511217664
write_bytes: 63873748992
cancelled_write_bytes: 499712

[2019-07-09T01:54:05-07:00]
rchar: 135891775242
wchar: 64137429234
syscr: 16440365
syscw: 2107447
read_bytes: 37827265024
write_bytes: 64226947072
cancelled_write_bytes: 503808

[2019-07-09T01:54:08-07:00]
rchar: 136385067946
wchar: 64289929484
syscr: 16500165
syscw: 2117310
read_bytes: 37917475328
write_bytes: 64379629568
cancelled_write_bytes: 503808

[2019-07-09T01:54:11-07:00]
rchar: 136788226358
wchar: 64767497125
syscr: 16548980
syscw: 2119826
read_bytes: 37942809088
write_bytes: 64857960448
cancelled_write_bytes: 516096

[2019-07-09T01:54:14-07:00]
rchar: 137349157711
wchar: 65227377516
syscr: 16616934
syscw: 2122122
read_bytes: 37971792384
write_bytes: 65318539264
cancelled_write_bytes: 516096

[2019-07-09T01:54:17-07:00]
rchar: 137926073377
wchar: 65708391260
syscr: 16686847
syscw: 2124435
read_bytes: 38000824832
write_bytes: 65800282112
cancelled_write_bytes: 516096

[2019-07-09T01:54:20-07:00]
rchar: 138444231064
wchar: 66082982227
syscr: 16749635
syscw: 2127658
read_bytes: 38060765696
write_bytes: 66175447040
cancelled_write_bytes: 516096

[2019-07-09T01:54:23-07:00]
rchar: 139348447525
wchar: 66485903248
syscr: 16859228
syscw: 2138918
read_bytes: 38320386560
write_bytes: 66578919424
cancelled_write_bytes: 516096

[2019-07-09T01:54:26-07:00]
rchar: 140158618468
wchar: 66832362960
syscr: 16957430
syscw: 2149522
read_bytes: 38539047424
write_bytes: 66925867008
cancelled_write_bytes: 516096

[2019-07-09T01:54:29-07:00]
rchar: 141162828181
wchar: 67218467905
syscr: 17079150
syscw: 2163869
read_bytes: 38735876608
write_bytes: 67312533504
cancelled_write_bytes: 516096

[2019-07-09T01:54:32-07:00]
rchar: 142069865905
wchar: 67500670183
syscr: 17189123
syscw: 2180516
read_bytes: 38926938624
write_bytes: 67595108352
cancelled_write_bytes: 516096

[2019-07-09T01:54:35-07:00]
rchar: 143061996617
wchar: 67727980328
syscr: 17309326
syscw: 2195534
read_bytes: 39130997248
write_bytes: 67822690304
cancelled_write_bytes: 524288

[2019-07-09T01:54:38-07:00]
rchar: 144439413770
wchar: 68200615885
syscr: 17476325
syscw: 2211872
read_bytes: 39357465088
write_bytes: 68295974912
cancelled_write_bytes: 524288

[2019-07-09T01:54:41-07:00]
rchar: 144998533161
wchar: 68645528504
syscr: 17543883
syscw: 2213940
read_bytes: 39369290240
write_bytes: 68741652480
cancelled_write_bytes: 524288

[2019-07-09T01:54:44-07:00]
rchar: 145630258092
wchar: 68998949032
syscr: 17620323
syscw: 2222271
read_bytes: 39437959680
write_bytes: 69095636992
cancelled_write_bytes: 524288

[2019-07-09T01:54:47-07:00]
rchar: 146127580542
wchar: 69341091165
syscr: 17680596
syscw: 2228369
read_bytes: 39487922688
write_bytes: 69438943232
cancelled_write_bytes: 524288

[2019-07-09T01:54:50-07:00]
rchar: 146798127263
wchar: 69726068210
syscr: 17761877
syscw: 2240953
read_bytes: 39583527424
write_bytes: 69823782912
cancelled_write_bytes: 524288

[2019-07-09T01:54:53-07:00]
rchar: 146975727171
wchar: 70032778306
syscr: 17783396
syscw: 2242434
read_bytes: 39592616448
write_bytes: 70131003392
cancelled_write_bytes: 524288

[2019-07-09T01:54:56-07:00]
rchar: 147942771420
wchar: 70315962696
syscr: 17900562
syscw: 2261755
read_bytes: 39788171776
write_bytes: 70415360000
cancelled_write_bytes: 536576

[2019-07-09T01:54:59-07:00]
rchar: 148911279284
wchar: 70753844103
syscr: 18017958
syscw: 2277520
read_bytes: 39904240128
write_bytes: 70853021696
cancelled_write_bytes: 540672

[2019-07-09T01:55:02-07:00]
rchar: 149719077678
wchar: 71097648693
syscr: 18115878
syscw: 2291053
read_bytes: 40023564800
write_bytes: 71197265920
cancelled_write_bytes: 540672

[2019-07-09T01:55:05-07:00]
rchar: 150558489719
wchar: 71458564513
syscr: 18217634
syscw: 2304680
read_bytes: 40134361600
write_bytes: 71558639616
cancelled_write_bytes: 540672

[2019-07-09T01:55:08-07:00]
rchar: 150684148520
wchar: 71691012252
syscr: 18232858
syscw: 2305828
read_bytes: 40141103616
write_bytes: 71791493120
cancelled_write_bytes: 540672

[2019-07-09T01:55:11-07:00]
rchar: 151697505021
wchar: 71943351446
syscr: 18355631
syscw: 2322549
read_bytes: 40396583424
write_bytes: 72044134400
cancelled_write_bytes: 552960

[2019-07-09T01:55:14-07:00]
rchar: 153012330983
wchar: 72220395374
syscr: 18515045
syscw: 2344908
read_bytes: 40696508928
write_bytes: 72321445888
cancelled_write_bytes: 552960

[2019-07-09T01:55:17-07:00]
rchar: 154131623802
wchar: 72485339729
syscr: 18650740
syscw: 2363067
read_bytes: 40962191872
write_bytes: 72586674176
cancelled_write_bytes: 552960

[2019-07-09T01:55:20-07:00]
rchar: 154527631376
wchar: 72942699437
syscr: 18698704
syscw: 2365648
read_bytes: 40999059968
write_bytes: 73044729856
cancelled_write_bytes: 565248

[2019-07-09T01:55:23-07:00]
rchar: 155060718278
wchar: 73397865606
syscr: 18763345
syscw: 2367060
read_bytes: 41043227136
write_bytes: 73500602368
cancelled_write_bytes: 565248

[2019-07-09T01:55:26-07:00]
rchar: 155437863634
wchar: 73716841355
syscr: 18808922
syscw: 2368007
read_bytes: 41086476800
write_bytes: 73820061696
cancelled_write_bytes: 565248

[2019-07-09T01:55:29-07:00]
rchar: 155855222557
wchar: 74069338229
syscr: 18859412
syscw: 2369033
read_bytes: 41131131392
write_bytes: 74173145088
cancelled_write_bytes: 565248

[2019-07-09T01:55:32-07:00]
rchar: 156283941236
wchar: 74428429000
syscr: 18911226
syscw: 2370263
read_bytes: 41190035968
write_bytes: 74532839424
cancelled_write_bytes: 565248

[2019-07-09T01:55:35-07:00]
rchar: 156696097799
wchar: 74729908119
syscr: 18961175
syscw: 2374083
read_bytes: 41456448000
write_bytes: 74834767872
cancelled_write_bytes: 565248

[2019-07-09T01:55:38-07:00]
rchar: 157099465022
wchar: 75028814274
syscr: 19010066
syscw: 2377978
read_bytes: 41722638848
write_bytes: 75134083072
cancelled_write_bytes: 565248

[2019-07-09T01:55:41-07:00]
rchar: 157480725811
wchar: 75311528823
syscr: 19056237
syscw: 2381448
read_bytes: 41973961216
write_bytes: 75417219072
cancelled_write_bytes: 565248

[2019-07-09T01:55:44-07:00]
rchar: 158034285315
wchar: 75730729733
syscr: 19123318
syscw: 2386053
read_bytes: 42310509056
write_bytes: 75837009920
cancelled_write_bytes: 565248

[2019-07-09T01:55:47-07:00]
rchar: 158474082736
wchar: 76075324532
syscr: 19176629
syscw: 2389606
read_bytes: 42585981440
write_bytes: 76182077440
cancelled_write_bytes: 565248

[2019-07-09T01:55:50-07:00]
rchar: 158853813888
wchar: 76361623640
syscr: 19222670
syscw: 2393018
read_bytes: 42847707648
write_bytes: 76468785152
cancelled_write_bytes: 565248

[2019-07-09T01:55:53-07:00]
rchar: 159338949176
wchar: 76729133391
syscr: 19281431
syscw: 2397060
read_bytes: 43186438656
write_bytes: 76836847616
cancelled_write_bytes: 565248

[2019-07-09T01:55:56-07:00]
rchar: 159842509115
wchar: 77116799798
syscr: 19342448
syscw: 2401197
read_bytes: 43542815232
write_bytes: 77225066496
cancelled_write_bytes: 565248

[2019-07-09T01:55:59-07:00]
rchar: 160266788867
wchar: 77440468355
syscr: 19393872
syscw: 2404969
read_bytes: 43843965440
write_bytes: 77549170688
cancelled_write_bytes: 565248

[2019-07-09T01:56:02-07:00]
rchar: 160723736440
wchar: 77789446872
syscr: 19449270
syscw: 2408840
read_bytes: 44169736704
write_bytes: 77898637312
cancelled_write_bytes: 569344

[2019-07-09T01:56:05-07:00]
rchar: 161232689417
wchar: 78180411948
syscr: 19510911
syscw: 2413007
read_bytes: 44538171904
write_bytes: 78290178048
cancelled_write_bytes: 569344

[2019-07-09T01:56:08-07:00]
rchar: 161673053880
wchar: 78541505697
syscr: 19564280
syscw: 2416131
read_bytes: 44811366912
write_bytes: 78652194816
cancelled_write_bytes: 569344

[2019-07-09T01:56:11-07:00]
rchar: 162076501727
wchar: 78860687748
syscr: 19613168
syscw: 2419575
read_bytes: 45119631872
write_bytes: 78972121088
cancelled_write_bytes: 569344

[2019-07-09T01:56:14-07:00]
rchar: 162533875803
wchar: 79213921659
syscr: 19668588
syscw: 2423954
read_bytes: 45463634432
write_bytes: 79325212672
cancelled_write_bytes: 569344

[2019-07-09T01:56:17-07:00]
rchar: 163046885039
wchar: 79577106728
syscr: 19730747
syscw: 2430345
read_bytes: 45824979456
write_bytes: 79688933376
cancelled_write_bytes: 569344

[2019-07-09T01:56:20-07:00]
rchar: 163370183197
wchar: 79794961414
syscr: 19769941
syscw: 2435926
read_bytes: 46032880128
write_bytes: 79907086336
cancelled_write_bytes: 569344

[2019-07-09T01:56:23-07:00]
rchar: 163837267699
wchar: 80145250951
syscr: 19826468
syscw: 2443645
read_bytes: 46261555712
write_bytes: 80257941504
cancelled_write_bytes: 577536

[2019-07-09T01:56:26-07:00]
rchar: 165050916340
wchar: 80423827460
syscr: 19973608
syscw: 2470599
read_bytes: 46679187968
write_bytes: 80536793088
cancelled_write_bytes: 577536

[2019-07-09T01:56:29-07:00]
rchar: 166120310577
wchar: 80680449249
syscr: 20103262
syscw: 2494236
read_bytes: 47009726976
write_bytes: 80793665536
cancelled_write_bytes: 577536

[2019-07-09T01:56:32-07:00]
rchar: 166609096112
wchar: 80943044307
syscr: 20162443
syscw: 2504067
read_bytes: 47142928896
write_bytes: 81056661504
cancelled_write_bytes: 585728

[2019-07-09T01:56:35-07:00]
rchar: 168035467233
wchar: 81228654595
syscr: 20335370
syscw: 2527718
read_bytes: 47491723776
write_bytes: 81342586880
cancelled_write_bytes: 585728

[2019-07-09T01:56:38-07:00]
rchar: 169511279143
wchar: 81560035334
syscr: 20514298
syscw: 2551806
read_bytes: 47805530624
write_bytes: 81674330112
cancelled_write_bytes: 585728

[2019-07-09T01:56:41-07:00]
rchar: 169902999761
wchar: 81793472118
syscr: 20561711
syscw: 2558429
read_bytes: 47890997760
write_bytes: 81908142080
cancelled_write_bytes: 593920

[2019-07-09T01:56:44-07:00]
rchar: 171498026133
wchar: 82048594838
syscr: 20755082
syscw: 2582079
read_bytes: 48165216768
write_bytes: 82163523584
cancelled_write_bytes: 593920

[2019-07-09T01:56:47-07:00]
rchar: 173324569211
wchar: 82355659536
syscr: 20976525
syscw: 2609249
read_bytes: 48504680960
write_bytes: 82471436288
cancelled_write_bytes: 593920

[2019-07-09T01:56:50-07:00]
rchar: 173700004791
wchar: 82588003100
syscr: 21022053
syscw: 2614877
read_bytes: 48573493760
write_bytes: 82703605760
cancelled_write_bytes: 593920

[2019-07-09T01:56:53-07:00]
rchar: 174347802541
wchar: 83072695476
syscr: 21100523
syscw: 2617325
read_bytes: 48599159296
write_bytes: 83189149696
cancelled_write_bytes: 602112

[2019-07-09T01:56:56-07:00]
rchar: 174981094119
wchar: 83466154953
syscr: 21176990
syscw: 2623372
read_bytes: 48716161536
write_bytes: 83583225856
cancelled_write_bytes: 602112

[2019-07-09T01:56:59-07:00]
rchar: 175816029975
wchar: 83928469355
syscr: 21278184
syscw: 2634731
read_bytes: 48981000704
write_bytes: 84046774272
cancelled_write_bytes: 602112

[2019-07-09T01:57:02-07:00]
rchar: 176477432529
wchar: 84298858224
syscr: 21358346
syscw: 2643915
read_bytes: 49202942464
write_bytes: 84417114112
cancelled_write_bytes: 602112

[2019-07-09T01:57:05-07:00]
rchar: 177338267963
wchar: 84739737888
syscr: 21462690
syscw: 2657337
read_bytes: 49493430784
write_bytes: 84858580992
cancelled_write_bytes: 602112

[2019-07-09T01:57:08-07:00]
rchar: 178095164063
wchar: 85118322413
syscr: 21554428
syscw: 2669788
read_bytes: 49761231360
write_bytes: 85237710848
cancelled_write_bytes: 602112

[2019-07-09T01:57:11-07:00]
rchar: 178471994884
wchar: 85280231121
syscr: 21600116
syscw: 2676831
read_bytes: 49888498176
write_bytes: 85399818240
cancelled_write_bytes: 602112

[2019-07-09T01:57:14-07:00]
rchar: 179190201455
wchar: 85670663622
syscr: 21687096
syscw: 2688659
read_bytes: 50082714112
write_bytes: 85790851072
cancelled_write_bytes: 614400

[2019-07-09T01:57:17-07:00]
rchar: 180363265316
wchar: 86058954205
syscr: 21829317
syscw: 2705583
read_bytes: 50408387072
write_bytes: 86179647488
cancelled_write_bytes: 614400

[2019-07-09T01:57:20-07:00]
rchar: 181465370670
wchar: 86474653647
syscr: 21962913
syscw: 2720209
read_bytes: 50565059072
write_bytes: 86595915776
cancelled_write_bytes: 614400

[2019-07-09T01:57:23-07:00]
rchar: 182138825226
wchar: 86901767833
syscr: 22044370
syscw: 2726089
read_bytes: 50610508288
write_bytes: 87023734784
cancelled_write_bytes: 614400

[2019-07-09T01:57:26-07:00]
rchar: 182792504125
wchar: 87299594485
syscr: 22123444
syscw: 2732663
read_bytes: 50655355392
write_bytes: 87422210048
cancelled_write_bytes: 614400

[2019-07-09T01:57:29-07:00]
rchar: 182973254761
wchar: 87536596746
syscr: 22145321
syscw: 2735336
read_bytes: 50674176512
write_bytes: 87659626496
cancelled_write_bytes: 614400

[2019-07-09T01:57:32-07:00]
rchar: 184169788275
wchar: 87924992885
syscr: 22290262
syscw: 2755571
read_bytes: 50888626688
write_bytes: 88048541696
cancelled_write_bytes: 622592

[2019-07-09T01:57:35-07:00]
rchar: 185367215017
wchar: 88202834974
syscr: 22435440
syscw: 2781622
read_bytes: 51105112576
write_bytes: 88326676480
cancelled_write_bytes: 622592

[2019-07-09T01:57:38-07:00]
rchar: 186184335252
wchar: 88570999101
syscr: 22534503
syscw: 2796817
read_bytes: 51216454144
write_bytes: 88695349248
cancelled_write_bytes: 622592

[2019-07-09T01:57:41-07:00]
rchar: 187253408580
wchar: 88856011600
syscr: 22664036
syscw: 2815190
read_bytes: 51378139648
write_bytes: 88980717568
cancelled_write_bytes: 643072

[2019-07-09T01:57:44-07:00]
rchar: 188827415737
wchar: 89175848969
syscr: 22854854
syscw: 2841539
read_bytes: 51654283776
write_bytes: 89300881408
cancelled_write_bytes: 643072

[2019-07-09T01:57:47-07:00]
rchar: 189617036818
wchar: 89487234788
syscr: 22950595
syscw: 2855661
read_bytes: 51783381504
write_bytes: 89612713984
cancelled_write_bytes: 655360

[2019-07-09T01:57:50-07:00]
rchar: 190887263989
wchar: 89725088277
syscr: 23104513
syscw: 2873859
read_bytes: 51947737600
write_bytes: 89850941440
cancelled_write_bytes: 667648

[2019-07-09T01:57:53-07:00]
rchar: 191901143871
wchar: 90137869747
syscr: 23227415
syscw: 2884792
read_bytes: 52023480832
write_bytes: 90264178688
cancelled_write_bytes: 667648

[2019-07-09T01:57:56-07:00]
rchar: 193091690313
wchar: 90434779161
syscr: 23371742
syscw: 2901171
read_bytes: 52171555328
write_bytes: 90561437696
cancelled_write_bytes: 667648

[2019-07-09T01:57:59-07:00]
rchar: 194153306642
wchar: 90639875525
syscr: 23500454
syscw: 2916955
read_bytes: 52325446144
write_bytes: 90766757888
cancelled_write_bytes: 671744

[2019-07-09T01:58:02-07:00]
rchar: 194620002969
wchar: 91111756904
syscr: 23556956
syscw: 2919904
read_bytes: 52346929664
write_bytes: 91239456768
cancelled_write_bytes: 679936

[2019-07-09T01:58:05-07:00]
rchar: 195156475469
wchar: 91519023749
syscr: 23621990
syscw: 2921860
read_bytes: 52363805184
write_bytes: 91647746048
cancelled_write_bytes: 679936

[2019-07-09T01:58:08-07:00]
rchar: 196053174175
wchar: 91942171201
syscr: 23730381
syscw: 2935660
read_bytes: 52596388352
write_bytes: 92071157760
cancelled_write_bytes: 679936

[2019-07-09T01:58:11-07:00]
rchar: 197011317020
wchar: 92376898556
syscr: 23846510
syscw: 2952206
read_bytes: 52811264512
write_bytes: 92506468352
cancelled_write_bytes: 679936

[2019-07-09T01:58:14-07:00]
rchar: 197691585280
wchar: 92794209228
syscr: 23928963
syscw: 2960813
read_bytes: 52905718272
write_bytes: 92924379136
cancelled_write_bytes: 679936

[2019-07-09T01:58:17-07:00]
rchar: 198598688647
wchar: 93152398047
syscr: 24038915
syscw: 2979542
read_bytes: 53131891200
write_bytes: 93283024896
cancelled_write_bytes: 679936

[2019-07-09T01:58:20-07:00]
rchar: 198736494244
wchar: 93368234558
syscr: 24055624
syscw: 2982704
read_bytes: 53167890944
write_bytes: 93499252736
cancelled_write_bytes: 679936

[2019-07-09T01:58:23-07:00]
rchar: 199578931417
wchar: 93733568728
syscr: 24157693
syscw: 2994077
read_bytes: 53416485376
write_bytes: 93865050112
cancelled_write_bytes: 688128

[2019-07-09T01:58:26-07:00]
rchar: 200331151621
wchar: 94123620172
syscr: 24248877
syscw: 3002925
read_bytes: 53738742272
write_bytes: 94255620096
cancelled_write_bytes: 688128

[2019-07-09T01:58:29-07:00]
rchar: 201132682940
wchar: 94541958819
syscr: 24346035
syscw: 3012197
read_bytes: 54057308672
write_bytes: 94674518016
cancelled_write_bytes: 688128

[2019-07-09T01:58:32-07:00]
rchar: 201748004601
wchar: 94859169618
syscr: 24420622
syscw: 3019352
read_bytes: 54308442624
write_bytes: 94992166912
cancelled_write_bytes: 688128

[2019-07-09T01:58:35-07:00]
rchar: 202440070904
wchar: 95205600889
syscr: 24504505
syscw: 3027655
read_bytes: 54625608192
write_bytes: 95339073536
cancelled_write_bytes: 688128

[2019-07-09T01:58:38-07:00]
rchar: 203103298639
wchar: 95545172086
syscr: 24584886
syscw: 3035700
read_bytes: 54893052416
write_bytes: 95680151552
cancelled_write_bytes: 688128

[2019-07-09T01:58:41-07:00]
rchar: 203810152131
wchar: 95888491708
syscr: 24670579
syscw: 3044509
read_bytes: 55190618624
write_bytes: 96022900736
cancelled_write_bytes: 688128

[2019-07-09T01:58:44-07:00]
rchar: 204110815351
wchar: 96276416432
syscr: 24706964
syscw: 3046378
read_bytes: 55236829696
write_bytes: 96411439104
cancelled_write_bytes: 696320

[2019-07-09T01:58:47-07:00]
rchar: 204681143997
wchar: 96756598345
syscr: 24776001
syscw: 3047973
read_bytes: 55287104000
write_bytes: 96892411904
cancelled_write_bytes: 696320

[2019-07-09T01:58:50-07:00]
rchar: 205131193827
wchar: 97108055020
syscr: 24830409
syscw: 3049857
read_bytes: 55369101824
write_bytes: 97244438528
cancelled_write_bytes: 696320

[2019-07-09T01:58:53-07:00]
rchar: 205781596271
wchar: 97504348022
syscr: 24909225
syscw: 3054903
read_bytes: 55641231872
write_bytes: 97641316352
cancelled_write_bytes: 696320

[2019-07-09T01:58:56-07:00]
rchar: 206477769287
wchar: 97917767961
syscr: 24993550
syscw: 3060331
read_bytes: 55917507072
write_bytes: 98055348224
cancelled_write_bytes: 696320

[2019-07-09T01:58:59-07:00]
rchar: 207100936073
wchar: 98277094689
syscr: 25069063
syscw: 3065374
read_bytes: 56136696320
write_bytes: 98415239168
cancelled_write_bytes: 696320

[2019-07-09T01:59:02-07:00]
rchar: 207732200713
wchar: 98614402933
syscr: 25145521
syscw: 3071140
read_bytes: 56373150208
write_bytes: 98753032192
cancelled_write_bytes: 696320

[2019-07-09T01:59:05-07:00]
rchar: 208464302009
wchar: 98994767982
syscr: 25234204
syscw: 3077761
read_bytes: 56669442560
write_bytes: 99133947904
cancelled_write_bytes: 696320

[2019-07-09T01:59:08-07:00]
rchar: 209358792883
wchar: 99387219180
syscr: 25342590
syscw: 3087710
read_bytes: 56971387392
write_bytes: 99526975488
cancelled_write_bytes: 696320

[2019-07-09T01:59:11-07:00]
rchar: 210269647194
wchar: 99678702994
syscr: 25452957
syscw: 3100494
read_bytes: 57249718784
write_bytes: 99818860544
cancelled_write_bytes: 696320

[2019-07-09T01:59:14-07:00]
rchar: 210628400793
wchar: 99934760958
syscr: 25496384
syscw: 3111746
read_bytes: 57364222464
write_bytes: 100075311104
cancelled_write_bytes: 696320

[2019-07-09T01:59:17-07:00]
rchar: 211633040019
wchar: 100187682112
syscr: 25618177
syscw: 3131181
read_bytes: 57633010176
write_bytes: 100328509440
cancelled_write_bytes: 704512

[2019-07-09T01:59:20-07:00]
rchar: 212803292698
wchar: 100496742143
syscr: 25760063
syscw: 3155078
read_bytes: 57983455744
write_bytes: 100637884416
cancelled_write_bytes: 704512

[2019-07-09T01:59:23-07:00]
rchar: 213506060658
wchar: 100782434403
syscr: 25845263
syscw: 3170814
read_bytes: 58162467328
write_bytes: 100923957248
cancelled_write_bytes: 704512

[2019-07-09T01:59:26-07:00]
rchar: 214378917418
wchar: 101025593040
syscr: 25951009
syscw: 3185421
read_bytes: 58317357568
write_bytes: 101167443968
cancelled_write_bytes: 712704

[2019-07-09T01:59:29-07:00]
rchar: 215797682590
wchar: 101462059546
syscr: 26123003
syscw: 3205817
read_bytes: 58538852864
write_bytes: 101604458496
cancelled_write_bytes: 712704

[2019-07-09T01:59:32-07:00]
rchar: 217064982072
wchar: 101705408087
syscr: 26276646
syscw: 3228889
read_bytes: 58811916800
write_bytes: 101848047616
cancelled_write_bytes: 712704

[2019-07-09T01:59:35-07:00]
rchar: 218168592795
wchar: 102055245416
syscr: 26410372
syscw: 3245831
read_bytes: 58989122048
write_bytes: 102198382592
cancelled_write_bytes: 720896

[2019-07-09T01:59:38-07:00]
rchar: 219823389026
wchar: 102319684752
syscr: 26611001
syscw: 3271559
read_bytes: 59245486592
write_bytes: 102463078400
cancelled_write_bytes: 720896

[2019-07-09T01:59:41-07:00]
rchar: 221323037011
wchar: 102719559982
syscr: 26792803
syscw: 3291385
read_bytes: 59432264192
write_bytes: 102863470592
cancelled_write_bytes: 720896

[2019-07-09T01:59:44-07:00]
rchar: 221696225563
wchar: 103105678497
syscr: 26837978
syscw: 3294453
read_bytes: 59459080704
write_bytes: 103250235392
cancelled_write_bytes: 729088

[2019-07-09T01:59:47-07:00]
rchar: 222487870659
wchar: 103735675127
syscr: 26933953
syscw: 3296751
read_bytes: 59488530944
write_bytes: 103881273344
cancelled_write_bytes: 729088

[2019-07-09T01:59:50-07:00]
rchar: 223104249966
wchar: 104087319274
syscr: 27008343
syscw: 3304470
read_bytes: 59629568512
write_bytes: 104233779200
cancelled_write_bytes: 729088

[2019-07-09T01:59:53-07:00]
rchar: 223756145686
wchar: 104455399195
syscr: 27087354
syscw: 3313469
read_bytes: 59822764544
write_bytes: 104602025984
cancelled_write_bytes: 729088

[2019-07-09T01:59:56-07:00]
rchar: 224486361888
wchar: 104842411136
syscr: 27175867
syscw: 3324187
read_bytes: 60047557120
write_bytes: 104989564928
cancelled_write_bytes: 729088

[2019-07-09T01:59:59-07:00]
rchar: 225115429830
wchar: 105208965274
syscr: 27252081
syscw: 3332386
read_bytes: 60224528896
write_bytes: 105356660736
cancelled_write_bytes: 729088

[2019-07-09T02:00:02-07:00]
rchar: 225925326035
wchar: 105579473773
syscr: 27350259
syscw: 3346659
read_bytes: 60459201024
write_bytes: 105727676416
cancelled_write_bytes: 729088

[2019-07-09T02:00:05-07:00]
rchar: 226498779205
wchar: 105833783490
syscr: 27419772
syscw: 3357390
read_bytes: 60655403520
write_bytes: 105982320640
cancelled_write_bytes: 729088

[2019-07-09T02:00:08-07:00]
rchar: 227057197284
wchar: 106199125197
syscr: 27487397
syscw: 3366178
read_bytes: 60762235392
write_bytes: 106348240896
cancelled_write_bytes: 737280

[2019-07-09T02:00:11-07:00]
rchar: 228143265040
wchar: 106501068822
syscr: 27619063
syscw: 3384928
read_bytes: 60986642944
write_bytes: 106650824704
cancelled_write_bytes: 737280

[2019-07-09T02:00:14-07:00]
rchar: 228804085680
wchar: 107062479350
syscr: 27699041
syscw: 3387396
read_bytes: 61000311296
write_bytes: 107212918784
cancelled_write_bytes: 737280

[2019-07-09T02:00:17-07:00]
rchar: 229353698766
wchar: 107515784600
syscr: 27765459
syscw: 3389540
read_bytes: 61013537280
write_bytes: 107666997248
cancelled_write_bytes: 737280

[2019-07-09T02:00:20-07:00]
rchar: 230043412729
wchar: 107837933645
syscr: 27848938
syscw: 3402304
read_bytes: 61141058048
write_bytes: 107989622784
cancelled_write_bytes: 737280

[2019-07-09T02:00:23-07:00]
rchar: 230708163638
wchar: 108049173790
syscr: 27929532
syscw: 3420656
read_bytes: 61359714816
write_bytes: 108201066496
cancelled_write_bytes: 737280

[2019-07-09T02:00:26-07:00]
rchar: 231414489774
wchar: 108376100016
syscr: 28015088
syscw: 3435750
read_bytes: 61505683968
write_bytes: 108528455680
cancelled_write_bytes: 745472

[2019-07-09T02:00:29-07:00]
rchar: 232688111887
wchar: 108724762876
syscr: 28169500
syscw: 3460723
read_bytes: 61778477568
write_bytes: 108877500416
cancelled_write_bytes: 745472

[2019-07-09T02:00:32-07:00]
rchar: 233605800132
wchar: 108942618643
syscr: 28280760
syscw: 3481488
read_bytes: 61957943808
write_bytes: 109095567360
cancelled_write_bytes: 745472

[2019-07-09T02:00:35-07:00]
rchar: 234427636083
wchar: 109281847084
syscr: 28380317
syscw: 3495799
read_bytes: 62095663616
write_bytes: 109435297792
cancelled_write_bytes: 761856

[2019-07-09T02:00:38-07:00]
rchar: 235623287444
wchar: 109615136367
syscr: 28525267
syscw: 3514407
read_bytes: 62263403008
write_bytes: 109769007104
cancelled_write_bytes: 761856

[2019-07-09T02:00:41-07:00]
rchar: 237178054743
wchar: 109932624466
syscr: 28713759
syscw: 3541008
read_bytes: 62500860416
write_bytes: 110086828032
cancelled_write_bytes: 761856

[2019-07-09T02:00:44-07:00]
rchar: 237302721518
wchar: 110115723782
syscr: 28728882
syscw: 3543647
read_bytes: 62519869952
write_bytes: 110270251008
cancelled_write_bytes: 765952

[2019-07-09T02:00:47-07:00]
rchar: 238306294103
wchar: 110540345036
syscr: 28850449
syscw: 3554269
read_bytes: 62637081088
write_bytes: 110695460864
cancelled_write_bytes: 778240

[2019-07-09T02:00:50-07:00]
rchar: 239815087944
wchar: 110963605157
syscr: 29033355
syscw: 3574053
read_bytes: 62851199488
write_bytes: 111119278080
cancelled_write_bytes: 778240

[2019-07-09T02:00:53-07:00]
rchar: 240949900272
wchar: 111371896954
syscr: 29170968
syscw: 3587468
read_bytes: 63132488192
write_bytes: 111528095744
cancelled_write_bytes: 778240

[2019-07-09T02:00:56-07:00]
rchar: 241827648060
wchar: 111725854400
syscr: 29277359
syscw: 3597113
read_bytes: 63389155840
write_bytes: 111882555392
cancelled_write_bytes: 778240

[2019-07-09T02:00:59-07:00]
rchar: 242626330058
wchar: 112006303480
syscr: 29374166
syscw: 3606631
read_bytes: 63632560640
write_bytes: 112163364864
cancelled_write_bytes: 778240

[2019-07-09T02:01:02-07:00]
rchar: 242876888154
wchar: 112328100680
syscr: 29404466
syscw: 3608590
read_bytes: 63681749504
write_bytes: 112485699584
cancelled_write_bytes: 786432

[2019-07-09T02:01:05-07:00]
rchar: 243429460930
wchar: 112766383830
syscr: 29471443
syscw: 3610375
read_bytes: 63717011968
write_bytes: 112924684288
cancelled_write_bytes: 786432

[2019-07-09T02:01:08-07:00]
rchar: 243890495642
wchar: 113132858977
syscr: 29527336
syscw: 3611768
read_bytes: 63745454592
write_bytes: 113291759616
cancelled_write_bytes: 786432

[2019-07-09T02:01:11-07:00]
rchar: 244276367853
wchar: 113444351814
syscr: 29574115
syscw: 3612907
read_bytes: 63775281664
write_bytes: 113603764224
cancelled_write_bytes: 786432

[2019-07-09T02:01:14-07:00]
rchar: 244642543772
wchar: 113739004385
syscr: 29618167
syscw: 3614509
read_bytes: 63827767808
write_bytes: 113898868736
cancelled_write_bytes: 786432

[2019-07-09T02:01:17-07:00]
rchar: 245219120851
wchar: 114146968629
syscr: 29688022
syscw: 3619692
read_bytes: 63961526784
write_bytes: 114307448832
cancelled_write_bytes: 786432

[2019-07-09T02:01:20-07:00]
rchar: 245982242484
wchar: 114553493111
syscr: 29780519
syscw: 3630859
read_bytes: 64240423424
write_bytes: 114714525696
cancelled_write_bytes: 786432

[2019-07-09T02:01:23-07:00]
rchar: 246582990813
wchar: 114897522222
syscr: 29853314
syscw: 3638950
read_bytes: 64393421312
write_bytes: 115059060736
cancelled_write_bytes: 786432

[2019-07-09T02:01:26-07:00]
rchar: 247098401918
wchar: 115180363467
syscr: 29915791
syscw: 3647067
read_bytes: 64501064192
write_bytes: 115342344192
cancelled_write_bytes: 786432

[2019-07-09T02:01:29-07:00]
rchar: 248239491922
wchar: 115588207181
syscr: 30054115
syscw: 3670635
read_bytes: 64674927104
write_bytes: 115750686720
cancelled_write_bytes: 786432

[2019-07-09T02:01:32-07:00]
rchar: 248528242642
wchar: 115837365736
syscr: 30089133
syscw: 3671840
read_bytes: 64681943552
write_bytes: 116000239616
cancelled_write_bytes: 786432

[2019-07-09T02:01:35-07:00]
rchar: 248703970784
wchar: 116092839056
syscr: 30110324
syscw: 3673330
read_bytes: 64690201088
write_bytes: 116256153600
cancelled_write_bytes: 786432

[2019-07-09T02:01:38-07:00]
rchar: 249016783864
wchar: 116409771478
syscr: 30148086
syscw: 3674939
read_bytes: 64699142656
write_bytes: 116573667328
cancelled_write_bytes: 786432

[2019-07-09T02:01:41-07:00]
rchar: 249526409588
wchar: 116833692988
syscr: 30209682
syscw: 3677290
read_bytes: 64711868928
write_bytes: 116998324224
cancelled_write_bytes: 794624

[2019-07-09T02:01:44-07:00]
rchar: 250453989446
wchar: 117221354447
syscr: 30322078
syscw: 3692104
read_bytes: 64816783872
write_bytes: 117386506240
cancelled_write_bytes: 794624

[2019-07-09T02:01:47-07:00]
rchar: 251554848412
wchar: 117491622914
syscr: 30455543
syscw: 3714552
read_bytes: 65032921600
write_bytes: 117657059328
cancelled_write_bytes: 794624

[2019-07-09T02:01:50-07:00]
rchar: 252503887375
wchar: 117900047092
syscr: 30570589
syscw: 3729921
read_bytes: 65144869376
write_bytes: 118066143232
cancelled_write_bytes: 798720

[2019-07-09T02:01:53-07:00]
rchar: 252920493119
wchar: 118146209061
syscr: 30621075
syscw: 3735205
read_bytes: 65180606976
write_bytes: 118312546304
cancelled_write_bytes: 798720

[2019-07-09T02:01:56-07:00]
rchar: 253631762580
wchar: 118543469431
syscr: 30707222
syscw: 3745633
read_bytes: 65260401152
write_bytes: 118710427648
cancelled_write_bytes: 811008

[2019-07-09T02:01:59-07:00]
rchar: 254352382393
wchar: 118915851422
syscr: 30794569
syscw: 3753440
read_bytes: 65316655616
write_bytes: 119083380736
cancelled_write_bytes: 811008

[2019-07-09T02:02:02-07:00]
rchar: 255677775083
wchar: 119389579008
syscr: 30955229
syscw: 3771294
read_bytes: 65458127360
write_bytes: 119558434816
cancelled_write_bytes: 827392

[2019-07-09T02:02:05-07:00]
rchar: 256778015446
wchar: 119693821355
syscr: 31088610
syscw: 3789011
read_bytes: 65649115648
write_bytes: 119862370304
cancelled_write_bytes: 827392

[2019-07-09T02:02:08-07:00]
rchar: 257439692425
wchar: 120026213095
syscr: 31168814
syscw: 3796711
read_bytes: 65711845888
write_bytes: 120195244032
cancelled_write_bytes: 827392

[2019-07-09T02:02:11-07:00]
rchar: 257619014522
wchar: 120284468495
syscr: 31190486
syscw: 3798768
read_bytes: 65742115328
write_bytes: 120454209536
cancelled_write_bytes: 843776

[2019-07-09T02:02:14-07:00]
rchar: 258481345331
wchar: 120660884152
syscr: 31295033
syscw: 3807324
read_bytes: 66073784832
write_bytes: 120830832640
cancelled_write_bytes: 843776

[2019-07-09T02:02:17-07:00]
rchar: 259221871613
wchar: 120984191893
syscr: 31384791
syscw: 3815070
read_bytes: 66365702656
write_bytes: 121154576384
cancelled_write_bytes: 843776

[2019-07-09T02:02:20-07:00]
rchar: 260075958337
wchar: 121369812870
syscr: 31488323
syscw: 3823525
read_bytes: 66716144128
write_bytes: 121540718592
cancelled_write_bytes: 843776

[2019-07-09T02:02:23-07:00]
rchar: 260892715865
wchar: 121749226363
syscr: 31587312
syscw: 3831295
read_bytes: 67069497856
write_bytes: 121920647168
cancelled_write_bytes: 843776

[2019-07-09T02:02:26-07:00]
rchar: 261573054090
wchar: 122081740202
syscr: 31669775
syscw: 3837814
read_bytes: 67353711104
write_bytes: 122253623296
cancelled_write_bytes: 843776

[2019-07-09T02:02:29-07:00]
rchar: 262353095978
wchar: 122439143335
syscr: 31764321
syscw: 3845575
read_bytes: 67668300288
write_bytes: 122611527680
cancelled_write_bytes: 843776

[2019-07-09T02:02:32-07:00]
rchar: 263483724856
wchar: 122832205224
syscr: 31901381
syscw: 3859045
read_bytes: 68066763264
write_bytes: 123005116416
cancelled_write_bytes: 843776

[2019-07-09T02:02:35-07:00]
rchar: 263763514420
wchar: 123085519888
syscr: 31935303
syscw: 3862784
read_bytes: 68156670464
write_bytes: 123258847232
cancelled_write_bytes: 843776

[2019-07-09T02:02:38-07:00]
rchar: 264242031530
wchar: 123466040381
syscr: 31993257
syscw: 3864323
read_bytes: 68201955840
write_bytes: 123639959552
cancelled_write_bytes: 851968

[2019-07-09T02:02:41-07:00]
rchar: 264807109754
wchar: 123931218036
syscr: 32061538
syscw: 3865662
read_bytes: 68258066944
write_bytes: 124105916416
cancelled_write_bytes: 851968

[2019-07-09T02:02:44-07:00]
rchar: 265346844776
wchar: 124373065662
syscr: 32126808
syscw: 3867062
read_bytes: 68311306752
write_bytes: 124548505600
cancelled_write_bytes: 851968

[2019-07-09T02:02:47-07:00]
rchar: 265800872621
wchar: 124705324522
syscr: 32181726
syscw: 3870026
read_bytes: 68463526400
write_bytes: 124881272832
cancelled_write_bytes: 851968

[2019-07-09T02:02:50-07:00]
rchar: 266367552144
wchar: 125104484429
syscr: 32250440
syscw: 3876206
read_bytes: 68812620288
write_bytes: 125280976896
cancelled_write_bytes: 851968

[2019-07-09T02:02:53-07:00]
rchar: 266873654966
wchar: 125444277433
syscr: 32311755
syscw: 3882293
read_bytes: 69120311808
write_bytes: 125621243904
cancelled_write_bytes: 851968

[2019-07-09T02:02:56-07:00]
rchar: 267384377796
wchar: 125783365753
syscr: 32373659
syscw: 3888510
read_bytes: 69429318144
write_bytes: 125960794112
cancelled_write_bytes: 851968

[2019-07-09T02:02:59-07:00]
rchar: 267951051450
wchar: 126173436521
syscr: 32442329
syscw: 3895026
read_bytes: 69766361600
write_bytes: 126351429632
cancelled_write_bytes: 851968

[2019-07-09T02:03:02-07:00]
rchar: 268505002800
wchar: 126557392878
syscr: 32509473
syscw: 3901497
read_bytes: 70111183360
write_bytes: 126735933440
cancelled_write_bytes: 851968

[2019-07-09T02:03:05-07:00]
rchar: 268966077929
wchar: 126868565962
syscr: 32565355
syscw: 3907221
read_bytes: 70422557184
write_bytes: 127047520256
cancelled_write_bytes: 851968

[2019-07-09T02:03:08-07:00]
rchar: 269445377720
wchar: 127184921099
syscr: 32623440
syscw: 3913494
read_bytes: 70750044672
write_bytes: 127364337664
cancelled_write_bytes: 851968

[2019-07-09T02:03:11-07:00]
rchar: 269941944009
wchar: 127515496282
syscr: 32683616
syscw: 3920543
read_bytes: 71085437440
write_bytes: 127695380480
cancelled_write_bytes: 851968

[2019-07-09T02:03:14-07:00]
rchar: 270290207789
wchar: 127872965156
syscr: 32725837
syscw: 3926305
read_bytes: 71308632576
write_bytes: 128053420032
cancelled_write_bytes: 851968

[2019-07-09T02:03:17-07:00]
rchar: 270971253054
wchar: 128221663787
syscr: 32808311
syscw: 3935489
read_bytes: 71670792704
write_bytes: 128402599936
cancelled_write_bytes: 860160

[2019-07-09T02:03:20-07:00]
rchar: 271609311645
wchar: 128545618215
syscr: 32885646
syscw: 3944174
read_bytes: 72008565248
write_bytes: 128726982656
cancelled_write_bytes: 860160

[2019-07-09T02:03:23-07:00]
rchar: 272429157826
wchar: 128968306396
syscr: 32985017
syscw: 3955253
read_bytes: 72458609152
write_bytes: 129150238720
cancelled_write_bytes: 860160

[2019-07-09T02:03:26-07:00]
rchar: 273016017530
wchar: 129264744442
syscr: 33056153
syscw: 3963531
read_bytes: 72786821632
write_bytes: 129447067648
cancelled_write_bytes: 860160

[2019-07-09T02:03:29-07:00]
rchar: 273911359459
wchar: 129693317164
syscr: 33164688
syscw: 3976404
read_bytes: 73273176576
write_bytes: 129876205568
cancelled_write_bytes: 860160

[2019-07-09T02:03:32-07:00]
rchar: 274673583011
wchar: 129979665734
syscr: 33257075
syscw: 3990559
read_bytes: 73621623296
write_bytes: 130162905088
cancelled_write_bytes: 860160

[2019-07-09T02:03:35-07:00]
rchar: 274880023145
wchar: 130220655660
syscr: 33282022
syscw: 3994689
read_bytes: 73710318080
write_bytes: 130404306944
cancelled_write_bytes: 860160

[2019-07-09T02:03:38-07:00]
rchar: 276248650170
wchar: 130446693563
syscr: 33447955
syscw: 4019208
read_bytes: 74069471744
write_bytes: 130630557696
cancelled_write_bytes: 868352

[2019-07-09T02:03:41-07:00]
rchar: 277895449668
wchar: 130756189577
syscr: 33647611
syscw: 4048988
read_bytes: 74451673600
write_bytes: 130940350464
cancelled_write_bytes: 868352

[2019-07-09T02:03:44-07:00]
rchar: 278362580046
wchar: 131015387149
syscr: 33704254
syscw: 4057789
read_bytes: 74572182016
write_bytes: 131199934464
cancelled_write_bytes: 868352

[2019-07-09T02:03:47-07:00]
rchar: 280150083455
wchar: 131306345311
syscr: 33920882
syscw: 4083658
read_bytes: 74918912512
write_bytes: 131491205120
cancelled_write_bytes: 876544

[2019-07-09T02:03:50-07:00]
rchar: 281680145074
wchar: 131550575472
syscr: 34106384
syscw: 4106832
read_bytes: 75228668416
write_bytes: 131736006656
cancelled_write_bytes: 876544

[2019-07-09T02:03:53-07:00]
rchar: 282533833048
wchar: 132038396880
syscr: 34209820
syscw: 4116018
read_bytes: 75337515520
write_bytes: 132224270336
cancelled_write_bytes: 884736

[2019-07-09T02:03:56-07:00]
rchar: 283042441005
wchar: 132457433106
syscr: 34271478
syscw: 4117274
read_bytes: 75363127808
write_bytes: 132644007936
cancelled_write_bytes: 884736

[2019-07-09T02:03:59-07:00]
rchar: 283791319321
wchar: 132910641386
syscr: 34361958
syscw: 4125326
read_bytes: 75541922304
write_bytes: 133097889792
cancelled_write_bytes: 884736

[2019-07-09T02:04:02-07:00]
rchar: 284552006587
wchar: 133328947445
syscr: 34454148
syscw: 4135480
read_bytes: 75793383936
write_bytes: 133516771328
cancelled_write_bytes: 884736

[2019-07-09T02:04:05-07:00]
rchar: 285268843017
wchar: 133712404035
syscr: 34541036
syscw: 4145538
read_bytes: 76023009792
write_bytes: 133900754944
cancelled_write_bytes: 884736

[2019-07-09T02:04:08-07:00]
rchar: 285959178093
wchar: 134071003755
syscr: 34624690
syscw: 4155307
read_bytes: 76227174912
write_bytes: 134259888128
cancelled_write_bytes: 884736

[2019-07-09T02:04:11-07:00]
rchar: 286751674585
wchar: 134495060014
syscr: 34720766
syscw: 4166602
read_bytes: 76481614336
write_bytes: 134684528640
cancelled_write_bytes: 884736

[2019-07-09T02:04:14-07:00]
rchar: 287529345235
wchar: 134909743830
syscr: 34815011
syscw: 4177432
read_bytes: 76732953088
write_bytes: 135099920384
cancelled_write_bytes: 884736

[2019-07-09T02:04:17-07:00]
rchar: 287656687242
wchar: 135127470090
syscr: 34830442
syscw: 4179627
read_bytes: 76774134272
write_bytes: 135317897216
cancelled_write_bytes: 884736

[2019-07-09T02:04:20-07:00]
rchar: 288566018783
wchar: 135518924146
syscr: 34940592
syscw: 4191821
read_bytes: 77001081344
write_bytes: 135709925376
cancelled_write_bytes: 892928

[2019-07-09T02:04:23-07:00]
rchar: 289703053993
wchar: 135820869682
syscr: 35078440
syscw: 4211976
read_bytes: 77208031744
write_bytes: 136012271616
cancelled_write_bytes: 892928

[2019-07-09T02:04:26-07:00]
rchar: 290528345390
wchar: 136248305646
syscr: 35178361
syscw: 4221555
read_bytes: 77296996864
write_bytes: 136441262080
cancelled_write_bytes: 892928

[2019-07-09T02:04:29-07:00]
rchar: 291346578656
wchar: 136631404860
syscr: 35277432
syscw: 4231835
read_bytes: 77398381056
write_bytes: 136824053760
cancelled_write_bytes: 892928

[2019-07-09T02:04:32-07:00]
rchar: 292112535836
wchar: 136928002798
syscr: 35370137
syscw: 4243689
read_bytes: 77502607872
write_bytes: 137121099776
cancelled_write_bytes: 892928

[2019-07-09T02:04:35-07:00]
rchar: 292553692439
wchar: 137282899344
syscr: 35423482
syscw: 4249291
read_bytes: 77548409344
write_bytes: 137476612096
cancelled_write_bytes: 901120

[2019-07-09T02:04:38-07:00]
rchar: 293780642143
wchar: 137649600215
syscr: 35572227
syscw: 4271870
read_bytes: 77771682304
write_bytes: 137843761152
cancelled_write_bytes: 901120

[2019-07-09T02:04:41-07:00]
rchar: 294819843609
wchar: 137957255391
syscr: 35698220
syscw: 4292298
read_bytes: 77962945024
write_bytes: 138151768064
cancelled_write_bytes: 901120

[2019-07-09T02:04:44-07:00]
rchar: 295448503983
wchar: 138192495880
syscr: 35774431
syscw: 4304028
read_bytes: 78076994048
write_bytes: 138387308544
cancelled_write_bytes: 917504

[2019-07-09T02:04:47-07:00]
rchar: 296363078048
wchar: 138552198753
syscr: 35885225
syscw: 4320375
read_bytes: 78238437888
write_bytes: 138747539456
cancelled_write_bytes: 933888

[2019-07-09T02:04:50-07:00]
rchar: 297717061056
wchar: 138833059427
syscr: 36049387
syscw: 4344647
read_bytes: 78480171520
write_bytes: 139028692992
cancelled_write_bytes: 933888

[2019-07-09T02:04:53-07:00]
rchar: 298894014957
wchar: 139041507279
syscr: 36192078
syscw: 4366609
read_bytes: 78675792384
write_bytes: 139237335040
cancelled_write_bytes: 933888

[2019-07-09T02:04:56-07:00]
rchar: 299374137274
wchar: 139426194686
syscr: 36250192
syscw: 4371552
read_bytes: 78729343488
write_bytes: 139622645760
cancelled_write_bytes: 942080

[2019-07-09T02:04:59-07:00]
rchar: 300736246953
wchar: 139851383443
syscr: 36415328
syscw: 4388420
read_bytes: 78969217536
write_bytes: 140048396288
cancelled_write_bytes: 942080

[2019-07-09T02:05:02-07:00]
rchar: 302016802834
wchar: 140224206806
syscr: 36570553
syscw: 4405068
read_bytes: 79201522176
write_bytes: 140421709824
cancelled_write_bytes: 942080

[2019-07-09T02:05:05-07:00]
rchar: 303525714787
wchar: 140525635845
syscr: 36753483
syscw: 4427843
read_bytes: 79446467072
write_bytes: 140723466240
cancelled_write_bytes: 942080

[2019-07-09T02:05:08-07:00]
rchar: 304122113225
wchar: 140838279047
syscr: 36825794
syscw: 4432659
read_bytes: 79490900480
write_bytes: 141036609536
cancelled_write_bytes: 942080

[2019-07-09T02:05:11-07:00]
rchar: 304609933921
wchar: 141354965930
syscr: 36884740
syscw: 4434719
read_bytes: 79502303744
write_bytes: 141554180096
cancelled_write_bytes: 942080

[2019-07-09T02:05:14-07:00]
rchar: 305145711573
wchar: 141817578189
syscr: 36949475
syscw: 4436671
read_bytes: 79527973376
write_bytes: 142017560576
cancelled_write_bytes: 950272

[2019-07-09T02:05:17-07:00]
rchar: 305639634027
wchar: 142166509671
syscr: 37009225
syscw: 4439499
read_bytes: 79660487168
write_bytes: 142367047680
cancelled_write_bytes: 950272

[2019-07-09T02:05:20-07:00]
rchar: 306156682547
wchar: 142470081449
syscr: 37071917
syscw: 4445234
read_bytes: 79934808576
write_bytes: 142671024128
cancelled_write_bytes: 950272

[2019-07-09T02:05:23-07:00]
rchar: 306687900867
wchar: 142786353034
syscr: 37136319
syscw: 4451004
read_bytes: 80196166144
write_bytes: 142987710464
cancelled_write_bytes: 950272

[2019-07-09T02:05:26-07:00]
rchar: 307367856963
wchar: 143188983715
syscr: 37218714
syscw: 4458254
read_bytes: 80536760832
write_bytes: 143391199232
cancelled_write_bytes: 950272

[2019-07-09T02:05:29-07:00]
rchar: 307894539646
wchar: 143488396044
syscr: 37282542
syscw: 4464106
read_bytes: 80808956416
write_bytes: 143690743808
cancelled_write_bytes: 950272

[2019-07-09T02:05:32-07:00]
rchar: 308511480245
wchar: 143865973133
syscr: 37357314
syscw: 4470418
read_bytes: 81094701568
write_bytes: 144069423104
cancelled_write_bytes: 950272

[2019-07-09T02:05:35-07:00]
rchar: 309106660910
wchar: 144218155529
syscr: 37429473
syscw: 4476887
read_bytes: 81403142656
write_bytes: 144421486592
cancelled_write_bytes: 950272

[2019-07-09T02:05:38-07:00]
rchar: 309624265728
wchar: 144521060169
syscr: 37492196
syscw: 4482733
read_bytes: 81675264512
write_bytes: 144724828160
cancelled_write_bytes: 950272

[2019-07-09T02:05:41-07:00]
rchar: 310087445503
wchar: 144803336492
syscr: 37548332
syscw: 4487639
read_bytes: 81904132608
write_bytes: 145007579136
cancelled_write_bytes: 950272

[2019-07-09T02:05:44-07:00]
rchar: 310664231943
wchar: 145128708510
syscr: 37618247
syscw: 4494562
read_bytes: 82201305600
write_bytes: 145333346304
cancelled_write_bytes: 950272

[2019-07-09T02:05:47-07:00]
rchar: 311220821692
wchar: 145429094841
syscr: 37685697
syscw: 4501551
read_bytes: 82477982208
write_bytes: 145634156544
cancelled_write_bytes: 950272

[2019-07-09T02:05:50-07:00]
rchar: 311512519985
wchar: 145736147043
syscr: 37720990
syscw: 4505166
read_bytes: 82606879232
write_bytes: 145941716992
cancelled_write_bytes: 958464

[2019-07-09T02:05:53-07:00]
rchar: 312206809343
wchar: 146057488674
syscr: 37805141
syscw: 4512898
read_bytes: 82910319104
write_bytes: 146263478272
cancelled_write_bytes: 958464

[2019-07-09T02:05:56-07:00]
rchar: 313037613545
wchar: 146414034628
syscr: 37905851
syscw: 4523365
read_bytes: 83247661568
write_bytes: 146620510208
cancelled_write_bytes: 958464

[2019-07-09T02:05:59-07:00]
rchar: 313773358329
wchar: 146690811130
syscr: 37995035
syscw: 4533723
read_bytes: 83520041472
write_bytes: 146897666048
cancelled_write_bytes: 958464

[2019-07-09T02:06:02-07:00]
rchar: 314648571347
wchar: 147010355906
syscr: 38101127
syscw: 4545965
read_bytes: 83841618432
write_bytes: 147217612800
cancelled_write_bytes: 958464

[2019-07-09T02:06:05-07:00]
rchar: 316057481272
wchar: 147407469450
syscr: 38271927
syscw: 4569071
read_bytes: 84255068672
write_bytes: 147615191040
cancelled_write_bytes: 958464

[2019-07-09T02:06:08-07:00]
rchar: 316163016799
wchar: 147602636482
syscr: 38284641
syscw: 4571032
read_bytes: 84282929664
write_bytes: 147810721792
cancelled_write_bytes: 962560

[2019-07-09T02:06:11-07:00]
rchar: 317563287556
wchar: 147887974045
syscr: 38454399
syscw: 4590707
read_bytes: 84603556352
write_bytes: 148096376832
cancelled_write_bytes: 966656

[2019-07-09T02:06:14-07:00]
rchar: 319620823407
wchar: 148123672746
syscr: 38703866
syscw: 4622871
read_bytes: 84908306944
write_bytes: 148332253184
cancelled_write_bytes: 966656

[2019-07-09T02:06:17-07:00]
rchar: 320426561175
wchar: 148435152481
syscr: 38801484
syscw: 4635097
read_bytes: 85032980992
write_bytes: 148644188160
cancelled_write_bytes: 966656

[2019-07-09T02:06:20-07:00]
rchar: 321020654609
wchar: 148924156839
syscr: 38873493
syscw: 4636745
read_bytes: 85050118656
write_bytes: 149133983744
cancelled_write_bytes: 974848

[2019-07-09T02:06:23-07:00]
rchar: 321482196454
wchar: 149303554161
syscr: 38929440
syscw: 4638144
read_bytes: 85064315392
write_bytes: 149514002432
cancelled_write_bytes: 974848

[2019-07-09T02:06:26-07:00]
rchar: 322062822671
wchar: 149778456820
syscr: 38999830
syscw: 4639854
read_bytes: 85086138880
write_bytes: 149989650432
cancelled_write_bytes: 974848

[2019-07-09T02:06:29-07:00]
rchar: 322554326375
wchar: 150129678672
syscr: 39059070
syscw: 4642998
read_bytes: 85138518528
write_bytes: 150341439488
cancelled_write_bytes: 974848

[2019-07-09T02:06:32-07:00]
rchar: 323170955713
wchar: 150518873618
syscr: 39133799
syscw: 4649735
read_bytes: 85268050432
write_bytes: 150731190272
cancelled_write_bytes: 974848

[2019-07-09T02:06:35-07:00]
rchar: 323851153514
wchar: 150900745726
syscr: 39216218
syscw: 4658764
read_bytes: 85477327360
write_bytes: 151113625600
cancelled_write_bytes: 974848

[2019-07-09T02:06:38-07:00]
rchar: 324558930072
wchar: 151325588635
syscr: 39302012
syscw: 4667571
read_bytes: 85672108544
write_bytes: 151539097600
cancelled_write_bytes: 974848

[2019-07-09T02:06:41-07:00]
rchar: 325338656261
wchar: 151735611116
syscr: 39396515
syscw: 4679495
read_bytes: 85920633344
write_bytes: 151949717504
cancelled_write_bytes: 974848

[2019-07-09T02:06:44-07:00]
rchar: 326048481686
wchar: 152097974590
syscr: 39482564
syscw: 4690418
read_bytes: 86167470592
write_bytes: 152312586240
cancelled_write_bytes: 974848

[2019-07-09T02:06:47-07:00]
rchar: 326481271672
wchar: 152299355642
syscr: 39535006
syscw: 4698218
read_bytes: 86315917824
write_bytes: 152514256896
cancelled_write_bytes: 974848

[2019-07-09T02:06:50-07:00]
rchar: 326747283468
wchar: 152547390571
syscr: 39567179
syscw: 4702912
read_bytes: 86385328640
write_bytes: 152762716160
cancelled_write_bytes: 983040

[2019-07-09T02:06:53-07:00]
rchar: 327731876985
wchar: 152865459612
syscr: 39686533
syscw: 4718343
read_bytes: 86671049216
write_bytes: 153081159680
cancelled_write_bytes: 983040

[2019-07-09T02:06:56-07:00]
rchar: 328899108745
wchar: 153173865131
syscr: 39828029
syscw: 4738668
read_bytes: 86941639168
write_bytes: 153389944832
cancelled_write_bytes: 983040

[2019-07-09T02:06:59-07:00]
rchar: 330025313371
wchar: 153468432057
syscr: 39964556
syscw: 4759304
read_bytes: 87142507008
write_bytes: 153684869120
cancelled_write_bytes: 983040

[2019-07-09T02:07:02-07:00]
rchar: 330336030155
wchar: 153757376871
syscr: 40002150
syscw: 4763471
read_bytes: 87181292032
write_bytes: 153974304768
cancelled_write_bytes: 991232

[2019-07-09T02:07:05-07:00]
rchar: 331112241526
wchar: 154081847873
syscr: 40096118
syscw: 4772571
read_bytes: 87267381760
write_bytes: 154299265024
cancelled_write_bytes: 991232

[2019-07-09T02:07:09-07:00]
rchar: 331951687055
wchar: 154435699789
syscr: 40197769
syscw: 4782160
read_bytes: 87361233408
write_bytes: 154653667328
cancelled_write_bytes: 991232

[2019-07-09T02:07:12-07:00]
rchar: 333030267579
wchar: 154851401131
syscr: 40328333
syscw: 4795195
read_bytes: 87494652416
write_bytes: 155070013440
cancelled_write_bytes: 991232

[2019-07-09T02:07:15-07:00]
rchar: 334250057036
wchar: 155141701110
syscr: 40476222
syscw: 4821025
read_bytes: 87795180032
write_bytes: 155360608256
cancelled_write_bytes: 991232

[2019-07-09T02:07:18-07:00]
rchar: 334593778432
wchar: 155526821942
syscr: 40517880
syscw: 4824983
read_bytes: 87826571776
write_bytes: 155746344960
cancelled_write_bytes: 991232

[2019-07-09T02:07:21-07:00]
rchar: 335186802861
wchar: 156033442949
syscr: 40589681
syscw: 4827146
read_bytes: 87852323328
write_bytes: 156253736960
cancelled_write_bytes: 999424

[2019-07-09T02:07:24-07:00]
rchar: 335729748256
wchar: 156493921588
syscr: 40655467
syscw: 4829080
read_bytes: 87873327616
write_bytes: 156714913792
cancelled_write_bytes: 999424

[2019-07-09T02:07:27-07:00]
rchar: 336243856479
wchar: 156884146364
syscr: 40717775
syscw: 4831820
read_bytes: 87907160576
write_bytes: 157105733632
cancelled_write_bytes: 999424

[2019-07-09T02:07:30-07:00]
rchar: 337040683757
wchar: 157241544733
syscr: 40814360
syscw: 4841753
read_bytes: 88123441664
write_bytes: 157463625728
cancelled_write_bytes: 999424

[2019-07-09T02:07:33-07:00]
rchar: 337796419935
wchar: 157649659634
syscr: 40905948
syscw: 4849787
read_bytes: 88243966464
write_bytes: 157872345088
cancelled_write_bytes: 999424

[2019-07-09T02:07:36-07:00]
rchar: 338361662444
wchar: 158046646737
syscr: 40974427
syscw: 4853623
read_bytes: 88289272320
write_bytes: 158269939712
cancelled_write_bytes: 999424

[2019-07-09T02:07:39-07:00]
rchar: 339226610253
wchar: 158418342291
syscr: 41079276
syscw: 4864794
read_bytes: 88506368512
write_bytes: 158642155520
cancelled_write_bytes: 999424

[2019-07-09T02:07:42-07:00]
rchar: 340014668703
wchar: 158737569064
syscr: 41174798
syscw: 4875525
read_bytes: 88655290880
write_bytes: 158961840128
cancelled_write_bytes: 999424

[2019-07-09T02:07:45-07:00]
rchar: 340847133099
wchar: 158975559163
syscr: 41275707
syscw: 4889336
read_bytes: 88866042368
write_bytes: 159200124928
cancelled_write_bytes: 999424

[2019-07-09T02:07:48-07:00]
rchar: 341055896262
wchar: 159184144497
syscr: 41300940
syscw: 4892879
read_bytes: 88901579264
write_bytes: 159409070080
cancelled_write_bytes: 1007616

[2019-07-09T02:07:51-07:00]
rchar: 342495075082
wchar: 159562555404
syscr: 41475435
syscw: 4911840
read_bytes: 89090449920
write_bytes: 159787970560
cancelled_write_bytes: 1007616

[2019-07-09T02:07:54-07:00]
rchar: 343096147565
wchar: 160049056266
syscr: 41548092
syscw: 4913942
read_bytes: 89104421376
write_bytes: 160275300352
cancelled_write_bytes: 1007616

[2019-07-09T02:07:57-07:00]
rchar: 343532507089
wchar: 160397120214
syscr: 41600815
syscw: 4915593
read_bytes: 89114907136
write_bytes: 160624046080
cancelled_write_bytes: 1007616

[2019-07-09T02:08:00-07:00]
rchar: 344180146178
wchar: 160720088411
syscr: 41679292
syscw: 4927895
read_bytes: 89242968576
write_bytes: 160947376128
cancelled_write_bytes: 1007616

[2019-07-09T02:08:03-07:00]
rchar: 344774708149
wchar: 161014334104
syscr: 41751356
syscw: 4940137
read_bytes: 89375642112
write_bytes: 161241997312
cancelled_write_bytes: 1007616

[2019-07-09T02:08:06-07:00]
rchar: 345367108067
wchar: 161364962336
syscr: 41823159
syscw: 4950079
read_bytes: 89465094656
write_bytes: 161593102336
cancelled_write_bytes: 1007616

[2019-07-09T02:08:09-07:00]
rchar: 345577217337
wchar: 161592288844
syscr: 41848557
syscw: 4954627
read_bytes: 89511801344
write_bytes: 161820807168
cancelled_write_bytes: 1019904

[2019-07-09T02:08:12-07:00]
rchar: 346842736680
wchar: 161952824433
syscr: 42001969
syscw: 4979996
read_bytes: 89796170240
write_bytes: 162181758976
cancelled_write_bytes: 1019904

[2019-07-09T02:08:15-07:00]
rchar: 347937856624
wchar: 162216362508
syscr: 42134746
syscw: 5003449
read_bytes: 90050806272
write_bytes: 162446336000
cancelled_write_bytes: 1019904

[2019-07-09T02:08:18-07:00]
rchar: 348396947293
wchar: 162331824072
syscr: 42190407
syscw: 5012838
read_bytes: 90157953536
write_bytes: 162561142784
cancelled_write_bytes: 1019904

[2019-07-09T02:08:21-07:00]
rchar: 348675863316
wchar: 162666748711
syscr: 42224132
syscw: 5015803
read_bytes: 90185769472
write_bytes: 162896633856
cancelled_write_bytes: 1032192

[2019-07-09T02:08:24-07:00]
rchar: 349279114574
wchar: 163081156075
syscr: 42297249
syscw: 5019950
read_bytes: 90238882304
write_bytes: 163311652864
cancelled_write_bytes: 1032192

[2019-07-09T02:08:27-07:00]
rchar: 350000192172
wchar: 163538745758
syscr: 42384636
syscw: 5025645
read_bytes: 90305786368
write_bytes: 163769921536
cancelled_write_bytes: 1032192

[2019-07-09T02:08:30-07:00]
rchar: 350488480280
wchar: 163892275081
syscr: 42443807
syscw: 5028963
read_bytes: 90338230784
write_bytes: 164123963392
cancelled_write_bytes: 1032192

[2019-07-09T02:08:33-07:00]
rchar: 351128654034
wchar: 164246054710
syscr: 42521367
syscw: 5035058
read_bytes: 90440737280
write_bytes: 164478283776
cancelled_write_bytes: 1032192

[2019-07-09T02:08:36-07:00]
rchar: 351757447348
wchar: 164611821910
syscr: 42597581
syscw: 5041093
read_bytes: 90495611392
write_bytes: 164844593152
cancelled_write_bytes: 1032192

[2019-07-09T02:08:39-07:00]
rchar: 352838626078
wchar: 164931173923
syscr: 42728650
syscw: 5058337
read_bytes: 90701292032
write_bytes: 165164351488
cancelled_write_bytes: 1032192

[2019-07-09T02:08:42-07:00]
rchar: 353729577842
wchar: 165111113814
syscr: 42836664
syscw: 5073429
read_bytes: 90893939200
write_bytes: 165344473088
cancelled_write_bytes: 1032192

[2019-07-09T02:08:45-07:00]
rchar: 354008603365
wchar: 165468777587
syscr: 42870440
syscw: 5075427
read_bytes: 90922578432
write_bytes: 165702746112
cancelled_write_bytes: 1040384

[2019-07-09T02:08:48-07:00]
rchar: 354542070284
wchar: 165937312247
syscr: 42935007
syscw: 5076672
read_bytes: 90980835840
write_bytes: 166172033024
cancelled_write_bytes: 1040384

[2019-07-09T02:08:51-07:00]
rchar: 355056075705
wchar: 166377320120
syscr: 42997109
syscw: 5077943
read_bytes: 91054305792
write_bytes: 166612791296
cancelled_write_bytes: 1040384

[2019-07-09T02:08:54-07:00]
rchar: 355474860998
wchar: 166692709744
syscr: 43047839
syscw: 5080784
read_bytes: 91275502080
write_bytes: 166928658432
cancelled_write_bytes: 1040384

[2019-07-09T02:08:57-07:00]
rchar: 355909624288
wchar: 167010762207
syscr: 43100561
syscw: 5084387
read_bytes: 91545920000
write_bytes: 167247126528
cancelled_write_bytes: 1040384

[2019-07-09T02:09:00-07:00]
rchar: 356320406128
wchar: 167311110709
syscr: 43150359
syscw: 5087865
read_bytes: 91792556544
write_bytes: 167547891712
cancelled_write_bytes: 1040384

[2019-07-09T02:09:03-07:00]
rchar: 356723871428
wchar: 167595431983
syscr: 43199271
syscw: 5091264
read_bytes: 92046778880
write_bytes: 167832616960
cancelled_write_bytes: 1040384

[2019-07-09T02:09:06-07:00]
rchar: 357151215007
wchar: 167919624416
syscr: 43251006
syscw: 5094460
read_bytes: 92257083904
write_bytes: 168157310976
cancelled_write_bytes: 1040384

[2019-07-09T02:09:09-07:00]
rchar: 357581989910
wchar: 168220816115
syscr: 43303209
syscw: 5098013
read_bytes: 92523557376
write_bytes: 168458919936
cancelled_write_bytes: 1040384

[2019-07-09T02:09:12-07:00]
rchar: 358045089807
wchar: 168538054340
syscr: 43359361
syscw: 5102192
read_bytes: 92809028096
write_bytes: 168776581120
cancelled_write_bytes: 1040384

[2019-07-09T02:09:15-07:00]
rchar: 358460944935
wchar: 168827986318
syscr: 43409759
syscw: 5105578
read_bytes: 93072966144
write_bytes: 169066946560
cancelled_write_bytes: 1040384

[2019-07-09T02:09:18-07:00]
rchar: 358942183099
wchar: 169161353206
syscr: 43468096
syscw: 5109763
read_bytes: 93380018688
write_bytes: 169400766464
cancelled_write_bytes: 1040384

[2019-07-09T02:09:21-07:00]
rchar: 359572933510
wchar: 169611658277
syscr: 43544512
syscw: 5114991
read_bytes: 93766832640
write_bytes: 169851731968
cancelled_write_bytes: 1040384

[2019-07-09T02:09:24-07:00]
rchar: 360020369444
wchar: 169927900042
syscr: 43598749
syscw: 5118717
read_bytes: 94056575488
write_bytes: 170168401920
cancelled_write_bytes: 1040384

[2019-07-09T02:09:27-07:00]
rchar: 360495335520
wchar: 170265439476
syscr: 43656308
syscw: 5122551
read_bytes: 94375715328
write_bytes: 170506436608
cancelled_write_bytes: 1040384

[2019-07-09T02:09:30-07:00]
rchar: 360947648816
wchar: 170605006347
syscr: 43711133
syscw: 5125900
read_bytes: 94652310016
write_bytes: 170846502912
cancelled_write_bytes: 1040384

[2019-07-09T02:09:33-07:00]
rchar: 361362768668
wchar: 170915738016
syscr: 43761437
syscw: 5129266
read_bytes: 94916309504
write_bytes: 171157688320
cancelled_write_bytes: 1040384

[2019-07-09T02:09:36-07:00]
rchar: 361842750026
wchar: 171272113428
syscr: 43819583
syscw: 5133183
read_bytes: 95259738624
write_bytes: 171514585088
cancelled_write_bytes: 1040384

[2019-07-09T02:09:39-07:00]
rchar: 362230243249
wchar: 171558871364
syscr: 43866548
syscw: 5136513
read_bytes: 95540199936
write_bytes: 171801747456
cancelled_write_bytes: 1040384

[2019-07-09T02:09:42-07:00]
rchar: 362718921412
wchar: 171918612838
syscr: 43925782
syscw: 5141123
read_bytes: 95896908288
write_bytes: 172162052096
cancelled_write_bytes: 1040384

[2019-07-09T02:09:45-07:00]
rchar: 363080169141
wchar: 172173314069
syscr: 43969548
syscw: 5144754
read_bytes: 96143553024
write_bytes: 172417134592
cancelled_write_bytes: 1040384

[2019-07-09T02:09:48-07:00]
rchar: 363376284224
wchar: 172533257243
syscr: 44005356
syscw: 5147592
read_bytes: 96343392768
write_bytes: 172777660416
cancelled_write_bytes: 1048576

[2019-07-09T02:09:51-07:00]
rchar: 363953865620
wchar: 172904447030
syscr: 44075382
syscw: 5152712
read_bytes: 96720429568
write_bytes: 173149335552
cancelled_write_bytes: 1048576

[2019-07-09T02:09:54-07:00]
rchar: 364430946841
wchar: 173199521469
syscr: 44133189
syscw: 5157512
read_bytes: 97026322944
write_bytes: 173444861952
cancelled_write_bytes: 1048576

[2019-07-09T02:09:57-07:00]
rchar: 365151041316
wchar: 173616784742
syscr: 44220457
syscw: 5165863
read_bytes: 97457996288
write_bytes: 173862711296
cancelled_write_bytes: 1048576

[2019-07-09T02:10:00-07:00]
rchar: 365825681287
wchar: 173924965853
syscr: 44302234
syscw: 5176256
read_bytes: 97794200064
write_bytes: 174171299840
cancelled_write_bytes: 1048576

[2019-07-09T02:10:03-07:00]
rchar: 366655203481
wchar: 174289939187
syscr: 44402770
syscw: 5189823
read_bytes: 98196648448
write_bytes: 174536769536
cancelled_write_bytes: 1048576

[2019-07-09T02:10:06-07:00]
rchar: 367432092174
wchar: 174603035053
syscr: 44496955
syscw: 5203590
read_bytes: 98578579968
write_bytes: 174850252800
cancelled_write_bytes: 1048576

[2019-07-09T02:10:09-07:00]
rchar: 367855117175
wchar: 174891186630
syscr: 44548242
syscw: 5212844
read_bytes: 98770960896
write_bytes: 175138848768
cancelled_write_bytes: 1048576

[2019-07-09T02:10:12-07:00]
rchar: 369117132847
wchar: 175115981974
syscr: 44701167
syscw: 5235092
read_bytes: 99139650048
write_bytes: 175363862528
cancelled_write_bytes: 1056768

[2019-07-09T02:10:15-07:00]
rchar: 370624086506
wchar: 175418652280
syscr: 44883873
syscw: 5261188
read_bytes: 99564376576
write_bytes: 175666839552
cancelled_write_bytes: 1056768

[2019-07-09T02:10:18-07:00]
rchar: 371210084840
wchar: 175695273738
syscr: 44954921
syscw: 5271976
read_bytes: 99707802112
write_bytes: 175943872512
cancelled_write_bytes: 1056768

[2019-07-09T02:10:21-07:00]
rchar: 372633280158
wchar: 175924100166
syscr: 45127389
syscw: 5293027
read_bytes: 100009824768
write_bytes: 176172937216
cancelled_write_bytes: 1064960

[2019-07-09T02:10:24-07:00]
rchar: 374439988874
wchar: 176225293579
syscr: 45346422
syscw: 5320261
read_bytes: 100374381056
write_bytes: 176474435584
cancelled_write_bytes: 1064960

[2019-07-09T02:10:27-07:00]
rchar: 375310410286
wchar: 176477581203
syscr: 45451955
syscw: 5333924
read_bytes: 100548260352
write_bytes: 176727064576
cancelled_write_bytes: 1069056

[2019-07-09T02:10:30-07:00]
rchar: 375981568165
wchar: 177055048249
syscr: 45533255
syscw: 5336232
read_bytes: 100581806592
write_bytes: 177305526272
cancelled_write_bytes: 1077248

[2019-07-09T02:10:33-07:00]
rchar: 376627842773
wchar: 177433072661
syscr: 45611288
syscw: 5343220
read_bytes: 100728226304
write_bytes: 177684131840
cancelled_write_bytes: 1077248

[2019-07-09T02:10:36-07:00]
rchar: 377464288144
wchar: 177843948803
syscr: 45712664
syscw: 5355817
read_bytes: 101024006656
write_bytes: 178095587328
cancelled_write_bytes: 1077248

[2019-07-09T02:10:39-07:00]
rchar: 378298819470
wchar: 178230105936
syscr: 45813815
syscw: 5369778
read_bytes: 101290066432
write_bytes: 178482262016
cancelled_write_bytes: 1077248

[2019-07-09T02:10:42-07:00]
rchar: 379233216916
wchar: 178662200163
syscr: 45927079
syscw: 5385421
read_bytes: 101594370560
write_bytes: 178914930688
cancelled_write_bytes: 1077248

[2019-07-09T02:10:45-07:00]
rchar: 379898743345
wchar: 178958883741
syscr: 46007758
syscw: 5397084
read_bytes: 101838492160
write_bytes: 179211988992
cancelled_write_bytes: 1077248

[2019-07-09T02:10:48-07:00]
rchar: 380013442466
wchar: 179170903786
syscr: 46021586
syscw: 5399200
read_bytes: 101873938944
write_bytes: 179424395264
cancelled_write_bytes: 1085440

[2019-07-09T02:10:51-07:00]
rchar: 381003237225
wchar: 179543886695
syscr: 46141561
syscw: 5412880
read_bytes: 102177726976
write_bytes: 179797852160
cancelled_write_bytes: 1085440

[2019-07-09T02:10:54-07:00]
rchar: 382176239268
wchar: 179885744859
syscr: 46283754
syscw: 5432016
read_bytes: 102452281856
write_bytes: 180140150784
cancelled_write_bytes: 1085440

[2019-07-09T02:10:57-07:00]
rchar: 383291684746
wchar: 180237152136
syscr: 46418996
syscw: 5449289
read_bytes: 102683542016
write_bytes: 180492021760
cancelled_write_bytes: 1085440

[2019-07-09T02:11:00-07:00]
rchar: 384195229237
wchar: 180750760885
syscr: 46528377
syscw: 5458404
read_bytes: 102780686848
write_bytes: 181006458880
cancelled_write_bytes: 1085440

[2019-07-09T02:11:03-07:00]
rchar: 384271526216
wchar: 180945743775
syscr: 46537629
syscw: 5459767
read_bytes: 102792483328
write_bytes: 181201780736
cancelled_write_bytes: 1085440

[2019-07-09T02:11:06-07:00]
rchar: 385132262254
wchar: 181378693393
syscr: 46641682
syscw: 5467986
read_bytes: 102872039936
write_bytes: 181635448832
cancelled_write_bytes: 1093632

[2019-07-09T02:11:09-07:00]
rchar: 386046436564
wchar: 181727012141
syscr: 46752427
syscw: 5479843
read_bytes: 102975599104
write_bytes: 181984264192
cancelled_write_bytes: 1093632

[2019-07-09T02:11:12-07:00]
rchar: 386527387871
wchar: 182047765652
syscr: 46810702
syscw: 5484470
read_bytes: 103012672000
write_bytes: 182305488896
cancelled_write_bytes: 1093632

[2019-07-09T02:11:15-07:00]
rchar: 387736400964
wchar: 182343809966
syscr: 46957286
syscw: 5511992
read_bytes: 103290552832
write_bytes: 182601846784
cancelled_write_bytes: 1093632

[2019-07-09T02:11:18-07:00]
rchar: 388043707348
wchar: 182569837416
syscr: 46994544
syscw: 5519083
read_bytes: 103363105280
write_bytes: 182828232704
cancelled_write_bytes: 1093632

[2019-07-09T02:11:21-07:00]
rchar: 388224575110
wchar: 182678734092
syscr: 47016397
syscw: 5521091
read_bytes: 103423963648
write_bytes: 182937321472
cancelled_write_bytes: 1138688

[2019-07-09T02:11:24-07:00]
rchar: 388224575110
wchar: 182678734092
syscr: 47016397
syscw: 5521091
read_bytes: 103423963648
write_bytes: 182937321472
cancelled_write_bytes: 1138688

[2019-07-09T02:11:27-07:00]
rchar: 388224575110
wchar: 182678734092
syscr: 47016397
syscw: 5521091
read_bytes: 103423963648
write_bytes: 182937321472
cancelled_write_bytes: 1138688

[2019-07-09T02:11:30-07:00]
rchar: 388224575110
wchar: 182678734092
syscr: 47016397
syscw: 5521091
read_bytes: 103423963648
write_bytes: 182937329664
cancelled_write_bytes: 1138688

[2019-07-09T02:11:33-07:00]
rchar: 388224575110
wchar: 182678734092
syscr: 47016397
syscw: 5521091
read_bytes: 103423963648
write_bytes: 182937329664
cancelled_write_bytes: 1138688

[2019-07-09T02:11:36-07:00]
rchar: 388224575110
wchar: 182678734092
syscr: 47016397
syscw: 5521091
read_bytes: 103423963648
write_bytes: 182937329664
cancelled_write_bytes: 1138688

[2019-07-09T02:11:39-07:00]
rchar: 388224575110
wchar: 182678734092
syscr: 47016397
syscw: 5521091
read_bytes: 103423963648
write_bytes: 182937329664
cancelled_write_bytes: 1138688

[2019-07-09T02:11:42-07:00]
rchar: 388224575110
wchar: 182678734092
syscr: 47016397
syscw: 5521091
read_bytes: 103423963648
write_bytes: 182937329664
cancelled_write_bytes: 1138688

[2019-07-09T02:11:45-07:00]
rchar: 388224575110
wchar: 182678734092
syscr: 47016397
syscw: 5521091
read_bytes: 103423963648
write_bytes: 182937329664
cancelled_write_bytes: 1138688

[2019-07-09T02:11:48-07:00]
rchar: 388224575110
wchar: 182678734092
syscr: 47016397
syscw: 5521091
read_bytes: 103423963648
write_bytes: 182937329664
cancelled_write_bytes: 1138688

[2019-07-09T02:11:51-07:00]
rchar: 388224575110
wchar: 182678734092
syscr: 47016397
syscw: 5521091
read_bytes: 103423963648
write_bytes: 182937329664
cancelled_write_bytes: 1138688

[2019-07-09T02:11:54-07:00]
rchar: 388224575110
wchar: 182678734092
syscr: 47016397
syscw: 5521091
read_bytes: 103423963648
write_bytes: 182937329664
cancelled_write_bytes: 1138688

[2019-07-09T02:11:57-07:00]
rchar: 388224575110
wchar: 182678734092
syscr: 47016397
syscw: 5521091
read_bytes: 103423963648
write_bytes: 182937329664
cancelled_write_bytes: 1138688

[2019-07-09T02:12:00-07:00]
rchar: 388224575110
wchar: 182678734092
syscr: 47016397
syscw: 5521091
read_bytes: 103423963648
write_bytes: 182937329664
cancelled_write_bytes: 1138688

[2019-07-09T02:12:03-07:00]
rchar: 388224575110
wchar: 182678734092
syscr: 47016397
syscw: 5521091
read_bytes: 103423963648
write_bytes: 182937329664
cancelled_write_bytes: 1138688

