Extracting RWBS and sectors to /tmp/ycsb-rocksdb/data/nvme0n1/output_myworkloada/sectors.dat
Parsing results...

SECTOR_SIZE   RW   COUNT         RATIO (in R/W)   RATIO (Overall)
----------------------------------------------------------------------
/tmp/ycsb-rocksdb/scripts/ioszdist.sh: line 84: bc: command not found
/tmp/ycsb-rocksdb/scripts/ioszdist.sh: line 84: bc: command not found
/tmp/ycsb-rocksdb/scripts/ioszdist.sh: line 84: bc: command not found
/tmp/ycsb-rocksdb/scripts/ioszdist.sh: line 84: bc: command not found
/tmp/ycsb-rocksdb/scripts/ioszdist.sh: line 84: bc: command not found
/tmp/ycsb-rocksdb/scripts/ioszdist.sh: line 84: bc: command not found
/tmp/ycsb-rocksdb/scripts/ioszdist.sh: line 84: bc: command not found
/tmp/ycsb-rocksdb/scripts/ioszdist.sh: line 84: bc: command not found
/tmp/ycsb-rocksdb/scripts/ioszdist.sh: line 84: bc: command not found
/tmp/ycsb-rocksdb/scripts/ioszdist.sh: line 84: bc: command not found
/tmp/ycsb-rocksdb/scripts/ioszdist.sh: line 84: bc: command not found
/tmp/ycsb-rocksdb/scripts/ioszdist.sh: line 84: bc: command not found
/tmp/ycsb-rocksdb/scripts/ioszdist.sh: line 84: bc: command not found
/tmp/ycsb-rocksdb/scripts/ioszdist.sh: line 84: bc: command not found
/tmp/ycsb-rocksdb/scripts/ioszdist.sh: line 84: bc: command not found
/tmp/ycsb-rocksdb/scripts/ioszdist.sh: line 84: bc: command not found
/tmp/ycsb-rocksdb/scripts/ioszdist.sh: line 84: bc: command not found
/tmp/ycsb-rocksdb/scripts/ioszdist.sh: line 84: bc: command not found
/tmp/ycsb-rocksdb/scripts/ioszdist.sh: line 84: bc: command not found
/tmp/ycsb-rocksdb/scripts/ioszdist.sh: line 84: bc: command not found
/tmp/ycsb-rocksdb/scripts/ioszdist.sh: line 84: bc: command not found
/tmp/ycsb-rocksdb/scripts/ioszdist.sh: line 84: bc: command not found
/tmp/ycsb-rocksdb/scripts/ioszdist.sh: line 84: bc: command not found
/tmp/ycsb-rocksdb/scripts/ioszdist.sh: line 84: bc: command not found
/tmp/ycsb-rocksdb/scripts/ioszdist.sh: line 84: bc: command not found
/tmp/ycsb-rocksdb/scripts/ioszdist.sh: line 84: bc: command not found
/tmp/ycsb-rocksdb/scripts/ioszdist.sh: line 84: bc: command not found
/tmp/ycsb-rocksdb/scripts/ioszdist.sh: line 84: bc: command not found
/tmp/ycsb-rocksdb/scripts/ioszdist.sh: line 84: bc: command not found
/tmp/ycsb-rocksdb/scripts/ioszdist.sh: line 84: bc: command not found
/tmp/ycsb-rocksdb/scripts/ioszdist.sh: line 84: bc: command not found
/tmp/ycsb-rocksdb/scripts/ioszdist.sh: line 84: bc: command not found
/tmp/ycsb-rocksdb/scripts/ioszdist.sh: line 84: bc: command not found
/tmp/ycsb-rocksdb/scripts/ioszdist.sh: line 84: bc: command not found
/tmp/ycsb-rocksdb/scripts/ioszdist.sh: line 84: bc: command not found
/tmp/ycsb-rocksdb/scripts/ioszdist.sh: line 84: bc: command not found
/tmp/ycsb-rocksdb/scripts/ioszdist.sh: line 84: bc: command not found
/tmp/ycsb-rocksdb/scripts/ioszdist.sh: line 84: bc: command not found
/tmp/ycsb-rocksdb/scripts/ioszdist.sh: line 84: bc: command not found
/tmp/ycsb-rocksdb/scripts/ioszdist.sh: line 84: bc: command not found
/tmp/ycsb-rocksdb/scripts/ioszdist.sh: line 84: bc: command not found
/tmp/ycsb-rocksdb/scripts/ioszdist.sh: line 84: bc: command not found
/tmp/ycsb-rocksdb/scripts/ioszdist.sh: line 84: bc: command not found
/tmp/ycsb-rocksdb/scripts/ioszdist.sh: line 84: bc: command not found
/tmp/ycsb-rocksdb/scripts/ioszdist.sh: line 84: bc: command not found
/tmp/ycsb-rocksdb/scripts/ioszdist.sh: line 84: bc: command not found
/tmp/ycsb-rocksdb/scripts/ioszdist.sh: line 84: bc: command not found
/tmp/ycsb-rocksdb/scripts/ioszdist.sh: line 84: bc: command not found
/tmp/ycsb-rocksdb/scripts/ioszdist.sh: line 84: bc: command not found
/tmp/ycsb-rocksdb/scripts/ioszdist.sh: line 84: bc: command not found
/tmp/ycsb-rocksdb/scripts/ioszdist.sh: line 84: bc: command not found
/tmp/ycsb-rocksdb/scripts/ioszdist.sh: line 84: bc: command not found
/tmp/ycsb-rocksdb/scripts/ioszdist.sh: line 84: bc: command not found
/tmp/ycsb-rocksdb/scripts/ioszdist.sh: line 84: bc: command not found
/tmp/ycsb-rocksdb/scripts/ioszdist.sh: line 84: bc: command not found
/tmp/ycsb-rocksdb/scripts/ioszdist.sh: line 84: bc: command not found
/tmp/ycsb-rocksdb/scripts/ioszdist.sh: line 84: bc: command not found
/tmp/ycsb-rocksdb/scripts/ioszdist.sh: line 84: bc: command not found
/tmp/ycsb-rocksdb/scripts/ioszdist.sh: line 84: bc: command not found
/tmp/ycsb-rocksdb/scripts/ioszdist.sh: line 84: bc: command not found
/tmp/ycsb-rocksdb/scripts/ioszdist.sh: line 84: bc: command not found
/tmp/ycsb-rocksdb/scripts/ioszdist.sh: line 84: bc: command not found
/tmp/ycsb-rocksdb/scripts/ioszdist.sh: line 84: bc: command not found
/tmp/ycsb-rocksdb/scripts/ioszdist.sh: line 84: bc: command not found
/tmp/ycsb-rocksdb/scripts/ioszdist.sh: line 84: bc: command not found
/tmp/ycsb-rocksdb/scripts/ioszdist.sh: line 84: bc: command not found
/tmp/ycsb-rocksdb/scripts/ioszdist.sh: line 84: bc: command not found
/tmp/ycsb-rocksdb/scripts/ioszdist.sh: line 84: bc: command not found
/tmp/ycsb-rocksdb/scripts/ioszdist.sh: line 84: bc: command not found
/tmp/ycsb-rocksdb/scripts/ioszdist.sh: line 84: bc: command not found
/tmp/ycsb-rocksdb/scripts/ioszdist.sh: line 84: bc: command not found
/tmp/ycsb-rocksdb/scripts/ioszdist.sh: line 84: bc: command not found
/tmp/ycsb-rocksdb/scripts/ioszdist.sh: line 84: bc: command not found
/tmp/ycsb-rocksdb/scripts/ioszdist.sh: line 84: bc: command not found
/tmp/ycsb-rocksdb/scripts/ioszdist.sh: line 84: bc: command not found
/tmp/ycsb-rocksdb/scripts/ioszdist.sh: line 84: bc: command not found
/tmp/ycsb-rocksdb/scripts/ioszdist.sh: line 84: bc: command not found
/tmp/ycsb-rocksdb/scripts/ioszdist.sh: line 84: bc: command not found
/tmp/ycsb-rocksdb/scripts/ioszdist.sh: line 84: bc: command not found
/tmp/ycsb-rocksdb/scripts/ioszdist.sh: line 84: bc: command not found
/tmp/ycsb-rocksdb/scripts/ioszdist.sh: line 84: bc: command not found
/tmp/ycsb-rocksdb/scripts/ioszdist.sh: line 84: bc: command not found
/tmp/ycsb-rocksdb/scripts/ioszdist.sh: line 84: bc: command not found
/tmp/ycsb-rocksdb/scripts/ioszdist.sh: line 84: bc: command not found
/tmp/ycsb-rocksdb/scripts/ioszdist.sh: line 84: bc: command not found
/tmp/ycsb-rocksdb/scripts/ioszdist.sh: line 84: bc: command not found
/tmp/ycsb-rocksdb/scripts/ioszdist.sh: line 84: bc: command not found
/tmp/ycsb-rocksdb/scripts/ioszdist.sh: line 84: bc: command not found
/tmp/ycsb-rocksdb/scripts/ioszdist.sh: line 84: bc: command not found
/tmp/ycsb-rocksdb/scripts/ioszdist.sh: line 84: bc: command not found
/tmp/ycsb-rocksdb/scripts/ioszdist.sh: line 84: bc: command not found
/tmp/ycsb-rocksdb/scripts/ioszdist.sh: line 84: bc: command not found
/tmp/ycsb-rocksdb/scripts/ioszdist.sh: line 84: bc: command not found
/tmp/ycsb-rocksdb/scripts/ioszdist.sh: line 84: bc: command not found
/tmp/ycsb-rocksdb/scripts/ioszdist.sh: line 84: bc: command not found
/tmp/ycsb-rocksdb/scripts/ioszdist.sh: line 84: bc: command not found
/tmp/ycsb-rocksdb/scripts/ioszdist.sh: line 84: bc: command not found
/tmp/ycsb-rocksdb/scripts/ioszdist.sh: line 84: bc: command not found
/tmp/ycsb-rocksdb/scripts/ioszdist.sh: line 84: bc: command not found
/tmp/ycsb-rocksdb/scripts/ioszdist.sh: line 84: bc: command not found
/tmp/ycsb-rocksdb/scripts/ioszdist.sh: line 84: bc: command not found
/tmp/ycsb-rocksdb/scripts/ioszdist.sh: line 84: bc: command not found
/tmp/ycsb-rocksdb/scripts/ioszdist.sh: line 84: bc: command not found
/tmp/ycsb-rocksdb/scripts/ioszdist.sh: line 84: bc: command not found
/tmp/ycsb-rocksdb/scripts/ioszdist.sh: line 84: bc: command not found
/tmp/ycsb-rocksdb/scripts/ioszdist.sh: line 84: bc: command not found
/tmp/ycsb-rocksdb/scripts/ioszdist.sh: line 84: bc: command not found
/tmp/ycsb-rocksdb/scripts/ioszdist.sh: line 84: bc: command not found
/tmp/ycsb-rocksdb/scripts/ioszdist.sh: line 84: bc: command not found
/tmp/ycsb-rocksdb/scripts/ioszdist.sh: line 84: bc: command not found
/tmp/ycsb-rocksdb/scripts/ioszdist.sh: line 84: bc: command not found
/tmp/ycsb-rocksdb/scripts/ioszdist.sh: line 84: bc: command not found
/tmp/ycsb-rocksdb/scripts/ioszdist.sh: line 84: bc: command not found
/tmp/ycsb-rocksdb/scripts/ioszdist.sh: line 84: bc: command not found
/tmp/ycsb-rocksdb/scripts/ioszdist.sh: line 84: bc: command not found
/tmp/ycsb-rocksdb/scripts/ioszdist.sh: line 84: bc: command not found
/tmp/ycsb-rocksdb/scripts/ioszdist.sh: line 84: bc: command not found
/tmp/ycsb-rocksdb/scripts/ioszdist.sh: line 84: bc: command not found
/tmp/ycsb-rocksdb/scripts/ioszdist.sh: line 84: bc: command not found
/tmp/ycsb-rocksdb/scripts/ioszdist.sh: line 84: bc: command not found
/tmp/ycsb-rocksdb/scripts/ioszdist.sh: line 84: bc: command not found
/tmp/ycsb-rocksdb/scripts/ioszdist.sh: line 84: bc: command not found
/tmp/ycsb-rocksdb/scripts/ioszdist.sh: line 84: bc: command not found
/tmp/ycsb-rocksdb/scripts/ioszdist.sh: line 84: bc: command not found
/tmp/ycsb-rocksdb/scripts/ioszdist.sh: line 84: bc: command not found
/tmp/ycsb-rocksdb/scripts/ioszdist.sh: line 84: bc: command not found
/tmp/ycsb-rocksdb/scripts/ioszdist.sh: line 84: bc: command not found
/tmp/ycsb-rocksdb/scripts/ioszdist.sh: line 84: bc: command not found
/tmp/ycsb-rocksdb/scripts/ioszdist.sh: line 84: bc: command not found
/tmp/ycsb-rocksdb/scripts/ioszdist.sh: line 84: bc: command not found
/tmp/ycsb-rocksdb/scripts/ioszdist.sh: line 84: bc: command not found
/tmp/ycsb-rocksdb/scripts/ioszdist.sh: line 84: bc: command not found
/tmp/ycsb-rocksdb/scripts/ioszdist.sh: line 84: bc: command not found
/tmp/ycsb-rocksdb/scripts/ioszdist.sh: line 84: bc: command not found
/tmp/ycsb-rocksdb/scripts/ioszdist.sh: line 84: bc: command not found
/tmp/ycsb-rocksdb/scripts/ioszdist.sh: line 84: bc: command not found
/tmp/ycsb-rocksdb/scripts/ioszdist.sh: line 84: bc: command not found
/tmp/ycsb-rocksdb/scripts/ioszdist.sh: line 84: bc: command not found
/tmp/ycsb-rocksdb/scripts/ioszdist.sh: line 84: bc: command not found
/tmp/ycsb-rocksdb/scripts/ioszdist.sh: line 84: bc: command not found
/tmp/ycsb-rocksdb/scripts/ioszdist.sh: line 84: bc: command not found
/tmp/ycsb-rocksdb/scripts/ioszdist.sh: line 84: bc: command not found
/tmp/ycsb-rocksdb/scripts/ioszdist.sh: line 84: bc: command not found
/tmp/ycsb-rocksdb/scripts/ioszdist.sh: line 84: bc: command not found
/tmp/ycsb-rocksdb/scripts/ioszdist.sh: line 84: bc: command not found
/tmp/ycsb-rocksdb/scripts/ioszdist.sh: line 84: bc: command not found
/tmp/ycsb-rocksdb/scripts/ioszdist.sh: line 84: bc: command not found
/tmp/ycsb-rocksdb/scripts/ioszdist.sh: line 84: bc: command not found
/tmp/ycsb-rocksdb/scripts/ioszdist.sh: line 84: bc: command not found
/tmp/ycsb-rocksdb/scripts/ioszdist.sh: line 84: bc: command not found
/tmp/ycsb-rocksdb/scripts/ioszdist.sh: line 84: bc: command not found
/tmp/ycsb-rocksdb/scripts/ioszdist.sh: line 84: bc: command not found
/tmp/ycsb-rocksdb/scripts/ioszdist.sh: line 84: bc: command not found
/tmp/ycsb-rocksdb/scripts/ioszdist.sh: line 84: bc: command not found
/tmp/ycsb-rocksdb/scripts/ioszdist.sh: line 84: bc: command not found
/tmp/ycsb-rocksdb/scripts/ioszdist.sh: line 84: bc: command not found
/tmp/ycsb-rocksdb/scripts/ioszdist.sh: line 84: bc: command not found
/tmp/ycsb-rocksdb/scripts/ioszdist.sh: line 84: bc: command not found
/tmp/ycsb-rocksdb/scripts/ioszdist.sh: line 84: bc: command not found
/tmp/ycsb-rocksdb/scripts/ioszdist.sh: line 84: bc: command not found
/tmp/ycsb-rocksdb/scripts/ioszdist.sh: line 84: bc: command not found
/tmp/ycsb-rocksdb/scripts/ioszdist.sh: line 84: bc: command not found
/tmp/ycsb-rocksdb/scripts/ioszdist.sh: line 84: bc: command not found
/tmp/ycsb-rocksdb/scripts/ioszdist.sh: line 84: bc: command not found
/tmp/ycsb-rocksdb/scripts/ioszdist.sh: line 84: bc: command not found
/tmp/ycsb-rocksdb/scripts/ioszdist.sh: line 84: bc: command not found
/tmp/ycsb-rocksdb/scripts/ioszdist.sh: line 84: bc: command not found
/tmp/ycsb-rocksdb/scripts/ioszdist.sh: line 84: bc: command not found
/tmp/ycsb-rocksdb/scripts/ioszdist.sh: line 84: bc: command not found
/tmp/ycsb-rocksdb/scripts/ioszdist.sh: line 84: bc: command not found
/tmp/ycsb-rocksdb/scripts/ioszdist.sh: line 84: bc: command not found
/tmp/ycsb-rocksdb/scripts/ioszdist.sh: line 84: bc: command not found
/tmp/ycsb-rocksdb/scripts/ioszdist.sh: line 84: bc: command not found
/tmp/ycsb-rocksdb/scripts/ioszdist.sh: line 84: bc: command not found
/tmp/ycsb-rocksdb/scripts/ioszdist.sh: line 84: bc: command not found
/tmp/ycsb-rocksdb/scripts/ioszdist.sh: line 84: bc: command not found
/tmp/ycsb-rocksdb/scripts/ioszdist.sh: line 84: bc: command not found
/tmp/ycsb-rocksdb/scripts/ioszdist.sh: line 84: bc: command not found
/tmp/ycsb-rocksdb/scripts/ioszdist.sh: line 84: bc: command not found
/tmp/ycsb-rocksdb/scripts/ioszdist.sh: line 84: bc: command not found
/tmp/ycsb-rocksdb/scripts/ioszdist.sh: line 84: bc: command not found
/tmp/ycsb-rocksdb/scripts/ioszdist.sh: line 84: bc: command not found
/tmp/ycsb-rocksdb/scripts/ioszdist.sh: line 84: bc: command not found
/tmp/ycsb-rocksdb/scripts/ioszdist.sh: line 84: bc: command not found
/tmp/ycsb-rocksdb/scripts/ioszdist.sh: line 84: bc: command not found
/tmp/ycsb-rocksdb/scripts/ioszdist.sh: line 84: bc: command not found
/tmp/ycsb-rocksdb/scripts/ioszdist.sh: line 84: bc: command not found
/tmp/ycsb-rocksdb/scripts/ioszdist.sh: line 84: bc: command not found
/tmp/ycsb-rocksdb/scripts/ioszdist.sh: line 84: bc: command not found
/tmp/ycsb-rocksdb/scripts/ioszdist.sh: line 84: bc: command not found
/tmp/ycsb-rocksdb/scripts/ioszdist.sh: line 84: bc: command not found
/tmp/ycsb-rocksdb/scripts/ioszdist.sh: line 84: bc: command not found
/tmp/ycsb-rocksdb/scripts/ioszdist.sh: line 84: bc: command not found
/tmp/ycsb-rocksdb/scripts/ioszdist.sh: line 84: bc: command not found
/tmp/ycsb-rocksdb/scripts/ioszdist.sh: line 84: bc: command not found
/tmp/ycsb-rocksdb/scripts/ioszdist.sh: line 84: bc: command not found
/tmp/ycsb-rocksdb/scripts/ioszdist.sh: line 84: bc: command not found
/tmp/ycsb-rocksdb/scripts/ioszdist.sh: line 84: bc: command not found
/tmp/ycsb-rocksdb/scripts/ioszdist.sh: line 84: bc: command not found
/tmp/ycsb-rocksdb/scripts/ioszdist.sh: line 84: bc: command not found
/tmp/ycsb-rocksdb/scripts/ioszdist.sh: line 84: bc: command not found
/tmp/ycsb-rocksdb/scripts/ioszdist.sh: line 84: bc: command not found
/tmp/ycsb-rocksdb/scripts/ioszdist.sh: line 84: bc: command not found
/tmp/ycsb-rocksdb/scripts/ioszdist.sh: line 84: bc: command not found
/tmp/ycsb-rocksdb/scripts/ioszdist.sh: line 84: bc: command not found
/tmp/ycsb-rocksdb/scripts/ioszdist.sh: line 84: bc: command not found
/tmp/ycsb-rocksdb/scripts/ioszdist.sh: line 84: bc: command not found
/tmp/ycsb-rocksdb/scripts/ioszdist.sh: line 84: bc: command not found
/tmp/ycsb-rocksdb/scripts/ioszdist.sh: line 84: bc: command not found
/tmp/ycsb-rocksdb/scripts/ioszdist.sh: line 84: bc: command not found
/tmp/ycsb-rocksdb/scripts/ioszdist.sh: line 84: bc: command not found
/tmp/ycsb-rocksdb/scripts/ioszdist.sh: line 84: bc: command not found
/tmp/ycsb-rocksdb/scripts/ioszdist.sh: line 84: bc: command not found
/tmp/ycsb-rocksdb/scripts/ioszdist.sh: line 84: bc: command not found
/tmp/ycsb-rocksdb/scripts/ioszdist.sh: line 84: bc: command not found
/tmp/ycsb-rocksdb/scripts/ioszdist.sh: line 84: bc: command not found
/tmp/ycsb-rocksdb/scripts/ioszdist.sh: line 84: bc: command not found
/tmp/ycsb-rocksdb/scripts/ioszdist.sh: line 84: bc: command not found
/tmp/ycsb-rocksdb/scripts/ioszdist.sh: line 84: bc: command not found
/tmp/ycsb-rocksdb/scripts/ioszdist.sh: line 84: bc: command not found
/tmp/ycsb-rocksdb/scripts/ioszdist.sh: line 84: bc: command not found
/tmp/ycsb-rocksdb/scripts/ioszdist.sh: line 84: bc: command not found
/tmp/ycsb-rocksdb/scripts/ioszdist.sh: line 84: bc: command not found
/tmp/ycsb-rocksdb/scripts/ioszdist.sh: line 84: bc: command not found
/tmp/ycsb-rocksdb/scripts/ioszdist.sh: line 84: bc: command not found
/tmp/ycsb-rocksdb/scripts/ioszdist.sh: line 84: bc: command not found
/tmp/ycsb-rocksdb/scripts/ioszdist.sh: line 84: bc: command not found
/tmp/ycsb-rocksdb/scripts/ioszdist.sh: line 84: bc: command not found
/tmp/ycsb-rocksdb/scripts/ioszdist.sh: line 84: bc: command not found
/tmp/ycsb-rocksdb/scripts/ioszdist.sh: line 84: bc: command not found
/tmp/ycsb-rocksdb/scripts/ioszdist.sh: line 84: bc: command not found
/tmp/ycsb-rocksdb/scripts/ioszdist.sh: line 84: bc: command not found
/tmp/ycsb-rocksdb/scripts/ioszdist.sh: line 84: bc: command not found
/tmp/ycsb-rocksdb/scripts/ioszdist.sh: line 84: bc: command not found
/tmp/ycsb-rocksdb/scripts/ioszdist.sh: line 84: bc: command not found
/tmp/ycsb-rocksdb/scripts/ioszdist.sh: line 84: bc: command not found
/tmp/ycsb-rocksdb/scripts/ioszdist.sh: line 84: bc: command not found
/tmp/ycsb-rocksdb/scripts/ioszdist.sh: line 84: bc: command not found
/tmp/ycsb-rocksdb/scripts/ioszdist.sh: line 84: bc: command not found
/tmp/ycsb-rocksdb/scripts/ioszdist.sh: line 84: bc: command not found
/tmp/ycsb-rocksdb/scripts/ioszdist.sh: line 84: bc: command not found
/tmp/ycsb-rocksdb/scripts/ioszdist.sh: line 84: bc: command not found
24            R    1197542               0.000%            0.000%
256           W    610533                0.000%            0.000%
16            R    463175                0.000%            0.000%
8             R    212040                0.000%            0.000%
40            R    55675                 0.000%            0.000%
32            R    41834                 0.000%            0.000%
56            R    37648                 0.000%            0.000%
8             W    27541                 0.000%            0.000%
72            R    25886                 0.000%            0.000%
248           W    19880                 0.000%            0.000%
88            R    18743                 0.000%            0.000%
104           R    13897                 0.000%            0.000%
64            R    13542                 0.000%            0.000%
48            R    13508                 0.000%            0.000%
256           R    12316                 0.000%            0.000%
120           R    10182                 0.000%            0.000%
80            R    7856                  0.000%            0.000%
136           R    6917                  0.000%            0.000%
96            R    6336                  0.000%            0.000%
152           R    5085                  0.000%            0.000%
112           R    5031                  0.000%            0.000%
128           R    4834                  0.000%            0.000%
168           R    3840                  0.000%            0.000%
144           R    2901                  0.000%            0.000%
184           R    2832                  0.000%            0.000%
160           R    2490                  0.000%            0.000%
200           R    2112                  0.000%            0.000%
216           R    2079                  0.000%            0.000%
176           R    2067                  0.000%            0.000%
192           R    1719                  0.000%            0.000%
208           R    1447                  0.000%            0.000%
224           R    1155                  0.000%            0.000%
232           R    1145                  0.000%            0.000%
240           R    1139                  0.000%            0.000%
248           R    860                   0.000%            0.000%
152           W    409                   0.000%            0.000%
32            W    320                   0.000%            0.000%
144           W    154                   0.000%            0.000%
120           W    143                   0.000%            0.000%
160           W    109                   0.000%            0.000%
128           W    94                    0.000%            0.000%
224           W    90                    0.000%            0.000%
64            W    86                    0.000%            0.000%
31            W    83                    0.000%            0.000%
35            W    80                    0.000%            0.000%
3             W    77                    0.000%            0.000%
176           W    65                    0.000%            0.000%
33            W    64                    0.000%            0.000%
34            W    63                    0.000%            0.000%
30            W    59                    0.000%            0.000%
14            W    59                    0.000%            0.000%
112           W    59                    0.000%            0.000%
96            W    57                    0.000%            0.000%
36            W    51                    0.000%            0.000%
200           W    49                    0.000%            0.000%
29            W    48                    0.000%            0.000%
136           W    46                    0.000%            0.000%
40            W    45                    0.000%            0.000%
232           W    45                    0.000%            0.000%
216           W    38                    0.000%            0.000%
19            W    37                    0.000%            0.000%
38            W    35                    0.000%            0.000%
16            W    35                    0.000%            0.000%
39            W    32                    0.000%            0.000%
41            W    31                    0.000%            0.000%
48            W    29                    0.000%            0.000%
27            W    29                    0.000%            0.000%
24            W    29                    0.000%            0.000%
20            W    29                    0.000%            0.000%
37            W    27                    0.000%            0.000%
28            W    27                    0.000%            0.000%
15            W    23                    0.000%            0.000%
4             W    22                    0.000%            0.000%
43            W    22                    0.000%            0.000%
18            W    22                    0.000%            0.000%
7             W    21                    0.000%            0.000%
50            W    20                    0.000%            0.000%
208           W    19                    0.000%            0.000%
1             W    19                    0.000%            0.000%
88            W    18                    0.000%            0.000%
80            W    17                    0.000%            0.000%
49            W    17                    0.000%            0.000%
168           W    17                    0.000%            0.000%
42            W    16                    0.000%            0.000%
6             W    15                    0.000%            0.000%
56            W    15                    0.000%            0.000%
46            W    15                    0.000%            0.000%
240           W    15                    0.000%            0.000%
13            W    15                    0.000%            0.000%
104           W    15                    0.000%            0.000%
51            W    14                    0.000%            0.000%
45            W    14                    0.000%            0.000%
192           W    14                    0.000%            0.000%
17            W    14                    0.000%            0.000%
44            W    13                    0.000%            0.000%
26            W    13                    0.000%            0.000%
47            W    12                    0.000%            0.000%
25            W    12                    0.000%            0.000%
9             W    11                    0.000%            0.000%
72            W    10                    0.000%            0.000%
5             W    9                     0.000%            0.000%
21            W    9                     0.000%            0.000%
10            W    8                     0.000%            0.000%
52            W    7                     0.000%            0.000%
23            W    7                     0.000%            0.000%
60            W    6                     0.000%            0.000%
55            W    6                     0.000%            0.000%
22            W    6                     0.000%            0.000%
184           W    6                     0.000%            0.000%
53            W    5                     0.000%            0.000%
2             W    5                     0.000%            0.000%
1             R    5                     0.000%            0.000%
12            W    5                     0.000%            0.000%
11            W    5                     0.000%            0.000%
62            W    4                     0.000%            0.000%
59            W    4                     0.000%            0.000%
57            W    4                     0.000%            0.000%
54            W    4                     0.000%            0.000%
61            W    3                     0.000%            0.000%
63            W    2                     0.000%            0.000%
58            W    1                     0.000%            0.000%


SUMMARY (512-byte sectors)
----------------------------------------------------------------------
/tmp/ycsb-rocksdb/scripts/ioszdist.sh: line 102: bc: command not found
Total read I/Os : 2177838        [  0.000%]
/tmp/ycsb-rocksdb/scripts/ioszdist.sh: line 106: bc: command not found
Total write I/Os: 661263         [  0.000%]
/tmp/ycsb-rocksdb/scripts/ioszdist.sh: line 112: bc: command not found
/tmp/ycsb-rocksdb/scripts/ioszdist.sh: line 112: bc: command not found
Total read sectors : 63362605    [  0.000%,       0.000MB]
/tmp/ycsb-rocksdb/scripts/ioszdist.sh: line 117: bc: command not found
/tmp/ycsb-rocksdb/scripts/ioszdist.sh: line 117: bc: command not found
Total write sectors: 161732406   [  0.000%,       0.000MB]
