Extracting RWBS and sectors to /tmp/ycsb-rocksdb/data/sdb/output_myworkloada/sectors.dat
Parsing results...

SECTOR_SIZE   RW   COUNT         RATIO (in R/W)   RATIO (Overall)
----------------------------------------------------------------------
24            R    1958283              61.531%           57.891%
16            R    467578               14.692%           13.823%
8             R    252055                7.920%            7.451%
1024          W    145735               72.813%            4.308%
32            R    52572                 1.652%            1.554%
40            R    46540                 1.462%            1.376%
256           R    41447                 1.302%            1.225%
56            R    34841                 1.095%            1.030%
8             W    28996                14.487%            0.857%
72            R    28081                 0.882%            0.830%
88            R    23808                 0.748%            0.704%
1016          W    21226                10.605%            0.627%
104           R    20965                 0.659%            0.620%
120           R    18622                 0.585%            0.551%
64            R    17482                 0.549%            0.517%
48            R    16474                 0.518%            0.487%
136           R    15532                 0.488%            0.459%
152           R    13298                 0.418%            0.393%
80            R    12840                 0.403%            0.380%
96            R    11641                 0.366%            0.344%
168           R    11440                 0.359%            0.338%
128           R    11428                 0.359%            0.338%
112           R    10671                 0.335%            0.315%
184           R    9839                  0.309%            0.291%
144           R    8651                  0.272%            0.256%
200           R    8448                  0.265%            0.250%
216           R    7748                  0.243%            0.229%
160           R    7658                  0.241%            0.226%
192           R    7214                  0.227%            0.213%
176           R    7075                  0.222%            0.209%
232           R    6267                  0.197%            0.185%
208           R    6037                  0.190%            0.178%
240           R    5808                  0.182%            0.172%
512           R    5304                  0.167%            0.157%
224           R    5300                  0.167%            0.157%
248           R    5246                  0.165%            0.155%
264           R    2051                  0.064%            0.061%
280           R    1782                  0.056%            0.053%
296           R    1505                  0.047%            0.044%
312           R    1413                  0.044%            0.042%
272           R    1295                  0.041%            0.038%
288           R    1240                  0.039%            0.037%
328           R    1229                  0.039%            0.036%
344           R    1140                  0.036%            0.034%
304           R    1080                  0.034%            0.032%
320           R    1037                  0.033%            0.031%
360           R    994                   0.031%            0.029%
336           R    961                   0.030%            0.028%
352           R    892                   0.028%            0.026%
376           R    868                   0.027%            0.026%
384           R    831                   0.026%            0.025%
392           R    778                   0.024%            0.023%
368           R    764                   0.024%            0.023%
408           R    741                   0.023%            0.022%
424           R    619                   0.019%            0.018%
400           R    601                   0.019%            0.018%
416           R    561                   0.018%            0.017%
432           R    536                   0.017%            0.016%
440           R    524                   0.016%            0.015%
448           R    507                   0.016%            0.015%
456           R    481                   0.015%            0.014%
464           R    450                   0.014%            0.013%
472           R    418                   0.013%            0.012%
480           R    375                   0.012%            0.011%
488           R    272                   0.009%            0.008%
408           W    259                   0.129%            0.008%
64            W    253                   0.126%            0.007%
32            W    250                   0.125%            0.007%
496           R    231                   0.007%            0.007%
416           W    221                   0.110%            0.007%
504           R    203                   0.006%            0.006%
16            W    164                   0.082%            0.005%
3             W    149                   0.074%            0.004%
24            W    103                   0.051%            0.003%
424           W    94                    0.047%            0.003%
400           W    86                    0.043%            0.003%
1             W    77                    0.038%            0.002%
25            W    73                    0.036%            0.002%
27            W    69                    0.034%            0.002%
96            W    68                    0.034%            0.002%
26            W    66                    0.033%            0.002%
23            W    64                    0.032%            0.002%
744           W    60                    0.030%            0.002%
22            W    59                    0.029%            0.002%
28            W    58                    0.029%            0.002%
112           W    58                    0.029%            0.002%
952           W    55                    0.027%            0.002%
920           W    55                    0.027%            0.002%
14            W    55                    0.027%            0.002%
896           W    54                    0.027%            0.002%
19            W    53                    0.026%            0.002%
120           W    53                    0.026%            0.002%
904           W    52                    0.026%            0.002%
888           W    50                    0.025%            0.001%
30            W    50                    0.025%            0.001%
128           W    50                    0.025%            0.001%
21            W    48                    0.024%            0.001%
20            W    47                    0.023%            0.001%
31            W    46                    0.023%            0.001%
29            W    46                    0.023%            0.001%
392           W    39                    0.019%            0.001%
12            W    38                    0.019%            0.001%
34            W    36                    0.018%            0.001%
13            W    35                    0.017%            0.001%
11            W    34                    0.017%            0.001%
4             W    33                    0.016%            0.001%
7             W    32                    0.016%            0.001%
6             W    31                    0.015%            0.001%
2             W    31                    0.015%            0.001%
17            W    31                    0.015%            0.001%
33            W    30                    0.015%            0.001%
18            W    28                    0.014%            0.001%
712           W    27                    0.013%            0.001%
15            W    27                    0.013%            0.001%
48            W    26                    0.013%            0.001%
9             W    25                    0.012%            0.001%
720           W    24                    0.012%            0.001%
728           W    21                    0.010%            0.001%
40            W    21                    0.010%            0.001%
35            W    21                    0.010%            0.001%
752           W    20                    0.010%            0.001%
736           W    20                    0.010%            0.001%
5             W    17                    0.008%            0.001%
136           W    17                    0.008%            0.001%
10            W    16                    0.008%            0.000%
36            W    15                    0.007%            0.000%
80            W    14                    0.007%            0.000%
88            W    13                    0.006%            0.000%
56            W    13                    0.006%            0.000%
784           W    11                    0.005%            0.000%
224           W    11                    0.005%            0.000%
768           W    10                    0.005%            0.000%
72            W    10                    0.005%            0.000%
37            W    10                    0.005%            0.000%
976           W    9                     0.004%            0.000%
688           W    9                     0.004%            0.000%
41            W    9                     0.004%            0.000%
1             R    9                     0.000%            0.000%
168           W    9                     0.004%            0.000%
160           W    9                     0.004%            0.000%
152           W    9                     0.004%            0.000%
968           W    8                     0.004%            0.000%
928           W    8                     0.004%            0.000%
760           W    8                     0.004%            0.000%
448           W    8                     0.004%            0.000%
43            W    8                     0.004%            0.000%
1008          W    8                     0.004%            0.000%
832           W    7                     0.003%            0.000%
824           W    7                     0.003%            0.000%
704           W    7                     0.003%            0.000%
352           W    7                     0.003%            0.000%
296           W    7                     0.003%            0.000%
256           W    7                     0.003%            0.000%
176           W    7                     0.003%            0.000%
960           W    6                     0.003%            0.000%
864           W    6                     0.003%            0.000%
848           W    6                     0.003%            0.000%
520           W    6                     0.003%            0.000%
51            W    6                     0.003%            0.000%
464           W    6                     0.003%            0.000%
42            W    6                     0.003%            0.000%
39            W    6                     0.003%            0.000%
38            W    6                     0.003%            0.000%
328           W    6                     0.003%            0.000%
984           W    5                     0.002%            0.000%
872           W    5                     0.002%            0.000%
680           W    5                     0.002%            0.000%
672           W    5                     0.002%            0.000%
656           W    5                     0.002%            0.000%
536           W    5                     0.002%            0.000%
50            W    5                     0.002%            0.000%
49            W    5                     0.002%            0.000%
472           W    5                     0.002%            0.000%
44            W    5                     0.002%            0.000%
376           W    5                     0.002%            0.000%
344           W    5                     0.002%            0.000%
304           W    5                     0.002%            0.000%
288           W    5                     0.002%            0.000%
272           W    5                     0.002%            0.000%
144           W    5                     0.002%            0.000%
1000          W    5                     0.002%            0.000%
856           W    4                     0.002%            0.000%
800           W    4                     0.002%            0.000%
776           W    4                     0.002%            0.000%
640           W    4                     0.002%            0.000%
632           W    4                     0.002%            0.000%
616           W    4                     0.002%            0.000%
600           W    4                     0.002%            0.000%
560           W    4                     0.002%            0.000%
480           W    4                     0.002%            0.000%
368           W    4                     0.002%            0.000%
280           W    4                     0.002%            0.000%
248           W    4                     0.002%            0.000%
240           W    4                     0.002%            0.000%
232           W    4                     0.002%            0.000%
208           W    4                     0.002%            0.000%
200           W    4                     0.002%            0.000%
936           W    3                     0.001%            0.000%
912           W    3                     0.001%            0.000%
880           W    3                     0.001%            0.000%
840           W    3                     0.001%            0.000%
816           W    3                     0.001%            0.000%
808           W    3                     0.001%            0.000%
664           W    3                     0.001%            0.000%
648           W    3                     0.001%            0.000%
61            W    3                     0.001%            0.000%
592           W    3                     0.001%            0.000%
584           W    3                     0.001%            0.000%
568           W    3                     0.001%            0.000%
52            W    3                     0.001%            0.000%
528           W    3                     0.001%            0.000%
512           W    3                     0.001%            0.000%
47            W    3                     0.001%            0.000%
456           W    3                     0.001%            0.000%
440           W    3                     0.001%            0.000%
432           W    3                     0.001%            0.000%
384           W    3                     0.001%            0.000%
320           W    3                     0.001%            0.000%
192           W    3                     0.001%            0.000%
184           W    3                     0.001%            0.000%
992           W    2                     0.001%            0.000%
624           W    2                     0.001%            0.000%
608           W    2                     0.001%            0.000%
576           W    2                     0.001%            0.000%
55            W    2                     0.001%            0.000%
544           W    2                     0.001%            0.000%
504           W    2                     0.001%            0.000%
488           W    2                     0.001%            0.000%
45            W    2                     0.001%            0.000%
360           W    2                     0.001%            0.000%
336           W    2                     0.001%            0.000%
264           W    2                     0.001%            0.000%
216           W    2                     0.001%            0.000%
63            W    1                     0.000%            0.000%
57            W    1                     0.000%            0.000%
552           W    1                     0.000%            0.000%
53            W    1                     0.000%            0.000%
496           W    1                     0.000%            0.000%
312           W    1                     0.000%            0.000%


SUMMARY (512-byte sectors)
----------------------------------------------------------------------
Total read I/Os : 3182581        [ 94.083%]
Total write I/Os: 200150         [  5.917%]
Total read sectors : 122684705   [ 41.631%,   59904.641MB]
Total write sectors: 172014126   [ 58.369%,   83991.272MB]
