Extracting RWBS and sectors to /tmp/ycsb-rocksdb/data/output_myworkloada/sectors.dat
Parsing results...

SECTOR_SIZE   RW   COUNT         RATIO (in R/W)   RATIO (Overall)
----------------------------------------------------------------------
24            R    242777               41.911%           32.095%
1024          W    128835               72.718%           17.032%
16            R    84475                14.583%           11.168%
8             R    71323                12.313%            9.429%
256           R    41864                 7.227%            5.534%
8             W    25145                14.193%            3.324%
40            R    24906                 4.300%            3.293%
1016          W    20148                11.372%            2.664%
56            R    14289                 2.467%            1.889%
32            R    14284                 2.466%            1.888%
72            R    9984                  1.724%            1.320%
88            R    7947                  1.372%            1.051%
48            R    6821                  1.178%            0.902%
64            R    6349                  1.096%            0.839%
104           R    6285                  1.085%            0.831%
120           R    4756                  0.821%            0.629%
80            R    4185                  0.722%            0.553%
96            R    3711                  0.641%            0.491%
136           R    3647                  0.630%            0.482%
128           R    3114                  0.538%            0.412%
112           R    3019                  0.521%            0.399%
152           R    2918                  0.504%            0.386%
168           R    2370                  0.409%            0.313%
144           R    2246                  0.388%            0.297%
184           R    1974                  0.341%            0.261%
160           R    1806                  0.312%            0.239%
200           R    1675                  0.289%            0.221%
176           R    1667                  0.288%            0.220%
192           R    1538                  0.266%            0.203%
216           R    1432                  0.247%            0.189%
240           R    1323                  0.228%            0.175%
208           R    1247                  0.215%            0.165%
224           R    1158                  0.200%            0.153%
232           R    1096                  0.189%            0.145%
248           R    910                   0.157%            0.120%
512           R    648                   0.112%            0.086%
416           W    190                   0.107%            0.025%
408           W    158                   0.089%            0.021%
32            W    139                   0.078%            0.018%
264           R    138                   0.024%            0.018%
280           R    130                   0.022%            0.017%
768           W    117                   0.066%            0.015%
3             W    109                   0.062%            0.014%
784           W    104                   0.059%            0.014%
296           R    103                   0.018%            0.014%
64            W    95                    0.054%            0.013%
16            W    94                    0.053%            0.012%
312           R    84                    0.015%            0.011%
288           R    84                    0.015%            0.011%
272           R    80                    0.014%            0.011%
328           R    79                    0.014%            0.010%
23            W    78                    0.044%            0.010%
896           W    73                    0.041%            0.010%
120           W    72                    0.041%            0.010%
344           R    58                    0.010%            0.008%
304           R    57                    0.010%            0.008%
112           W    56                    0.032%            0.007%
336           R    52                    0.009%            0.007%
320           R    51                    0.009%            0.007%
392           R    49                    0.008%            0.006%
21            W    49                    0.028%            0.006%
376           R    48                    0.008%            0.006%
368           R    47                    0.008%            0.006%
424           W    46                    0.026%            0.006%
1             W    46                    0.026%            0.006%
360           R    44                    0.008%            0.006%
424           R    41                    0.007%            0.005%
22            W    41                    0.023%            0.005%
96            W    40                    0.023%            0.005%
56            W    39                    0.022%            0.005%
408           R    39                    0.007%            0.005%
29            W    38                    0.021%            0.005%
1008          W    38                    0.021%            0.005%
4             W    37                    0.021%            0.005%
18            W    37                    0.021%            0.005%
440           R    36                    0.006%            0.005%
12            W    36                    0.020%            0.005%
920           W    35                    0.020%            0.005%
904           W    35                    0.020%            0.005%
384           R    35                    0.006%            0.005%
17            W    35                    0.020%            0.005%
144           W    35                    0.020%            0.005%
872           W    34                    0.019%            0.004%
352           R    34                    0.006%            0.004%
960           W    33                    0.019%            0.004%
2             W    33                    0.019%            0.004%
25            W    32                    0.018%            0.004%
24            W    32                    0.018%            0.004%
456           R    31                    0.005%            0.004%
27            W    31                    0.017%            0.004%
6             W    29                    0.016%            0.004%
984           W    28                    0.016%            0.004%
5             W    28                    0.016%            0.004%
472           R    27                    0.005%            0.004%
30            W    27                    0.015%            0.004%
752           W    26                    0.015%            0.003%
26            W    26                    0.015%            0.003%
20            W    26                    0.015%            0.003%
736           W    25                    0.014%            0.003%
464           R    25                    0.004%            0.003%
31            W    25                    0.014%            0.003%
432           W    24                    0.014%            0.003%
432           R    24                    0.004%            0.003%
416           R    24                    0.004%            0.003%
400           R    24                    0.004%            0.003%
28            W    24                    0.014%            0.003%
19            W    24                    0.014%            0.003%
48            W    23                    0.013%            0.003%
928           W    22                    0.012%            0.003%
13            W    22                    0.012%            0.003%
448           R    21                    0.004%            0.003%
15            W    21                    0.012%            0.003%
88            W    20                    0.011%            0.003%
968           W    19                    0.011%            0.003%
33            W    18                    0.010%            0.002%
488           R    17                    0.003%            0.002%
744           W    15                    0.008%            0.002%
9             W    14                    0.008%            0.002%
40            W    14                    0.008%            0.002%
400           W    14                    0.008%            0.002%
34            W    14                    0.008%            0.002%
14            W    14                    0.008%            0.002%
128           W    13                    0.007%            0.002%
496           R    12                    0.002%            0.002%
480           R    12                    0.002%            0.002%
7             W    11                    0.006%            0.001%
760           W    11                    0.006%            0.001%
35            W    11                    0.006%            0.001%
11            W    11                    0.006%            0.001%
10            W    11                    0.006%            0.001%
1000          W    11                    0.006%            0.001%
440           W    10                    0.006%            0.001%
280           W    9                     0.005%            0.001%
104           W    9                     0.005%            0.001%
80            W    8                     0.005%            0.001%
504           R    8                     0.001%            0.001%
36            W    8                     0.005%            0.001%
992           W    7                     0.004%            0.001%
816           W    7                     0.004%            0.001%
696           W    7                     0.004%            0.001%
38            W    7                     0.004%            0.001%
232           W    7                     0.004%            0.001%
72            W    6                     0.003%            0.001%
568           W    6                     0.003%            0.001%
37            W    6                     0.003%            0.001%
360           W    6                     0.003%            0.001%
248           W    6                     0.003%            0.001%
1             R    6                     0.001%            0.001%
136           W    6                     0.003%            0.001%
952           W    5                     0.003%            0.001%
856           W    5                     0.003%            0.001%
728           W    5                     0.003%            0.001%
664           W    5                     0.003%            0.001%
448           W    5                     0.003%            0.001%
39            W    5                     0.003%            0.001%
344           W    5                     0.003%            0.001%
240           W    5                     0.003%            0.001%
200           W    5                     0.003%            0.001%
976           W    4                     0.002%            0.001%
944           W    4                     0.002%            0.001%
936           W    4                     0.002%            0.001%
888           W    4                     0.002%            0.001%
640           W    4                     0.002%            0.001%
592           W    4                     0.002%            0.001%
544           W    4                     0.002%            0.001%
536           W    4                     0.002%            0.001%
496           W    4                     0.002%            0.001%
488           W    4                     0.002%            0.001%
456           W    4                     0.002%            0.001%
44            W    4                     0.002%            0.001%
376           W    4                     0.002%            0.001%
256           W    4                     0.002%            0.001%
160           W    4                     0.002%            0.001%
848           W    3                     0.002%            0.000%
824           W    3                     0.002%            0.000%
792           W    3                     0.002%            0.000%
776           W    3                     0.002%            0.000%
720           W    3                     0.002%            0.000%
672           W    3                     0.002%            0.000%
656           W    3                     0.002%            0.000%
608           W    3                     0.002%            0.000%
576           W    3                     0.002%            0.000%
560           W    3                     0.002%            0.000%
552           W    3                     0.002%            0.000%
528           W    3                     0.002%            0.000%
512           W    3                     0.002%            0.000%
464           W    3                     0.002%            0.000%
42            W    3                     0.002%            0.000%
41            W    3                     0.002%            0.000%
328           W    3                     0.002%            0.000%
224           W    3                     0.002%            0.000%
216           W    3                     0.002%            0.000%
208           W    3                     0.002%            0.000%
192           W    3                     0.002%            0.000%
184           W    3                     0.002%            0.000%
912           W    2                     0.001%            0.000%
800           W    2                     0.001%            0.000%
712           W    2                     0.001%            0.000%
704           W    2                     0.001%            0.000%
688           W    2                     0.001%            0.000%
680           W    2                     0.001%            0.000%
648           W    2                     0.001%            0.000%
624           W    2                     0.001%            0.000%
616           W    2                     0.001%            0.000%
53            W    2                     0.001%            0.000%
50            W    2                     0.001%            0.000%
504           W    2                     0.001%            0.000%
472           W    2                     0.001%            0.000%
43            W    2                     0.001%            0.000%
392           W    2                     0.001%            0.000%
384           W    2                     0.001%            0.000%
352           W    2                     0.001%            0.000%
320           W    2                     0.001%            0.000%
304           W    2                     0.001%            0.000%
296           W    2                     0.001%            0.000%
272           W    2                     0.001%            0.000%
176           W    2                     0.001%            0.000%
168           W    2                     0.001%            0.000%
152           W    2                     0.001%            0.000%
880           W    1                     0.001%            0.000%
864           W    1                     0.001%            0.000%
840           W    1                     0.001%            0.000%
832           W    1                     0.001%            0.000%
808           W    1                     0.001%            0.000%
632           W    1                     0.001%            0.000%
60            W    1                     0.001%            0.000%
600           W    1                     0.001%            0.000%
584           W    1                     0.001%            0.000%
55            W    1                     0.001%            0.000%
54            W    1                     0.001%            0.000%
52            W    1                     0.001%            0.000%
520           W    1                     0.001%            0.000%
51            W    1                     0.001%            0.000%
49            W    1                     0.001%            0.000%
46            W    1                     0.001%            0.000%
45            W    1                     0.001%            0.000%
336           W    1                     0.001%            0.000%
312           W    1                     0.001%            0.000%
288           W    1                     0.001%            0.000%
264           W    1                     0.001%            0.000%


SUMMARY (512-byte sectors)
----------------------------------------------------------------------
Total read I/Os : 579264         [ 76.578%]
Total write I/Os: 177171         [ 23.422%]
Total read sectors : 31237182    [ 16.907%,   15252.530MB]
Total write sectors: 153524961   [ 83.093%,   74963.360MB]
