Extracting RWBS and sectors to /tmp/ycsb-rocksdb/data/nvme0n1/output_myworkloada/sectors.dat
Parsing results...

SECTOR_SIZE   RW   COUNT         RATIO (in R/W)   RATIO (Overall)
----------------------------------------------------------------------
/tmp/ycsb-rocksdb/scripts/ioszdist.sh: line 84: bc: command not found
/tmp/ycsb-rocksdb/scripts/ioszdist.sh: line 84: bc: command not found
/tmp/ycsb-rocksdb/scripts/ioszdist.sh: line 84: bc: command not found
/tmp/ycsb-rocksdb/scripts/ioszdist.sh: line 84: bc: command not found
/tmp/ycsb-rocksdb/scripts/ioszdist.sh: line 84: bc: command not found
/tmp/ycsb-rocksdb/scripts/ioszdist.sh: line 84: bc: command not found
/tmp/ycsb-rocksdb/scripts/ioszdist.sh: line 84: bc: command not found
/tmp/ycsb-rocksdb/scripts/ioszdist.sh: line 84: bc: command not found
/tmp/ycsb-rocksdb/scripts/ioszdist.sh: line 84: bc: command not found
/tmp/ycsb-rocksdb/scripts/ioszdist.sh: line 84: bc: command not found
/tmp/ycsb-rocksdb/scripts/ioszdist.sh: line 84: bc: command not found
/tmp/ycsb-rocksdb/scripts/ioszdist.sh: line 84: bc: command not found
/tmp/ycsb-rocksdb/scripts/ioszdist.sh: line 84: bc: command not found
/tmp/ycsb-rocksdb/scripts/ioszdist.sh: line 84: bc: command not found
/tmp/ycsb-rocksdb/scripts/ioszdist.sh: line 84: bc: command not found
/tmp/ycsb-rocksdb/scripts/ioszdist.sh: line 84: bc: command not found
/tmp/ycsb-rocksdb/scripts/ioszdist.sh: line 84: bc: command not found
/tmp/ycsb-rocksdb/scripts/ioszdist.sh: line 84: bc: command not found
/tmp/ycsb-rocksdb/scripts/ioszdist.sh: line 84: bc: command not found
/tmp/ycsb-rocksdb/scripts/ioszdist.sh: line 84: bc: command not found
/tmp/ycsb-rocksdb/scripts/ioszdist.sh: line 84: bc: command not found
/tmp/ycsb-rocksdb/scripts/ioszdist.sh: line 84: bc: command not found
/tmp/ycsb-rocksdb/scripts/ioszdist.sh: line 84: bc: command not found
/tmp/ycsb-rocksdb/scripts/ioszdist.sh: line 84: bc: command not found
/tmp/ycsb-rocksdb/scripts/ioszdist.sh: line 84: bc: command not found
/tmp/ycsb-rocksdb/scripts/ioszdist.sh: line 84: bc: command not found
/tmp/ycsb-rocksdb/scripts/ioszdist.sh: line 84: bc: command not found
/tmp/ycsb-rocksdb/scripts/ioszdist.sh: line 84: bc: command not found
/tmp/ycsb-rocksdb/scripts/ioszdist.sh: line 84: bc: command not found
/tmp/ycsb-rocksdb/scripts/ioszdist.sh: line 84: bc: command not found
/tmp/ycsb-rocksdb/scripts/ioszdist.sh: line 84: bc: command not found
/tmp/ycsb-rocksdb/scripts/ioszdist.sh: line 84: bc: command not found
/tmp/ycsb-rocksdb/scripts/ioszdist.sh: line 84: bc: command not found
/tmp/ycsb-rocksdb/scripts/ioszdist.sh: line 84: bc: command not found
/tmp/ycsb-rocksdb/scripts/ioszdist.sh: line 84: bc: command not found
/tmp/ycsb-rocksdb/scripts/ioszdist.sh: line 84: bc: command not found
/tmp/ycsb-rocksdb/scripts/ioszdist.sh: line 84: bc: command not found
/tmp/ycsb-rocksdb/scripts/ioszdist.sh: line 84: bc: command not found
/tmp/ycsb-rocksdb/scripts/ioszdist.sh: line 84: bc: command not found
/tmp/ycsb-rocksdb/scripts/ioszdist.sh: line 84: bc: command not found
/tmp/ycsb-rocksdb/scripts/ioszdist.sh: line 84: bc: command not found
/tmp/ycsb-rocksdb/scripts/ioszdist.sh: line 84: bc: command not found
/tmp/ycsb-rocksdb/scripts/ioszdist.sh: line 84: bc: command not found
/tmp/ycsb-rocksdb/scripts/ioszdist.sh: line 84: bc: command not found
/tmp/ycsb-rocksdb/scripts/ioszdist.sh: line 84: bc: command not found
/tmp/ycsb-rocksdb/scripts/ioszdist.sh: line 84: bc: command not found
/tmp/ycsb-rocksdb/scripts/ioszdist.sh: line 84: bc: command not found
/tmp/ycsb-rocksdb/scripts/ioszdist.sh: line 84: bc: command not found
/tmp/ycsb-rocksdb/scripts/ioszdist.sh: line 84: bc: command not found
/tmp/ycsb-rocksdb/scripts/ioszdist.sh: line 84: bc: command not found
/tmp/ycsb-rocksdb/scripts/ioszdist.sh: line 84: bc: command not found
/tmp/ycsb-rocksdb/scripts/ioszdist.sh: line 84: bc: command not found
/tmp/ycsb-rocksdb/scripts/ioszdist.sh: line 84: bc: command not found
/tmp/ycsb-rocksdb/scripts/ioszdist.sh: line 84: bc: command not found
/tmp/ycsb-rocksdb/scripts/ioszdist.sh: line 84: bc: command not found
/tmp/ycsb-rocksdb/scripts/ioszdist.sh: line 84: bc: command not found
/tmp/ycsb-rocksdb/scripts/ioszdist.sh: line 84: bc: command not found
/tmp/ycsb-rocksdb/scripts/ioszdist.sh: line 84: bc: command not found
/tmp/ycsb-rocksdb/scripts/ioszdist.sh: line 84: bc: command not found
/tmp/ycsb-rocksdb/scripts/ioszdist.sh: line 84: bc: command not found
/tmp/ycsb-rocksdb/scripts/ioszdist.sh: line 84: bc: command not found
/tmp/ycsb-rocksdb/scripts/ioszdist.sh: line 84: bc: command not found
/tmp/ycsb-rocksdb/scripts/ioszdist.sh: line 84: bc: command not found
/tmp/ycsb-rocksdb/scripts/ioszdist.sh: line 84: bc: command not found
/tmp/ycsb-rocksdb/scripts/ioszdist.sh: line 84: bc: command not found
/tmp/ycsb-rocksdb/scripts/ioszdist.sh: line 84: bc: command not found
/tmp/ycsb-rocksdb/scripts/ioszdist.sh: line 84: bc: command not found
/tmp/ycsb-rocksdb/scripts/ioszdist.sh: line 84: bc: command not found
/tmp/ycsb-rocksdb/scripts/ioszdist.sh: line 84: bc: command not found
/tmp/ycsb-rocksdb/scripts/ioszdist.sh: line 84: bc: command not found
/tmp/ycsb-rocksdb/scripts/ioszdist.sh: line 84: bc: command not found
/tmp/ycsb-rocksdb/scripts/ioszdist.sh: line 84: bc: command not found
/tmp/ycsb-rocksdb/scripts/ioszdist.sh: line 84: bc: command not found
/tmp/ycsb-rocksdb/scripts/ioszdist.sh: line 84: bc: command not found
/tmp/ycsb-rocksdb/scripts/ioszdist.sh: line 84: bc: command not found
/tmp/ycsb-rocksdb/scripts/ioszdist.sh: line 84: bc: command not found
/tmp/ycsb-rocksdb/scripts/ioszdist.sh: line 84: bc: command not found
/tmp/ycsb-rocksdb/scripts/ioszdist.sh: line 84: bc: command not found
/tmp/ycsb-rocksdb/scripts/ioszdist.sh: line 84: bc: command not found
/tmp/ycsb-rocksdb/scripts/ioszdist.sh: line 84: bc: command not found
/tmp/ycsb-rocksdb/scripts/ioszdist.sh: line 84: bc: command not found
/tmp/ycsb-rocksdb/scripts/ioszdist.sh: line 84: bc: command not found
/tmp/ycsb-rocksdb/scripts/ioszdist.sh: line 84: bc: command not found
/tmp/ycsb-rocksdb/scripts/ioszdist.sh: line 84: bc: command not found
/tmp/ycsb-rocksdb/scripts/ioszdist.sh: line 84: bc: command not found
/tmp/ycsb-rocksdb/scripts/ioszdist.sh: line 84: bc: command not found
/tmp/ycsb-rocksdb/scripts/ioszdist.sh: line 84: bc: command not found
/tmp/ycsb-rocksdb/scripts/ioszdist.sh: line 84: bc: command not found
/tmp/ycsb-rocksdb/scripts/ioszdist.sh: line 84: bc: command not found
/tmp/ycsb-rocksdb/scripts/ioszdist.sh: line 84: bc: command not found
/tmp/ycsb-rocksdb/scripts/ioszdist.sh: line 84: bc: command not found
/tmp/ycsb-rocksdb/scripts/ioszdist.sh: line 84: bc: command not found
/tmp/ycsb-rocksdb/scripts/ioszdist.sh: line 84: bc: command not found
/tmp/ycsb-rocksdb/scripts/ioszdist.sh: line 84: bc: command not found
/tmp/ycsb-rocksdb/scripts/ioszdist.sh: line 84: bc: command not found
/tmp/ycsb-rocksdb/scripts/ioszdist.sh: line 84: bc: command not found
/tmp/ycsb-rocksdb/scripts/ioszdist.sh: line 84: bc: command not found
/tmp/ycsb-rocksdb/scripts/ioszdist.sh: line 84: bc: command not found
/tmp/ycsb-rocksdb/scripts/ioszdist.sh: line 84: bc: command not found
/tmp/ycsb-rocksdb/scripts/ioszdist.sh: line 84: bc: command not found
/tmp/ycsb-rocksdb/scripts/ioszdist.sh: line 84: bc: command not found
/tmp/ycsb-rocksdb/scripts/ioszdist.sh: line 84: bc: command not found
/tmp/ycsb-rocksdb/scripts/ioszdist.sh: line 84: bc: command not found
/tmp/ycsb-rocksdb/scripts/ioszdist.sh: line 84: bc: command not found
/tmp/ycsb-rocksdb/scripts/ioszdist.sh: line 84: bc: command not found
/tmp/ycsb-rocksdb/scripts/ioszdist.sh: line 84: bc: command not found
/tmp/ycsb-rocksdb/scripts/ioszdist.sh: line 84: bc: command not found
/tmp/ycsb-rocksdb/scripts/ioszdist.sh: line 84: bc: command not found
/tmp/ycsb-rocksdb/scripts/ioszdist.sh: line 84: bc: command not found
/tmp/ycsb-rocksdb/scripts/ioszdist.sh: line 84: bc: command not found
/tmp/ycsb-rocksdb/scripts/ioszdist.sh: line 84: bc: command not found
/tmp/ycsb-rocksdb/scripts/ioszdist.sh: line 84: bc: command not found
/tmp/ycsb-rocksdb/scripts/ioszdist.sh: line 84: bc: command not found
/tmp/ycsb-rocksdb/scripts/ioszdist.sh: line 84: bc: command not found
/tmp/ycsb-rocksdb/scripts/ioszdist.sh: line 84: bc: command not found
/tmp/ycsb-rocksdb/scripts/ioszdist.sh: line 84: bc: command not found
/tmp/ycsb-rocksdb/scripts/ioszdist.sh: line 84: bc: command not found
/tmp/ycsb-rocksdb/scripts/ioszdist.sh: line 84: bc: command not found
/tmp/ycsb-rocksdb/scripts/ioszdist.sh: line 84: bc: command not found
/tmp/ycsb-rocksdb/scripts/ioszdist.sh: line 84: bc: command not found
/tmp/ycsb-rocksdb/scripts/ioszdist.sh: line 84: bc: command not found
/tmp/ycsb-rocksdb/scripts/ioszdist.sh: line 84: bc: command not found
/tmp/ycsb-rocksdb/scripts/ioszdist.sh: line 84: bc: command not found
/tmp/ycsb-rocksdb/scripts/ioszdist.sh: line 84: bc: command not found
/tmp/ycsb-rocksdb/scripts/ioszdist.sh: line 84: bc: command not found
/tmp/ycsb-rocksdb/scripts/ioszdist.sh: line 84: bc: command not found
/tmp/ycsb-rocksdb/scripts/ioszdist.sh: line 84: bc: command not found
/tmp/ycsb-rocksdb/scripts/ioszdist.sh: line 84: bc: command not found
/tmp/ycsb-rocksdb/scripts/ioszdist.sh: line 84: bc: command not found
/tmp/ycsb-rocksdb/scripts/ioszdist.sh: line 84: bc: command not found
/tmp/ycsb-rocksdb/scripts/ioszdist.sh: line 84: bc: command not found
/tmp/ycsb-rocksdb/scripts/ioszdist.sh: line 84: bc: command not found
256           W    957495                0.000%            0.000%
8             W    31995                 0.000%            0.000%
248           W    24317                 0.000%            0.000%
152           W    726                   0.000%            0.000%
3             W    624                   0.000%            0.000%
120           W    452                   0.000%            0.000%
48            W    367                   0.000%            0.000%
192           W    356                   0.000%            0.000%
24            W    312                   0.000%            0.000%
32            W    300                   0.000%            0.000%
216           W    272                   0.000%            0.000%
112           W    235                   0.000%            0.000%
128           W    234                   0.000%            0.000%
88            W    220                   0.000%            0.000%
16            W    155                   0.000%            0.000%
14            W    122                   0.000%            0.000%
17            W    112                   0.000%            0.000%
13            W    112                   0.000%            0.000%
15            W    111                   0.000%            0.000%
56            W    108                   0.000%            0.000%
26            W    102                   0.000%            0.000%
23            W    102                   0.000%            0.000%
25            W    95                    0.000%            0.000%
22            W    91                    0.000%            0.000%
184           W    89                    0.000%            0.000%
19            W    86                    0.000%            0.000%
18            W    82                    0.000%            0.000%
11            W    76                    0.000%            0.000%
1             W    69                    0.000%            0.000%
240           W    68                    0.000%            0.000%
20            W    68                    0.000%            0.000%
12            W    67                    0.000%            0.000%
21            W    65                    0.000%            0.000%
2             W    64                    0.000%            0.000%
27            W    61                    0.000%            0.000%
224           W    59                    0.000%            0.000%
96            W    58                    0.000%            0.000%
9             W    48                    0.000%            0.000%
31            W    48                    0.000%            0.000%
40            W    47                    0.000%            0.000%
7             W    44                    0.000%            0.000%
6             W    40                    0.000%            0.000%
72            W    38                    0.000%            0.000%
10            W    38                    0.000%            0.000%
30            W    37                    0.000%            0.000%
200           W    36                    0.000%            0.000%
29            W    35                    0.000%            0.000%
28            W    35                    0.000%            0.000%
136           W    32                    0.000%            0.000%
232           W    31                    0.000%            0.000%
208           W    28                    0.000%            0.000%
80            W    24                    0.000%            0.000%
160           W    21                    0.000%            0.000%
104           W    20                    0.000%            0.000%
144           W    18                    0.000%            0.000%
64            W    16                    0.000%            0.000%
176           W    16                    0.000%            0.000%
5             W    14                    0.000%            0.000%
168           W    11                    0.000%            0.000%
8             R    4                     0.000%            0.000%
1             R    4                     0.000%            0.000%
35            W    2                     0.000%            0.000%
33            W    2                     0.000%            0.000%
32            R    2                     0.000%            0.000%
36            W    1                     0.000%            0.000%
34            W    1                     0.000%            0.000%


SUMMARY (512-byte sectors)
----------------------------------------------------------------------
/tmp/ycsb-rocksdb/scripts/ioszdist.sh: line 102: bc: command not found
Total read I/Os : 10             [  0.000%]
/tmp/ycsb-rocksdb/scripts/ioszdist.sh: line 106: bc: command not found
Total write I/Os: 1020610        [  0.000%]
/tmp/ycsb-rocksdb/scripts/ioszdist.sh: line 112: bc: command not found
/tmp/ycsb-rocksdb/scripts/ioszdist.sh: line 112: bc: command not found
Total read sectors : 100         [  0.000%,       0.000MB]
/tmp/ycsb-rocksdb/scripts/ioszdist.sh: line 117: bc: command not found
/tmp/ycsb-rocksdb/scripts/ioszdist.sh: line 117: bc: command not found
Total write sectors: 251945688   [  0.000%,       0.000MB]
