[2019-04-22T03:07:52-07:00]
rchar: 14997540
wchar: 203
syscr: 2275
syscw: 10
read_bytes: 4993024
write_bytes: 81920
cancelled_write_bytes: 0

[2019-04-22T03:07:55-07:00]
rchar: 14997540
wchar: 203
syscr: 2275
syscw: 10
read_bytes: 4993024
write_bytes: 81920
cancelled_write_bytes: 0

[2019-04-22T03:07:58-07:00]
rchar: 14997540
wchar: 203
syscr: 2275
syscw: 10
read_bytes: 4993024
write_bytes: 81920
cancelled_write_bytes: 0

[2019-04-22T03:08:01-07:00]
rchar: 21631283
wchar: 8212841
syscr: 3465
syscw: 1205
read_bytes: 5115904
write_bytes: 8327168
cancelled_write_bytes: 0

[2019-04-22T03:08:04-07:00]
rchar: 393489473
wchar: 274166809
syscr: 23916
syscw: 4765
read_bytes: 432269824
write_bytes: 274640896
cancelled_write_bytes: 0

[2019-04-22T03:08:07-07:00]
rchar: 781587908
wchar: 523366980
syscr: 70960
syscw: 25045
read_bytes: 834927104
write_bytes: 524144640
cancelled_write_bytes: 0

[2019-04-22T03:08:10-07:00]
rchar: 1195505594
wchar: 680932523
syscr: 121161
syscw: 65439
read_bytes: 1273494016
write_bytes: 681721856
cancelled_write_bytes: 0

[2019-04-22T03:08:13-07:00]
rchar: 1353642870
wchar: 983701005
syscr: 140237
syscw: 68361
read_bytes: 1306221056
write_bytes: 984997888
cancelled_write_bytes: 8192

[2019-04-22T03:08:16-07:00]
rchar: 2019675745
wchar: 1381933454
syscr: 220880
syscw: 83579
read_bytes: 1689811456
write_bytes: 1383727104
cancelled_write_bytes: 8192

[2019-04-22T03:08:19-07:00]
rchar: 2591479348
wchar: 1748501191
syscr: 290028
syscw: 96181
read_bytes: 1957571072
write_bytes: 1750851584
cancelled_write_bytes: 8192

[2019-04-22T03:08:22-07:00]
rchar: 3004016866
wchar: 2044300115
syscr: 340027
syscw: 103562
read_bytes: 2024077824
write_bytes: 2047086592
cancelled_write_bytes: 24576

[2019-04-22T03:08:25-07:00]
rchar: 3496803665
wchar: 2201437912
syscr: 399785
syscw: 127502
read_bytes: 2252925440
write_bytes: 2204340224
cancelled_write_bytes: 24576

[2019-04-22T03:08:28-07:00]
rchar: 4223160649
wchar: 2378376767
syscr: 487785
syscw: 148859
read_bytes: 2464180736
write_bytes: 2381463552
cancelled_write_bytes: 32768

[2019-04-22T03:08:31-07:00]
rchar: 5425437161
wchar: 2526562556
syscr: 633566
syscw: 185652
read_bytes: 2815498752
write_bytes: 2529652736
cancelled_write_bytes: 32768

[2019-04-22T03:08:34-07:00]
rchar: 5679432586
wchar: 2857325218
syscr: 664290
syscw: 188708
read_bytes: 2840099328
write_bytes: 2860965888
cancelled_write_bytes: 40960

[2019-04-22T03:08:37-07:00]
rchar: 6146729889
wchar: 3257084809
syscr: 720776
syscw: 190509
read_bytes: 2852301312
write_bytes: 3261386752
cancelled_write_bytes: 40960

[2019-04-22T03:08:40-07:00]
rchar: 6651397833
wchar: 3653427490
syscr: 781811
syscw: 194861
read_bytes: 2887260672
write_bytes: 3658387456
cancelled_write_bytes: 86016

[2019-04-22T03:08:43-07:00]
rchar: 7357178953
wchar: 3904088767
syscr: 867372
syscw: 221593
read_bytes: 3152394752
write_bytes: 3909275648
cancelled_write_bytes: 90112

[2019-04-22T03:08:46-07:00]
rchar: 8160224942
wchar: 4262082150
syscr: 964726
syscw: 247215
read_bytes: 3548637696
write_bytes: 4267646976
cancelled_write_bytes: 94208

[2019-04-22T03:08:49-07:00]
rchar: 8263437324
wchar: 4433930770
syscr: 977237
syscw: 250975
read_bytes: 3606534656
write_bytes: 4439769088
cancelled_write_bytes: 94208

[2019-04-22T03:08:52-07:00]
rchar: 8685316203
wchar: 4662417679
syscr: 1028291
syscw: 259530
read_bytes: 3700808192
write_bytes: 4668588032
cancelled_write_bytes: 106496

[2019-04-22T03:08:55-07:00]
rchar: 9262084627
wchar: 4960318400
syscr: 1098208
syscw: 269534
read_bytes: 3817097728
write_bytes: 4966871040
cancelled_write_bytes: 114688

[2019-04-22T03:08:58-07:00]
rchar: 10295371398
wchar: 5297486809
syscr: 1223473
syscw: 293333
read_bytes: 4216007168
write_bytes: 5304782848
cancelled_write_bytes: 118784

[2019-04-22T03:09:01-07:00]
rchar: 11029326118
wchar: 5524932212
syscr: 1312456
syscw: 311481
read_bytes: 4470241792
write_bytes: 5532073984
cancelled_write_bytes: 118784

[2019-04-22T03:09:04-07:00]
rchar: 11178874233
wchar: 5731538214
syscr: 1330503
syscw: 314694
read_bytes: 4498700800
write_bytes: 5739040768
cancelled_write_bytes: 131072

[2019-04-22T03:09:07-07:00]
rchar: 12410392321
wchar: 5980649925
syscr: 1479808
syscw: 339451
read_bytes: 4776557056
write_bytes: 5988388864
cancelled_write_bytes: 131072

[2019-04-22T03:09:10-07:00]
rchar: 13673460148
wchar: 6284495320
syscr: 1632937
syscw: 364133
read_bytes: 5101255168
write_bytes: 6292541440
cancelled_write_bytes: 131072

[2019-04-22T03:09:13-07:00]
rchar: 14155669123
wchar: 6506274713
syscr: 1691401
syscw: 374657
read_bytes: 5197273600
write_bytes: 6514630656
cancelled_write_bytes: 131072

[2019-04-22T03:09:16-07:00]
rchar: 14828921742
wchar: 6945642007
syscr: 1772860
syscw: 380094
read_bytes: 5240266240
write_bytes: 6955110400
cancelled_write_bytes: 139264

[2019-04-22T03:09:19-07:00]
rchar: 15391774812
wchar: 7395252937
syscr: 1840932
syscw: 382179
read_bytes: 5253303808
write_bytes: 7405080576
cancelled_write_bytes: 139264

[2019-04-22T03:09:22-07:00]
rchar: 15752418394
wchar: 7643496991
syscr: 1884523
syscw: 385385
read_bytes: 5277195776
write_bytes: 7653740544
cancelled_write_bytes: 139264

[2019-04-22T03:09:25-07:00]
rchar: 16519058652
wchar: 7931163957
syscr: 1977465
syscw: 414134
read_bytes: 5606895104
write_bytes: 7941681152
cancelled_write_bytes: 139264

[2019-04-22T03:09:28-07:00]
rchar: 17181789711
wchar: 8344646940
syscr: 2057796
syscw: 430006
read_bytes: 5766323712
write_bytes: 8355704832
cancelled_write_bytes: 143360

[2019-04-22T03:09:31-07:00]
rchar: 17599967726
wchar: 8590835492
syscr: 2108483
syscw: 441007
read_bytes: 5880991232
write_bytes: 8602198016
cancelled_write_bytes: 143360

[2019-04-22T03:09:34-07:00]
rchar: 17789306069
wchar: 8808811359
syscr: 2131353
syscw: 446597
read_bytes: 5945429504
write_bytes: 8820547584
cancelled_write_bytes: 155648

[2019-04-22T03:09:37-07:00]
rchar: 18859659783
wchar: 9123050421
syscr: 2261122
syscw: 473531
read_bytes: 6310604288
write_bytes: 9135116288
cancelled_write_bytes: 155648

[2019-04-22T03:09:40-07:00]
rchar: 19954317712
wchar: 9447180435
syscr: 2393832
syscw: 502289
read_bytes: 6680346112
write_bytes: 9459572736
cancelled_write_bytes: 155648

[2019-04-22T03:09:43-07:00]
rchar: 20351618743
wchar: 9711404803
syscr: 2441920
syscw: 511245
read_bytes: 6791192064
write_bytes: 9724211200
cancelled_write_bytes: 167936

[2019-04-22T03:09:46-07:00]
rchar: 21678392034
wchar: 9991520691
syscr: 2602786
syscw: 539765
read_bytes: 7095709184
write_bytes: 10004602880
cancelled_write_bytes: 167936

[2019-04-22T03:09:49-07:00]
rchar: 22949431336
wchar: 10266426541
syscr: 2756876
syscw: 567028
read_bytes: 7345643008
write_bytes: 10279768064
cancelled_write_bytes: 167936

[2019-04-22T03:09:52-07:00]
rchar: 23091683690
wchar: 10460403223
syscr: 2774127
syscw: 570310
read_bytes: 7368953344
write_bytes: 10474074112
cancelled_write_bytes: 167936

[2019-04-22T03:09:55-07:00]
rchar: 24233393660
wchar: 10627653221
syscr: 2912473
syscw: 590807
read_bytes: 7544655360
write_bytes: 10641465344
cancelled_write_bytes: 176128

[2019-04-22T03:09:58-07:00]
rchar: 25867337608
wchar: 10903611232
syscr: 3110566
syscw: 619641
read_bytes: 7783214592
write_bytes: 10917687296
cancelled_write_bytes: 176128

[2019-04-22T03:10:01-07:00]
rchar: 26544974043
wchar: 11401671708
syscr: 3192615
syscw: 623105
read_bytes: 7804997120
write_bytes: 11416576000
cancelled_write_bytes: 176128

[2019-04-22T03:10:04-07:00]
rchar: 27256119013
wchar: 11965194884
syscr: 3278562
syscw: 625977
read_bytes: 7821266432
write_bytes: 11981058048
cancelled_write_bytes: 176128

[2019-04-22T03:10:07-07:00]
rchar: 27475842922
wchar: 12189343752
syscr: 3305088
syscw: 633432
read_bytes: 7875169792
write_bytes: 12205588480
cancelled_write_bytes: 176128

[2019-04-22T03:10:10-07:00]
rchar: 28593701880
wchar: 12492922153
syscr: 3440610
syscw: 660140
read_bytes: 8134577664
write_bytes: 12509470720
cancelled_write_bytes: 184320

[2019-04-22T03:10:13-07:00]
rchar: 29743283914
wchar: 12849639438
syscr: 3579977
syscw: 687458
read_bytes: 8409808384
write_bytes: 12866580480
cancelled_write_bytes: 184320

[2019-04-22T03:10:16-07:00]
rchar: 30108565384
wchar: 13073740447
syscr: 3624264
syscw: 697309
read_bytes: 8505650688
write_bytes: 13091004416
cancelled_write_bytes: 184320

[2019-04-22T03:10:19-07:00]
rchar: 31033235302
wchar: 13288401634
syscr: 3736290
syscw: 716213
read_bytes: 8695741952
write_bytes: 13305913344
cancelled_write_bytes: 196608

[2019-04-22T03:10:22-07:00]
rchar: 32561308863
wchar: 13648557325
syscr: 3921552
syscw: 745404
read_bytes: 9045638656
write_bytes: 13666451456
cancelled_write_bytes: 196608

[2019-04-22T03:10:25-07:00]
rchar: 33361690715
wchar: 13823214737
syscr: 4018589
syscw: 761459
read_bytes: 9228578304
write_bytes: 13841281024
cancelled_write_bytes: 196608

[2019-04-22T03:10:28-07:00]
rchar: 33703375262
wchar: 14049619970
syscr: 4059938
syscw: 767499
read_bytes: 9287872000
write_bytes: 14068047872
cancelled_write_bytes: 208896

[2019-04-22T03:10:31-07:00]
rchar: 35579470113
wchar: 14401449862
syscr: 4287387
syscw: 797382
read_bytes: 9538911744
write_bytes: 14420246528
cancelled_write_bytes: 208896

[2019-04-22T03:10:34-07:00]
rchar: 36652189393
wchar: 14800285479
syscr: 4417449
syscw: 810846
read_bytes: 9642696192
write_bytes: 14819647488
cancelled_write_bytes: 212992

[2019-04-22T03:10:37-07:00]
rchar: 37133117510
wchar: 15174044864
syscr: 4475557
syscw: 812874
read_bytes: 9652379136
write_bytes: 15194071040
cancelled_write_bytes: 212992

[2019-04-22T03:10:40-07:00]
rchar: 37552395267
wchar: 15499509815
syscr: 4526253
syscw: 814620
read_bytes: 9661492736
write_bytes: 15520051200
cancelled_write_bytes: 212992

[2019-04-22T03:10:43-07:00]
rchar: 38150032328
wchar: 15866318575
syscr: 4598555
syscw: 822149
read_bytes: 9705549312
write_bytes: 15887429632
cancelled_write_bytes: 212992

[2019-04-22T03:10:46-07:00]
rchar: 38465328477
wchar: 16118382460
syscr: 4636702
syscw: 832036
read_bytes: 9783303680
write_bytes: 16139882496
cancelled_write_bytes: 221184

[2019-04-22T03:10:49-07:00]
rchar: 39656117446
wchar: 16443976361
syscr: 4781067
syscw: 860006
read_bytes: 10045763072
write_bytes: 16465809408
cancelled_write_bytes: 221184

[2019-04-22T03:10:52-07:00]
rchar: 40921356632
wchar: 16786530108
syscr: 4934455
syscw: 890529
read_bytes: 10313272832
write_bytes: 16808714240
cancelled_write_bytes: 221184

[2019-04-22T03:10:55-07:00]
rchar: 41330438457
wchar: 17043604765
syscr: 4983982
syscw: 899541
read_bytes: 10395028992
write_bytes: 17066201088
cancelled_write_bytes: 237568

[2019-04-22T03:10:58-07:00]
rchar: 42812319907
wchar: 17349780899
syscr: 5163641
syscw: 926429
read_bytes: 10652601856
write_bytes: 17372676096
cancelled_write_bytes: 237568

[2019-04-22T03:11:01-07:00]
rchar: 44006815034
wchar: 17652154363
syscr: 5308454
syscw: 947186
read_bytes: 10846633472
write_bytes: 17675382784
cancelled_write_bytes: 237568

[2019-04-22T03:11:04-07:00]
rchar: 44654517721
wchar: 17932336628
syscr: 5386985
syscw: 959530
read_bytes: 10952003072
write_bytes: 17955962880
cancelled_write_bytes: 237568

[2019-04-22T03:11:07-07:00]
rchar: 45776925198
wchar: 18133316049
syscr: 5522978
syscw: 977999
read_bytes: 11064532480
write_bytes: 18157182976
cancelled_write_bytes: 249856

[2019-04-22T03:11:11-07:00]
rchar: 46931115688
wchar: 18549291547
syscr: 5662890
syscw: 992799
read_bytes: 11150175744
write_bytes: 18573705216
cancelled_write_bytes: 249856

[2019-04-22T03:11:14-07:00]
rchar: 48367982679
wchar: 18803770425
syscr: 5837091
syscw: 1015950
read_bytes: 11343523328
write_bytes: 18828435456
cancelled_write_bytes: 258048

[2019-04-22T03:11:17-07:00]
rchar: 48998288002
wchar: 19091476485
syscr: 5913502
syscw: 1026446
read_bytes: 11446926848
write_bytes: 19116572672
cancelled_write_bytes: 258048

[2019-04-22T03:11:20-07:00]
rchar: 49520321459
wchar: 19482427436
syscr: 5976721
syscw: 1028562
read_bytes: 11463568896
write_bytes: 19508219904
cancelled_write_bytes: 266240

[2019-04-22T03:11:23-07:00]
rchar: 50088581697
wchar: 19879840456
syscr: 6045289
syscw: 1031390
read_bytes: 11494006272
write_bytes: 19906297856
cancelled_write_bytes: 266240

[2019-04-22T03:11:26-07:00]
rchar: 50731231740
wchar: 20180872864
syscr: 6123192
syscw: 1042653
read_bytes: 11632823808
write_bytes: 20207710208
cancelled_write_bytes: 266240

[2019-04-22T03:11:29-07:00]
rchar: 51510186130
wchar: 20548393475
syscr: 6217612
syscw: 1056799
read_bytes: 11863014912
write_bytes: 20575727616
cancelled_write_bytes: 266240

[2019-04-22T03:11:32-07:00]
rchar: 52304992920
wchar: 20895026772
syscr: 6313956
syscw: 1072713
read_bytes: 12033842688
write_bytes: 20922806272
cancelled_write_bytes: 266240

[2019-04-22T03:11:35-07:00]
rchar: 53119699599
wchar: 21210122600
syscr: 6412718
syscw: 1090745
read_bytes: 12260474368
write_bytes: 21238280192
cancelled_write_bytes: 266240

[2019-04-22T03:11:38-07:00]
rchar: 53338468221
wchar: 21495240323
syscr: 6439175
syscw: 1094540
read_bytes: 12291526144
write_bytes: 21523877888
cancelled_write_bytes: 274432

[2019-04-22T03:11:41-07:00]
rchar: 54076816177
wchar: 21873481700
syscr: 6528704
syscw: 1103435
read_bytes: 12506963456
write_bytes: 21902622720
cancelled_write_bytes: 274432

[2019-04-22T03:11:44-07:00]
rchar: 54799466264
wchar: 22337625024
syscr: 6616335
syscw: 1109743
read_bytes: 12660919808
write_bytes: 22367432704
cancelled_write_bytes: 274432

[2019-04-22T03:11:47-07:00]
rchar: 55337416627
wchar: 22794849649
syscr: 6681409
syscw: 1111590
read_bytes: 12702699008
write_bytes: 22825390080
cancelled_write_bytes: 274432

[2019-04-22T03:11:50-07:00]
rchar: 55861222086
wchar: 23233453317
syscr: 6744713
syscw: 1113593
read_bytes: 12745458176
write_bytes: 23264743424
cancelled_write_bytes: 274432

[2019-04-22T03:11:53-07:00]
rchar: 56195696570
wchar: 23513615126
syscr: 6785178
syscw: 1114864
read_bytes: 12773118464
write_bytes: 23546130432
cancelled_write_bytes: 274432

[2019-04-22T03:11:56-07:00]
rchar: 56560153063
wchar: 23773450426
syscr: 6829254
syscw: 1119047
read_bytes: 12896633344
write_bytes: 23805702144
cancelled_write_bytes: 274432

[2019-04-22T03:11:59-07:00]
rchar: 57049847488
wchar: 24101415271
syscr: 6888623
syscw: 1126042
read_bytes: 13106946560
write_bytes: 24134557696
cancelled_write_bytes: 274432

[2019-04-22T03:12:02-07:00]
rchar: 57519626286
wchar: 24416328706
syscr: 6945562
syscw: 1132776
read_bytes: 13316575744
write_bytes: 24449331200
cancelled_write_bytes: 274432

[2019-04-22T03:12:05-07:00]
rchar: 58035615045
wchar: 24765909654
syscr: 7008090
syscw: 1140010
read_bytes: 13515887104
write_bytes: 24800382976
cancelled_write_bytes: 274432

[2019-04-22T03:12:08-07:00]
rchar: 58550490614
wchar: 25116085719
syscr: 7070489
syscw: 1147096
read_bytes: 13692850688
write_bytes: 25150070784
cancelled_write_bytes: 274432

[2019-04-22T03:12:11-07:00]
rchar: 58972245025
wchar: 25398591821
syscr: 7121618
syscw: 1153293
read_bytes: 13837013504
write_bytes: 25433284608
cancelled_write_bytes: 274432

[2019-04-22T03:12:14-07:00]
rchar: 59433019501
wchar: 25702604214
syscr: 7177436
syscw: 1160174
read_bytes: 13995237888
write_bytes: 25737408512
cancelled_write_bytes: 274432

[2019-04-22T03:12:17-07:00]
rchar: 59820324767
wchar: 26097236044
syscr: 7224309
syscw: 1165571
read_bytes: 14119653888
write_bytes: 26132652032
cancelled_write_bytes: 282624

[2019-04-22T03:12:20-07:00]
rchar: 60364517158
wchar: 26423854336
syscr: 7290293
syscw: 1171903
read_bytes: 14276391424
write_bytes: 26459701248
cancelled_write_bytes: 282624

[2019-04-22T03:12:23-07:00]
rchar: 60853478538
wchar: 26714871844
syscr: 7349547
syscw: 1177760
read_bytes: 14422131200
write_bytes: 26751115264
cancelled_write_bytes: 282624

[2019-04-22T03:12:26-07:00]
rchar: 61230369900
wchar: 26951501624
syscr: 7395220
syscw: 1182255
read_bytes: 14533325312
write_bytes: 26988072960
cancelled_write_bytes: 282624

[2019-04-22T03:12:29-07:00]
rchar: 61731220282
wchar: 27288071523
syscr: 7455919
syscw: 1187444
read_bytes: 14660866560
write_bytes: 27325124608
cancelled_write_bytes: 282624

[2019-04-22T03:12:32-07:00]
rchar: 62232493761
wchar: 27626531716
syscr: 7516661
syscw: 1192521
read_bytes: 14768972288
write_bytes: 27664052224
cancelled_write_bytes: 282624

[2019-04-22T03:12:35-07:00]
rchar: 63006070342
wchar: 28064372902
syscr: 7610417
syscw: 1202577
read_bytes: 15009223168
write_bytes: 28102508544
cancelled_write_bytes: 282624

[2019-04-22T03:12:38-07:00]
rchar: 63750877103
wchar: 28497502108
syscr: 7700713
syscw: 1212135
read_bytes: 15280251392
write_bytes: 28536201216
cancelled_write_bytes: 282624

[2019-04-22T03:12:41-07:00]
rchar: 64298847843
wchar: 28822221066
syscr: 7767124
syscw: 1219202
read_bytes: 15487033856
write_bytes: 28861378560
cancelled_write_bytes: 286720

[2019-04-22T03:12:44-07:00]
rchar: 64740210858
wchar: 29182947889
syscr: 7820595
syscw: 1221756
read_bytes: 15552348672
write_bytes: 29222649856
cancelled_write_bytes: 286720

[2019-04-22T03:12:47-07:00]
rchar: 65274287193
wchar: 29628307642
syscr: 7885299
syscw: 1224661
read_bytes: 15642202624
write_bytes: 29668659200
cancelled_write_bytes: 286720

[2019-04-22T03:12:50-07:00]
rchar: 65658378190
wchar: 29893782504
syscr: 7931856
syscw: 1228300
read_bytes: 15793820160
write_bytes: 29934477312
cancelled_write_bytes: 286720

[2019-04-22T03:12:53-07:00]
rchar: 65823195938
wchar: 30176411891
syscr: 7951838
syscw: 1230166
read_bytes: 15867343360
write_bytes: 30217580544
cancelled_write_bytes: 286720

[2019-04-22T03:12:56-07:00]
rchar: 66365698212
wchar: 30655283424
syscr: 8017552
syscw: 1231767
read_bytes: 15920022016
write_bytes: 30697132032
cancelled_write_bytes: 294912

[2019-04-22T03:12:59-07:00]
rchar: 66889552833
wchar: 31112036137
syscr: 8081022
syscw: 1233257
read_bytes: 15968391680
write_bytes: 31154565120
cancelled_write_bytes: 294912

[2019-04-22T03:13:02-07:00]
rchar: 67385748261
wchar: 31548938494
syscr: 8141137
syscw: 1234604
read_bytes: 16022053376
write_bytes: 31592124416
cancelled_write_bytes: 294912

[2019-04-22T03:13:05-07:00]
rchar: 67806017488
wchar: 31915701154
syscr: 8192059
syscw: 1235863
read_bytes: 16066896384
write_bytes: 31959441408
cancelled_write_bytes: 294912

[2019-04-22T03:13:08-07:00]
rchar: 68404994599
wchar: 32434801815
syscr: 8264636
syscw: 1237870
read_bytes: 16129622528
write_bytes: 32479363072
cancelled_write_bytes: 294912

[2019-04-22T03:13:11-07:00]
rchar: 68892910265
wchar: 32864859145
syscr: 8323764
syscw: 1239369
read_bytes: 16174137856
write_bytes: 32910077952
cancelled_write_bytes: 294912

[2019-04-22T03:13:14-07:00]
rchar: 69328533790
wchar: 33238270963
syscr: 8376528
syscw: 1240926
read_bytes: 16217399808
write_bytes: 33284096000
cancelled_write_bytes: 294912

[2019-04-22T03:13:17-07:00]
rchar: 69846729085
wchar: 33646028482
syscr: 8439326
syscw: 1243597
read_bytes: 16299414016
write_bytes: 33692467200
cancelled_write_bytes: 294912

[2019-04-22T03:13:20-07:00]
rchar: 70306411111
wchar: 33987984547
syscr: 8495009
syscw: 1246662
read_bytes: 16403300864
write_bytes: 34034954240
cancelled_write_bytes: 294912

[2019-04-22T03:13:23-07:00]
rchar: 70944875687
wchar: 34344357764
syscr: 8572414
syscw: 1253784
read_bytes: 16661991936
write_bytes: 34391818240
cancelled_write_bytes: 294912

[2019-04-22T03:13:26-07:00]
rchar: 71583744838
wchar: 34682730030
syscr: 8649818
syscw: 1261644
read_bytes: 16899621376
write_bytes: 34730696704
cancelled_write_bytes: 294912

[2019-04-22T03:13:29-07:00]
rchar: 72514267246
wchar: 35093975003
syscr: 8762618
syscw: 1275504
read_bytes: 17218896384
write_bytes: 35142504448
cancelled_write_bytes: 294912

[2019-04-22T03:13:32-07:00]
rchar: 73453652454
wchar: 35404438036
syscr: 8876494
syscw: 1292017
read_bytes: 17518268928
write_bytes: 35453333504
cancelled_write_bytes: 294912

[2019-04-22T03:13:35-07:00]
rchar: 73931241621
wchar: 35708125984
syscr: 8934393
syscw: 1300929
read_bytes: 17661075968
write_bytes: 35757486080
cancelled_write_bytes: 294912

[2019-04-22T03:13:38-07:00]
rchar: 75718240451
wchar: 35990848123
syscr: 9150982
syscw: 1331030
read_bytes: 17874371072
write_bytes: 36040691712
cancelled_write_bytes: 319488

[2019-04-22T03:13:41-07:00]
rchar: 76267784130
wchar: 36424012750
syscr: 9217451
syscw: 1333398
read_bytes: 17885434368
write_bytes: 36474400768
cancelled_write_bytes: 319488

[2019-04-22T03:13:44-07:00]
rchar: 76868556085
wchar: 36887532714
syscr: 9290099
syscw: 1336043
read_bytes: 17898562048
write_bytes: 36938715136
cancelled_write_bytes: 319488

[2019-04-22T03:13:47-07:00]
rchar: 77585238802
wchar: 37228899207
syscr: 9376899
syscw: 1352116
read_bytes: 17995735552
write_bytes: 37280542720
cancelled_write_bytes: 319488

[2019-04-22T03:13:50-07:00]
rchar: 78166737898
wchar: 37543823747
syscr: 9447391
syscw: 1364502
read_bytes: 18090586624
write_bytes: 37595873280
cancelled_write_bytes: 319488

[2019-04-22T03:13:53-07:00]
rchar: 78350438087
wchar: 37828066406
syscr: 9469584
syscw: 1367562
read_bytes: 18107822592
write_bytes: 37880602624
cancelled_write_bytes: 335872

[2019-04-22T03:13:56-07:00]
rchar: 79300065251
wchar: 38249551771
syscr: 9584686
syscw: 1383401
read_bytes: 18202808832
write_bytes: 38302646272
cancelled_write_bytes: 335872

[2019-04-22T03:13:59-07:00]
rchar: 80213998048
wchar: 38695748747
syscr: 9695472
syscw: 1397855
read_bytes: 18289754624
write_bytes: 38749777920
cancelled_write_bytes: 335872

[2019-04-22T03:14:02-07:00]
rchar: 81125569567
wchar: 39125675534
syscr: 9805976
syscw: 1412982
read_bytes: 18379973120
write_bytes: 39179919360
cancelled_write_bytes: 339968

[2019-04-22T03:14:05-07:00]
rchar: 81868189026
wchar: 39480620983
syscr: 9895990
syscw: 1426035
read_bytes: 18466173440
write_bytes: 39536164864
cancelled_write_bytes: 344064

[2019-04-22T03:14:08-07:00]
rchar: 82029356223
wchar: 39690466834
syscr: 9915536
syscw: 1430085
read_bytes: 18503909888
write_bytes: 39745531904
cancelled_write_bytes: 344064

[2019-04-22T03:14:11-07:00]
rchar: 83497892803
wchar: 40093529722
syscr: 10093484
syscw: 1454924
read_bytes: 18699141632
write_bytes: 40149069824
cancelled_write_bytes: 356352

[2019-04-22T03:14:14-07:00]
rchar: 84765066311
wchar: 40408420640
syscr: 10247120
syscw: 1477711
read_bytes: 18906964480
write_bytes: 40464330752
cancelled_write_bytes: 360448

[2019-04-22T03:14:17-07:00]
rchar: 85497471398
wchar: 40732937069
syscr: 10335907
syscw: 1491028
read_bytes: 19036488192
write_bytes: 40789303296
cancelled_write_bytes: 360448

[2019-04-22T03:14:20-07:00]
rchar: 86800291035
wchar: 40967583237
syscr: 10493785
syscw: 1511230
read_bytes: 19258106368
write_bytes: 41024188416
cancelled_write_bytes: 368640

[2019-04-22T03:14:23-07:00]
rchar: 88023256609
wchar: 41446463294
syscr: 10642041
syscw: 1525652
read_bytes: 19356492288
write_bytes: 41503719424
cancelled_write_bytes: 368640

[2019-04-22T03:14:26-07:00]
rchar: 88462167811
wchar: 41777451934
syscr: 10695141
syscw: 1527707
read_bytes: 19365630464
write_bytes: 41836175360
cancelled_write_bytes: 368640

[2019-04-22T03:14:29-07:00]
rchar: 89065085928
wchar: 42241346206
syscr: 10768066
syscw: 1530313
read_bytes: 19378151936
write_bytes: 42299940864
cancelled_write_bytes: 368640

[2019-04-22T03:14:32-07:00]
rchar: 89786068146
wchar: 42611667995
syscr: 10855351
syscw: 1542821
read_bytes: 19449553408
write_bytes: 42670788608
cancelled_write_bytes: 368640

[2019-04-22T03:14:35-07:00]
rchar: 90441155626
wchar: 42985279846
syscr: 10934761
syscw: 1555436
read_bytes: 19518624256
write_bytes: 43044909056
cancelled_write_bytes: 368640

[2019-04-22T03:14:38-07:00]
rchar: 90595938092
wchar: 43251626714
syscr: 10953433
syscw: 1558062
read_bytes: 19534029312
write_bytes: 43311697920
cancelled_write_bytes: 368640

[2019-04-22T03:14:41-07:00]
rchar: 91672566469
wchar: 43666042856
syscr: 11083955
syscw: 1577483
read_bytes: 19685941760
write_bytes: 43726655488
cancelled_write_bytes: 380928

[2019-04-22T03:14:44-07:00]
rchar: 92660514531
wchar: 44100667111
syscr: 11203708
syscw: 1594181
read_bytes: 19778077184
write_bytes: 44161867776
cancelled_write_bytes: 385024

[2019-04-22T03:14:47-07:00]
rchar: 93272230965
wchar: 44453684054
syscr: 11277846
syscw: 1602231
read_bytes: 19821462016
write_bytes: 44515385344
cancelled_write_bytes: 389120

[2019-04-22T03:14:50-07:00]
rchar: 94045875499
wchar: 44863695519
syscr: 11371615
syscw: 1613586
read_bytes: 19882430976
write_bytes: 44925947904
cancelled_write_bytes: 389120

[2019-04-22T03:14:53-07:00]
rchar: 94585187297
wchar: 45164970943
syscr: 11436995
syscw: 1621302
read_bytes: 19923087872
write_bytes: 45227642880
cancelled_write_bytes: 397312

[2019-04-22T03:14:56-07:00]
rchar: 94821860722
wchar: 45475513558
syscr: 11465681
syscw: 1624475
read_bytes: 19939217920
write_bytes: 45538693120
cancelled_write_bytes: 397312

[2019-04-22T03:14:59-07:00]
rchar: 95685231314
wchar: 45788140726
syscr: 11570251
syscw: 1637222
read_bytes: 20059177472
write_bytes: 45851742208
cancelled_write_bytes: 409600

[2019-04-22T03:15:02-07:00]
rchar: 97266383980
wchar: 46112289033
syscr: 11761949
syscw: 1665951
read_bytes: 20350943744
write_bytes: 46176190464
cancelled_write_bytes: 409600

[2019-04-22T03:15:05-07:00]
rchar: 98172896481
wchar: 46289294248
syscr: 11871861
syscw: 1683213
read_bytes: 20533699072
write_bytes: 46354292736
cancelled_write_bytes: 409600

[2019-04-22T03:15:08-07:00]
rchar: 98656098840
wchar: 46518199348
syscr: 11930362
syscw: 1691631
read_bytes: 20600246784
write_bytes: 46582620160
cancelled_write_bytes: 421888

[2019-04-22T03:15:11-07:00]
rchar: 99462081881
wchar: 46992259066
syscr: 12027977
syscw: 1697574
read_bytes: 20644680192
write_bytes: 47057448960
cancelled_write_bytes: 421888

[2019-04-22T03:15:14-07:00]
rchar: 99944546821
wchar: 47352387182
syscr: 12086316
syscw: 1699774
read_bytes: 20654793216
write_bytes: 47418347520
cancelled_write_bytes: 421888

[2019-04-22T03:15:17-07:00]
rchar: 100559911131
wchar: 47712476296
syscr: 12160771
syscw: 1706747
read_bytes: 20689392128
write_bytes: 47778856960
cancelled_write_bytes: 421888

[2019-04-22T03:15:20-07:00]
rchar: 101319325067
wchar: 48065042666
syscr: 12252826
syscw: 1724490
read_bytes: 20800770560
write_bytes: 48131883008
cancelled_write_bytes: 421888

[2019-04-22T03:15:23-07:00]
rchar: 102085877929
wchar: 48480668198
syscr: 12345743
syscw: 1740045
read_bytes: 20881875456
write_bytes: 48548048896
cancelled_write_bytes: 425984

[2019-04-22T03:15:26-07:00]
rchar: 102613490304
wchar: 48795110556
syscr: 12409701
syscw: 1749905
read_bytes: 20930970112
write_bytes: 48862932992
cancelled_write_bytes: 430080

[2019-04-22T03:15:29-07:00]
rchar: 102966812625
wchar: 49171893323
syscr: 12452443
syscw: 1755019
read_bytes: 20955763200
write_bytes: 49240313856
cancelled_write_bytes: 442368

[2019-04-22T03:15:32-07:00]
rchar: 103812760460
wchar: 49542846705
syscr: 12554981
syscw: 1769303
read_bytes: 21031879168
write_bytes: 49611829248
cancelled_write_bytes: 442368

[2019-04-22T03:15:35-07:00]
rchar: 104669527324
wchar: 49901684211
syscr: 12658842
syscw: 1784818
read_bytes: 21143769600
write_bytes: 49971064832
cancelled_write_bytes: 450560

[2019-04-22T03:15:38-07:00]
rchar: 105880214318
wchar: 50272155579
syscr: 12805621
syscw: 1811090
read_bytes: 21344768512
write_bytes: 50341953536
cancelled_write_bytes: 454656

[2019-04-22T03:15:41-07:00]
rchar: 106382364106
wchar: 50536911599
syscr: 12866420
syscw: 1822908
read_bytes: 21435945472
write_bytes: 50607099904
cancelled_write_bytes: 471040

[2019-04-22T03:15:44-07:00]
rchar: 107939377546
wchar: 50821616918
syscr: 13055197
syscw: 1852657
read_bytes: 21683352064
write_bytes: 50892075008
cancelled_write_bytes: 471040

[2019-04-22T03:15:47-07:00]
rchar: 109350660646
wchar: 51103277144
syscr: 13226302
syscw: 1879906
read_bytes: 21938897408
write_bytes: 51174002688
cancelled_write_bytes: 471040

[2019-04-22T03:15:50-07:00]
rchar: 109756826378
wchar: 51326949600
syscr: 13275465
syscw: 1886760
read_bytes: 21994869248
write_bytes: 51398033408
cancelled_write_bytes: 483328

[2019-04-22T03:15:53-07:00]
rchar: 111773304166
wchar: 51672121728
syscr: 13519941
syscw: 1917715
read_bytes: 22290854400
write_bytes: 51743543296
cancelled_write_bytes: 483328

[2019-04-22T03:15:56-07:00]
rchar: 113090165716
wchar: 52271366946
syscr: 13679487
syscw: 1931322
read_bytes: 22391566848
write_bytes: 52343701504
cancelled_write_bytes: 483328

[2019-04-22T03:15:59-07:00]
rchar: 113693158076
wchar: 52704535042
syscr: 13752372
syscw: 1934429
read_bytes: 22403453440
write_bytes: 52777615360
cancelled_write_bytes: 483328

[2019-04-22T03:16:02-07:00]
rchar: 114269228125
wchar: 53034881997
syscr: 13822128
syscw: 1941904
read_bytes: 22438584832
write_bytes: 53108461568
cancelled_write_bytes: 483328

[2019-04-22T03:16:05-07:00]
rchar: 114428354097
wchar: 53307847905
syscr: 13841411
syscw: 1944244
read_bytes: 22448120320
write_bytes: 53381885952
cancelled_write_bytes: 483328

[2019-04-22T03:16:08-07:00]
rchar: 115130126867
wchar: 53696272426
syscr: 13926395
syscw: 1953399
read_bytes: 22490055168
write_bytes: 53770862592
cancelled_write_bytes: 491520

[2019-04-22T03:16:11-07:00]
rchar: 116131621954
wchar: 54129826130
syscr: 14047798
syscw: 1969931
read_bytes: 22568501760
write_bytes: 54204981248
cancelled_write_bytes: 491520

[2019-04-22T03:16:14-07:00]
rchar: 117134964808
wchar: 54562271118
syscr: 14169415
syscw: 1987436
read_bytes: 22648414720
write_bytes: 54638010368
cancelled_write_bytes: 495616

[2019-04-22T03:16:17-07:00]
rchar: 118037716764
wchar: 54883958481
syscr: 14278861
syscw: 2005373
read_bytes: 22749606400
write_bytes: 54960107520
cancelled_write_bytes: 499712

[2019-04-22T03:16:20-07:00]
rchar: 118237444882
wchar: 55169785226
syscr: 14303074
syscw: 2007967
read_bytes: 22760063488
write_bytes: 55246393344
cancelled_write_bytes: 499712

[2019-04-22T03:16:23-07:00]
rchar: 118912097541
wchar: 55708044337
syscr: 14384772
syscw: 2011219
read_bytes: 22778302976
write_bytes: 55785443328
cancelled_write_bytes: 512000

[2019-04-22T03:16:26-07:00]
rchar: 119474108715
wchar: 56138575320
syscr: 14452864
syscw: 2014223
read_bytes: 22794584576
write_bytes: 56216641536
cancelled_write_bytes: 512000

[2019-04-22T03:16:29-07:00]
rchar: 120034376234
wchar: 56558758474
syscr: 14520743
syscw: 2017405
read_bytes: 22812393984
write_bytes: 56637464576
cancelled_write_bytes: 512000

[2019-04-22T03:16:32-07:00]
rchar: 120525665547
wchar: 56953969204
syscr: 14580288
syscw: 2019772
read_bytes: 22826033664
write_bytes: 57033261056
cancelled_write_bytes: 512000

[2019-04-22T03:16:35-07:00]
rchar: 121106216303
wchar: 57377649029
syscr: 14650632
syscw: 2023662
read_bytes: 22841876992
write_bytes: 57457586176
cancelled_write_bytes: 512000

[2019-04-22T03:16:38-07:00]
rchar: 122563850577
wchar: 57722834684
syscr: 14827354
syscw: 2051424
read_bytes: 23014121984
write_bytes: 57803137024
cancelled_write_bytes: 524288

[2019-04-22T03:16:41-07:00]
rchar: 123704323795
wchar: 57929010281
syscr: 14965624
syscw: 2075423
read_bytes: 23201718784
write_bytes: 58009489408
cancelled_write_bytes: 524288

[2019-04-22T03:16:44-07:00]
rchar: 124818554113
wchar: 58279984010
syscr: 15100636
syscw: 2094159
read_bytes: 23337898496
write_bytes: 58360950784
cancelled_write_bytes: 532480

[2019-04-22T03:16:47-07:00]
rchar: 125838830278
wchar: 58853631776
syscr: 15224218
syscw: 2102588
read_bytes: 23374049792
write_bytes: 58935504896
cancelled_write_bytes: 532480

[2019-04-22T03:16:50-07:00]
rchar: 126465567411
wchar: 59315914004
syscr: 15300006
syscw: 2105598
read_bytes: 23385866752
write_bytes: 59398569984
cancelled_write_bytes: 532480

[2019-04-22T03:16:53-07:00]
rchar: 127253129339
wchar: 59681177018
syscr: 15395415
syscw: 2122419
read_bytes: 23458214400
write_bytes: 59764318208
cancelled_write_bytes: 536576

[2019-04-22T03:16:56-07:00]
rchar: 128004305684
wchar: 60095009115
syscr: 15486466
syscw: 2137729
read_bytes: 23521440256
write_bytes: 60178690048
cancelled_write_bytes: 536576

[2019-04-22T03:16:59-07:00]
rchar: 128189588036
wchar: 60343832793
syscr: 15508919
syscw: 2140448
read_bytes: 23532642816
write_bytes: 60427915264
cancelled_write_bytes: 536576

[2019-04-22T03:17:02-07:00]
rchar: 128833951546
wchar: 60740466709
syscr: 15586944
syscw: 2149129
read_bytes: 23569928704
write_bytes: 60825120768
cancelled_write_bytes: 548864

[2019-04-22T03:17:05-07:00]
rchar: 129858584101
wchar: 61172972378
syscr: 15711143
syscw: 2166916
read_bytes: 23647588864
write_bytes: 61258203136
cancelled_write_bytes: 548864

[2019-04-22T03:17:08-07:00]
rchar: 130861017231
wchar: 61590125442
syscr: 15832663
syscw: 2184228
read_bytes: 23724605952
write_bytes: 61675900928
cancelled_write_bytes: 557056

[2019-04-22T03:17:11-07:00]
rchar: 131784967855
wchar: 61904771224
syscr: 15944668
syscw: 2202885
read_bytes: 23859585536
write_bytes: 61990920192
cancelled_write_bytes: 565248

[2019-04-22T03:17:14-07:00]
rchar: 132083796273
wchar: 62225042760
syscr: 15980838
syscw: 2207666
read_bytes: 23892464128
write_bytes: 62311698432
cancelled_write_bytes: 577536

[2019-04-22T03:17:17-07:00]
rchar: 132577582464
wchar: 62624295989
syscr: 16040699
syscw: 2209862
read_bytes: 23924515328
write_bytes: 62711533568
cancelled_write_bytes: 577536

[2019-04-22T03:17:20-07:00]
rchar: 132985098337
wchar: 62960297452
syscr: 16090067
syscw: 2211606
read_bytes: 23951798784
write_bytes: 63048032256
cancelled_write_bytes: 577536

[2019-04-22T03:17:23-07:00]
rchar: 133359271529
wchar: 63265286657
syscr: 16135430
syscw: 2213271
read_bytes: 23976010240
write_bytes: 63353462784
cancelled_write_bytes: 577536

[2019-04-22T03:17:26-07:00]
rchar: 133971062479
wchar: 63747183426
syscr: 16209573
syscw: 2216372
read_bytes: 24042959360
write_bytes: 63836053504
cancelled_write_bytes: 577536

[2019-04-22T03:17:29-07:00]
rchar: 134624423081
wchar: 64089990884
syscr: 16288780
syscw: 2223555
read_bytes: 24248259072
write_bytes: 64179351552
cancelled_write_bytes: 581632

[2019-04-22T03:17:32-07:00]
rchar: 135356884964
wchar: 64450389180
syscr: 16377536
syscw: 2232401
read_bytes: 24497218048
write_bytes: 64540225536
cancelled_write_bytes: 581632

[2019-04-22T03:17:35-07:00]
rchar: 136074591639
wchar: 64809258922
syscr: 16464537
syscw: 2240776
read_bytes: 24731312640
write_bytes: 64900423680
cancelled_write_bytes: 581632

[2019-04-22T03:17:38-07:00]
rchar: 136872918342
wchar: 65206794704
syscr: 16561331
syscw: 2250245
read_bytes: 25017586176
write_bytes: 65297637376
cancelled_write_bytes: 581632

[2019-04-22T03:17:41-07:00]
rchar: 137532080606
wchar: 65531795434
syscr: 16641205
syscw: 2258368
read_bytes: 25255473664
write_bytes: 65623089152
cancelled_write_bytes: 581632

[2019-04-22T03:17:44-07:00]
rchar: 138084713257
wchar: 65819959988
syscr: 16708186
syscw: 2264851
read_bytes: 25449513472
write_bytes: 65911681024
cancelled_write_bytes: 581632

[2019-04-22T03:17:47-07:00]
rchar: 138751268773
wchar: 66183319342
syscr: 16788979
syscw: 2272205
read_bytes: 25682014720
write_bytes: 66275512320
cancelled_write_bytes: 581632

[2019-04-22T03:17:50-07:00]
rchar: 139298934746
wchar: 66744979342
syscr: 16855305
syscw: 2275955
read_bytes: 25797566976
write_bytes: 66838052864
cancelled_write_bytes: 589824

[2019-04-22T03:17:53-07:00]
rchar: 139629016500
wchar: 67019870917
syscr: 16895300
syscw: 2277079
read_bytes: 25826054656
write_bytes: 67113361408
cancelled_write_bytes: 589824

[2019-04-22T03:17:56-07:00]
rchar: 140054758939
wchar: 67377135490
syscr: 16946750
syscw: 2278276
read_bytes: 25864974848
write_bytes: 67471228928
cancelled_write_bytes: 589824

[2019-04-22T03:17:59-07:00]
rchar: 140543892362
wchar: 67779182716
syscr: 17005899
syscw: 2279709
read_bytes: 25916387840
write_bytes: 67873980416
cancelled_write_bytes: 589824

[2019-04-22T03:18:02-07:00]
rchar: 141085062766
wchar: 68144660576
syscr: 17071450
syscw: 2285919
read_bytes: 26201043456
write_bytes: 68239970304
cancelled_write_bytes: 589824

[2019-04-22T03:18:05-07:00]
rchar: 141500916071
wchar: 68427890404
syscr: 17121832
syscw: 2290986
read_bytes: 26418795008
write_bytes: 68523614208
cancelled_write_bytes: 589824

[2019-04-22T03:18:08-07:00]
rchar: 141920255106
wchar: 68738967601
syscr: 17172653
syscw: 2295255
read_bytes: 26603663872
write_bytes: 68835123200
cancelled_write_bytes: 589824

[2019-04-22T03:18:11-07:00]
rchar: 142477442709
wchar: 69147371590
syscr: 17240143
syscw: 2301260
read_bytes: 26849669632
write_bytes: 69244145664
cancelled_write_bytes: 589824

[2019-04-22T03:18:14-07:00]
rchar: 142928407741
wchar: 69471805458
syscr: 17294828
syscw: 2306564
read_bytes: 27041518080
write_bytes: 69569036288
cancelled_write_bytes: 589824

[2019-04-22T03:18:17-07:00]
rchar: 143375444092
wchar: 69795520173
syscr: 17349013
syscw: 2311886
read_bytes: 27230999040
write_bytes: 69893427200
cancelled_write_bytes: 593920

[2019-04-22T03:18:20-07:00]
rchar: 143781169654
wchar: 70053915834
syscr: 17398148
syscw: 2318059
read_bytes: 27431059968
write_bytes: 70152024064
cancelled_write_bytes: 593920

[2019-04-22T03:18:23-07:00]
rchar: 144365604529
wchar: 70427366979
syscr: 17468986
syscw: 2327375
read_bytes: 27717825024
write_bytes: 70525947904
cancelled_write_bytes: 593920

[2019-04-22T03:18:26-07:00]
rchar: 144913246223
wchar: 70746810262
syscr: 17535366
syscw: 2337232
read_bytes: 27986031104
write_bytes: 70845833216
cancelled_write_bytes: 593920

[2019-04-22T03:18:29-07:00]
rchar: 145265214647
wchar: 71099733470
syscr: 17578016
syscw: 2344295
read_bytes: 28149801472
write_bytes: 71199305728
cancelled_write_bytes: 593920

[2019-04-22T03:18:32-07:00]
rchar: 145929165802
wchar: 71370816494
syscr: 17658421
syscw: 2355821
read_bytes: 28324258304
write_bytes: 71470764032
cancelled_write_bytes: 602112

[2019-04-22T03:18:35-07:00]
rchar: 146996930967
wchar: 71684317677
syscr: 17787866
syscw: 2378247
read_bytes: 28588945920
write_bytes: 71784615936
cancelled_write_bytes: 602112

[2019-04-22T03:18:38-07:00]
rchar: 147922303108
wchar: 71985317244
syscr: 17900054
syscw: 2397063
read_bytes: 28696551936
write_bytes: 72085975040
cancelled_write_bytes: 602112

[2019-04-22T03:18:41-07:00]
rchar: 148392766337
wchar: 72236078114
syscr: 17957087
syscw: 2407095
read_bytes: 28759302656
write_bytes: 72337113088
cancelled_write_bytes: 602112

[2019-04-22T03:18:44-07:00]
rchar: 149200840368
wchar: 72450993886
syscr: 18054982
syscw: 2422184
read_bytes: 28883923456
write_bytes: 72552325120
cancelled_write_bytes: 610304

[2019-04-22T03:18:47-07:00]
rchar: 150156494884
wchar: 72858275197
syscr: 18170818
syscw: 2434892
read_bytes: 28953088512
write_bytes: 72960163840
cancelled_write_bytes: 610304

[2019-04-22T03:18:50-07:00]
rchar: 150830178508
wchar: 73212591708
syscr: 18252474
syscw: 2442377
read_bytes: 28993298944
write_bytes: 73314996224
cancelled_write_bytes: 610304

[2019-04-22T03:18:53-07:00]
rchar: 152392630861
wchar: 73667328713
syscr: 18441885
syscw: 2467870
read_bytes: 29183541760
write_bytes: 73770283008
cancelled_write_bytes: 614400

[2019-04-22T03:18:56-07:00]
rchar: 152877500403
wchar: 73911644052
syscr: 18500590
syscw: 2476015
read_bytes: 29246943744
write_bytes: 74014986240
cancelled_write_bytes: 626688

[2019-04-22T03:18:59-07:00]
rchar: 154677931562
wchar: 74415613543
syscr: 18718879
syscw: 2499991
read_bytes: 29443326464
write_bytes: 74519629824
cancelled_write_bytes: 626688

[2019-04-22T03:19:02-07:00]
rchar: 155265347609
wchar: 74858586001
syscr: 18789867
syscw: 2502720
read_bytes: 29455729152
write_bytes: 74963349504
cancelled_write_bytes: 626688

[2019-04-22T03:19:05-07:00]
rchar: 155849557284
wchar: 75263285078
syscr: 18860502
syscw: 2507294
read_bytes: 29478920704
write_bytes: 75368734720
cancelled_write_bytes: 626688

[2019-04-22T03:19:08-07:00]
rchar: 156634317535
wchar: 75712844726
syscr: 18955622
syscw: 2521923
read_bytes: 29557088768
write_bytes: 75818893312
cancelled_write_bytes: 626688

[2019-04-22T03:19:11-07:00]
rchar: 157272442215
wchar: 76058474461
syscr: 19032975
syscw: 2535290
read_bytes: 29626352128
write_bytes: 76164976640
cancelled_write_bytes: 626688

[2019-04-22T03:19:14-07:00]
rchar: 157521771410
wchar: 76394735191
syscr: 19063117
syscw: 2538804
read_bytes: 29643723264
write_bytes: 76501811200
cancelled_write_bytes: 638976

[2019-04-22T03:19:17-07:00]
rchar: 158783618088
wchar: 76815297872
syscr: 19216082
syscw: 2564445
read_bytes: 29814555136
write_bytes: 76922880000
cancelled_write_bytes: 638976

[2019-04-22T03:19:20-07:00]
rchar: 160086383147
wchar: 77336996305
syscr: 19374007
syscw: 2589113
read_bytes: 29944640000
write_bytes: 77445234688
cancelled_write_bytes: 643072

[2019-04-22T03:19:23-07:00]
rchar: 160770233628
wchar: 77688022331
syscr: 19456888
syscw: 2599639
read_bytes: 29999890944
write_bytes: 77796749312
cancelled_write_bytes: 659456

[2019-04-22T03:19:26-07:00]
rchar: 161082689145
wchar: 77937529093
syscr: 19494763
syscw: 2603997
read_bytes: 30022373888
write_bytes: 78046629888
cancelled_write_bytes: 675840

[2019-04-22T03:19:29-07:00]
rchar: 161758807857
wchar: 78343422599
syscr: 19576639
syscw: 2613200
read_bytes: 30068961792
write_bytes: 78453153792
cancelled_write_bytes: 688128

[2019-04-22T03:19:32-07:00]
rchar: 162939332288
wchar: 78758569291
syscr: 19719739
syscw: 2631819
read_bytes: 30173250048
write_bytes: 78868824064
cancelled_write_bytes: 696320

[2019-04-22T03:19:35-07:00]
rchar: 164457967036
wchar: 79064934260
syscr: 19903858
syscw: 2661593
read_bytes: 30451188224
write_bytes: 79175475200
cancelled_write_bytes: 696320

[2019-04-22T03:19:38-07:00]
rchar: 165050297221
wchar: 79326839741
syscr: 19975603
syscw: 2672241
read_bytes: 30548386304
write_bytes: 79437766656
cancelled_write_bytes: 708608

[2019-04-22T03:19:41-07:00]
rchar: 166631760506
wchar: 79789582221
syscr: 20167339
syscw: 2693142
read_bytes: 30732493312
write_bytes: 79901138944
cancelled_write_bytes: 708608

[2019-04-22T03:19:44-07:00]
rchar: 167241963776
wchar: 80242725364
syscr: 20241092
syscw: 2696145
read_bytes: 30745092608
write_bytes: 80355057664
cancelled_write_bytes: 708608

[2019-04-22T03:19:47-07:00]
rchar: 167843368220
wchar: 80647169663
syscr: 20313810
syscw: 2700735
read_bytes: 30766051840
write_bytes: 80760950784
cancelled_write_bytes: 712704

[2019-04-22T03:19:50-07:00]
rchar: 168669898796
wchar: 81048799759
syscr: 20413999
syscw: 2719398
read_bytes: 30860489216
write_bytes: 81162346496
cancelled_write_bytes: 712704

[2019-04-22T03:19:53-07:00]
rchar: 169302170518
wchar: 81395496913
syscr: 20490638
syscw: 2732296
read_bytes: 30924579328
write_bytes: 81509515264
cancelled_write_bytes: 716800

[2019-04-22T03:19:56-07:00]
rchar: 169568516836
wchar: 81774842611
syscr: 20522840
syscw: 2735158
read_bytes: 30936293888
write_bytes: 81889480704
cancelled_write_bytes: 720896

[2019-04-22T03:19:59-07:00]
rchar: 170547889996
wchar: 82187117463
syscr: 20641553
syscw: 2751911
read_bytes: 31019975168
write_bytes: 82302304256
cancelled_write_bytes: 729088

[2019-04-22T03:20:02-07:00]
rchar: 171472603743
wchar: 82598419759
syscr: 20753648
syscw: 2766752
read_bytes: 31096824320
write_bytes: 82714161152
cancelled_write_bytes: 737280

[2019-04-22T03:20:05-07:00]
rchar: 172116175692
wchar: 82967934667
syscr: 20831648
syscw: 2775310
read_bytes: 31138390528
write_bytes: 83084189696
cancelled_write_bytes: 737280

[2019-04-22T03:20:08-07:00]
rchar: 172995581738
wchar: 83364258178
syscr: 20938239
syscw: 2790671
read_bytes: 31214350848
write_bytes: 83481055232
cancelled_write_bytes: 745472

[2019-04-22T03:20:11-07:00]
rchar: 173303485425
wchar: 83596956101
syscr: 20975501
syscw: 2798522
read_bytes: 31274897920
write_bytes: 83714125824
cancelled_write_bytes: 753664

[2019-04-22T03:20:14-07:00]
rchar: 174915254425
wchar: 83932333417
syscr: 21170911
syscw: 2828042
read_bytes: 31555572224
write_bytes: 84049846272
cancelled_write_bytes: 761856

[2019-04-22T03:20:17-07:00]
rchar: 176511433884
wchar: 84224682676
syscr: 21364429
syscw: 2859513
read_bytes: 31831736832
write_bytes: 84342448128
cancelled_write_bytes: 761856

[2019-04-22T03:20:20-07:00]
rchar: 177301336606
wchar: 84530865044
syscr: 21460116
syscw: 2872799
read_bytes: 31940932096
write_bytes: 84649082880
cancelled_write_bytes: 774144

[2019-04-22T03:20:23-07:00]
rchar: 179256893540
wchar: 84857028426
syscr: 21697207
syscw: 2903815
read_bytes: 32217571840
write_bytes: 84975554560
cancelled_write_bytes: 774144

[2019-04-22T03:20:26-07:00]
rchar: 180250670922
wchar: 85337612541
syscr: 21817584
syscw: 2913781
read_bytes: 32283378176
write_bytes: 85456879616
cancelled_write_bytes: 774144

[2019-04-22T03:20:29-07:00]
rchar: 180879353162
wchar: 85812979765
syscr: 21893611
syscw: 2916655
read_bytes: 32294887936
write_bytes: 85933056000
cancelled_write_bytes: 774144

[2019-04-22T03:20:32-07:00]
rchar: 181498717107
wchar: 86175890615
syscr: 21968568
syscw: 2925099
read_bytes: 32333939200
write_bytes: 86296530944
cancelled_write_bytes: 778240

[2019-04-22T03:20:35-07:00]
rchar: 181715523193
wchar: 86486088032
syscr: 21994854
syscw: 2928490
read_bytes: 32348471808
write_bytes: 86607237120
cancelled_write_bytes: 778240

[2019-04-22T03:20:38-07:00]
rchar: 182489004688
wchar: 86867417993
syscr: 22088520
syscw: 2939972
read_bytes: 32400527872
write_bytes: 86989111296
cancelled_write_bytes: 786432

[2019-04-22T03:20:41-07:00]
rchar: 183545138773
wchar: 87317037007
syscr: 22216541
syscw: 2958264
read_bytes: 32484635136
write_bytes: 87439306752
cancelled_write_bytes: 790528

[2019-04-22T03:20:44-07:00]
rchar: 184533859548
wchar: 87765016565
syscr: 22336386
syscw: 2974719
read_bytes: 32560026112
write_bytes: 87887896576
cancelled_write_bytes: 794624

[2019-04-22T03:20:47-07:00]
rchar: 185021878964
wchar: 88079045029
syscr: 22395530
syscw: 2980127
read_bytes: 32584098304
write_bytes: 88202383360
cancelled_write_bytes: 794624

[2019-04-22T03:20:50-07:00]
rchar: 185769772244
wchar: 88439356603
syscr: 22486192
syscw: 2992513
read_bytes: 32641495552
write_bytes: 88563187712
cancelled_write_bytes: 798720

[2019-04-22T03:20:53-07:00]
rchar: 186034347559
wchar: 88789977389
syscr: 22518179
syscw: 2995498
read_bytes: 32653668864
write_bytes: 88914399232
cancelled_write_bytes: 811008

[2019-04-22T03:20:56-07:00]
rchar: 187143154771
wchar: 89197992445
syscr: 22652583
syscw: 3012050
read_bytes: 32727740928
write_bytes: 89322954752
cancelled_write_bytes: 811008

[2019-04-22T03:20:59-07:00]
rchar: 187811764789
wchar: 89563734034
syscr: 22733626
syscw: 3019557
read_bytes: 32758878720
write_bytes: 89689223168
cancelled_write_bytes: 811008

[2019-04-22T03:21:02-07:00]
rchar: 189269194280
wchar: 89827558432
syscr: 22910324
syscw: 3048856
read_bytes: 32978514432
write_bytes: 89953284096
cancelled_write_bytes: 811008

[2019-04-22T03:21:05-07:00]
rchar: 189691718996
wchar: 90050999211
syscr: 22961552
syscw: 3057163
read_bytes: 33051439616
write_bytes: 90177060864
cancelled_write_bytes: 811008

[2019-04-22T03:21:08-07:00]
rchar: 190274839970
wchar: 90513783179
syscr: 23032205
syscw: 3060273
read_bytes: 33080324608
write_bytes: 90640519168
cancelled_write_bytes: 831488

[2019-04-22T03:21:11-07:00]
rchar: 190764999745
wchar: 90919182337
syscr: 23091514
syscw: 3061811
read_bytes: 33111196160
write_bytes: 91046555648
cancelled_write_bytes: 831488

[2019-04-22T03:21:14-07:00]
rchar: 191275058361
wchar: 91337138521
syscr: 23153214
syscw: 3063417
read_bytes: 33144496640
write_bytes: 91465199616
cancelled_write_bytes: 831488

[2019-04-22T03:21:17-07:00]
rchar: 191741380430
wchar: 91706553801
syscr: 23209581
syscw: 3065169
read_bytes: 33188188672
write_bytes: 91836063744
cancelled_write_bytes: 831488

[2019-04-22T03:21:20-07:00]
rchar: 192230561032
wchar: 92018499115
syscr: 23268886
syscw: 3072033
read_bytes: 33401098752
write_bytes: 92147609600
cancelled_write_bytes: 831488

[2019-04-22T03:21:23-07:00]
rchar: 192745951368
wchar: 92335785997
syscr: 23331377
syscw: 3079493
read_bytes: 33627038208
write_bytes: 92465319936
cancelled_write_bytes: 831488

[2019-04-22T03:21:26-07:00]
rchar: 193234013676
wchar: 92637948014
syscr: 23390499
syscw: 3086521
read_bytes: 33843118592
write_bytes: 92767907840
cancelled_write_bytes: 831488

[2019-04-22T03:21:29-07:00]
rchar: 193901120871
wchar: 93103554924
syscr: 23471350
syscw: 3094263
read_bytes: 34061537792
write_bytes: 93234147328
cancelled_write_bytes: 831488

[2019-04-22T03:21:32-07:00]
rchar: 194262164849
wchar: 93426715777
syscr: 23515105
syscw: 3095921
read_bytes: 34096648704
write_bytes: 93557780480
cancelled_write_bytes: 831488

[2019-04-22T03:21:35-07:00]
rchar: 194632663699
wchar: 93688942292
syscr: 23560020
syscw: 3100360
read_bytes: 34225439232
write_bytes: 93820338176
cancelled_write_bytes: 831488

[2019-04-22T03:21:38-07:00]
rchar: 195086754099
wchar: 93969939143
syscr: 23615078
syscw: 3107126
read_bytes: 34432688640
write_bytes: 94101721088
cancelled_write_bytes: 831488

[2019-04-22T03:21:41-07:00]
rchar: 195683198252
wchar: 94345204806
syscr: 23687310
syscw: 3115605
read_bytes: 34708017664
write_bytes: 94477553664
cancelled_write_bytes: 831488

[2019-04-22T03:21:44-07:00]
rchar: 196181122837
wchar: 94671232328
syscr: 23747653
syscw: 3122403
read_bytes: 34922664448
write_bytes: 94804013056
cancelled_write_bytes: 831488

[2019-04-22T03:21:47-07:00]
rchar: 196500215241
wchar: 95020334166
syscr: 23786279
syscw: 3127051
read_bytes: 35059773952
write_bytes: 95153684480
cancelled_write_bytes: 839680

[2019-04-22T03:21:50-07:00]
rchar: 197078449212
wchar: 95321987873
syscr: 23856382
syscw: 3134538
read_bytes: 35289928192
write_bytes: 95455727616
cancelled_write_bytes: 839680

[2019-04-22T03:21:53-07:00]
rchar: 197849499957
wchar: 95734850945
syscr: 23949803
syscw: 3144201
read_bytes: 35603939840
write_bytes: 95869181952
cancelled_write_bytes: 839680

[2019-04-22T03:21:56-07:00]
rchar: 198466238716
wchar: 96099244782
syscr: 24024577
syscw: 3151427
read_bytes: 35815035392
write_bytes: 96234049536
cancelled_write_bytes: 839680

[2019-04-22T03:21:59-07:00]
rchar: 198829640530
wchar: 96351888841
syscr: 24068588
syscw: 3154724
read_bytes: 35886932480
write_bytes: 96487104512
cancelled_write_bytes: 839680

[2019-04-22T03:22:02-07:00]
rchar: 199703039791
wchar: 96778032253
syscr: 24174470
syscw: 3168022
read_bytes: 36166353408
write_bytes: 96913813504
cancelled_write_bytes: 839680

[2019-04-22T03:22:05-07:00]
rchar: 200406773406
wchar: 97078247000
syscr: 24259767
syscw: 3180399
read_bytes: 36376977920
write_bytes: 97214423040
cancelled_write_bytes: 839680

[2019-04-22T03:22:08-07:00]
rchar: 201018331617
wchar: 97348863707
syscr: 24333893
syscw: 3192872
read_bytes: 36521345536
write_bytes: 97485414400
cancelled_write_bytes: 839680

[2019-04-22T03:22:11-07:00]
rchar: 201921583917
wchar: 97565264981
syscr: 24443330
syscw: 3211078
read_bytes: 36629619200
write_bytes: 97702100992
cancelled_write_bytes: 847872

[2019-04-22T03:22:14-07:00]
rchar: 203428426239
wchar: 98052429940
syscr: 24625997
syscw: 3234403
read_bytes: 36735541760
write_bytes: 98189889536
cancelled_write_bytes: 847872

[2019-04-22T03:22:17-07:00]
rchar: 204226839679
wchar: 98425612139
syscr: 24722769
syscw: 3244679
read_bytes: 36779274752
write_bytes: 98563596288
cancelled_write_bytes: 847872

[2019-04-22T03:22:20-07:00]
rchar: 204868609504
wchar: 98611766415
syscr: 24800578
syscw: 3255688
read_bytes: 36846236160
write_bytes: 98749972480
cancelled_write_bytes: 847872

[2019-04-22T03:22:23-07:00]
rchar: 205065070240
wchar: 98865058506
syscr: 24824306
syscw: 3258353
read_bytes: 36856816128
write_bytes: 99003695104
cancelled_write_bytes: 847872

[2019-04-22T03:22:26-07:00]
rchar: 206390706475
wchar: 99311058067
syscr: 24984995
syscw: 3275406
read_bytes: 36928324096
write_bytes: 99450298368
cancelled_write_bytes: 856064

[2019-04-22T03:22:29-07:00]
rchar: 207577130155
wchar: 99727352731
syscr: 25128823
syscw: 3290379
read_bytes: 36991869440
write_bytes: 99867156480
cancelled_write_bytes: 856064

[2019-04-22T03:22:32-07:00]
rchar: 208315083487
wchar: 100180561757
syscr: 25218191
syscw: 3295797
read_bytes: 37013086720
write_bytes: 100321378304
cancelled_write_bytes: 856064

[2019-04-22T03:22:35-07:00]
rchar: 208868053071
wchar: 100579157097
syscr: 25285093
syscw: 3298719
read_bytes: 37024006656
write_bytes: 100720357376
cancelled_write_bytes: 856064

[2019-04-22T03:22:38-07:00]
rchar: 209345263075
wchar: 100929191582
syscr: 25342782
syscw: 3301162
read_bytes: 37033124352
write_bytes: 101070979072
cancelled_write_bytes: 856064

[2019-04-22T03:22:41-07:00]
rchar: 210107913527
wchar: 101296687035
syscr: 25435156
syscw: 3317731
read_bytes: 37105242624
write_bytes: 101438963712
cancelled_write_bytes: 856064

[2019-04-22T03:22:44-07:00]
rchar: 210350403070
wchar: 101448753702
syscr: 25464544
syscw: 3321822
read_bytes: 37121868288
write_bytes: 101591257088
cancelled_write_bytes: 856064

[2019-04-22T03:22:47-07:00]
rchar: 210768578587
wchar: 101870824190
syscr: 25515144
syscw: 3327442
read_bytes: 37144453632
write_bytes: 102014042112
cancelled_write_bytes: 864256

[2019-04-22T03:22:50-07:00]
rchar: 211821774952
wchar: 102303896894
syscr: 25642811
syscw: 3346329
read_bytes: 37226209792
write_bytes: 102447669248
cancelled_write_bytes: 864256

[2019-04-22T03:22:53-07:00]
rchar: 212869989001
wchar: 102754714503
syscr: 25769878
syscw: 3365357
read_bytes: 37308383744
write_bytes: 102899712000
cancelled_write_bytes: 868352

[2019-04-22T03:22:56-07:00]
rchar: 213536263822
wchar: 103105243047
syscr: 25850629
syscw: 3375580
read_bytes: 37352874496
write_bytes: 103250083840
cancelled_write_bytes: 872448

[2019-04-22T03:22:59-07:00]
rchar: 214285397513
wchar: 103472938873
syscr: 25941440
syscw: 3387897
read_bytes: 37406978560
write_bytes: 103618265088
cancelled_write_bytes: 872448

[2019-04-22T03:23:02-07:00]
rchar: 214525653744
wchar: 103787976846
syscr: 25970558
syscw: 3391259
read_bytes: 37420622336
write_bytes: 103933820928
cancelled_write_bytes: 872448

[2019-04-22T03:23:05-07:00]
rchar: 215091992776
wchar: 104100741193
syscr: 26039117
syscw: 3397561
read_bytes: 37448630784
write_bytes: 104247050240
cancelled_write_bytes: 884736

[2019-04-22T03:23:08-07:00]
rchar: 216435090335
wchar: 104492581182
syscr: 26201938
syscw: 3420367
read_bytes: 37567025664
write_bytes: 104639377408
cancelled_write_bytes: 884736

[2019-04-22T03:23:11-07:00]
rchar: 217479645669
wchar: 104911323398
syscr: 26328555
syscw: 3435943
read_bytes: 37641081344
write_bytes: 105058668544
cancelled_write_bytes: 884736

[2019-04-22T03:23:14-07:00]
rchar: 218473995764
wchar: 105236356945
syscr: 26449093
syscw: 3452675
read_bytes: 37725983232
write_bytes: 105384136704
cancelled_write_bytes: 884736

[2019-04-22T03:23:17-07:00]
rchar: 218580871192
wchar: 105418441106
syscr: 26462053
syscw: 3455202
read_bytes: 37737886208
write_bytes: 105566543872
cancelled_write_bytes: 884736

[2019-04-22T03:23:20-07:00]
rchar: 220006696787
wchar: 105750505913
syscr: 26634826
syscw: 3477090
read_bytes: 37854814720
write_bytes: 105899020288
cancelled_write_bytes: 892928

[2019-04-22T03:23:23-07:00]
rchar: 220704193509
wchar: 106227329102
syscr: 26719279
syscw: 3481343
read_bytes: 37873889792
write_bytes: 106376626176
cancelled_write_bytes: 892928

[2019-04-22T03:23:26-07:00]
rchar: 221281123863
wchar: 106661095560
syscr: 26789025
syscw: 3484130
read_bytes: 37885989376
write_bytes: 106811129856
cancelled_write_bytes: 892928

[2019-04-22T03:23:29-07:00]
rchar: 221933466098
wchar: 107019971520
syscr: 26867957
syscw: 3494122
read_bytes: 37949678080
write_bytes: 107170566144
cancelled_write_bytes: 892928

[2019-04-22T03:23:32-07:00]
rchar: 222732265181
wchar: 107250979977
syscr: 26964804
syscw: 3519613
read_bytes: 38128849408
write_bytes: 107401777152
cancelled_write_bytes: 892928

[2019-04-22T03:23:35-07:00]
rchar: 223245524374
wchar: 107587333669
syscr: 27026952
syscw: 3531271
read_bytes: 38198436352
write_bytes: 107738652672
cancelled_write_bytes: 901120

[2019-04-22T03:23:38-07:00]
rchar: 224630122970
wchar: 107949836418
syscr: 27194816
syscw: 3561655
read_bytes: 38418567680
write_bytes: 108101545984
cancelled_write_bytes: 909312

[2019-04-22T03:23:41-07:00]
rchar: 225732188362
wchar: 108285434228
syscr: 27328424
syscw: 3584944
read_bytes: 38574543360
write_bytes: 108437532672
cancelled_write_bytes: 913408

[2019-04-22T03:23:44-07:00]
rchar: 226211270990
wchar: 108530637805
syscr: 27386424
syscw: 3594891
read_bytes: 38631698944
write_bytes: 108683112448
cancelled_write_bytes: 929792

[2019-04-22T03:23:47-07:00]
rchar: 227813649614
wchar: 108893348894
syscr: 27580700
syscw: 3623774
read_bytes: 38829699584
write_bytes: 109046239232
cancelled_write_bytes: 929792

[2019-04-22T03:23:50-07:00]
rchar: 229433722766
wchar: 109355588985
syscr: 27777099
syscw: 3651399
read_bytes: 38992925184
write_bytes: 109509242880
cancelled_write_bytes: 933888

[2019-04-22T03:23:53-07:00]
rchar: 229643198424
wchar: 109560353595
syscr: 27802485
syscw: 3654362
read_bytes: 39010791936
write_bytes: 109714141184
cancelled_write_bytes: 933888

[2019-04-22T03:23:56-07:00]
rchar: 230923884751
wchar: 110000593032
syscr: 27957682
syscw: 3671102
read_bytes: 39128396288
write_bytes: 110155010048
cancelled_write_bytes: 946176

[2019-04-22T03:23:59-07:00]
rchar: 231467167893
wchar: 110411353514
syscr: 28023351
syscw: 3673516
read_bytes: 39138513408
write_bytes: 110566461440
cancelled_write_bytes: 946176

[2019-04-22T03:24:02-07:00]
rchar: 232000037600
wchar: 110811410158
syscr: 28087796
syscw: 3675897
read_bytes: 39149138432
write_bytes: 110967185408
cancelled_write_bytes: 946176

[2019-04-22T03:24:05-07:00]
rchar: 232583720945
wchar: 111101966275
syscr: 28158434
syscw: 3686167
read_bytes: 39203435008
write_bytes: 111258173440
cancelled_write_bytes: 946176

[2019-04-22T03:24:08-07:00]
rchar: 233460364018
wchar: 111426562880
syscr: 28264715
syscw: 3710523
read_bytes: 39356404224
write_bytes: 111583141888
cancelled_write_bytes: 946176

[2019-04-22T03:24:11-07:00]
rchar: 233683328676
wchar: 111650663191
syscr: 28291747
syscw: 3717708
read_bytes: 39408136704
write_bytes: 111807590400
cancelled_write_bytes: 946176

[2019-04-22T03:24:14-07:00]
rchar: 234389279046
wchar: 111978256587
syscr: 28377239
syscw: 3729073
read_bytes: 39469556224
write_bytes: 112135634944
cancelled_write_bytes: 958464

[2019-04-22T03:24:17-07:00]
rchar: 235210822089
wchar: 112376303971
syscr: 28476819
syscw: 3742019
read_bytes: 39532925440
write_bytes: 112534253568
cancelled_write_bytes: 958464

[2019-04-22T03:24:20-07:00]
rchar: 235809230754
wchar: 112706666802
syscr: 28549355
syscw: 3750544
read_bytes: 39574331904
write_bytes: 112865669120
cancelled_write_bytes: 962560

[2019-04-22T03:24:23-07:00]
rchar: 236779487358
wchar: 113144584452
syscr: 28666962
syscw: 3767334
read_bytes: 39657980416
write_bytes: 113303580672
cancelled_write_bytes: 962560

[2019-04-22T03:24:26-07:00]
rchar: 237561366137
wchar: 113488646962
syscr: 28761752
syscw: 3781690
read_bytes: 39727686144
write_bytes: 113648095232
cancelled_write_bytes: 966656

[2019-04-22T03:24:29-07:00]
rchar: 237816488971
wchar: 113807435729
syscr: 28792589
syscw: 3784885
read_bytes: 39742427648
write_bytes: 113967419392
cancelled_write_bytes: 970752

[2019-04-22T03:24:32-07:00]
rchar: 238578981789
wchar: 114169824258
syscr: 28885010
syscw: 3794206
read_bytes: 39789208064
write_bytes: 114330345472
cancelled_write_bytes: 978944

[2019-04-22T03:24:35-07:00]
rchar: 239600180346
wchar: 114595650340
syscr: 29008804
syscw: 3808650
read_bytes: 39860044288
write_bytes: 114756747264
cancelled_write_bytes: 978944

[2019-04-22T03:24:38-07:00]
rchar: 240202924391
wchar: 114920244645
syscr: 29081849
syscw: 3815609
read_bytes: 39893430784
write_bytes: 115081805824
cancelled_write_bytes: 978944

[2019-04-22T03:24:41-07:00]
rchar: 241413110350
wchar: 115251647631
syscr: 29228572
syscw: 3837623
read_bytes: 40037011968
write_bytes: 115413610496
cancelled_write_bytes: 991232

[2019-04-22T03:24:44-07:00]
rchar: 242024077352
wchar: 115488272485
syscr: 29302649
syscw: 3849842
read_bytes: 40155824640
write_bytes: 115650551808
cancelled_write_bytes: 991232

[2019-04-22T03:24:47-07:00]
rchar: 242426885336
wchar: 115844256195
syscr: 29351430
syscw: 3851877
read_bytes: 40182006272
write_bytes: 116007120896
cancelled_write_bytes: 999424

[2019-04-22T03:24:50-07:00]
rchar: 242818715677
wchar: 116176083070
syscr: 29398823
syscw: 3852947
read_bytes: 40208695808
write_bytes: 116339499008
cancelled_write_bytes: 999424

[2019-04-22T03:24:53-07:00]
rchar: 243176134469
wchar: 116472003311
syscr: 29442021
syscw: 3854099
read_bytes: 40241017344
write_bytes: 116635910144
cancelled_write_bytes: 999424

[2019-04-22T03:24:56-07:00]
rchar: 243560954877
wchar: 116788504272
syscr: 29488523
syscw: 3855326
read_bytes: 40273306112
write_bytes: 116952932352
cancelled_write_bytes: 999424

[2019-04-22T03:24:59-07:00]
rchar: 244090180659
wchar: 117145875688
syscr: 29552658
syscw: 3861529
read_bytes: 40485847552
write_bytes: 117310775296
cancelled_write_bytes: 999424

[2019-04-22T03:25:02-07:00]
rchar: 244767049023
wchar: 117579797237
syscr: 29634738
syscw: 3870674
read_bytes: 40809853440
write_bytes: 117745254400
cancelled_write_bytes: 999424

[2019-04-22T03:25:05-07:00]
rchar: 245262788705
wchar: 117894905896
syscr: 29694807
syscw: 3877655
read_bytes: 41034502656
write_bytes: 118060826624
cancelled_write_bytes: 999424

[2019-04-22T03:25:08-07:00]
rchar: 245860820567
wchar: 118318714316
syscr: 29767265
syscw: 3883884
read_bytes: 41245360640
write_bytes: 118485229568
cancelled_write_bytes: 999424

[2019-04-22T03:25:11-07:00]
rchar: 246403361143
wchar: 118655534822
syscr: 29833018
syscw: 3891638
read_bytes: 41488622080
write_bytes: 118822514688
cancelled_write_bytes: 999424

[2019-04-22T03:25:14-07:00]
rchar: 246981691752
wchar: 119011335301
syscr: 29903119
syscw: 3899773
read_bytes: 41746354688
write_bytes: 119178780672
cancelled_write_bytes: 999424

[2019-04-22T03:25:17-07:00]
rchar: 247507437418
wchar: 119337010239
syscr: 29966838
syscw: 3907065
read_bytes: 41984709120
write_bytes: 119504928768
cancelled_write_bytes: 999424

[2019-04-22T03:25:20-07:00]
rchar: 248154354368
wchar: 119768014484
syscr: 30045258
syscw: 3915275
read_bytes: 42244268544
write_bytes: 119936507904
cancelled_write_bytes: 999424

[2019-04-22T03:25:23-07:00]
rchar: 248325537739
wchar: 120032390929
syscr: 30065941
syscw: 3917803
read_bytes: 42318402048
write_bytes: 120201318400
cancelled_write_bytes: 1007616

[2019-04-22T03:25:26-07:00]
rchar: 248992209812
wchar: 120393413005
syscr: 30146729
syscw: 3925807
read_bytes: 42555593216
write_bytes: 120563744768
cancelled_write_bytes: 1007616

[2019-04-22T03:25:29-07:00]
rchar: 249593661051
wchar: 120715550644
syscr: 30219611
syscw: 3933321
read_bytes: 42787996160
write_bytes: 120885440512
cancelled_write_bytes: 1007616

[2019-04-22T03:25:32-07:00]
rchar: 250293324182
wchar: 121128804124
syscr: 30304432
syscw: 3941129
read_bytes: 43018097152
write_bytes: 121299247104
cancelled_write_bytes: 1007616

[2019-04-22T03:25:35-07:00]
rchar: 250905508125
wchar: 121450418811
syscr: 30378617
syscw: 3949083
read_bytes: 43251601920
write_bytes: 121622089728
cancelled_write_bytes: 1007616

[2019-04-22T03:25:38-07:00]
rchar: 251494836024
wchar: 121768595506
syscr: 30450045
syscw: 3956607
read_bytes: 43462382080
write_bytes: 121939918848
cancelled_write_bytes: 1007616

[2019-04-22T03:25:41-07:00]
rchar: 252166202390
wchar: 122106692011
syscr: 30531425
syscw: 3966449
read_bytes: 43683770880
write_bytes: 122278510592
cancelled_write_bytes: 1007616

[2019-04-22T03:25:44-07:00]
rchar: 252866991097
wchar: 122429683130
syscr: 30616366
syscw: 3977820
read_bytes: 43886604800
write_bytes: 122601943040
cancelled_write_bytes: 1007616

[2019-04-22T03:25:47-07:00]
rchar: 253249457121
wchar: 122655613174
syscr: 30662739
syscw: 3985438
read_bytes: 43986084352
write_bytes: 122828222464
cancelled_write_bytes: 1007616

[2019-04-22T03:25:50-07:00]
rchar: 254178328442
wchar: 122993428687
syscr: 30775258
syscw: 4000335
read_bytes: 44188119552
write_bytes: 123166502912
cancelled_write_bytes: 1015808

[2019-04-22T03:25:53-07:00]
rchar: 255527471382
wchar: 123418198682
syscr: 30938821
syscw: 4020642
read_bytes: 44507267584
write_bytes: 123591770112
cancelled_write_bytes: 1015808

[2019-04-22T03:25:56-07:00]
rchar: 256760991250
wchar: 123780698928
syscr: 31088362
syscw: 4040431
read_bytes: 44790878720
write_bytes: 123954720768
cancelled_write_bytes: 1015808

[2019-04-22T03:25:59-07:00]
rchar: 257305392449
wchar: 124052439293
syscr: 31154282
syscw: 4049873
read_bytes: 44890341888
write_bytes: 124226887680
cancelled_write_bytes: 1024000

[2019-04-22T03:26:02-07:00]
rchar: 259424689255
wchar: 124296763318
syscr: 31411232
syscw: 4083991
read_bytes: 45138620928
write_bytes: 124471398400
cancelled_write_bytes: 1024000

[2019-04-22T03:26:05-07:00]
rchar: 261144867891
wchar: 124598692128
syscr: 31619777
syscw: 4109832
read_bytes: 45359124992
write_bytes: 124773625856
cancelled_write_bytes: 1024000

[2019-04-22T03:26:08-07:00]
rchar: 261255576816
wchar: 124780907112
syscr: 31633200
syscw: 4111819
read_bytes: 45370106368
write_bytes: 124956168192
cancelled_write_bytes: 1024000

[2019-04-22T03:26:11-07:00]
rchar: 261799037900
wchar: 125172573339
syscr: 31699003
syscw: 4114272
read_bytes: 45388616192
write_bytes: 125348470784
cancelled_write_bytes: 1032192

[2019-04-22T03:26:14-07:00]
rchar: 262240899701
wchar: 125518540926
syscr: 31752571
syscw: 4115761
read_bytes: 45405561344
write_bytes: 125694984192
cancelled_write_bytes: 1032192

[2019-04-22T03:26:17-07:00]
rchar: 262790599233
wchar: 125944278614
syscr: 31819217
syscw: 4117699
read_bytes: 45421994496
write_bytes: 126121426944
cancelled_write_bytes: 1032192

[2019-04-22T03:26:20-07:00]
rchar: 263636361762
wchar: 126450185360
syscr: 31921401
syscw: 4127844
read_bytes: 45529367040
write_bytes: 126628089856
cancelled_write_bytes: 1032192

[2019-04-22T03:26:23-07:00]
rchar: 264250391440
wchar: 126785696054
syscr: 31995808
syscw: 4136800
read_bytes: 45630276096
write_bytes: 126964092928
cancelled_write_bytes: 1032192

[2019-04-22T03:26:26-07:00]
rchar: 265222849955
wchar: 127209450850
syscr: 32113691
syscw: 4154411
read_bytes: 45833634304
write_bytes: 127388401664
cancelled_write_bytes: 1032192

[2019-04-22T03:26:29-07:00]
rchar: 266105186976
wchar: 127659760733
syscr: 32220631
syscw: 4168735
read_bytes: 45969609216
write_bytes: 127839358976
cancelled_write_bytes: 1032192

[2019-04-22T03:26:32-07:00]
rchar: 266535031483
wchar: 127923374428
syscr: 32272725
syscw: 4174328
read_bytes: 46011212288
write_bytes: 128103366656
cancelled_write_bytes: 1032192

[2019-04-22T03:26:35-07:00]
rchar: 267218595847
wchar: 128216129358
syscr: 32355525
syscw: 4187896
read_bytes: 46115598848
write_bytes: 128396541952
cancelled_write_bytes: 1040384

[2019-04-22T03:26:38-07:00]
rchar: 268503268416
wchar: 128650991683
syscr: 32511285
syscw: 4209542
read_bytes: 46240162304
write_bytes: 128831967232
cancelled_write_bytes: 1040384

[2019-04-22T03:26:41-07:00]
rchar: 268924463164
wchar: 128980621123
syscr: 32562178
syscw: 4211746
read_bytes: 46250492416
write_bytes: 129162158080
cancelled_write_bytes: 1040384

[2019-04-22T03:26:44-07:00]
rchar: 269516723904
wchar: 129461199355
syscr: 32633784
syscw: 4214346
read_bytes: 46261760512
write_bytes: 129643540480
cancelled_write_bytes: 1040384

[2019-04-22T03:26:47-07:00]
rchar: 270150033327
wchar: 129888286675
syscr: 32710424
syscw: 4220944
read_bytes: 46293893632
write_bytes: 130071318528
cancelled_write_bytes: 1040384

[2019-04-22T03:26:50-07:00]
rchar: 270940826738
wchar: 130264527231
syscr: 32806280
syscw: 4239733
read_bytes: 46393369088
write_bytes: 130448052224
cancelled_write_bytes: 1040384

[2019-04-22T03:26:53-07:00]
rchar: 271109194562
wchar: 130556475523
syscr: 32826610
syscw: 4241649
read_bytes: 46402175488
write_bytes: 130740486144
cancelled_write_bytes: 1040384

[2019-04-22T03:26:56-07:00]
rchar: 271979242623
wchar: 130974343842
syscr: 32932073
syscw: 4255148
read_bytes: 46471954944
write_bytes: 131158949888
cancelled_write_bytes: 1052672

[2019-04-22T03:27:00-07:00]
rchar: 272500745033
wchar: 131284167186
syscr: 32995270
syscw: 4261768
read_bytes: 46505251328
write_bytes: 131469217792
cancelled_write_bytes: 1056768

[2019-04-22T03:27:03-07:00]
rchar: 273665540241
wchar: 131704211938
syscr: 33136481
syscw: 4285105
read_bytes: 46647394816
write_bytes: 131889770496
cancelled_write_bytes: 1056768

[2019-04-22T03:27:06-07:00]
rchar: 274526494215
wchar: 132097453586
syscr: 33240836
syscw: 4300237
read_bytes: 46725652992
write_bytes: 132283592704
cancelled_write_bytes: 1060864

[2019-04-22T03:27:09-07:00]
rchar: 274787423682
wchar: 132340542041
syscr: 33272474
syscw: 4304382
read_bytes: 46745559552
write_bytes: 132527058944
cancelled_write_bytes: 1060864

[2019-04-22T03:27:12-07:00]
rchar: 275630922206
wchar: 132678877515
syscr: 33374645
syscw: 4317794
read_bytes: 46831882752
write_bytes: 132865875968
cancelled_write_bytes: 1073152

[2019-04-22T03:27:15-07:00]
rchar: 276965964167
wchar: 133147069927
syscr: 33536481
syscw: 4338606
read_bytes: 46944915968
write_bytes: 133334671360
cancelled_write_bytes: 1073152

[2019-04-22T03:27:18-07:00]
rchar: 277923931155
wchar: 133535428669
syscr: 33652597
syscw: 4352840
read_bytes: 47014957568
write_bytes: 133723586560
cancelled_write_bytes: 1077248

[2019-04-22T03:27:21-07:00]
rchar: 278812908014
wchar: 133811404344
syscr: 33760364
syscw: 4368244
read_bytes: 47098413568
write_bytes: 133999906816
cancelled_write_bytes: 1081344

[2019-04-22T03:27:24-07:00]
rchar: 279687105125
wchar: 134141611242
syscr: 33866273
syscw: 4382647
read_bytes: 47180288512
write_bytes: 134330593280
cancelled_write_bytes: 1093632

[2019-04-22T03:27:27-07:00]
rchar: 280502566472
wchar: 134710214314
syscr: 33964996
syscw: 4387571
read_bytes: 47201473024
write_bytes: 134900109312
cancelled_write_bytes: 1093632

[2019-04-22T03:27:30-07:00]
rchar: 281129236714
wchar: 135183226956
syscr: 34040788
syscw: 4390579
read_bytes: 47214174720
write_bytes: 135373930496
cancelled_write_bytes: 1093632

[2019-04-22T03:27:33-07:00]
rchar: 281511579778
wchar: 135433807959
syscr: 34086987
syscw: 4394111
read_bytes: 47230525952
write_bytes: 135624916992
cancelled_write_bytes: 1093632

[2019-04-22T03:27:36-07:00]
rchar: 282426773450
wchar: 135882752633
syscr: 34197931
syscw: 4413592
read_bytes: 47329047040
write_bytes: 136074567680
cancelled_write_bytes: 1093632

[2019-04-22T03:27:39-07:00]
rchar: 283289204312
wchar: 136344572877
syscr: 34302476
syscw: 4430967
read_bytes: 47415816704
write_bytes: 136537886720
cancelled_write_bytes: 1097728

[2019-04-22T03:27:42-07:00]
rchar: 283394338481
wchar: 136465713521
syscr: 34315217
syscw: 4433063
read_bytes: 47426032128
write_bytes: 136658219008
cancelled_write_bytes: 1097728

[2019-04-22T03:27:45-07:00]
rchar: 284120760267
wchar: 136703823584
syscr: 34403211
syscw: 4450343
read_bytes: 47535497728
write_bytes: 136896634880
cancelled_write_bytes: 1110016

[2019-04-22T03:27:48-07:00]
rchar: 285435004244
wchar: 137149872038
syscr: 34562537
syscw: 4475367
read_bytes: 47690281472
write_bytes: 137343229952
cancelled_write_bytes: 1110016

[2019-04-22T03:27:51-07:00]
rchar: 286138440009
wchar: 137515022960
syscr: 34647796
syscw: 4485879
read_bytes: 47740875264
write_bytes: 137708888064
cancelled_write_bytes: 1114112

[2019-04-22T03:27:54-07:00]
rchar: 286676171464
wchar: 137930148227
syscr: 34712980
syscw: 4495217
read_bytes: 47784796672
write_bytes: 138124656640
cancelled_write_bytes: 1114112

[2019-04-22T03:27:57-07:00]
rchar: 287638728979
wchar: 138259198364
syscr: 34829576
syscw: 4509269
read_bytes: 47872860672
write_bytes: 138454159360
cancelled_write_bytes: 1126400

[2019-04-22T03:28:00-07:00]
rchar: 288748495591
wchar: 138613060966
syscr: 34964116
syscw: 4526888
read_bytes: 47974273536
write_bytes: 138808463360
cancelled_write_bytes: 1126400

[2019-04-22T03:28:03-07:00]
rchar: 289913415452
wchar: 139064706437
syscr: 35105316
syscw: 4544321
read_bytes: 48054350336
write_bytes: 139260715008
cancelled_write_bytes: 1126400

[2019-04-22T03:28:06-07:00]
rchar: 290630897615
wchar: 139375199108
syscr: 35192286
syscw: 4554689
read_bytes: 48108413440
write_bytes: 139571654656
cancelled_write_bytes: 1130496

[2019-04-22T03:28:09-07:00]
rchar: 290871990362
wchar: 139582724192
syscr: 35221522
syscw: 4559941
read_bytes: 48148189696
write_bytes: 139779510272
cancelled_write_bytes: 1130496

[2019-04-22T03:28:12-07:00]
rchar: 292714908094
wchar: 139921654544
syscr: 35444874
syscw: 4586812
read_bytes: 48421872128
write_bytes: 140118786048
cancelled_write_bytes: 1138688

[2019-04-22T03:28:15-07:00]
rchar: 293974924110
wchar: 140354734244
syscr: 35597642
syscw: 4602511
read_bytes: 48564638208
write_bytes: 140552478720
cancelled_write_bytes: 1138688

[2019-04-22T03:28:18-07:00]
rchar: 294631333107
wchar: 140841468473
syscr: 35676994
syscw: 4605819
read_bytes: 48577085952
write_bytes: 141040058368
cancelled_write_bytes: 1138688

[2019-04-22T03:28:21-07:00]
rchar: 295232987536
wchar: 141230834559
syscr: 35749745
syscw: 4611410
read_bytes: 48601080320
write_bytes: 141430063104
cancelled_write_bytes: 1138688

[2019-04-22T03:28:24-07:00]
rchar: 295882775545
wchar: 141623035492
syscr: 35828506
syscw: 4622459
read_bytes: 48650285568
write_bytes: 141822816256
cancelled_write_bytes: 1138688

[2019-04-22T03:28:27-07:00]
rchar: 296104580549
wchar: 141852997648
syscr: 35855314
syscw: 4627517
read_bytes: 48679883264
write_bytes: 142053171200
cancelled_write_bytes: 1150976

[2019-04-22T03:28:30-07:00]
rchar: 297465704340
wchar: 142157503387
syscr: 36020332
syscw: 4657705
read_bytes: 48836211200
write_bytes: 142357962752
cancelled_write_bytes: 1150976

[2019-04-22T03:28:33-07:00]
rchar: 298834587630
wchar: 142609349174
syscr: 36186285
syscw: 4686050
read_bytes: 49010962944
write_bytes: 142810349568
cancelled_write_bytes: 1150976

[2019-04-22T03:28:36-07:00]
rchar: 299008384497
wchar: 142833222055
syscr: 36207284
syscw: 4689598
read_bytes: 49032655360
write_bytes: 143034589184
cancelled_write_bytes: 1155072

[2019-04-22T03:28:39-07:00]
rchar: 299592247280
wchar: 143307681349
syscr: 36278040
syscw: 4692249
read_bytes: 49045340672
write_bytes: 143509766144
cancelled_write_bytes: 1163264

[2019-04-22T03:28:42-07:00]
rchar: 300133525037
wchar: 143733981309
syscr: 36343623
syscw: 4694799
read_bytes: 49057776128
write_bytes: 143936708608
cancelled_write_bytes: 1163264

[2019-04-22T03:28:45-07:00]
rchar: 300737934904
wchar: 144209499069
syscr: 36416855
syscw: 4697625
read_bytes: 49069052416
write_bytes: 144412954624
cancelled_write_bytes: 1163264

[2019-04-22T03:28:48-07:00]
rchar: 301299740846
wchar: 144640603722
syscr: 36484922
syscw: 4700705
read_bytes: 49081623040
write_bytes: 144844722176
cancelled_write_bytes: 1163264

[2019-04-22T03:28:51-07:00]
rchar: 302175206219
wchar: 145181107893
syscr: 36591021
syscw: 4708671
read_bytes: 49123856896
write_bytes: 145386070016
cancelled_write_bytes: 1163264

[2019-04-22T03:28:54-07:00]
rchar: 303265047806
wchar: 145443525151
syscr: 36723139
syscw: 4728894
read_bytes: 49238946304
write_bytes: 145648787456
cancelled_write_bytes: 1179648

[2019-04-22T03:28:57-07:00]
rchar: 304523532210
wchar: 145704067495
syscr: 36875721
syscw: 4752162
read_bytes: 49475125760
write_bytes: 145909579776
cancelled_write_bytes: 1179648

[2019-04-22T03:29:00-07:00]
rchar: 304944724971
wchar: 146167182115
syscr: 36926740
syscw: 4754969
read_bytes: 49502880256
write_bytes: 146373414912
cancelled_write_bytes: 1187840

[2019-04-22T03:29:03-07:00]
rchar: 305308089027
wchar: 146475064591
syscr: 36970802
syscw: 4756089
read_bytes: 49525006848
write_bytes: 146681769984
cancelled_write_bytes: 1187840

[2019-04-22T03:29:06-07:00]
rchar: 305878498791
wchar: 146941527274
syscr: 37039797
syscw: 4757758
read_bytes: 49558077952
write_bytes: 147148980224
cancelled_write_bytes: 1187840

[2019-04-22T03:29:09-07:00]
rchar: 306250152084
wchar: 147251829510
syscr: 37084729
syscw: 4758923
read_bytes: 49585922560
write_bytes: 147459805184
cancelled_write_bytes: 1187840

[2019-04-22T03:29:12-07:00]
rchar: 306740433247
wchar: 147645606851
syscr: 37144053
syscw: 4760510
read_bytes: 49624490496
write_bytes: 147854196736
cancelled_write_bytes: 1187840

[2019-04-22T03:29:15-07:00]
rchar: 307226636459
wchar: 147951855825
syscr: 37202995
syscw: 4767121
read_bytes: 49838514688
write_bytes: 148160839680
cancelled_write_bytes: 1187840

[2019-04-22T03:29:18-07:00]
rchar: 307901905135
wchar: 148384209301
syscr: 37284866
syscw: 4775731
read_bytes: 50138767872
write_bytes: 148593803264
cancelled_write_bytes: 1187840

[2019-04-22T03:29:21-07:00]
rchar: 308412123755
wchar: 148698642821
syscr: 37346699
syscw: 4782847
read_bytes: 50357256704
write_bytes: 148908650496
cancelled_write_bytes: 1187840

[2019-04-22T03:29:24-07:00]
rchar: 308895301848
wchar: 149012920153
syscr: 37405252
syscw: 4788752
read_bytes: 50546663936
write_bytes: 149223354368
cancelled_write_bytes: 1187840

[2019-04-22T03:29:27-07:00]
rchar: 309229976629
wchar: 149229244833
syscr: 37445800
syscw: 4792995
read_bytes: 50680443392
write_bytes: 149440012288
cancelled_write_bytes: 1187840

[2019-04-22T03:29:30-07:00]
rchar: 309845652517
wchar: 149612221044
syscr: 37520423
syscw: 4801152
read_bytes: 50952503808
write_bytes: 149823508480
cancelled_write_bytes: 1187840

[2019-04-22T03:29:33-07:00]
rchar: 310509879445
wchar: 150032769428
syscr: 37600947
syscw: 4809707
read_bytes: 51250860544
write_bytes: 150244679680
cancelled_write_bytes: 1187840

[2019-04-22T03:29:36-07:00]
rchar: 311031201565
wchar: 150378228623
syscr: 37664123
syscw: 4816131
read_bytes: 51461558784
write_bytes: 150590545920
cancelled_write_bytes: 1187840

[2019-04-22T03:29:39-07:00]
rchar: 311540607715
wchar: 150709712169
syscr: 37725876
syscw: 4822607
read_bytes: 51674554880
write_bytes: 150922481664
cancelled_write_bytes: 1187840

[2019-04-22T03:29:42-07:00]
rchar: 311753400378
wchar: 150998067293
syscr: 37751584
syscw: 4825344
read_bytes: 51760853504
write_bytes: 151211323392
cancelled_write_bytes: 1196032

[2019-04-22T03:29:45-07:00]
rchar: 312425132725
wchar: 151363492039
syscr: 37832979
syscw: 4833121
read_bytes: 52021809664
write_bytes: 151577260032
cancelled_write_bytes: 1196032

[2019-04-22T03:29:48-07:00]
rchar: 312979602194
wchar: 151730868919
syscr: 37900179
syscw: 4837916
read_bytes: 52173009408
write_bytes: 151945166848
cancelled_write_bytes: 1196032

[2019-04-22T03:29:51-07:00]
rchar: 313521175307
wchar: 152065847400
syscr: 37965828
syscw: 4843647
read_bytes: 52343910912
write_bytes: 152280977408
cancelled_write_bytes: 1196032

[2019-04-22T03:29:54-07:00]
rchar: 314159355492
wchar: 152449477032
syscr: 38043178
syscw: 4850539
read_bytes: 52550197760
write_bytes: 152664768512
cancelled_write_bytes: 1196032

[2019-04-22T03:29:57-07:00]
rchar: 314768011053
wchar: 152772143039
syscr: 38116948
syscw: 4858418
read_bytes: 52773962240
write_bytes: 152987877376
cancelled_write_bytes: 1196032

[2019-04-22T03:30:00-07:00]
rchar: 315325780011
wchar: 153058932910
syscr: 38184537
syscw: 4865971
read_bytes: 52979479040
write_bytes: 153275076608
cancelled_write_bytes: 1196032

[2019-04-22T03:30:03-07:00]
rchar: 316108489678
wchar: 153476034810
syscr: 38279425
syscw: 4875875
read_bytes: 53241737728
write_bytes: 153692741632
cancelled_write_bytes: 1196032

[2019-04-22T03:30:06-07:00]
rchar: 316788810449
wchar: 153821005277
syscr: 38361892
syscw: 4885284
read_bytes: 53486854656
write_bytes: 154038173696
cancelled_write_bytes: 1196032

[2019-04-22T03:30:09-07:00]
rchar: 317257718752
wchar: 154061439491
syscr: 38418716
syscw: 4891849
read_bytes: 53656621568
write_bytes: 154278952960
cancelled_write_bytes: 1196032

[2019-04-22T03:30:12-07:00]
rchar: 317545071699
wchar: 154361257415
syscr: 38453458
syscw: 4895496
read_bytes: 53753291264
write_bytes: 154579279872
cancelled_write_bytes: 1204224

[2019-04-22T03:30:15-07:00]
rchar: 318629788038
wchar: 154861691158
syscr: 38584966
syscw: 4907642
read_bytes: 54119801344
write_bytes: 155080372224
cancelled_write_bytes: 1204224

[2019-04-22T03:30:18-07:00]
rchar: 319361887042
wchar: 155180323691
syscr: 38673695
syscw: 4916646
read_bytes: 54360740352
write_bytes: 155399442432
cancelled_write_bytes: 1204224

[2019-04-22T03:30:21-07:00]
rchar: 320181083276
wchar: 155543899685
syscr: 38772994
syscw: 4926747
read_bytes: 54633452032
write_bytes: 155763486720
cancelled_write_bytes: 1204224

[2019-04-22T03:30:24-07:00]
rchar: 320989793217
wchar: 155892030510
syscr: 38871030
syscw: 4937013
read_bytes: 54904332800
write_bytes: 156112302080
cancelled_write_bytes: 1204224

[2019-04-22T03:30:27-07:00]
rchar: 321939297598
wchar: 156286252644
syscr: 38986118
syscw: 4949602
read_bytes: 55218823680
write_bytes: 156506861568
cancelled_write_bytes: 1204224

[2019-04-22T03:30:30-07:00]
rchar: 322689631158
wchar: 156574787520
syscr: 39077070
syscw: 4960374
read_bytes: 55462760960
write_bytes: 156795793408
cancelled_write_bytes: 1204224

[2019-04-22T03:30:33-07:00]
rchar: 323271165039
wchar: 156895838066
syscr: 39147486
syscw: 4968733
read_bytes: 55607411200
write_bytes: 157117333504
cancelled_write_bytes: 1212416

[2019-04-22T03:30:36-07:00]
rchar: 324972502562
wchar: 157299480895
syscr: 39353743
syscw: 4992576
read_bytes: 55981105664
write_bytes: 157521461248
cancelled_write_bytes: 1212416

[2019-04-22T03:30:39-07:00]
rchar: 326891821423
wchar: 157652005525
syscr: 39586432
syscw: 5022523
read_bytes: 56352616960
write_bytes: 157874364416
cancelled_write_bytes: 1212416

[2019-04-22T03:30:42-07:00]
rchar: 327200225796
wchar: 157888415752
syscr: 39623753
syscw: 5027030
read_bytes: 56395874816
write_bytes: 158111170560
cancelled_write_bytes: 1220608

[2019-04-22T03:30:45-07:00]
rchar: 327783950213
wchar: 158335724033
syscr: 39694404
syscw: 5029064
read_bytes: 56409891328
write_bytes: 158559215616
cancelled_write_bytes: 1220608

[2019-04-22T03:30:48-07:00]
rchar: 328465751963
wchar: 158840807270
syscr: 39776840
syscw: 5031558
read_bytes: 56431223296
write_bytes: 159065161728
cancelled_write_bytes: 1220608

[2019-04-22T03:30:51-07:00]
rchar: 329574433431
wchar: 159312718865
syscr: 39911043
syscw: 5041390
read_bytes: 56529011200
write_bytes: 159537811456
cancelled_write_bytes: 1220608

[2019-04-22T03:30:54-07:00]
rchar: 330537991197
wchar: 159586436617
syscr: 40027831
syscw: 5068369
read_bytes: 56741634560
write_bytes: 159811866624
cancelled_write_bytes: 1220608

[2019-04-22T03:30:57-07:00]
rchar: 331264968548
wchar: 159827969336
syscr: 40115971
syscw: 5091995
read_bytes: 56977834496
write_bytes: 160053596160
cancelled_write_bytes: 1220608

[2019-04-22T03:31:00-07:00]
rchar: 332212076979
wchar: 160208577672
syscr: 40230721
syscw: 5115066
read_bytes: 57184137728
write_bytes: 160434720768
cancelled_write_bytes: 1228800

[2019-04-22T03:31:03-07:00]
rchar: 333551842302
wchar: 160534712102
syscr: 40393154
syscw: 5147507
read_bytes: 57464713728
write_bytes: 160761167872
cancelled_write_bytes: 1228800

[2019-04-22T03:31:06-07:00]
rchar: 334189611803
wchar: 160851097919
syscr: 40470397
syscw: 5162285
read_bytes: 57577005568
write_bytes: 161078026240
cancelled_write_bytes: 1241088

[2019-04-22T03:31:09-07:00]
rchar: 335803497904
wchar: 161148248441
syscr: 40666070
syscw: 5193205
read_bytes: 57829454336
write_bytes: 161375477760
cancelled_write_bytes: 1241088

[2019-04-22T03:31:12-07:00]
rchar: 337337113442
wchar: 161499282664
syscr: 40852000
syscw: 5221977
read_bytes: 58042544640
write_bytes: 161726898176
cancelled_write_bytes: 1245184

[2019-04-22T03:31:15-07:00]
rchar: 337586798149
wchar: 161709015401
syscr: 40882186
syscw: 5226417
read_bytes: 58074587648
write_bytes: 161936994304
cancelled_write_bytes: 1257472

[2019-04-22T03:31:18-07:00]
rchar: 339090630848
wchar: 162044703644
syscr: 41064495
syscw: 5248708
read_bytes: 58242699776
write_bytes: 162273067008
cancelled_write_bytes: 1257472

[2019-04-22T03:31:21-07:00]
rchar: 341050524884
wchar: 162387156165
syscr: 41302112
syscw: 5280285
read_bytes: 58507588096
write_bytes: 162615869440
cancelled_write_bytes: 1257472

[2019-04-22T03:31:24-07:00]
rchar: 341636487961
wchar: 162648725631
syscr: 41373155
syscw: 5290248
read_bytes: 58584850944
write_bytes: 162877829120
cancelled_write_bytes: 1257472

[2019-04-22T03:31:27-07:00]
rchar: 342157132866
wchar: 163049651379
syscr: 41436211
syscw: 5292191
read_bytes: 58603246080
write_bytes: 163279413248
cancelled_write_bytes: 1265664

[2019-04-22T03:31:30-07:00]
rchar: 342774649470
wchar: 163539859548
syscr: 41511073
syscw: 5294062
read_bytes: 58619744768
write_bytes: 163770441728
cancelled_write_bytes: 1265664

[2019-04-22T03:31:33-07:00]
rchar: 343250126693
wchar: 163772978905
syscr: 41568384
syscw: 5301460
read_bytes: 58751721984
write_bytes: 164003872768
cancelled_write_bytes: 1265664

[2019-04-22T03:31:36-07:00]
rchar: 344259831676
wchar: 164327572150
syscr: 41690770
syscw: 5316321
read_bytes: 59007255040
write_bytes: 164559237120
cancelled_write_bytes: 1265664

[2019-04-22T03:31:39-07:00]
rchar: 344969745915
wchar: 164698578696
syscr: 41776809
syscw: 5327851
read_bytes: 59171668480
write_bytes: 164930785280
cancelled_write_bytes: 1265664

[2019-04-22T03:31:42-07:00]
rchar: 345699865643
wchar: 165110144991
syscr: 41865295
syscw: 5338681
read_bytes: 59320730112
write_bytes: 165343043584
cancelled_write_bytes: 1265664

[2019-04-22T03:31:45-07:00]
rchar: 346397136167
wchar: 165476458253
syscr: 41949821
syscw: 5350072
read_bytes: 59528286720
write_bytes: 165709742080
cancelled_write_bytes: 1265664

[2019-04-22T03:31:48-07:00]
rchar: 346813524817
wchar: 165716290565
syscr: 42000270
syscw: 5356383
read_bytes: 59614151168
write_bytes: 165949927424
cancelled_write_bytes: 1265664

[2019-04-22T03:31:51-07:00]
rchar: 347374694080
wchar: 166111132222
syscr: 42068200
syscw: 5365185
read_bytes: 59733209600
write_bytes: 166345379840
cancelled_write_bytes: 1273856

[2019-04-22T03:31:54-07:00]
rchar: 348113360532
wchar: 166417170803
syscr: 42157746
syscw: 5376197
read_bytes: 59844952576
write_bytes: 166651854848
cancelled_write_bytes: 1273856

[2019-04-22T03:31:57-07:00]
rchar: 349340868775
wchar: 166834346662
syscr: 42306547
syscw: 5397293
read_bytes: 60116791808
write_bytes: 167069573120
cancelled_write_bytes: 1273856

[2019-04-22T03:32:00-07:00]
rchar: 350581555967
wchar: 167142857667
syscr: 42456964
syscw: 5421977
read_bytes: 60345287168
write_bytes: 167378432000
cancelled_write_bytes: 1273856

[2019-04-22T03:32:03-07:00]
rchar: 350733295218
wchar: 167347783797
syscr: 42475285
syscw: 5425089
read_bytes: 60365840896
write_bytes: 167584378880
cancelled_write_bytes: 1282048

[2019-04-22T03:32:06-07:00]
rchar: 351957478083
wchar: 167671094220
syscr: 42623689
syscw: 5443230
read_bytes: 60651123200
write_bytes: 167907401728
cancelled_write_bytes: 1282048

[2019-04-22T03:32:09-07:00]
rchar: 352643369861
wchar: 168242781491
syscr: 42706751
syscw: 5445185
read_bytes: 60700164608
write_bytes: 168480002048
cancelled_write_bytes: 1282048

[2019-04-22T03:32:12-07:00]
rchar: 353043224721
wchar: 168579967305
syscr: 42755087
syscw: 5446387
read_bytes: 60730589696
write_bytes: 168817750016
cancelled_write_bytes: 1282048

[2019-04-22T03:32:15-07:00]
rchar: 353580323284
wchar: 169028674014
syscr: 42820029
syscw: 5448180
read_bytes: 60775637504
write_bytes: 169267220480
cancelled_write_bytes: 1282048

[2019-04-22T03:32:18-07:00]
rchar: 353937597506
wchar: 169298369494
syscr: 42863220
syscw: 5450180
read_bytes: 60842033664
write_bytes: 169537339392
cancelled_write_bytes: 1282048

[2019-04-22T03:32:21-07:00]
rchar: 354470318831
wchar: 169637019371
syscr: 42927800
syscw: 5457386
read_bytes: 61128471040
write_bytes: 169876426752
cancelled_write_bytes: 1282048

[2019-04-22T03:32:24-07:00]
rchar: 355006612432
wchar: 169972333484
syscr: 42992799
syscw: 5464720
read_bytes: 61383098880
write_bytes: 170212220928
cancelled_write_bytes: 1282048

[2019-04-22T03:32:27-07:00]
rchar: 355652650930
wchar: 170372249450
syscr: 43071105
syscw: 5473401
read_bytes: 61686288896
write_bytes: 170612658176
cancelled_write_bytes: 1282048

[2019-04-22T03:32:30-07:00]
rchar: 356347835813
wchar: 170772765697
syscr: 43155354
syscw: 5484277
read_bytes: 62001476096
write_bytes: 171013840896
cancelled_write_bytes: 1282048

[2019-04-22T03:32:33-07:00]
rchar: 356556639605
wchar: 171045823760
syscr: 43180663
syscw: 5488037
read_bytes: 62093210112
write_bytes: 171287236608
cancelled_write_bytes: 1282048

[2019-04-22T03:32:36-07:00]
rchar: 357166194079
wchar: 171333908426
syscr: 43254479
syscw: 5496338
read_bytes: 62321971712
write_bytes: 171576717312
cancelled_write_bytes: 1290240

[2019-04-22T03:32:39-07:00]
rchar: 357730882307
wchar: 171641776848
syscr: 43322926
syscw: 5503466
read_bytes: 62509441536
write_bytes: 171884019712
cancelled_write_bytes: 1290240

[2019-04-22T03:32:42-07:00]
rchar: 358530406233
wchar: 172019218712
syscr: 43419837
syscw: 5515078
read_bytes: 62812439040
write_bytes: 172261961728
cancelled_write_bytes: 1290240

[2019-04-22T03:32:45-07:00]
rchar: 359363490657
wchar: 172365974454
syscr: 43520822
syscw: 5529334
read_bytes: 63095386624
write_bytes: 172609269760
cancelled_write_bytes: 1290240

[2019-04-22T03:32:48-07:00]
rchar: 360334067822
wchar: 172770096875
syscr: 43638488
syscw: 5546022
read_bytes: 63424639488
write_bytes: 173013794816
cancelled_write_bytes: 1290240

[2019-04-22T03:32:51-07:00]
rchar: 360644719576
wchar: 173046713471
syscr: 43676061
syscw: 5551960
read_bytes: 63527158272
write_bytes: 173290856448
cancelled_write_bytes: 1290240

[2019-04-22T03:32:54-07:00]
rchar: 361632996760
wchar: 173404765957
syscr: 43795863
syscw: 5565309
read_bytes: 63821689344
write_bytes: 173649379328
cancelled_write_bytes: 1298432

[2019-04-22T03:32:57-07:00]
rchar: 362504205117
wchar: 173729752505
syscr: 43901468
syscw: 5576923
read_bytes: 63983825408
write_bytes: 173974806528
cancelled_write_bytes: 1302528

[2019-04-22T03:33:00-07:00]
rchar: 364020368149
wchar: 173996946647
syscr: 44085292
syscw: 5604907
read_bytes: 64251597312
write_bytes: 174242234368
cancelled_write_bytes: 1302528

[2019-04-22T03:33:03-07:00]
rchar: 364629660035
wchar: 174245929459
syscr: 44159092
syscw: 5616954
read_bytes: 64321389056
write_bytes: 174491598848
cancelled_write_bytes: 1306624

[2019-04-22T03:33:06-07:00]
rchar: 366486030255
wchar: 174525456722
syscr: 44384155
syscw: 5644979
read_bytes: 64525111808
write_bytes: 174771396608
cancelled_write_bytes: 1310720

[2019-04-22T03:33:09-07:00]
rchar: 368326024644
wchar: 174806774365
syscr: 44607241
syscw: 5674719
read_bytes: 64737890816
write_bytes: 175052988416
cancelled_write_bytes: 1310720

[2019-04-22T03:33:12-07:00]
rchar: 368424096876
wchar: 174989186017
syscr: 44619133
syscw: 5676415
read_bytes: 64746463744
write_bytes: 175235715072
cancelled_write_bytes: 1310720

[2019-04-22T03:33:15-07:00]
rchar: 369134086800
wchar: 175527585706
syscr: 44705149
syscw: 5679399
read_bytes: 64771404288
write_bytes: 175774920704
cancelled_write_bytes: 1318912

[2019-04-22T03:33:18-07:00]
rchar: 369746937365
wchar: 175985810362
syscr: 44779399
syscw: 5681833
read_bytes: 64787526144
write_bytes: 176233869312
cancelled_write_bytes: 1318912

[2019-04-22T03:33:21-07:00]
rchar: 370267275739
wchar: 176382425866
syscr: 44842439
syscw: 5683740
read_bytes: 64804233728
write_bytes: 176631713792
cancelled_write_bytes: 1318912

[2019-04-22T03:33:24-07:00]
rchar: 370792929851
wchar: 176786411137
syscr: 44906169
syscw: 5685719
read_bytes: 64819851776
write_bytes: 177035735040
cancelled_write_bytes: 1318912

[2019-04-22T03:33:27-07:00]
rchar: 371395791711
wchar: 177241422639
syscr: 44979219
syscw: 5688178
read_bytes: 64833950208
write_bytes: 177491468288
cancelled_write_bytes: 1318912

[2019-04-22T03:33:30-07:00]
rchar: 371844139193
wchar: 177592667995
syscr: 45033587
syscw: 5689771
read_bytes: 64843293184
write_bytes: 177843257344
cancelled_write_bytes: 1318912

[2019-04-22T03:33:33-07:00]
rchar: 372305564776
wchar: 177955557364
syscr: 45089179
syscw: 5692007
read_bytes: 64856011264
write_bytes: 178206732288
cancelled_write_bytes: 1318912

[2019-04-22T03:33:36-07:00]
rchar: 372747752118
wchar: 178331534303
syscr: 45142747
syscw: 5694128
read_bytes: 64867181056
write_bytes: 178583289856
cancelled_write_bytes: 1318912

[2019-04-22T03:33:39-07:00]
rchar: 373461418835
wchar: 178696305986
syscr: 45229225
syscw: 5706324
read_bytes: 64965628416
write_bytes: 178948591616
cancelled_write_bytes: 1318912

[2019-04-22T03:33:42-07:00]
rchar: 373881221529
wchar: 178988823018
syscr: 45280089
syscw: 5710634
read_bytes: 65002664448
write_bytes: 179241566208
cancelled_write_bytes: 1318912

[2019-04-22T03:33:45-07:00]
rchar: 374563623961
wchar: 179210099898
syscr: 45362821
syscw: 5727572
read_bytes: 65138713088
write_bytes: 179463090176
cancelled_write_bytes: 1323008

[2019-04-22T03:33:48-07:00]
rchar: 375264477789
wchar: 179618816435
syscr: 45447788
syscw: 5744541
read_bytes: 65268269568
write_bytes: 179872403456
cancelled_write_bytes: 1323008

[2019-04-22T03:33:51-07:00]
rchar: 376587066049
wchar: 179871434098
syscr: 45608062
syscw: 5772754
read_bytes: 65446629888
write_bytes: 180125274112
cancelled_write_bytes: 1331200

[2019-04-22T03:33:54-07:00]
rchar: 377309104917
wchar: 180350734106
syscr: 45695501
syscw: 5779115
read_bytes: 65477128704
write_bytes: 180605333504
cancelled_write_bytes: 1331200

[2019-04-22T03:33:57-07:00]
rchar: 377804756043
wchar: 180759355502
syscr: 45755423
syscw: 5781289
read_bytes: 65486266880
write_bytes: 181015519232
cancelled_write_bytes: 1331200

[2019-04-22T03:34:00-07:00]
rchar: 378247680826
wchar: 181120368857
syscr: 45808945
syscw: 5783260
read_bytes: 65494835712
write_bytes: 181376258048
cancelled_write_bytes: 1331200

[2019-04-22T03:34:03-07:00]
rchar: 378659160667
wchar: 181302025983
syscr: 45858792
syscw: 5793176
read_bytes: 65568555520
write_bytes: 181558157312
cancelled_write_bytes: 1339392

[2019-04-22T03:34:06-07:00]
rchar: 378659160667
wchar: 181302026061
syscr: 45858792
syscw: 5793177
read_bytes: 65568604672
write_bytes: 181558173696
cancelled_write_bytes: 1339392

[2019-04-22T03:34:09-07:00]
rchar: 378659160667
wchar: 181302026061
syscr: 45858792
syscw: 5793177
read_bytes: 65568604672
write_bytes: 181558181888
cancelled_write_bytes: 1339392

[2019-04-22T03:34:12-07:00]
rchar: 378659160667
wchar: 181302026061
syscr: 45858792
syscw: 5793177
read_bytes: 65568604672
write_bytes: 181558181888
cancelled_write_bytes: 1339392

[2019-04-22T03:34:15-07:00]
rchar: 378659160667
wchar: 181302026061
syscr: 45858792
syscw: 5793177
read_bytes: 65568604672
write_bytes: 181558181888
cancelled_write_bytes: 1339392

[2019-04-22T03:34:18-07:00]
rchar: 378659160667
wchar: 181302026061
syscr: 45858792
syscw: 5793177
read_bytes: 65568604672
write_bytes: 181558181888
cancelled_write_bytes: 1339392

