procs -----------------------memory---------------------- ---swap-- -----io---- -system-- --------cpu-------- -----timestamp-----
 r  b         swpd         free         buff        cache   si   so    bi    bo   in   cs  us  sy  id  wa  st                 PDT
 2  0        14132     22928032        30368     42160536    0    0   322   786    0    1   0   0  92   7   0 2018-11-01 13:30:12
 0  0        14132     22923416        30372     42160316    0    0   104     0 2007 3004   3   1  96   0   0 2018-11-01 13:30:15
 1  0        14132     23347116          608     41765432    0    0    13 11442 1720 2799   1   1  97   2   0 2018-11-01 13:30:18
 1  0        14132     33230172         3512     31906612    0    0  1692    64 1829 2682   0   2  95   2   0 2018-11-01 13:30:21
 0  1        14132     33136696         6104     31937884    0    0 10261    63 2411 5677   2   0  96   2   0 2018-11-01 13:30:24
 3  0        14132     32921300         9600     31947092    0    0  4168     0 3512 16119   9   1  89   2   0 2018-11-01 13:30:27
 2  1        14132     32708624        11912     31957516    0    0  4503    21 24556 9664   9   1  88   2   0 2018-11-01 13:30:30
10  0        14132     32629244        12728     31971904    0    0  4885    93 28679 15612  14   1  84   2   0 2018-11-01 13:30:33
 3  1        14132     32587444        13956     31977340    0    0  1961   136 7590 10828  10   1  87   2   0 2018-11-01 13:30:36
 0 29        14132     32608476        16416     32296408    0    0 81894 23831 13993 15750   6   1  78  15   0 2018-11-01 13:30:39
 8 24        14132     31599736        16416     33076672    0    0 180921 66597 55397 22792  12   2  26  59   0 2018-11-01 13:30:42
 2 29        14132     30585480        18220     33964280    0    0 203509 69564 43005 28303   8   3  24  65   0 2018-11-01 13:30:45
 0 30        14132     30178188        19500     34305520    0    0 134377 52151 17939 20333   3   2  24  71   0 2018-11-01 13:30:48
 2 27        14132     29232288        21492     35166016    0    0 195221 63832 28530 28997   5   3  27  65   0 2018-11-01 13:30:51
 0 30        14132     28905252        21492     35475700    0    0 37187 134674 9518 13813   1   1  33  65   0 2018-11-01 13:30:54
 0 29        14132     28867628        21500     35553396    0    0 150011 59987 19134 23766   4   3  30  64   0 2018-11-01 13:30:57
 4 24        14132     28152232        21508     36192952    0    0 138775 47412 16516 21914   4   3  28  65   0 2018-11-01 13:31:00
 0 30        14132     27788232        21516     36480968    0    0 114316 126686 15823 24884   4   3  24  68   0 2018-11-01 13:31:03
 0 41        14132     28090216        21528     36314896    0    0 23820 104719 3960 7074   1   1  23  75   0 2018-11-01 13:31:06
 0 41        14132     27534864        26256     36848896    0    0 70980 103227 7523 6818   1   1  29  68   0 2018-11-01 13:31:09
 0 41        14132     26970792        26544     37400944    0    0 74172 102097 6489 6201   1   1  39  59   0 2018-11-01 13:31:12
 0 41        14132     26441660        26544     37917120    0    0 65389 100453 6342 6164   1   1  38  60   0 2018-11-01 13:31:15
 1 40        14132     25785016        26552     38554360    0    0 81291 123692 8260 7418   2   1  39  58   0 2018-11-01 13:31:18
 3 38        14132     25218692        26552     39111840    0    0 80469 98864 6886 6210   1   1  38  59   0 2018-11-01 13:31:21
 3 36        14132     24670580        26560     39652380    0    0 77189 95357 6229 6294   1   1  46  52   0 2018-11-01 13:31:24
 0 39        14132     24251524        26560     40063980    0    0 65009 65732 5986 5863   1   1  44  54   0 2018-11-01 13:31:27
 3 36        14132     23688464        26568     40615376    0    0 84421 89627 7794 7484   2   1  47  50   0 2018-11-01 13:31:30
 0 39        14132     23053492        26568     41239652    0    0 94583 128179 7867 8082   2   1  48  49   0 2018-11-01 13:31:33
 0 36        14132     22577312        26576     41703476    0    0 69925 87570 6232 6717   2   1  48  50   0 2018-11-01 13:31:36
 6 28        14132     22144380        26576     42119744    0    0 54199 74390 6230 7317   2   1  40  57   0 2018-11-01 13:31:39
 0 34        14132     21766392        26584     42484468    0    0 55764 91695 6117 7315   2   1  45  52   0 2018-11-01 13:31:42
 0 33        14132     21571112        26584     42733844    0    0 50460 96106 6207 9224   2   1  34  63   0 2018-11-01 13:31:45
 7 23        14132     24621052        26596     39531876    0    0 119968 75189 23614 23837   7   5  28  60   0 2018-11-01 13:31:48
 0 30        14132     24319796        26596     39791264    0    0 22451 121378 6344 13685   2   1  23  74   0 2018-11-01 13:31:51
 7 22        14132     24510352        26604     39693632    0    0 80264 50603 18628 20529   6   4  26  64   0 2018-11-01 13:31:54
 0 30        14132     23962760        27204     40158176    0    0 51144 142788 9827 19584   5   3  49  44   0 2018-11-01 13:31:57
 0 38        14132     24065140        27212     40189572    0    0 32844 43286 5701 6704   2   1  42  55   0 2018-11-01 13:32:00
 1 37        14132     23437300        27212     40788440    0    0 89472 92171 6488 7068   2   1  28  69   0 2018-11-01 13:32:03
 0 38        14132     22718708        27220     41473132    0    0 101345 111752 7911 7760   3   2  26  70   0 2018-11-01 13:32:06
 2 36        14132     22136604        27220     42030872    0    0 83845 86651 6398 6772   3   2  28  68   0 2018-11-01 13:32:09
 0 37        14132     21566892        27228     42575260    0    0 73173 92665 6434 7130   3   1  28  68   0 2018-11-01 13:32:12
 1 37        14132     20953336        27228     43161352    0    0 64236 147404 6936 6580   2   2  30  66   0 2018-11-01 13:32:15
 1 36        14132     20958296        27240     43250440    0    0 21884 122193 4086 9594   1   1  42  56   0 2018-11-01 13:32:18
 3 30        14132     20554512        27240     43617976    0    0 49203 59984 5897 6882   2   2  35  61   0 2018-11-01 13:32:21
18 13        14132     20331296        27248     43764600    0    0 36164 103372 11361 17615   5   3  21  71   0 2018-11-01 13:32:24
 2 31        14132     19949540        27248     44120184    0    0 32045 129562 9710 26503   5   4  35  56   0 2018-11-01 13:32:27
 0 29        14132     19789044        27256     44365960    0    0 12921 130281 4712 14109   2   2  30  65   0 2018-11-01 13:32:30
 1 29        14132     20928412        27256     43134068    0    0 73091 97491 17815 37161   9   5  23  62   0 2018-11-01 13:32:33
 2 28        14132     21814176        27264     42216292    0    0 83607 146280 27349 66373  12   8  37  44   0 2018-11-01 13:32:36
 0 30        14132     21562192        27264     42462992    0    0  3160 109950 2834 10135   1   1  45  53   0 2018-11-01 13:32:39
 1 40        14132     21974576        27272     42216244    0    0  4713 97576 5655 4253   1   1  36  62   0 2018-11-01 13:32:42
 1 38        14132     21520364        27272     42662960    0    0  4543 137048 8723 3385   2   1  28  70   0 2018-11-01 13:32:45
 0 39        14132     21174852        27280     43007208    0    0  4497 107321 2590 3129   1   1  33  65   0 2018-11-01 13:32:48
 4 34        14132     20802168        27280     43379112    0    0  4623 115993 2631 3405   1   1  30  68   0 2018-11-01 13:32:51
 1 35        14132     20417216        27308     43755376    0    0  4101 116164 3004 3515   3   1  36  61   0 2018-11-01 13:32:54
 0 35        14132     19969672        27308     44194784    0    0  5549 134153 3121 3696   2   1  48  49   0 2018-11-01 13:32:57
 9 26        14132     19576712        27316     44557552    0    0 28463 75680 5543 8535   3   1  37  59   0 2018-11-01 13:33:00
 0 34        14132     19068832        27316     45030068    0    0 48031 81589 9300 10985   4   2  37  58   0 2018-11-01 13:33:03
 0 33        14132     18636696        27324     45443052    0    0 12964 113095 3772 4459   2   1  37  61   0 2018-11-01 13:33:06
 0 34        14132     18371208        27324     45694740    0    0  6057 146054 3035 6436   1   1  36  63   0 2018-11-01 13:33:09
 1 32        14132     18388092        27332     45811800    0    0  9877 95590 3970 7084   2   1  47  50   0 2018-11-01 13:33:12
 2 29        14132     17892340        27332     46247452    0    0 49905 56408 11754 18921   6   3  30  61   0 2018-11-01 13:33:15
 0 31        14132     17381252        27340     46693384    0    0 33124 155307 8022 26746   5   3  38  54   0 2018-11-01 13:33:18
15 11        14132     17380260        27340     46699280    0    0 40592 43784 9274 28341   6   4  28  62   0 2018-11-01 13:33:21
 1 30        14132     20607636        27352     43411408    0    0 20125 170905 7865 34578   5   4  38  53   0 2018-11-01 13:33:24
 0 33        14132     20279348        27352     43731004    0    0  1832 97447 2110 5613   1   1  48  51   0 2018-11-01 13:33:27
 0 33        14132     19915764        27360     44085668    0    0  2919 109023 2443 3449   1   1  43  56   0 2018-11-01 13:33:30
 1 35        14132     19972252        27360     44160488    0    0  9163 171735 7400 4426   2   1  39  58   0 2018-11-01 13:33:33
 0 32        14132     19484472        27368     44616232    0    0 55620 66152 9476 11072   4   2  31  63   0 2018-11-01 13:33:36
 0 33        14132     19013776        27368     45029952    0    0 56487 111652 7212 13342   4   2  39  55   0 2018-11-01 13:33:39
 0 32        14132     18759768        27376     45356680    0    0 56887 109782 7388 11887   4   2  36  57   0 2018-11-01 13:33:42
 0 31        14132     18121540        27376     45926800    0    0 77279 126453 11021 20110   7   4  30  59   0 2018-11-01 13:33:45
 0 29        14132     19819752        27384     44221872    0    0 31524 157159 9675 47182   8   5  33  54   0 2018-11-01 13:33:48
 1 29        14132     19751360        27384     44240404    0    0 19356 78472 6665 25471   5   3  34  59   0 2018-11-01 13:33:51
 1 38        14132     20026076        27396     44119204    0    0  4005 176552 3503 7750   2   1  33  63   0 2018-11-01 13:33:54
 0 39        14132     19680880        27396     44454940    0    0  2317 102718 2195 3258   1   1  33  65   0 2018-11-01 13:33:57
 1 38        14132     19197516        27404     44928708    0    0  3003 145208 2698 3665   2   1  34  64   0 2018-11-01 13:34:00
 0 39        14132     18832060        27404     45286936    0    0  2708 111007 2357 3477   2   1  31  67   0 2018-11-01 13:34:03
 0 39        14132     18504884        27412     45608856    0    0  2845 96182 2365 3367   1   1  30  68   0 2018-11-01 13:34:06
 0 38        14132     18037264        27412     46067096    0    0  3051 142467 2588 3338   2   1  30  67   0 2018-11-01 13:34:09
 0 38        14132     17588004        27420     46502364    0    0  3425 134132 3033 3835   2   1  29  69   0 2018-11-01 13:34:12
 4 34        14132     17196560        27420     46887332    0    0  2717 119352 2715 3999   2   1  24  73   0 2018-11-01 13:34:15
15 16        14132     16772468        27428     47266952    0    0 17925 86161 5823 13511   4   2  32  62   0 2018-11-01 13:34:18
 0 32        14132     16514152        27428     47498912    0    0  7784 124159 3485 9980   2   1  37  60   0 2018-11-01 13:34:21
 5 26        14132     16324916        27436     47777464    0    0 29836 106694 8797 31119   5   3  37  54   0 2018-11-01 13:34:24
 2 30        14132     19320788        27436     44730004    0    0 20149 111171 16489 25675   5   4  30  62   0 2018-11-01 13:34:27
 0 32        14132     19094264        27444     44955756    0    0  1217 108359 2121 5351   1   1  56  43   0 2018-11-01 13:34:30
 0 33        14132     18612716        27444     45426780    0    0  3080 144312 2889 3613   2   1  42  56   0 2018-11-01 13:34:33
 0 31        14132     19137840        27452     44958228    0    0  2297 90370 2435 3409   1   1  48  50   0 2018-11-01 13:34:36
 0 28        14132     18838048        27456     45249444    0    0  3685 85824 2710 5147   2   1  49  48   0 2018-11-01 13:34:39
 0 29        14132     18359064        27464     45709332    0    0  6401 128446 3409 9884   3   2  26  69   0 2018-11-01 13:34:42
 0 29        14132     19160884        27464     44872972    0    0 10080 131796 4399 18038   3   2  24  71   0 2018-11-01 13:34:45
 0 30        14132     19271856        27472     44750960    0    0  7153 154971 3971 17091   2   2  54  42   0 2018-11-01 13:34:48
 0 29        14132     19636064        27472     44500744    0    0  5183 137459 3259 10655   2   2  41  56   0 2018-11-01 13:34:51
 1 28        14132     19710696        27480     44394376    0    0  9039 124378 5593 14590   4   2  26  68   0 2018-11-01 13:34:54
 0 29        14132     19166328        27480     44924968    0    0  6249 152461 3633 11393   3   2  27  68   0 2018-11-01 13:34:57
 1 28        14132     19121784        27488     44937228    0    0  7523 90465 4471 11595   3   2  27  68   0 2018-11-01 13:35:00
 1 29        14132     19401520        27512     44644996    0    0  4565 103546 3158 7599   2   1  38  59   0 2018-11-01 13:35:03
13 19        14132     19052356        27520     44970332    0    0  4231 129898 3378 11275   2   1  45  52   0 2018-11-01 13:35:06
 0 29        14132     19459712        27520     44662708    0    0  2789 104425 5439 4696   1   1  33  65   0 2018-11-01 13:35:09
 4 26        14132     18917792        27528     45186900    0    0  2916 160603 2679 4077   2   1  40  57   0 2018-11-01 13:35:12
 1 29        14132     18612236        27528     45484764    0    0  2605 88027 2401 4023   1   1  54  44   0 2018-11-01 13:35:15
 0 29        14132     18439324        27536     45638528    0    0  7117 119616 4798 12340   3   2  41  55   0 2018-11-01 13:35:18
 0 30        14132     19312968        27536     44701196    0    0 12888 107566 19231 34139   4   2  56  38   0 2018-11-01 13:35:21
 0 29        14132     19632736        27544     44525496    0    0  3447 127546 4098 6400   2   1  41  56   0 2018-11-01 13:35:24
 5 24        14132     19211180        27544     44927692    0    0  5979 111405 14088 9110   3   2  29  66   0 2018-11-01 13:35:27
 6 22        14132     18790532        27552     45334176    0    0  4975 116287 9700 8523   3   1  32  64   0 2018-11-01 13:35:30
 0 29        14132     18822408        27552     45242404    0    0 10148 133412 5951 21729   4   2  33  61   0 2018-11-01 13:35:33
 0 30        14132     19063324        27560     44950936    0    0  7884 141104 4250 18353   3   2  43  52   0 2018-11-01 13:35:36
 1 28        14132     19334824        27560     44800920    0    0  3969 136542 3608 8800   2   1  30  66   0 2018-11-01 13:35:39
 0 28        14132     19126228        27568     44979352    0    0  3684 46551 4517 6761   2   1  32  66   0 2018-11-01 13:35:42
 1 27        14132     18574216        27568     45492008    0    0  7897 139793 10895 13513   4   2  29  65   0 2018-11-01 13:35:45
 0 29        14132     18827796        27576     45206004    0    0  8155 92522 4457 14486   3   2  39  56   0 2018-11-01 13:35:48
 0 30        14132     19079920        27576     44931936    0    0  5780 117415 3517 14065   2   1  40  56   0 2018-11-01 13:35:51
 0 29        14132     19199260        27584     44861128    0    0  4800 137829 12860 7870   2   2  26  70   0 2018-11-01 13:35:54
 0 29        14132     18696812        27584     45341300    0    0  6573 135251 27610 12059   4   2  24  71   0 2018-11-01 13:35:57
 0 31        14132     18286764        27592     45729180    0    0  2891 114862 4214 5211   2   1  33  64   0 2018-11-01 13:36:00
 7 24        14132     17794516        27592     46198624    0    0  3113 141905 7686 3831   2   1  33  64   0 2018-11-01 13:36:03
 5 20        14132     18301228        27600     45636176    0    0  7267 73834 9211 11178   3   2  37  58   0 2018-11-01 13:36:06
 1  8        14132     18027792        27608     45890940    0    0  4916 102119 13501 11520   2   1  36  61   0 2018-11-01 13:36:09
 0 30        14132     17754800        27608     46160304    0    0  2957 113535 3540 9015   1   1  44  54   0 2018-11-01 13:36:12
 1 21        14132     19167828        27616     44886136    0    0  6647 97436 5193 13510   3   2  42  53   0 2018-11-01 13:36:15
 2  0        14132     19237924        27616     44779196    0    0  5135 113279 6780 6497   2   1  57  39   0 2018-11-01 13:36:18
 1  0        14132     20512992        27808     44569148    0    0   163 50419 2407 6380   2   1  96   2   0 2018-11-01 13:36:21
 1  0        14132     20508976        28000     44574720    0    0  1399   229 2599 3749   3   1  95   0   0 2018-11-01 13:36:24
 1  0        14132     20509912        28028     44574656    0    0     1   250 2908 4227   3   1  95   0   0 2018-11-01 13:36:27
 0  0        14132     20498632        28660     44582932    0    0  2803   391 2190 3308   2   1  96   1   0 2018-11-01 13:36:30
 1  0        14132     28638496          940     36453204    0    0   144   369 1681 2781   1   3  96   1   0 2018-11-01 13:36:33
 1  0        14132     33204468         4260     31910528    0    0  2636    93 2035 3011   1   1  96   3   0 2018-11-01 13:36:36
 2  0        14132     33022528         5784     31942072    0    0 10408    75 3060 11424   4   0  94   2   0 2018-11-01 13:36:39
 0  1        14132     32856656        10460     31949120    0    0  3921   165 6308 11898   9   0  87   3   0 2018-11-01 13:36:42
 3  1        14132     32659064        11868     31960604    0    0  4248    16 14508 9079  10   0  87   2   0 2018-11-01 13:36:45
 1  1        14132     32585220        12432     31974744    0    0  4789    95 39544 15452  17   1  81   2   0 2018-11-01 13:36:48
 1  0        14132     33099028        15636     31989792    0    0  4025  2039 11525 10393   8   1  90   1   0 2018-11-01 13:36:51
 0 32        14132     32559108        15780     32354252    0    0 104536 59763 6217 9920   2   1  78  19   0 2018-11-01 13:36:54
 1 31        14132     31853308        15820     32980192    0    0 109976 96363 9411 9890   1   1  50  47   0 2018-11-01 13:36:57
 1 32        14132     31280392        15828     33466028    0    0 85801 70874 11709 7292   4   1  23  72   0 2018-11-01 13:37:00
 0 31        14132     30440496        15964     34213336    0    0 128347 107245 23628 12806   3   2  30  66   0 2018-11-01 13:37:03
 1 29        14132     29829304        15972     34723156    0    0 105192 44727 16068 14573   2   2  33  63   0 2018-11-01 13:37:06
 4 25        14132     28880880        15980     35560668    0    0 175955 66040 19152 25091   5   3  35  58   0 2018-11-01 13:37:09
 0 30        14132     28483388        15980     35928672    0    0 51157 133706 7965 15192   1   1  31  67   0 2018-11-01 13:37:12
 0 29        14132     29026204        15988     35375608    0    0 130015 62604 14960 19320   4   2  33  61   0 2018-11-01 13:37:15
 0 29        14132     28256920        15988     36053008    0    0 139520 51371 26353 21938   5   3  28  65   0 2018-11-01 13:37:18
 3 27        14132     27806480        15996     36466852    0    0 52792 140311 9603 14333   2   1  41  55   0 2018-11-01 13:37:21
 3 26        14132     27826580        16000     36499124    0    0 134053 49361 16577 21972   5   3  34  58   0 2018-11-01 13:37:24
 0 29        14132     27149356        16008     37131676    0    0 112137 61956 14080 19804   5   3  28  64   0 2018-11-01 13:37:27
 0 30        14132     26844776        16008     37416976    0    0 25176 136447 5199 12078   1   1  30  68   0 2018-11-01 13:37:30
 0 29        14132     27011860        16016     37200376    0    0 146829 50568 44997 27245   7   5  25  63   0 2018-11-01 13:37:33
 0 29        14132     26578868        16016     37563992    0    0 69925 97334 10817 21411   4   2  39  55   0 2018-11-01 13:37:36
 0 34        14132     26474128        16028     37776744    0    0  5941 135678 2726 3372   1   1  43  55   0 2018-11-01 13:37:39
 1 31        14132     26139600        16028     38137700    0    0  9031 106623 3390 3745   1   1  42  56   0 2018-11-01 13:37:42
 5 28        14132     25376028        16036     38852452    0    0 112059 98654 13021 14057   3   2  43  51   0 2018-11-01 13:37:45
 0 32        14132     24765484        16036     39435172    0    0 89653 82946 9442 11824   3   2  39  57   0 2018-11-01 13:37:48
 3 29        14132     24120976        16044     40033500    0    0 89652 80827 12253 13687   4   2  39  55   0 2018-11-01 13:37:51
 0 31        14132     24108960        16048     40072460    0    0 16484 144642 4785 9963   1   1  48  50   0 2018-11-01 13:37:54
 4 27        14132     23620540        16056     40552232    0    0 75892 56740 10884 13374   4   2  35  59   0 2018-11-01 13:37:57
 0 30        14132     22864492        16056     41239716    0    0 111969 104623 17477 24576   6   4  24  66   0 2018-11-01 13:38:00
 0 30        14132     22921620        16064     41313920    0    0 23788 103814 5366 9421   2   1  39  58   0 2018-11-01 13:38:03
 2 28        14132     22378008        16064     41822200    0    0 81657 49059 12729 16481   5   3  24  68   0 2018-11-01 13:38:06
 0 31        14132     21771228        16072     42376656    0    0 60412 166350 10782 20785   5   3  23  69   0 2018-11-01 13:38:09
 0 31        14132     21662316        16072     42560560    0    0 67067 42490 10496 13590   5   3  23  70   0 2018-11-01 13:38:12
 0 31        14132     20870288        16080     43281892    0    0 128049 70898 14444 15725   6   3  18  73   0 2018-11-01 13:38:15
 0 30        14132     20568848        16080     43567456    0    0 20228 139503 4511 10842   1   1  39  58   0 2018-11-01 13:38:18
 0 32        14132     20307260        16088     43917044    0    0  7720 177649 3003 3400   1   1  44  53   0 2018-11-01 13:38:21
12 17        14132     19981720        16088     44220824    0    0 45116 38054 6798 8839   2   1  40  56   0 2018-11-01 13:38:24
 0 33        14132     22323720        16096     41779412    0    0 92496 154867 15274 27762   7   5  23  65   0 2018-11-01 13:38:27
 2 31        14132     22022012        16096     42071964    0    0  2484 105528 2798 5829   1   1  43  56   0 2018-11-01 13:38:30
 1 28        14132     22703808        16104     41478108    0    0  4047 136059 3553 3803   1   1  41  57   0 2018-11-01 13:38:33
 0 31        14132     22201892        16104     41969812    0    0  3544 153366 2778 3823   1   1  51  47   0 2018-11-01 13:38:36
 0 29        14132     21814024        16112     42346036    0    0  5045 114272 2965 5697   1   1  49  49   0 2018-11-01 13:38:39
 0 29        14132     21244408        16112     42888216    0    0 82423 107422 15030 31294   8   5  31  57   0 2018-11-01 13:38:42
14 16        14132     22525312        16120     41618940    0    0 68993 80712 15383 28770   8   5  26  60   0 2018-11-01 13:38:45
 0 29        14132     21722432        16540     41964976    0    0 27017 138160 7478 20624   3   2  32  62   0 2018-11-01 13:38:48
 0 30        14132     22073080        16548     42017388    0    0 82113 75340 34265 42513  11  14  22  53   0 2018-11-01 13:38:51
 0 40        14132     21788836        16548     42407680    0    0  9457 217111 4835 12927   2   2  40  56   0 2018-11-01 13:38:54
 0 40        14132     21476596        16556     42719204    0    0  3585 96977 2413 3231   1   1  43  55   0 2018-11-01 13:38:57
 1 39        14132     20989756        16556     43201740    0    0  5299 147276 3037 3599   1   1  37  61   0 2018-11-01 13:39:00
 1 39        14132     20535964        16568     43649576    0    0  4485 138291 3434 3661   1   1  37  61   0 2018-11-01 13:39:03
 1 38        14132     20096616        16568     44084816    0    0  4451 137498 3182 3872   1   1  35  62   0 2018-11-01 13:39:06
 0 36        14132     19582936        16580     44586284    0    0 17581 139267 5536 6349   2   1  34  63   0 2018-11-01 13:39:09
 0 36        14132     19056668        16584     45076588    0    0 49263 83932 9847 13471   4   2  18  75   0 2018-11-01 13:39:12
 0 36        14132     18629536        16592     45464028    0    0 30809 111939 7158 8221   3   1  27  69   0 2018-11-01 13:39:15
 3 35        14132     18663984        16600     45477152    0    0  8721 101071 3790 9439   1   1  35  63   0 2018-11-01 13:39:18
 0 34        14132     18089448        16600     45989772    0    0 54671 81508 11615 17292   5   3  23  69   0 2018-11-01 13:39:21
 0 33        14132     17615796        16736     46403372    0    0 44267 62374 9868 13625   4   2  34  60   0 2018-11-01 13:39:24
 0 34        14132     17327400        16736     46678600    0    0 11752 142346 4158 12020   2   1  30  67   0 2018-11-01 13:39:27
 0 32        14132     17020748        16744     47050404    0    0 55169 97093 12222 33783   7   5  22  66   0 2018-11-01 13:39:30
 0 32        14132     16528216        16744     47495264    0    0 30073 160059 8917 20568   5   3  35  57   0 2018-11-01 13:39:33
 0 31        14132     16355460        16752     47753780    0    0 46992 64405 11964 42151   8   5  25  62   0 2018-11-01 13:39:36
 2 30        14132     15918852        16756     48143504    0    0 25479 147055 7027 24311   4   2  37  57   0 2018-11-01 13:39:39
 1 33        14132     15726920        16764     48395928    0    0  4332 145514 3071 4751   2   1  34  64   0 2018-11-01 13:39:42
 1 32        14132     15253620        16764     48852160    0    0  3736 142289 2735 3765   1   1  37  61   0 2018-11-01 13:39:45
 5 25        14132     14779780        16772     49284384    0    0 23579 92406 7037 21186   4   3  34  60   0 2018-11-01 13:39:48
 0 31        14132     14385564        16772     49641640    0    0 27499 125866 8212 27400   5   3  31  62   0 2018-11-01 13:39:51
 1 28        14132     17763132        16780     46303980    0    0 38145 80731 16732 50628   9   6  28  58   0 2018-11-01 13:39:54
 0 33        14132     19645432        16780     44366088    0    0 10927 146629 36170 25056   3   3  38  56   0 2018-11-01 13:39:57
 9 23        14132     19313844        16788     44689480    0    0  2128 112229 2790 6347   1   1  48  50   0 2018-11-01 13:40:00
 0 47        14132     19542976        16800     44544720    0    0  5899 138979 3447 4319   2   1  41  56   0 2018-11-01 13:40:03
 0 48        14132     19215948        16808     44927524    0    0 10600 104155 2981 3397   1   1  45  54   0 2018-11-01 13:40:06
 0 49        14132     18805188        18644     45325680    0    0 14288 118279 3277 4094   1   1  30  68   0 2018-11-01 13:40:09
 1 44        14132     18418688        19512     45695620    0    0 32372 80389 4243 4439   1   1  42  56   0 2018-11-01 13:40:12
10 35        14132     17800424        19512     46275684    0    0 80121 98277 7012 6303   3   2  27  69   0 2018-11-01 13:40:15
 0 45        14132     17098460        19520     46940488    0    0 92764 107563 7421 6964   3   2  28  67   0 2018-11-01 13:40:18
 0 46        14132     16489180        19520     47524552    0    0 84796 129438 6613 6228   3   1  27  69   0 2018-11-01 13:40:21
 0 46        14132     16178432        19528     47822932    0    0 20635 108433 3655 8387   1   1  37  62   0 2018-11-01 13:40:24
 0 45        14132     16024956        19528     48091080    0    0 71128 76926 5718 5515   2   1  44  52   0 2018-11-01 13:40:27
 0 45        14132     15261944        19536     48819500    0    0 104039 118188 8214 6714   3   2  25  69   0 2018-11-01 13:40:30
 0 45        14132     14656584        19536     49394324    0    0 81367 90139 6600 6152   3   2  26  69   0 2018-11-01 13:40:33
 0 34        14132     14146948        19544     49855412    0    0 57923 79590 7040 6802   3   1  31  64   0 2018-11-01 13:40:36
 1 35        14132     13896840        19544     50087672    0    0 11943 128941 3570 8616   1   1  45  53   0 2018-11-01 13:40:39
15 15        14132     13720008        19552     50282536    0    0 49943 62123 6962 14133   5   3  28  64   0 2018-11-01 13:40:42
 0 30        14132     18475756        19552     45487884    0    0 26907 117454 8933 56590   8   5  39  48   0 2018-11-01 13:40:45
 0 42        14132     18609448        19560     45396068    0    0  3968 110924 3240 4988   2   1  29  68   0 2018-11-01 13:40:48
 0 42        14132     18086240        19560     45916080    0    0  2961 161445 3727 3587   2   1  28  68   0 2018-11-01 13:40:51
 0 42        14132     17682248        19568     46320052    0    0  2921 121317 2839 3564   2   1  34  63   0 2018-11-01 13:40:54
 1 41        14132     17220700        19568     46779024    0    0  3097 140776 2447 3432   2   1  33  64   0 2018-11-01 13:40:57
 0 42        14132     16855756        19576     47131220    0    0  3307 104778 2576 3500   2   1  34  63   0 2018-11-01 13:41:00
 3 38        14132     16409536        19576     47566360    0    0  2963 134586 2973 3673   2   1  30  67   0 2018-11-01 13:41:03
 1 41        14132     16043812        19584     47916332    0    0  2536 105031 3100 3638   2   1  31  66   0 2018-11-01 13:41:06
 0 40        14132     15580136        19584     48364896    0    0  3681 138935 12597 4100   2   1  30  67   0 2018-11-01 13:41:09
 1 38        14132     15180196        19592     48756468    0    0  2556 121866 4573 3820   1   1  33  65   0 2018-11-01 13:41:12
 0 37        14132     14809900        19592     49119920    0    0  3107 106877 3169 3543   2   1  34  63   0 2018-11-01 13:41:15
 1 36        14132     14519676        19600     49403844    0    0  2069 152498 2825 6032   1   1  42  56   0 2018-11-01 13:41:18
 1 34        14132     14185576        20720     49729932    0    0  2317 108985 2867 5923   1   1  45  52   0 2018-11-01 13:41:21
 9 25        14132     13985264        20864     49983672    0    0 25607 86136 15994 29514   7   4  21  68   0 2018-11-01 13:41:24
 0 33        14132     13612000        20864     50326644    0    0 13051 147224 6231 20321   4   2  36  58   0 2018-11-01 13:41:27
 0 12        14132     13420288        20872     50522028    0    0 17489 82602 7133 20304   6   3  32  59   0 2018-11-01 13:41:30
 0  1        14132     19900808        21032     45199616    0    0  3736 62314 3582 6552   2   2  92   5   0 2018-11-01 13:41:33
 3  0        14132     19847244        24540     45210224    0    0  4677   243 3181 4206   4   1  93   3   0 2018-11-01 13:41:36
 1  0        14132     19880468        24604     45211912    0    0   156   375 3119 4230   5   1  93   0   0 2018-11-01 13:41:39
 1  0        14132     19876092        25200     45219508    0    0  2651   136 2629 3716   3   1  95   1   0 2018-11-01 13:41:42
 0  1        14132     19860796        25228     45219776    0    0    15   450 1975 3581   1   1  97   1   0 2018-11-01 13:41:45
 0  2        14132     33199744         1004     31906892    0    0   125    92 1609 2666   0   4  95   0   0 2018-11-01 13:41:48
 0  1        14132     33187120         6024     31911076    0    0  2913    29 1993 2976   1   0  94   5   0 2018-11-01 13:41:51
 3  0        14132     33045264         7824     31939884    0    0 10425     1 2600 8226   4   1  94   2   0 2018-11-01 13:41:54
 2  0        14132     32837460        11800     31947524    0    0  3747    60 9555 14770   9   1  88   2   0 2018-11-01 13:41:57
 4  0        14132     32622212        13484     31960088    0    0  4408    10 18287 9321  10   1  87   2   0 2018-11-01 13:42:00
12  0        14132     32568152        14140     31972988    0    0  4392    55 28379 14919  15   1  82   2   0 2018-11-01 13:42:03
 2  0        14132     32532640        14768     31979060    0    0  2245   447 5534 9578   8   0  89   2   0 2018-11-01 13:42:06
 2 37        14132     32700436        17084     32208268    0    0 81268 34790 10940 10497   8   1  88   4   0 2018-11-01 13:42:09
 1 36        14132     32076664        17084     32804472    0    0 108668 88757 5799 6352   2   1  47  51   0 2018-11-01 13:42:12
 1 38        14132     31482220        18660     33366012    0    0 104540 81666 6182 6521   2   1  38  59   0 2018-11-01 13:42:15
 0 37        14132     30959076        19456     33882456    0    0 103895 67879 6257 5951   1   1  39  59   0 2018-11-01 13:42:19
 1 37        14132     30196828        19464     34599640    0    0 142024 93577 7410 6478   2   1  35  62   0 2018-11-01 13:42:22
 0 37        14132     29570724        19464     35188932    0    0 115125 76866 7825 5701   4   1  39  56   0 2018-11-01 13:42:25
 1 34        14132     28984104        19472     35731216    0    0 98611 79009 6861 6185   1   1  42  56   0 2018-11-01 13:42:28
 0 32        14132     28397472        19480     36266404    0    0 95504 77518 12207 7747   1   1  37  61   0 2018-11-01 13:42:31
 0 30        14132     27860476        19480     36755912    0    0 86915 68066 10325 8095   3   1  29  67   0 2018-11-01 13:42:34
 4 26        14132     27159288        19492     37370320    0    0 106267 84715 12428 11271   3   2  27  69   0 2018-11-01 13:42:37
 5 24        14132     27596156        19492     36842984    0    0 119783 55220 15754 18983   4   2  35  59   0 2018-11-01 13:42:40
 0 30        14132     27052916        19500     37320536    0    0 98329 100994 12410 18222   3   1  29  67   0 2018-11-01 13:42:43
 0 29        14132     28383868        19508     36004840    0    0 74169 88575 12895 16440   3   2  29  66   0 2018-11-01 13:42:46
 2 27        14132     27698128        19508     36626852    0    0 127045 46944 17672 19188   4   2  34  59   0 2018-11-01 13:42:49
 1 30        14132     27334032        19532     36906952    0    0 105023 141717 19512 22916   5   3  34  58   0 2018-11-01 13:42:52
 3 26        14132     27453540        19532     36804920    0    0 72425 49005 10275 13542   3   2  33  62   0 2018-11-01 13:42:55
 0 30        14132     26554528        19540     37584340    0    0 153381 80413 25402 27024   7   4  24  66   0 2018-11-01 13:42:58
 0 29        14132     26645096        19540     37586528    0    0 14247 104005 4228 11783   1   1  31  68   0 2018-11-01 13:43:01
 0 29        14132     25602072        19548     38531172    0    0 182975 61365 23469 31709   9   5  17  68   0 2018-11-01 13:43:04
 0 29        14132     25359940        19548     38756048    0    0 12563 129225 3651 10432   1   1  22  76   0 2018-11-01 13:43:07
 0 41        14132     25160252        19556     38987944    0    0 10115 131641 3421 3791   1   1  29  69   0 2018-11-01 13:43:10
 1 39        14132     24823232        19556     39377096    0    0 30524 98085 5241 4370   1   1  42  57   0 2018-11-01 13:43:13
 4 35        14132     24321004        19568     39860028    0    0 68313 84497 8184 6595   2   1  31  66   0 2018-11-01 13:43:16
 1 38        14132     23720160        19576     40440284    0    0 77284 104502 7931 7667   2   1  25  71   0 2018-11-01 13:43:19
 2 36        14132     23098232        19576     41050792    0    0 77691 113972 8487 7822   2   1  28  69   0 2018-11-01 13:43:22
 1 37        14132     22557016        19788     41551264    0    0 67081 88297 8452 7520   3   1  24  71   0 2018-11-01 13:43:25
 0 35        14132     22101016        19788     42002220    0    0 50207 87921 7216 6597   3   1  32  64   0 2018-11-01 13:43:28
 1 34        14132     21338312        19796     42712516    0    0 99952 112214 10744 11031   3   2  35  60   0 2018-11-01 13:43:31
 0 36        14132     21086436        19796     42958416    0    0 23961 126561 4198 7667   1   1  37  61   0 2018-11-01 13:43:34
 0 33        14132     21162492        19804     43105040    0    0 30015 85537 5764 8502   2   1  44  53   0 2018-11-01 13:43:37
 3 27        14132     20483012        19804     43733868    0    0 91255 82802 13887 15204   5   3  31  60   0 2018-11-01 13:43:40
 0 31        14132     19986928        19812     44157168    0    0 63783 106910 10687 18902   4   2  25  68   0 2018-11-01 13:43:43
17 13        14132     19792172        19824     44382960    0    0 47229 81061 9377 16975   5   3  34  58   0 2018-11-01 13:43:46
 0 33        14132     22762492        19832     41343256    0    0 56779 168478 14016 31985   8   5  36  51   0 2018-11-01 13:43:49
 0 33        14132     22318400        19832     41779644    0    0  3428 137736 2868 6207   1   1  48  50   0 2018-11-01 13:43:52
 0 31        14132     22016760        19840     42076236    0    0  2857 92975 2449 3136   1   1  47  51   0 2018-11-01 13:43:55
 1 35        14132     22322320        19840     41847648    0    0 11351 134619 3304 3723   1   1  39  59   0 2018-11-01 13:43:58
 4 29        14132     21917116        19848     42241272    0    0 44797 74583 4994 5600   1   1  41  57   0 2018-11-01 13:44:01
 3 31        14132     21301972        20440     42806204    0    0 98125 69188 8590 9586   4   2  36  58   0 2018-11-01 13:44:04
 0 31        14132     20730364        20448     43361784    0    0 93840 65001 8350 10421   4   2  36  59   0 2018-11-01 13:44:07
 1 31        14132     20367948        20448     43694280    0    0 32133 137759 5003 12074   2   1  43  54   0 2018-11-01 13:44:10
 1 28        14132     22337828        20456     41759076    0    0 84363 70251 18843 15701   6   4  25  65   0 2018-11-01 13:44:13
 0 29        14132     21899520        20456     42176160    0    0 31816 78195 8665 12278   4   3  21  72   0 2018-11-01 13:44:16
 0 30        14132     21654760        20464     42410296    0    0 10517 132339 4149 12729   2   1  46  52   0 2018-11-01 13:44:19
 0 30        14132     21541632        20468     42488780    0    0 76604 115084 17758 55137  12   8  34  47   0 2018-11-01 13:44:22
 0 40        14132     21842404        20496     42253132    0    0  4744 109180 3291 6556   1   1  38  60   0 2018-11-01 13:44:25
 1 39        14132     21511248        20496     42614676    0    0  4913 111945 2439 3054   1   1  35  63   0 2018-11-01 13:44:28
 1 38        14132     21079900        20504     43039672    0    0  5340 128604 2944 3401   1   1  32  66   0 2018-11-01 13:44:31
 0 38        14132     20596060        20504     43514268    0    0  6331 145628 3230 3595   1   1  37  61   0 2018-11-01 13:44:34
 1 37        14132     20309672        20516     43797428    0    0  4503 86556 2788 3370   1   1  44  54   0 2018-11-01 13:44:37
 0 35        14132     19725780        20516     44357788    0    0 23021 147414 6213 6039   2   1  36  60   0 2018-11-01 13:44:40
 0 34        14132     19293052        20524     44743008    0    0 34300 72794 7043 10167   3   2  29  67   0 2018-11-01 13:44:43
 2 32        14132     18801904        20524     45199980    0    0 31221 97533 6625 9798   3   2  31  64   0 2018-11-01 13:44:46
 0 34        14132     18515268        20532     45475652    0    0  8223 134034 3359 6340   1   1  47  51   0 2018-11-01 13:44:49
 2 32        14132     18531312        20540     45575092    0    0  7496 109300 3712 7245   3   1  43  53   0 2018-11-01 13:44:52
 7 25        14132     17793976        20548     46251008    0    0 73263 96226 15115 26838   8   5  25  62   0 2018-11-01 13:44:55
 0 32        14132     17414076        20548     46590208    0    0 18584 148942 5426 15738   2   2  40  56   0 2018-11-01 13:44:58
 0 31        14132     17394464        20556     46736336    0    0 17889 87735 5361 8519   3   2  33  63   0 2018-11-01 13:45:01
 1 31        14132     16812656        20576     47218416    0    0 51940 89324 12649 45801   9   5  28  59   0 2018-11-01 13:45:04
12  7        14132     16670940        20584     47374504    0    0 23487 112861 6865 31449   5   3  45  47   0 2018-11-01 13:45:07
 0 36        14132     20181404        20584     43837420    0    0 13761 115757 5625 16604   3   3  36  59   0 2018-11-01 13:45:10
 1 35        14132     19812040        20592     44200920    0    0  7459 105919 3268 3736   1   1  44  54   0 2018-11-01 13:45:13
 2 34        14132     19279816        20592     44728024    0    0 11183 152719 3450 4353   2   1  38  60   0 2018-11-01 13:45:16
 1 34        14132     18907916        20608     45092056    0    0  7481 110815 2862 4022   3   1  45  52   0 2018-11-01 13:45:19
 0 32        14132     18983216        20616     45000284    0    0 20495 57236 4627 4512   1   1  50  48   0 2018-11-01 13:45:22
 2 30        14132     18839564        20616     45154004    0    0 32125 152731 5647 11110   2   1  31  65   0 2018-11-01 13:45:25
 0 32        14132     18194628        20624     45785488    0    0 88215 76549 10259 14113   6   3  21  69   0 2018-11-01 13:45:28
 0 29        14132     17850640        20624     46088440    0    0 40473 107251 6721 17861   4   2  40  54   0 2018-11-01 13:45:31
18  5        14132     18828544        20636     45147596    0    0 47083 71162 11512 50689   9   6  26  59   0 2018-11-01 13:45:34
 0 30        14132     19479336        20636     44457848    0    0  6951 175767 7764 18688   2   2  47  49   0 2018-11-01 13:45:37
13 15        14132     19573732        20644     44405720    0    0 15031 103760 31604 16501   5   3  30  62   0 2018-11-01 13:45:40
 0 30        14132     19273120        20644     44597648    0    0 30883 161623 9245 45005   8   4  32  55   0 2018-11-01 13:45:43
 1 38        14132     19442120        20668     44582640    0    0  4044 149293 11561 4742   3   2  30  65   0 2018-11-01 13:45:46
 0 39        14132     19032932        20668     44987092    0    0  3883 124432 3644 3467   2   1  27  70   0 2018-11-01 13:45:49
 1 38        14132     18597756        20684     45414948    0    0  4004 131931 2695 3470   2   1  37  60   0 2018-11-01 13:45:52
 2 38        14132     18157960        20684     45848164    0    0  3641 129546 2621 3572   2   1  33  64   0 2018-11-01 13:45:55
 0 39        14132     17709668        20692     46286060    0    0  4041 133965 3211 4190   2   1  30  66   0 2018-11-01 13:45:58
 1 37        14132     17383536        20708     46604040    0    0  2776 100595 3000 4381   4   1  41  54   0 2018-11-01 13:46:01
 0 36        14132     17081808        20708     46892632    0    0  5419 81730 3106 3866   1   1  40  57   0 2018-11-01 13:46:04
 0 36        14132     16586376        20720     47315732    0    0 31163 150423 7780 26835   7   3  31  59   0 2018-11-01 13:46:07
 0 35        14132     16387844        20728     47563072    0    0 26227 101807 7624 18919   4   2  35  59   0 2018-11-01 13:46:10
 2 32        14132     15890988        20728     48052444    0    0  7053 143170 3609 4348   3   1  36  61   0 2018-11-01 13:46:13
 0 31        14132     15543196        20736     48351140    0    0 22124 78683 6989 20897   6   2  30  62   0 2018-11-01 13:46:16
 0 30        14132     15382752        20752     48575588    0    0 19957 129911 8575 34836   5   4  36  55   0 2018-11-01 13:46:19
 2 28        14132     17855832        20752     46058664    0    0 16773 107790 21489 40766   6   4  28  61   0 2018-11-01 13:46:22
 0 33        14132     18630396        20760     45276608    0    0  1643 142645 2938 8205   1   1  52  46   0 2018-11-01 13:46:25
 0 33        14132     18192156        20760     45698988    0    0  2943 128532 2707 3681   2   1  35  62   0 2018-11-01 13:46:28
 0 36        14132     18465256        20768     45444244    0    0  5643 108251 3261 4000   1   1  41  56   0 2018-11-01 13:46:31
 0 36        14132     18012888        20768     45891280    0    0  9771 130806 3391 3567   2   1  44  53   0 2018-11-01 13:46:34
 9 24        14132     17680204        20776     46213896    0    0 28293 60483 4421 6028   2   1  46  50   0 2018-11-01 13:46:37
 0 33        14132     17183880        20776     46662372    0    0 56123 130363 8097 19043   5   3  34  58   0 2018-11-01 13:46:40
 1 32        14132     17229508        20784     46785388    0    0 24525 74842 4476 4911   2   1  45  51   0 2018-11-01 13:46:43
 0 34        14132     16503924        20784     47388044    0    0 71408 109327 9445 19223   8   4  15  73   0 2018-11-01 13:46:46
 0 31        14132     16593428        20792     47439888    0    0 13620 101100 4332 11283   2   1  40  57   0 2018-11-01 13:46:49
 0 30        14132     18215404        20792     45681488    0    0 53047 143113 14981 61361  11   7  27  55   0 2018-11-01 13:46:52
 0 28        14132     17894324        20800     45995496    0    0  2169 94363 9598 6345   1   1  33  65   0 2018-11-01 13:46:55
 1 37        14132     17962704        23116     46043740    0    0  4416 164656 3985 4857   2   1  28  69   0 2018-11-01 13:46:58
 0 35        14132     17633860        23124     46363212    0    0  1821 102250 2334 3500   2   1  29  68   0 2018-11-01 13:47:01
 0 32        14132     17176208        23124     46856232    0    0  2592 144009 2831 4195   2   1  40  57   0 2018-11-01 13:47:04
 0 24        14132     16849156        23280     47177440    0    0  1632 101664 2252 3046   2   1  43  55   0 2018-11-01 13:47:07
 0 14        14132     16379080        23280     47638304    0    0   932 143635 2337 2847   2   1  61  36   0 2018-11-01 13:47:10
 1 11        14132     16047112        23288     47968860    0    0   177 108911 1826 2510   1   0  83  16   0 2018-11-01 13:47:13
 0  1        14132     19758920        23288     45312676    0    0    73 87727 2537 5278   1   1  91   7   0 2018-11-01 13:47:16
 1  0        14132     19761816        23620     45316652    0    0  1419   398 2562 3787   3   1  96   1   0 2018-11-01 13:47:19
 1  0        14132     19751156        23676     45317048    0    0   151   507 2691 3922   3   1  95   0   0 2018-11-01 13:47:22
 0  1        14132     19746672        23976     45322908    0    0  2145     3 2421 3535   3   1  96   0   0 2018-11-01 13:47:25
 0  1        14132     19746588        24124     45324964    0    0   591   284 2054 3267   2   1  97   1   0 2018-11-01 13:47:28
 1  0        14132     32468496          864     32626408    0    0    91   193 1666 2722   0   4  96   0   0 2018-11-01 13:47:31
 0  1        14132     33173804         5868     31913228    0    0  4611   111 2464 3653   1   1  95   3   0 2018-11-01 13:47:34
 4  0        14132     32979132         6864     31941268    0    0  9043     1 3026 14526   6   1  92   2   0 2018-11-01 13:47:37
 0  0        14132     32835340        11384     31951832    0    0  5011   291 7452 9668   6   0  90   3   0 2018-11-01 13:47:40
 0  1        14132     32647604        12524     31962224    0    0  3896    23 16921 8875  12   1  86   2   0 2018-11-01 13:47:43
 1  1        14132     32571588        12752     31973764    0    0  3759   123 43774 17444  16   1  82   1   0 2018-11-01 13:47:46
 1  1        14132     32877440        15920     31989272    0    0  4087  2241 9116 8203  10   0  87   3   0 2018-11-01 13:47:49
 0 33        14132     32639752        16060     32285548    0    0 91208 44877 4757 8999   2   1  84  14   0 2018-11-01 13:47:52
 1 32        14132     31824240        16068     33072248    0    0 151172 108497 7631 8019   1   1  51  47   0 2018-11-01 13:47:55
 0 33        14132     31214376        16068     33654296    0    0 111561 79069 6276 6754   1   1  43  55   0 2018-11-01 13:47:58
 4 29        14132     30697448        16076     34141488    0    0 87172 73970 6137 6334   1   1  42  56   0 2018-11-01 13:48:01
 1 32        14132     29963560        16360     34795132    0    0 117469 95843 12281 8487   5   1  36  59   0 2018-11-01 13:48:04
 0 31        14132     29363872        16368     35307212    0    0 91972 71305 13157 9036   5   1  42  52   0 2018-11-01 13:48:07
 0 31        14132     28846052        16368     35788072    0    0 81655 68462 12352 8824   2   1  37  60   0 2018-11-01 13:48:10
 0 29        14132     28383156        16376     36185336    0    0 64940 59023 8276 8093   2   1  38  59   0 2018-11-01 13:48:13
 4 26        14132     27637500        16384     36801820    0    0 166517 64667 24624 24138   5   3  34  58   0 2018-11-01 13:48:16
 0 30        14132     27208648        16384     37180084    0    0 77139 105421 11398 15319   3   1  32  64   0 2018-11-01 13:48:19
 0 29        14132     28745688        16392     35660936    0    0 83866 83816 10955 15647   3   2  28  68   0 2018-11-01 13:48:22
 4 25        14132     27917776        16392     36394788    0    0 151108 52445 17190 23559   5   3  29  63   0 2018-11-01 13:48:25
 0 30        14132     27525304        16400     36747380    0    0 70084 103061 11173 15829   3   2  42  53   0 2018-11-01 13:48:28
 4 25        14132     27771872        16400     36511216    0    0 47147 70217 9735 13044   3   2  49  47   0 2018-11-01 13:48:31
 5 25        14132     26517944        16408     37484648    0    0 193572 99249 29644 32664   8   5  26  60   0 2018-11-01 13:48:34
 0 29        14132     26886968        16408     37245780    0    0 19840 101943 4870 13028   1   1  41  57   0 2018-11-01 13:48:37
 2 27        14132     26208136        16416     37847928    0    0 116125 41653 17582 20883   6   3  27  64   0 2018-11-01 13:48:40
 0 30        14132     25529604        16416     38446440    0    0 82699 157523 13226 20939   5   3  21  72   0 2018-11-01 13:48:43
 0 40        14132     25639440        16424     38382800    0    0 10541 151206 3190 3583   1   1  19  79   0 2018-11-01 13:48:46
 2 37        14132     25284080        16424     38731872    0    0 10399 103673 3440 3393   1   1  41  58   0 2018-11-01 13:48:49
 0 38        14132     24711228        16436     39279476    0    0 73749 100919 14323 7229   2   1  38  59   0 2018-11-01 13:48:52
 0 38        14132     24067124        16436     39909244    0    0 86852 109415 11268 7529   2   1  42  54   0 2018-11-01 13:48:55
 0 37        14132     23673704        16444     40300536    0    0 52219 70704 5616 5905   1   1  46  52   0 2018-11-01 13:48:58
 0 37        14132     22997760        16444     40956044    0    0 91009 112984 8271 8435   2   1  45  52   0 2018-11-01 13:49:01
 0 36        14132     22538708        16452     41402760    0    0 48408 91382 5745 6101   2   1  45  52   0 2018-11-01 13:49:04
 0 35        14132     22051812        16452     41881800    0    0 63035 79644 8511 7894   2   1  47  50   0 2018-11-01 13:49:07
 0 34        14132     21598728        16460     42321216    0    0 55119 79130 6846 7714   2   1  32  64   0 2018-11-01 13:49:10
 0 34        14132     21403144        16460     42509476    0    0 25929 105678 4949 9875   1   1  36  63   0 2018-11-01 13:49:13
 2 31        14132     21144724        16468     42846924    0    0 58247 114365 7766 8031   2   2  33  63   0 2018-11-01 13:49:16
 0 30        14132     20634888        16468     43301816    0    0 67400 58273 10065 11582   4   2  36  58   0 2018-11-01 13:49:19
 0 31        14132     20151460        16476     43747880    0    0 68421 111647 12837 18044   5   3  32  61   0 2018-11-01 13:49:22
 4 26        14132     20011124        16476     43982980    0    0 47505 88068 8146 14664   4   2  36  58   0 2018-11-01 13:49:25
 0 32        14132     22971744        16484     40947348    0    0 53975 95278 10818 30593   6   5  26  63   0 2018-11-01 13:49:28
 0 32        14132     22513808        16484     41400332    0    0  4092 140199 2699 3586   1   1  44  54   0 2018-11-01 13:49:31
 1 30        14132     22158392        16492     41752316    0    0  2905 110672 3682 3113   1   1  47  52   0 2018-11-01 13:49:34
 0 30        14132     21856560        16492     42051472    0    0  2761 92462 6388 3428   1   1  52  46   0 2018-11-01 13:49:37
 0 29        14132     21700680        16504     42202472    0    0  1895 83576 3047 6101   1   0  64  35   0 2018-11-01 13:49:40
 3 28        14132     23642652        16792     40347164    0    0 41015 108394 9374 27335   5   3  49  43   0 2018-11-01 13:49:43
 1 28        14132     23101200        16800     40786916    0    0 58620 113816 13308 26942   6   4  43  47   0 2018-11-01 13:49:46
 2 28        14132     23037088        16800     40927652    0    0 40487 51542 10704 14961   5   3  42  51   0 2018-11-01 13:49:49
 0 30        14132     22340884        16808     41544424    0    0 57207 172478 12717 31573   7   4  33  55   0 2018-11-01 13:49:52
 8 20        14132     22319360        16808     41639292    0    0 57040 80284 18455 30669   8   5  25  62   0 2018-11-01 13:49:55
 0 30        14132     21901188        16820     41998004    0    0 33241 127981 7665 26847   5   3  41  52   0 2018-11-01 13:49:58
 0 40        14132     22043752        16828     41940320    0    0  7543 128937 5558 5053   2   1  26  71   0 2018-11-01 13:50:01
 1 38        14132     21600104        16828     42376648    0    0  6012 136033 2913 3342   1   1  37  61   0 2018-11-01 13:50:04
 0 39        14132     21161304        16836     42809284    0    0  6011 131660 3031 3313   1   1  35  63   0 2018-11-01 13:50:07
 0 37        14132     20908000        16836     43056140    0    0  2769 77146 2507 2987   1   1  42  57   0 2018-11-01 13:50:10
 0 38        14132     20439436        16844     43519832    0    0  7191 140726 3082 3866   1   1  46  52   0 2018-11-01 13:50:13
 2 34        14132     20099784        16844     43850632    0    0 17497 85747 4117 4828   1   1  44  54   0 2018-11-01 13:50:16
 0 36        14132     19344916        16852     44544828    0    0 71411 122565 12537 13893   5   3  21  72   0 2018-11-01 13:50:19
 1 35        14132     18933532        16852     44944204    0    0 11172 112697 3738 4770   2   1  28  69   0 2018-11-01 13:50:22
 0 35        14132     18574688        16860     45283664    0    0 19479 151988 5217 11453   2   1  34  63   0 2018-11-01 13:50:25
11 22        14132     18278824        16860     45583600    0    0 57356 79815 11280 17345   5   3  27  66   0 2018-11-01 13:50:28
 0 33        14132     17850792        16868     45986768    0    0 14775 104307 4209 5869   2   1  35  61   0 2018-11-01 13:50:31
 0 31        14132     17472308        16868     46308380    0    0 26936 118655 6938 13134   4   2  35  59   0 2018-11-01 13:50:34
 9 21        14132     17291100        16876     46552284    0    0 37803 93179 9157 25912   6   4  38  52   0 2018-11-01 13:50:37
 0 30        14132     16851024        16876     46938284    0    0 38045 120982 9892 32973   7   4  34  56   0 2018-11-01 13:50:40
 1 43        14132     17652540        16884     46152088    0    0 52467 129257 6773 12744   4   3  42  52   0 2018-11-01 13:50:43
 0 43        14132     20161240        16884     43634504    0    0 14957 137447 3998 3667   1   1  40  58   0 2018-11-01 13:50:46
 1 43        14132     19801804        16892     43993108    0    0 12792 97616 3323 3168   1   1  38  61   0 2018-11-01 13:50:49
 0 41        14132     19512112        16900     44281560    0    0 10393 85422 2421 3105   1   1  41  58   0 2018-11-01 13:50:52
 1 41        14132     19150604        16900     44640456    0    0 12104 101950 2664 3419   1   1  36  62   0 2018-11-01 13:50:55
 0 39        14132     18735348        16908     45046644    0    0 25635 103431 3616 4128   2   1  41  56   0 2018-11-01 13:50:58
 1 38        14132     17968888        16908     45786064    0    0 108195 114787 7643 7587   4   2  31  64   0 2018-11-01 13:51:01
 0 40        14132     17509048        16916     46230816    0    0 64663 104851 5143 5322   2   1  39  58   0 2018-11-01 13:51:04
 0 39        14132     17507344        16920     46303340    0    0 21683 108531 3755 8613   1   1  34  64   0 2018-11-01 13:51:07
 0 38        14132     16968620        16928     46887148    0    0 85297 90317 6237 6578   3   1  40  55   0 2018-11-01 13:51:10
 0 31        14132     16447752        16928     47363448    0    0 68223 67848 6221 7588   3   2  39  56   0 2018-11-01 13:51:13
 0 30        14132     16352116        16936     47393528    0    0 53780 79567 7171 14667   4   2  27  66   0 2018-11-01 13:51:16
12  2        14132     19298188        16936     44419744    0    0 51544 111782 24448 65528  10   7  37  46   0 2018-11-01 13:51:19
 7 21        14132     19581604        16944     44105396    0    0 10607 104756 9371 21000   3   2  47  49   0 2018-11-01 13:51:22
14 15        14132     19679512        16952     44074956    0    0 32020 73168 25272 35102   8   5  31  56   0 2018-11-01 13:51:25
 3 27        14132     19294512        16952     44405396    0    0 16881 135765 6032 25844   5   3  46  47   0 2018-11-01 13:51:28
 1 39        14132     19020872        16960     44704244    0    0  4588 154535 4382 4833   2   1  31  65   0 2018-11-01 13:51:31
 0 40        14132     18537520        16960     45174372    0    0  4497 143612 2942 3908   2   1  33  64   0 2018-11-01 13:51:34
 0 39        14132     18073828        16968     45634252    0    0  3987 142047 2949 3746   2   1  35  62   0 2018-11-01 13:51:37
 1 40        14132     17700856        16968     46004456    0    0  3165 110925 2642 3500   2   1  40  57   0 2018-11-01 13:51:40
 0 40        14132     17266364        16976     46437412    0    0  4076 131906 2938 3732   2   1  35  62   0 2018-11-01 13:51:43
 0 40        14132     16908892        16976     46788740    0    0  2901 106680 2501 3834   1   1  35  63   0 2018-11-01 13:51:46
 2 38        14132     16573984        16984     47116260    0    0  2644 102074 2632 3080   1   1  40  58   0 2018-11-01 13:51:49
 0 34        14132     16123016        16984     47562720    0    0  3820 139857 3153 3912   2   1  42  56   0 2018-11-01 13:51:52
 0 33        14132     15840900        16992     47822916    0    0 19636 74910 6384 17477   3   2  33  62   0 2018-11-01 13:51:55
 0 32        14132     15780840        17280     48000024    0    0 21543 122192 7116 22172   4   3  36  57   0 2018-11-01 13:51:58
 5 27        14132     15511172        17288     48258424    0    0 10496 58516 3774 6496   2   1  41  55   0 2018-11-01 13:52:01
 0 31        14132     15265528        17288     48480452    0    0 19472 93901 6534 24823   5   3  36  56   0 2018-11-01 13:52:04
20  1        14132     16056332        17296     47637412    0    0 26868 101221 11416 51259   8   5  31  57   0 2018-11-01 13:52:07
 1 33        14132     18608576        17304     45046432    0    0 12555 146613 42846 35246   5   3  31  61   0 2018-11-01 13:52:10
 0 32        14132     18217184        17304     45422924    0    0  2528 130199 2486 5553   2   1  43  54   0 2018-11-01 13:52:13
 0 34        14132     17821844        19184     45786168    0    0  3927 109307 2822 4239   2   1  34  63   0 2018-11-01 13:52:16
 0 36        14132     18031564        20432     45674412    0    0  7356 121079 3719 4587   3   1  39  57   0 2018-11-01 13:52:19
 5 29        14132     17720460        20568     45975696    0    0  7999 87670 2908 3801   1   1  37  61   0 2018-11-01 13:52:22
 1 34        14132     17095060        20568     46557448    0    0 71577 107468 9297 14956   7   4  25  65   0 2018-11-01 13:52:25
 0 34        14132     16866972        20576     46780728    0    0  8357 96612 3098 8838   1   1  46  52   0 2018-11-01 13:52:28
 0 33        14132     16662036        22388     47153428    0    0 75233 73001 10395 17106   7   4  27  62   0 2018-11-01 13:52:31
 0 34        14132     16182292        22396     47586392    0    0 35876 155140 5236 13610   3   2  31  64   0 2018-11-01 13:52:34
14  0        14132     16078984        22396     47745420    0    0 43183 44255 8697 30436   7   4  31  58   0 2018-11-01 13:52:37
 1 30        14132     18032840        22404     45719848    0    0 15648 145837 6943 40822   6   4  47  43   0 2018-11-01 13:52:40
 1 39        14132     18047632        22424     45784504    0    0  3307 161854 9967 5629   5   2  25  68   0 2018-11-01 13:52:43
 1 38        14132     17697968        22424     46149852    0    0  1992 110857 2568 3555   3   1  33  63   0 2018-11-01 13:52:46
 3 32        14132     17336132        22432     46501296    0    0  2100 108631 2766 4016   2   1  38  59   0 2018-11-01 13:52:49
 1 32        14132     16879276        22432     46945740    0    0  2087 136629 2512 3353   2   1  39  59   0 2018-11-01 13:52:52
 0 20        14132     16429032        22440     47387640    0    0  1596 140046 2315 3019   2   1  54  44   0 2018-11-01 13:52:55
 0 13        14132     15954336        22440     47859644    0    0   672 148717 2217 2745   1   1  71  26   0 2018-11-01 13:52:58
 1  0        14132     19773868        22452     45287996    0    0     3 47538 2391 5225   1   1  93   5   0 2018-11-01 13:53:01
 1  0        14132     19793168        23300     45292912    0    0  1607   861 2362 3434   3   1  96   1   0 2018-11-01 13:53:04
 1  0        14132     19793528        23500     45293524    0    0   199    88 2844 4146   3   1  95   0   0 2018-11-01 13:53:07
 1  0        14132     19771900        23788     45300644    0    0  2552     3 2415 3620   3   1  96   1   0 2018-11-01 13:53:10
 0  1        14132     19765180        23956     45301460    0    0   203   255 1991 3323   2   1  97   1   0 2018-11-01 13:53:13
 0  2        14132     33198836         1360     31903956    0    0   276   205 1597 2761   0   4  96   1   0 2018-11-01 13:53:16
 1  0        14132     33159768         6072     31922128    0    0  7080    47 2460 3339   1   0  96   3   0 2018-11-01 13:53:19
 3  0        14132     33010372         6584     31940080    0    0  6077     1 3108 11435   4   0  92   4   0 2018-11-01 13:53:22
 1  1        14132     32843260        11072     31947572    0    0  3884   245 5833 12188   8   0  88   3   0 2018-11-01 13:53:25
 5  0        14132     32656200        12352     31959100    0    0  4143    16 16261 8766  10   1  88   2   0 2018-11-01 13:53:28
11  0        14132     32596000        12896     31971952    0    0  4480    46 29673 15019  13   1  83   3   0 2018-11-01 13:53:31
 3  0        14132     32562796        15132     31975628    0    0  1909   771 5616 7409   7   0  89   4   0 2018-11-01 13:53:34
 2  0        14132     32759604        18020     32131720    0    0 48150  1973 11793 11562   6   1  90   3   0 2018-11-01 13:53:37
 1 33        14132     32223852        18028     32680796    0    0 119292 97357 6634 7699   1   1  66  32   0 2018-11-01 13:53:40
 1 33        14132     31669688        18028     33211848    0    0 101940 72969 6369 6398   1   1  47  52   0 2018-11-01 13:53:43
 1 33        14132     31097744        18036     33756440    0    0 104049 77036 6723 6605   1   1  43  55   0 2018-11-01 13:53:46
 2 32        14132     30511160        18036     34289152    0    0 98401 75560 7304 7277   3   1  44  52   0 2018-11-01 13:53:49
 2 31        14132     29853388        18044     34881000    0    0 108341 84861 10428 8356   3   1  37  59   0 2018-11-01 13:53:52
 2 31        14132     29209756        18044     35475092    0    0 104132 85872 13950 8239   1   1  36  61   0 2018-11-01 13:53:55
 1 31        14132     28568304        18052     36068504    0    0 98120 89702 14886 9477   2   1  33  64   0 2018-11-01 13:53:58
 5 25        14132     27927060        18052     36594248    0    0 128419 87722 18563 16463   3   2  33  61   0 2018-11-01 13:54:01
 1 29        14132     29200044        18068     35233520    0    0 121863 50831 14139 18747   3   2  33  61   0 2018-11-01 13:54:04
 1 30        14132     28784908        18076     35615156    0    0 46305 143127 6140 14171   2   1  38  59   0 2018-11-01 13:54:07
 1 28        14132     28639632        18076     35764452    0    0 118531 47598 13101 17725   4   2  44  50   0 2018-11-01 13:54:10
 1 30        14132     27656152        18084     36626544    0    0 175148 92350 23293 27543   6   3  32  59   0 2018-11-01 13:54:13
 1 30        14132     27457732        18084     36811684    0    0  5021 96937 4922 9309   1   1  58  41   0 2018-11-01 13:54:16
 1 29        14132     27283368        18092     36966256    0    0 129923 48877 17511 21875   5   3  33  59   0 2018-11-01 13:54:19
 1 30        14132     26664064        18100     37505864    0    0 106219 103950 13212 22148   5   3  27  65   0 2018-11-01 13:54:22
 7 24        14132     26595120        18108     37617184    0    0 98844 88514 14020 21872   5   3  24  68   0 2018-11-01 13:54:25
 1 30        14132     25935120        18108     38196692    0    0 109624 80388 14286 19537   5   3  23  69   0 2018-11-01 13:54:28
 2 40        14132     26183400        18116     38000368    0    0 11475 147726 4011 9934   1   1  25  73   0 2018-11-01 13:54:31
 1 41        14132     25702756        20708     38528612    0    0 12496 157729 3886 3715   1   1  40  58   0 2018-11-01 13:54:34
 1 40        14132     25153512        20720     39066792    0    0 74821 100277 8623 7166   2   1  41  56   0 2018-11-01 13:54:37
 1 40        14132     24633736        20720     39574408    0    0 69940 86979 7251 6695   2   1  34  64   0 2018-11-01 13:54:40
 3 38        14132     24121104        20728     40072092    0    0 64340 92433 7198 6667   2   1  37  60   0 2018-11-01 13:54:43
 1 40        14132     23436244        20728     40733728    0    0 85969 119723 8450 7889   2   1  37  59   0 2018-11-01 13:54:46
 1 40        14132     22939624        20736     41209924    0    0 63007 84585 7106 6837   2   1  36  61   0 2018-11-01 13:54:49
 4 36        14132     22438508        20736     41691812    0    0 60519 87892 6712 6719   2   1  32  65   0 2018-11-01 13:54:52
 1 40        14132     21920408        20744     42200544    0    0 67292 90041 8093 7105   2   1  31  66   0 2018-11-01 13:54:55
 1 38        14132     21473492        20744     42626144    0    0 53831 76541 7053 6562   2   1  33  65   0 2018-11-01 13:54:58
 1 38        14132     21154484        20752     42931592    0    0 19436 152565 4435 9751   1   1  33  66   0 2018-11-01 13:55:01
 2 35        14132     20917024        20764     43247060    0    0 70297 96992 9196 8398   2   1  36  60   0 2018-11-01 13:55:04
 1 35        14132     20416548        20780     43723428    0    0 65012 76170 8204 8176   3   1  34  62   0 2018-11-01 13:55:07
 2 31        14132     20002252        20780     44110168    0    0 46972 67926 6418 7098   2   1  40  57   0 2018-11-01 13:55:10
 1 30        14132     19540616        20788     44501408    0    0 55208 78614 8778 14685   4   2  35  59   0 2018-11-01 13:55:13
 4 28        14132     23072336        20788     40959404    0    0  4077 165895 3597 9236   1   1  40  58   0 2018-11-01 13:55:16
 1 31        14132     22631264        20796     41393676    0    0  3736 135080 3010 3621   1   1  46  52   0 2018-11-01 13:55:19
 2 30        14132     23087160        20916     41131940    0    0  3249 110701 2680 3424   1   1  46  52   0 2018-11-01 13:55:22
 1 29        14132     22723288        20924     41490912    0    0  3684 110140 2821 3720   1   1  44  54   0 2018-11-01 13:55:25
 1 30        14132     22056104        20924     42041496    0    0 85765 70405 13911 21842   7   4  20  68   0 2018-11-01 13:55:28
15 10        14132     23394080        21212     40771896    0    0 36757 104916 22822 19714   4   3  30  63   0 2018-11-01 13:55:31
 1 30        14132     22753684        21212     41348256    0    0 62304 148426 18543 36566   7   5  34  54   0 2018-11-01 13:55:34
 1 30        14132     22572628        21220     41461880    0    0 86187 76431 29100 47032  11   7  30  52   0 2018-11-01 13:55:37
 1 38        14132     22458692        21228     41642984    0    0  6644 155188 4715 9763   2   1  43  54   0 2018-11-01 13:55:40
 2 36        14132     22006636        21228     42114320    0    0  3792 149141 2647 3411   2   1  32  66   0 2018-11-01 13:55:43
 2 38        14132     21662328        21236     42454236    0    0  3811 101651 2573 3260   1   1  33  65   0 2018-11-01 13:55:46
 1 38        14132     21187548        21236     42922332    0    0  6151 142163 2657 3351   1   1  41  57   0 2018-11-01 13:55:49
 2 36        14132     20750584        21244     43347788    0    0  6359 133709 2819 3580   1   1  44  54   0 2018-11-01 13:55:52
 1 37        14132     20288372        21244     43809460    0    0  6717 139200 2808 3522   1   1  47  51   0 2018-11-01 13:55:55
 3 33        14132     19909704        21252     44185200    0    0 24212 87269 5091 6079   2   1  41  56   0 2018-11-01 13:55:58
 3 33        14132     19338252        21252     44738088    0    0 26705 139614 6485 8252   3   1  29  67   0 2018-11-01 13:56:01
 1 35        14132     18788152        21260     45277424    0    0 37749 115745 7550 9016   3   2  28  66   0 2018-11-01 13:56:04
 2 34        14132     18525764        21260     45524252    0    0 13851 132724 4507 9627   1   1  46  52   0 2018-11-01 13:56:07
 8 26        14132     18515916        21268     45578496    0    0 19729 65802 4530 5700   2   1  39  58   0 2018-11-01 13:56:10
 1 29        14132     17754304        21268     46280900    0    0 79003 94299 14243 30731   8   5  21  66   0 2018-11-01 13:56:13
 1 29        14132     17510312        21276     46504608    0    0  9032 127293 3988 14238   2   1  51  47   0 2018-11-01 13:56:16
 1 32        14132     21196252        21276     42819700    0    0 57924 112884 39627 78757  11   8  32  49   0 2018-11-01 13:56:19
 1 33        14132     20825764        21284     43179720    0    0  2184 150755 2888 5942   1   1  39  59   0 2018-11-01 13:56:22
 1 33        14132     20363452        21284     43628972    0    0  3471 137815 2843 3602   1   1  34  64   0 2018-11-01 13:56:25
 1 41        14132     20541600        21292     43515532    0    0 14071 130837 3503 3659   1   1  45  53   0 2018-11-01 13:56:28
 3 37        14132     20142124        21292     43899716    0    0 30979 90134 4266 4401   1   1  45  53   0 2018-11-01 13:56:31
 3 37        14132     19490472        21300     44522680    0    0 89732 97989 6863 7159   3   2  37  58   0 2018-11-01 13:56:34
 1 38        14132     18784408        21300     45196992    0    0 99553 101832 7372 7728   3   2  32  64   0 2018-11-01 13:56:37
 1 39        14132     18288088        21308     45661196    0    0 68256 70399 5464 5668   2   1  44  53   0 2018-11-01 13:56:40
 5 36        14132     17931728        21308     46002260    0    0 26400 155227 4349 9679   1   1  45  53   0 2018-11-01 13:56:43
 2 38        14132     17712340        21316     46332228    0    0 81957 84390 6327 6691   3   2  38  57   0 2018-11-01 13:56:46
 1 34        14132     17167700        21316     46841848    0    0 71428 74140 7170 7955   3   2  33  62   0 2018-11-01 13:56:49
 1 33        14132     16675348        21324     47291388    0    0 58164 118904 7974 13677   5   3  23  70   0 2018-11-01 13:56:52
 7 24        14132     16606620        21324     47422836    0    0 26011 86253 5520 11638   3   2  36  59   0 2018-11-01 13:56:55
 1 30        14132     19704312        21484     44250968    0    0 33704 165460 16858 67716  10   6  39  46   0 2018-11-01 13:56:58
 1 40        14132     20086708        21484     43935988    0    0  4704 140327 9803 8505   2   2  35  61   0 2018-11-01 13:57:01
 1 40        14132     19732340        21492     44292560    0    0  2688 110528 2509 3246   2   1  27  71   0 2018-11-01 13:57:04
 2 39        14132     19435000        21492     44581076    0    0  2652 86499 2377 3425   1   1  33  65   0 2018-11-01 13:57:07
 2 39        14132     19028052        21500     44982192    0    0  3185 125024 2624 3929   2   1  27  70   0 2018-11-01 13:57:10
 1 40        14132     18593384        21500     45409620    0    0  3791 127825 2731 3641   2   1  27  70   0 2018-11-01 13:57:13
 1 40        14132     18124744        21508     45872816    0    0  4293 141595 3273 3734   2   1  26  72   0 2018-11-01 13:57:16
 2 39        14132     17623984        21508     46362160    0    0  4121 153458 2767 3438   2   1  36  62   0 2018-11-01 13:57:19
 1 37        14132     17206352        21516     46767776    0    0  3216 124990 2826 3389   2   1  33  65   0 2018-11-01 13:57:22
 1 36        14132     16911236        21516     47056060    0    0  3291 87064 2387 3242   1   1  39  59   0 2018-11-01 13:57:25
 1 34        14132     16587780        21524     47368628    0    0  5351 128986 3033 3747   1   1  32  66   0 2018-11-01 13:57:28
 1 32        14132     16267424        21528     47666788    0    0 12187 72722 3984 5866   2   1  27  70   0 2018-11-01 13:57:31
 2 33        14132     16158876        21536     47826420    0    0 20153 117986 6449 14122   4   2  35  59   0 2018-11-01 13:57:34
 2 32        14132     15624344        21536     48331008    0    0 24296 109625 7121 13644   4   2  35  59   0 2018-11-01 13:57:37
 4 27        14132     15294968        21544     48638792    0    0 15659 64787 5692 12410   3   2  38  57   0 2018-11-01 13:57:40
 2 29        14132     15103988        21544     48816300    0    0  3985 168615 3246 10863   2   1  43  54   0 2018-11-01 13:57:43
 2 31        14132     19458976        21552     44446048    0    0 38364 111778 22970 88586  12   8  30  50   0 2018-11-01 13:57:46
 1 32        14132     19287864        21552     44616816    0    0   469 96039 2337 2904   0   0  35  64   0 2018-11-01 13:57:49
 2 32        14132     18896968        21560     45002868    0    0  2383 117104 2205 6144   1   1  40  58   0 2018-11-01 13:57:52
 5 29        14132     18442164        21560     45450780    0    0  3088 136273 2471 3518   1   1  36  62   0 2018-11-01 13:57:55
 1 34        14132     18710460        21568     45322388    0    0  8691 104735 3299 3856   1   1  41  57   0 2018-11-01 13:57:58
 1 35        14132     17835336        21568     46097036    0    0 101029 130822 13248 16601   7   4  22  67   0 2018-11-01 13:58:01
 1 34        14132     17581516        21576     46330556    0    0 10871 104780 2929 9224   1   1  47  52   0 2018-11-01 13:58:04
 1 34        14132     17360180        21576     46635072    0    0 70389 67278 8061 10038   5   3  34  58   0 2018-11-01 13:58:07
 1 35        14132     16743868        21584     47198796    0    0 56553 165012 7748 16027   5   3  33  59   0 2018-11-01 13:58:10
15  2        14132     18305368        21584     45704700    0    0 36589 47701 16794 44157   7   5  36  52   0 2018-11-01 13:58:13
 3 26        14132     18450288        21592     45523976    0    0  8117 130990 22990 17381   4   2  23  71   0 2018-11-01 13:58:16
 1 30        14132     18372004        21600     45574312    0    0  4076 150529 20326 12044   2   1  46  50   0 2018-11-01 13:58:19
 1 36        14132     18638952        21600     45393880    0    0  3067 145984 3296 4197   2   1  29  67   0 2018-11-01 13:58:22
 1 37        14132     18266876        21608     45753680    0    0  2021 112248 2210 3087   2   1  43  55   0 2018-11-01 13:58:25
 0 37        14132     17796900        21608     46223716    0    0   157 153820 2115 2529   1   1  41  58   0 2018-11-01 13:58:28
 1 35        14132     17386876        21616     46618440    0    0  2591 115861 2752 3997   2   1  50  47   0 2018-11-01 13:58:31
 0 36        14132     16987408        21616     47012884    0    0  2692 119861 2498 3604   2   1  32  65   0 2018-11-01 13:58:34
 1 35        14132     16628948        21624     47365200    0    0  2149 105460 2227 3523   1   1  46  51   0 2018-11-01 13:58:37
 0 35        14132     16180380        21624     47805716    0    0  3203 132730 2915 4069   2   1  39  58   0 2018-11-01 13:58:40
 0 34        14132     15864056        21632     48119564    0    0  2084 97614 2335 3494   2   1  40  58   0 2018-11-01 13:58:43
 0 34        14132     15383260        21640     48584968    0    0  3097 138831 2824 4741   2   1  43  54   0 2018-11-01 13:58:46
 1 30        14132     15087196        21640     48853236    0    0  3460 113020 3745 5472   2   1  38  59   0 2018-11-01 13:58:49
 4  1        14132     15659036        21648     48349756    0    0  3619 129133 3783 7899   2   1  44  53   0 2018-11-01 13:58:52
 1 30        14132     18787812        21648     45185716    0    0 13735 118302 21488 47360   6   4  33  56   0 2018-11-01 13:58:55
 0 30        14132     18459396        21656     45501188    0    0  2555 94902 9024 4251   1   1  30  67   0 2018-11-01 13:58:58
 0 30        14132     18028184        21656     45916304    0    0  3557 122030 6550 4360   2   1  38  59   0 2018-11-01 13:59:01
 0 30        14132     17644376        21664     46280288    0    0  5288 171597 4069 10760   2   1  40  56   0 2018-11-01 13:59:04
 0 29        14132     17393620        21664     46529024    0    0  2405 71691 2635 6955   1   1  38  60   0 2018-11-01 13:59:07
 0 27        14132     18415140        21672     45566124    0    0  6341 137281 21838 12227   3   2  38  57   0 2018-11-01 13:59:10
 0 16        14132     18078824        21672     45884488    0    0  3911 89477 9840 6024   2   1  41  56   0 2018-11-01 13:59:13
 1  0        14132     20247116        21680     44851576    0    0  1636 135105 2950 5942   1   1  87  10   0 2018-11-01 13:59:16
 1  0        14132     20190592        23548     44858120    0    0  2915   832 2372 3326   2   1  96   1   0 2018-11-01 13:59:19
 1  0        14132     20206380        23748     44859436    0    0   201   293 2845 4261   3   1  95   0   0 2018-11-01 13:59:22
 1  0        14132     20221948        23760     44859424    0    0    56     3 2752 4075   4   1  95   0   0 2018-11-01 13:59:25
 0  0        14132     20184656        24440     44867228    0    0  2792    69 2058 3311   1   1  97   1   0 2018-11-01 13:59:28
 1  0        14132     29779432          700     35296792    0    0     4   398 1712 2734   1   3  96   0   0 2018-11-01 13:59:31
 0  1        14132     33177504         4816     31909068    0    0  2959    51 2190 3147   1   1  95   3   0 2018-11-01 13:59:34
 2  1        14132     32999672         5824     31939288    0    0 10261     1 3316 11777   5   0  93   2   0 2018-11-01 13:59:37
 0  1        14132     32797756        10568     31948864    0    0  4799    53 11390 11844  10   1  86   3   0 2018-11-01 13:59:40
 0  1        14132     32627396        11300     31957060    0    0  2851     9 14939 6979   7   0  88   4   0 2018-11-01 13:59:43
 2  0        14132     32615492        11740     31970224    0    0  4492   228 9041 9841   8   0  88   4   0 2018-11-01 13:59:46
 0  2        14132     32552980        12124     31975156    0    0  1521    96 17589 13920  14   1  84   1   0 2018-11-01 13:59:49
 0  1        14132     32533408        14920     32286896    0    0 69751 31679 13971 11000   6   1  90   3   0 2018-11-01 13:59:52
 1 28        14132     32107420        14932     32654628    0    0 115307 48248 13282 16878   3   1  51  45   0 2018-11-01 13:59:55
 1 29        14132     31117364        14932     33447348    0    0 179912 65788 92644 24722  14   3  20  63   0 2018-11-01 13:59:58
 0 28        14132     30504800        14940     34011348    0    0 126663 49006 16639 17692   4   2  27  67   0 2018-11-01 14:00:01
 0 28        14132     29581816        15072     34845800    0    0 186683 65788 24481 25748   4   3  28  66   0 2018-11-01 14:00:04
 0 30        14132     29331012        15080     35030096    0    0 136201 85397 27358 21426   3   2  25  69   0 2018-11-01 14:00:07
 0 29        14132     29135460        15080     35218680    0    0  6307 93500 2803 9552   0   0  34  65   0 2018-11-01 14:00:10
 0 29        14132     29062468        15088     35287496    0    0 133341 47968 18792 20578   4   3  26  68   0 2018-11-01 14:00:13
 0 38        14132     28333536        15096     35944516    0    0 135887 53582 18260 21199   4   3  24  70   0 2018-11-01 14:00:16
 0 38        14132     27720776        15096     36543344    0    0 97043 94220 7167 6604   1   1  26  72   0 2018-11-01 14:00:19
 0 38        14132     27161536        15104     37094296    0    0 98485 79801 7235 6825   1   1  22  75   0 2018-11-01 14:00:22
 0 37        14132     26418712        15104     37830716    0    0 131205 102823 9046 8124   2   1  27  70   0 2018-11-01 14:00:25
 0 38        14132     25827888        15112     38410640    0    0 95087 91246 6857 6971   1   1  24  73   0 2018-11-01 14:00:28
 0 35        14132     25810812        15112     38418432    0    0 69008 154462 8995 11342   1   1  27  70   0 2018-11-01 14:00:31
 4 31        14132     25823920        15120     38539160    0    0 28600 83555 4879 8240   1   1  33  65   0 2018-11-01 14:00:34
 0 31        14132     25186744        15120     39139636    0    0 82831 90014 13043 17084   4   3  26  67   0 2018-11-01 14:00:37
 0 31        14132     24519756        15128     39738912    0    0 84536 84544 15010 18458   5   3  28  64   0 2018-11-01 14:00:40
 1 30        14132     25447948        15128     38757260    0    0 62817 101258 12725 16150   3   2  39  56   0 2018-11-01 14:00:43
 7 22        14132     26792836        15136     37574564    0    0 15684 69121 3881 7669   1   1  49  50   0 2018-11-01 14:00:46
 4 26        14132     25751256        15136     38499868    0    0 175551 65811 24274 30215   8   5  18  69   0 2018-11-01 14:00:49
 0 30        14132     25473804        15144     38754824    0    0 18209 131868 4665 10614   1   1  33  65   0 2018-11-01 14:00:52
 7 23        14132     25033064        15144     39105624    0    0 106588 39442 16903 21439   6   4  18  72   0 2018-11-01 14:00:55
 4 26        14132     24750020        15152     39365468    0    0 47015 85989 8251 16597   3   2  16  79   0 2018-11-01 14:00:58
 0 37        14132     24979412        15152     39264648    0    0  8061 171570 3269 3622   1   1  30  68   0 2018-11-01 14:01:01
 0 36        14132     24671496        15160     39567688    0    0 17357 80677 3822 3962   1   1  40  59   0 2018-11-01 14:01:04
 0 36        14132     23995704        15160     40215888    0    0 89021 107623 12061 10465   3   2  29  66   0 2018-11-01 14:01:07
 0 36        14132     23559096        15168     40630644    0    0 54995 71175 7252 7529   2   1  33  64   0 2018-11-01 14:01:10
 1 33        14132     23019180        15168     41137028    0    0 66247 84463 9497 9503   3   2  36  60   0 2018-11-01 14:01:13
 0 36        14132     22572392        15176     41563380    0    0 56365 97922 7040 8190   2   1  35  62   0 2018-11-01 14:01:16
 0 35        14132     22376480        15176     41802892    0    0 42317 125512 6642 12725   2   1  33  64   0 2018-11-01 14:01:19
 1 34        14132     21892760        15184     42253324    0    0 58453 73296 8044 8679   3   1  33  63   0 2018-11-01 14:01:22
 4 30        14132     21108660        15184     42981304    0    0 89521 124345 11452 12170   4   3  21  72   0 2018-11-01 14:01:25
 1 33        14132     20673344        15192     43384420    0    0 41319 74099 7492 7787   3   1  20  76   0 2018-11-01 14:01:28
 0 34        14132     20306356        15192     43729288    0    0 22833 154408 6157 12554   2   1  33  63   0 2018-11-01 14:01:31
 0 33        14132     20255600        15200     43956508    0    0 59749 65789 9890 12954   4   3  29  65   0 2018-11-01 14:01:34
 0 31        14132     19669668        15200     44455612    0    0 63755 66283 11545 15353   5   3  31  61   0 2018-11-01 14:01:37
 1 32        14132     19308888        15208     44783608    0    0 23984 141885 5885 14253   2   2  31  65   0 2018-11-01 14:01:40
 8 21        14132     18993212        15208     45072748    0    0 69171 56042 12997 29394   8   5  22  65   0 2018-11-01 14:01:43
 0 30        14132     18573292        15216     45431552    0    0 33421 129189 7577 24094   5   3  41  51   0 2018-11-01 14:01:46
 0 30        14132     18441844        15216     45689428    0    0  5521 146974 3169 4377   1   1  46  52   0 2018-11-01 14:01:49
16  3        14132     21245384        15224     42822268    0    0 51767 53395 16168 45745   8   5  40  47   0 2018-11-01 14:01:52
 0 32        14132     21286012        15256     42770120    0    0  6803 119643 7605 8118   2   1  43  54   0 2018-11-01 14:01:55
 0 30        14132     20860636        15836     43189036    0    0  2368 134099 2860 3691   1   1  55  43   0 2018-11-01 14:01:58
 0 32        14132     20498264        15836     43545616    0    0  2483 134752 2455 3972   1   1  53  45   0 2018-11-01 14:02:01
 0 32        14132     20295220        15844     43749240    0    0  1212 111752 2147 5183   1   0  65  34   0 2018-11-01 14:02:04
 1 28        14132     20812860        15844     43367024    0    0  4536 118376 4720 7454   1   1  51  46   0 2018-11-01 14:02:07
18  8        14132     20747140        15852     43436016    0    0  9859 99569 5849 9114   2   1  46  51   0 2018-11-01 14:02:10
 0 30        14132     21490160        15852     42630908    0    0 61189 127267 23395 54005   8   5  37  49   0 2018-11-01 14:02:13
 0 29        14132     21522128        15860     42533236    0    0 42827 87144 11135 37183   7   5  36  52   0 2018-11-01 14:02:16
 1 28        14132     21670408        15860     42428528    0    0 35255 137486 11158 25599   6   4  30  60   0 2018-11-01 14:02:19
 0 30        14132     21148748        16148     42875052    0    0 52981 107952 12989 44752   9   6  25  60   0 2018-11-01 14:02:22
 0 40        14132     20966928        16156     43188972    0    0  4823 159132 3801 7156   2   1  36  61   0 2018-11-01 14:02:25
 0 40        14132     20626576        16156     43526612    0    0  2449 110395 2412 3276   1   1  31  67   0 2018-11-01 14:02:28
 0 40        14132     20298144        16164     43850624    0    0  3297 95664 2563 3947   1   1  29  68   0 2018-11-01 14:02:31
 0 40        14132     19947940        16164     44193528    0    0  3315 105696 2394 3339   1   1  29  69   0 2018-11-01 14:02:34
 0 38        14132     19525320        16172     44601136    0    0  4505 122931 2712 3371   1   1  33  65   0 2018-11-01 14:02:37
 0 38        14132     19103144        16172     45009856    0    0  4237 126840 2768 3517   1   1  37  60   0 2018-11-01 14:02:40
 1 35        14132     18725488        16180     45375548    0    0  3564 115405 2772 3331   1   1  41  58   0 2018-11-01 14:02:43
 2 33        14132     18305532        16188     45779168    0    0  5645 122477 2935 3785   1   1  42  56   0 2018-11-01 14:02:46
 0 35        14132     17946948        16188     46129424    0    0  3817 105479 2290 3235   1   1  48  50   0 2018-11-01 14:02:49
 0 33        14132     17455548        16200     46538840    0    0 40061 101688 8535 23998   4   3  34  58   0 2018-11-01 14:02:52
 1 33        14132     17175452        16200     46799376    0    0 10372 101515 3905 7818   2   1  42  55   0 2018-11-01 14:02:55
 0 32        14132     16994084        16208     47071436    0    0 43492 78960 10865 28775   6   3  32  59   0 2018-11-01 14:02:58
 0 33        14132     16631396        16216     47379660    0    0 30905 111580 8651 20547   4   2  42  52   0 2018-11-01 14:03:01
10 22        14132     16621504        16224     47471332    0    0 10515 83947 3890 9711   2   1  45  52   0 2018-11-01 14:03:04
 0 33        14132     20263204        16224     43759196    0    0 44076 132146 11487 55439   9   6  27  58   0 2018-11-01 14:03:07
10 25        14132     19892684        16232     44115484    0    0  1819 148072 3071 7723   1   1  46  53   0 2018-11-01 14:03:10
 0 33        14132     19585292        18416     44404896    0    0  3931 88636 2743 3967   1   1  38  60   0 2018-11-01 14:03:13
 0 40        14132     19710856        18424     44343292    0    0  9569 144395 3342 3884   1   1  37  60   0 2018-11-01 14:03:16
 0 39        14132     19418068        18424     44629304    0    0  7628 85057 2840 3362   1   1  39  60   0 2018-11-01 14:03:19
 0 37        14132     18774356        18432     45256160    0    0 78555 103718 8373 8316   4   2  30  65   0 2018-11-01 14:03:22
 1 37        14132     18055632        18432     45936144    0    0 95293 101301 8228 9526   5   2  33  60   0 2018-11-01 14:03:25
 0 38        14132     17728740        18844     46239172    0    0 27817 132720 3719 9560   1   1  41  56   0 2018-11-01 14:03:28
 0 37        14132     17555216        18844     46527116    0    0 67496 86424 6078 6607   3   2  32  63   0 2018-11-01 14:03:31
 6 26        14132     16840124        18856     47205384    0    0 88672 100038 9546 10664   5   3  20  73   0 2018-11-01 14:03:34
 0 32        14132     16579668        18856     47419648    0    0 26247 97297 5247 11234   3   1  25  70   0 2018-11-01 14:03:37
24  6        14132     17208120        18864     46805304    0    0 46164 93761 11470 43541   8   5  27  60   0 2018-11-01 14:03:40
 0 30        14132     19002656        18864     44946712    0    0 12609 129543 6112 38706   5   3  43  48   0 2018-11-01 14:03:43
 0 41        14132     19145380        18872     44931908    0    0  3596 147889 5375 8058   2   2  41  56   0 2018-11-01 14:03:46
 0 41        14132     18616048        18872     45444700    0    0  3033 157525 2945 3737   2   1  27  70   0 2018-11-01 14:03:49
 0 38        14132     18160272        18880     45880728    0    0  3004 134592 2928 4105   2   1  34  63   0 2018-11-01 14:03:52
 0 40        14132     17661268        18880     46361488    0    0  3021 147468 2711 3642   2   1  33  64   0 2018-11-01 14:03:55
 1 40        14132     17202004        18888     46798808    0    0  3123 133490 2763 3917   2   1  32  66   0 2018-11-01 14:03:58
 2 39        14132     16715536        18892     47275036    0    0  2727 149162 2572 3523   2   1  26  71   0 2018-11-01 14:04:01
 0 40        14132     16395888        18900     47586080    0    0  2612 89682 2403 3739   1   1  34  64   0 2018-11-01 14:04:04
 0 40        14132     15889088        18900     48077724    0    0  2996 150483 2650 4179   2   1  26  71   0 2018-11-01 14:04:07
 9 29        14132     15476120        18908     48477064    0    0  3041 125917 2760 3718   2   1  32  66   0 2018-11-01 14:04:10
 0 32        14132     15194580        18908     48747860    0    0  2999 117674 2477 3493   1   1  38  60   0 2018-11-01 14:04:13
 0 31        14132     14554788        19060     48978832    0    0  4632 98814 4469 5876   2   1  47  50   0 2018-11-01 14:04:16
14 16        14132     14172380        19060     49305152    0    0 35508 99000 10862 52241  10   5  21  63   0 2018-11-01 14:04:19
 3 26        14132     14177884        19068     49420856    0    0 14919 138990 6117 26516   4   3  29  65   0 2018-11-01 14:04:22
 0 32        14132     18790560        19068     45140532    0    0 22393 111994 10425 42155   7  10  25  57   0 2018-11-01 14:04:25
 0 32        14132     18416512        19076     45506564    0    0  2108 151060 8755 6539   1   1  50  48   0 2018-11-01 14:04:28
 0 35        14132     18661884        19076     45395756    0    0  4503 110053 11556 4169   2   1  32  65   0 2018-11-01 14:04:31
 0 36        14132     18206980        19084     45835248    0    0  7379 128353 3682 3817   1   1  45  52   0 2018-11-01 14:04:34
 6 27        14132     17872228        19088     46164588    0    0 11617 85481 4978 4543   2   1  44  53   0 2018-11-01 14:04:37
 0 33        14132     17278520        19096     46690812    0    0 62509 103062 9340 17815   6   3  29  61   0 2018-11-01 14:04:40
 4 28        14132     17188428        19096     46866048    0    0 29879 116586 5363 9342   3   2  37  59   0 2018-11-01 14:04:43
 0  1        14132     18450192        19104     45522708    0    0 85969 138106 10125 10533   6   4  50  41   0 2018-11-01 14:04:46
 1  0        14132     19563292        19964     45516084    0    0  1364 24552 2381 6032   1   1  96   3   0 2018-11-01 14:04:49
 1  0        14132     19531876        20120     45520928    0    0  1397   187 2638 3813   3   1  95   0   0 2018-11-01 14:04:52
 1  0        14132     19547540        20148     45521016    0    0    19    88 2942 4382   3   1  95   0   0 2018-11-01 14:04:55
 1  1        14132     19569432        20708     45530096    0    0  3017   507 2048 3033   3   1  95   1   0 2018-11-01 14:04:58
 1  0        14132     19565120        20708     45530496    0    0     0     0 1553 2230   3   1  95   0   0 2018-11-01 14:05:01
 1  0        14132     19574216        20724     45530064    0    0    11    84 1691 2321   4   1  95   0   0 2018-11-01 14:05:04
 1  0        14132     19571256        20724     45530116    0    0     0     0 1769 2382   3   1  95   0   0 2018-11-01 14:05:07
 1  0        14132     19574560        20732     45530532    0    0     0    25 1831 2436   3   1  95   0   0 2018-11-01 14:05:10
 1  2        14132     19541596        23996     45533888    0    0  2471     5 2534 3215   4   1  93   2   0 2018-11-01 14:05:13
 1  0        14132     19546260        24408     45551120    0    0  5376    48 2233 3062   4   1  92   2   0 2018-11-01 14:05:16
 1  0        14132     19549820        24420     45551480    0    0     0    45 1717 2309   3   1  95   0   0 2018-11-01 14:05:19
 1  0        14132     19542724        24420     45551408    0    0     0     0 1609 2353   4   1  95   0   0 2018-11-01 14:05:22
